[2025-07-14T15:24:47.158+0000] {local_task_job_runner.py:123} INFO - ::group::Pre task execution logs
[2025-07-14T15:24:47.186+0000] {taskinstance.py:2613} INFO - Dependencies all met for dep_context=non-requeueable deps ti=<TaskInstance: mon_premier_dag.task_2 manual__2025-07-14T15:24:44.724764+00:00 [queued]>
[2025-07-14T15:24:47.200+0000] {taskinstance.py:2613} INFO - Dependencies all met for dep_context=requeueable deps ti=<TaskInstance: mon_premier_dag.task_2 manual__2025-07-14T15:24:44.724764+00:00 [queued]>
[2025-07-14T15:24:47.201+0000] {taskinstance.py:2866} INFO - Starting attempt 1 of 2
[2025-07-14T15:24:47.223+0000] {taskinstance.py:2889} INFO - Executing <Task(BashOperator): task_2> on 2025-07-14 15:24:44.724764+00:00
[2025-07-14T15:24:47.234+0000] {standard_task_runner.py:104} INFO - Running: ['***', 'tasks', 'run', 'mon_premier_dag', 'task_2', 'manual__2025-07-14T15:24:44.724764+00:00', '--job-id', '13', '--raw', '--subdir', 'DAGS_FOLDER/mon_premier_dag.py', '--cfg-path', '/tmp/tmpg80fp92b']
[2025-07-14T15:24:47.237+0000] {standard_task_runner.py:105} INFO - Job 13: Subtask task_2
[2025-07-14T15:24:47.239+0000] {logging_mixin.py:190} WARNING - /home/***/.local/lib/python3.12/site-packages/***/task/task_runner/standard_task_runner.py:70 DeprecationWarning: This process (pid=680) is multi-threaded, use of fork() may lead to deadlocks in the child.
[2025-07-14T15:24:47.240+0000] {standard_task_runner.py:72} INFO - Started process 681 to run task
[2025-07-14T15:24:47.300+0000] {task_command.py:467} INFO - Running <TaskInstance: mon_premier_dag.task_2 manual__2025-07-14T15:24:44.724764+00:00 [running]> on host 97ccc390339b
[2025-07-14T15:24:47.433+0000] {taskinstance.py:3132} INFO - Exporting env vars: AIRFLOW_CTX_DAG_OWNER='***' AIRFLOW_CTX_DAG_ID='mon_premier_dag' AIRFLOW_CTX_TASK_ID='task_2' AIRFLOW_CTX_EXECUTION_DATE='2025-07-14T15:24:44.724764+00:00' AIRFLOW_CTX_TRY_NUMBER='1' AIRFLOW_CTX_DAG_RUN_ID='manual__2025-07-14T15:24:44.724764+00:00'
[2025-07-14T15:24:47.435+0000] {taskinstance.py:731} INFO - ::endgroup::
[2025-07-14T15:24:47.458+0000] {subprocess.py:78} INFO - Tmp dir root location: /tmp
[2025-07-14T15:24:47.460+0000] {subprocess.py:88} INFO - Running command: ['/usr/bin/bash', '-c', 'echo "This is my first DAG!"']
[2025-07-14T15:24:47.475+0000] {subprocess.py:99} INFO - Output:
[2025-07-14T15:24:47.477+0000] {subprocess.py:106} INFO - This is my first DAG!
[2025-07-14T15:24:47.478+0000] {subprocess.py:110} INFO - Command exited with return code 0
[2025-07-14T15:24:47.530+0000] {taskinstance.py:340} INFO - ::group::Post task execution logs
[2025-07-14T15:24:47.531+0000] {taskinstance.py:352} INFO - Marking task as SUCCESS. dag_id=mon_premier_dag, task_id=task_2, run_id=manual__2025-07-14T15:24:44.724764+00:00, execution_date=20250714T152444, start_date=20250714T152447, end_date=20250714T152447
[2025-07-14T15:24:47.577+0000] {local_task_job_runner.py:266} INFO - Task exited with return code 0
[2025-07-14T15:24:47.599+0000] {taskinstance.py:3895} INFO - 0 downstream tasks scheduled from follow-on schedule check
[2025-07-14T15:24:47.619+0000] {local_task_job_runner.py:245} INFO - ::endgroup::
