[2025-07-14T15:17:55.013+0000] {local_task_job_runner.py:123} INFO - ::group::Pre task execution logs
[2025-07-14T15:17:55.038+0000] {taskinstance.py:2613} INFO - Dependencies all met for dep_context=non-requeueable deps ti=<TaskInstance: mon_premier_dag.task_1 manual__2025-07-14T15:17:53.542157+00:00 [queued]>
[2025-07-14T15:17:55.052+0000] {taskinstance.py:2613} INFO - Dependencies all met for dep_context=requeueable deps ti=<TaskInstance: mon_premier_dag.task_1 manual__2025-07-14T15:17:53.542157+00:00 [queued]>
[2025-07-14T15:17:55.080+0000] {taskinstance.py:2866} INFO - Starting attempt 1 of 2
[2025-07-14T15:17:55.105+0000] {taskinstance.py:2889} INFO - Executing <Task(BashOperator): task_1> on 2025-07-14 15:17:53.542157+00:00
[2025-07-14T15:17:55.117+0000] {standard_task_runner.py:104} INFO - Running: ['***', 'tasks', 'run', 'mon_premier_dag', 'task_1', 'manual__2025-07-14T15:17:53.542157+00:00', '--job-id', '9', '--raw', '--subdir', 'DAGS_FOLDER/mon_premier_dag.py', '--cfg-path', '/tmp/tmpasdb2bfj']
[2025-07-14T15:17:55.121+0000] {standard_task_runner.py:105} INFO - Job 9: Subtask task_1
[2025-07-14T15:17:55.122+0000] {logging_mixin.py:190} WARNING - /home/***/.local/lib/python3.12/site-packages/***/task/task_runner/standard_task_runner.py:70 DeprecationWarning: This process (pid=522) is multi-threaded, use of fork() may lead to deadlocks in the child.
[2025-07-14T15:17:55.123+0000] {standard_task_runner.py:72} INFO - Started process 523 to run task
[2025-07-14T15:17:55.185+0000] {task_command.py:467} INFO - Running <TaskInstance: mon_premier_dag.task_1 manual__2025-07-14T15:17:53.542157+00:00 [running]> on host 97ccc390339b
[2025-07-14T15:17:55.352+0000] {taskinstance.py:3132} INFO - Exporting env vars: AIRFLOW_CTX_DAG_OWNER='***' AIRFLOW_CTX_DAG_ID='mon_premier_dag' AIRFLOW_CTX_TASK_ID='task_1' AIRFLOW_CTX_EXECUTION_DATE='2025-07-14T15:17:53.542157+00:00' AIRFLOW_CTX_TRY_NUMBER='1' AIRFLOW_CTX_DAG_RUN_ID='manual__2025-07-14T15:17:53.542157+00:00'
[2025-07-14T15:17:55.354+0000] {taskinstance.py:731} INFO - ::endgroup::
[2025-07-14T15:17:55.378+0000] {subprocess.py:78} INFO - Tmp dir root location: /tmp
[2025-07-14T15:17:55.387+0000] {subprocess.py:88} INFO - Running command: ['/usr/bin/bash', '-c', 'echo "Hello, Airflow!"']
[2025-07-14T15:17:55.403+0000] {subprocess.py:99} INFO - Output:
[2025-07-14T15:17:55.406+0000] {subprocess.py:106} INFO - Hello, Airflow!
[2025-07-14T15:17:55.407+0000] {subprocess.py:110} INFO - Command exited with return code 0
[2025-07-14T15:17:55.466+0000] {taskinstance.py:340} INFO - ::group::Post task execution logs
[2025-07-14T15:17:55.467+0000] {taskinstance.py:352} INFO - Marking task as SUCCESS. dag_id=mon_premier_dag, task_id=task_1, run_id=manual__2025-07-14T15:17:53.542157+00:00, execution_date=20250714T151753, start_date=20250714T151755, end_date=20250714T151755
[2025-07-14T15:17:55.501+0000] {local_task_job_runner.py:266} INFO - Task exited with return code 0
[2025-07-14T15:17:55.530+0000] {taskinstance.py:3895} INFO - 1 downstream tasks scheduled from follow-on schedule check
[2025-07-14T15:17:55.559+0000] {local_task_job_runner.py:245} INFO - ::endgroup::
