[2025-07-14T14:48:02.422+0000] {processor.py:186} INFO - Started process (PID=507) to work on /home/airflow/.local/lib/python3.12/site-packages/airflow/example_dags/example_sla_dag.py
[2025-07-14T14:48:02.423+0000] {processor.py:914} INFO - Processing file /home/airflow/.local/lib/python3.12/site-packages/airflow/example_dags/example_sla_dag.py for tasks to queue
[2025-07-14T14:48:02.426+0000] {logging_mixin.py:190} INFO - [2025-07-14T14:48:02.426+0000] {dagbag.py:588} INFO - Filling up the DagBag from /home/airflow/.local/lib/python3.12/site-packages/airflow/example_dags/example_sla_dag.py
[2025-07-14T14:48:02.443+0000] {processor.py:925} INFO - DAG(s) 'example_sla_dag' retrieved from /home/airflow/.local/lib/python3.12/site-packages/airflow/example_dags/example_sla_dag.py
[2025-07-14T14:48:02.474+0000] {logging_mixin.py:190} INFO - [2025-07-14T14:48:02.473+0000] {dag.py:3239} INFO - Sync 1 DAGs
[2025-07-14T14:48:02.513+0000] {logging_mixin.py:190} INFO - [2025-07-14T14:48:02.512+0000] {dag.py:4180} INFO - Setting next_dagrun for example_sla_dag to 2025-07-14 14:46:00+00:00, run_after=2025-07-14 14:48:00+00:00
[2025-07-14T14:48:02.541+0000] {processor.py:208} INFO - Processing /home/airflow/.local/lib/python3.12/site-packages/airflow/example_dags/example_sla_dag.py took 0.127 seconds
[2025-07-14T14:48:36.379+0000] {processor.py:186} INFO - Started process (PID=576) to work on /home/airflow/.local/lib/python3.12/site-packages/airflow/example_dags/example_sla_dag.py
[2025-07-14T14:48:36.381+0000] {processor.py:914} INFO - Processing file /home/airflow/.local/lib/python3.12/site-packages/airflow/example_dags/example_sla_dag.py for tasks to queue
[2025-07-14T14:48:36.384+0000] {logging_mixin.py:190} INFO - [2025-07-14T14:48:36.383+0000] {dagbag.py:588} INFO - Filling up the DagBag from /home/airflow/.local/lib/python3.12/site-packages/airflow/example_dags/example_sla_dag.py
[2025-07-14T14:48:36.395+0000] {processor.py:925} INFO - DAG(s) 'example_sla_dag' retrieved from /home/airflow/.local/lib/python3.12/site-packages/airflow/example_dags/example_sla_dag.py
[2025-07-14T14:48:36.420+0000] {logging_mixin.py:190} INFO - [2025-07-14T14:48:36.419+0000] {dag.py:3239} INFO - Sync 1 DAGs
[2025-07-14T14:48:36.454+0000] {logging_mixin.py:190} INFO - [2025-07-14T14:48:36.454+0000] {dag.py:4180} INFO - Setting next_dagrun for example_sla_dag to 2025-07-14 14:46:00+00:00, run_after=2025-07-14 14:48:00+00:00
[2025-07-14T14:48:36.503+0000] {processor.py:208} INFO - Processing /home/airflow/.local/lib/python3.12/site-packages/airflow/example_dags/example_sla_dag.py took 0.131 seconds
[2025-07-14T14:49:09.407+0000] {processor.py:186} INFO - Started process (PID=641) to work on /home/airflow/.local/lib/python3.12/site-packages/airflow/example_dags/example_sla_dag.py
[2025-07-14T14:49:09.409+0000] {processor.py:914} INFO - Processing file /home/airflow/.local/lib/python3.12/site-packages/airflow/example_dags/example_sla_dag.py for tasks to queue
[2025-07-14T14:49:09.412+0000] {logging_mixin.py:190} INFO - [2025-07-14T14:49:09.411+0000] {dagbag.py:588} INFO - Filling up the DagBag from /home/airflow/.local/lib/python3.12/site-packages/airflow/example_dags/example_sla_dag.py
[2025-07-14T14:49:09.424+0000] {processor.py:925} INFO - DAG(s) 'example_sla_dag' retrieved from /home/airflow/.local/lib/python3.12/site-packages/airflow/example_dags/example_sla_dag.py
[2025-07-14T14:49:09.450+0000] {logging_mixin.py:190} INFO - [2025-07-14T14:49:09.450+0000] {dag.py:3239} INFO - Sync 1 DAGs
[2025-07-14T14:49:09.485+0000] {logging_mixin.py:190} INFO - [2025-07-14T14:49:09.484+0000] {dag.py:4180} INFO - Setting next_dagrun for example_sla_dag to 2025-07-14 14:46:00+00:00, run_after=2025-07-14 14:48:00+00:00
[2025-07-14T14:49:09.509+0000] {processor.py:208} INFO - Processing /home/airflow/.local/lib/python3.12/site-packages/airflow/example_dags/example_sla_dag.py took 0.109 seconds
[2025-07-14T14:49:41.272+0000] {processor.py:186} INFO - Started process (PID=704) to work on /home/airflow/.local/lib/python3.12/site-packages/airflow/example_dags/example_sla_dag.py
[2025-07-14T14:49:41.274+0000] {processor.py:914} INFO - Processing file /home/airflow/.local/lib/python3.12/site-packages/airflow/example_dags/example_sla_dag.py for tasks to queue
[2025-07-14T14:49:41.276+0000] {logging_mixin.py:190} INFO - [2025-07-14T14:49:41.276+0000] {dagbag.py:588} INFO - Filling up the DagBag from /home/airflow/.local/lib/python3.12/site-packages/airflow/example_dags/example_sla_dag.py
[2025-07-14T14:49:41.290+0000] {processor.py:925} INFO - DAG(s) 'example_sla_dag' retrieved from /home/airflow/.local/lib/python3.12/site-packages/airflow/example_dags/example_sla_dag.py
[2025-07-14T14:49:41.317+0000] {logging_mixin.py:190} INFO - [2025-07-14T14:49:41.316+0000] {dag.py:3239} INFO - Sync 1 DAGs
[2025-07-14T14:49:41.353+0000] {logging_mixin.py:190} INFO - [2025-07-14T14:49:41.353+0000] {dag.py:4180} INFO - Setting next_dagrun for example_sla_dag to 2025-07-14 14:46:00+00:00, run_after=2025-07-14 14:48:00+00:00
[2025-07-14T14:49:41.399+0000] {processor.py:208} INFO - Processing /home/airflow/.local/lib/python3.12/site-packages/airflow/example_dags/example_sla_dag.py took 0.136 seconds
[2025-07-14T14:50:14.868+0000] {processor.py:186} INFO - Started process (PID=767) to work on /home/airflow/.local/lib/python3.12/site-packages/airflow/example_dags/example_sla_dag.py
[2025-07-14T14:50:14.870+0000] {processor.py:914} INFO - Processing file /home/airflow/.local/lib/python3.12/site-packages/airflow/example_dags/example_sla_dag.py for tasks to queue
[2025-07-14T14:50:14.873+0000] {logging_mixin.py:190} INFO - [2025-07-14T14:50:14.873+0000] {dagbag.py:588} INFO - Filling up the DagBag from /home/airflow/.local/lib/python3.12/site-packages/airflow/example_dags/example_sla_dag.py
[2025-07-14T14:50:14.885+0000] {processor.py:925} INFO - DAG(s) 'example_sla_dag' retrieved from /home/airflow/.local/lib/python3.12/site-packages/airflow/example_dags/example_sla_dag.py
[2025-07-14T14:50:14.912+0000] {logging_mixin.py:190} INFO - [2025-07-14T14:50:14.912+0000] {dag.py:3239} INFO - Sync 1 DAGs
[2025-07-14T14:50:14.955+0000] {logging_mixin.py:190} INFO - [2025-07-14T14:50:14.954+0000] {dag.py:4180} INFO - Setting next_dagrun for example_sla_dag to 2025-07-14 14:48:00+00:00, run_after=2025-07-14 14:50:00+00:00
[2025-07-14T14:50:15.001+0000] {processor.py:208} INFO - Processing /home/airflow/.local/lib/python3.12/site-packages/airflow/example_dags/example_sla_dag.py took 0.139 seconds
[2025-07-14T14:50:47.067+0000] {processor.py:186} INFO - Started process (PID=830) to work on /home/airflow/.local/lib/python3.12/site-packages/airflow/example_dags/example_sla_dag.py
[2025-07-14T14:50:47.069+0000] {processor.py:914} INFO - Processing file /home/airflow/.local/lib/python3.12/site-packages/airflow/example_dags/example_sla_dag.py for tasks to queue
[2025-07-14T14:50:47.073+0000] {logging_mixin.py:190} INFO - [2025-07-14T14:50:47.072+0000] {dagbag.py:588} INFO - Filling up the DagBag from /home/airflow/.local/lib/python3.12/site-packages/airflow/example_dags/example_sla_dag.py
[2025-07-14T14:50:47.091+0000] {processor.py:925} INFO - DAG(s) 'example_sla_dag' retrieved from /home/airflow/.local/lib/python3.12/site-packages/airflow/example_dags/example_sla_dag.py
[2025-07-14T14:50:47.130+0000] {logging_mixin.py:190} INFO - [2025-07-14T14:50:47.130+0000] {dag.py:3239} INFO - Sync 1 DAGs
[2025-07-14T14:50:47.178+0000] {logging_mixin.py:190} INFO - [2025-07-14T14:50:47.177+0000] {dag.py:4180} INFO - Setting next_dagrun for example_sla_dag to 2025-07-14 14:48:00+00:00, run_after=2025-07-14 14:50:00+00:00
[2025-07-14T14:50:47.205+0000] {processor.py:208} INFO - Processing /home/airflow/.local/lib/python3.12/site-packages/airflow/example_dags/example_sla_dag.py took 0.147 seconds
[2025-07-14T14:51:20.101+0000] {processor.py:186} INFO - Started process (PID=893) to work on /home/airflow/.local/lib/python3.12/site-packages/airflow/example_dags/example_sla_dag.py
[2025-07-14T14:51:20.103+0000] {processor.py:914} INFO - Processing file /home/airflow/.local/lib/python3.12/site-packages/airflow/example_dags/example_sla_dag.py for tasks to queue
[2025-07-14T14:51:20.106+0000] {logging_mixin.py:190} INFO - [2025-07-14T14:51:20.105+0000] {dagbag.py:588} INFO - Filling up the DagBag from /home/airflow/.local/lib/python3.12/site-packages/airflow/example_dags/example_sla_dag.py
[2025-07-14T14:51:20.119+0000] {processor.py:925} INFO - DAG(s) 'example_sla_dag' retrieved from /home/airflow/.local/lib/python3.12/site-packages/airflow/example_dags/example_sla_dag.py
[2025-07-14T14:51:20.147+0000] {logging_mixin.py:190} INFO - [2025-07-14T14:51:20.147+0000] {dag.py:3239} INFO - Sync 1 DAGs
[2025-07-14T14:51:20.185+0000] {logging_mixin.py:190} INFO - [2025-07-14T14:51:20.184+0000] {dag.py:4180} INFO - Setting next_dagrun for example_sla_dag to 2025-07-14 14:48:00+00:00, run_after=2025-07-14 14:50:00+00:00
[2025-07-14T14:51:20.237+0000] {processor.py:208} INFO - Processing /home/airflow/.local/lib/python3.12/site-packages/airflow/example_dags/example_sla_dag.py took 0.143 seconds
