[2025-07-14T14:48:01.400+0000] {processor.py:186} INFO - Started process (PID=499) to work on /home/airflow/.local/lib/python3.12/site-packages/airflow/example_dags/example_latest_only.py
[2025-07-14T14:48:01.401+0000] {processor.py:914} INFO - Processing file /home/airflow/.local/lib/python3.12/site-packages/airflow/example_dags/example_latest_only.py for tasks to queue
[2025-07-14T14:48:01.404+0000] {logging_mixin.py:190} INFO - [2025-07-14T14:48:01.404+0000] {dagbag.py:588} INFO - Filling up the DagBag from /home/airflow/.local/lib/python3.12/site-packages/airflow/example_dags/example_latest_only.py
[2025-07-14T14:48:01.419+0000] {processor.py:925} INFO - DAG(s) 'latest_only' retrieved from /home/airflow/.local/lib/python3.12/site-packages/airflow/example_dags/example_latest_only.py
[2025-07-14T14:48:01.446+0000] {logging_mixin.py:190} INFO - [2025-07-14T14:48:01.445+0000] {dag.py:3239} INFO - Sync 1 DAGs
[2025-07-14T14:48:01.481+0000] {logging_mixin.py:190} INFO - [2025-07-14T14:48:01.481+0000] {dag.py:4180} INFO - Setting next_dagrun for latest_only to 2025-07-14 08:00:00+00:00, run_after=2025-07-14 12:00:00+00:00
[2025-07-14T14:48:01.534+0000] {processor.py:208} INFO - Processing /home/airflow/.local/lib/python3.12/site-packages/airflow/example_dags/example_latest_only.py took 0.141 seconds
[2025-07-14T14:48:35.466+0000] {processor.py:186} INFO - Started process (PID=568) to work on /home/airflow/.local/lib/python3.12/site-packages/airflow/example_dags/example_latest_only.py
[2025-07-14T14:48:35.468+0000] {processor.py:914} INFO - Processing file /home/airflow/.local/lib/python3.12/site-packages/airflow/example_dags/example_latest_only.py for tasks to queue
[2025-07-14T14:48:35.471+0000] {logging_mixin.py:190} INFO - [2025-07-14T14:48:35.471+0000] {dagbag.py:588} INFO - Filling up the DagBag from /home/airflow/.local/lib/python3.12/site-packages/airflow/example_dags/example_latest_only.py
[2025-07-14T14:48:35.480+0000] {processor.py:925} INFO - DAG(s) 'latest_only' retrieved from /home/airflow/.local/lib/python3.12/site-packages/airflow/example_dags/example_latest_only.py
[2025-07-14T14:48:35.508+0000] {logging_mixin.py:190} INFO - [2025-07-14T14:48:35.508+0000] {dag.py:3239} INFO - Sync 1 DAGs
[2025-07-14T14:48:35.542+0000] {logging_mixin.py:190} INFO - [2025-07-14T14:48:35.542+0000] {dag.py:4180} INFO - Setting next_dagrun for latest_only to 2025-07-14 08:00:00+00:00, run_after=2025-07-14 12:00:00+00:00
[2025-07-14T14:48:35.592+0000] {processor.py:208} INFO - Processing /home/airflow/.local/lib/python3.12/site-packages/airflow/example_dags/example_latest_only.py took 0.133 seconds
[2025-07-14T14:49:08.430+0000] {processor.py:186} INFO - Started process (PID=631) to work on /home/airflow/.local/lib/python3.12/site-packages/airflow/example_dags/example_latest_only.py
[2025-07-14T14:49:08.432+0000] {processor.py:914} INFO - Processing file /home/airflow/.local/lib/python3.12/site-packages/airflow/example_dags/example_latest_only.py for tasks to queue
[2025-07-14T14:49:08.434+0000] {logging_mixin.py:190} INFO - [2025-07-14T14:49:08.434+0000] {dagbag.py:588} INFO - Filling up the DagBag from /home/airflow/.local/lib/python3.12/site-packages/airflow/example_dags/example_latest_only.py
[2025-07-14T14:49:08.444+0000] {processor.py:925} INFO - DAG(s) 'latest_only' retrieved from /home/airflow/.local/lib/python3.12/site-packages/airflow/example_dags/example_latest_only.py
[2025-07-14T14:49:08.472+0000] {logging_mixin.py:190} INFO - [2025-07-14T14:49:08.472+0000] {dag.py:3239} INFO - Sync 1 DAGs
[2025-07-14T14:49:08.503+0000] {logging_mixin.py:190} INFO - [2025-07-14T14:49:08.503+0000] {dag.py:4180} INFO - Setting next_dagrun for latest_only to 2025-07-14 08:00:00+00:00, run_after=2025-07-14 12:00:00+00:00
[2025-07-14T14:49:08.528+0000] {processor.py:208} INFO - Processing /home/airflow/.local/lib/python3.12/site-packages/airflow/example_dags/example_latest_only.py took 0.105 seconds
[2025-07-14T14:49:40.482+0000] {processor.py:186} INFO - Started process (PID=696) to work on /home/airflow/.local/lib/python3.12/site-packages/airflow/example_dags/example_latest_only.py
[2025-07-14T14:49:40.483+0000] {processor.py:914} INFO - Processing file /home/airflow/.local/lib/python3.12/site-packages/airflow/example_dags/example_latest_only.py for tasks to queue
[2025-07-14T14:49:40.486+0000] {logging_mixin.py:190} INFO - [2025-07-14T14:49:40.485+0000] {dagbag.py:588} INFO - Filling up the DagBag from /home/airflow/.local/lib/python3.12/site-packages/airflow/example_dags/example_latest_only.py
[2025-07-14T14:49:40.495+0000] {processor.py:925} INFO - DAG(s) 'latest_only' retrieved from /home/airflow/.local/lib/python3.12/site-packages/airflow/example_dags/example_latest_only.py
[2025-07-14T14:49:40.521+0000] {logging_mixin.py:190} INFO - [2025-07-14T14:49:40.521+0000] {dag.py:3239} INFO - Sync 1 DAGs
[2025-07-14T14:49:40.552+0000] {logging_mixin.py:190} INFO - [2025-07-14T14:49:40.552+0000] {dag.py:4180} INFO - Setting next_dagrun for latest_only to 2025-07-14 08:00:00+00:00, run_after=2025-07-14 12:00:00+00:00
[2025-07-14T14:49:40.580+0000] {processor.py:208} INFO - Processing /home/airflow/.local/lib/python3.12/site-packages/airflow/example_dags/example_latest_only.py took 0.106 seconds
[2025-07-14T14:50:13.966+0000] {processor.py:186} INFO - Started process (PID=759) to work on /home/airflow/.local/lib/python3.12/site-packages/airflow/example_dags/example_latest_only.py
[2025-07-14T14:50:13.967+0000] {processor.py:914} INFO - Processing file /home/airflow/.local/lib/python3.12/site-packages/airflow/example_dags/example_latest_only.py for tasks to queue
[2025-07-14T14:50:13.971+0000] {logging_mixin.py:190} INFO - [2025-07-14T14:50:13.970+0000] {dagbag.py:588} INFO - Filling up the DagBag from /home/airflow/.local/lib/python3.12/site-packages/airflow/example_dags/example_latest_only.py
[2025-07-14T14:50:13.980+0000] {processor.py:925} INFO - DAG(s) 'latest_only' retrieved from /home/airflow/.local/lib/python3.12/site-packages/airflow/example_dags/example_latest_only.py
[2025-07-14T14:50:14.008+0000] {logging_mixin.py:190} INFO - [2025-07-14T14:50:14.008+0000] {dag.py:3239} INFO - Sync 1 DAGs
[2025-07-14T14:50:14.040+0000] {logging_mixin.py:190} INFO - [2025-07-14T14:50:14.040+0000] {dag.py:4180} INFO - Setting next_dagrun for latest_only to 2025-07-14 08:00:00+00:00, run_after=2025-07-14 12:00:00+00:00
[2025-07-14T14:50:14.087+0000] {processor.py:208} INFO - Processing /home/airflow/.local/lib/python3.12/site-packages/airflow/example_dags/example_latest_only.py took 0.129 seconds
[2025-07-14T14:50:46.042+0000] {processor.py:186} INFO - Started process (PID=821) to work on /home/airflow/.local/lib/python3.12/site-packages/airflow/example_dags/example_latest_only.py
[2025-07-14T14:50:46.049+0000] {processor.py:914} INFO - Processing file /home/airflow/.local/lib/python3.12/site-packages/airflow/example_dags/example_latest_only.py for tasks to queue
[2025-07-14T14:50:46.058+0000] {logging_mixin.py:190} INFO - [2025-07-14T14:50:46.057+0000] {dagbag.py:588} INFO - Filling up the DagBag from /home/airflow/.local/lib/python3.12/site-packages/airflow/example_dags/example_latest_only.py
[2025-07-14T14:50:46.077+0000] {processor.py:925} INFO - DAG(s) 'latest_only' retrieved from /home/airflow/.local/lib/python3.12/site-packages/airflow/example_dags/example_latest_only.py
[2025-07-14T14:50:46.110+0000] {logging_mixin.py:190} INFO - [2025-07-14T14:50:46.109+0000] {dag.py:3239} INFO - Sync 1 DAGs
[2025-07-14T14:50:46.147+0000] {logging_mixin.py:190} INFO - [2025-07-14T14:50:46.147+0000] {dag.py:4180} INFO - Setting next_dagrun for latest_only to 2025-07-14 08:00:00+00:00, run_after=2025-07-14 12:00:00+00:00
[2025-07-14T14:50:46.183+0000] {processor.py:208} INFO - Processing /home/airflow/.local/lib/python3.12/site-packages/airflow/example_dags/example_latest_only.py took 0.149 seconds
[2025-07-14T14:51:19.369+0000] {processor.py:186} INFO - Started process (PID=885) to work on /home/airflow/.local/lib/python3.12/site-packages/airflow/example_dags/example_latest_only.py
[2025-07-14T14:51:19.370+0000] {processor.py:914} INFO - Processing file /home/airflow/.local/lib/python3.12/site-packages/airflow/example_dags/example_latest_only.py for tasks to queue
[2025-07-14T14:51:19.374+0000] {logging_mixin.py:190} INFO - [2025-07-14T14:51:19.373+0000] {dagbag.py:588} INFO - Filling up the DagBag from /home/airflow/.local/lib/python3.12/site-packages/airflow/example_dags/example_latest_only.py
[2025-07-14T14:51:19.382+0000] {processor.py:925} INFO - DAG(s) 'latest_only' retrieved from /home/airflow/.local/lib/python3.12/site-packages/airflow/example_dags/example_latest_only.py
[2025-07-14T14:51:19.411+0000] {logging_mixin.py:190} INFO - [2025-07-14T14:51:19.410+0000] {dag.py:3239} INFO - Sync 1 DAGs
[2025-07-14T14:51:19.447+0000] {logging_mixin.py:190} INFO - [2025-07-14T14:51:19.446+0000] {dag.py:4180} INFO - Setting next_dagrun for latest_only to 2025-07-14 08:00:00+00:00, run_after=2025-07-14 12:00:00+00:00
[2025-07-14T14:51:19.492+0000] {processor.py:208} INFO - Processing /home/airflow/.local/lib/python3.12/site-packages/airflow/example_dags/example_latest_only.py took 0.131 seconds
