[2025-07-14T14:48:15.254+0000] {processor.py:186} INFO - Started process (PID=531) to work on /home/airflow/.local/lib/python3.12/site-packages/airflow/example_dags/example_subdag_operator.py
[2025-07-14T14:48:15.256+0000] {processor.py:914} INFO - Processing file /home/airflow/.local/lib/python3.12/site-packages/airflow/example_dags/example_subdag_operator.py for tasks to queue
[2025-07-14T14:48:15.259+0000] {logging_mixin.py:190} INFO - [2025-07-14T14:48:15.258+0000] {dagbag.py:588} INFO - Filling up the DagBag from /home/airflow/.local/lib/python3.12/site-packages/airflow/example_dags/example_subdag_operator.py
[2025-07-14T14:48:15.299+0000] {processor.py:925} INFO - DAG(s) 'example_subdag_operator.section-1', 'example_subdag_operator.section-2', 'example_subdag_operator' retrieved from /home/airflow/.local/lib/python3.12/site-packages/airflow/example_dags/example_subdag_operator.py
[2025-07-14T14:48:15.320+0000] {logging_mixin.py:190} INFO - [2025-07-14T14:48:15.319+0000] {dag.py:3239} INFO - Sync 3 DAGs
[2025-07-14T14:48:15.351+0000] {logging_mixin.py:190} INFO - [2025-07-14T14:48:15.351+0000] {dag.py:4180} INFO - Setting next_dagrun for example_subdag_operator to 2022-01-01 00:00:00+00:00, run_after=2022-01-01 00:00:00+00:00
[2025-07-14T14:48:15.358+0000] {logging_mixin.py:190} INFO - [2025-07-14T14:48:15.358+0000] {dag.py:4180} INFO - Setting next_dagrun for example_subdag_operator.section-1 to None, run_after=None
[2025-07-14T14:48:15.361+0000] {logging_mixin.py:190} INFO - [2025-07-14T14:48:15.361+0000] {dag.py:4180} INFO - Setting next_dagrun for example_subdag_operator.section-2 to None, run_after=None
[2025-07-14T14:48:15.371+0000] {logging_mixin.py:190} INFO - [2025-07-14T14:48:15.370+0000] {dag.py:3239} INFO - Sync 2 DAGs
[2025-07-14T14:48:15.380+0000] {logging_mixin.py:190} INFO - [2025-07-14T14:48:15.380+0000] {dag.py:4180} INFO - Setting next_dagrun for example_subdag_operator.section-1 to None, run_after=None
[2025-07-14T14:48:15.381+0000] {logging_mixin.py:190} INFO - [2025-07-14T14:48:15.381+0000] {dag.py:4180} INFO - Setting next_dagrun for example_subdag_operator.section-2 to None, run_after=None
[2025-07-14T14:48:15.424+0000] {processor.py:208} INFO - Processing /home/airflow/.local/lib/python3.12/site-packages/airflow/example_dags/example_subdag_operator.py took 0.176 seconds
[2025-07-14T14:48:46.528+0000] {processor.py:186} INFO - Started process (PID=594) to work on /home/airflow/.local/lib/python3.12/site-packages/airflow/example_dags/example_subdag_operator.py
[2025-07-14T14:48:46.529+0000] {processor.py:914} INFO - Processing file /home/airflow/.local/lib/python3.12/site-packages/airflow/example_dags/example_subdag_operator.py for tasks to queue
[2025-07-14T14:48:46.532+0000] {logging_mixin.py:190} INFO - [2025-07-14T14:48:46.531+0000] {dagbag.py:588} INFO - Filling up the DagBag from /home/airflow/.local/lib/python3.12/site-packages/airflow/example_dags/example_subdag_operator.py
[2025-07-14T14:48:46.567+0000] {processor.py:925} INFO - DAG(s) 'example_subdag_operator.section-1', 'example_subdag_operator.section-2', 'example_subdag_operator' retrieved from /home/airflow/.local/lib/python3.12/site-packages/airflow/example_dags/example_subdag_operator.py
[2025-07-14T14:48:46.592+0000] {logging_mixin.py:190} INFO - [2025-07-14T14:48:46.592+0000] {dag.py:3239} INFO - Sync 3 DAGs
[2025-07-14T14:48:46.631+0000] {logging_mixin.py:190} INFO - [2025-07-14T14:48:46.630+0000] {dag.py:4180} INFO - Setting next_dagrun for example_subdag_operator to 2022-01-01 00:00:00+00:00, run_after=2022-01-01 00:00:00+00:00
[2025-07-14T14:48:46.636+0000] {logging_mixin.py:190} INFO - [2025-07-14T14:48:46.635+0000] {dag.py:4180} INFO - Setting next_dagrun for example_subdag_operator.section-1 to None, run_after=None
[2025-07-14T14:48:46.637+0000] {logging_mixin.py:190} INFO - [2025-07-14T14:48:46.637+0000] {dag.py:4180} INFO - Setting next_dagrun for example_subdag_operator.section-2 to None, run_after=None
[2025-07-14T14:48:46.649+0000] {logging_mixin.py:190} INFO - [2025-07-14T14:48:46.648+0000] {dag.py:3239} INFO - Sync 2 DAGs
[2025-07-14T14:48:46.658+0000] {logging_mixin.py:190} INFO - [2025-07-14T14:48:46.658+0000] {dag.py:4180} INFO - Setting next_dagrun for example_subdag_operator.section-1 to None, run_after=None
[2025-07-14T14:48:46.659+0000] {logging_mixin.py:190} INFO - [2025-07-14T14:48:46.659+0000] {dag.py:4180} INFO - Setting next_dagrun for example_subdag_operator.section-2 to None, run_after=None
[2025-07-14T14:48:46.689+0000] {processor.py:208} INFO - Processing /home/airflow/.local/lib/python3.12/site-packages/airflow/example_dags/example_subdag_operator.py took 0.170 seconds
[2025-07-14T14:49:18.631+0000] {processor.py:186} INFO - Started process (PID=657) to work on /home/airflow/.local/lib/python3.12/site-packages/airflow/example_dags/example_subdag_operator.py
[2025-07-14T14:49:18.633+0000] {processor.py:914} INFO - Processing file /home/airflow/.local/lib/python3.12/site-packages/airflow/example_dags/example_subdag_operator.py for tasks to queue
[2025-07-14T14:49:18.636+0000] {logging_mixin.py:190} INFO - [2025-07-14T14:49:18.635+0000] {dagbag.py:588} INFO - Filling up the DagBag from /home/airflow/.local/lib/python3.12/site-packages/airflow/example_dags/example_subdag_operator.py
[2025-07-14T14:49:18.669+0000] {processor.py:925} INFO - DAG(s) 'example_subdag_operator.section-1', 'example_subdag_operator.section-2', 'example_subdag_operator' retrieved from /home/airflow/.local/lib/python3.12/site-packages/airflow/example_dags/example_subdag_operator.py
[2025-07-14T14:49:18.692+0000] {logging_mixin.py:190} INFO - [2025-07-14T14:49:18.691+0000] {dag.py:3239} INFO - Sync 3 DAGs
[2025-07-14T14:49:18.735+0000] {logging_mixin.py:190} INFO - [2025-07-14T14:49:18.734+0000] {dag.py:4180} INFO - Setting next_dagrun for example_subdag_operator to 2022-01-01 00:00:00+00:00, run_after=2022-01-01 00:00:00+00:00
[2025-07-14T14:49:18.741+0000] {logging_mixin.py:190} INFO - [2025-07-14T14:49:18.741+0000] {dag.py:4180} INFO - Setting next_dagrun for example_subdag_operator.section-1 to None, run_after=None
[2025-07-14T14:49:18.744+0000] {logging_mixin.py:190} INFO - [2025-07-14T14:49:18.743+0000] {dag.py:4180} INFO - Setting next_dagrun for example_subdag_operator.section-2 to None, run_after=None
[2025-07-14T14:49:18.754+0000] {logging_mixin.py:190} INFO - [2025-07-14T14:49:18.753+0000] {dag.py:3239} INFO - Sync 2 DAGs
[2025-07-14T14:49:18.762+0000] {logging_mixin.py:190} INFO - [2025-07-14T14:49:18.761+0000] {dag.py:4180} INFO - Setting next_dagrun for example_subdag_operator.section-1 to None, run_after=None
[2025-07-14T14:49:18.763+0000] {logging_mixin.py:190} INFO - [2025-07-14T14:49:18.762+0000] {dag.py:4180} INFO - Setting next_dagrun for example_subdag_operator.section-2 to None, run_after=None
[2025-07-14T14:49:18.798+0000] {processor.py:208} INFO - Processing /home/airflow/.local/lib/python3.12/site-packages/airflow/example_dags/example_subdag_operator.py took 0.174 seconds
[2025-07-14T14:49:50.473+0000] {processor.py:186} INFO - Started process (PID=720) to work on /home/airflow/.local/lib/python3.12/site-packages/airflow/example_dags/example_subdag_operator.py
[2025-07-14T14:49:50.474+0000] {processor.py:914} INFO - Processing file /home/airflow/.local/lib/python3.12/site-packages/airflow/example_dags/example_subdag_operator.py for tasks to queue
[2025-07-14T14:49:50.478+0000] {logging_mixin.py:190} INFO - [2025-07-14T14:49:50.477+0000] {dagbag.py:588} INFO - Filling up the DagBag from /home/airflow/.local/lib/python3.12/site-packages/airflow/example_dags/example_subdag_operator.py
[2025-07-14T14:49:50.512+0000] {processor.py:925} INFO - DAG(s) 'example_subdag_operator.section-1', 'example_subdag_operator.section-2', 'example_subdag_operator' retrieved from /home/airflow/.local/lib/python3.12/site-packages/airflow/example_dags/example_subdag_operator.py
[2025-07-14T14:49:50.542+0000] {logging_mixin.py:190} INFO - [2025-07-14T14:49:50.542+0000] {dag.py:3239} INFO - Sync 3 DAGs
[2025-07-14T14:49:50.580+0000] {logging_mixin.py:190} INFO - [2025-07-14T14:49:50.580+0000] {dag.py:4180} INFO - Setting next_dagrun for example_subdag_operator to 2022-01-01 00:00:00+00:00, run_after=2022-01-01 00:00:00+00:00
[2025-07-14T14:49:50.586+0000] {logging_mixin.py:190} INFO - [2025-07-14T14:49:50.585+0000] {dag.py:4180} INFO - Setting next_dagrun for example_subdag_operator.section-1 to None, run_after=None
[2025-07-14T14:49:50.591+0000] {logging_mixin.py:190} INFO - [2025-07-14T14:49:50.591+0000] {dag.py:4180} INFO - Setting next_dagrun for example_subdag_operator.section-2 to None, run_after=None
[2025-07-14T14:49:50.601+0000] {logging_mixin.py:190} INFO - [2025-07-14T14:49:50.601+0000] {dag.py:3239} INFO - Sync 2 DAGs
[2025-07-14T14:49:50.610+0000] {logging_mixin.py:190} INFO - [2025-07-14T14:49:50.610+0000] {dag.py:4180} INFO - Setting next_dagrun for example_subdag_operator.section-1 to None, run_after=None
[2025-07-14T14:49:50.611+0000] {logging_mixin.py:190} INFO - [2025-07-14T14:49:50.611+0000] {dag.py:4180} INFO - Setting next_dagrun for example_subdag_operator.section-2 to None, run_after=None
[2025-07-14T14:49:50.628+0000] {processor.py:208} INFO - Processing /home/airflow/.local/lib/python3.12/site-packages/airflow/example_dags/example_subdag_operator.py took 0.163 seconds
[2025-07-14T14:50:21.685+0000] {processor.py:186} INFO - Started process (PID=777) to work on /home/airflow/.local/lib/python3.12/site-packages/airflow/example_dags/example_subdag_operator.py
[2025-07-14T14:50:21.687+0000] {processor.py:914} INFO - Processing file /home/airflow/.local/lib/python3.12/site-packages/airflow/example_dags/example_subdag_operator.py for tasks to queue
[2025-07-14T14:50:21.691+0000] {logging_mixin.py:190} INFO - [2025-07-14T14:50:21.690+0000] {dagbag.py:588} INFO - Filling up the DagBag from /home/airflow/.local/lib/python3.12/site-packages/airflow/example_dags/example_subdag_operator.py
[2025-07-14T14:50:21.727+0000] {processor.py:925} INFO - DAG(s) 'example_subdag_operator.section-1', 'example_subdag_operator.section-2', 'example_subdag_operator' retrieved from /home/airflow/.local/lib/python3.12/site-packages/airflow/example_dags/example_subdag_operator.py
[2025-07-14T14:50:21.749+0000] {logging_mixin.py:190} INFO - [2025-07-14T14:50:21.749+0000] {dag.py:3239} INFO - Sync 3 DAGs
[2025-07-14T14:50:21.783+0000] {logging_mixin.py:190} INFO - [2025-07-14T14:50:21.782+0000] {dag.py:4180} INFO - Setting next_dagrun for example_subdag_operator to 2022-01-01 00:00:00+00:00, run_after=2022-01-01 00:00:00+00:00
[2025-07-14T14:50:21.789+0000] {logging_mixin.py:190} INFO - [2025-07-14T14:50:21.788+0000] {dag.py:4180} INFO - Setting next_dagrun for example_subdag_operator.section-1 to None, run_after=None
[2025-07-14T14:50:21.791+0000] {logging_mixin.py:190} INFO - [2025-07-14T14:50:21.791+0000] {dag.py:4180} INFO - Setting next_dagrun for example_subdag_operator.section-2 to None, run_after=None
[2025-07-14T14:50:21.801+0000] {logging_mixin.py:190} INFO - [2025-07-14T14:50:21.801+0000] {dag.py:3239} INFO - Sync 2 DAGs
[2025-07-14T14:50:21.809+0000] {logging_mixin.py:190} INFO - [2025-07-14T14:50:21.809+0000] {dag.py:4180} INFO - Setting next_dagrun for example_subdag_operator.section-1 to None, run_after=None
[2025-07-14T14:50:21.810+0000] {logging_mixin.py:190} INFO - [2025-07-14T14:50:21.810+0000] {dag.py:4180} INFO - Setting next_dagrun for example_subdag_operator.section-2 to None, run_after=None
[2025-07-14T14:50:21.853+0000] {processor.py:208} INFO - Processing /home/airflow/.local/lib/python3.12/site-packages/airflow/example_dags/example_subdag_operator.py took 0.175 seconds
[2025-07-14T14:50:52.976+0000] {processor.py:186} INFO - Started process (PID=840) to work on /home/airflow/.local/lib/python3.12/site-packages/airflow/example_dags/example_subdag_operator.py
[2025-07-14T14:50:52.977+0000] {processor.py:914} INFO - Processing file /home/airflow/.local/lib/python3.12/site-packages/airflow/example_dags/example_subdag_operator.py for tasks to queue
[2025-07-14T14:50:52.980+0000] {logging_mixin.py:190} INFO - [2025-07-14T14:50:52.980+0000] {dagbag.py:588} INFO - Filling up the DagBag from /home/airflow/.local/lib/python3.12/site-packages/airflow/example_dags/example_subdag_operator.py
[2025-07-14T14:50:53.020+0000] {processor.py:925} INFO - DAG(s) 'example_subdag_operator.section-1', 'example_subdag_operator.section-2', 'example_subdag_operator' retrieved from /home/airflow/.local/lib/python3.12/site-packages/airflow/example_dags/example_subdag_operator.py
[2025-07-14T14:50:53.043+0000] {logging_mixin.py:190} INFO - [2025-07-14T14:50:53.042+0000] {dag.py:3239} INFO - Sync 3 DAGs
[2025-07-14T14:50:53.082+0000] {logging_mixin.py:190} INFO - [2025-07-14T14:50:53.082+0000] {dag.py:4180} INFO - Setting next_dagrun for example_subdag_operator to 2022-01-01 00:00:00+00:00, run_after=2022-01-01 00:00:00+00:00
[2025-07-14T14:50:53.089+0000] {logging_mixin.py:190} INFO - [2025-07-14T14:50:53.089+0000] {dag.py:4180} INFO - Setting next_dagrun for example_subdag_operator.section-1 to None, run_after=None
[2025-07-14T14:50:53.093+0000] {logging_mixin.py:190} INFO - [2025-07-14T14:50:53.092+0000] {dag.py:4180} INFO - Setting next_dagrun for example_subdag_operator.section-2 to None, run_after=None
[2025-07-14T14:50:53.103+0000] {logging_mixin.py:190} INFO - [2025-07-14T14:50:53.102+0000] {dag.py:3239} INFO - Sync 2 DAGs
[2025-07-14T14:50:53.111+0000] {logging_mixin.py:190} INFO - [2025-07-14T14:50:53.110+0000] {dag.py:4180} INFO - Setting next_dagrun for example_subdag_operator.section-1 to None, run_after=None
[2025-07-14T14:50:53.112+0000] {logging_mixin.py:190} INFO - [2025-07-14T14:50:53.111+0000] {dag.py:4180} INFO - Setting next_dagrun for example_subdag_operator.section-2 to None, run_after=None
[2025-07-14T14:50:53.156+0000] {processor.py:208} INFO - Processing /home/airflow/.local/lib/python3.12/site-packages/airflow/example_dags/example_subdag_operator.py took 0.188 seconds
[2025-07-14T14:51:24.725+0000] {processor.py:186} INFO - Started process (PID=903) to work on /home/airflow/.local/lib/python3.12/site-packages/airflow/example_dags/example_subdag_operator.py
[2025-07-14T14:51:24.727+0000] {processor.py:914} INFO - Processing file /home/airflow/.local/lib/python3.12/site-packages/airflow/example_dags/example_subdag_operator.py for tasks to queue
[2025-07-14T14:51:24.730+0000] {logging_mixin.py:190} INFO - [2025-07-14T14:51:24.729+0000] {dagbag.py:588} INFO - Filling up the DagBag from /home/airflow/.local/lib/python3.12/site-packages/airflow/example_dags/example_subdag_operator.py
[2025-07-14T14:51:24.763+0000] {processor.py:925} INFO - DAG(s) 'example_subdag_operator.section-1', 'example_subdag_operator.section-2', 'example_subdag_operator' retrieved from /home/airflow/.local/lib/python3.12/site-packages/airflow/example_dags/example_subdag_operator.py
[2025-07-14T14:51:24.786+0000] {logging_mixin.py:190} INFO - [2025-07-14T14:51:24.786+0000] {dag.py:3239} INFO - Sync 3 DAGs
[2025-07-14T14:51:24.819+0000] {logging_mixin.py:190} INFO - [2025-07-14T14:51:24.819+0000] {dag.py:4180} INFO - Setting next_dagrun for example_subdag_operator to 2022-01-01 00:00:00+00:00, run_after=2022-01-01 00:00:00+00:00
[2025-07-14T14:51:24.824+0000] {logging_mixin.py:190} INFO - [2025-07-14T14:51:24.824+0000] {dag.py:4180} INFO - Setting next_dagrun for example_subdag_operator.section-1 to None, run_after=None
[2025-07-14T14:51:24.826+0000] {logging_mixin.py:190} INFO - [2025-07-14T14:51:24.826+0000] {dag.py:4180} INFO - Setting next_dagrun for example_subdag_operator.section-2 to None, run_after=None
[2025-07-14T14:51:24.835+0000] {logging_mixin.py:190} INFO - [2025-07-14T14:51:24.835+0000] {dag.py:3239} INFO - Sync 2 DAGs
[2025-07-14T14:51:24.843+0000] {logging_mixin.py:190} INFO - [2025-07-14T14:51:24.843+0000] {dag.py:4180} INFO - Setting next_dagrun for example_subdag_operator.section-1 to None, run_after=None
[2025-07-14T14:51:24.844+0000] {logging_mixin.py:190} INFO - [2025-07-14T14:51:24.843+0000] {dag.py:4180} INFO - Setting next_dagrun for example_subdag_operator.section-2 to None, run_after=None
[2025-07-14T14:51:24.858+0000] {processor.py:208} INFO - Processing /home/airflow/.local/lib/python3.12/site-packages/airflow/example_dags/example_subdag_operator.py took 0.140 seconds
