[2025-07-14T14:48:16.220+0000] {processor.py:186} INFO - Started process (PID=537) to work on /home/airflow/.local/lib/python3.12/site-packages/airflow/example_dags/example_branch_python_dop_operator_3.py
[2025-07-14T14:48:16.221+0000] {processor.py:914} INFO - Processing file /home/airflow/.local/lib/python3.12/site-packages/airflow/example_dags/example_branch_python_dop_operator_3.py for tasks to queue
[2025-07-14T14:48:16.226+0000] {logging_mixin.py:190} INFO - [2025-07-14T14:48:16.225+0000] {dagbag.py:588} INFO - Filling up the DagBag from /home/airflow/.local/lib/python3.12/site-packages/airflow/example_dags/example_branch_python_dop_operator_3.py
[2025-07-14T14:48:16.243+0000] {processor.py:925} INFO - DAG(s) 'example_branch_dop_operator_v3' retrieved from /home/airflow/.local/lib/python3.12/site-packages/airflow/example_dags/example_branch_python_dop_operator_3.py
[2025-07-14T14:48:16.274+0000] {logging_mixin.py:190} INFO - [2025-07-14T14:48:16.274+0000] {dag.py:3239} INFO - Sync 1 DAGs
[2025-07-14T14:48:16.318+0000] {logging_mixin.py:190} INFO - [2025-07-14T14:48:16.318+0000] {dag.py:4180} INFO - Setting next_dagrun for example_branch_dop_operator_v3 to 2025-07-14 14:47:00+00:00, run_after=2025-07-14 14:48:00+00:00
[2025-07-14T14:48:16.376+0000] {processor.py:208} INFO - Processing /home/airflow/.local/lib/python3.12/site-packages/airflow/example_dags/example_branch_python_dop_operator_3.py took 0.167 seconds
[2025-07-14T14:48:47.100+0000] {processor.py:186} INFO - Started process (PID=599) to work on /home/airflow/.local/lib/python3.12/site-packages/airflow/example_dags/example_branch_python_dop_operator_3.py
[2025-07-14T14:48:47.101+0000] {processor.py:914} INFO - Processing file /home/airflow/.local/lib/python3.12/site-packages/airflow/example_dags/example_branch_python_dop_operator_3.py for tasks to queue
[2025-07-14T14:48:47.105+0000] {logging_mixin.py:190} INFO - [2025-07-14T14:48:47.104+0000] {dagbag.py:588} INFO - Filling up the DagBag from /home/airflow/.local/lib/python3.12/site-packages/airflow/example_dags/example_branch_python_dop_operator_3.py
[2025-07-14T14:48:47.119+0000] {processor.py:925} INFO - DAG(s) 'example_branch_dop_operator_v3' retrieved from /home/airflow/.local/lib/python3.12/site-packages/airflow/example_dags/example_branch_python_dop_operator_3.py
[2025-07-14T14:48:47.149+0000] {logging_mixin.py:190} INFO - [2025-07-14T14:48:47.149+0000] {dag.py:3239} INFO - Sync 1 DAGs
[2025-07-14T14:48:47.185+0000] {logging_mixin.py:190} INFO - [2025-07-14T14:48:47.184+0000] {dag.py:4180} INFO - Setting next_dagrun for example_branch_dop_operator_v3 to 2025-07-14 14:47:00+00:00, run_after=2025-07-14 14:48:00+00:00
[2025-07-14T14:48:47.241+0000] {processor.py:208} INFO - Processing /home/airflow/.local/lib/python3.12/site-packages/airflow/example_dags/example_branch_python_dop_operator_3.py took 0.150 seconds
[2025-07-14T14:49:19.670+0000] {processor.py:186} INFO - Started process (PID=663) to work on /home/airflow/.local/lib/python3.12/site-packages/airflow/example_dags/example_branch_python_dop_operator_3.py
[2025-07-14T14:49:19.671+0000] {processor.py:914} INFO - Processing file /home/airflow/.local/lib/python3.12/site-packages/airflow/example_dags/example_branch_python_dop_operator_3.py for tasks to queue
[2025-07-14T14:49:19.674+0000] {logging_mixin.py:190} INFO - [2025-07-14T14:49:19.674+0000] {dagbag.py:588} INFO - Filling up the DagBag from /home/airflow/.local/lib/python3.12/site-packages/airflow/example_dags/example_branch_python_dop_operator_3.py
[2025-07-14T14:49:19.687+0000] {processor.py:925} INFO - DAG(s) 'example_branch_dop_operator_v3' retrieved from /home/airflow/.local/lib/python3.12/site-packages/airflow/example_dags/example_branch_python_dop_operator_3.py
[2025-07-14T14:49:19.795+0000] {logging_mixin.py:190} INFO - [2025-07-14T14:49:19.795+0000] {dag.py:3239} INFO - Sync 1 DAGs
[2025-07-14T14:49:19.909+0000] {logging_mixin.py:190} INFO - [2025-07-14T14:49:19.908+0000] {dag.py:4180} INFO - Setting next_dagrun for example_branch_dop_operator_v3 to 2025-07-14 14:48:00+00:00, run_after=2025-07-14 14:49:00+00:00
[2025-07-14T14:49:19.965+0000] {processor.py:208} INFO - Processing /home/airflow/.local/lib/python3.12/site-packages/airflow/example_dags/example_branch_python_dop_operator_3.py took 0.302 seconds
[2025-07-14T14:49:51.084+0000] {processor.py:186} INFO - Started process (PID=725) to work on /home/airflow/.local/lib/python3.12/site-packages/airflow/example_dags/example_branch_python_dop_operator_3.py
[2025-07-14T14:49:51.086+0000] {processor.py:914} INFO - Processing file /home/airflow/.local/lib/python3.12/site-packages/airflow/example_dags/example_branch_python_dop_operator_3.py for tasks to queue
[2025-07-14T14:49:51.090+0000] {logging_mixin.py:190} INFO - [2025-07-14T14:49:51.090+0000] {dagbag.py:588} INFO - Filling up the DagBag from /home/airflow/.local/lib/python3.12/site-packages/airflow/example_dags/example_branch_python_dop_operator_3.py
[2025-07-14T14:49:51.107+0000] {processor.py:925} INFO - DAG(s) 'example_branch_dop_operator_v3' retrieved from /home/airflow/.local/lib/python3.12/site-packages/airflow/example_dags/example_branch_python_dop_operator_3.py
[2025-07-14T14:49:51.135+0000] {logging_mixin.py:190} INFO - [2025-07-14T14:49:51.135+0000] {dag.py:3239} INFO - Sync 1 DAGs
[2025-07-14T14:49:51.178+0000] {logging_mixin.py:190} INFO - [2025-07-14T14:49:51.178+0000] {dag.py:4180} INFO - Setting next_dagrun for example_branch_dop_operator_v3 to 2025-07-14 14:48:00+00:00, run_after=2025-07-14 14:49:00+00:00
[2025-07-14T14:49:51.211+0000] {processor.py:208} INFO - Processing /home/airflow/.local/lib/python3.12/site-packages/airflow/example_dags/example_branch_python_dop_operator_3.py took 0.135 seconds
[2025-07-14T14:50:22.470+0000] {processor.py:186} INFO - Started process (PID=782) to work on /home/airflow/.local/lib/python3.12/site-packages/airflow/example_dags/example_branch_python_dop_operator_3.py
[2025-07-14T14:50:22.498+0000] {processor.py:914} INFO - Processing file /home/airflow/.local/lib/python3.12/site-packages/airflow/example_dags/example_branch_python_dop_operator_3.py for tasks to queue
[2025-07-14T14:50:22.502+0000] {logging_mixin.py:190} INFO - [2025-07-14T14:50:22.501+0000] {dagbag.py:588} INFO - Filling up the DagBag from /home/airflow/.local/lib/python3.12/site-packages/airflow/example_dags/example_branch_python_dop_operator_3.py
[2025-07-14T14:50:22.514+0000] {processor.py:925} INFO - DAG(s) 'example_branch_dop_operator_v3' retrieved from /home/airflow/.local/lib/python3.12/site-packages/airflow/example_dags/example_branch_python_dop_operator_3.py
[2025-07-14T14:50:22.543+0000] {logging_mixin.py:190} INFO - [2025-07-14T14:50:22.542+0000] {dag.py:3239} INFO - Sync 1 DAGs
[2025-07-14T14:50:22.582+0000] {logging_mixin.py:190} INFO - [2025-07-14T14:50:22.581+0000] {dag.py:4180} INFO - Setting next_dagrun for example_branch_dop_operator_v3 to 2025-07-14 14:49:00+00:00, run_after=2025-07-14 14:50:00+00:00
[2025-07-14T14:50:22.639+0000] {processor.py:208} INFO - Processing /home/airflow/.local/lib/python3.12/site-packages/airflow/example_dags/example_branch_python_dop_operator_3.py took 0.176 seconds
[2025-07-14T14:50:53.671+0000] {processor.py:186} INFO - Started process (PID=845) to work on /home/airflow/.local/lib/python3.12/site-packages/airflow/example_dags/example_branch_python_dop_operator_3.py
[2025-07-14T14:50:53.673+0000] {processor.py:914} INFO - Processing file /home/airflow/.local/lib/python3.12/site-packages/airflow/example_dags/example_branch_python_dop_operator_3.py for tasks to queue
[2025-07-14T14:50:53.675+0000] {logging_mixin.py:190} INFO - [2025-07-14T14:50:53.675+0000] {dagbag.py:588} INFO - Filling up the DagBag from /home/airflow/.local/lib/python3.12/site-packages/airflow/example_dags/example_branch_python_dop_operator_3.py
[2025-07-14T14:50:53.690+0000] {processor.py:925} INFO - DAG(s) 'example_branch_dop_operator_v3' retrieved from /home/airflow/.local/lib/python3.12/site-packages/airflow/example_dags/example_branch_python_dop_operator_3.py
[2025-07-14T14:50:53.720+0000] {logging_mixin.py:190} INFO - [2025-07-14T14:50:53.720+0000] {dag.py:3239} INFO - Sync 1 DAGs
[2025-07-14T14:50:53.757+0000] {logging_mixin.py:190} INFO - [2025-07-14T14:50:53.757+0000] {dag.py:4180} INFO - Setting next_dagrun for example_branch_dop_operator_v3 to 2025-07-14 14:49:00+00:00, run_after=2025-07-14 14:50:00+00:00
[2025-07-14T14:50:53.781+0000] {processor.py:208} INFO - Processing /home/airflow/.local/lib/python3.12/site-packages/airflow/example_dags/example_branch_python_dop_operator_3.py took 0.117 seconds
[2025-07-14T14:51:25.537+0000] {processor.py:186} INFO - Started process (PID=908) to work on /home/airflow/.local/lib/python3.12/site-packages/airflow/example_dags/example_branch_python_dop_operator_3.py
[2025-07-14T14:51:25.560+0000] {processor.py:914} INFO - Processing file /home/airflow/.local/lib/python3.12/site-packages/airflow/example_dags/example_branch_python_dop_operator_3.py for tasks to queue
[2025-07-14T14:51:25.602+0000] {logging_mixin.py:190} INFO - [2025-07-14T14:51:25.599+0000] {dagbag.py:588} INFO - Filling up the DagBag from /home/airflow/.local/lib/python3.12/site-packages/airflow/example_dags/example_branch_python_dop_operator_3.py
[2025-07-14T14:51:25.781+0000] {processor.py:925} INFO - DAG(s) 'example_branch_dop_operator_v3' retrieved from /home/airflow/.local/lib/python3.12/site-packages/airflow/example_dags/example_branch_python_dop_operator_3.py
[2025-07-14T14:51:25.816+0000] {logging_mixin.py:190} INFO - [2025-07-14T14:51:25.816+0000] {dag.py:3239} INFO - Sync 1 DAGs
[2025-07-14T14:51:25.873+0000] {logging_mixin.py:190} INFO - [2025-07-14T14:51:25.873+0000] {dag.py:4180} INFO - Setting next_dagrun for example_branch_dop_operator_v3 to 2025-07-14 14:50:00+00:00, run_after=2025-07-14 14:51:00+00:00
[2025-07-14T14:51:25.943+0000] {processor.py:208} INFO - Processing /home/airflow/.local/lib/python3.12/site-packages/airflow/example_dags/example_branch_python_dop_operator_3.py took 0.534 seconds
