[2025-07-14T14:48:01.433+0000] {processor.py:186} INFO - Started process (PID=500) to work on /home/airflow/.local/lib/python3.12/site-packages/airflow/example_dags/example_display_name.py
[2025-07-14T14:48:01.435+0000] {processor.py:914} INFO - Processing file /home/airflow/.local/lib/python3.12/site-packages/airflow/example_dags/example_display_name.py for tasks to queue
[2025-07-14T14:48:01.439+0000] {logging_mixin.py:190} INFO - [2025-07-14T14:48:01.438+0000] {dagbag.py:588} INFO - Filling up the DagBag from /home/airflow/.local/lib/python3.12/site-packages/airflow/example_dags/example_display_name.py
[2025-07-14T14:48:01.451+0000] {processor.py:925} INFO - DAG(s) 'example_display_name' retrieved from /home/airflow/.local/lib/python3.12/site-packages/airflow/example_dags/example_display_name.py
[2025-07-14T14:48:01.479+0000] {logging_mixin.py:190} INFO - [2025-07-14T14:48:01.479+0000] {dag.py:3239} INFO - Sync 1 DAGs
[2025-07-14T14:48:01.501+0000] {logging_mixin.py:190} INFO - [2025-07-14T14:48:01.501+0000] {dag.py:4180} INFO - Setting next_dagrun for example_display_name to None, run_after=None
[2025-07-14T14:48:01.536+0000] {processor.py:208} INFO - Processing /home/airflow/.local/lib/python3.12/site-packages/airflow/example_dags/example_display_name.py took 0.110 seconds
[2025-07-14T14:48:35.682+0000] {processor.py:186} INFO - Started process (PID=569) to work on /home/airflow/.local/lib/python3.12/site-packages/airflow/example_dags/example_display_name.py
[2025-07-14T14:48:35.684+0000] {processor.py:914} INFO - Processing file /home/airflow/.local/lib/python3.12/site-packages/airflow/example_dags/example_display_name.py for tasks to queue
[2025-07-14T14:48:35.686+0000] {logging_mixin.py:190} INFO - [2025-07-14T14:48:35.686+0000] {dagbag.py:588} INFO - Filling up the DagBag from /home/airflow/.local/lib/python3.12/site-packages/airflow/example_dags/example_display_name.py
[2025-07-14T14:48:35.695+0000] {processor.py:925} INFO - DAG(s) 'example_display_name' retrieved from /home/airflow/.local/lib/python3.12/site-packages/airflow/example_dags/example_display_name.py
[2025-07-14T14:48:35.752+0000] {logging_mixin.py:190} INFO - [2025-07-14T14:48:35.752+0000] {dag.py:3239} INFO - Sync 1 DAGs
[2025-07-14T14:48:35.772+0000] {logging_mixin.py:190} INFO - [2025-07-14T14:48:35.771+0000] {dag.py:4180} INFO - Setting next_dagrun for example_display_name to None, run_after=None
[2025-07-14T14:48:35.817+0000] {processor.py:208} INFO - Processing /home/airflow/.local/lib/python3.12/site-packages/airflow/example_dags/example_display_name.py took 0.142 seconds
[2025-07-14T14:49:08.611+0000] {processor.py:186} INFO - Started process (PID=632) to work on /home/airflow/.local/lib/python3.12/site-packages/airflow/example_dags/example_display_name.py
[2025-07-14T14:49:08.613+0000] {processor.py:914} INFO - Processing file /home/airflow/.local/lib/python3.12/site-packages/airflow/example_dags/example_display_name.py for tasks to queue
[2025-07-14T14:49:08.618+0000] {logging_mixin.py:190} INFO - [2025-07-14T14:49:08.618+0000] {dagbag.py:588} INFO - Filling up the DagBag from /home/airflow/.local/lib/python3.12/site-packages/airflow/example_dags/example_display_name.py
[2025-07-14T14:49:08.635+0000] {processor.py:925} INFO - DAG(s) 'example_display_name' retrieved from /home/airflow/.local/lib/python3.12/site-packages/airflow/example_dags/example_display_name.py
[2025-07-14T14:49:08.661+0000] {logging_mixin.py:190} INFO - [2025-07-14T14:49:08.660+0000] {dag.py:3239} INFO - Sync 1 DAGs
[2025-07-14T14:49:08.685+0000] {logging_mixin.py:190} INFO - [2025-07-14T14:49:08.685+0000] {dag.py:4180} INFO - Setting next_dagrun for example_display_name to None, run_after=None
[2025-07-14T14:49:08.711+0000] {processor.py:208} INFO - Processing /home/airflow/.local/lib/python3.12/site-packages/airflow/example_dags/example_display_name.py took 0.108 seconds
[2025-07-14T14:49:40.627+0000] {processor.py:186} INFO - Started process (PID=697) to work on /home/airflow/.local/lib/python3.12/site-packages/airflow/example_dags/example_display_name.py
[2025-07-14T14:49:40.628+0000] {processor.py:914} INFO - Processing file /home/airflow/.local/lib/python3.12/site-packages/airflow/example_dags/example_display_name.py for tasks to queue
[2025-07-14T14:49:40.632+0000] {logging_mixin.py:190} INFO - [2025-07-14T14:49:40.631+0000] {dagbag.py:588} INFO - Filling up the DagBag from /home/airflow/.local/lib/python3.12/site-packages/airflow/example_dags/example_display_name.py
[2025-07-14T14:49:40.641+0000] {processor.py:925} INFO - DAG(s) 'example_display_name' retrieved from /home/airflow/.local/lib/python3.12/site-packages/airflow/example_dags/example_display_name.py
[2025-07-14T14:49:40.669+0000] {logging_mixin.py:190} INFO - [2025-07-14T14:49:40.669+0000] {dag.py:3239} INFO - Sync 1 DAGs
[2025-07-14T14:49:40.691+0000] {logging_mixin.py:190} INFO - [2025-07-14T14:49:40.690+0000] {dag.py:4180} INFO - Setting next_dagrun for example_display_name to None, run_after=None
[2025-07-14T14:49:40.718+0000] {processor.py:208} INFO - Processing /home/airflow/.local/lib/python3.12/site-packages/airflow/example_dags/example_display_name.py took 0.098 seconds
[2025-07-14T14:50:14.163+0000] {processor.py:186} INFO - Started process (PID=760) to work on /home/airflow/.local/lib/python3.12/site-packages/airflow/example_dags/example_display_name.py
[2025-07-14T14:50:14.166+0000] {processor.py:914} INFO - Processing file /home/airflow/.local/lib/python3.12/site-packages/airflow/example_dags/example_display_name.py for tasks to queue
[2025-07-14T14:50:14.170+0000] {logging_mixin.py:190} INFO - [2025-07-14T14:50:14.169+0000] {dagbag.py:588} INFO - Filling up the DagBag from /home/airflow/.local/lib/python3.12/site-packages/airflow/example_dags/example_display_name.py
[2025-07-14T14:50:14.181+0000] {processor.py:925} INFO - DAG(s) 'example_display_name' retrieved from /home/airflow/.local/lib/python3.12/site-packages/airflow/example_dags/example_display_name.py
[2025-07-14T14:50:14.213+0000] {logging_mixin.py:190} INFO - [2025-07-14T14:50:14.213+0000] {dag.py:3239} INFO - Sync 1 DAGs
[2025-07-14T14:50:14.236+0000] {logging_mixin.py:190} INFO - [2025-07-14T14:50:14.236+0000] {dag.py:4180} INFO - Setting next_dagrun for example_display_name to None, run_after=None
[2025-07-14T14:50:14.265+0000] {processor.py:208} INFO - Processing /home/airflow/.local/lib/python3.12/site-packages/airflow/example_dags/example_display_name.py took 0.110 seconds
[2025-07-14T14:50:46.232+0000] {processor.py:186} INFO - Started process (PID=823) to work on /home/airflow/.local/lib/python3.12/site-packages/airflow/example_dags/example_display_name.py
[2025-07-14T14:50:46.233+0000] {processor.py:914} INFO - Processing file /home/airflow/.local/lib/python3.12/site-packages/airflow/example_dags/example_display_name.py for tasks to queue
[2025-07-14T14:50:46.236+0000] {logging_mixin.py:190} INFO - [2025-07-14T14:50:46.236+0000] {dagbag.py:588} INFO - Filling up the DagBag from /home/airflow/.local/lib/python3.12/site-packages/airflow/example_dags/example_display_name.py
[2025-07-14T14:50:46.246+0000] {processor.py:925} INFO - DAG(s) 'example_display_name' retrieved from /home/airflow/.local/lib/python3.12/site-packages/airflow/example_dags/example_display_name.py
[2025-07-14T14:50:46.273+0000] {logging_mixin.py:190} INFO - [2025-07-14T14:50:46.273+0000] {dag.py:3239} INFO - Sync 1 DAGs
[2025-07-14T14:50:46.292+0000] {logging_mixin.py:190} INFO - [2025-07-14T14:50:46.292+0000] {dag.py:4180} INFO - Setting next_dagrun for example_display_name to None, run_after=None
[2025-07-14T14:50:46.317+0000] {processor.py:208} INFO - Processing /home/airflow/.local/lib/python3.12/site-packages/airflow/example_dags/example_display_name.py took 0.092 seconds
[2025-07-14T14:51:19.369+0000] {processor.py:186} INFO - Started process (PID=886) to work on /home/airflow/.local/lib/python3.12/site-packages/airflow/example_dags/example_display_name.py
[2025-07-14T14:51:19.370+0000] {processor.py:914} INFO - Processing file /home/airflow/.local/lib/python3.12/site-packages/airflow/example_dags/example_display_name.py for tasks to queue
[2025-07-14T14:51:19.373+0000] {logging_mixin.py:190} INFO - [2025-07-14T14:51:19.373+0000] {dagbag.py:588} INFO - Filling up the DagBag from /home/airflow/.local/lib/python3.12/site-packages/airflow/example_dags/example_display_name.py
[2025-07-14T14:51:19.383+0000] {processor.py:925} INFO - DAG(s) 'example_display_name' retrieved from /home/airflow/.local/lib/python3.12/site-packages/airflow/example_dags/example_display_name.py
[2025-07-14T14:51:19.411+0000] {logging_mixin.py:190} INFO - [2025-07-14T14:51:19.410+0000] {dag.py:3239} INFO - Sync 1 DAGs
[2025-07-14T14:51:19.432+0000] {logging_mixin.py:190} INFO - [2025-07-14T14:51:19.431+0000] {dag.py:4180} INFO - Setting next_dagrun for example_display_name to None, run_after=None
[2025-07-14T14:51:19.492+0000] {processor.py:208} INFO - Processing /home/airflow/.local/lib/python3.12/site-packages/airflow/example_dags/example_display_name.py took 0.130 seconds
