[2025-07-14T14:48:17.338+0000] {processor.py:186} INFO - Started process (PID=545) to work on /home/airflow/.local/lib/python3.12/site-packages/airflow/example_dags/example_skip_dag.py
[2025-07-14T14:48:17.340+0000] {processor.py:914} INFO - Processing file /home/airflow/.local/lib/python3.12/site-packages/airflow/example_dags/example_skip_dag.py for tasks to queue
[2025-07-14T14:48:17.343+0000] {logging_mixin.py:190} INFO - [2025-07-14T14:48:17.342+0000] {dagbag.py:588} INFO - Filling up the DagBag from /home/airflow/.local/lib/python3.12/site-packages/airflow/example_dags/example_skip_dag.py
[2025-07-14T14:48:17.380+0000] {processor.py:925} INFO - DAG(s) 'example_skip_dag' retrieved from /home/airflow/.local/lib/python3.12/site-packages/airflow/example_dags/example_skip_dag.py
[2025-07-14T14:48:17.410+0000] {logging_mixin.py:190} INFO - [2025-07-14T14:48:17.410+0000] {dag.py:3239} INFO - Sync 1 DAGs
[2025-07-14T14:48:17.449+0000] {logging_mixin.py:190} INFO - [2025-07-14T14:48:17.449+0000] {dag.py:4180} INFO - Setting next_dagrun for example_skip_dag to 2025-07-13 00:00:00+00:00, run_after=2025-07-14 00:00:00+00:00
[2025-07-14T14:48:17.480+0000] {processor.py:208} INFO - Processing /home/airflow/.local/lib/python3.12/site-packages/airflow/example_dags/example_skip_dag.py took 0.149 seconds
[2025-07-14T14:48:48.206+0000] {processor.py:186} INFO - Started process (PID=608) to work on /home/airflow/.local/lib/python3.12/site-packages/airflow/example_dags/example_skip_dag.py
[2025-07-14T14:48:48.207+0000] {processor.py:914} INFO - Processing file /home/airflow/.local/lib/python3.12/site-packages/airflow/example_dags/example_skip_dag.py for tasks to queue
[2025-07-14T14:48:48.210+0000] {logging_mixin.py:190} INFO - [2025-07-14T14:48:48.209+0000] {dagbag.py:588} INFO - Filling up the DagBag from /home/airflow/.local/lib/python3.12/site-packages/airflow/example_dags/example_skip_dag.py
[2025-07-14T14:48:48.220+0000] {processor.py:925} INFO - DAG(s) 'example_skip_dag' retrieved from /home/airflow/.local/lib/python3.12/site-packages/airflow/example_dags/example_skip_dag.py
[2025-07-14T14:48:48.285+0000] {logging_mixin.py:190} INFO - [2025-07-14T14:48:48.284+0000] {dag.py:3239} INFO - Sync 1 DAGs
[2025-07-14T14:48:48.319+0000] {logging_mixin.py:190} INFO - [2025-07-14T14:48:48.319+0000] {dag.py:4180} INFO - Setting next_dagrun for example_skip_dag to 2025-07-13 00:00:00+00:00, run_after=2025-07-14 00:00:00+00:00
[2025-07-14T14:48:48.344+0000] {processor.py:208} INFO - Processing /home/airflow/.local/lib/python3.12/site-packages/airflow/example_dags/example_skip_dag.py took 0.145 seconds
[2025-07-14T14:49:21.341+0000] {processor.py:186} INFO - Started process (PID=671) to work on /home/airflow/.local/lib/python3.12/site-packages/airflow/example_dags/example_skip_dag.py
[2025-07-14T14:49:21.348+0000] {processor.py:914} INFO - Processing file /home/airflow/.local/lib/python3.12/site-packages/airflow/example_dags/example_skip_dag.py for tasks to queue
[2025-07-14T14:49:21.371+0000] {logging_mixin.py:190} INFO - [2025-07-14T14:49:21.370+0000] {dagbag.py:588} INFO - Filling up the DagBag from /home/airflow/.local/lib/python3.12/site-packages/airflow/example_dags/example_skip_dag.py
[2025-07-14T14:49:21.392+0000] {processor.py:925} INFO - DAG(s) 'example_skip_dag' retrieved from /home/airflow/.local/lib/python3.12/site-packages/airflow/example_dags/example_skip_dag.py
[2025-07-14T14:49:21.427+0000] {logging_mixin.py:190} INFO - [2025-07-14T14:49:21.426+0000] {dag.py:3239} INFO - Sync 1 DAGs
[2025-07-14T14:49:21.489+0000] {logging_mixin.py:190} INFO - [2025-07-14T14:49:21.489+0000] {dag.py:4180} INFO - Setting next_dagrun for example_skip_dag to 2025-07-13 00:00:00+00:00, run_after=2025-07-14 00:00:00+00:00
[2025-07-14T14:49:21.531+0000] {processor.py:208} INFO - Processing /home/airflow/.local/lib/python3.12/site-packages/airflow/example_dags/example_skip_dag.py took 0.200 seconds
[2025-07-14T14:49:52.228+0000] {processor.py:186} INFO - Started process (PID=734) to work on /home/airflow/.local/lib/python3.12/site-packages/airflow/example_dags/example_skip_dag.py
[2025-07-14T14:49:52.230+0000] {processor.py:914} INFO - Processing file /home/airflow/.local/lib/python3.12/site-packages/airflow/example_dags/example_skip_dag.py for tasks to queue
[2025-07-14T14:49:52.232+0000] {logging_mixin.py:190} INFO - [2025-07-14T14:49:52.232+0000] {dagbag.py:588} INFO - Filling up the DagBag from /home/airflow/.local/lib/python3.12/site-packages/airflow/example_dags/example_skip_dag.py
[2025-07-14T14:49:52.242+0000] {processor.py:925} INFO - DAG(s) 'example_skip_dag' retrieved from /home/airflow/.local/lib/python3.12/site-packages/airflow/example_dags/example_skip_dag.py
[2025-07-14T14:49:52.272+0000] {logging_mixin.py:190} INFO - [2025-07-14T14:49:52.272+0000] {dag.py:3239} INFO - Sync 1 DAGs
[2025-07-14T14:49:52.304+0000] {logging_mixin.py:190} INFO - [2025-07-14T14:49:52.304+0000] {dag.py:4180} INFO - Setting next_dagrun for example_skip_dag to 2025-07-13 00:00:00+00:00, run_after=2025-07-14 00:00:00+00:00
[2025-07-14T14:49:52.329+0000] {processor.py:208} INFO - Processing /home/airflow/.local/lib/python3.12/site-packages/airflow/example_dags/example_skip_dag.py took 0.108 seconds
[2025-07-14T14:50:24.004+0000] {processor.py:186} INFO - Started process (PID=797) to work on /home/airflow/.local/lib/python3.12/site-packages/airflow/example_dags/example_skip_dag.py
[2025-07-14T14:50:24.005+0000] {processor.py:914} INFO - Processing file /home/airflow/.local/lib/python3.12/site-packages/airflow/example_dags/example_skip_dag.py for tasks to queue
[2025-07-14T14:50:24.008+0000] {logging_mixin.py:190} INFO - [2025-07-14T14:50:24.008+0000] {dagbag.py:588} INFO - Filling up the DagBag from /home/airflow/.local/lib/python3.12/site-packages/airflow/example_dags/example_skip_dag.py
[2025-07-14T14:50:24.020+0000] {processor.py:925} INFO - DAG(s) 'example_skip_dag' retrieved from /home/airflow/.local/lib/python3.12/site-packages/airflow/example_dags/example_skip_dag.py
[2025-07-14T14:50:24.051+0000] {logging_mixin.py:190} INFO - [2025-07-14T14:50:24.050+0000] {dag.py:3239} INFO - Sync 1 DAGs
[2025-07-14T14:50:24.086+0000] {logging_mixin.py:190} INFO - [2025-07-14T14:50:24.085+0000] {dag.py:4180} INFO - Setting next_dagrun for example_skip_dag to 2025-07-13 00:00:00+00:00, run_after=2025-07-14 00:00:00+00:00
[2025-07-14T14:50:24.142+0000] {processor.py:208} INFO - Processing /home/airflow/.local/lib/python3.12/site-packages/airflow/example_dags/example_skip_dag.py took 0.147 seconds
[2025-07-14T14:50:54.714+0000] {processor.py:186} INFO - Started process (PID=854) to work on /home/airflow/.local/lib/python3.12/site-packages/airflow/example_dags/example_skip_dag.py
[2025-07-14T14:50:54.715+0000] {processor.py:914} INFO - Processing file /home/airflow/.local/lib/python3.12/site-packages/airflow/example_dags/example_skip_dag.py for tasks to queue
[2025-07-14T14:50:54.718+0000] {logging_mixin.py:190} INFO - [2025-07-14T14:50:54.717+0000] {dagbag.py:588} INFO - Filling up the DagBag from /home/airflow/.local/lib/python3.12/site-packages/airflow/example_dags/example_skip_dag.py
[2025-07-14T14:50:54.727+0000] {processor.py:925} INFO - DAG(s) 'example_skip_dag' retrieved from /home/airflow/.local/lib/python3.12/site-packages/airflow/example_dags/example_skip_dag.py
[2025-07-14T14:50:54.755+0000] {logging_mixin.py:190} INFO - [2025-07-14T14:50:54.755+0000] {dag.py:3239} INFO - Sync 1 DAGs
[2025-07-14T14:50:54.790+0000] {logging_mixin.py:190} INFO - [2025-07-14T14:50:54.790+0000] {dag.py:4180} INFO - Setting next_dagrun for example_skip_dag to 2025-07-13 00:00:00+00:00, run_after=2025-07-14 00:00:00+00:00
[2025-07-14T14:50:54.832+0000] {processor.py:208} INFO - Processing /home/airflow/.local/lib/python3.12/site-packages/airflow/example_dags/example_skip_dag.py took 0.125 seconds
