[2025-07-14T14:48:17.924+0000] {processor.py:186} INFO - Started process (PID=549) to work on /home/airflow/.local/lib/python3.12/site-packages/airflow/example_dags/example_nested_branch_dag.py
[2025-07-14T14:48:17.925+0000] {processor.py:914} INFO - Processing file /home/airflow/.local/lib/python3.12/site-packages/airflow/example_dags/example_nested_branch_dag.py for tasks to queue
[2025-07-14T14:48:17.929+0000] {logging_mixin.py:190} INFO - [2025-07-14T14:48:17.928+0000] {dagbag.py:588} INFO - Filling up the DagBag from /home/airflow/.local/lib/python3.12/site-packages/airflow/example_dags/example_nested_branch_dag.py
[2025-07-14T14:48:17.946+0000] {processor.py:925} INFO - DAG(s) 'example_nested_branch_dag' retrieved from /home/airflow/.local/lib/python3.12/site-packages/airflow/example_dags/example_nested_branch_dag.py
[2025-07-14T14:48:17.978+0000] {logging_mixin.py:190} INFO - [2025-07-14T14:48:17.978+0000] {dag.py:3239} INFO - Sync 1 DAGs
[2025-07-14T14:48:18.016+0000] {logging_mixin.py:190} INFO - [2025-07-14T14:48:18.016+0000] {dag.py:4180} INFO - Setting next_dagrun for example_nested_branch_dag to 2025-07-13 00:00:00+00:00, run_after=2025-07-14 00:00:00+00:00
[2025-07-14T14:48:18.058+0000] {processor.py:208} INFO - Processing /home/airflow/.local/lib/python3.12/site-packages/airflow/example_dags/example_nested_branch_dag.py took 0.142 seconds
[2025-07-14T14:48:48.697+0000] {processor.py:186} INFO - Started process (PID=612) to work on /home/airflow/.local/lib/python3.12/site-packages/airflow/example_dags/example_nested_branch_dag.py
[2025-07-14T14:48:48.698+0000] {processor.py:914} INFO - Processing file /home/airflow/.local/lib/python3.12/site-packages/airflow/example_dags/example_nested_branch_dag.py for tasks to queue
[2025-07-14T14:48:48.701+0000] {logging_mixin.py:190} INFO - [2025-07-14T14:48:48.701+0000] {dagbag.py:588} INFO - Filling up the DagBag from /home/airflow/.local/lib/python3.12/site-packages/airflow/example_dags/example_nested_branch_dag.py
[2025-07-14T14:48:48.714+0000] {processor.py:925} INFO - DAG(s) 'example_nested_branch_dag' retrieved from /home/airflow/.local/lib/python3.12/site-packages/airflow/example_dags/example_nested_branch_dag.py
[2025-07-14T14:48:48.741+0000] {logging_mixin.py:190} INFO - [2025-07-14T14:48:48.741+0000] {dag.py:3239} INFO - Sync 1 DAGs
[2025-07-14T14:48:48.774+0000] {logging_mixin.py:190} INFO - [2025-07-14T14:48:48.773+0000] {dag.py:4180} INFO - Setting next_dagrun for example_nested_branch_dag to 2025-07-13 00:00:00+00:00, run_after=2025-07-14 00:00:00+00:00
[2025-07-14T14:48:48.797+0000] {processor.py:208} INFO - Processing /home/airflow/.local/lib/python3.12/site-packages/airflow/example_dags/example_nested_branch_dag.py took 0.107 seconds
[2025-07-14T14:49:21.771+0000] {processor.py:186} INFO - Started process (PID=675) to work on /home/airflow/.local/lib/python3.12/site-packages/airflow/example_dags/example_nested_branch_dag.py
[2025-07-14T14:49:21.773+0000] {processor.py:914} INFO - Processing file /home/airflow/.local/lib/python3.12/site-packages/airflow/example_dags/example_nested_branch_dag.py for tasks to queue
[2025-07-14T14:49:21.778+0000] {logging_mixin.py:190} INFO - [2025-07-14T14:49:21.777+0000] {dagbag.py:588} INFO - Filling up the DagBag from /home/airflow/.local/lib/python3.12/site-packages/airflow/example_dags/example_nested_branch_dag.py
[2025-07-14T14:49:21.803+0000] {processor.py:925} INFO - DAG(s) 'example_nested_branch_dag' retrieved from /home/airflow/.local/lib/python3.12/site-packages/airflow/example_dags/example_nested_branch_dag.py
[2025-07-14T14:49:21.845+0000] {logging_mixin.py:190} INFO - [2025-07-14T14:49:21.844+0000] {dag.py:3239} INFO - Sync 1 DAGs
[2025-07-14T14:49:21.885+0000] {logging_mixin.py:190} INFO - [2025-07-14T14:49:21.885+0000] {dag.py:4180} INFO - Setting next_dagrun for example_nested_branch_dag to 2025-07-13 00:00:00+00:00, run_after=2025-07-14 00:00:00+00:00
[2025-07-14T14:49:21.915+0000] {processor.py:208} INFO - Processing /home/airflow/.local/lib/python3.12/site-packages/airflow/example_dags/example_nested_branch_dag.py took 0.153 seconds
[2025-07-14T14:49:52.727+0000] {processor.py:186} INFO - Started process (PID=738) to work on /home/airflow/.local/lib/python3.12/site-packages/airflow/example_dags/example_nested_branch_dag.py
[2025-07-14T14:49:52.728+0000] {processor.py:914} INFO - Processing file /home/airflow/.local/lib/python3.12/site-packages/airflow/example_dags/example_nested_branch_dag.py for tasks to queue
[2025-07-14T14:49:52.731+0000] {logging_mixin.py:190} INFO - [2025-07-14T14:49:52.731+0000] {dagbag.py:588} INFO - Filling up the DagBag from /home/airflow/.local/lib/python3.12/site-packages/airflow/example_dags/example_nested_branch_dag.py
[2025-07-14T14:49:52.746+0000] {processor.py:925} INFO - DAG(s) 'example_nested_branch_dag' retrieved from /home/airflow/.local/lib/python3.12/site-packages/airflow/example_dags/example_nested_branch_dag.py
[2025-07-14T14:49:52.775+0000] {logging_mixin.py:190} INFO - [2025-07-14T14:49:52.774+0000] {dag.py:3239} INFO - Sync 1 DAGs
[2025-07-14T14:49:52.810+0000] {logging_mixin.py:190} INFO - [2025-07-14T14:49:52.810+0000] {dag.py:4180} INFO - Setting next_dagrun for example_nested_branch_dag to 2025-07-13 00:00:00+00:00, run_after=2025-07-14 00:00:00+00:00
[2025-07-14T14:49:52.838+0000] {processor.py:208} INFO - Processing /home/airflow/.local/lib/python3.12/site-packages/airflow/example_dags/example_nested_branch_dag.py took 0.121 seconds
[2025-07-14T14:50:24.459+0000] {processor.py:186} INFO - Started process (PID=801) to work on /home/airflow/.local/lib/python3.12/site-packages/airflow/example_dags/example_nested_branch_dag.py
[2025-07-14T14:50:24.461+0000] {processor.py:914} INFO - Processing file /home/airflow/.local/lib/python3.12/site-packages/airflow/example_dags/example_nested_branch_dag.py for tasks to queue
[2025-07-14T14:50:24.463+0000] {logging_mixin.py:190} INFO - [2025-07-14T14:50:24.463+0000] {dagbag.py:588} INFO - Filling up the DagBag from /home/airflow/.local/lib/python3.12/site-packages/airflow/example_dags/example_nested_branch_dag.py
[2025-07-14T14:50:24.479+0000] {processor.py:925} INFO - DAG(s) 'example_nested_branch_dag' retrieved from /home/airflow/.local/lib/python3.12/site-packages/airflow/example_dags/example_nested_branch_dag.py
[2025-07-14T14:50:24.514+0000] {logging_mixin.py:190} INFO - [2025-07-14T14:50:24.513+0000] {dag.py:3239} INFO - Sync 1 DAGs
[2025-07-14T14:50:24.552+0000] {logging_mixin.py:190} INFO - [2025-07-14T14:50:24.552+0000] {dag.py:4180} INFO - Setting next_dagrun for example_nested_branch_dag to 2025-07-13 00:00:00+00:00, run_after=2025-07-14 00:00:00+00:00
[2025-07-14T14:50:24.607+0000] {processor.py:208} INFO - Processing /home/airflow/.local/lib/python3.12/site-packages/airflow/example_dags/example_nested_branch_dag.py took 0.155 seconds
[2025-07-14T14:50:55.429+0000] {processor.py:186} INFO - Started process (PID=858) to work on /home/airflow/.local/lib/python3.12/site-packages/airflow/example_dags/example_nested_branch_dag.py
[2025-07-14T14:50:55.430+0000] {processor.py:914} INFO - Processing file /home/airflow/.local/lib/python3.12/site-packages/airflow/example_dags/example_nested_branch_dag.py for tasks to queue
[2025-07-14T14:50:55.434+0000] {logging_mixin.py:190} INFO - [2025-07-14T14:50:55.433+0000] {dagbag.py:588} INFO - Filling up the DagBag from /home/airflow/.local/lib/python3.12/site-packages/airflow/example_dags/example_nested_branch_dag.py
[2025-07-14T14:50:55.451+0000] {processor.py:925} INFO - DAG(s) 'example_nested_branch_dag' retrieved from /home/airflow/.local/lib/python3.12/site-packages/airflow/example_dags/example_nested_branch_dag.py
[2025-07-14T14:50:55.480+0000] {logging_mixin.py:190} INFO - [2025-07-14T14:50:55.480+0000] {dag.py:3239} INFO - Sync 1 DAGs
[2025-07-14T14:50:55.514+0000] {logging_mixin.py:190} INFO - [2025-07-14T14:50:55.514+0000] {dag.py:4180} INFO - Setting next_dagrun for example_nested_branch_dag to 2025-07-13 00:00:00+00:00, run_after=2025-07-14 00:00:00+00:00
[2025-07-14T14:50:55.569+0000] {processor.py:208} INFO - Processing /home/airflow/.local/lib/python3.12/site-packages/airflow/example_dags/example_nested_branch_dag.py took 0.150 seconds
