[2025-07-14T14:48:16.821+0000] {processor.py:186} INFO - Started process (PID=540) to work on /home/airflow/.local/lib/python3.12/site-packages/airflow/example_dags/example_sensor_decorator.py
[2025-07-14T14:48:16.823+0000] {processor.py:914} INFO - Processing file /home/airflow/.local/lib/python3.12/site-packages/airflow/example_dags/example_sensor_decorator.py for tasks to queue
[2025-07-14T14:48:16.826+0000] {logging_mixin.py:190} INFO - [2025-07-14T14:48:16.825+0000] {dagbag.py:588} INFO - Filling up the DagBag from /home/airflow/.local/lib/python3.12/site-packages/airflow/example_dags/example_sensor_decorator.py
[2025-07-14T14:48:16.836+0000] {processor.py:925} INFO - DAG(s) 'example_sensor_decorator' retrieved from /home/airflow/.local/lib/python3.12/site-packages/airflow/example_dags/example_sensor_decorator.py
[2025-07-14T14:48:16.867+0000] {logging_mixin.py:190} INFO - [2025-07-14T14:48:16.866+0000] {dag.py:3239} INFO - Sync 1 DAGs
[2025-07-14T14:48:16.891+0000] {logging_mixin.py:190} INFO - [2025-07-14T14:48:16.891+0000] {dag.py:4180} INFO - Setting next_dagrun for example_sensor_decorator to None, run_after=None
[2025-07-14T14:48:16.944+0000] {processor.py:208} INFO - Processing /home/airflow/.local/lib/python3.12/site-packages/airflow/example_dags/example_sensor_decorator.py took 0.131 seconds
[2025-07-14T14:48:47.370+0000] {processor.py:186} INFO - Started process (PID=602) to work on /home/airflow/.local/lib/python3.12/site-packages/airflow/example_dags/example_sensor_decorator.py
[2025-07-14T14:48:47.394+0000] {processor.py:914} INFO - Processing file /home/airflow/.local/lib/python3.12/site-packages/airflow/example_dags/example_sensor_decorator.py for tasks to queue
[2025-07-14T14:48:47.398+0000] {logging_mixin.py:190} INFO - [2025-07-14T14:48:47.397+0000] {dagbag.py:588} INFO - Filling up the DagBag from /home/airflow/.local/lib/python3.12/site-packages/airflow/example_dags/example_sensor_decorator.py
[2025-07-14T14:48:47.410+0000] {processor.py:925} INFO - DAG(s) 'example_sensor_decorator' retrieved from /home/airflow/.local/lib/python3.12/site-packages/airflow/example_dags/example_sensor_decorator.py
[2025-07-14T14:48:47.441+0000] {logging_mixin.py:190} INFO - [2025-07-14T14:48:47.441+0000] {dag.py:3239} INFO - Sync 1 DAGs
[2025-07-14T14:48:47.469+0000] {logging_mixin.py:190} INFO - [2025-07-14T14:48:47.469+0000] {dag.py:4180} INFO - Setting next_dagrun for example_sensor_decorator to None, run_after=None
[2025-07-14T14:48:47.502+0000] {processor.py:208} INFO - Processing /home/airflow/.local/lib/python3.12/site-packages/airflow/example_dags/example_sensor_decorator.py took 0.139 seconds
[2025-07-14T14:49:20.555+0000] {processor.py:186} INFO - Started process (PID=666) to work on /home/airflow/.local/lib/python3.12/site-packages/airflow/example_dags/example_sensor_decorator.py
[2025-07-14T14:49:20.557+0000] {processor.py:914} INFO - Processing file /home/airflow/.local/lib/python3.12/site-packages/airflow/example_dags/example_sensor_decorator.py for tasks to queue
[2025-07-14T14:49:20.560+0000] {logging_mixin.py:190} INFO - [2025-07-14T14:49:20.560+0000] {dagbag.py:588} INFO - Filling up the DagBag from /home/airflow/.local/lib/python3.12/site-packages/airflow/example_dags/example_sensor_decorator.py
[2025-07-14T14:49:20.570+0000] {processor.py:925} INFO - DAG(s) 'example_sensor_decorator' retrieved from /home/airflow/.local/lib/python3.12/site-packages/airflow/example_dags/example_sensor_decorator.py
[2025-07-14T14:49:20.598+0000] {logging_mixin.py:190} INFO - [2025-07-14T14:49:20.598+0000] {dag.py:3239} INFO - Sync 1 DAGs
[2025-07-14T14:49:20.621+0000] {logging_mixin.py:190} INFO - [2025-07-14T14:49:20.621+0000] {dag.py:4180} INFO - Setting next_dagrun for example_sensor_decorator to None, run_after=None
[2025-07-14T14:49:20.651+0000] {processor.py:208} INFO - Processing /home/airflow/.local/lib/python3.12/site-packages/airflow/example_dags/example_sensor_decorator.py took 0.104 seconds
[2025-07-14T14:49:51.422+0000] {processor.py:186} INFO - Started process (PID=729) to work on /home/airflow/.local/lib/python3.12/site-packages/airflow/example_dags/example_sensor_decorator.py
[2025-07-14T14:49:51.424+0000] {processor.py:914} INFO - Processing file /home/airflow/.local/lib/python3.12/site-packages/airflow/example_dags/example_sensor_decorator.py for tasks to queue
[2025-07-14T14:49:51.427+0000] {logging_mixin.py:190} INFO - [2025-07-14T14:49:51.427+0000] {dagbag.py:588} INFO - Filling up the DagBag from /home/airflow/.local/lib/python3.12/site-packages/airflow/example_dags/example_sensor_decorator.py
[2025-07-14T14:49:51.441+0000] {processor.py:925} INFO - DAG(s) 'example_sensor_decorator' retrieved from /home/airflow/.local/lib/python3.12/site-packages/airflow/example_dags/example_sensor_decorator.py
[2025-07-14T14:49:51.481+0000] {logging_mixin.py:190} INFO - [2025-07-14T14:49:51.481+0000] {dag.py:3239} INFO - Sync 1 DAGs
[2025-07-14T14:49:51.506+0000] {logging_mixin.py:190} INFO - [2025-07-14T14:49:51.505+0000] {dag.py:4180} INFO - Setting next_dagrun for example_sensor_decorator to None, run_after=None
[2025-07-14T14:49:51.535+0000] {processor.py:208} INFO - Processing /home/airflow/.local/lib/python3.12/site-packages/airflow/example_dags/example_sensor_decorator.py took 0.123 seconds
[2025-07-14T14:50:23.114+0000] {processor.py:186} INFO - Started process (PID=792) to work on /home/airflow/.local/lib/python3.12/site-packages/airflow/example_dags/example_sensor_decorator.py
[2025-07-14T14:50:23.115+0000] {processor.py:914} INFO - Processing file /home/airflow/.local/lib/python3.12/site-packages/airflow/example_dags/example_sensor_decorator.py for tasks to queue
[2025-07-14T14:50:23.119+0000] {logging_mixin.py:190} INFO - [2025-07-14T14:50:23.118+0000] {dagbag.py:588} INFO - Filling up the DagBag from /home/airflow/.local/lib/python3.12/site-packages/airflow/example_dags/example_sensor_decorator.py
[2025-07-14T14:50:23.129+0000] {processor.py:925} INFO - DAG(s) 'example_sensor_decorator' retrieved from /home/airflow/.local/lib/python3.12/site-packages/airflow/example_dags/example_sensor_decorator.py
[2025-07-14T14:50:23.155+0000] {logging_mixin.py:190} INFO - [2025-07-14T14:50:23.154+0000] {dag.py:3239} INFO - Sync 1 DAGs
[2025-07-14T14:50:23.176+0000] {logging_mixin.py:190} INFO - [2025-07-14T14:50:23.175+0000] {dag.py:4180} INFO - Setting next_dagrun for example_sensor_decorator to None, run_after=None
[2025-07-14T14:50:23.206+0000] {processor.py:208} INFO - Processing /home/airflow/.local/lib/python3.12/site-packages/airflow/example_dags/example_sensor_decorator.py took 0.099 seconds
[2025-07-14T14:50:54.011+0000] {processor.py:186} INFO - Started process (PID=848) to work on /home/airflow/.local/lib/python3.12/site-packages/airflow/example_dags/example_sensor_decorator.py
[2025-07-14T14:50:54.013+0000] {processor.py:914} INFO - Processing file /home/airflow/.local/lib/python3.12/site-packages/airflow/example_dags/example_sensor_decorator.py for tasks to queue
[2025-07-14T14:50:54.015+0000] {logging_mixin.py:190} INFO - [2025-07-14T14:50:54.015+0000] {dagbag.py:588} INFO - Filling up the DagBag from /home/airflow/.local/lib/python3.12/site-packages/airflow/example_dags/example_sensor_decorator.py
[2025-07-14T14:50:54.025+0000] {processor.py:925} INFO - DAG(s) 'example_sensor_decorator' retrieved from /home/airflow/.local/lib/python3.12/site-packages/airflow/example_dags/example_sensor_decorator.py
[2025-07-14T14:50:54.056+0000] {logging_mixin.py:190} INFO - [2025-07-14T14:50:54.056+0000] {dag.py:3239} INFO - Sync 1 DAGs
[2025-07-14T14:50:54.079+0000] {logging_mixin.py:190} INFO - [2025-07-14T14:50:54.079+0000] {dag.py:4180} INFO - Setting next_dagrun for example_sensor_decorator to None, run_after=None
[2025-07-14T14:50:54.105+0000] {processor.py:208} INFO - Processing /home/airflow/.local/lib/python3.12/site-packages/airflow/example_dags/example_sensor_decorator.py took 0.101 seconds
[2025-07-14T14:51:26.264+0000] {processor.py:186} INFO - Started process (PID=911) to work on /home/airflow/.local/lib/python3.12/site-packages/airflow/example_dags/example_sensor_decorator.py
[2025-07-14T14:51:26.268+0000] {processor.py:914} INFO - Processing file /home/airflow/.local/lib/python3.12/site-packages/airflow/example_dags/example_sensor_decorator.py for tasks to queue
[2025-07-14T14:51:26.273+0000] {logging_mixin.py:190} INFO - [2025-07-14T14:51:26.272+0000] {dagbag.py:588} INFO - Filling up the DagBag from /home/airflow/.local/lib/python3.12/site-packages/airflow/example_dags/example_sensor_decorator.py
[2025-07-14T14:51:26.293+0000] {processor.py:925} INFO - DAG(s) 'example_sensor_decorator' retrieved from /home/airflow/.local/lib/python3.12/site-packages/airflow/example_dags/example_sensor_decorator.py
[2025-07-14T14:51:26.340+0000] {logging_mixin.py:190} INFO - [2025-07-14T14:51:26.340+0000] {dag.py:3239} INFO - Sync 1 DAGs
[2025-07-14T14:51:26.365+0000] {logging_mixin.py:190} INFO - [2025-07-14T14:51:26.365+0000] {dag.py:4180} INFO - Setting next_dagrun for example_sensor_decorator to None, run_after=None
[2025-07-14T14:51:26.394+0000] {processor.py:208} INFO - Processing /home/airflow/.local/lib/python3.12/site-packages/airflow/example_dags/example_sensor_decorator.py took 0.218 seconds
