[2025-07-14T14:48:03.319+0000] {processor.py:186} INFO - Started process (PID=518) to work on /home/airflow/.local/lib/python3.12/site-packages/airflow/example_dags/example_branch_labels.py
[2025-07-14T14:48:03.320+0000] {processor.py:914} INFO - Processing file /home/airflow/.local/lib/python3.12/site-packages/airflow/example_dags/example_branch_labels.py for tasks to queue
[2025-07-14T14:48:03.324+0000] {logging_mixin.py:190} INFO - [2025-07-14T14:48:03.324+0000] {dagbag.py:588} INFO - Filling up the DagBag from /home/airflow/.local/lib/python3.12/site-packages/airflow/example_dags/example_branch_labels.py
[2025-07-14T14:48:03.338+0000] {processor.py:925} INFO - DAG(s) 'example_branch_labels' retrieved from /home/airflow/.local/lib/python3.12/site-packages/airflow/example_dags/example_branch_labels.py
[2025-07-14T14:48:03.366+0000] {logging_mixin.py:190} INFO - [2025-07-14T14:48:03.366+0000] {dag.py:3239} INFO - Sync 1 DAGs
[2025-07-14T14:48:03.400+0000] {logging_mixin.py:190} INFO - [2025-07-14T14:48:03.400+0000] {dag.py:4180} INFO - Setting next_dagrun for example_branch_labels to 2025-07-13 00:00:00+00:00, run_after=2025-07-14 00:00:00+00:00
[2025-07-14T14:48:03.426+0000] {processor.py:208} INFO - Processing /home/airflow/.local/lib/python3.12/site-packages/airflow/example_dags/example_branch_labels.py took 0.114 seconds
[2025-07-14T14:48:36.766+0000] {processor.py:186} INFO - Started process (PID=581) to work on /home/airflow/.local/lib/python3.12/site-packages/airflow/example_dags/example_branch_labels.py
[2025-07-14T14:48:36.768+0000] {processor.py:914} INFO - Processing file /home/airflow/.local/lib/python3.12/site-packages/airflow/example_dags/example_branch_labels.py for tasks to queue
[2025-07-14T14:48:36.774+0000] {logging_mixin.py:190} INFO - [2025-07-14T14:48:36.774+0000] {dagbag.py:588} INFO - Filling up the DagBag from /home/airflow/.local/lib/python3.12/site-packages/airflow/example_dags/example_branch_labels.py
[2025-07-14T14:48:36.794+0000] {processor.py:925} INFO - DAG(s) 'example_branch_labels' retrieved from /home/airflow/.local/lib/python3.12/site-packages/airflow/example_dags/example_branch_labels.py
[2025-07-14T14:48:36.835+0000] {logging_mixin.py:190} INFO - [2025-07-14T14:48:36.834+0000] {dag.py:3239} INFO - Sync 1 DAGs
[2025-07-14T14:48:36.879+0000] {logging_mixin.py:190} INFO - [2025-07-14T14:48:36.879+0000] {dag.py:4180} INFO - Setting next_dagrun for example_branch_labels to 2025-07-13 00:00:00+00:00, run_after=2025-07-14 00:00:00+00:00
[2025-07-14T14:48:36.924+0000] {processor.py:208} INFO - Processing /home/airflow/.local/lib/python3.12/site-packages/airflow/example_dags/example_branch_labels.py took 0.168 seconds
[2025-07-14T14:49:08.945+0000] {processor.py:186} INFO - Started process (PID=635) to work on /home/airflow/.local/lib/python3.12/site-packages/airflow/example_dags/example_branch_labels.py
[2025-07-14T14:49:08.947+0000] {processor.py:914} INFO - Processing file /home/airflow/.local/lib/python3.12/site-packages/airflow/example_dags/example_branch_labels.py for tasks to queue
[2025-07-14T14:49:08.950+0000] {logging_mixin.py:190} INFO - [2025-07-14T14:49:08.950+0000] {dagbag.py:588} INFO - Filling up the DagBag from /home/airflow/.local/lib/python3.12/site-packages/airflow/example_dags/example_branch_labels.py
[2025-07-14T14:49:08.962+0000] {processor.py:925} INFO - DAG(s) 'example_branch_labels' retrieved from /home/airflow/.local/lib/python3.12/site-packages/airflow/example_dags/example_branch_labels.py
[2025-07-14T14:49:08.990+0000] {logging_mixin.py:190} INFO - [2025-07-14T14:49:08.990+0000] {dag.py:3239} INFO - Sync 1 DAGs
[2025-07-14T14:49:09.028+0000] {logging_mixin.py:190} INFO - [2025-07-14T14:49:09.028+0000] {dag.py:4180} INFO - Setting next_dagrun for example_branch_labels to 2025-07-13 00:00:00+00:00, run_after=2025-07-14 00:00:00+00:00
[2025-07-14T14:49:09.053+0000] {processor.py:208} INFO - Processing /home/airflow/.local/lib/python3.12/site-packages/airflow/example_dags/example_branch_labels.py took 0.117 seconds
[2025-07-14T14:49:40.258+0000] {processor.py:186} INFO - Started process (PID=693) to work on /home/airflow/.local/lib/python3.12/site-packages/airflow/example_dags/example_branch_labels.py
[2025-07-14T14:49:40.260+0000] {processor.py:914} INFO - Processing file /home/airflow/.local/lib/python3.12/site-packages/airflow/example_dags/example_branch_labels.py for tasks to queue
[2025-07-14T14:49:40.263+0000] {logging_mixin.py:190} INFO - [2025-07-14T14:49:40.263+0000] {dagbag.py:588} INFO - Filling up the DagBag from /home/airflow/.local/lib/python3.12/site-packages/airflow/example_dags/example_branch_labels.py
[2025-07-14T14:49:40.282+0000] {processor.py:925} INFO - DAG(s) 'example_branch_labels' retrieved from /home/airflow/.local/lib/python3.12/site-packages/airflow/example_dags/example_branch_labels.py
[2025-07-14T14:49:40.311+0000] {logging_mixin.py:190} INFO - [2025-07-14T14:49:40.311+0000] {dag.py:3239} INFO - Sync 1 DAGs
[2025-07-14T14:49:40.345+0000] {logging_mixin.py:190} INFO - [2025-07-14T14:49:40.345+0000] {dag.py:4180} INFO - Setting next_dagrun for example_branch_labels to 2025-07-13 00:00:00+00:00, run_after=2025-07-14 00:00:00+00:00
[2025-07-14T14:49:40.396+0000] {processor.py:208} INFO - Processing /home/airflow/.local/lib/python3.12/site-packages/airflow/example_dags/example_branch_labels.py took 0.145 seconds
[2025-07-14T14:50:12.196+0000] {processor.py:186} INFO - Started process (PID=749) to work on /home/airflow/.local/lib/python3.12/site-packages/airflow/example_dags/example_branch_labels.py
[2025-07-14T14:50:12.198+0000] {processor.py:914} INFO - Processing file /home/airflow/.local/lib/python3.12/site-packages/airflow/example_dags/example_branch_labels.py for tasks to queue
[2025-07-14T14:50:12.200+0000] {logging_mixin.py:190} INFO - [2025-07-14T14:50:12.200+0000] {dagbag.py:588} INFO - Filling up the DagBag from /home/airflow/.local/lib/python3.12/site-packages/airflow/example_dags/example_branch_labels.py
[2025-07-14T14:50:12.212+0000] {processor.py:925} INFO - DAG(s) 'example_branch_labels' retrieved from /home/airflow/.local/lib/python3.12/site-packages/airflow/example_dags/example_branch_labels.py
[2025-07-14T14:50:12.241+0000] {logging_mixin.py:190} INFO - [2025-07-14T14:50:12.240+0000] {dag.py:3239} INFO - Sync 1 DAGs
[2025-07-14T14:50:12.277+0000] {logging_mixin.py:190} INFO - [2025-07-14T14:50:12.276+0000] {dag.py:4180} INFO - Setting next_dagrun for example_branch_labels to 2025-07-13 00:00:00+00:00, run_after=2025-07-14 00:00:00+00:00
[2025-07-14T14:50:12.328+0000] {processor.py:208} INFO - Processing /home/airflow/.local/lib/python3.12/site-packages/airflow/example_dags/example_branch_labels.py took 0.141 seconds
[2025-07-14T14:50:44.704+0000] {processor.py:186} INFO - Started process (PID=812) to work on /home/airflow/.local/lib/python3.12/site-packages/airflow/example_dags/example_branch_labels.py
[2025-07-14T14:50:44.706+0000] {processor.py:914} INFO - Processing file /home/airflow/.local/lib/python3.12/site-packages/airflow/example_dags/example_branch_labels.py for tasks to queue
[2025-07-14T14:50:44.708+0000] {logging_mixin.py:190} INFO - [2025-07-14T14:50:44.708+0000] {dagbag.py:588} INFO - Filling up the DagBag from /home/airflow/.local/lib/python3.12/site-packages/airflow/example_dags/example_branch_labels.py
[2025-07-14T14:50:44.721+0000] {processor.py:925} INFO - DAG(s) 'example_branch_labels' retrieved from /home/airflow/.local/lib/python3.12/site-packages/airflow/example_dags/example_branch_labels.py
[2025-07-14T14:50:44.751+0000] {logging_mixin.py:190} INFO - [2025-07-14T14:50:44.751+0000] {dag.py:3239} INFO - Sync 1 DAGs
[2025-07-14T14:50:44.786+0000] {logging_mixin.py:190} INFO - [2025-07-14T14:50:44.785+0000] {dag.py:4180} INFO - Setting next_dagrun for example_branch_labels to 2025-07-13 00:00:00+00:00, run_after=2025-07-14 00:00:00+00:00
[2025-07-14T14:50:44.820+0000] {processor.py:208} INFO - Processing /home/airflow/.local/lib/python3.12/site-packages/airflow/example_dags/example_branch_labels.py took 0.123 seconds
[2025-07-14T14:51:17.673+0000] {processor.py:186} INFO - Started process (PID=875) to work on /home/airflow/.local/lib/python3.12/site-packages/airflow/example_dags/example_branch_labels.py
[2025-07-14T14:51:17.674+0000] {processor.py:914} INFO - Processing file /home/airflow/.local/lib/python3.12/site-packages/airflow/example_dags/example_branch_labels.py for tasks to queue
[2025-07-14T14:51:17.678+0000] {logging_mixin.py:190} INFO - [2025-07-14T14:51:17.677+0000] {dagbag.py:588} INFO - Filling up the DagBag from /home/airflow/.local/lib/python3.12/site-packages/airflow/example_dags/example_branch_labels.py
[2025-07-14T14:51:17.719+0000] {processor.py:925} INFO - DAG(s) 'example_branch_labels' retrieved from /home/airflow/.local/lib/python3.12/site-packages/airflow/example_dags/example_branch_labels.py
[2025-07-14T14:51:17.746+0000] {logging_mixin.py:190} INFO - [2025-07-14T14:51:17.746+0000] {dag.py:3239} INFO - Sync 1 DAGs
[2025-07-14T14:51:17.782+0000] {logging_mixin.py:190} INFO - [2025-07-14T14:51:17.781+0000] {dag.py:4180} INFO - Setting next_dagrun for example_branch_labels to 2025-07-13 00:00:00+00:00, run_after=2025-07-14 00:00:00+00:00
[2025-07-14T14:51:17.810+0000] {processor.py:208} INFO - Processing /home/airflow/.local/lib/python3.12/site-packages/airflow/example_dags/example_branch_labels.py took 0.144 seconds
