[2025-07-14T14:48:15.308+0000] {processor.py:186} INFO - Started process (PID=532) to work on /home/airflow/.local/lib/python3.12/site-packages/airflow/example_dags/example_local_kubernetes_executor.py
[2025-07-14T14:48:15.309+0000] {processor.py:914} INFO - Processing file /home/airflow/.local/lib/python3.12/site-packages/airflow/example_dags/example_local_kubernetes_executor.py for tasks to queue
[2025-07-14T14:48:15.312+0000] {logging_mixin.py:190} INFO - [2025-07-14T14:48:15.312+0000] {dagbag.py:588} INFO - Filling up the DagBag from /home/airflow/.local/lib/python3.12/site-packages/airflow/example_dags/example_local_kubernetes_executor.py
[2025-07-14T14:48:15.324+0000] {processor.py:925} INFO - DAG(s) 'example_local_kubernetes_executor' retrieved from /home/airflow/.local/lib/python3.12/site-packages/airflow/example_dags/example_local_kubernetes_executor.py
[2025-07-14T14:48:15.352+0000] {logging_mixin.py:190} INFO - [2025-07-14T14:48:15.352+0000] {dag.py:3239} INFO - Sync 1 DAGs
[2025-07-14T14:48:15.374+0000] {logging_mixin.py:190} INFO - [2025-07-14T14:48:15.374+0000] {dag.py:4180} INFO - Setting next_dagrun for example_local_kubernetes_executor to None, run_after=None
[2025-07-14T14:48:15.426+0000] {processor.py:208} INFO - Processing /home/airflow/.local/lib/python3.12/site-packages/airflow/example_dags/example_local_kubernetes_executor.py took 0.126 seconds
[2025-07-14T14:48:46.749+0000] {processor.py:186} INFO - Started process (PID=595) to work on /home/airflow/.local/lib/python3.12/site-packages/airflow/example_dags/example_local_kubernetes_executor.py
[2025-07-14T14:48:46.750+0000] {processor.py:914} INFO - Processing file /home/airflow/.local/lib/python3.12/site-packages/airflow/example_dags/example_local_kubernetes_executor.py for tasks to queue
[2025-07-14T14:48:46.754+0000] {logging_mixin.py:190} INFO - [2025-07-14T14:48:46.753+0000] {dagbag.py:588} INFO - Filling up the DagBag from /home/airflow/.local/lib/python3.12/site-packages/airflow/example_dags/example_local_kubernetes_executor.py
[2025-07-14T14:48:46.766+0000] {processor.py:925} INFO - DAG(s) 'example_local_kubernetes_executor' retrieved from /home/airflow/.local/lib/python3.12/site-packages/airflow/example_dags/example_local_kubernetes_executor.py
[2025-07-14T14:48:46.796+0000] {logging_mixin.py:190} INFO - [2025-07-14T14:48:46.796+0000] {dag.py:3239} INFO - Sync 1 DAGs
[2025-07-14T14:48:46.822+0000] {logging_mixin.py:190} INFO - [2025-07-14T14:48:46.821+0000] {dag.py:4180} INFO - Setting next_dagrun for example_local_kubernetes_executor to None, run_after=None
[2025-07-14T14:48:46.849+0000] {processor.py:208} INFO - Processing /home/airflow/.local/lib/python3.12/site-packages/airflow/example_dags/example_local_kubernetes_executor.py took 0.107 seconds
[2025-07-14T14:49:18.862+0000] {processor.py:186} INFO - Started process (PID=658) to work on /home/airflow/.local/lib/python3.12/site-packages/airflow/example_dags/example_local_kubernetes_executor.py
[2025-07-14T14:49:18.863+0000] {processor.py:914} INFO - Processing file /home/airflow/.local/lib/python3.12/site-packages/airflow/example_dags/example_local_kubernetes_executor.py for tasks to queue
[2025-07-14T14:49:18.867+0000] {logging_mixin.py:190} INFO - [2025-07-14T14:49:18.866+0000] {dagbag.py:588} INFO - Filling up the DagBag from /home/airflow/.local/lib/python3.12/site-packages/airflow/example_dags/example_local_kubernetes_executor.py
[2025-07-14T14:49:18.896+0000] {processor.py:925} INFO - DAG(s) 'example_local_kubernetes_executor' retrieved from /home/airflow/.local/lib/python3.12/site-packages/airflow/example_dags/example_local_kubernetes_executor.py
[2025-07-14T14:49:19.138+0000] {logging_mixin.py:190} INFO - [2025-07-14T14:49:19.138+0000] {dag.py:3239} INFO - Sync 1 DAGs
[2025-07-14T14:49:19.180+0000] {logging_mixin.py:190} INFO - [2025-07-14T14:49:19.179+0000] {dag.py:4180} INFO - Setting next_dagrun for example_local_kubernetes_executor to None, run_after=None
[2025-07-14T14:49:19.234+0000] {processor.py:208} INFO - Processing /home/airflow/.local/lib/python3.12/site-packages/airflow/example_dags/example_local_kubernetes_executor.py took 0.379 seconds
[2025-07-14T14:49:50.695+0000] {processor.py:186} INFO - Started process (PID=721) to work on /home/airflow/.local/lib/python3.12/site-packages/airflow/example_dags/example_local_kubernetes_executor.py
[2025-07-14T14:49:50.696+0000] {processor.py:914} INFO - Processing file /home/airflow/.local/lib/python3.12/site-packages/airflow/example_dags/example_local_kubernetes_executor.py for tasks to queue
[2025-07-14T14:49:50.699+0000] {logging_mixin.py:190} INFO - [2025-07-14T14:49:50.699+0000] {dagbag.py:588} INFO - Filling up the DagBag from /home/airflow/.local/lib/python3.12/site-packages/airflow/example_dags/example_local_kubernetes_executor.py
[2025-07-14T14:49:50.711+0000] {processor.py:925} INFO - DAG(s) 'example_local_kubernetes_executor' retrieved from /home/airflow/.local/lib/python3.12/site-packages/airflow/example_dags/example_local_kubernetes_executor.py
[2025-07-14T14:49:50.740+0000] {logging_mixin.py:190} INFO - [2025-07-14T14:49:50.740+0000] {dag.py:3239} INFO - Sync 1 DAGs
[2025-07-14T14:49:50.759+0000] {logging_mixin.py:190} INFO - [2025-07-14T14:49:50.759+0000] {dag.py:4180} INFO - Setting next_dagrun for example_local_kubernetes_executor to None, run_after=None
[2025-07-14T14:49:50.790+0000] {processor.py:208} INFO - Processing /home/airflow/.local/lib/python3.12/site-packages/airflow/example_dags/example_local_kubernetes_executor.py took 0.103 seconds
[2025-07-14T14:50:21.934+0000] {processor.py:186} INFO - Started process (PID=778) to work on /home/airflow/.local/lib/python3.12/site-packages/airflow/example_dags/example_local_kubernetes_executor.py
[2025-07-14T14:50:21.936+0000] {processor.py:914} INFO - Processing file /home/airflow/.local/lib/python3.12/site-packages/airflow/example_dags/example_local_kubernetes_executor.py for tasks to queue
[2025-07-14T14:50:21.939+0000] {logging_mixin.py:190} INFO - [2025-07-14T14:50:21.939+0000] {dagbag.py:588} INFO - Filling up the DagBag from /home/airflow/.local/lib/python3.12/site-packages/airflow/example_dags/example_local_kubernetes_executor.py
[2025-07-14T14:50:21.951+0000] {processor.py:925} INFO - DAG(s) 'example_local_kubernetes_executor' retrieved from /home/airflow/.local/lib/python3.12/site-packages/airflow/example_dags/example_local_kubernetes_executor.py
[2025-07-14T14:50:21.978+0000] {logging_mixin.py:190} INFO - [2025-07-14T14:50:21.978+0000] {dag.py:3239} INFO - Sync 1 DAGs
[2025-07-14T14:50:21.998+0000] {logging_mixin.py:190} INFO - [2025-07-14T14:50:21.997+0000] {dag.py:4180} INFO - Setting next_dagrun for example_local_kubernetes_executor to None, run_after=None
[2025-07-14T14:50:22.190+0000] {processor.py:208} INFO - Processing /home/airflow/.local/lib/python3.12/site-packages/airflow/example_dags/example_local_kubernetes_executor.py took 0.263 seconds
[2025-07-14T14:50:53.040+0000] {processor.py:186} INFO - Started process (PID=841) to work on /home/airflow/.local/lib/python3.12/site-packages/airflow/example_dags/example_local_kubernetes_executor.py
[2025-07-14T14:50:53.042+0000] {processor.py:914} INFO - Processing file /home/airflow/.local/lib/python3.12/site-packages/airflow/example_dags/example_local_kubernetes_executor.py for tasks to queue
[2025-07-14T14:50:53.046+0000] {logging_mixin.py:190} INFO - [2025-07-14T14:50:53.045+0000] {dagbag.py:588} INFO - Filling up the DagBag from /home/airflow/.local/lib/python3.12/site-packages/airflow/example_dags/example_local_kubernetes_executor.py
[2025-07-14T14:50:53.061+0000] {processor.py:925} INFO - DAG(s) 'example_local_kubernetes_executor' retrieved from /home/airflow/.local/lib/python3.12/site-packages/airflow/example_dags/example_local_kubernetes_executor.py
[2025-07-14T14:50:53.095+0000] {logging_mixin.py:190} INFO - [2025-07-14T14:50:53.095+0000] {dag.py:3239} INFO - Sync 1 DAGs
[2025-07-14T14:50:53.115+0000] {logging_mixin.py:190} INFO - [2025-07-14T14:50:53.115+0000] {dag.py:4180} INFO - Setting next_dagrun for example_local_kubernetes_executor to None, run_after=None
[2025-07-14T14:50:53.158+0000] {processor.py:208} INFO - Processing /home/airflow/.local/lib/python3.12/site-packages/airflow/example_dags/example_local_kubernetes_executor.py took 0.125 seconds
[2025-07-14T14:51:24.917+0000] {processor.py:186} INFO - Started process (PID=904) to work on /home/airflow/.local/lib/python3.12/site-packages/airflow/example_dags/example_local_kubernetes_executor.py
[2025-07-14T14:51:24.918+0000] {processor.py:914} INFO - Processing file /home/airflow/.local/lib/python3.12/site-packages/airflow/example_dags/example_local_kubernetes_executor.py for tasks to queue
[2025-07-14T14:51:24.921+0000] {logging_mixin.py:190} INFO - [2025-07-14T14:51:24.920+0000] {dagbag.py:588} INFO - Filling up the DagBag from /home/airflow/.local/lib/python3.12/site-packages/airflow/example_dags/example_local_kubernetes_executor.py
[2025-07-14T14:51:24.934+0000] {processor.py:925} INFO - DAG(s) 'example_local_kubernetes_executor' retrieved from /home/airflow/.local/lib/python3.12/site-packages/airflow/example_dags/example_local_kubernetes_executor.py
[2025-07-14T14:51:24.964+0000] {logging_mixin.py:190} INFO - [2025-07-14T14:51:24.964+0000] {dag.py:3239} INFO - Sync 1 DAGs
[2025-07-14T14:51:24.985+0000] {logging_mixin.py:190} INFO - [2025-07-14T14:51:24.984+0000] {dag.py:4180} INFO - Setting next_dagrun for example_local_kubernetes_executor to None, run_after=None
[2025-07-14T14:51:25.019+0000] {processor.py:208} INFO - Processing /home/airflow/.local/lib/python3.12/site-packages/airflow/example_dags/example_local_kubernetes_executor.py took 0.109 seconds
