[2025-07-14T14:48:14.119+0000] {processor.py:186} INFO - Started process (PID=529) to work on /home/airflow/.local/lib/python3.12/site-packages/airflow/example_dags/example_dataset_alias.py
[2025-07-14T14:48:14.121+0000] {processor.py:914} INFO - Processing file /home/airflow/.local/lib/python3.12/site-packages/airflow/example_dags/example_dataset_alias.py for tasks to queue
[2025-07-14T14:48:14.124+0000] {logging_mixin.py:190} INFO - [2025-07-14T14:48:14.124+0000] {dagbag.py:588} INFO - Filling up the DagBag from /home/airflow/.local/lib/python3.12/site-packages/airflow/example_dags/example_dataset_alias.py
[2025-07-14T14:48:15.096+0000] {processor.py:925} INFO - DAG(s) 'dataset_alias_example_alias_producer', 'dataset_alias_example_alias_consumer', 'dataset_s3_bucket_consumer', 'dataset_s3_bucket_producer' retrieved from /home/airflow/.local/lib/python3.12/site-packages/airflow/example_dags/example_dataset_alias.py
[2025-07-14T14:48:15.128+0000] {logging_mixin.py:190} INFO - [2025-07-14T14:48:15.127+0000] {dag.py:3239} INFO - Sync 4 DAGs
[2025-07-14T14:48:15.160+0000] {logging_mixin.py:190} INFO - [2025-07-14T14:48:15.160+0000] {dag.py:4180} INFO - Setting next_dagrun for dataset_alias_example_alias_consumer to None, run_after=None
[2025-07-14T14:48:15.164+0000] {logging_mixin.py:190} INFO - [2025-07-14T14:48:15.164+0000] {dag.py:4180} INFO - Setting next_dagrun for dataset_alias_example_alias_producer to None, run_after=None
[2025-07-14T14:48:15.166+0000] {logging_mixin.py:190} INFO - [2025-07-14T14:48:15.166+0000] {dag.py:4180} INFO - Setting next_dagrun for dataset_s3_bucket_consumer to None, run_after=None
[2025-07-14T14:48:15.168+0000] {logging_mixin.py:190} INFO - [2025-07-14T14:48:15.168+0000] {dag.py:4180} INFO - Setting next_dagrun for dataset_s3_bucket_producer to None, run_after=None
[2025-07-14T14:48:15.198+0000] {processor.py:208} INFO - Processing /home/airflow/.local/lib/python3.12/site-packages/airflow/example_dags/example_dataset_alias.py took 1.089 seconds
[2025-07-14T14:48:45.341+0000] {processor.py:186} INFO - Started process (PID=592) to work on /home/airflow/.local/lib/python3.12/site-packages/airflow/example_dags/example_dataset_alias.py
[2025-07-14T14:48:45.343+0000] {processor.py:914} INFO - Processing file /home/airflow/.local/lib/python3.12/site-packages/airflow/example_dags/example_dataset_alias.py for tasks to queue
[2025-07-14T14:48:45.347+0000] {logging_mixin.py:190} INFO - [2025-07-14T14:48:45.346+0000] {dagbag.py:588} INFO - Filling up the DagBag from /home/airflow/.local/lib/python3.12/site-packages/airflow/example_dags/example_dataset_alias.py
[2025-07-14T14:48:46.306+0000] {processor.py:925} INFO - DAG(s) 'dataset_alias_example_alias_producer', 'dataset_s3_bucket_producer', 'dataset_s3_bucket_consumer', 'dataset_alias_example_alias_consumer' retrieved from /home/airflow/.local/lib/python3.12/site-packages/airflow/example_dags/example_dataset_alias.py
[2025-07-14T14:48:46.337+0000] {logging_mixin.py:190} INFO - [2025-07-14T14:48:46.336+0000] {dag.py:3239} INFO - Sync 4 DAGs
[2025-07-14T14:48:46.373+0000] {logging_mixin.py:190} INFO - [2025-07-14T14:48:46.372+0000] {dag.py:4180} INFO - Setting next_dagrun for dataset_alias_example_alias_consumer to None, run_after=None
[2025-07-14T14:48:46.377+0000] {logging_mixin.py:190} INFO - [2025-07-14T14:48:46.376+0000] {dag.py:4180} INFO - Setting next_dagrun for dataset_alias_example_alias_producer to None, run_after=None
[2025-07-14T14:48:46.379+0000] {logging_mixin.py:190} INFO - [2025-07-14T14:48:46.379+0000] {dag.py:4180} INFO - Setting next_dagrun for dataset_s3_bucket_consumer to None, run_after=None
[2025-07-14T14:48:46.381+0000] {logging_mixin.py:190} INFO - [2025-07-14T14:48:46.380+0000] {dag.py:4180} INFO - Setting next_dagrun for dataset_s3_bucket_producer to None, run_after=None
[2025-07-14T14:48:46.440+0000] {processor.py:208} INFO - Processing /home/airflow/.local/lib/python3.12/site-packages/airflow/example_dags/example_dataset_alias.py took 1.108 seconds
[2025-07-14T14:49:16.561+0000] {processor.py:186} INFO - Started process (PID=649) to work on /home/airflow/.local/lib/python3.12/site-packages/airflow/example_dags/example_dataset_alias.py
[2025-07-14T14:49:16.562+0000] {processor.py:914} INFO - Processing file /home/airflow/.local/lib/python3.12/site-packages/airflow/example_dags/example_dataset_alias.py for tasks to queue
[2025-07-14T14:49:16.565+0000] {logging_mixin.py:190} INFO - [2025-07-14T14:49:16.565+0000] {dagbag.py:588} INFO - Filling up the DagBag from /home/airflow/.local/lib/python3.12/site-packages/airflow/example_dags/example_dataset_alias.py
[2025-07-14T14:49:18.305+0000] {processor.py:925} INFO - DAG(s) 'dataset_alias_example_alias_producer', 'dataset_s3_bucket_consumer', 'dataset_alias_example_alias_consumer', 'dataset_s3_bucket_producer' retrieved from /home/airflow/.local/lib/python3.12/site-packages/airflow/example_dags/example_dataset_alias.py
[2025-07-14T14:49:18.369+0000] {logging_mixin.py:190} INFO - [2025-07-14T14:49:18.368+0000] {dag.py:3239} INFO - Sync 4 DAGs
[2025-07-14T14:49:18.473+0000] {logging_mixin.py:190} INFO - [2025-07-14T14:49:18.473+0000] {dag.py:4180} INFO - Setting next_dagrun for dataset_alias_example_alias_consumer to None, run_after=None
[2025-07-14T14:49:18.478+0000] {logging_mixin.py:190} INFO - [2025-07-14T14:49:18.478+0000] {dag.py:4180} INFO - Setting next_dagrun for dataset_alias_example_alias_producer to None, run_after=None
[2025-07-14T14:49:18.481+0000] {logging_mixin.py:190} INFO - [2025-07-14T14:49:18.481+0000] {dag.py:4180} INFO - Setting next_dagrun for dataset_s3_bucket_consumer to None, run_after=None
[2025-07-14T14:49:18.484+0000] {logging_mixin.py:190} INFO - [2025-07-14T14:49:18.484+0000] {dag.py:4180} INFO - Setting next_dagrun for dataset_s3_bucket_producer to None, run_after=None
[2025-07-14T14:49:18.546+0000] {processor.py:208} INFO - Processing /home/airflow/.local/lib/python3.12/site-packages/airflow/example_dags/example_dataset_alias.py took 1.995 seconds
[2025-07-14T14:49:48.943+0000] {processor.py:186} INFO - Started process (PID=712) to work on /home/airflow/.local/lib/python3.12/site-packages/airflow/example_dags/example_dataset_alias.py
[2025-07-14T14:49:48.945+0000] {processor.py:914} INFO - Processing file /home/airflow/.local/lib/python3.12/site-packages/airflow/example_dags/example_dataset_alias.py for tasks to queue
[2025-07-14T14:49:48.948+0000] {logging_mixin.py:190} INFO - [2025-07-14T14:49:48.948+0000] {dagbag.py:588} INFO - Filling up the DagBag from /home/airflow/.local/lib/python3.12/site-packages/airflow/example_dags/example_dataset_alias.py
[2025-07-14T14:49:50.298+0000] {processor.py:925} INFO - DAG(s) 'dataset_s3_bucket_producer', 'dataset_alias_example_alias_producer', 'dataset_s3_bucket_consumer', 'dataset_alias_example_alias_consumer' retrieved from /home/airflow/.local/lib/python3.12/site-packages/airflow/example_dags/example_dataset_alias.py
[2025-07-14T14:49:50.336+0000] {logging_mixin.py:190} INFO - [2025-07-14T14:49:50.335+0000] {dag.py:3239} INFO - Sync 4 DAGs
[2025-07-14T14:49:50.370+0000] {logging_mixin.py:190} INFO - [2025-07-14T14:49:50.370+0000] {dag.py:4180} INFO - Setting next_dagrun for dataset_alias_example_alias_consumer to None, run_after=None
[2025-07-14T14:49:50.374+0000] {logging_mixin.py:190} INFO - [2025-07-14T14:49:50.374+0000] {dag.py:4180} INFO - Setting next_dagrun for dataset_alias_example_alias_producer to None, run_after=None
[2025-07-14T14:49:50.377+0000] {logging_mixin.py:190} INFO - [2025-07-14T14:49:50.377+0000] {dag.py:4180} INFO - Setting next_dagrun for dataset_s3_bucket_consumer to None, run_after=None
[2025-07-14T14:49:50.380+0000] {logging_mixin.py:190} INFO - [2025-07-14T14:49:50.380+0000] {dag.py:4180} INFO - Setting next_dagrun for dataset_s3_bucket_producer to None, run_after=None
[2025-07-14T14:49:50.415+0000] {processor.py:208} INFO - Processing /home/airflow/.local/lib/python3.12/site-packages/airflow/example_dags/example_dataset_alias.py took 1.479 seconds
[2025-07-14T14:50:20.573+0000] {processor.py:186} INFO - Started process (PID=776) to work on /home/airflow/.local/lib/python3.12/site-packages/airflow/example_dags/example_dataset_alias.py
[2025-07-14T14:50:20.574+0000] {processor.py:914} INFO - Processing file /home/airflow/.local/lib/python3.12/site-packages/airflow/example_dags/example_dataset_alias.py for tasks to queue
[2025-07-14T14:50:20.578+0000] {logging_mixin.py:190} INFO - [2025-07-14T14:50:20.577+0000] {dagbag.py:588} INFO - Filling up the DagBag from /home/airflow/.local/lib/python3.12/site-packages/airflow/example_dags/example_dataset_alias.py
[2025-07-14T14:50:21.498+0000] {processor.py:925} INFO - DAG(s) 'dataset_s3_bucket_consumer', 'dataset_alias_example_alias_consumer', 'dataset_alias_example_alias_producer', 'dataset_s3_bucket_producer' retrieved from /home/airflow/.local/lib/python3.12/site-packages/airflow/example_dags/example_dataset_alias.py
[2025-07-14T14:50:21.529+0000] {logging_mixin.py:190} INFO - [2025-07-14T14:50:21.528+0000] {dag.py:3239} INFO - Sync 4 DAGs
[2025-07-14T14:50:21.561+0000] {logging_mixin.py:190} INFO - [2025-07-14T14:50:21.561+0000] {dag.py:4180} INFO - Setting next_dagrun for dataset_alias_example_alias_consumer to None, run_after=None
[2025-07-14T14:50:21.566+0000] {logging_mixin.py:190} INFO - [2025-07-14T14:50:21.566+0000] {dag.py:4180} INFO - Setting next_dagrun for dataset_alias_example_alias_producer to None, run_after=None
[2025-07-14T14:50:21.569+0000] {logging_mixin.py:190} INFO - [2025-07-14T14:50:21.568+0000] {dag.py:4180} INFO - Setting next_dagrun for dataset_s3_bucket_consumer to None, run_after=None
[2025-07-14T14:50:21.571+0000] {logging_mixin.py:190} INFO - [2025-07-14T14:50:21.571+0000] {dag.py:4180} INFO - Setting next_dagrun for dataset_s3_bucket_producer to None, run_after=None
[2025-07-14T14:50:21.616+0000] {processor.py:208} INFO - Processing /home/airflow/.local/lib/python3.12/site-packages/airflow/example_dags/example_dataset_alias.py took 1.051 seconds
[2025-07-14T14:50:51.878+0000] {processor.py:186} INFO - Started process (PID=838) to work on /home/airflow/.local/lib/python3.12/site-packages/airflow/example_dags/example_dataset_alias.py
[2025-07-14T14:50:51.879+0000] {processor.py:914} INFO - Processing file /home/airflow/.local/lib/python3.12/site-packages/airflow/example_dags/example_dataset_alias.py for tasks to queue
[2025-07-14T14:50:51.883+0000] {logging_mixin.py:190} INFO - [2025-07-14T14:50:51.882+0000] {dagbag.py:588} INFO - Filling up the DagBag from /home/airflow/.local/lib/python3.12/site-packages/airflow/example_dags/example_dataset_alias.py
[2025-07-14T14:50:52.810+0000] {processor.py:925} INFO - DAG(s) 'dataset_alias_example_alias_producer', 'dataset_s3_bucket_producer', 'dataset_s3_bucket_consumer', 'dataset_alias_example_alias_consumer' retrieved from /home/airflow/.local/lib/python3.12/site-packages/airflow/example_dags/example_dataset_alias.py
[2025-07-14T14:50:52.853+0000] {logging_mixin.py:190} INFO - [2025-07-14T14:50:52.852+0000] {dag.py:3239} INFO - Sync 4 DAGs
[2025-07-14T14:50:52.899+0000] {logging_mixin.py:190} INFO - [2025-07-14T14:50:52.899+0000] {dag.py:4180} INFO - Setting next_dagrun for dataset_alias_example_alias_consumer to None, run_after=None
[2025-07-14T14:50:52.906+0000] {logging_mixin.py:190} INFO - [2025-07-14T14:50:52.905+0000] {dag.py:4180} INFO - Setting next_dagrun for dataset_alias_example_alias_producer to None, run_after=None
[2025-07-14T14:50:52.909+0000] {logging_mixin.py:190} INFO - [2025-07-14T14:50:52.909+0000] {dag.py:4180} INFO - Setting next_dagrun for dataset_s3_bucket_consumer to None, run_after=None
[2025-07-14T14:50:52.912+0000] {logging_mixin.py:190} INFO - [2025-07-14T14:50:52.912+0000] {dag.py:4180} INFO - Setting next_dagrun for dataset_s3_bucket_producer to None, run_after=None
[2025-07-14T14:50:52.973+0000] {processor.py:208} INFO - Processing /home/airflow/.local/lib/python3.12/site-packages/airflow/example_dags/example_dataset_alias.py took 1.103 seconds
[2025-07-14T14:51:23.577+0000] {processor.py:186} INFO - Started process (PID=901) to work on /home/airflow/.local/lib/python3.12/site-packages/airflow/example_dags/example_dataset_alias.py
[2025-07-14T14:51:23.578+0000] {processor.py:914} INFO - Processing file /home/airflow/.local/lib/python3.12/site-packages/airflow/example_dags/example_dataset_alias.py for tasks to queue
[2025-07-14T14:51:23.582+0000] {logging_mixin.py:190} INFO - [2025-07-14T14:51:23.581+0000] {dagbag.py:588} INFO - Filling up the DagBag from /home/airflow/.local/lib/python3.12/site-packages/airflow/example_dags/example_dataset_alias.py
[2025-07-14T14:51:24.521+0000] {processor.py:925} INFO - DAG(s) 'dataset_s3_bucket_consumer', 'dataset_alias_example_alias_producer', 'dataset_alias_example_alias_consumer', 'dataset_s3_bucket_producer' retrieved from /home/airflow/.local/lib/python3.12/site-packages/airflow/example_dags/example_dataset_alias.py
[2025-07-14T14:51:24.557+0000] {logging_mixin.py:190} INFO - [2025-07-14T14:51:24.556+0000] {dag.py:3239} INFO - Sync 4 DAGs
[2025-07-14T14:51:24.601+0000] {logging_mixin.py:190} INFO - [2025-07-14T14:51:24.600+0000] {dag.py:4180} INFO - Setting next_dagrun for dataset_alias_example_alias_consumer to None, run_after=None
[2025-07-14T14:51:24.605+0000] {logging_mixin.py:190} INFO - [2025-07-14T14:51:24.605+0000] {dag.py:4180} INFO - Setting next_dagrun for dataset_alias_example_alias_producer to None, run_after=None
[2025-07-14T14:51:24.608+0000] {logging_mixin.py:190} INFO - [2025-07-14T14:51:24.607+0000] {dag.py:4180} INFO - Setting next_dagrun for dataset_s3_bucket_consumer to None, run_after=None
[2025-07-14T14:51:24.610+0000] {logging_mixin.py:190} INFO - [2025-07-14T14:51:24.610+0000] {dag.py:4180} INFO - Setting next_dagrun for dataset_s3_bucket_producer to None, run_after=None
[2025-07-14T14:51:24.654+0000] {processor.py:208} INFO - Processing /home/airflow/.local/lib/python3.12/site-packages/airflow/example_dags/example_dataset_alias.py took 1.085 seconds
