[2025-07-14T14:48:02.223+0000] {processor.py:186} INFO - Started process (PID=506) to work on /home/airflow/.local/lib/python3.12/site-packages/airflow/example_dags/example_bash_decorator.py
[2025-07-14T14:48:02.225+0000] {processor.py:914} INFO - Processing file /home/airflow/.local/lib/python3.12/site-packages/airflow/example_dags/example_bash_decorator.py for tasks to queue
[2025-07-14T14:48:02.228+0000] {logging_mixin.py:190} INFO - [2025-07-14T14:48:02.227+0000] {dagbag.py:588} INFO - Filling up the DagBag from /home/airflow/.local/lib/python3.12/site-packages/airflow/example_dags/example_bash_decorator.py
[2025-07-14T14:48:02.249+0000] {processor.py:925} INFO - DAG(s) 'example_bash_decorator' retrieved from /home/airflow/.local/lib/python3.12/site-packages/airflow/example_dags/example_bash_decorator.py
[2025-07-14T14:48:02.285+0000] {logging_mixin.py:190} INFO - [2025-07-14T14:48:02.285+0000] {dag.py:3239} INFO - Sync 1 DAGs
[2025-07-14T14:48:02.307+0000] {logging_mixin.py:190} INFO - [2025-07-14T14:48:02.306+0000] {dag.py:4180} INFO - Setting next_dagrun for example_bash_decorator to None, run_after=None
[2025-07-14T14:48:02.331+0000] {processor.py:208} INFO - Processing /home/airflow/.local/lib/python3.12/site-packages/airflow/example_dags/example_bash_decorator.py took 0.117 seconds
[2025-07-14T14:48:36.379+0000] {processor.py:186} INFO - Started process (PID=575) to work on /home/airflow/.local/lib/python3.12/site-packages/airflow/example_dags/example_bash_decorator.py
[2025-07-14T14:48:36.381+0000] {processor.py:914} INFO - Processing file /home/airflow/.local/lib/python3.12/site-packages/airflow/example_dags/example_bash_decorator.py for tasks to queue
[2025-07-14T14:48:36.383+0000] {logging_mixin.py:190} INFO - [2025-07-14T14:48:36.383+0000] {dagbag.py:588} INFO - Filling up the DagBag from /home/airflow/.local/lib/python3.12/site-packages/airflow/example_dags/example_bash_decorator.py
[2025-07-14T14:48:36.401+0000] {processor.py:925} INFO - DAG(s) 'example_bash_decorator' retrieved from /home/airflow/.local/lib/python3.12/site-packages/airflow/example_dags/example_bash_decorator.py
[2025-07-14T14:48:36.432+0000] {logging_mixin.py:190} INFO - [2025-07-14T14:48:36.432+0000] {dag.py:3239} INFO - Sync 1 DAGs
[2025-07-14T14:48:36.451+0000] {logging_mixin.py:190} INFO - [2025-07-14T14:48:36.450+0000] {dag.py:4180} INFO - Setting next_dagrun for example_bash_decorator to None, run_after=None
[2025-07-14T14:48:36.502+0000] {processor.py:208} INFO - Processing /home/airflow/.local/lib/python3.12/site-packages/airflow/example_dags/example_bash_decorator.py took 0.130 seconds
[2025-07-14T14:49:09.306+0000] {processor.py:186} INFO - Started process (PID=640) to work on /home/airflow/.local/lib/python3.12/site-packages/airflow/example_dags/example_bash_decorator.py
[2025-07-14T14:49:09.307+0000] {processor.py:914} INFO - Processing file /home/airflow/.local/lib/python3.12/site-packages/airflow/example_dags/example_bash_decorator.py for tasks to queue
[2025-07-14T14:49:09.310+0000] {logging_mixin.py:190} INFO - [2025-07-14T14:49:09.310+0000] {dagbag.py:588} INFO - Filling up the DagBag from /home/airflow/.local/lib/python3.12/site-packages/airflow/example_dags/example_bash_decorator.py
[2025-07-14T14:49:09.333+0000] {processor.py:925} INFO - DAG(s) 'example_bash_decorator' retrieved from /home/airflow/.local/lib/python3.12/site-packages/airflow/example_dags/example_bash_decorator.py
[2025-07-14T14:49:09.373+0000] {logging_mixin.py:190} INFO - [2025-07-14T14:49:09.372+0000] {dag.py:3239} INFO - Sync 1 DAGs
[2025-07-14T14:49:09.391+0000] {logging_mixin.py:190} INFO - [2025-07-14T14:49:09.391+0000] {dag.py:4180} INFO - Setting next_dagrun for example_bash_decorator to None, run_after=None
[2025-07-14T14:49:09.418+0000] {processor.py:208} INFO - Processing /home/airflow/.local/lib/python3.12/site-packages/airflow/example_dags/example_bash_decorator.py took 0.120 seconds
[2025-07-14T14:49:41.272+0000] {processor.py:186} INFO - Started process (PID=703) to work on /home/airflow/.local/lib/python3.12/site-packages/airflow/example_dags/example_bash_decorator.py
[2025-07-14T14:49:41.274+0000] {processor.py:914} INFO - Processing file /home/airflow/.local/lib/python3.12/site-packages/airflow/example_dags/example_bash_decorator.py for tasks to queue
[2025-07-14T14:49:41.277+0000] {logging_mixin.py:190} INFO - [2025-07-14T14:49:41.277+0000] {dagbag.py:588} INFO - Filling up the DagBag from /home/airflow/.local/lib/python3.12/site-packages/airflow/example_dags/example_bash_decorator.py
[2025-07-14T14:49:41.297+0000] {processor.py:925} INFO - DAG(s) 'example_bash_decorator' retrieved from /home/airflow/.local/lib/python3.12/site-packages/airflow/example_dags/example_bash_decorator.py
[2025-07-14T14:49:41.328+0000] {logging_mixin.py:190} INFO - [2025-07-14T14:49:41.328+0000] {dag.py:3239} INFO - Sync 1 DAGs
[2025-07-14T14:49:41.348+0000] {logging_mixin.py:190} INFO - [2025-07-14T14:49:41.348+0000] {dag.py:4180} INFO - Setting next_dagrun for example_bash_decorator to None, run_after=None
[2025-07-14T14:49:41.399+0000] {processor.py:208} INFO - Processing /home/airflow/.local/lib/python3.12/site-packages/airflow/example_dags/example_bash_decorator.py took 0.135 seconds
[2025-07-14T14:50:14.867+0000] {processor.py:186} INFO - Started process (PID=766) to work on /home/airflow/.local/lib/python3.12/site-packages/airflow/example_dags/example_bash_decorator.py
[2025-07-14T14:50:14.868+0000] {processor.py:914} INFO - Processing file /home/airflow/.local/lib/python3.12/site-packages/airflow/example_dags/example_bash_decorator.py for tasks to queue
[2025-07-14T14:50:14.872+0000] {logging_mixin.py:190} INFO - [2025-07-14T14:50:14.872+0000] {dagbag.py:588} INFO - Filling up the DagBag from /home/airflow/.local/lib/python3.12/site-packages/airflow/example_dags/example_bash_decorator.py
[2025-07-14T14:50:14.895+0000] {processor.py:925} INFO - DAG(s) 'example_bash_decorator' retrieved from /home/airflow/.local/lib/python3.12/site-packages/airflow/example_dags/example_bash_decorator.py
[2025-07-14T14:50:14.927+0000] {logging_mixin.py:190} INFO - [2025-07-14T14:50:14.927+0000] {dag.py:3239} INFO - Sync 1 DAGs
[2025-07-14T14:50:14.947+0000] {logging_mixin.py:190} INFO - [2025-07-14T14:50:14.947+0000] {dag.py:4180} INFO - Setting next_dagrun for example_bash_decorator to None, run_after=None
[2025-07-14T14:50:14.999+0000] {processor.py:208} INFO - Processing /home/airflow/.local/lib/python3.12/site-packages/airflow/example_dags/example_bash_decorator.py took 0.139 seconds
[2025-07-14T14:50:46.876+0000] {processor.py:186} INFO - Started process (PID=829) to work on /home/airflow/.local/lib/python3.12/site-packages/airflow/example_dags/example_bash_decorator.py
[2025-07-14T14:50:46.877+0000] {processor.py:914} INFO - Processing file /home/airflow/.local/lib/python3.12/site-packages/airflow/example_dags/example_bash_decorator.py for tasks to queue
[2025-07-14T14:50:46.880+0000] {logging_mixin.py:190} INFO - [2025-07-14T14:50:46.880+0000] {dagbag.py:588} INFO - Filling up the DagBag from /home/airflow/.local/lib/python3.12/site-packages/airflow/example_dags/example_bash_decorator.py
[2025-07-14T14:50:46.898+0000] {processor.py:925} INFO - DAG(s) 'example_bash_decorator' retrieved from /home/airflow/.local/lib/python3.12/site-packages/airflow/example_dags/example_bash_decorator.py
[2025-07-14T14:50:46.928+0000] {logging_mixin.py:190} INFO - [2025-07-14T14:50:46.928+0000] {dag.py:3239} INFO - Sync 1 DAGs
[2025-07-14T14:50:46.947+0000] {logging_mixin.py:190} INFO - [2025-07-14T14:50:46.946+0000] {dag.py:4180} INFO - Setting next_dagrun for example_bash_decorator to None, run_after=None
[2025-07-14T14:50:46.995+0000] {processor.py:208} INFO - Processing /home/airflow/.local/lib/python3.12/site-packages/airflow/example_dags/example_bash_decorator.py took 0.127 seconds
[2025-07-14T14:51:20.099+0000] {processor.py:186} INFO - Started process (PID=892) to work on /home/airflow/.local/lib/python3.12/site-packages/airflow/example_dags/example_bash_decorator.py
[2025-07-14T14:51:20.101+0000] {processor.py:914} INFO - Processing file /home/airflow/.local/lib/python3.12/site-packages/airflow/example_dags/example_bash_decorator.py for tasks to queue
[2025-07-14T14:51:20.104+0000] {logging_mixin.py:190} INFO - [2025-07-14T14:51:20.104+0000] {dagbag.py:588} INFO - Filling up the DagBag from /home/airflow/.local/lib/python3.12/site-packages/airflow/example_dags/example_bash_decorator.py
[2025-07-14T14:51:20.126+0000] {processor.py:925} INFO - DAG(s) 'example_bash_decorator' retrieved from /home/airflow/.local/lib/python3.12/site-packages/airflow/example_dags/example_bash_decorator.py
[2025-07-14T14:51:20.162+0000] {logging_mixin.py:190} INFO - [2025-07-14T14:51:20.162+0000] {dag.py:3239} INFO - Sync 1 DAGs
[2025-07-14T14:51:20.183+0000] {logging_mixin.py:190} INFO - [2025-07-14T14:51:20.183+0000] {dag.py:4180} INFO - Setting next_dagrun for example_bash_decorator to None, run_after=None
[2025-07-14T14:51:20.235+0000] {processor.py:208} INFO - Processing /home/airflow/.local/lib/python3.12/site-packages/airflow/example_dags/example_bash_decorator.py took 0.143 seconds
