[2025-07-14T14:48:17.679+0000] {processor.py:186} INFO - Started process (PID=548) to work on /home/airflow/.local/lib/python3.12/site-packages/airflow/example_dags/example_python_operator.py
[2025-07-14T14:48:17.680+0000] {processor.py:914} INFO - Processing file /home/airflow/.local/lib/python3.12/site-packages/airflow/example_dags/example_python_operator.py for tasks to queue
[2025-07-14T14:48:17.683+0000] {logging_mixin.py:190} INFO - [2025-07-14T14:48:17.683+0000] {dagbag.py:588} INFO - Filling up the DagBag from /home/airflow/.local/lib/python3.12/site-packages/airflow/example_dags/example_python_operator.py
[2025-07-14T14:48:17.727+0000] {processor.py:925} INFO - DAG(s) 'example_python_operator' retrieved from /home/airflow/.local/lib/python3.12/site-packages/airflow/example_dags/example_python_operator.py
[2025-07-14T14:48:17.756+0000] {logging_mixin.py:190} INFO - [2025-07-14T14:48:17.756+0000] {dag.py:3239} INFO - Sync 1 DAGs
[2025-07-14T14:48:17.777+0000] {logging_mixin.py:190} INFO - [2025-07-14T14:48:17.777+0000] {dag.py:4180} INFO - Setting next_dagrun for example_python_operator to None, run_after=None
[2025-07-14T14:48:17.830+0000] {processor.py:208} INFO - Processing /home/airflow/.local/lib/python3.12/site-packages/airflow/example_dags/example_python_operator.py took 0.158 seconds
[2025-07-14T14:48:48.697+0000] {processor.py:186} INFO - Started process (PID=611) to work on /home/airflow/.local/lib/python3.12/site-packages/airflow/example_dags/example_python_operator.py
[2025-07-14T14:48:48.698+0000] {processor.py:914} INFO - Processing file /home/airflow/.local/lib/python3.12/site-packages/airflow/example_dags/example_python_operator.py for tasks to queue
[2025-07-14T14:48:48.701+0000] {logging_mixin.py:190} INFO - [2025-07-14T14:48:48.700+0000] {dagbag.py:588} INFO - Filling up the DagBag from /home/airflow/.local/lib/python3.12/site-packages/airflow/example_dags/example_python_operator.py
[2025-07-14T14:48:48.716+0000] {processor.py:925} INFO - DAG(s) 'example_python_operator' retrieved from /home/airflow/.local/lib/python3.12/site-packages/airflow/example_dags/example_python_operator.py
[2025-07-14T14:48:48.742+0000] {logging_mixin.py:190} INFO - [2025-07-14T14:48:48.742+0000] {dag.py:3239} INFO - Sync 1 DAGs
[2025-07-14T14:48:48.761+0000] {logging_mixin.py:190} INFO - [2025-07-14T14:48:48.761+0000] {dag.py:4180} INFO - Setting next_dagrun for example_python_operator to None, run_after=None
[2025-07-14T14:48:48.787+0000] {processor.py:208} INFO - Processing /home/airflow/.local/lib/python3.12/site-packages/airflow/example_dags/example_python_operator.py took 0.097 seconds
[2025-07-14T14:49:21.712+0000] {processor.py:186} INFO - Started process (PID=674) to work on /home/airflow/.local/lib/python3.12/site-packages/airflow/example_dags/example_python_operator.py
[2025-07-14T14:49:21.714+0000] {processor.py:914} INFO - Processing file /home/airflow/.local/lib/python3.12/site-packages/airflow/example_dags/example_python_operator.py for tasks to queue
[2025-07-14T14:49:21.717+0000] {logging_mixin.py:190} INFO - [2025-07-14T14:49:21.717+0000] {dagbag.py:588} INFO - Filling up the DagBag from /home/airflow/.local/lib/python3.12/site-packages/airflow/example_dags/example_python_operator.py
[2025-07-14T14:49:21.734+0000] {processor.py:925} INFO - DAG(s) 'example_python_operator' retrieved from /home/airflow/.local/lib/python3.12/site-packages/airflow/example_dags/example_python_operator.py
[2025-07-14T14:49:21.774+0000] {logging_mixin.py:190} INFO - [2025-07-14T14:49:21.774+0000] {dag.py:3239} INFO - Sync 1 DAGs
[2025-07-14T14:49:21.810+0000] {logging_mixin.py:190} INFO - [2025-07-14T14:49:21.809+0000] {dag.py:4180} INFO - Setting next_dagrun for example_python_operator to None, run_after=None
[2025-07-14T14:49:21.843+0000] {processor.py:208} INFO - Processing /home/airflow/.local/lib/python3.12/site-packages/airflow/example_dags/example_python_operator.py took 0.139 seconds
[2025-07-14T14:49:52.723+0000] {processor.py:186} INFO - Started process (PID=737) to work on /home/airflow/.local/lib/python3.12/site-packages/airflow/example_dags/example_python_operator.py
[2025-07-14T14:49:52.725+0000] {processor.py:914} INFO - Processing file /home/airflow/.local/lib/python3.12/site-packages/airflow/example_dags/example_python_operator.py for tasks to queue
[2025-07-14T14:49:52.729+0000] {logging_mixin.py:190} INFO - [2025-07-14T14:49:52.728+0000] {dagbag.py:588} INFO - Filling up the DagBag from /home/airflow/.local/lib/python3.12/site-packages/airflow/example_dags/example_python_operator.py
[2025-07-14T14:49:52.745+0000] {processor.py:925} INFO - DAG(s) 'example_python_operator' retrieved from /home/airflow/.local/lib/python3.12/site-packages/airflow/example_dags/example_python_operator.py
[2025-07-14T14:49:52.775+0000] {logging_mixin.py:190} INFO - [2025-07-14T14:49:52.774+0000] {dag.py:3239} INFO - Sync 1 DAGs
[2025-07-14T14:49:52.794+0000] {logging_mixin.py:190} INFO - [2025-07-14T14:49:52.794+0000] {dag.py:4180} INFO - Setting next_dagrun for example_python_operator to None, run_after=None
[2025-07-14T14:49:52.821+0000] {processor.py:208} INFO - Processing /home/airflow/.local/lib/python3.12/site-packages/airflow/example_dags/example_python_operator.py took 0.107 seconds
[2025-07-14T14:50:24.380+0000] {processor.py:186} INFO - Started process (PID=800) to work on /home/airflow/.local/lib/python3.12/site-packages/airflow/example_dags/example_python_operator.py
[2025-07-14T14:50:24.382+0000] {processor.py:914} INFO - Processing file /home/airflow/.local/lib/python3.12/site-packages/airflow/example_dags/example_python_operator.py for tasks to queue
[2025-07-14T14:50:24.385+0000] {logging_mixin.py:190} INFO - [2025-07-14T14:50:24.384+0000] {dagbag.py:588} INFO - Filling up the DagBag from /home/airflow/.local/lib/python3.12/site-packages/airflow/example_dags/example_python_operator.py
[2025-07-14T14:50:24.400+0000] {processor.py:925} INFO - DAG(s) 'example_python_operator' retrieved from /home/airflow/.local/lib/python3.12/site-packages/airflow/example_dags/example_python_operator.py
[2025-07-14T14:50:24.432+0000] {logging_mixin.py:190} INFO - [2025-07-14T14:50:24.431+0000] {dag.py:3239} INFO - Sync 1 DAGs
[2025-07-14T14:50:24.453+0000] {logging_mixin.py:190} INFO - [2025-07-14T14:50:24.453+0000] {dag.py:4180} INFO - Setting next_dagrun for example_python_operator to None, run_after=None
[2025-07-14T14:50:24.507+0000] {processor.py:208} INFO - Processing /home/airflow/.local/lib/python3.12/site-packages/airflow/example_dags/example_python_operator.py took 0.135 seconds
[2025-07-14T14:50:55.249+0000] {processor.py:186} INFO - Started process (PID=857) to work on /home/airflow/.local/lib/python3.12/site-packages/airflow/example_dags/example_python_operator.py
[2025-07-14T14:50:55.250+0000] {processor.py:914} INFO - Processing file /home/airflow/.local/lib/python3.12/site-packages/airflow/example_dags/example_python_operator.py for tasks to queue
[2025-07-14T14:50:55.254+0000] {logging_mixin.py:190} INFO - [2025-07-14T14:50:55.253+0000] {dagbag.py:588} INFO - Filling up the DagBag from /home/airflow/.local/lib/python3.12/site-packages/airflow/example_dags/example_python_operator.py
[2025-07-14T14:50:55.270+0000] {processor.py:925} INFO - DAG(s) 'example_python_operator' retrieved from /home/airflow/.local/lib/python3.12/site-packages/airflow/example_dags/example_python_operator.py
[2025-07-14T14:50:55.301+0000] {logging_mixin.py:190} INFO - [2025-07-14T14:50:55.300+0000] {dag.py:3239} INFO - Sync 1 DAGs
[2025-07-14T14:50:55.326+0000] {logging_mixin.py:190} INFO - [2025-07-14T14:50:55.326+0000] {dag.py:4180} INFO - Setting next_dagrun for example_python_operator to None, run_after=None
[2025-07-14T14:50:55.379+0000] {processor.py:208} INFO - Processing /home/airflow/.local/lib/python3.12/site-packages/airflow/example_dags/example_python_operator.py took 0.137 seconds
