[2025-07-14T14:48:00.720+0000] {processor.py:186} INFO - Started process (PID=495) to work on /home/airflow/.local/lib/python3.12/site-packages/airflow/example_dags/example_xcomargs.py
[2025-07-14T14:48:00.722+0000] {processor.py:914} INFO - Processing file /home/airflow/.local/lib/python3.12/site-packages/airflow/example_dags/example_xcomargs.py for tasks to queue
[2025-07-14T14:48:00.725+0000] {logging_mixin.py:190} INFO - [2025-07-14T14:48:00.725+0000] {dagbag.py:588} INFO - Filling up the DagBag from /home/airflow/.local/lib/python3.12/site-packages/airflow/example_dags/example_xcomargs.py
[2025-07-14T14:48:00.766+0000] {processor.py:925} INFO - DAG(s) 'example_xcom_args', 'example_xcom_args_with_operators' retrieved from /home/airflow/.local/lib/python3.12/site-packages/airflow/example_dags/example_xcomargs.py
[2025-07-14T14:48:00.813+0000] {logging_mixin.py:190} INFO - [2025-07-14T14:48:00.813+0000] {dag.py:3239} INFO - Sync 2 DAGs
[2025-07-14T14:48:00.841+0000] {logging_mixin.py:190} INFO - [2025-07-14T14:48:00.841+0000] {dag.py:4180} INFO - Setting next_dagrun for example_xcom_args to None, run_after=None
[2025-07-14T14:48:00.849+0000] {logging_mixin.py:190} INFO - [2025-07-14T14:48:00.848+0000] {dag.py:4180} INFO - Setting next_dagrun for example_xcom_args_with_operators to None, run_after=None
[2025-07-14T14:48:00.904+0000] {processor.py:208} INFO - Processing /home/airflow/.local/lib/python3.12/site-packages/airflow/example_dags/example_xcomargs.py took 0.193 seconds
[2025-07-14T14:48:34.946+0000] {processor.py:186} INFO - Started process (PID=564) to work on /home/airflow/.local/lib/python3.12/site-packages/airflow/example_dags/example_xcomargs.py
[2025-07-14T14:48:34.948+0000] {processor.py:914} INFO - Processing file /home/airflow/.local/lib/python3.12/site-packages/airflow/example_dags/example_xcomargs.py for tasks to queue
[2025-07-14T14:48:34.951+0000] {logging_mixin.py:190} INFO - [2025-07-14T14:48:34.950+0000] {dagbag.py:588} INFO - Filling up the DagBag from /home/airflow/.local/lib/python3.12/site-packages/airflow/example_dags/example_xcomargs.py
[2025-07-14T14:48:34.964+0000] {processor.py:925} INFO - DAG(s) 'example_xcom_args_with_operators', 'example_xcom_args' retrieved from /home/airflow/.local/lib/python3.12/site-packages/airflow/example_dags/example_xcomargs.py
[2025-07-14T14:48:34.997+0000] {logging_mixin.py:190} INFO - [2025-07-14T14:48:34.996+0000] {dag.py:3239} INFO - Sync 2 DAGs
[2025-07-14T14:48:35.018+0000] {logging_mixin.py:190} INFO - [2025-07-14T14:48:35.018+0000] {dag.py:4180} INFO - Setting next_dagrun for example_xcom_args to None, run_after=None
[2025-07-14T14:48:35.024+0000] {logging_mixin.py:190} INFO - [2025-07-14T14:48:35.024+0000] {dag.py:4180} INFO - Setting next_dagrun for example_xcom_args_with_operators to None, run_after=None
[2025-07-14T14:48:35.075+0000] {processor.py:208} INFO - Processing /home/airflow/.local/lib/python3.12/site-packages/airflow/example_dags/example_xcomargs.py took 0.137 seconds
[2025-07-14T14:49:08.018+0000] {processor.py:186} INFO - Started process (PID=627) to work on /home/airflow/.local/lib/python3.12/site-packages/airflow/example_dags/example_xcomargs.py
[2025-07-14T14:49:08.019+0000] {processor.py:914} INFO - Processing file /home/airflow/.local/lib/python3.12/site-packages/airflow/example_dags/example_xcomargs.py for tasks to queue
[2025-07-14T14:49:08.022+0000] {logging_mixin.py:190} INFO - [2025-07-14T14:49:08.022+0000] {dagbag.py:588} INFO - Filling up the DagBag from /home/airflow/.local/lib/python3.12/site-packages/airflow/example_dags/example_xcomargs.py
[2025-07-14T14:49:08.037+0000] {processor.py:925} INFO - DAG(s) 'example_xcom_args_with_operators', 'example_xcom_args' retrieved from /home/airflow/.local/lib/python3.12/site-packages/airflow/example_dags/example_xcomargs.py
[2025-07-14T14:49:08.069+0000] {logging_mixin.py:190} INFO - [2025-07-14T14:49:08.069+0000] {dag.py:3239} INFO - Sync 2 DAGs
[2025-07-14T14:49:08.091+0000] {logging_mixin.py:190} INFO - [2025-07-14T14:49:08.091+0000] {dag.py:4180} INFO - Setting next_dagrun for example_xcom_args to None, run_after=None
[2025-07-14T14:49:08.096+0000] {logging_mixin.py:190} INFO - [2025-07-14T14:49:08.096+0000] {dag.py:4180} INFO - Setting next_dagrun for example_xcom_args_with_operators to None, run_after=None
[2025-07-14T14:49:08.141+0000] {processor.py:208} INFO - Processing /home/airflow/.local/lib/python3.12/site-packages/airflow/example_dags/example_xcomargs.py took 0.130 seconds
[2025-07-14T14:49:39.776+0000] {processor.py:186} INFO - Started process (PID=690) to work on /home/airflow/.local/lib/python3.12/site-packages/airflow/example_dags/example_xcomargs.py
[2025-07-14T14:49:39.778+0000] {processor.py:914} INFO - Processing file /home/airflow/.local/lib/python3.12/site-packages/airflow/example_dags/example_xcomargs.py for tasks to queue
[2025-07-14T14:49:39.781+0000] {logging_mixin.py:190} INFO - [2025-07-14T14:49:39.781+0000] {dagbag.py:588} INFO - Filling up the DagBag from /home/airflow/.local/lib/python3.12/site-packages/airflow/example_dags/example_xcomargs.py
[2025-07-14T14:49:39.795+0000] {processor.py:925} INFO - DAG(s) 'example_xcom_args', 'example_xcom_args_with_operators' retrieved from /home/airflow/.local/lib/python3.12/site-packages/airflow/example_dags/example_xcomargs.py
[2025-07-14T14:49:39.829+0000] {logging_mixin.py:190} INFO - [2025-07-14T14:49:39.828+0000] {dag.py:3239} INFO - Sync 2 DAGs
[2025-07-14T14:49:39.853+0000] {logging_mixin.py:190} INFO - [2025-07-14T14:49:39.853+0000] {dag.py:4180} INFO - Setting next_dagrun for example_xcom_args to None, run_after=None
[2025-07-14T14:49:39.859+0000] {logging_mixin.py:190} INFO - [2025-07-14T14:49:39.859+0000] {dag.py:4180} INFO - Setting next_dagrun for example_xcom_args_with_operators to None, run_after=None
[2025-07-14T14:49:39.884+0000] {processor.py:208} INFO - Processing /home/airflow/.local/lib/python3.12/site-packages/airflow/example_dags/example_xcomargs.py took 0.115 seconds
[2025-07-14T14:50:13.634+0000] {processor.py:186} INFO - Started process (PID=755) to work on /home/airflow/.local/lib/python3.12/site-packages/airflow/example_dags/example_xcomargs.py
[2025-07-14T14:50:13.635+0000] {processor.py:914} INFO - Processing file /home/airflow/.local/lib/python3.12/site-packages/airflow/example_dags/example_xcomargs.py for tasks to queue
[2025-07-14T14:50:13.638+0000] {logging_mixin.py:190} INFO - [2025-07-14T14:50:13.638+0000] {dagbag.py:588} INFO - Filling up the DagBag from /home/airflow/.local/lib/python3.12/site-packages/airflow/example_dags/example_xcomargs.py
[2025-07-14T14:50:13.654+0000] {processor.py:925} INFO - DAG(s) 'example_xcom_args', 'example_xcom_args_with_operators' retrieved from /home/airflow/.local/lib/python3.12/site-packages/airflow/example_dags/example_xcomargs.py
[2025-07-14T14:50:13.686+0000] {logging_mixin.py:190} INFO - [2025-07-14T14:50:13.686+0000] {dag.py:3239} INFO - Sync 2 DAGs
[2025-07-14T14:50:13.707+0000] {logging_mixin.py:190} INFO - [2025-07-14T14:50:13.707+0000] {dag.py:4180} INFO - Setting next_dagrun for example_xcom_args to None, run_after=None
[2025-07-14T14:50:13.713+0000] {logging_mixin.py:190} INFO - [2025-07-14T14:50:13.712+0000] {dag.py:4180} INFO - Setting next_dagrun for example_xcom_args_with_operators to None, run_after=None
[2025-07-14T14:50:13.758+0000] {processor.py:208} INFO - Processing /home/airflow/.local/lib/python3.12/site-packages/airflow/example_dags/example_xcomargs.py took 0.133 seconds
[2025-07-14T14:50:45.698+0000] {processor.py:186} INFO - Started process (PID=818) to work on /home/airflow/.local/lib/python3.12/site-packages/airflow/example_dags/example_xcomargs.py
[2025-07-14T14:50:45.699+0000] {processor.py:914} INFO - Processing file /home/airflow/.local/lib/python3.12/site-packages/airflow/example_dags/example_xcomargs.py for tasks to queue
[2025-07-14T14:50:45.704+0000] {logging_mixin.py:190} INFO - [2025-07-14T14:50:45.703+0000] {dagbag.py:588} INFO - Filling up the DagBag from /home/airflow/.local/lib/python3.12/site-packages/airflow/example_dags/example_xcomargs.py
[2025-07-14T14:50:45.729+0000] {processor.py:925} INFO - DAG(s) 'example_xcom_args_with_operators', 'example_xcom_args' retrieved from /home/airflow/.local/lib/python3.12/site-packages/airflow/example_dags/example_xcomargs.py
[2025-07-14T14:50:45.767+0000] {logging_mixin.py:190} INFO - [2025-07-14T14:50:45.767+0000] {dag.py:3239} INFO - Sync 2 DAGs
[2025-07-14T14:50:45.788+0000] {logging_mixin.py:190} INFO - [2025-07-14T14:50:45.788+0000] {dag.py:4180} INFO - Setting next_dagrun for example_xcom_args to None, run_after=None
[2025-07-14T14:50:45.795+0000] {logging_mixin.py:190} INFO - [2025-07-14T14:50:45.794+0000] {dag.py:4180} INFO - Setting next_dagrun for example_xcom_args_with_operators to None, run_after=None
[2025-07-14T14:50:45.831+0000] {processor.py:208} INFO - Processing /home/airflow/.local/lib/python3.12/site-packages/airflow/example_dags/example_xcomargs.py took 0.144 seconds
[2025-07-14T14:51:18.682+0000] {processor.py:186} INFO - Started process (PID=881) to work on /home/airflow/.local/lib/python3.12/site-packages/airflow/example_dags/example_xcomargs.py
[2025-07-14T14:51:18.683+0000] {processor.py:914} INFO - Processing file /home/airflow/.local/lib/python3.12/site-packages/airflow/example_dags/example_xcomargs.py for tasks to queue
[2025-07-14T14:51:18.686+0000] {logging_mixin.py:190} INFO - [2025-07-14T14:51:18.686+0000] {dagbag.py:588} INFO - Filling up the DagBag from /home/airflow/.local/lib/python3.12/site-packages/airflow/example_dags/example_xcomargs.py
[2025-07-14T14:51:18.698+0000] {processor.py:925} INFO - DAG(s) 'example_xcom_args_with_operators', 'example_xcom_args' retrieved from /home/airflow/.local/lib/python3.12/site-packages/airflow/example_dags/example_xcomargs.py
[2025-07-14T14:51:18.731+0000] {logging_mixin.py:190} INFO - [2025-07-14T14:51:18.731+0000] {dag.py:3239} INFO - Sync 2 DAGs
[2025-07-14T14:51:18.752+0000] {logging_mixin.py:190} INFO - [2025-07-14T14:51:18.752+0000] {dag.py:4180} INFO - Setting next_dagrun for example_xcom_args to None, run_after=None
[2025-07-14T14:51:18.758+0000] {logging_mixin.py:190} INFO - [2025-07-14T14:51:18.757+0000] {dag.py:4180} INFO - Setting next_dagrun for example_xcom_args_with_operators to None, run_after=None
[2025-07-14T14:51:18.808+0000] {processor.py:208} INFO - Processing /home/airflow/.local/lib/python3.12/site-packages/airflow/example_dags/example_xcomargs.py took 0.134 seconds
