[2025-07-14T14:48:15.997+0000] {processor.py:186} INFO - Started process (PID=535) to work on /home/airflow/.local/lib/python3.12/site-packages/airflow/example_dags/example_datasets.py
[2025-07-14T14:48:15.998+0000] {processor.py:914} INFO - Processing file /home/airflow/.local/lib/python3.12/site-packages/airflow/example_dags/example_datasets.py for tasks to queue
[2025-07-14T14:48:16.001+0000] {logging_mixin.py:190} INFO - [2025-07-14T14:48:16.001+0000] {dagbag.py:588} INFO - Filling up the DagBag from /home/airflow/.local/lib/python3.12/site-packages/airflow/example_dags/example_datasets.py
[2025-07-14T14:48:16.863+0000] {processor.py:925} INFO - DAG(s) 'consume_1_or_both_2_and_3_with_dataset_expressions', 'dataset_produces_1', 'consume_1_or_2_with_dataset_expressions', 'consume_1_and_2_with_dataset_expressions', 'dataset_consumes_1_and_2', 'dataset_produces_2', 'dataset_consumes_1_never_scheduled', 'dataset_consumes_unknown_never_scheduled', 'dataset_consumes_1', 'conditional_dataset_and_time_based_timetable' retrieved from /home/airflow/.local/lib/python3.12/site-packages/airflow/example_dags/example_datasets.py
[2025-07-14T14:48:16.930+0000] {logging_mixin.py:190} INFO - [2025-07-14T14:48:16.929+0000] {dag.py:3239} INFO - Sync 10 DAGs
[2025-07-14T14:48:16.966+0000] {logging_mixin.py:190} INFO - [2025-07-14T14:48:16.966+0000] {dag.py:4180} INFO - Setting next_dagrun for conditional_dataset_and_time_based_timetable to 2025-07-09 01:00:00+00:00, run_after=2025-07-09 01:00:00+00:00
[2025-07-14T14:48:16.974+0000] {logging_mixin.py:190} INFO - [2025-07-14T14:48:16.973+0000] {dag.py:4180} INFO - Setting next_dagrun for consume_1_and_2_with_dataset_expressions to None, run_after=None
[2025-07-14T14:48:16.977+0000] {logging_mixin.py:190} INFO - [2025-07-14T14:48:16.977+0000] {dag.py:4180} INFO - Setting next_dagrun for consume_1_or_2_with_dataset_expressions to None, run_after=None
[2025-07-14T14:48:16.979+0000] {logging_mixin.py:190} INFO - [2025-07-14T14:48:16.979+0000] {dag.py:4180} INFO - Setting next_dagrun for consume_1_or_both_2_and_3_with_dataset_expressions to None, run_after=None
[2025-07-14T14:48:16.981+0000] {logging_mixin.py:190} INFO - [2025-07-14T14:48:16.981+0000] {dag.py:4180} INFO - Setting next_dagrun for dataset_consumes_1 to None, run_after=None
[2025-07-14T14:48:16.984+0000] {logging_mixin.py:190} INFO - [2025-07-14T14:48:16.983+0000] {dag.py:4180} INFO - Setting next_dagrun for dataset_consumes_1_and_2 to None, run_after=None
[2025-07-14T14:48:16.986+0000] {logging_mixin.py:190} INFO - [2025-07-14T14:48:16.985+0000] {dag.py:4180} INFO - Setting next_dagrun for dataset_consumes_1_never_scheduled to None, run_after=None
[2025-07-14T14:48:16.988+0000] {logging_mixin.py:190} INFO - [2025-07-14T14:48:16.987+0000] {dag.py:4180} INFO - Setting next_dagrun for dataset_consumes_unknown_never_scheduled to None, run_after=None
[2025-07-14T14:48:16.992+0000] {logging_mixin.py:190} INFO - [2025-07-14T14:48:16.991+0000] {dag.py:4180} INFO - Setting next_dagrun for dataset_produces_1 to 2025-07-13 00:00:00+00:00, run_after=2025-07-14 00:00:00+00:00
[2025-07-14T14:48:16.994+0000] {logging_mixin.py:190} INFO - [2025-07-14T14:48:16.994+0000] {dag.py:4180} INFO - Setting next_dagrun for dataset_produces_2 to None, run_after=None
[2025-07-14T14:48:17.042+0000] {processor.py:208} INFO - Processing /home/airflow/.local/lib/python3.12/site-packages/airflow/example_dags/example_datasets.py took 1.052 seconds
[2025-07-14T14:48:47.466+0000] {processor.py:186} INFO - Started process (PID=603) to work on /home/airflow/.local/lib/python3.12/site-packages/airflow/example_dags/example_datasets.py
[2025-07-14T14:48:47.468+0000] {processor.py:914} INFO - Processing file /home/airflow/.local/lib/python3.12/site-packages/airflow/example_dags/example_datasets.py for tasks to queue
[2025-07-14T14:48:47.471+0000] {logging_mixin.py:190} INFO - [2025-07-14T14:48:47.470+0000] {dagbag.py:588} INFO - Filling up the DagBag from /home/airflow/.local/lib/python3.12/site-packages/airflow/example_dags/example_datasets.py
[2025-07-14T14:48:48.293+0000] {processor.py:925} INFO - DAG(s) 'dataset_consumes_unknown_never_scheduled', 'dataset_consumes_1', 'dataset_produces_1', 'dataset_consumes_1_never_scheduled', 'conditional_dataset_and_time_based_timetable', 'dataset_consumes_1_and_2', 'consume_1_or_2_with_dataset_expressions', 'consume_1_or_both_2_and_3_with_dataset_expressions', 'dataset_produces_2', 'consume_1_and_2_with_dataset_expressions' retrieved from /home/airflow/.local/lib/python3.12/site-packages/airflow/example_dags/example_datasets.py
[2025-07-14T14:48:48.360+0000] {logging_mixin.py:190} INFO - [2025-07-14T14:48:48.359+0000] {dag.py:3239} INFO - Sync 10 DAGs
[2025-07-14T14:48:48.402+0000] {logging_mixin.py:190} INFO - [2025-07-14T14:48:48.401+0000] {dag.py:4180} INFO - Setting next_dagrun for conditional_dataset_and_time_based_timetable to 2025-07-09 01:00:00+00:00, run_after=2025-07-09 01:00:00+00:00
[2025-07-14T14:48:48.409+0000] {logging_mixin.py:190} INFO - [2025-07-14T14:48:48.409+0000] {dag.py:4180} INFO - Setting next_dagrun for consume_1_and_2_with_dataset_expressions to None, run_after=None
[2025-07-14T14:48:48.411+0000] {logging_mixin.py:190} INFO - [2025-07-14T14:48:48.411+0000] {dag.py:4180} INFO - Setting next_dagrun for consume_1_or_2_with_dataset_expressions to None, run_after=None
[2025-07-14T14:48:48.413+0000] {logging_mixin.py:190} INFO - [2025-07-14T14:48:48.413+0000] {dag.py:4180} INFO - Setting next_dagrun for consume_1_or_both_2_and_3_with_dataset_expressions to None, run_after=None
[2025-07-14T14:48:48.415+0000] {logging_mixin.py:190} INFO - [2025-07-14T14:48:48.415+0000] {dag.py:4180} INFO - Setting next_dagrun for dataset_consumes_1 to None, run_after=None
[2025-07-14T14:48:48.417+0000] {logging_mixin.py:190} INFO - [2025-07-14T14:48:48.417+0000] {dag.py:4180} INFO - Setting next_dagrun for dataset_consumes_1_and_2 to None, run_after=None
[2025-07-14T14:48:48.419+0000] {logging_mixin.py:190} INFO - [2025-07-14T14:48:48.419+0000] {dag.py:4180} INFO - Setting next_dagrun for dataset_consumes_1_never_scheduled to None, run_after=None
[2025-07-14T14:48:48.421+0000] {logging_mixin.py:190} INFO - [2025-07-14T14:48:48.421+0000] {dag.py:4180} INFO - Setting next_dagrun for dataset_consumes_unknown_never_scheduled to None, run_after=None
[2025-07-14T14:48:48.425+0000] {logging_mixin.py:190} INFO - [2025-07-14T14:48:48.424+0000] {dag.py:4180} INFO - Setting next_dagrun for dataset_produces_1 to 2025-07-13 00:00:00+00:00, run_after=2025-07-14 00:00:00+00:00
[2025-07-14T14:48:48.427+0000] {logging_mixin.py:190} INFO - [2025-07-14T14:48:48.427+0000] {dag.py:4180} INFO - Setting next_dagrun for dataset_produces_2 to None, run_after=None
[2025-07-14T14:48:48.473+0000] {processor.py:208} INFO - Processing /home/airflow/.local/lib/python3.12/site-packages/airflow/example_dags/example_datasets.py took 1.017 seconds
[2025-07-14T14:49:19.525+0000] {processor.py:186} INFO - Started process (PID=662) to work on /home/airflow/.local/lib/python3.12/site-packages/airflow/example_dags/example_datasets.py
[2025-07-14T14:49:19.526+0000] {processor.py:914} INFO - Processing file /home/airflow/.local/lib/python3.12/site-packages/airflow/example_dags/example_datasets.py for tasks to queue
[2025-07-14T14:49:19.529+0000] {logging_mixin.py:190} INFO - [2025-07-14T14:49:19.528+0000] {dagbag.py:588} INFO - Filling up the DagBag from /home/airflow/.local/lib/python3.12/site-packages/airflow/example_dags/example_datasets.py
[2025-07-14T14:49:20.820+0000] {processor.py:925} INFO - DAG(s) 'dataset_consumes_unknown_never_scheduled', 'consume_1_or_both_2_and_3_with_dataset_expressions', 'conditional_dataset_and_time_based_timetable', 'dataset_consumes_1_never_scheduled', 'dataset_consumes_1', 'consume_1_or_2_with_dataset_expressions', 'consume_1_and_2_with_dataset_expressions', 'dataset_consumes_1_and_2', 'dataset_produces_1', 'dataset_produces_2' retrieved from /home/airflow/.local/lib/python3.12/site-packages/airflow/example_dags/example_datasets.py
[2025-07-14T14:49:20.932+0000] {logging_mixin.py:190} INFO - [2025-07-14T14:49:20.932+0000] {dag.py:3239} INFO - Sync 10 DAGs
[2025-07-14T14:49:20.981+0000] {logging_mixin.py:190} INFO - [2025-07-14T14:49:20.981+0000] {dag.py:4180} INFO - Setting next_dagrun for conditional_dataset_and_time_based_timetable to 2025-07-09 01:00:00+00:00, run_after=2025-07-09 01:00:00+00:00
[2025-07-14T14:49:20.987+0000] {logging_mixin.py:190} INFO - [2025-07-14T14:49:20.987+0000] {dag.py:4180} INFO - Setting next_dagrun for consume_1_and_2_with_dataset_expressions to None, run_after=None
[2025-07-14T14:49:20.990+0000] {logging_mixin.py:190} INFO - [2025-07-14T14:49:20.990+0000] {dag.py:4180} INFO - Setting next_dagrun for consume_1_or_2_with_dataset_expressions to None, run_after=None
[2025-07-14T14:49:20.992+0000] {logging_mixin.py:190} INFO - [2025-07-14T14:49:20.992+0000] {dag.py:4180} INFO - Setting next_dagrun for consume_1_or_both_2_and_3_with_dataset_expressions to None, run_after=None
[2025-07-14T14:49:20.994+0000] {logging_mixin.py:190} INFO - [2025-07-14T14:49:20.994+0000] {dag.py:4180} INFO - Setting next_dagrun for dataset_consumes_1 to None, run_after=None
[2025-07-14T14:49:20.997+0000] {logging_mixin.py:190} INFO - [2025-07-14T14:49:20.997+0000] {dag.py:4180} INFO - Setting next_dagrun for dataset_consumes_1_and_2 to None, run_after=None
[2025-07-14T14:49:21.000+0000] {logging_mixin.py:190} INFO - [2025-07-14T14:49:21.000+0000] {dag.py:4180} INFO - Setting next_dagrun for dataset_consumes_1_never_scheduled to None, run_after=None
[2025-07-14T14:49:21.003+0000] {logging_mixin.py:190} INFO - [2025-07-14T14:49:21.003+0000] {dag.py:4180} INFO - Setting next_dagrun for dataset_consumes_unknown_never_scheduled to None, run_after=None
[2025-07-14T14:49:21.008+0000] {logging_mixin.py:190} INFO - [2025-07-14T14:49:21.008+0000] {dag.py:4180} INFO - Setting next_dagrun for dataset_produces_1 to 2025-07-13 00:00:00+00:00, run_after=2025-07-14 00:00:00+00:00
[2025-07-14T14:49:21.011+0000] {logging_mixin.py:190} INFO - [2025-07-14T14:49:21.011+0000] {dag.py:4180} INFO - Setting next_dagrun for dataset_produces_2 to None, run_after=None
[2025-07-14T14:49:21.078+0000] {processor.py:208} INFO - Processing /home/airflow/.local/lib/python3.12/site-packages/airflow/example_dags/example_datasets.py took 1.562 seconds
[2025-07-14T14:49:51.332+0000] {processor.py:186} INFO - Started process (PID=728) to work on /home/airflow/.local/lib/python3.12/site-packages/airflow/example_dags/example_datasets.py
[2025-07-14T14:49:51.333+0000] {processor.py:914} INFO - Processing file /home/airflow/.local/lib/python3.12/site-packages/airflow/example_dags/example_datasets.py for tasks to queue
[2025-07-14T14:49:51.336+0000] {logging_mixin.py:190} INFO - [2025-07-14T14:49:51.336+0000] {dagbag.py:588} INFO - Filling up the DagBag from /home/airflow/.local/lib/python3.12/site-packages/airflow/example_dags/example_datasets.py
[2025-07-14T14:49:52.255+0000] {processor.py:925} INFO - DAG(s) 'dataset_consumes_unknown_never_scheduled', 'conditional_dataset_and_time_based_timetable', 'dataset_consumes_1_and_2', 'consume_1_or_both_2_and_3_with_dataset_expressions', 'consume_1_or_2_with_dataset_expressions', 'consume_1_and_2_with_dataset_expressions', 'dataset_consumes_1', 'dataset_consumes_1_never_scheduled', 'dataset_produces_1', 'dataset_produces_2' retrieved from /home/airflow/.local/lib/python3.12/site-packages/airflow/example_dags/example_datasets.py
[2025-07-14T14:49:52.322+0000] {logging_mixin.py:190} INFO - [2025-07-14T14:49:52.322+0000] {dag.py:3239} INFO - Sync 10 DAGs
[2025-07-14T14:49:52.364+0000] {logging_mixin.py:190} INFO - [2025-07-14T14:49:52.363+0000] {dag.py:4180} INFO - Setting next_dagrun for conditional_dataset_and_time_based_timetable to 2025-07-09 01:00:00+00:00, run_after=2025-07-09 01:00:00+00:00
[2025-07-14T14:49:52.371+0000] {logging_mixin.py:190} INFO - [2025-07-14T14:49:52.370+0000] {dag.py:4180} INFO - Setting next_dagrun for consume_1_and_2_with_dataset_expressions to None, run_after=None
[2025-07-14T14:49:52.375+0000] {logging_mixin.py:190} INFO - [2025-07-14T14:49:52.375+0000] {dag.py:4180} INFO - Setting next_dagrun for consume_1_or_2_with_dataset_expressions to None, run_after=None
[2025-07-14T14:49:52.379+0000] {logging_mixin.py:190} INFO - [2025-07-14T14:49:52.378+0000] {dag.py:4180} INFO - Setting next_dagrun for consume_1_or_both_2_and_3_with_dataset_expressions to None, run_after=None
[2025-07-14T14:49:52.382+0000] {logging_mixin.py:190} INFO - [2025-07-14T14:49:52.381+0000] {dag.py:4180} INFO - Setting next_dagrun for dataset_consumes_1 to None, run_after=None
[2025-07-14T14:49:52.385+0000] {logging_mixin.py:190} INFO - [2025-07-14T14:49:52.384+0000] {dag.py:4180} INFO - Setting next_dagrun for dataset_consumes_1_and_2 to None, run_after=None
[2025-07-14T14:49:52.387+0000] {logging_mixin.py:190} INFO - [2025-07-14T14:49:52.386+0000] {dag.py:4180} INFO - Setting next_dagrun for dataset_consumes_1_never_scheduled to None, run_after=None
[2025-07-14T14:49:52.388+0000] {logging_mixin.py:190} INFO - [2025-07-14T14:49:52.388+0000] {dag.py:4180} INFO - Setting next_dagrun for dataset_consumes_unknown_never_scheduled to None, run_after=None
[2025-07-14T14:49:52.392+0000] {logging_mixin.py:190} INFO - [2025-07-14T14:49:52.392+0000] {dag.py:4180} INFO - Setting next_dagrun for dataset_produces_1 to 2025-07-13 00:00:00+00:00, run_after=2025-07-14 00:00:00+00:00
[2025-07-14T14:49:52.396+0000] {logging_mixin.py:190} INFO - [2025-07-14T14:49:52.395+0000] {dag.py:4180} INFO - Setting next_dagrun for dataset_produces_2 to None, run_after=None
[2025-07-14T14:49:52.480+0000] {processor.py:208} INFO - Processing /home/airflow/.local/lib/python3.12/site-packages/airflow/example_dags/example_datasets.py took 1.156 seconds
[2025-07-14T14:50:23.114+0000] {processor.py:186} INFO - Started process (PID=791) to work on /home/airflow/.local/lib/python3.12/site-packages/airflow/example_dags/example_datasets.py
[2025-07-14T14:50:23.115+0000] {processor.py:914} INFO - Processing file /home/airflow/.local/lib/python3.12/site-packages/airflow/example_dags/example_datasets.py for tasks to queue
[2025-07-14T14:50:23.118+0000] {logging_mixin.py:190} INFO - [2025-07-14T14:50:23.118+0000] {dagbag.py:588} INFO - Filling up the DagBag from /home/airflow/.local/lib/python3.12/site-packages/airflow/example_dags/example_datasets.py
[2025-07-14T14:50:24.005+0000] {processor.py:925} INFO - DAG(s) 'dataset_consumes_unknown_never_scheduled', 'dataset_consumes_1', 'dataset_produces_1', 'consume_1_or_both_2_and_3_with_dataset_expressions', 'consume_1_or_2_with_dataset_expressions', 'conditional_dataset_and_time_based_timetable', 'dataset_consumes_1_never_scheduled', 'consume_1_and_2_with_dataset_expressions', 'dataset_produces_2', 'dataset_consumes_1_and_2' retrieved from /home/airflow/.local/lib/python3.12/site-packages/airflow/example_dags/example_datasets.py
[2025-07-14T14:50:24.074+0000] {logging_mixin.py:190} INFO - [2025-07-14T14:50:24.074+0000] {dag.py:3239} INFO - Sync 10 DAGs
[2025-07-14T14:50:24.112+0000] {logging_mixin.py:190} INFO - [2025-07-14T14:50:24.111+0000] {dag.py:4180} INFO - Setting next_dagrun for conditional_dataset_and_time_based_timetable to 2025-07-09 01:00:00+00:00, run_after=2025-07-09 01:00:00+00:00
[2025-07-14T14:50:24.117+0000] {logging_mixin.py:190} INFO - [2025-07-14T14:50:24.116+0000] {dag.py:4180} INFO - Setting next_dagrun for consume_1_and_2_with_dataset_expressions to None, run_after=None
[2025-07-14T14:50:24.119+0000] {logging_mixin.py:190} INFO - [2025-07-14T14:50:24.119+0000] {dag.py:4180} INFO - Setting next_dagrun for consume_1_or_2_with_dataset_expressions to None, run_after=None
[2025-07-14T14:50:24.122+0000] {logging_mixin.py:190} INFO - [2025-07-14T14:50:24.122+0000] {dag.py:4180} INFO - Setting next_dagrun for consume_1_or_both_2_and_3_with_dataset_expressions to None, run_after=None
[2025-07-14T14:50:24.125+0000] {logging_mixin.py:190} INFO - [2025-07-14T14:50:24.125+0000] {dag.py:4180} INFO - Setting next_dagrun for dataset_consumes_1 to None, run_after=None
[2025-07-14T14:50:24.127+0000] {logging_mixin.py:190} INFO - [2025-07-14T14:50:24.127+0000] {dag.py:4180} INFO - Setting next_dagrun for dataset_consumes_1_and_2 to None, run_after=None
[2025-07-14T14:50:24.130+0000] {logging_mixin.py:190} INFO - [2025-07-14T14:50:24.129+0000] {dag.py:4180} INFO - Setting next_dagrun for dataset_consumes_1_never_scheduled to None, run_after=None
[2025-07-14T14:50:24.132+0000] {logging_mixin.py:190} INFO - [2025-07-14T14:50:24.132+0000] {dag.py:4180} INFO - Setting next_dagrun for dataset_consumes_unknown_never_scheduled to None, run_after=None
[2025-07-14T14:50:24.136+0000] {logging_mixin.py:190} INFO - [2025-07-14T14:50:24.136+0000] {dag.py:4180} INFO - Setting next_dagrun for dataset_produces_1 to 2025-07-13 00:00:00+00:00, run_after=2025-07-14 00:00:00+00:00
[2025-07-14T14:50:24.139+0000] {logging_mixin.py:190} INFO - [2025-07-14T14:50:24.139+0000] {dag.py:4180} INFO - Setting next_dagrun for dataset_produces_2 to None, run_after=None
[2025-07-14T14:50:24.223+0000] {processor.py:208} INFO - Processing /home/airflow/.local/lib/python3.12/site-packages/airflow/example_dags/example_datasets.py took 1.116 seconds
[2025-07-14T14:50:54.517+0000] {processor.py:186} INFO - Started process (PID=852) to work on /home/airflow/.local/lib/python3.12/site-packages/airflow/example_dags/example_datasets.py
[2025-07-14T14:50:54.518+0000] {processor.py:914} INFO - Processing file /home/airflow/.local/lib/python3.12/site-packages/airflow/example_dags/example_datasets.py for tasks to queue
[2025-07-14T14:50:54.521+0000] {logging_mixin.py:190} INFO - [2025-07-14T14:50:54.520+0000] {dagbag.py:588} INFO - Filling up the DagBag from /home/airflow/.local/lib/python3.12/site-packages/airflow/example_dags/example_datasets.py
[2025-07-14T14:50:55.387+0000] {processor.py:925} INFO - DAG(s) 'consume_1_or_both_2_and_3_with_dataset_expressions', 'dataset_produces_2', 'dataset_consumes_unknown_never_scheduled', 'consume_1_and_2_with_dataset_expressions', 'dataset_consumes_1_and_2', 'dataset_consumes_1', 'dataset_produces_1', 'consume_1_or_2_with_dataset_expressions', 'dataset_consumes_1_never_scheduled', 'conditional_dataset_and_time_based_timetable' retrieved from /home/airflow/.local/lib/python3.12/site-packages/airflow/example_dags/example_datasets.py
[2025-07-14T14:50:55.454+0000] {logging_mixin.py:190} INFO - [2025-07-14T14:50:55.454+0000] {dag.py:3239} INFO - Sync 10 DAGs
[2025-07-14T14:50:55.489+0000] {logging_mixin.py:190} INFO - [2025-07-14T14:50:55.489+0000] {dag.py:4180} INFO - Setting next_dagrun for conditional_dataset_and_time_based_timetable to 2025-07-09 01:00:00+00:00, run_after=2025-07-09 01:00:00+00:00
[2025-07-14T14:50:55.495+0000] {logging_mixin.py:190} INFO - [2025-07-14T14:50:55.495+0000] {dag.py:4180} INFO - Setting next_dagrun for consume_1_and_2_with_dataset_expressions to None, run_after=None
[2025-07-14T14:50:55.497+0000] {logging_mixin.py:190} INFO - [2025-07-14T14:50:55.497+0000] {dag.py:4180} INFO - Setting next_dagrun for consume_1_or_2_with_dataset_expressions to None, run_after=None
[2025-07-14T14:50:55.500+0000] {logging_mixin.py:190} INFO - [2025-07-14T14:50:55.499+0000] {dag.py:4180} INFO - Setting next_dagrun for consume_1_or_both_2_and_3_with_dataset_expressions to None, run_after=None
[2025-07-14T14:50:55.502+0000] {logging_mixin.py:190} INFO - [2025-07-14T14:50:55.501+0000] {dag.py:4180} INFO - Setting next_dagrun for dataset_consumes_1 to None, run_after=None
[2025-07-14T14:50:55.504+0000] {logging_mixin.py:190} INFO - [2025-07-14T14:50:55.504+0000] {dag.py:4180} INFO - Setting next_dagrun for dataset_consumes_1_and_2 to None, run_after=None
[2025-07-14T14:50:55.506+0000] {logging_mixin.py:190} INFO - [2025-07-14T14:50:55.506+0000] {dag.py:4180} INFO - Setting next_dagrun for dataset_consumes_1_never_scheduled to None, run_after=None
[2025-07-14T14:50:55.508+0000] {logging_mixin.py:190} INFO - [2025-07-14T14:50:55.508+0000] {dag.py:4180} INFO - Setting next_dagrun for dataset_consumes_unknown_never_scheduled to None, run_after=None
[2025-07-14T14:50:55.512+0000] {logging_mixin.py:190} INFO - [2025-07-14T14:50:55.512+0000] {dag.py:4180} INFO - Setting next_dagrun for dataset_produces_1 to 2025-07-13 00:00:00+00:00, run_after=2025-07-14 00:00:00+00:00
[2025-07-14T14:50:55.515+0000] {logging_mixin.py:190} INFO - [2025-07-14T14:50:55.514+0000] {dag.py:4180} INFO - Setting next_dagrun for dataset_produces_2 to None, run_after=None
[2025-07-14T14:50:55.569+0000] {processor.py:208} INFO - Processing /home/airflow/.local/lib/python3.12/site-packages/airflow/example_dags/example_datasets.py took 1.059 seconds
