[2025-07-14T14:48:03.417+0000] {processor.py:186} INFO - Started process (PID=519) to work on /home/airflow/.local/lib/python3.12/site-packages/airflow/example_dags/example_inlet_event_extra.py
[2025-07-14T14:48:03.418+0000] {processor.py:914} INFO - Processing file /home/airflow/.local/lib/python3.12/site-packages/airflow/example_dags/example_inlet_event_extra.py for tasks to queue
[2025-07-14T14:48:03.421+0000] {logging_mixin.py:190} INFO - [2025-07-14T14:48:03.421+0000] {dagbag.py:588} INFO - Filling up the DagBag from /home/airflow/.local/lib/python3.12/site-packages/airflow/example_dags/example_inlet_event_extra.py
[2025-07-14T14:48:04.355+0000] {processor.py:925} INFO - DAG(s) 'read_dataset_event_from_classic', 'read_dataset_event' retrieved from /home/airflow/.local/lib/python3.12/site-packages/airflow/example_dags/example_inlet_event_extra.py
[2025-07-14T14:48:04.383+0000] {logging_mixin.py:190} INFO - [2025-07-14T14:48:04.383+0000] {dag.py:3239} INFO - Sync 2 DAGs
[2025-07-14T14:48:04.425+0000] {logging_mixin.py:190} INFO - [2025-07-14T14:48:04.425+0000] {dag.py:4180} INFO - Setting next_dagrun for read_dataset_event to 2025-07-13 00:00:00+00:00, run_after=2025-07-14 00:00:00+00:00
[2025-07-14T14:48:04.432+0000] {logging_mixin.py:190} INFO - [2025-07-14T14:48:04.432+0000] {dag.py:4180} INFO - Setting next_dagrun for read_dataset_event_from_classic to 2025-07-13 00:00:00+00:00, run_after=2025-07-14 00:00:00+00:00
[2025-07-14T14:48:04.485+0000] {processor.py:208} INFO - Processing /home/airflow/.local/lib/python3.12/site-packages/airflow/example_dags/example_inlet_event_extra.py took 1.075 seconds
[2025-07-14T14:48:36.997+0000] {processor.py:186} INFO - Started process (PID=583) to work on /home/airflow/.local/lib/python3.12/site-packages/airflow/example_dags/example_inlet_event_extra.py
[2025-07-14T14:48:36.999+0000] {processor.py:914} INFO - Processing file /home/airflow/.local/lib/python3.12/site-packages/airflow/example_dags/example_inlet_event_extra.py for tasks to queue
[2025-07-14T14:48:37.003+0000] {logging_mixin.py:190} INFO - [2025-07-14T14:48:37.002+0000] {dagbag.py:588} INFO - Filling up the DagBag from /home/airflow/.local/lib/python3.12/site-packages/airflow/example_dags/example_inlet_event_extra.py
[2025-07-14T14:48:37.933+0000] {processor.py:925} INFO - DAG(s) 'read_dataset_event_from_classic', 'read_dataset_event' retrieved from /home/airflow/.local/lib/python3.12/site-packages/airflow/example_dags/example_inlet_event_extra.py
[2025-07-14T14:48:37.961+0000] {logging_mixin.py:190} INFO - [2025-07-14T14:48:37.960+0000] {dag.py:3239} INFO - Sync 2 DAGs
[2025-07-14T14:48:38.006+0000] {logging_mixin.py:190} INFO - [2025-07-14T14:48:38.005+0000] {dag.py:4180} INFO - Setting next_dagrun for read_dataset_event to 2025-07-13 00:00:00+00:00, run_after=2025-07-14 00:00:00+00:00
[2025-07-14T14:48:38.013+0000] {logging_mixin.py:190} INFO - [2025-07-14T14:48:38.013+0000] {dag.py:4180} INFO - Setting next_dagrun for read_dataset_event_from_classic to 2025-07-13 00:00:00+00:00, run_after=2025-07-14 00:00:00+00:00
[2025-07-14T14:48:38.045+0000] {processor.py:208} INFO - Processing /home/airflow/.local/lib/python3.12/site-packages/airflow/example_dags/example_inlet_event_extra.py took 1.060 seconds
[2025-07-14T14:49:09.469+0000] {processor.py:186} INFO - Started process (PID=642) to work on /home/airflow/.local/lib/python3.12/site-packages/airflow/example_dags/example_inlet_event_extra.py
[2025-07-14T14:49:09.471+0000] {processor.py:914} INFO - Processing file /home/airflow/.local/lib/python3.12/site-packages/airflow/example_dags/example_inlet_event_extra.py for tasks to queue
[2025-07-14T14:49:09.474+0000] {logging_mixin.py:190} INFO - [2025-07-14T14:49:09.473+0000] {dagbag.py:588} INFO - Filling up the DagBag from /home/airflow/.local/lib/python3.12/site-packages/airflow/example_dags/example_inlet_event_extra.py
[2025-07-14T14:49:10.329+0000] {processor.py:925} INFO - DAG(s) 'read_dataset_event', 'read_dataset_event_from_classic' retrieved from /home/airflow/.local/lib/python3.12/site-packages/airflow/example_dags/example_inlet_event_extra.py
[2025-07-14T14:49:10.363+0000] {logging_mixin.py:190} INFO - [2025-07-14T14:49:10.362+0000] {dag.py:3239} INFO - Sync 2 DAGs
[2025-07-14T14:49:10.411+0000] {logging_mixin.py:190} INFO - [2025-07-14T14:49:10.410+0000] {dag.py:4180} INFO - Setting next_dagrun for read_dataset_event to 2025-07-13 00:00:00+00:00, run_after=2025-07-14 00:00:00+00:00
[2025-07-14T14:49:10.419+0000] {logging_mixin.py:190} INFO - [2025-07-14T14:49:10.418+0000] {dag.py:4180} INFO - Setting next_dagrun for read_dataset_event_from_classic to 2025-07-13 00:00:00+00:00, run_after=2025-07-14 00:00:00+00:00
[2025-07-14T14:49:10.443+0000] {processor.py:208} INFO - Processing /home/airflow/.local/lib/python3.12/site-packages/airflow/example_dags/example_inlet_event_extra.py took 0.982 seconds
[2025-07-14T14:49:41.955+0000] {processor.py:186} INFO - Started process (PID=711) to work on /home/airflow/.local/lib/python3.12/site-packages/airflow/example_dags/example_inlet_event_extra.py
[2025-07-14T14:49:41.956+0000] {processor.py:914} INFO - Processing file /home/airflow/.local/lib/python3.12/site-packages/airflow/example_dags/example_inlet_event_extra.py for tasks to queue
[2025-07-14T14:49:41.959+0000] {logging_mixin.py:190} INFO - [2025-07-14T14:49:41.959+0000] {dagbag.py:588} INFO - Filling up the DagBag from /home/airflow/.local/lib/python3.12/site-packages/airflow/example_dags/example_inlet_event_extra.py
[2025-07-14T14:49:42.712+0000] {processor.py:925} INFO - DAG(s) 'read_dataset_event', 'read_dataset_event_from_classic' retrieved from /home/airflow/.local/lib/python3.12/site-packages/airflow/example_dags/example_inlet_event_extra.py
[2025-07-14T14:49:42.740+0000] {logging_mixin.py:190} INFO - [2025-07-14T14:49:42.740+0000] {dag.py:3239} INFO - Sync 2 DAGs
[2025-07-14T14:49:42.774+0000] {logging_mixin.py:190} INFO - [2025-07-14T14:49:42.773+0000] {dag.py:4180} INFO - Setting next_dagrun for read_dataset_event to 2025-07-13 00:00:00+00:00, run_after=2025-07-14 00:00:00+00:00
[2025-07-14T14:49:42.781+0000] {logging_mixin.py:190} INFO - [2025-07-14T14:49:42.781+0000] {dag.py:4180} INFO - Setting next_dagrun for read_dataset_event_from_classic to 2025-07-13 00:00:00+00:00, run_after=2025-07-14 00:00:00+00:00
[2025-07-14T14:49:42.830+0000] {processor.py:208} INFO - Processing /home/airflow/.local/lib/python3.12/site-packages/airflow/example_dags/example_inlet_event_extra.py took 0.883 seconds
[2025-07-14T14:50:15.099+0000] {processor.py:186} INFO - Started process (PID=768) to work on /home/airflow/.local/lib/python3.12/site-packages/airflow/example_dags/example_inlet_event_extra.py
[2025-07-14T14:50:15.100+0000] {processor.py:914} INFO - Processing file /home/airflow/.local/lib/python3.12/site-packages/airflow/example_dags/example_inlet_event_extra.py for tasks to queue
[2025-07-14T14:50:15.103+0000] {logging_mixin.py:190} INFO - [2025-07-14T14:50:15.103+0000] {dagbag.py:588} INFO - Filling up the DagBag from /home/airflow/.local/lib/python3.12/site-packages/airflow/example_dags/example_inlet_event_extra.py
[2025-07-14T14:50:15.906+0000] {processor.py:925} INFO - DAG(s) 'read_dataset_event_from_classic', 'read_dataset_event' retrieved from /home/airflow/.local/lib/python3.12/site-packages/airflow/example_dags/example_inlet_event_extra.py
[2025-07-14T14:50:15.938+0000] {logging_mixin.py:190} INFO - [2025-07-14T14:50:15.938+0000] {dag.py:3239} INFO - Sync 2 DAGs
[2025-07-14T14:50:15.974+0000] {logging_mixin.py:190} INFO - [2025-07-14T14:50:15.974+0000] {dag.py:4180} INFO - Setting next_dagrun for read_dataset_event to 2025-07-13 00:00:00+00:00, run_after=2025-07-14 00:00:00+00:00
[2025-07-14T14:50:15.982+0000] {logging_mixin.py:190} INFO - [2025-07-14T14:50:15.982+0000] {dag.py:4180} INFO - Setting next_dagrun for read_dataset_event_from_classic to 2025-07-13 00:00:00+00:00, run_after=2025-07-14 00:00:00+00:00
[2025-07-14T14:50:16.025+0000] {processor.py:208} INFO - Processing /home/airflow/.local/lib/python3.12/site-packages/airflow/example_dags/example_inlet_event_extra.py took 0.934 seconds
[2025-07-14T14:50:47.069+0000] {processor.py:186} INFO - Started process (PID=831) to work on /home/airflow/.local/lib/python3.12/site-packages/airflow/example_dags/example_inlet_event_extra.py
[2025-07-14T14:50:47.070+0000] {processor.py:914} INFO - Processing file /home/airflow/.local/lib/python3.12/site-packages/airflow/example_dags/example_inlet_event_extra.py for tasks to queue
[2025-07-14T14:50:47.074+0000] {logging_mixin.py:190} INFO - [2025-07-14T14:50:47.074+0000] {dagbag.py:588} INFO - Filling up the DagBag from /home/airflow/.local/lib/python3.12/site-packages/airflow/example_dags/example_inlet_event_extra.py
[2025-07-14T14:50:47.894+0000] {processor.py:925} INFO - DAG(s) 'read_dataset_event', 'read_dataset_event_from_classic' retrieved from /home/airflow/.local/lib/python3.12/site-packages/airflow/example_dags/example_inlet_event_extra.py
[2025-07-14T14:50:47.922+0000] {logging_mixin.py:190} INFO - [2025-07-14T14:50:47.922+0000] {dag.py:3239} INFO - Sync 2 DAGs
[2025-07-14T14:50:47.956+0000] {logging_mixin.py:190} INFO - [2025-07-14T14:50:47.955+0000] {dag.py:4180} INFO - Setting next_dagrun for read_dataset_event to 2025-07-13 00:00:00+00:00, run_after=2025-07-14 00:00:00+00:00
[2025-07-14T14:50:47.963+0000] {logging_mixin.py:190} INFO - [2025-07-14T14:50:47.962+0000] {dag.py:4180} INFO - Setting next_dagrun for read_dataset_event_from_classic to 2025-07-13 00:00:00+00:00, run_after=2025-07-14 00:00:00+00:00
[2025-07-14T14:50:47.996+0000] {processor.py:208} INFO - Processing /home/airflow/.local/lib/python3.12/site-packages/airflow/example_dags/example_inlet_event_extra.py took 0.937 seconds
[2025-07-14T14:51:20.298+0000] {processor.py:186} INFO - Started process (PID=894) to work on /home/airflow/.local/lib/python3.12/site-packages/airflow/example_dags/example_inlet_event_extra.py
[2025-07-14T14:51:20.300+0000] {processor.py:914} INFO - Processing file /home/airflow/.local/lib/python3.12/site-packages/airflow/example_dags/example_inlet_event_extra.py for tasks to queue
[2025-07-14T14:51:20.303+0000] {logging_mixin.py:190} INFO - [2025-07-14T14:51:20.302+0000] {dagbag.py:588} INFO - Filling up the DagBag from /home/airflow/.local/lib/python3.12/site-packages/airflow/example_dags/example_inlet_event_extra.py
[2025-07-14T14:51:21.108+0000] {processor.py:925} INFO - DAG(s) 'read_dataset_event', 'read_dataset_event_from_classic' retrieved from /home/airflow/.local/lib/python3.12/site-packages/airflow/example_dags/example_inlet_event_extra.py
[2025-07-14T14:51:21.136+0000] {logging_mixin.py:190} INFO - [2025-07-14T14:51:21.136+0000] {dag.py:3239} INFO - Sync 2 DAGs
[2025-07-14T14:51:21.187+0000] {logging_mixin.py:190} INFO - [2025-07-14T14:51:21.186+0000] {dag.py:4180} INFO - Setting next_dagrun for read_dataset_event to 2025-07-13 00:00:00+00:00, run_after=2025-07-14 00:00:00+00:00
[2025-07-14T14:51:21.194+0000] {logging_mixin.py:190} INFO - [2025-07-14T14:51:21.194+0000] {dag.py:4180} INFO - Setting next_dagrun for read_dataset_event_from_classic to 2025-07-13 00:00:00+00:00, run_after=2025-07-14 00:00:00+00:00
[2025-07-14T14:51:21.218+0000] {processor.py:208} INFO - Processing /home/airflow/.local/lib/python3.12/site-packages/airflow/example_dags/example_inlet_event_extra.py took 0.927 seconds
