[2025-07-14T14:48:15.491+0000] {processor.py:186} INFO - Started process (PID=533) to work on /home/airflow/.local/lib/python3.12/site-packages/airflow/example_dags/example_workday_timetable.py
[2025-07-14T14:48:15.493+0000] {processor.py:914} INFO - Processing file /home/airflow/.local/lib/python3.12/site-packages/airflow/example_dags/example_workday_timetable.py for tasks to queue
[2025-07-14T14:48:15.496+0000] {logging_mixin.py:190} INFO - [2025-07-14T14:48:15.496+0000] {dagbag.py:588} INFO - Filling up the DagBag from /home/airflow/.local/lib/python3.12/site-packages/airflow/example_dags/example_workday_timetable.py
[2025-07-14T14:48:15.504+0000] {processor.py:925} INFO - DAG(s) 'example_workday_timetable' retrieved from /home/airflow/.local/lib/python3.12/site-packages/airflow/example_dags/example_workday_timetable.py
[2025-07-14T14:48:15.530+0000] {logging_mixin.py:190} INFO - [2025-07-14T14:48:15.530+0000] {dag.py:3239} INFO - Sync 1 DAGs
[2025-07-14T14:48:15.620+0000] {logging_mixin.py:190} INFO - [2025-07-14T14:48:15.620+0000] {dag.py:4180} INFO - Setting next_dagrun for example_workday_timetable to 2021-01-04 00:00:00+00:00, run_after=2021-01-05 00:00:00+00:00
[2025-07-14T14:48:15.673+0000] {processor.py:208} INFO - Processing /home/airflow/.local/lib/python3.12/site-packages/airflow/example_dags/example_workday_timetable.py took 0.189 seconds
[2025-07-14T14:48:46.749+0000] {processor.py:186} INFO - Started process (PID=596) to work on /home/airflow/.local/lib/python3.12/site-packages/airflow/example_dags/example_workday_timetable.py
[2025-07-14T14:48:46.750+0000] {processor.py:914} INFO - Processing file /home/airflow/.local/lib/python3.12/site-packages/airflow/example_dags/example_workday_timetable.py for tasks to queue
[2025-07-14T14:48:46.754+0000] {logging_mixin.py:190} INFO - [2025-07-14T14:48:46.753+0000] {dagbag.py:588} INFO - Filling up the DagBag from /home/airflow/.local/lib/python3.12/site-packages/airflow/example_dags/example_workday_timetable.py
[2025-07-14T14:48:46.762+0000] {processor.py:925} INFO - DAG(s) 'example_workday_timetable' retrieved from /home/airflow/.local/lib/python3.12/site-packages/airflow/example_dags/example_workday_timetable.py
[2025-07-14T14:48:46.791+0000] {logging_mixin.py:190} INFO - [2025-07-14T14:48:46.791+0000] {dag.py:3239} INFO - Sync 1 DAGs
[2025-07-14T14:48:46.898+0000] {logging_mixin.py:190} INFO - [2025-07-14T14:48:46.897+0000] {dag.py:4180} INFO - Setting next_dagrun for example_workday_timetable to 2021-01-04 00:00:00+00:00, run_after=2021-01-05 00:00:00+00:00
[2025-07-14T14:48:46.951+0000] {processor.py:208} INFO - Processing /home/airflow/.local/lib/python3.12/site-packages/airflow/example_dags/example_workday_timetable.py took 0.209 seconds
[2025-07-14T14:49:18.867+0000] {processor.py:186} INFO - Started process (PID=659) to work on /home/airflow/.local/lib/python3.12/site-packages/airflow/example_dags/example_workday_timetable.py
[2025-07-14T14:49:18.868+0000] {processor.py:914} INFO - Processing file /home/airflow/.local/lib/python3.12/site-packages/airflow/example_dags/example_workday_timetable.py for tasks to queue
[2025-07-14T14:49:18.871+0000] {logging_mixin.py:190} INFO - [2025-07-14T14:49:18.871+0000] {dagbag.py:588} INFO - Filling up the DagBag from /home/airflow/.local/lib/python3.12/site-packages/airflow/example_dags/example_workday_timetable.py
[2025-07-14T14:49:18.900+0000] {processor.py:925} INFO - DAG(s) 'example_workday_timetable' retrieved from /home/airflow/.local/lib/python3.12/site-packages/airflow/example_dags/example_workday_timetable.py
[2025-07-14T14:49:19.147+0000] {logging_mixin.py:190} INFO - [2025-07-14T14:49:19.146+0000] {dag.py:3239} INFO - Sync 1 DAGs
[2025-07-14T14:49:19.304+0000] {logging_mixin.py:190} INFO - [2025-07-14T14:49:19.303+0000] {dag.py:4180} INFO - Setting next_dagrun for example_workday_timetable to 2021-01-04 00:00:00+00:00, run_after=2021-01-05 00:00:00+00:00
[2025-07-14T14:49:19.330+0000] {processor.py:208} INFO - Processing /home/airflow/.local/lib/python3.12/site-packages/airflow/example_dags/example_workday_timetable.py took 0.470 seconds
[2025-07-14T14:49:50.695+0000] {processor.py:186} INFO - Started process (PID=722) to work on /home/airflow/.local/lib/python3.12/site-packages/airflow/example_dags/example_workday_timetable.py
[2025-07-14T14:49:50.696+0000] {processor.py:914} INFO - Processing file /home/airflow/.local/lib/python3.12/site-packages/airflow/example_dags/example_workday_timetable.py for tasks to queue
[2025-07-14T14:49:50.699+0000] {logging_mixin.py:190} INFO - [2025-07-14T14:49:50.699+0000] {dagbag.py:588} INFO - Filling up the DagBag from /home/airflow/.local/lib/python3.12/site-packages/airflow/example_dags/example_workday_timetable.py
[2025-07-14T14:49:50.707+0000] {processor.py:925} INFO - DAG(s) 'example_workday_timetable' retrieved from /home/airflow/.local/lib/python3.12/site-packages/airflow/example_dags/example_workday_timetable.py
[2025-07-14T14:49:50.734+0000] {logging_mixin.py:190} INFO - [2025-07-14T14:49:50.733+0000] {dag.py:3239} INFO - Sync 1 DAGs
[2025-07-14T14:49:50.824+0000] {logging_mixin.py:190} INFO - [2025-07-14T14:49:50.823+0000] {dag.py:4180} INFO - Setting next_dagrun for example_workday_timetable to 2021-01-04 00:00:00+00:00, run_after=2021-01-05 00:00:00+00:00
[2025-07-14T14:49:50.862+0000] {processor.py:208} INFO - Processing /home/airflow/.local/lib/python3.12/site-packages/airflow/example_dags/example_workday_timetable.py took 0.176 seconds
[2025-07-14T14:50:21.935+0000] {processor.py:186} INFO - Started process (PID=779) to work on /home/airflow/.local/lib/python3.12/site-packages/airflow/example_dags/example_workday_timetable.py
[2025-07-14T14:50:21.936+0000] {processor.py:914} INFO - Processing file /home/airflow/.local/lib/python3.12/site-packages/airflow/example_dags/example_workday_timetable.py for tasks to queue
[2025-07-14T14:50:21.939+0000] {logging_mixin.py:190} INFO - [2025-07-14T14:50:21.938+0000] {dagbag.py:588} INFO - Filling up the DagBag from /home/airflow/.local/lib/python3.12/site-packages/airflow/example_dags/example_workday_timetable.py
[2025-07-14T14:50:21.946+0000] {processor.py:925} INFO - DAG(s) 'example_workday_timetable' retrieved from /home/airflow/.local/lib/python3.12/site-packages/airflow/example_dags/example_workday_timetable.py
[2025-07-14T14:50:21.971+0000] {logging_mixin.py:190} INFO - [2025-07-14T14:50:21.971+0000] {dag.py:3239} INFO - Sync 1 DAGs
[2025-07-14T14:50:22.057+0000] {logging_mixin.py:190} INFO - [2025-07-14T14:50:22.056+0000] {dag.py:4180} INFO - Setting next_dagrun for example_workday_timetable to 2021-01-04 00:00:00+00:00, run_after=2021-01-05 00:00:00+00:00
[2025-07-14T14:50:22.191+0000] {processor.py:208} INFO - Processing /home/airflow/.local/lib/python3.12/site-packages/airflow/example_dags/example_workday_timetable.py took 0.264 seconds
[2025-07-14T14:50:53.217+0000] {processor.py:186} INFO - Started process (PID=842) to work on /home/airflow/.local/lib/python3.12/site-packages/airflow/example_dags/example_workday_timetable.py
[2025-07-14T14:50:53.218+0000] {processor.py:914} INFO - Processing file /home/airflow/.local/lib/python3.12/site-packages/airflow/example_dags/example_workday_timetable.py for tasks to queue
[2025-07-14T14:50:53.222+0000] {logging_mixin.py:190} INFO - [2025-07-14T14:50:53.221+0000] {dagbag.py:588} INFO - Filling up the DagBag from /home/airflow/.local/lib/python3.12/site-packages/airflow/example_dags/example_workday_timetable.py
[2025-07-14T14:50:53.229+0000] {processor.py:925} INFO - DAG(s) 'example_workday_timetable' retrieved from /home/airflow/.local/lib/python3.12/site-packages/airflow/example_dags/example_workday_timetable.py
[2025-07-14T14:50:53.261+0000] {logging_mixin.py:190} INFO - [2025-07-14T14:50:53.260+0000] {dag.py:3239} INFO - Sync 1 DAGs
[2025-07-14T14:50:53.350+0000] {logging_mixin.py:190} INFO - [2025-07-14T14:50:53.349+0000] {dag.py:4180} INFO - Setting next_dagrun for example_workday_timetable to 2021-01-04 00:00:00+00:00, run_after=2021-01-05 00:00:00+00:00
[2025-07-14T14:50:53.375+0000] {processor.py:208} INFO - Processing /home/airflow/.local/lib/python3.12/site-packages/airflow/example_dags/example_workday_timetable.py took 0.165 seconds
[2025-07-14T14:51:24.917+0000] {processor.py:186} INFO - Started process (PID=905) to work on /home/airflow/.local/lib/python3.12/site-packages/airflow/example_dags/example_workday_timetable.py
[2025-07-14T14:51:24.918+0000] {processor.py:914} INFO - Processing file /home/airflow/.local/lib/python3.12/site-packages/airflow/example_dags/example_workday_timetable.py for tasks to queue
[2025-07-14T14:51:24.921+0000] {logging_mixin.py:190} INFO - [2025-07-14T14:51:24.920+0000] {dagbag.py:588} INFO - Filling up the DagBag from /home/airflow/.local/lib/python3.12/site-packages/airflow/example_dags/example_workday_timetable.py
[2025-07-14T14:51:24.929+0000] {processor.py:925} INFO - DAG(s) 'example_workday_timetable' retrieved from /home/airflow/.local/lib/python3.12/site-packages/airflow/example_dags/example_workday_timetable.py
[2025-07-14T14:51:24.957+0000] {logging_mixin.py:190} INFO - [2025-07-14T14:51:24.957+0000] {dag.py:3239} INFO - Sync 1 DAGs
[2025-07-14T14:51:25.078+0000] {logging_mixin.py:190} INFO - [2025-07-14T14:51:25.078+0000] {dag.py:4180} INFO - Setting next_dagrun for example_workday_timetable to 2021-01-04 00:00:00+00:00, run_after=2021-01-05 00:00:00+00:00
[2025-07-14T14:51:25.122+0000] {processor.py:208} INFO - Processing /home/airflow/.local/lib/python3.12/site-packages/airflow/example_dags/example_workday_timetable.py took 0.213 seconds
