[2025-07-14T14:48:03.164+0000] {processor.py:186} INFO - Started process (PID=516) to work on /home/airflow/.local/lib/python3.12/site-packages/airflow/example_dags/example_kubernetes_executor.py
[2025-07-14T14:48:03.166+0000] {processor.py:914} INFO - Processing file /home/airflow/.local/lib/python3.12/site-packages/airflow/example_dags/example_kubernetes_executor.py for tasks to queue
[2025-07-14T14:48:03.169+0000] {logging_mixin.py:190} INFO - [2025-07-14T14:48:03.168+0000] {dagbag.py:588} INFO - Filling up the DagBag from /home/airflow/.local/lib/python3.12/site-packages/airflow/example_dags/example_kubernetes_executor.py
[2025-07-14T14:48:03.188+0000] {processor.py:925} INFO - DAG(s) 'example_kubernetes_executor' retrieved from /home/airflow/.local/lib/python3.12/site-packages/airflow/example_dags/example_kubernetes_executor.py
[2025-07-14T14:48:03.223+0000] {logging_mixin.py:190} INFO - [2025-07-14T14:48:03.223+0000] {dag.py:3239} INFO - Sync 1 DAGs
[2025-07-14T14:48:03.243+0000] {logging_mixin.py:190} INFO - [2025-07-14T14:48:03.243+0000] {dag.py:4180} INFO - Setting next_dagrun for example_kubernetes_executor to None, run_after=None
[2025-07-14T14:48:03.269+0000] {processor.py:208} INFO - Processing /home/airflow/.local/lib/python3.12/site-packages/airflow/example_dags/example_kubernetes_executor.py took 0.113 seconds
[2025-07-14T14:48:33.867+0000] {processor.py:186} INFO - Started process (PID=558) to work on /home/airflow/.local/lib/python3.12/site-packages/airflow/example_dags/example_kubernetes_executor.py
[2025-07-14T14:48:33.869+0000] {processor.py:914} INFO - Processing file /home/airflow/.local/lib/python3.12/site-packages/airflow/example_dags/example_kubernetes_executor.py for tasks to queue
[2025-07-14T14:48:33.871+0000] {logging_mixin.py:190} INFO - [2025-07-14T14:48:33.871+0000] {dagbag.py:588} INFO - Filling up the DagBag from /home/airflow/.local/lib/python3.12/site-packages/airflow/example_dags/example_kubernetes_executor.py
[2025-07-14T14:48:33.888+0000] {processor.py:925} INFO - DAG(s) 'example_kubernetes_executor' retrieved from /home/airflow/.local/lib/python3.12/site-packages/airflow/example_dags/example_kubernetes_executor.py
[2025-07-14T14:48:33.924+0000] {logging_mixin.py:190} INFO - [2025-07-14T14:48:33.923+0000] {dag.py:3239} INFO - Sync 1 DAGs
[2025-07-14T14:48:33.947+0000] {logging_mixin.py:190} INFO - [2025-07-14T14:48:33.947+0000] {dag.py:4180} INFO - Setting next_dagrun for example_kubernetes_executor to None, run_after=None
[2025-07-14T14:48:33.986+0000] {processor.py:208} INFO - Processing /home/airflow/.local/lib/python3.12/site-packages/airflow/example_dags/example_kubernetes_executor.py took 0.126 seconds
[2025-07-14T14:49:06.578+0000] {processor.py:186} INFO - Started process (PID=621) to work on /home/airflow/.local/lib/python3.12/site-packages/airflow/example_dags/example_kubernetes_executor.py
[2025-07-14T14:49:06.579+0000] {processor.py:914} INFO - Processing file /home/airflow/.local/lib/python3.12/site-packages/airflow/example_dags/example_kubernetes_executor.py for tasks to queue
[2025-07-14T14:49:06.582+0000] {logging_mixin.py:190} INFO - [2025-07-14T14:49:06.582+0000] {dagbag.py:588} INFO - Filling up the DagBag from /home/airflow/.local/lib/python3.12/site-packages/airflow/example_dags/example_kubernetes_executor.py
[2025-07-14T14:49:06.601+0000] {processor.py:925} INFO - DAG(s) 'example_kubernetes_executor' retrieved from /home/airflow/.local/lib/python3.12/site-packages/airflow/example_dags/example_kubernetes_executor.py
[2025-07-14T14:49:06.633+0000] {logging_mixin.py:190} INFO - [2025-07-14T14:49:06.632+0000] {dag.py:3239} INFO - Sync 1 DAGs
[2025-07-14T14:49:06.652+0000] {logging_mixin.py:190} INFO - [2025-07-14T14:49:06.651+0000] {dag.py:4180} INFO - Setting next_dagrun for example_kubernetes_executor to None, run_after=None
[2025-07-14T14:49:06.707+0000] {processor.py:208} INFO - Processing /home/airflow/.local/lib/python3.12/site-packages/airflow/example_dags/example_kubernetes_executor.py took 0.136 seconds
[2025-07-14T14:49:38.924+0000] {processor.py:186} INFO - Started process (PID=684) to work on /home/airflow/.local/lib/python3.12/site-packages/airflow/example_dags/example_kubernetes_executor.py
[2025-07-14T14:49:38.926+0000] {processor.py:914} INFO - Processing file /home/airflow/.local/lib/python3.12/site-packages/airflow/example_dags/example_kubernetes_executor.py for tasks to queue
[2025-07-14T14:49:38.930+0000] {logging_mixin.py:190} INFO - [2025-07-14T14:49:38.929+0000] {dagbag.py:588} INFO - Filling up the DagBag from /home/airflow/.local/lib/python3.12/site-packages/airflow/example_dags/example_kubernetes_executor.py
[2025-07-14T14:49:38.952+0000] {processor.py:925} INFO - DAG(s) 'example_kubernetes_executor' retrieved from /home/airflow/.local/lib/python3.12/site-packages/airflow/example_dags/example_kubernetes_executor.py
[2025-07-14T14:49:38.992+0000] {logging_mixin.py:190} INFO - [2025-07-14T14:49:38.992+0000] {dag.py:3239} INFO - Sync 1 DAGs
[2025-07-14T14:49:39.013+0000] {logging_mixin.py:190} INFO - [2025-07-14T14:49:39.013+0000] {dag.py:4180} INFO - Setting next_dagrun for example_kubernetes_executor to None, run_after=None
[2025-07-14T14:49:39.046+0000] {processor.py:208} INFO - Processing /home/airflow/.local/lib/python3.12/site-packages/airflow/example_dags/example_kubernetes_executor.py took 0.131 seconds
[2025-07-14T14:50:11.831+0000] {processor.py:186} INFO - Started process (PID=747) to work on /home/airflow/.local/lib/python3.12/site-packages/airflow/example_dags/example_kubernetes_executor.py
[2025-07-14T14:50:11.832+0000] {processor.py:914} INFO - Processing file /home/airflow/.local/lib/python3.12/site-packages/airflow/example_dags/example_kubernetes_executor.py for tasks to queue
[2025-07-14T14:50:11.836+0000] {logging_mixin.py:190} INFO - [2025-07-14T14:50:11.835+0000] {dagbag.py:588} INFO - Filling up the DagBag from /home/airflow/.local/lib/python3.12/site-packages/airflow/example_dags/example_kubernetes_executor.py
[2025-07-14T14:50:11.855+0000] {processor.py:925} INFO - DAG(s) 'example_kubernetes_executor' retrieved from /home/airflow/.local/lib/python3.12/site-packages/airflow/example_dags/example_kubernetes_executor.py
[2025-07-14T14:50:11.888+0000] {logging_mixin.py:190} INFO - [2025-07-14T14:50:11.888+0000] {dag.py:3239} INFO - Sync 1 DAGs
[2025-07-14T14:50:11.909+0000] {logging_mixin.py:190} INFO - [2025-07-14T14:50:11.908+0000] {dag.py:4180} INFO - Setting next_dagrun for example_kubernetes_executor to None, run_after=None
[2025-07-14T14:50:11.935+0000] {processor.py:208} INFO - Processing /home/airflow/.local/lib/python3.12/site-packages/airflow/example_dags/example_kubernetes_executor.py took 0.111 seconds
[2025-07-14T14:50:44.533+0000] {processor.py:186} INFO - Started process (PID=810) to work on /home/airflow/.local/lib/python3.12/site-packages/airflow/example_dags/example_kubernetes_executor.py
[2025-07-14T14:50:44.534+0000] {processor.py:914} INFO - Processing file /home/airflow/.local/lib/python3.12/site-packages/airflow/example_dags/example_kubernetes_executor.py for tasks to queue
[2025-07-14T14:50:44.537+0000] {logging_mixin.py:190} INFO - [2025-07-14T14:50:44.537+0000] {dagbag.py:588} INFO - Filling up the DagBag from /home/airflow/.local/lib/python3.12/site-packages/airflow/example_dags/example_kubernetes_executor.py
[2025-07-14T14:50:44.558+0000] {processor.py:925} INFO - DAG(s) 'example_kubernetes_executor' retrieved from /home/airflow/.local/lib/python3.12/site-packages/airflow/example_dags/example_kubernetes_executor.py
[2025-07-14T14:50:44.592+0000] {logging_mixin.py:190} INFO - [2025-07-14T14:50:44.591+0000] {dag.py:3239} INFO - Sync 1 DAGs
[2025-07-14T14:50:44.612+0000] {logging_mixin.py:190} INFO - [2025-07-14T14:50:44.611+0000] {dag.py:4180} INFO - Setting next_dagrun for example_kubernetes_executor to None, run_after=None
[2025-07-14T14:50:44.642+0000] {processor.py:208} INFO - Processing /home/airflow/.local/lib/python3.12/site-packages/airflow/example_dags/example_kubernetes_executor.py took 0.115 seconds
[2025-07-14T14:51:17.477+0000] {processor.py:186} INFO - Started process (PID=873) to work on /home/airflow/.local/lib/python3.12/site-packages/airflow/example_dags/example_kubernetes_executor.py
[2025-07-14T14:51:17.478+0000] {processor.py:914} INFO - Processing file /home/airflow/.local/lib/python3.12/site-packages/airflow/example_dags/example_kubernetes_executor.py for tasks to queue
[2025-07-14T14:51:17.481+0000] {logging_mixin.py:190} INFO - [2025-07-14T14:51:17.480+0000] {dagbag.py:588} INFO - Filling up the DagBag from /home/airflow/.local/lib/python3.12/site-packages/airflow/example_dags/example_kubernetes_executor.py
[2025-07-14T14:51:17.503+0000] {processor.py:925} INFO - DAG(s) 'example_kubernetes_executor' retrieved from /home/airflow/.local/lib/python3.12/site-packages/airflow/example_dags/example_kubernetes_executor.py
[2025-07-14T14:51:17.540+0000] {logging_mixin.py:190} INFO - [2025-07-14T14:51:17.540+0000] {dag.py:3239} INFO - Sync 1 DAGs
[2025-07-14T14:51:17.565+0000] {logging_mixin.py:190} INFO - [2025-07-14T14:51:17.564+0000] {dag.py:4180} INFO - Setting next_dagrun for example_kubernetes_executor to None, run_after=None
[2025-07-14T14:51:17.610+0000] {processor.py:208} INFO - Processing /home/airflow/.local/lib/python3.12/site-packages/airflow/example_dags/example_kubernetes_executor.py took 0.140 seconds
