[2025-07-14T14:48:01.601+0000] {processor.py:186} INFO - Started process (PID=501) to work on /home/airflow/.local/lib/python3.12/site-packages/airflow/example_dags/example_task_group.py
[2025-07-14T14:48:01.602+0000] {processor.py:914} INFO - Processing file /home/airflow/.local/lib/python3.12/site-packages/airflow/example_dags/example_task_group.py for tasks to queue
[2025-07-14T14:48:01.605+0000] {logging_mixin.py:190} INFO - [2025-07-14T14:48:01.605+0000] {dagbag.py:588} INFO - Filling up the DagBag from /home/airflow/.local/lib/python3.12/site-packages/airflow/example_dags/example_task_group.py
[2025-07-14T14:48:01.620+0000] {processor.py:925} INFO - DAG(s) 'example_task_group' retrieved from /home/airflow/.local/lib/python3.12/site-packages/airflow/example_dags/example_task_group.py
[2025-07-14T14:48:01.653+0000] {logging_mixin.py:190} INFO - [2025-07-14T14:48:01.653+0000] {dag.py:3239} INFO - Sync 1 DAGs
[2025-07-14T14:48:01.678+0000] {logging_mixin.py:190} INFO - [2025-07-14T14:48:01.678+0000] {dag.py:4180} INFO - Setting next_dagrun for example_task_group to None, run_after=None
[2025-07-14T14:48:01.704+0000] {processor.py:208} INFO - Processing /home/airflow/.local/lib/python3.12/site-packages/airflow/example_dags/example_task_group.py took 0.111 seconds
[2025-07-14T14:48:35.879+0000] {processor.py:186} INFO - Started process (PID=570) to work on /home/airflow/.local/lib/python3.12/site-packages/airflow/example_dags/example_task_group.py
[2025-07-14T14:48:35.880+0000] {processor.py:914} INFO - Processing file /home/airflow/.local/lib/python3.12/site-packages/airflow/example_dags/example_task_group.py for tasks to queue
[2025-07-14T14:48:35.883+0000] {logging_mixin.py:190} INFO - [2025-07-14T14:48:35.883+0000] {dagbag.py:588} INFO - Filling up the DagBag from /home/airflow/.local/lib/python3.12/site-packages/airflow/example_dags/example_task_group.py
[2025-07-14T14:48:35.894+0000] {processor.py:925} INFO - DAG(s) 'example_task_group' retrieved from /home/airflow/.local/lib/python3.12/site-packages/airflow/example_dags/example_task_group.py
[2025-07-14T14:48:35.928+0000] {logging_mixin.py:190} INFO - [2025-07-14T14:48:35.928+0000] {dag.py:3239} INFO - Sync 1 DAGs
[2025-07-14T14:48:35.953+0000] {logging_mixin.py:190} INFO - [2025-07-14T14:48:35.953+0000] {dag.py:4180} INFO - Setting next_dagrun for example_task_group to None, run_after=None
[2025-07-14T14:48:35.983+0000] {processor.py:208} INFO - Processing /home/airflow/.local/lib/python3.12/site-packages/airflow/example_dags/example_task_group.py took 0.111 seconds
[2025-07-14T14:49:08.610+0000] {processor.py:186} INFO - Started process (PID=633) to work on /home/airflow/.local/lib/python3.12/site-packages/airflow/example_dags/example_task_group.py
[2025-07-14T14:49:08.612+0000] {processor.py:914} INFO - Processing file /home/airflow/.local/lib/python3.12/site-packages/airflow/example_dags/example_task_group.py for tasks to queue
[2025-07-14T14:49:08.615+0000] {logging_mixin.py:190} INFO - [2025-07-14T14:49:08.614+0000] {dagbag.py:588} INFO - Filling up the DagBag from /home/airflow/.local/lib/python3.12/site-packages/airflow/example_dags/example_task_group.py
[2025-07-14T14:49:08.632+0000] {processor.py:925} INFO - DAG(s) 'example_task_group' retrieved from /home/airflow/.local/lib/python3.12/site-packages/airflow/example_dags/example_task_group.py
[2025-07-14T14:49:08.663+0000] {logging_mixin.py:190} INFO - [2025-07-14T14:49:08.663+0000] {dag.py:3239} INFO - Sync 1 DAGs
[2025-07-14T14:49:08.686+0000] {logging_mixin.py:190} INFO - [2025-07-14T14:49:08.686+0000] {dag.py:4180} INFO - Setting next_dagrun for example_task_group to None, run_after=None
[2025-07-14T14:49:08.712+0000] {processor.py:208} INFO - Processing /home/airflow/.local/lib/python3.12/site-packages/airflow/example_dags/example_task_group.py took 0.109 seconds
[2025-07-14T14:49:40.634+0000] {processor.py:186} INFO - Started process (PID=698) to work on /home/airflow/.local/lib/python3.12/site-packages/airflow/example_dags/example_task_group.py
[2025-07-14T14:49:40.636+0000] {processor.py:914} INFO - Processing file /home/airflow/.local/lib/python3.12/site-packages/airflow/example_dags/example_task_group.py for tasks to queue
[2025-07-14T14:49:40.639+0000] {logging_mixin.py:190} INFO - [2025-07-14T14:49:40.638+0000] {dagbag.py:588} INFO - Filling up the DagBag from /home/airflow/.local/lib/python3.12/site-packages/airflow/example_dags/example_task_group.py
[2025-07-14T14:49:40.653+0000] {processor.py:925} INFO - DAG(s) 'example_task_group' retrieved from /home/airflow/.local/lib/python3.12/site-packages/airflow/example_dags/example_task_group.py
[2025-07-14T14:49:40.684+0000] {logging_mixin.py:190} INFO - [2025-07-14T14:49:40.683+0000] {dag.py:3239} INFO - Sync 1 DAGs
[2025-07-14T14:49:40.704+0000] {logging_mixin.py:190} INFO - [2025-07-14T14:49:40.704+0000] {dag.py:4180} INFO - Setting next_dagrun for example_task_group to None, run_after=None
[2025-07-14T14:49:40.732+0000] {processor.py:208} INFO - Processing /home/airflow/.local/lib/python3.12/site-packages/airflow/example_dags/example_task_group.py took 0.105 seconds
[2025-07-14T14:50:14.330+0000] {processor.py:186} INFO - Started process (PID=761) to work on /home/airflow/.local/lib/python3.12/site-packages/airflow/example_dags/example_task_group.py
[2025-07-14T14:50:14.332+0000] {processor.py:914} INFO - Processing file /home/airflow/.local/lib/python3.12/site-packages/airflow/example_dags/example_task_group.py for tasks to queue
[2025-07-14T14:50:14.335+0000] {logging_mixin.py:190} INFO - [2025-07-14T14:50:14.334+0000] {dagbag.py:588} INFO - Filling up the DagBag from /home/airflow/.local/lib/python3.12/site-packages/airflow/example_dags/example_task_group.py
[2025-07-14T14:50:14.346+0000] {processor.py:925} INFO - DAG(s) 'example_task_group' retrieved from /home/airflow/.local/lib/python3.12/site-packages/airflow/example_dags/example_task_group.py
[2025-07-14T14:50:14.377+0000] {logging_mixin.py:190} INFO - [2025-07-14T14:50:14.377+0000] {dag.py:3239} INFO - Sync 1 DAGs
[2025-07-14T14:50:14.401+0000] {logging_mixin.py:190} INFO - [2025-07-14T14:50:14.400+0000] {dag.py:4180} INFO - Setting next_dagrun for example_task_group to None, run_after=None
[2025-07-14T14:50:14.450+0000] {processor.py:208} INFO - Processing /home/airflow/.local/lib/python3.12/site-packages/airflow/example_dags/example_task_group.py took 0.129 seconds
[2025-07-14T14:50:46.344+0000] {processor.py:186} INFO - Started process (PID=824) to work on /home/airflow/.local/lib/python3.12/site-packages/airflow/example_dags/example_task_group.py
[2025-07-14T14:50:46.345+0000] {processor.py:914} INFO - Processing file /home/airflow/.local/lib/python3.12/site-packages/airflow/example_dags/example_task_group.py for tasks to queue
[2025-07-14T14:50:46.348+0000] {logging_mixin.py:190} INFO - [2025-07-14T14:50:46.348+0000] {dagbag.py:588} INFO - Filling up the DagBag from /home/airflow/.local/lib/python3.12/site-packages/airflow/example_dags/example_task_group.py
[2025-07-14T14:50:46.359+0000] {processor.py:925} INFO - DAG(s) 'example_task_group' retrieved from /home/airflow/.local/lib/python3.12/site-packages/airflow/example_dags/example_task_group.py
[2025-07-14T14:50:46.401+0000] {logging_mixin.py:190} INFO - [2025-07-14T14:50:46.401+0000] {dag.py:3239} INFO - Sync 1 DAGs
[2025-07-14T14:50:46.420+0000] {logging_mixin.py:190} INFO - [2025-07-14T14:50:46.419+0000] {dag.py:4180} INFO - Setting next_dagrun for example_task_group to None, run_after=None
[2025-07-14T14:50:46.456+0000] {processor.py:208} INFO - Processing /home/airflow/.local/lib/python3.12/site-packages/airflow/example_dags/example_task_group.py took 0.120 seconds
[2025-07-14T14:51:19.558+0000] {processor.py:186} INFO - Started process (PID=887) to work on /home/airflow/.local/lib/python3.12/site-packages/airflow/example_dags/example_task_group.py
[2025-07-14T14:51:19.559+0000] {processor.py:914} INFO - Processing file /home/airflow/.local/lib/python3.12/site-packages/airflow/example_dags/example_task_group.py for tasks to queue
[2025-07-14T14:51:19.562+0000] {logging_mixin.py:190} INFO - [2025-07-14T14:51:19.562+0000] {dagbag.py:588} INFO - Filling up the DagBag from /home/airflow/.local/lib/python3.12/site-packages/airflow/example_dags/example_task_group.py
[2025-07-14T14:51:19.572+0000] {processor.py:925} INFO - DAG(s) 'example_task_group' retrieved from /home/airflow/.local/lib/python3.12/site-packages/airflow/example_dags/example_task_group.py
[2025-07-14T14:51:19.605+0000] {logging_mixin.py:190} INFO - [2025-07-14T14:51:19.604+0000] {dag.py:3239} INFO - Sync 1 DAGs
[2025-07-14T14:51:19.626+0000] {logging_mixin.py:190} INFO - [2025-07-14T14:51:19.626+0000] {dag.py:4180} INFO - Setting next_dagrun for example_task_group to None, run_after=None
[2025-07-14T14:51:19.681+0000] {processor.py:208} INFO - Processing /home/airflow/.local/lib/python3.12/site-packages/airflow/example_dags/example_task_group.py took 0.131 seconds
