[2025-07-14T14:48:15.760+0000] {processor.py:186} INFO - Started process (PID=534) to work on /home/airflow/.local/lib/python3.12/site-packages/airflow/example_dags/example_params_ui_tutorial.py
[2025-07-14T14:48:15.761+0000] {processor.py:914} INFO - Processing file /home/airflow/.local/lib/python3.12/site-packages/airflow/example_dags/example_params_ui_tutorial.py for tasks to queue
[2025-07-14T14:48:15.767+0000] {logging_mixin.py:190} INFO - [2025-07-14T14:48:15.766+0000] {dagbag.py:588} INFO - Filling up the DagBag from /home/airflow/.local/lib/python3.12/site-packages/airflow/example_dags/example_params_ui_tutorial.py
[2025-07-14T14:48:15.784+0000] {processor.py:925} INFO - DAG(s) 'example_params_ui_tutorial' retrieved from /home/airflow/.local/lib/python3.12/site-packages/airflow/example_dags/example_params_ui_tutorial.py
[2025-07-14T14:48:15.857+0000] {logging_mixin.py:190} INFO - [2025-07-14T14:48:15.856+0000] {dag.py:3239} INFO - Sync 1 DAGs
[2025-07-14T14:48:15.879+0000] {logging_mixin.py:190} INFO - [2025-07-14T14:48:15.879+0000] {dag.py:4180} INFO - Setting next_dagrun for example_params_ui_tutorial to None, run_after=None
[2025-07-14T14:48:15.934+0000] {processor.py:208} INFO - Processing /home/airflow/.local/lib/python3.12/site-packages/airflow/example_dags/example_params_ui_tutorial.py took 0.185 seconds
[2025-07-14T14:48:46.899+0000] {processor.py:186} INFO - Started process (PID=597) to work on /home/airflow/.local/lib/python3.12/site-packages/airflow/example_dags/example_params_ui_tutorial.py
[2025-07-14T14:48:46.900+0000] {processor.py:914} INFO - Processing file /home/airflow/.local/lib/python3.12/site-packages/airflow/example_dags/example_params_ui_tutorial.py for tasks to queue
[2025-07-14T14:48:46.903+0000] {logging_mixin.py:190} INFO - [2025-07-14T14:48:46.903+0000] {dagbag.py:588} INFO - Filling up the DagBag from /home/airflow/.local/lib/python3.12/site-packages/airflow/example_dags/example_params_ui_tutorial.py
[2025-07-14T14:48:46.915+0000] {processor.py:925} INFO - DAG(s) 'example_params_ui_tutorial' retrieved from /home/airflow/.local/lib/python3.12/site-packages/airflow/example_dags/example_params_ui_tutorial.py
[2025-07-14T14:48:46.995+0000] {logging_mixin.py:190} INFO - [2025-07-14T14:48:46.995+0000] {dag.py:3239} INFO - Sync 1 DAGs
[2025-07-14T14:48:47.019+0000] {logging_mixin.py:190} INFO - [2025-07-14T14:48:47.019+0000] {dag.py:4180} INFO - Setting next_dagrun for example_params_ui_tutorial to None, run_after=None
[2025-07-14T14:48:47.046+0000] {processor.py:208} INFO - Processing /home/airflow/.local/lib/python3.12/site-packages/airflow/example_dags/example_params_ui_tutorial.py took 0.154 seconds
[2025-07-14T14:49:19.288+0000] {processor.py:186} INFO - Started process (PID=660) to work on /home/airflow/.local/lib/python3.12/site-packages/airflow/example_dags/example_params_ui_tutorial.py
[2025-07-14T14:49:19.289+0000] {processor.py:914} INFO - Processing file /home/airflow/.local/lib/python3.12/site-packages/airflow/example_dags/example_params_ui_tutorial.py for tasks to queue
[2025-07-14T14:49:19.293+0000] {logging_mixin.py:190} INFO - [2025-07-14T14:49:19.292+0000] {dagbag.py:588} INFO - Filling up the DagBag from /home/airflow/.local/lib/python3.12/site-packages/airflow/example_dags/example_params_ui_tutorial.py
[2025-07-14T14:49:19.306+0000] {processor.py:925} INFO - DAG(s) 'example_params_ui_tutorial' retrieved from /home/airflow/.local/lib/python3.12/site-packages/airflow/example_dags/example_params_ui_tutorial.py
[2025-07-14T14:49:19.384+0000] {logging_mixin.py:190} INFO - [2025-07-14T14:49:19.384+0000] {dag.py:3239} INFO - Sync 1 DAGs
[2025-07-14T14:49:19.408+0000] {logging_mixin.py:190} INFO - [2025-07-14T14:49:19.407+0000] {dag.py:4180} INFO - Setting next_dagrun for example_params_ui_tutorial to None, run_after=None
[2025-07-14T14:49:19.448+0000] {processor.py:208} INFO - Processing /home/airflow/.local/lib/python3.12/site-packages/airflow/example_dags/example_params_ui_tutorial.py took 0.170 seconds
[2025-07-14T14:49:50.846+0000] {processor.py:186} INFO - Started process (PID=723) to work on /home/airflow/.local/lib/python3.12/site-packages/airflow/example_dags/example_params_ui_tutorial.py
[2025-07-14T14:49:50.848+0000] {processor.py:914} INFO - Processing file /home/airflow/.local/lib/python3.12/site-packages/airflow/example_dags/example_params_ui_tutorial.py for tasks to queue
[2025-07-14T14:49:50.851+0000] {logging_mixin.py:190} INFO - [2025-07-14T14:49:50.851+0000] {dagbag.py:588} INFO - Filling up the DagBag from /home/airflow/.local/lib/python3.12/site-packages/airflow/example_dags/example_params_ui_tutorial.py
[2025-07-14T14:49:50.870+0000] {processor.py:925} INFO - DAG(s) 'example_params_ui_tutorial' retrieved from /home/airflow/.local/lib/python3.12/site-packages/airflow/example_dags/example_params_ui_tutorial.py
[2025-07-14T14:49:50.970+0000] {logging_mixin.py:190} INFO - [2025-07-14T14:49:50.970+0000] {dag.py:3239} INFO - Sync 1 DAGs
[2025-07-14T14:49:50.990+0000] {logging_mixin.py:190} INFO - [2025-07-14T14:49:50.990+0000] {dag.py:4180} INFO - Setting next_dagrun for example_params_ui_tutorial to None, run_after=None
[2025-07-14T14:49:51.021+0000] {processor.py:208} INFO - Processing /home/airflow/.local/lib/python3.12/site-packages/airflow/example_dags/example_params_ui_tutorial.py took 0.185 seconds
[2025-07-14T14:50:22.249+0000] {processor.py:186} INFO - Started process (PID=780) to work on /home/airflow/.local/lib/python3.12/site-packages/airflow/example_dags/example_params_ui_tutorial.py
[2025-07-14T14:50:22.251+0000] {processor.py:914} INFO - Processing file /home/airflow/.local/lib/python3.12/site-packages/airflow/example_dags/example_params_ui_tutorial.py for tasks to queue
[2025-07-14T14:50:22.254+0000] {logging_mixin.py:190} INFO - [2025-07-14T14:50:22.254+0000] {dagbag.py:588} INFO - Filling up the DagBag from /home/airflow/.local/lib/python3.12/site-packages/airflow/example_dags/example_params_ui_tutorial.py
[2025-07-14T14:50:22.265+0000] {processor.py:925} INFO - DAG(s) 'example_params_ui_tutorial' retrieved from /home/airflow/.local/lib/python3.12/site-packages/airflow/example_dags/example_params_ui_tutorial.py
[2025-07-14T14:50:22.331+0000] {logging_mixin.py:190} INFO - [2025-07-14T14:50:22.331+0000] {dag.py:3239} INFO - Sync 1 DAGs
[2025-07-14T14:50:22.352+0000] {logging_mixin.py:190} INFO - [2025-07-14T14:50:22.352+0000] {dag.py:4180} INFO - Setting next_dagrun for example_params_ui_tutorial to None, run_after=None
[2025-07-14T14:50:22.407+0000] {processor.py:208} INFO - Processing /home/airflow/.local/lib/python3.12/site-packages/airflow/example_dags/example_params_ui_tutorial.py took 0.164 seconds
[2025-07-14T14:50:53.217+0000] {processor.py:186} INFO - Started process (PID=843) to work on /home/airflow/.local/lib/python3.12/site-packages/airflow/example_dags/example_params_ui_tutorial.py
[2025-07-14T14:50:53.218+0000] {processor.py:914} INFO - Processing file /home/airflow/.local/lib/python3.12/site-packages/airflow/example_dags/example_params_ui_tutorial.py for tasks to queue
[2025-07-14T14:50:53.222+0000] {logging_mixin.py:190} INFO - [2025-07-14T14:50:53.221+0000] {dagbag.py:588} INFO - Filling up the DagBag from /home/airflow/.local/lib/python3.12/site-packages/airflow/example_dags/example_params_ui_tutorial.py
[2025-07-14T14:50:53.233+0000] {processor.py:925} INFO - DAG(s) 'example_params_ui_tutorial' retrieved from /home/airflow/.local/lib/python3.12/site-packages/airflow/example_dags/example_params_ui_tutorial.py
[2025-07-14T14:50:53.296+0000] {logging_mixin.py:190} INFO - [2025-07-14T14:50:53.295+0000] {dag.py:3239} INFO - Sync 1 DAGs
[2025-07-14T14:50:53.315+0000] {logging_mixin.py:190} INFO - [2025-07-14T14:50:53.315+0000] {dag.py:4180} INFO - Setting next_dagrun for example_params_ui_tutorial to None, run_after=None
[2025-07-14T14:50:53.368+0000] {processor.py:208} INFO - Processing /home/airflow/.local/lib/python3.12/site-packages/airflow/example_dags/example_params_ui_tutorial.py took 0.158 seconds
[2025-07-14T14:51:25.075+0000] {processor.py:186} INFO - Started process (PID=906) to work on /home/airflow/.local/lib/python3.12/site-packages/airflow/example_dags/example_params_ui_tutorial.py
[2025-07-14T14:51:25.077+0000] {processor.py:914} INFO - Processing file /home/airflow/.local/lib/python3.12/site-packages/airflow/example_dags/example_params_ui_tutorial.py for tasks to queue
[2025-07-14T14:51:25.080+0000] {logging_mixin.py:190} INFO - [2025-07-14T14:51:25.079+0000] {dagbag.py:588} INFO - Filling up the DagBag from /home/airflow/.local/lib/python3.12/site-packages/airflow/example_dags/example_params_ui_tutorial.py
[2025-07-14T14:51:25.092+0000] {processor.py:925} INFO - DAG(s) 'example_params_ui_tutorial' retrieved from /home/airflow/.local/lib/python3.12/site-packages/airflow/example_dags/example_params_ui_tutorial.py
[2025-07-14T14:51:25.231+0000] {logging_mixin.py:190} INFO - [2025-07-14T14:51:25.230+0000] {dag.py:3239} INFO - Sync 1 DAGs
[2025-07-14T14:51:25.302+0000] {logging_mixin.py:190} INFO - [2025-07-14T14:51:25.302+0000] {dag.py:4180} INFO - Setting next_dagrun for example_params_ui_tutorial to None, run_after=None
[2025-07-14T14:51:25.338+0000] {processor.py:208} INFO - Processing /home/airflow/.local/lib/python3.12/site-packages/airflow/example_dags/example_params_ui_tutorial.py took 0.271 seconds
