[2025-07-14T14:48:02.223+0000] {processor.py:186} INFO - Started process (PID=505) to work on /home/airflow/.local/lib/python3.12/site-packages/airflow/example_dags/tutorial_objectstorage.py
[2025-07-14T14:48:02.224+0000] {processor.py:914} INFO - Processing file /home/airflow/.local/lib/python3.12/site-packages/airflow/example_dags/tutorial_objectstorage.py for tasks to queue
[2025-07-14T14:48:02.228+0000] {logging_mixin.py:190} INFO - [2025-07-14T14:48:02.227+0000] {dagbag.py:588} INFO - Filling up the DagBag from /home/airflow/.local/lib/python3.12/site-packages/airflow/example_dags/tutorial_objectstorage.py
[2025-07-14T14:48:02.240+0000] {processor.py:925} INFO - DAG(s) 'tutorial_objectstorage' retrieved from /home/airflow/.local/lib/python3.12/site-packages/airflow/example_dags/tutorial_objectstorage.py
[2025-07-14T14:48:02.271+0000] {logging_mixin.py:190} INFO - [2025-07-14T14:48:02.271+0000] {dag.py:3239} INFO - Sync 1 DAGs
[2025-07-14T14:48:02.296+0000] {logging_mixin.py:190} INFO - [2025-07-14T14:48:02.296+0000] {dag.py:4180} INFO - Setting next_dagrun for tutorial_objectstorage to None, run_after=None
[2025-07-14T14:48:02.321+0000] {processor.py:208} INFO - Processing /home/airflow/.local/lib/python3.12/site-packages/airflow/example_dags/tutorial_objectstorage.py took 0.106 seconds
[2025-07-14T14:48:36.207+0000] {processor.py:186} INFO - Started process (PID=574) to work on /home/airflow/.local/lib/python3.12/site-packages/airflow/example_dags/tutorial_objectstorage.py
[2025-07-14T14:48:36.209+0000] {processor.py:914} INFO - Processing file /home/airflow/.local/lib/python3.12/site-packages/airflow/example_dags/tutorial_objectstorage.py for tasks to queue
[2025-07-14T14:48:36.212+0000] {logging_mixin.py:190} INFO - [2025-07-14T14:48:36.212+0000] {dagbag.py:588} INFO - Filling up the DagBag from /home/airflow/.local/lib/python3.12/site-packages/airflow/example_dags/tutorial_objectstorage.py
[2025-07-14T14:48:36.223+0000] {processor.py:925} INFO - DAG(s) 'tutorial_objectstorage' retrieved from /home/airflow/.local/lib/python3.12/site-packages/airflow/example_dags/tutorial_objectstorage.py
[2025-07-14T14:48:36.248+0000] {logging_mixin.py:190} INFO - [2025-07-14T14:48:36.248+0000] {dag.py:3239} INFO - Sync 1 DAGs
[2025-07-14T14:48:36.267+0000] {logging_mixin.py:190} INFO - [2025-07-14T14:48:36.267+0000] {dag.py:4180} INFO - Setting next_dagrun for tutorial_objectstorage to None, run_after=None
[2025-07-14T14:48:36.320+0000] {processor.py:208} INFO - Processing /home/airflow/.local/lib/python3.12/site-packages/airflow/example_dags/tutorial_objectstorage.py took 0.121 seconds
[2025-07-14T14:49:09.258+0000] {processor.py:186} INFO - Started process (PID=639) to work on /home/airflow/.local/lib/python3.12/site-packages/airflow/example_dags/tutorial_objectstorage.py
[2025-07-14T14:49:09.260+0000] {processor.py:914} INFO - Processing file /home/airflow/.local/lib/python3.12/site-packages/airflow/example_dags/tutorial_objectstorage.py for tasks to queue
[2025-07-14T14:49:09.263+0000] {logging_mixin.py:190} INFO - [2025-07-14T14:49:09.263+0000] {dagbag.py:588} INFO - Filling up the DagBag from /home/airflow/.local/lib/python3.12/site-packages/airflow/example_dags/tutorial_objectstorage.py
[2025-07-14T14:49:09.276+0000] {processor.py:925} INFO - DAG(s) 'tutorial_objectstorage' retrieved from /home/airflow/.local/lib/python3.12/site-packages/airflow/example_dags/tutorial_objectstorage.py
[2025-07-14T14:49:09.304+0000] {logging_mixin.py:190} INFO - [2025-07-14T14:49:09.304+0000] {dag.py:3239} INFO - Sync 1 DAGs
[2025-07-14T14:49:09.325+0000] {logging_mixin.py:190} INFO - [2025-07-14T14:49:09.325+0000] {dag.py:4180} INFO - Setting next_dagrun for tutorial_objectstorage to None, run_after=None
[2025-07-14T14:49:09.359+0000] {processor.py:208} INFO - Processing /home/airflow/.local/lib/python3.12/site-packages/airflow/example_dags/tutorial_objectstorage.py took 0.109 seconds
[2025-07-14T14:49:41.097+0000] {processor.py:186} INFO - Started process (PID=702) to work on /home/airflow/.local/lib/python3.12/site-packages/airflow/example_dags/tutorial_objectstorage.py
[2025-07-14T14:49:41.099+0000] {processor.py:914} INFO - Processing file /home/airflow/.local/lib/python3.12/site-packages/airflow/example_dags/tutorial_objectstorage.py for tasks to queue
[2025-07-14T14:49:41.102+0000] {logging_mixin.py:190} INFO - [2025-07-14T14:49:41.102+0000] {dagbag.py:588} INFO - Filling up the DagBag from /home/airflow/.local/lib/python3.12/site-packages/airflow/example_dags/tutorial_objectstorage.py
[2025-07-14T14:49:41.113+0000] {processor.py:925} INFO - DAG(s) 'tutorial_objectstorage' retrieved from /home/airflow/.local/lib/python3.12/site-packages/airflow/example_dags/tutorial_objectstorage.py
[2025-07-14T14:49:41.139+0000] {logging_mixin.py:190} INFO - [2025-07-14T14:49:41.139+0000] {dag.py:3239} INFO - Sync 1 DAGs
[2025-07-14T14:49:41.159+0000] {logging_mixin.py:190} INFO - [2025-07-14T14:49:41.158+0000] {dag.py:4180} INFO - Setting next_dagrun for tutorial_objectstorage to None, run_after=None
[2025-07-14T14:49:41.211+0000] {processor.py:208} INFO - Processing /home/airflow/.local/lib/python3.12/site-packages/airflow/example_dags/tutorial_objectstorage.py took 0.121 seconds
[2025-07-14T14:50:14.691+0000] {processor.py:186} INFO - Started process (PID=765) to work on /home/airflow/.local/lib/python3.12/site-packages/airflow/example_dags/tutorial_objectstorage.py
[2025-07-14T14:50:14.693+0000] {processor.py:914} INFO - Processing file /home/airflow/.local/lib/python3.12/site-packages/airflow/example_dags/tutorial_objectstorage.py for tasks to queue
[2025-07-14T14:50:14.696+0000] {logging_mixin.py:190} INFO - [2025-07-14T14:50:14.696+0000] {dagbag.py:588} INFO - Filling up the DagBag from /home/airflow/.local/lib/python3.12/site-packages/airflow/example_dags/tutorial_objectstorage.py
[2025-07-14T14:50:14.708+0000] {processor.py:925} INFO - DAG(s) 'tutorial_objectstorage' retrieved from /home/airflow/.local/lib/python3.12/site-packages/airflow/example_dags/tutorial_objectstorage.py
[2025-07-14T14:50:14.733+0000] {logging_mixin.py:190} INFO - [2025-07-14T14:50:14.733+0000] {dag.py:3239} INFO - Sync 1 DAGs
[2025-07-14T14:50:14.754+0000] {logging_mixin.py:190} INFO - [2025-07-14T14:50:14.753+0000] {dag.py:4180} INFO - Setting next_dagrun for tutorial_objectstorage to None, run_after=None
[2025-07-14T14:50:14.807+0000] {processor.py:208} INFO - Processing /home/airflow/.local/lib/python3.12/site-packages/airflow/example_dags/tutorial_objectstorage.py took 0.124 seconds
[2025-07-14T14:50:46.703+0000] {processor.py:186} INFO - Started process (PID=828) to work on /home/airflow/.local/lib/python3.12/site-packages/airflow/example_dags/tutorial_objectstorage.py
[2025-07-14T14:50:46.704+0000] {processor.py:914} INFO - Processing file /home/airflow/.local/lib/python3.12/site-packages/airflow/example_dags/tutorial_objectstorage.py for tasks to queue
[2025-07-14T14:50:46.708+0000] {logging_mixin.py:190} INFO - [2025-07-14T14:50:46.707+0000] {dagbag.py:588} INFO - Filling up the DagBag from /home/airflow/.local/lib/python3.12/site-packages/airflow/example_dags/tutorial_objectstorage.py
[2025-07-14T14:50:46.720+0000] {processor.py:925} INFO - DAG(s) 'tutorial_objectstorage' retrieved from /home/airflow/.local/lib/python3.12/site-packages/airflow/example_dags/tutorial_objectstorage.py
[2025-07-14T14:50:46.747+0000] {logging_mixin.py:190} INFO - [2025-07-14T14:50:46.747+0000] {dag.py:3239} INFO - Sync 1 DAGs
[2025-07-14T14:50:46.767+0000] {logging_mixin.py:190} INFO - [2025-07-14T14:50:46.767+0000] {dag.py:4180} INFO - Setting next_dagrun for tutorial_objectstorage to None, run_after=None
[2025-07-14T14:50:46.810+0000] {processor.py:208} INFO - Processing /home/airflow/.local/lib/python3.12/site-packages/airflow/example_dags/tutorial_objectstorage.py took 0.114 seconds
[2025-07-14T14:51:19.915+0000] {processor.py:186} INFO - Started process (PID=891) to work on /home/airflow/.local/lib/python3.12/site-packages/airflow/example_dags/tutorial_objectstorage.py
[2025-07-14T14:51:19.917+0000] {processor.py:914} INFO - Processing file /home/airflow/.local/lib/python3.12/site-packages/airflow/example_dags/tutorial_objectstorage.py for tasks to queue
[2025-07-14T14:51:19.921+0000] {logging_mixin.py:190} INFO - [2025-07-14T14:51:19.920+0000] {dagbag.py:588} INFO - Filling up the DagBag from /home/airflow/.local/lib/python3.12/site-packages/airflow/example_dags/tutorial_objectstorage.py
[2025-07-14T14:51:19.938+0000] {processor.py:925} INFO - DAG(s) 'tutorial_objectstorage' retrieved from /home/airflow/.local/lib/python3.12/site-packages/airflow/example_dags/tutorial_objectstorage.py
[2025-07-14T14:51:19.965+0000] {logging_mixin.py:190} INFO - [2025-07-14T14:51:19.964+0000] {dag.py:3239} INFO - Sync 1 DAGs
[2025-07-14T14:51:19.985+0000] {logging_mixin.py:190} INFO - [2025-07-14T14:51:19.985+0000] {dag.py:4180} INFO - Setting next_dagrun for tutorial_objectstorage to None, run_after=None
[2025-07-14T14:51:20.038+0000] {processor.py:208} INFO - Processing /home/airflow/.local/lib/python3.12/site-packages/airflow/example_dags/tutorial_objectstorage.py took 0.131 seconds
