[2025-09-16T11:44:59.612+0000] {local_task_job_runner.py:123} INFO - ::group::Pre task execution logs
[2025-09-16T11:44:59.643+0000] {taskinstance.py:2613} INFO - Dependencies all met for dep_context=non-requeueable deps ti=<TaskInstance: mon_premier_dag.task_1 scheduled__2025-09-15T00:00:00+00:00 [queued]>
[2025-09-16T11:44:59.662+0000] {taskinstance.py:2613} INFO - Dependencies all met for dep_context=requeueable deps ti=<TaskInstance: mon_premier_dag.task_1 scheduled__2025-09-15T00:00:00+00:00 [queued]>
[2025-09-16T11:44:59.663+0000] {taskinstance.py:2866} INFO - Starting attempt 1 of 2
[2025-09-16T11:44:59.688+0000] {taskinstance.py:2889} INFO - Executing <Task(BashOperator): task_1> on 2025-09-15 00:00:00+00:00
[2025-09-16T11:44:59.714+0000] {standard_task_runner.py:104} INFO - Running: ['***', 'tasks', 'run', 'mon_premier_dag', 'task_1', 'scheduled__2025-09-15T00:00:00+00:00', '--job-id', '157', '--raw', '--subdir', 'DAGS_FOLDER/mon_premier_dag.py', '--cfg-path', '/tmp/tmpon3xiq69']
[2025-09-16T11:44:59.722+0000] {standard_task_runner.py:105} INFO - Job 157: Subtask task_1
[2025-09-16T11:44:59.723+0000] {logging_mixin.py:190} WARNING - /home/***/.local/lib/python3.12/site-packages/***/task/task_runner/standard_task_runner.py:70 DeprecationWarning: This process (pid=206) is multi-threaded, use of fork() may lead to deadlocks in the child.
[2025-09-16T11:44:59.725+0000] {standard_task_runner.py:72} INFO - Started process 219 to run task
[2025-09-16T11:44:59.823+0000] {task_command.py:467} INFO - Running <TaskInstance: mon_premier_dag.task_1 scheduled__2025-09-15T00:00:00+00:00 [running]> on host 4461bcf72552
[2025-09-16T11:44:59.999+0000] {taskinstance.py:3132} INFO - Exporting env vars: AIRFLOW_CTX_DAG_OWNER='***' AIRFLOW_CTX_DAG_ID='mon_premier_dag' AIRFLOW_CTX_TASK_ID='task_1' AIRFLOW_CTX_EXECUTION_DATE='2025-09-15T00:00:00+00:00' AIRFLOW_CTX_TRY_NUMBER='1' AIRFLOW_CTX_DAG_RUN_ID='scheduled__2025-09-15T00:00:00+00:00'
[2025-09-16T11:45:00.001+0000] {taskinstance.py:731} INFO - ::endgroup::
[2025-09-16T11:45:00.029+0000] {subprocess.py:78} INFO - Tmp dir root location: /tmp
[2025-09-16T11:45:00.031+0000] {subprocess.py:88} INFO - Running command: ['/usr/bin/bash', '-c', 'echo "Hello, Airflow!"']
[2025-09-16T11:45:00.048+0000] {subprocess.py:99} INFO - Output:
[2025-09-16T11:45:00.055+0000] {subprocess.py:106} INFO - Hello, Airflow!
[2025-09-16T11:45:00.056+0000] {subprocess.py:110} INFO - Command exited with return code 0
[2025-09-16T11:45:00.103+0000] {taskinstance.py:340} INFO - ::group::Post task execution logs
[2025-09-16T11:45:00.105+0000] {taskinstance.py:352} INFO - Marking task as SUCCESS. dag_id=mon_premier_dag, task_id=task_1, run_id=scheduled__2025-09-15T00:00:00+00:00, execution_date=20250915T000000, start_date=20250916T114459, end_date=20250916T114500
[2025-09-16T11:45:00.144+0000] {local_task_job_runner.py:266} INFO - Task exited with return code 0
[2025-09-16T11:45:00.188+0000] {taskinstance.py:3895} INFO - 1 downstream tasks scheduled from follow-on schedule check
[2025-09-16T11:45:00.192+0000] {local_task_job_runner.py:245} INFO - ::endgroup::
