[2025-09-16T11:44:59.725+0000] {processor.py:186} INFO - Started process (PID=214) to work on /opt/airflow/dags/dag2.py
[2025-09-16T11:44:59.728+0000] {processor.py:914} INFO - Processing file /opt/airflow/dags/dag2.py for tasks to queue
[2025-09-16T11:44:59.733+0000] {logging_mixin.py:190} INFO - [2025-09-16T11:44:59.732+0000] {dagbag.py:588} INFO - Filling up the DagBag from /opt/airflow/dags/dag2.py
[2025-09-16T11:44:59.778+0000] {processor.py:925} INFO - DAG(s) 'dag2.v2.0' retrieved from /opt/airflow/dags/dag2.py
[2025-09-16T11:44:59.821+0000] {logging_mixin.py:190} INFO - [2025-09-16T11:44:59.821+0000] {dag.py:3239} INFO - Sync 1 DAGs
[2025-09-16T11:44:59.880+0000] {logging_mixin.py:190} INFO - [2025-09-16T11:44:59.879+0000] {dag.py:4180} INFO - Setting next_dagrun for dag2.v2.0 to 2025-09-16 03:00:00+00:00, run_after=2025-09-23 03:00:00+00:00
[2025-09-16T11:44:59.917+0000] {processor.py:208} INFO - Processing /opt/airflow/dags/dag2.py took 0.204 seconds
[2025-09-16T11:45:30.198+0000] {processor.py:186} INFO - Started process (PID=264) to work on /opt/airflow/dags/dag2.py
[2025-09-16T11:45:30.203+0000] {processor.py:914} INFO - Processing file /opt/airflow/dags/dag2.py for tasks to queue
[2025-09-16T11:45:30.218+0000] {logging_mixin.py:190} INFO - [2025-09-16T11:45:30.216+0000] {dagbag.py:588} INFO - Filling up the DagBag from /opt/airflow/dags/dag2.py
[2025-09-16T11:45:30.352+0000] {processor.py:925} INFO - DAG(s) 'dag2.v2.0' retrieved from /opt/airflow/dags/dag2.py
[2025-09-16T11:45:30.480+0000] {logging_mixin.py:190} INFO - [2025-09-16T11:45:30.479+0000] {dag.py:3239} INFO - Sync 1 DAGs
[2025-09-16T11:45:31.550+0000] {logging_mixin.py:190} INFO - [2025-09-16T11:45:31.549+0000] {dag.py:4180} INFO - Setting next_dagrun for dag2.v2.0 to 2025-09-16 03:00:00+00:00, run_after=2025-09-23 03:00:00+00:00
[2025-09-16T11:45:31.595+0000] {processor.py:208} INFO - Processing /opt/airflow/dags/dag2.py took 1.416 seconds
[2025-09-16T11:46:01.797+0000] {processor.py:186} INFO - Started process (PID=290) to work on /opt/airflow/dags/dag2.py
[2025-09-16T11:46:01.799+0000] {processor.py:914} INFO - Processing file /opt/airflow/dags/dag2.py for tasks to queue
[2025-09-16T11:46:01.950+0000] {logging_mixin.py:190} INFO - [2025-09-16T11:46:01.949+0000] {dagbag.py:588} INFO - Filling up the DagBag from /opt/airflow/dags/dag2.py
[2025-09-16T11:46:02.001+0000] {processor.py:925} INFO - DAG(s) 'dag2.v2.0' retrieved from /opt/airflow/dags/dag2.py
[2025-09-16T11:46:02.110+0000] {logging_mixin.py:190} INFO - [2025-09-16T11:46:02.109+0000] {dag.py:3239} INFO - Sync 1 DAGs
[2025-09-16T11:46:02.617+0000] {logging_mixin.py:190} INFO - [2025-09-16T11:46:02.617+0000] {dag.py:4180} INFO - Setting next_dagrun for dag2.v2.0 to 2025-09-16 03:00:00+00:00, run_after=2025-09-23 03:00:00+00:00
[2025-09-16T11:46:02.658+0000] {processor.py:208} INFO - Processing /opt/airflow/dags/dag2.py took 0.874 seconds
[2025-09-16T11:46:33.495+0000] {processor.py:186} INFO - Started process (PID=319) to work on /opt/airflow/dags/dag2.py
[2025-09-16T11:46:33.497+0000] {processor.py:914} INFO - Processing file /opt/airflow/dags/dag2.py for tasks to queue
[2025-09-16T11:46:33.502+0000] {logging_mixin.py:190} INFO - [2025-09-16T11:46:33.501+0000] {dagbag.py:588} INFO - Filling up the DagBag from /opt/airflow/dags/dag2.py
[2025-09-16T11:46:33.552+0000] {processor.py:925} INFO - DAG(s) 'dag2.v2.0' retrieved from /opt/airflow/dags/dag2.py
[2025-09-16T11:46:33.956+0000] {logging_mixin.py:190} INFO - [2025-09-16T11:46:33.955+0000] {dag.py:3239} INFO - Sync 1 DAGs
[2025-09-16T11:46:34.013+0000] {logging_mixin.py:190} INFO - [2025-09-16T11:46:34.012+0000] {dag.py:4180} INFO - Setting next_dagrun for dag2.v2.0 to 2025-09-16 03:00:00+00:00, run_after=2025-09-23 03:00:00+00:00
[2025-09-16T11:46:34.050+0000] {processor.py:208} INFO - Processing /opt/airflow/dags/dag2.py took 0.567 seconds
[2025-09-16T11:47:05.118+0000] {processor.py:186} INFO - Started process (PID=345) to work on /opt/airflow/dags/dag2.py
[2025-09-16T11:47:05.121+0000] {processor.py:914} INFO - Processing file /opt/airflow/dags/dag2.py for tasks to queue
[2025-09-16T11:47:05.125+0000] {logging_mixin.py:190} INFO - [2025-09-16T11:47:05.124+0000] {dagbag.py:588} INFO - Filling up the DagBag from /opt/airflow/dags/dag2.py
[2025-09-16T11:47:05.163+0000] {processor.py:925} INFO - DAG(s) 'dag2.v2.0' retrieved from /opt/airflow/dags/dag2.py
[2025-09-16T11:47:05.203+0000] {logging_mixin.py:190} INFO - [2025-09-16T11:47:05.203+0000] {dag.py:3239} INFO - Sync 1 DAGs
[2025-09-16T11:47:05.249+0000] {logging_mixin.py:190} INFO - [2025-09-16T11:47:05.249+0000] {dag.py:4180} INFO - Setting next_dagrun for dag2.v2.0 to 2025-09-16 03:00:00+00:00, run_after=2025-09-23 03:00:00+00:00
[2025-09-16T11:47:05.282+0000] {processor.py:208} INFO - Processing /opt/airflow/dags/dag2.py took 0.175 seconds
[2025-09-16T11:47:35.482+0000] {processor.py:186} INFO - Started process (PID=372) to work on /opt/airflow/dags/dag2.py
[2025-09-16T11:47:35.484+0000] {processor.py:914} INFO - Processing file /opt/airflow/dags/dag2.py for tasks to queue
[2025-09-16T11:47:35.490+0000] {logging_mixin.py:190} INFO - [2025-09-16T11:47:35.489+0000] {dagbag.py:588} INFO - Filling up the DagBag from /opt/airflow/dags/dag2.py
[2025-09-16T11:47:35.546+0000] {processor.py:925} INFO - DAG(s) 'dag2.v2.0' retrieved from /opt/airflow/dags/dag2.py
[2025-09-16T11:47:35.594+0000] {logging_mixin.py:190} INFO - [2025-09-16T11:47:35.594+0000] {dag.py:3239} INFO - Sync 1 DAGs
[2025-09-16T11:47:35.649+0000] {logging_mixin.py:190} INFO - [2025-09-16T11:47:35.648+0000] {dag.py:4180} INFO - Setting next_dagrun for dag2.v2.0 to 2025-09-16 03:00:00+00:00, run_after=2025-09-23 03:00:00+00:00
[2025-09-16T11:47:35.694+0000] {processor.py:208} INFO - Processing /opt/airflow/dags/dag2.py took 0.228 seconds
[2025-09-16T11:48:05.936+0000] {processor.py:186} INFO - Started process (PID=398) to work on /opt/airflow/dags/dag2.py
[2025-09-16T11:48:05.937+0000] {processor.py:914} INFO - Processing file /opt/airflow/dags/dag2.py for tasks to queue
[2025-09-16T11:48:05.943+0000] {logging_mixin.py:190} INFO - [2025-09-16T11:48:05.942+0000] {dagbag.py:588} INFO - Filling up the DagBag from /opt/airflow/dags/dag2.py
[2025-09-16T11:48:05.978+0000] {processor.py:925} INFO - DAG(s) 'dag2.v2.0' retrieved from /opt/airflow/dags/dag2.py
[2025-09-16T11:48:06.019+0000] {logging_mixin.py:190} INFO - [2025-09-16T11:48:06.018+0000] {dag.py:3239} INFO - Sync 1 DAGs
[2025-09-16T11:48:06.073+0000] {logging_mixin.py:190} INFO - [2025-09-16T11:48:06.073+0000] {dag.py:4180} INFO - Setting next_dagrun for dag2.v2.0 to 2025-09-16 03:00:00+00:00, run_after=2025-09-23 03:00:00+00:00
[2025-09-16T11:48:06.112+0000] {processor.py:208} INFO - Processing /opt/airflow/dags/dag2.py took 0.187 seconds
[2025-09-16T11:48:36.671+0000] {processor.py:186} INFO - Started process (PID=424) to work on /opt/airflow/dags/dag2.py
[2025-09-16T11:48:36.672+0000] {processor.py:914} INFO - Processing file /opt/airflow/dags/dag2.py for tasks to queue
[2025-09-16T11:48:36.676+0000] {logging_mixin.py:190} INFO - [2025-09-16T11:48:36.676+0000] {dagbag.py:588} INFO - Filling up the DagBag from /opt/airflow/dags/dag2.py
[2025-09-16T11:48:36.722+0000] {processor.py:925} INFO - DAG(s) 'dag2.v2.0' retrieved from /opt/airflow/dags/dag2.py
[2025-09-16T11:48:36.760+0000] {logging_mixin.py:190} INFO - [2025-09-16T11:48:36.759+0000] {dag.py:3239} INFO - Sync 1 DAGs
[2025-09-16T11:48:36.840+0000] {logging_mixin.py:190} INFO - [2025-09-16T11:48:36.839+0000] {dag.py:4180} INFO - Setting next_dagrun for dag2.v2.0 to 2025-09-16 03:00:00+00:00, run_after=2025-09-23 03:00:00+00:00
[2025-09-16T11:48:36.882+0000] {processor.py:208} INFO - Processing /opt/airflow/dags/dag2.py took 0.225 seconds
[2025-09-16T11:49:07.098+0000] {processor.py:186} INFO - Started process (PID=451) to work on /opt/airflow/dags/dag2.py
[2025-09-16T11:49:07.099+0000] {processor.py:914} INFO - Processing file /opt/airflow/dags/dag2.py for tasks to queue
[2025-09-16T11:49:07.104+0000] {logging_mixin.py:190} INFO - [2025-09-16T11:49:07.103+0000] {dagbag.py:588} INFO - Filling up the DagBag from /opt/airflow/dags/dag2.py
[2025-09-16T11:49:07.145+0000] {processor.py:925} INFO - DAG(s) 'dag2.v2.0' retrieved from /opt/airflow/dags/dag2.py
[2025-09-16T11:49:07.194+0000] {logging_mixin.py:190} INFO - [2025-09-16T11:49:07.193+0000] {dag.py:3239} INFO - Sync 1 DAGs
[2025-09-16T11:49:07.235+0000] {logging_mixin.py:190} INFO - [2025-09-16T11:49:07.235+0000] {dag.py:4180} INFO - Setting next_dagrun for dag2.v2.0 to 2025-09-16 03:00:00+00:00, run_after=2025-09-23 03:00:00+00:00
[2025-09-16T11:49:07.268+0000] {processor.py:208} INFO - Processing /opt/airflow/dags/dag2.py took 0.179 seconds
[2025-09-16T11:49:37.462+0000] {processor.py:186} INFO - Started process (PID=477) to work on /opt/airflow/dags/dag2.py
[2025-09-16T11:49:37.468+0000] {processor.py:914} INFO - Processing file /opt/airflow/dags/dag2.py for tasks to queue
[2025-09-16T11:49:37.478+0000] {logging_mixin.py:190} INFO - [2025-09-16T11:49:37.476+0000] {dagbag.py:588} INFO - Filling up the DagBag from /opt/airflow/dags/dag2.py
[2025-09-16T11:49:37.539+0000] {processor.py:925} INFO - DAG(s) 'dag2.v2.0' retrieved from /opt/airflow/dags/dag2.py
[2025-09-16T11:49:37.600+0000] {logging_mixin.py:190} INFO - [2025-09-16T11:49:37.599+0000] {dag.py:3239} INFO - Sync 1 DAGs
[2025-09-16T11:49:37.695+0000] {logging_mixin.py:190} INFO - [2025-09-16T11:49:37.694+0000] {dag.py:4180} INFO - Setting next_dagrun for dag2.v2.0 to 2025-09-16 03:00:00+00:00, run_after=2025-09-23 03:00:00+00:00
[2025-09-16T11:49:37.752+0000] {processor.py:208} INFO - Processing /opt/airflow/dags/dag2.py took 0.300 seconds
[2025-09-16T11:50:08.056+0000] {processor.py:186} INFO - Started process (PID=508) to work on /opt/airflow/dags/dag2.py
[2025-09-16T11:50:08.058+0000] {processor.py:914} INFO - Processing file /opt/airflow/dags/dag2.py for tasks to queue
[2025-09-16T11:50:08.064+0000] {logging_mixin.py:190} INFO - [2025-09-16T11:50:08.063+0000] {dagbag.py:588} INFO - Filling up the DagBag from /opt/airflow/dags/dag2.py
[2025-09-16T11:50:08.108+0000] {processor.py:925} INFO - DAG(s) 'dag2.v2.0' retrieved from /opt/airflow/dags/dag2.py
[2025-09-16T11:50:08.157+0000] {logging_mixin.py:190} INFO - [2025-09-16T11:50:08.156+0000] {dag.py:3239} INFO - Sync 1 DAGs
[2025-09-16T11:50:08.231+0000] {logging_mixin.py:190} INFO - [2025-09-16T11:50:08.231+0000] {dag.py:4180} INFO - Setting next_dagrun for dag2.v2.0 to 2025-09-16 03:00:00+00:00, run_after=2025-09-23 03:00:00+00:00
[2025-09-16T11:50:08.274+0000] {processor.py:208} INFO - Processing /opt/airflow/dags/dag2.py took 0.230 seconds
[2025-09-16T11:50:38.525+0000] {processor.py:186} INFO - Started process (PID=535) to work on /opt/airflow/dags/dag2.py
[2025-09-16T11:50:38.527+0000] {processor.py:914} INFO - Processing file /opt/airflow/dags/dag2.py for tasks to queue
[2025-09-16T11:50:38.531+0000] {logging_mixin.py:190} INFO - [2025-09-16T11:50:38.530+0000] {dagbag.py:588} INFO - Filling up the DagBag from /opt/airflow/dags/dag2.py
[2025-09-16T11:50:38.575+0000] {processor.py:925} INFO - DAG(s) 'dag2.v2.0' retrieved from /opt/airflow/dags/dag2.py
[2025-09-16T11:50:38.621+0000] {logging_mixin.py:190} INFO - [2025-09-16T11:50:38.620+0000] {dag.py:3239} INFO - Sync 1 DAGs
[2025-09-16T11:50:38.674+0000] {logging_mixin.py:190} INFO - [2025-09-16T11:50:38.673+0000] {dag.py:4180} INFO - Setting next_dagrun for dag2.v2.0 to 2025-09-16 03:00:00+00:00, run_after=2025-09-23 03:00:00+00:00
[2025-09-16T11:50:38.711+0000] {processor.py:208} INFO - Processing /opt/airflow/dags/dag2.py took 0.200 seconds
[2025-09-16T11:51:09.073+0000] {processor.py:186} INFO - Started process (PID=561) to work on /opt/airflow/dags/dag2.py
[2025-09-16T11:51:09.075+0000] {processor.py:914} INFO - Processing file /opt/airflow/dags/dag2.py for tasks to queue
[2025-09-16T11:51:09.080+0000] {logging_mixin.py:190} INFO - [2025-09-16T11:51:09.079+0000] {dagbag.py:588} INFO - Filling up the DagBag from /opt/airflow/dags/dag2.py
[2025-09-16T11:51:09.128+0000] {processor.py:925} INFO - DAG(s) 'dag2.v2.0' retrieved from /opt/airflow/dags/dag2.py
[2025-09-16T11:51:09.169+0000] {logging_mixin.py:190} INFO - [2025-09-16T11:51:09.168+0000] {dag.py:3239} INFO - Sync 1 DAGs
[2025-09-16T11:51:09.218+0000] {logging_mixin.py:190} INFO - [2025-09-16T11:51:09.218+0000] {dag.py:4180} INFO - Setting next_dagrun for dag2.v2.0 to 2025-09-16 03:00:00+00:00, run_after=2025-09-23 03:00:00+00:00
[2025-09-16T11:51:09.250+0000] {processor.py:208} INFO - Processing /opt/airflow/dags/dag2.py took 0.188 seconds
[2025-09-16T11:51:39.622+0000] {processor.py:186} INFO - Started process (PID=587) to work on /opt/airflow/dags/dag2.py
[2025-09-16T11:51:39.623+0000] {processor.py:914} INFO - Processing file /opt/airflow/dags/dag2.py for tasks to queue
[2025-09-16T11:51:39.627+0000] {logging_mixin.py:190} INFO - [2025-09-16T11:51:39.627+0000] {dagbag.py:588} INFO - Filling up the DagBag from /opt/airflow/dags/dag2.py
[2025-09-16T11:51:39.663+0000] {processor.py:925} INFO - DAG(s) 'dag2.v2.0' retrieved from /opt/airflow/dags/dag2.py
[2025-09-16T11:51:39.703+0000] {logging_mixin.py:190} INFO - [2025-09-16T11:51:39.703+0000] {dag.py:3239} INFO - Sync 1 DAGs
[2025-09-16T11:51:39.748+0000] {logging_mixin.py:190} INFO - [2025-09-16T11:51:39.748+0000] {dag.py:4180} INFO - Setting next_dagrun for dag2.v2.0 to 2025-09-16 03:00:00+00:00, run_after=2025-09-23 03:00:00+00:00
[2025-09-16T11:51:39.780+0000] {processor.py:208} INFO - Processing /opt/airflow/dags/dag2.py took 0.172 seconds
[2025-09-16T11:52:10.080+0000] {processor.py:186} INFO - Started process (PID=613) to work on /opt/airflow/dags/dag2.py
[2025-09-16T11:52:10.082+0000] {processor.py:914} INFO - Processing file /opt/airflow/dags/dag2.py for tasks to queue
[2025-09-16T11:52:10.088+0000] {logging_mixin.py:190} INFO - [2025-09-16T11:52:10.088+0000] {dagbag.py:588} INFO - Filling up the DagBag from /opt/airflow/dags/dag2.py
[2025-09-16T11:52:10.125+0000] {processor.py:925} INFO - DAG(s) 'dag2.v2.0' retrieved from /opt/airflow/dags/dag2.py
[2025-09-16T11:52:10.173+0000] {logging_mixin.py:190} INFO - [2025-09-16T11:52:10.172+0000] {dag.py:3239} INFO - Sync 1 DAGs
[2025-09-16T11:52:10.236+0000] {logging_mixin.py:190} INFO - [2025-09-16T11:52:10.235+0000] {dag.py:4180} INFO - Setting next_dagrun for dag2.v2.0 to 2025-09-16 03:00:00+00:00, run_after=2025-09-23 03:00:00+00:00
[2025-09-16T11:52:10.280+0000] {processor.py:208} INFO - Processing /opt/airflow/dags/dag2.py took 0.211 seconds
[2025-09-16T11:52:40.610+0000] {processor.py:186} INFO - Started process (PID=644) to work on /opt/airflow/dags/dag2.py
[2025-09-16T11:52:40.612+0000] {processor.py:914} INFO - Processing file /opt/airflow/dags/dag2.py for tasks to queue
[2025-09-16T11:52:40.618+0000] {logging_mixin.py:190} INFO - [2025-09-16T11:52:40.617+0000] {dagbag.py:588} INFO - Filling up the DagBag from /opt/airflow/dags/dag2.py
[2025-09-16T11:52:40.658+0000] {processor.py:925} INFO - DAG(s) 'dag2.v2.0' retrieved from /opt/airflow/dags/dag2.py
[2025-09-16T11:52:40.701+0000] {logging_mixin.py:190} INFO - [2025-09-16T11:52:40.701+0000] {dag.py:3239} INFO - Sync 1 DAGs
[2025-09-16T11:52:40.751+0000] {logging_mixin.py:190} INFO - [2025-09-16T11:52:40.751+0000] {dag.py:4180} INFO - Setting next_dagrun for dag2.v2.0 to 2025-09-16 03:00:00+00:00, run_after=2025-09-23 03:00:00+00:00
[2025-09-16T11:52:40.786+0000] {processor.py:208} INFO - Processing /opt/airflow/dags/dag2.py took 0.189 seconds
[2025-09-16T11:53:11.034+0000] {processor.py:186} INFO - Started process (PID=670) to work on /opt/airflow/dags/dag2.py
[2025-09-16T11:53:11.036+0000] {processor.py:914} INFO - Processing file /opt/airflow/dags/dag2.py for tasks to queue
[2025-09-16T11:53:11.060+0000] {logging_mixin.py:190} INFO - [2025-09-16T11:53:11.056+0000] {dagbag.py:588} INFO - Filling up the DagBag from /opt/airflow/dags/dag2.py
[2025-09-16T11:53:11.137+0000] {processor.py:925} INFO - DAG(s) 'dag2.v2.0' retrieved from /opt/airflow/dags/dag2.py
[2025-09-16T11:53:11.204+0000] {logging_mixin.py:190} INFO - [2025-09-16T11:53:11.203+0000] {dag.py:3239} INFO - Sync 1 DAGs
[2025-09-16T11:53:11.318+0000] {logging_mixin.py:190} INFO - [2025-09-16T11:53:11.317+0000] {dag.py:4180} INFO - Setting next_dagrun for dag2.v2.0 to 2025-09-16 03:00:00+00:00, run_after=2025-09-23 03:00:00+00:00
[2025-09-16T11:53:11.384+0000] {processor.py:208} INFO - Processing /opt/airflow/dags/dag2.py took 0.371 seconds
[2025-09-16T11:53:41.594+0000] {processor.py:186} INFO - Started process (PID=696) to work on /opt/airflow/dags/dag2.py
[2025-09-16T11:53:41.597+0000] {processor.py:914} INFO - Processing file /opt/airflow/dags/dag2.py for tasks to queue
[2025-09-16T11:53:41.601+0000] {logging_mixin.py:190} INFO - [2025-09-16T11:53:41.601+0000] {dagbag.py:588} INFO - Filling up the DagBag from /opt/airflow/dags/dag2.py
[2025-09-16T11:53:41.675+0000] {processor.py:925} INFO - DAG(s) 'dag2.v2.0' retrieved from /opt/airflow/dags/dag2.py
[2025-09-16T11:53:41.721+0000] {logging_mixin.py:190} INFO - [2025-09-16T11:53:41.721+0000] {dag.py:3239} INFO - Sync 1 DAGs
[2025-09-16T11:53:41.771+0000] {logging_mixin.py:190} INFO - [2025-09-16T11:53:41.770+0000] {dag.py:4180} INFO - Setting next_dagrun for dag2.v2.0 to 2025-09-16 03:00:00+00:00, run_after=2025-09-23 03:00:00+00:00
[2025-09-16T11:53:41.810+0000] {processor.py:208} INFO - Processing /opt/airflow/dags/dag2.py took 0.226 seconds
[2025-09-16T11:54:11.951+0000] {processor.py:186} INFO - Started process (PID=722) to work on /opt/airflow/dags/dag2.py
[2025-09-16T11:54:11.952+0000] {processor.py:914} INFO - Processing file /opt/airflow/dags/dag2.py for tasks to queue
[2025-09-16T11:54:11.965+0000] {logging_mixin.py:190} INFO - [2025-09-16T11:54:11.964+0000] {dagbag.py:588} INFO - Filling up the DagBag from /opt/airflow/dags/dag2.py
[2025-09-16T11:54:12.015+0000] {processor.py:925} INFO - DAG(s) 'dag2.v2.0' retrieved from /opt/airflow/dags/dag2.py
[2025-09-16T11:54:12.092+0000] {logging_mixin.py:190} INFO - [2025-09-16T11:54:12.091+0000] {dag.py:3239} INFO - Sync 1 DAGs
[2025-09-16T11:54:12.186+0000] {logging_mixin.py:190} INFO - [2025-09-16T11:54:12.186+0000] {dag.py:4180} INFO - Setting next_dagrun for dag2.v2.0 to 2025-09-16 03:00:00+00:00, run_after=2025-09-23 03:00:00+00:00
[2025-09-16T11:54:12.240+0000] {processor.py:208} INFO - Processing /opt/airflow/dags/dag2.py took 0.310 seconds
[2025-09-16T11:54:42.452+0000] {processor.py:186} INFO - Started process (PID=748) to work on /opt/airflow/dags/dag2.py
[2025-09-16T11:54:42.454+0000] {processor.py:914} INFO - Processing file /opt/airflow/dags/dag2.py for tasks to queue
[2025-09-16T11:54:42.459+0000] {logging_mixin.py:190} INFO - [2025-09-16T11:54:42.458+0000] {dagbag.py:588} INFO - Filling up the DagBag from /opt/airflow/dags/dag2.py
[2025-09-16T11:54:42.504+0000] {processor.py:925} INFO - DAG(s) 'dag2.v2.0' retrieved from /opt/airflow/dags/dag2.py
[2025-09-16T11:54:42.558+0000] {logging_mixin.py:190} INFO - [2025-09-16T11:54:42.557+0000] {dag.py:3239} INFO - Sync 1 DAGs
[2025-09-16T11:54:42.624+0000] {logging_mixin.py:190} INFO - [2025-09-16T11:54:42.624+0000] {dag.py:4180} INFO - Setting next_dagrun for dag2.v2.0 to 2025-09-16 03:00:00+00:00, run_after=2025-09-23 03:00:00+00:00
[2025-09-16T11:54:42.667+0000] {processor.py:208} INFO - Processing /opt/airflow/dags/dag2.py took 0.231 seconds
[2025-09-16T11:55:12.823+0000] {processor.py:186} INFO - Started process (PID=774) to work on /opt/airflow/dags/dag2.py
[2025-09-16T11:55:12.825+0000] {processor.py:914} INFO - Processing file /opt/airflow/dags/dag2.py for tasks to queue
[2025-09-16T11:55:12.829+0000] {logging_mixin.py:190} INFO - [2025-09-16T11:55:12.829+0000] {dagbag.py:588} INFO - Filling up the DagBag from /opt/airflow/dags/dag2.py
[2025-09-16T11:55:12.869+0000] {processor.py:925} INFO - DAG(s) 'dag2.v2.0' retrieved from /opt/airflow/dags/dag2.py
[2025-09-16T11:55:12.911+0000] {logging_mixin.py:190} INFO - [2025-09-16T11:55:12.911+0000] {dag.py:3239} INFO - Sync 1 DAGs
[2025-09-16T11:55:12.968+0000] {logging_mixin.py:190} INFO - [2025-09-16T11:55:12.968+0000] {dag.py:4180} INFO - Setting next_dagrun for dag2.v2.0 to 2025-09-16 03:00:00+00:00, run_after=2025-09-23 03:00:00+00:00
[2025-09-16T11:55:13.002+0000] {processor.py:208} INFO - Processing /opt/airflow/dags/dag2.py took 0.193 seconds
[2025-09-16T11:55:43.374+0000] {processor.py:186} INFO - Started process (PID=800) to work on /opt/airflow/dags/dag2.py
[2025-09-16T11:55:43.384+0000] {processor.py:914} INFO - Processing file /opt/airflow/dags/dag2.py for tasks to queue
[2025-09-16T11:55:43.393+0000] {logging_mixin.py:190} INFO - [2025-09-16T11:55:43.389+0000] {dagbag.py:588} INFO - Filling up the DagBag from /opt/airflow/dags/dag2.py
[2025-09-16T11:55:43.459+0000] {processor.py:925} INFO - DAG(s) 'dag2.v2.0' retrieved from /opt/airflow/dags/dag2.py
[2025-09-16T11:55:43.530+0000] {logging_mixin.py:190} INFO - [2025-09-16T11:55:43.529+0000] {dag.py:3239} INFO - Sync 1 DAGs
[2025-09-16T11:55:43.582+0000] {logging_mixin.py:190} INFO - [2025-09-16T11:55:43.581+0000] {dag.py:4180} INFO - Setting next_dagrun for dag2.v2.0 to 2025-09-16 03:00:00+00:00, run_after=2025-09-23 03:00:00+00:00
[2025-09-16T11:55:43.640+0000] {processor.py:208} INFO - Processing /opt/airflow/dags/dag2.py took 0.279 seconds
[2025-09-16T11:56:14.300+0000] {processor.py:186} INFO - Started process (PID=826) to work on /opt/airflow/dags/dag2.py
[2025-09-16T11:56:14.303+0000] {processor.py:914} INFO - Processing file /opt/airflow/dags/dag2.py for tasks to queue
[2025-09-16T11:56:14.311+0000] {logging_mixin.py:190} INFO - [2025-09-16T11:56:14.310+0000] {dagbag.py:588} INFO - Filling up the DagBag from /opt/airflow/dags/dag2.py
[2025-09-16T11:56:14.386+0000] {processor.py:925} INFO - DAG(s) 'dag2.v2.0' retrieved from /opt/airflow/dags/dag2.py
[2025-09-16T11:56:14.481+0000] {logging_mixin.py:190} INFO - [2025-09-16T11:56:14.481+0000] {dag.py:3239} INFO - Sync 1 DAGs
[2025-09-16T11:56:14.598+0000] {logging_mixin.py:190} INFO - [2025-09-16T11:56:14.598+0000] {dag.py:4180} INFO - Setting next_dagrun for dag2.v2.0 to 2025-09-16 03:00:00+00:00, run_after=2025-09-23 03:00:00+00:00
[2025-09-16T11:56:14.700+0000] {processor.py:208} INFO - Processing /opt/airflow/dags/dag2.py took 0.425 seconds
[2025-09-16T11:56:44.872+0000] {processor.py:186} INFO - Started process (PID=849) to work on /opt/airflow/dags/dag2.py
[2025-09-16T11:56:44.874+0000] {processor.py:914} INFO - Processing file /opt/airflow/dags/dag2.py for tasks to queue
[2025-09-16T11:56:44.879+0000] {logging_mixin.py:190} INFO - [2025-09-16T11:56:44.879+0000] {dagbag.py:588} INFO - Filling up the DagBag from /opt/airflow/dags/dag2.py
[2025-09-16T11:56:44.918+0000] {processor.py:925} INFO - DAG(s) 'dag2.v2.0' retrieved from /opt/airflow/dags/dag2.py
[2025-09-16T11:56:44.959+0000] {logging_mixin.py:190} INFO - [2025-09-16T11:56:44.958+0000] {dag.py:3239} INFO - Sync 1 DAGs
[2025-09-16T11:56:45.002+0000] {logging_mixin.py:190} INFO - [2025-09-16T11:56:45.002+0000] {dag.py:4180} INFO - Setting next_dagrun for dag2.v2.0 to 2025-09-16 03:00:00+00:00, run_after=2025-09-23 03:00:00+00:00
[2025-09-16T11:56:45.038+0000] {processor.py:208} INFO - Processing /opt/airflow/dags/dag2.py took 0.179 seconds
[2025-09-16T11:57:15.685+0000] {processor.py:186} INFO - Started process (PID=878) to work on /opt/airflow/dags/dag2.py
[2025-09-16T11:57:15.686+0000] {processor.py:914} INFO - Processing file /opt/airflow/dags/dag2.py for tasks to queue
[2025-09-16T11:57:15.690+0000] {logging_mixin.py:190} INFO - [2025-09-16T11:57:15.689+0000] {dagbag.py:588} INFO - Filling up the DagBag from /opt/airflow/dags/dag2.py
[2025-09-16T11:57:15.729+0000] {processor.py:925} INFO - DAG(s) 'dag2.v2.0' retrieved from /opt/airflow/dags/dag2.py
[2025-09-16T11:57:15.778+0000] {logging_mixin.py:190} INFO - [2025-09-16T11:57:15.777+0000] {dag.py:3239} INFO - Sync 1 DAGs
[2025-09-16T11:57:15.832+0000] {logging_mixin.py:190} INFO - [2025-09-16T11:57:15.832+0000] {dag.py:4180} INFO - Setting next_dagrun for dag2.v2.0 to 2025-09-16 03:00:00+00:00, run_after=2025-09-23 03:00:00+00:00
[2025-09-16T11:57:15.870+0000] {processor.py:208} INFO - Processing /opt/airflow/dags/dag2.py took 0.198 seconds
[2025-09-16T11:57:46.100+0000] {processor.py:186} INFO - Started process (PID=904) to work on /opt/airflow/dags/dag2.py
[2025-09-16T11:57:46.101+0000] {processor.py:914} INFO - Processing file /opt/airflow/dags/dag2.py for tasks to queue
[2025-09-16T11:57:46.106+0000] {logging_mixin.py:190} INFO - [2025-09-16T11:57:46.105+0000] {dagbag.py:588} INFO - Filling up the DagBag from /opt/airflow/dags/dag2.py
[2025-09-16T11:57:46.146+0000] {processor.py:925} INFO - DAG(s) 'dag2.v2.0' retrieved from /opt/airflow/dags/dag2.py
[2025-09-16T11:57:46.189+0000] {logging_mixin.py:190} INFO - [2025-09-16T11:57:46.189+0000] {dag.py:3239} INFO - Sync 1 DAGs
[2025-09-16T11:57:46.235+0000] {logging_mixin.py:190} INFO - [2025-09-16T11:57:46.234+0000] {dag.py:4180} INFO - Setting next_dagrun for dag2.v2.0 to 2025-09-16 03:00:00+00:00, run_after=2025-09-23 03:00:00+00:00
[2025-09-16T11:57:46.270+0000] {processor.py:208} INFO - Processing /opt/airflow/dags/dag2.py took 0.180 seconds
[2025-09-16T11:58:16.447+0000] {processor.py:186} INFO - Started process (PID=930) to work on /opt/airflow/dags/dag2.py
[2025-09-16T11:58:16.449+0000] {processor.py:914} INFO - Processing file /opt/airflow/dags/dag2.py for tasks to queue
[2025-09-16T11:58:16.455+0000] {logging_mixin.py:190} INFO - [2025-09-16T11:58:16.454+0000] {dagbag.py:588} INFO - Filling up the DagBag from /opt/airflow/dags/dag2.py
[2025-09-16T11:58:16.500+0000] {processor.py:925} INFO - DAG(s) 'dag2.v2.0' retrieved from /opt/airflow/dags/dag2.py
[2025-09-16T11:58:16.554+0000] {logging_mixin.py:190} INFO - [2025-09-16T11:58:16.553+0000] {dag.py:3239} INFO - Sync 1 DAGs
[2025-09-16T11:58:16.638+0000] {logging_mixin.py:190} INFO - [2025-09-16T11:58:16.637+0000] {dag.py:4180} INFO - Setting next_dagrun for dag2.v2.0 to 2025-09-16 03:00:00+00:00, run_after=2025-09-23 03:00:00+00:00
[2025-09-16T11:58:16.686+0000] {processor.py:208} INFO - Processing /opt/airflow/dags/dag2.py took 0.252 seconds
[2025-09-16T11:58:46.840+0000] {processor.py:186} INFO - Started process (PID=957) to work on /opt/airflow/dags/dag2.py
[2025-09-16T11:58:46.842+0000] {processor.py:914} INFO - Processing file /opt/airflow/dags/dag2.py for tasks to queue
[2025-09-16T11:58:46.847+0000] {logging_mixin.py:190} INFO - [2025-09-16T11:58:46.847+0000] {dagbag.py:588} INFO - Filling up the DagBag from /opt/airflow/dags/dag2.py
[2025-09-16T11:58:46.887+0000] {processor.py:925} INFO - DAG(s) 'dag2.v2.0' retrieved from /opt/airflow/dags/dag2.py
[2025-09-16T11:58:46.935+0000] {logging_mixin.py:190} INFO - [2025-09-16T11:58:46.934+0000] {dag.py:3239} INFO - Sync 1 DAGs
[2025-09-16T11:58:46.996+0000] {logging_mixin.py:190} INFO - [2025-09-16T11:58:46.996+0000] {dag.py:4180} INFO - Setting next_dagrun for dag2.v2.0 to 2025-09-16 03:00:00+00:00, run_after=2025-09-23 03:00:00+00:00
[2025-09-16T11:58:47.034+0000] {processor.py:208} INFO - Processing /opt/airflow/dags/dag2.py took 0.204 seconds
[2025-09-16T11:59:17.413+0000] {processor.py:186} INFO - Started process (PID=991) to work on /opt/airflow/dags/dag2.py
[2025-09-16T11:59:17.419+0000] {processor.py:914} INFO - Processing file /opt/airflow/dags/dag2.py for tasks to queue
[2025-09-16T11:59:17.425+0000] {logging_mixin.py:190} INFO - [2025-09-16T11:59:17.423+0000] {dagbag.py:588} INFO - Filling up the DagBag from /opt/airflow/dags/dag2.py
[2025-09-16T11:59:17.468+0000] {processor.py:925} INFO - DAG(s) 'dag2.v2.0' retrieved from /opt/airflow/dags/dag2.py
[2025-09-16T11:59:17.512+0000] {logging_mixin.py:190} INFO - [2025-09-16T11:59:17.512+0000] {dag.py:3239} INFO - Sync 1 DAGs
[2025-09-16T11:59:17.578+0000] {logging_mixin.py:190} INFO - [2025-09-16T11:59:17.578+0000] {dag.py:4180} INFO - Setting next_dagrun for dag2.v2.0 to 2025-09-16 03:00:00+00:00, run_after=2025-09-23 03:00:00+00:00
[2025-09-16T11:59:17.619+0000] {processor.py:208} INFO - Processing /opt/airflow/dags/dag2.py took 0.221 seconds
[2025-09-16T11:59:47.832+0000] {processor.py:186} INFO - Started process (PID=1017) to work on /opt/airflow/dags/dag2.py
[2025-09-16T11:59:47.834+0000] {processor.py:914} INFO - Processing file /opt/airflow/dags/dag2.py for tasks to queue
[2025-09-16T11:59:47.838+0000] {logging_mixin.py:190} INFO - [2025-09-16T11:59:47.837+0000] {dagbag.py:588} INFO - Filling up the DagBag from /opt/airflow/dags/dag2.py
[2025-09-16T11:59:47.872+0000] {processor.py:925} INFO - DAG(s) 'dag2.v2.0' retrieved from /opt/airflow/dags/dag2.py
[2025-09-16T11:59:47.912+0000] {logging_mixin.py:190} INFO - [2025-09-16T11:59:47.911+0000] {dag.py:3239} INFO - Sync 1 DAGs
[2025-09-16T11:59:47.961+0000] {logging_mixin.py:190} INFO - [2025-09-16T11:59:47.961+0000] {dag.py:4180} INFO - Setting next_dagrun for dag2.v2.0 to 2025-09-16 03:00:00+00:00, run_after=2025-09-23 03:00:00+00:00
[2025-09-16T11:59:48.011+0000] {processor.py:208} INFO - Processing /opt/airflow/dags/dag2.py took 0.192 seconds
[2025-09-16T12:00:18.145+0000] {processor.py:186} INFO - Started process (PID=1043) to work on /opt/airflow/dags/dag2.py
[2025-09-16T12:00:18.147+0000] {processor.py:914} INFO - Processing file /opt/airflow/dags/dag2.py for tasks to queue
[2025-09-16T12:00:18.152+0000] {logging_mixin.py:190} INFO - [2025-09-16T12:00:18.151+0000] {dagbag.py:588} INFO - Filling up the DagBag from /opt/airflow/dags/dag2.py
[2025-09-16T12:00:18.189+0000] {processor.py:925} INFO - DAG(s) 'dag2.v2.0' retrieved from /opt/airflow/dags/dag2.py
[2025-09-16T12:00:18.235+0000] {logging_mixin.py:190} INFO - [2025-09-16T12:00:18.234+0000] {dag.py:3239} INFO - Sync 1 DAGs
[2025-09-16T12:00:18.286+0000] {logging_mixin.py:190} INFO - [2025-09-16T12:00:18.285+0000] {dag.py:4180} INFO - Setting next_dagrun for dag2.v2.0 to 2025-09-16 03:00:00+00:00, run_after=2025-09-23 03:00:00+00:00
[2025-09-16T12:00:18.320+0000] {processor.py:208} INFO - Processing /opt/airflow/dags/dag2.py took 0.187 seconds
[2025-09-16T12:00:48.564+0000] {processor.py:186} INFO - Started process (PID=1069) to work on /opt/airflow/dags/dag2.py
[2025-09-16T12:00:48.566+0000] {processor.py:914} INFO - Processing file /opt/airflow/dags/dag2.py for tasks to queue
[2025-09-16T12:00:48.570+0000] {logging_mixin.py:190} INFO - [2025-09-16T12:00:48.570+0000] {dagbag.py:588} INFO - Filling up the DagBag from /opt/airflow/dags/dag2.py
[2025-09-16T12:00:48.605+0000] {processor.py:925} INFO - DAG(s) 'dag2.v2.0' retrieved from /opt/airflow/dags/dag2.py
[2025-09-16T12:00:48.645+0000] {logging_mixin.py:190} INFO - [2025-09-16T12:00:48.645+0000] {dag.py:3239} INFO - Sync 1 DAGs
[2025-09-16T12:00:48.698+0000] {logging_mixin.py:190} INFO - [2025-09-16T12:00:48.698+0000] {dag.py:4180} INFO - Setting next_dagrun for dag2.v2.0 to 2025-09-16 03:00:00+00:00, run_after=2025-09-23 03:00:00+00:00
[2025-09-16T12:00:48.738+0000] {processor.py:208} INFO - Processing /opt/airflow/dags/dag2.py took 0.183 seconds
[2025-09-16T12:01:18.926+0000] {processor.py:186} INFO - Started process (PID=1095) to work on /opt/airflow/dags/dag2.py
[2025-09-16T12:01:18.927+0000] {processor.py:914} INFO - Processing file /opt/airflow/dags/dag2.py for tasks to queue
[2025-09-16T12:01:18.931+0000] {logging_mixin.py:190} INFO - [2025-09-16T12:01:18.931+0000] {dagbag.py:588} INFO - Filling up the DagBag from /opt/airflow/dags/dag2.py
[2025-09-16T12:01:18.974+0000] {processor.py:925} INFO - DAG(s) 'dag2.v2.0' retrieved from /opt/airflow/dags/dag2.py
[2025-09-16T12:01:19.035+0000] {logging_mixin.py:190} INFO - [2025-09-16T12:01:19.034+0000] {dag.py:3239} INFO - Sync 1 DAGs
[2025-09-16T12:01:19.092+0000] {logging_mixin.py:190} INFO - [2025-09-16T12:01:19.091+0000] {dag.py:4180} INFO - Setting next_dagrun for dag2.v2.0 to 2025-09-16 03:00:00+00:00, run_after=2025-09-23 03:00:00+00:00
[2025-09-16T12:01:19.139+0000] {processor.py:208} INFO - Processing /opt/airflow/dags/dag2.py took 0.223 seconds
[2025-09-16T12:01:49.660+0000] {processor.py:186} INFO - Started process (PID=1119) to work on /opt/airflow/dags/dag2.py
[2025-09-16T12:01:49.662+0000] {processor.py:914} INFO - Processing file /opt/airflow/dags/dag2.py for tasks to queue
[2025-09-16T12:01:49.671+0000] {logging_mixin.py:190} INFO - [2025-09-16T12:01:49.670+0000] {dagbag.py:588} INFO - Filling up the DagBag from /opt/airflow/dags/dag2.py
[2025-09-16T12:01:49.731+0000] {processor.py:925} INFO - DAG(s) 'dag2.v2.0' retrieved from /opt/airflow/dags/dag2.py
[2025-09-16T12:01:49.795+0000] {logging_mixin.py:190} INFO - [2025-09-16T12:01:49.795+0000] {dag.py:3239} INFO - Sync 1 DAGs
[2025-09-16T12:01:49.882+0000] {logging_mixin.py:190} INFO - [2025-09-16T12:01:49.882+0000] {dag.py:4180} INFO - Setting next_dagrun for dag2.v2.0 to 2025-09-16 03:00:00+00:00, run_after=2025-09-23 03:00:00+00:00
[2025-09-16T12:01:49.925+0000] {processor.py:208} INFO - Processing /opt/airflow/dags/dag2.py took 0.285 seconds
[2025-09-16T12:02:20.138+0000] {processor.py:186} INFO - Started process (PID=1145) to work on /opt/airflow/dags/dag2.py
[2025-09-16T12:02:20.140+0000] {processor.py:914} INFO - Processing file /opt/airflow/dags/dag2.py for tasks to queue
[2025-09-16T12:02:20.159+0000] {logging_mixin.py:190} INFO - [2025-09-16T12:02:20.158+0000] {dagbag.py:588} INFO - Filling up the DagBag from /opt/airflow/dags/dag2.py
[2025-09-16T12:02:20.218+0000] {processor.py:925} INFO - DAG(s) 'dag2.v2.0' retrieved from /opt/airflow/dags/dag2.py
[2025-09-16T12:02:20.308+0000] {logging_mixin.py:190} INFO - [2025-09-16T12:02:20.307+0000] {dag.py:3239} INFO - Sync 1 DAGs
[2025-09-16T12:02:20.412+0000] {logging_mixin.py:190} INFO - [2025-09-16T12:02:20.411+0000] {dag.py:4180} INFO - Setting next_dagrun for dag2.v2.0 to 2025-09-16 03:00:00+00:00, run_after=2025-09-23 03:00:00+00:00
[2025-09-16T12:02:20.481+0000] {processor.py:208} INFO - Processing /opt/airflow/dags/dag2.py took 0.365 seconds
[2025-09-16T12:02:51.044+0000] {processor.py:186} INFO - Started process (PID=1171) to work on /opt/airflow/dags/dag2.py
[2025-09-16T12:02:51.050+0000] {processor.py:914} INFO - Processing file /opt/airflow/dags/dag2.py for tasks to queue
[2025-09-16T12:02:51.057+0000] {logging_mixin.py:190} INFO - [2025-09-16T12:02:51.056+0000] {dagbag.py:588} INFO - Filling up the DagBag from /opt/airflow/dags/dag2.py
[2025-09-16T12:02:51.104+0000] {processor.py:925} INFO - DAG(s) 'dag2.v2.0' retrieved from /opt/airflow/dags/dag2.py
[2025-09-16T12:02:51.153+0000] {logging_mixin.py:190} INFO - [2025-09-16T12:02:51.153+0000] {dag.py:3239} INFO - Sync 1 DAGs
[2025-09-16T12:02:51.210+0000] {logging_mixin.py:190} INFO - [2025-09-16T12:02:51.210+0000] {dag.py:4180} INFO - Setting next_dagrun for dag2.v2.0 to 2025-09-16 03:00:00+00:00, run_after=2025-09-23 03:00:00+00:00
[2025-09-16T12:02:51.251+0000] {processor.py:208} INFO - Processing /opt/airflow/dags/dag2.py took 0.227 seconds
[2025-09-16T12:03:21.760+0000] {processor.py:186} INFO - Started process (PID=1197) to work on /opt/airflow/dags/dag2.py
[2025-09-16T12:03:21.762+0000] {processor.py:914} INFO - Processing file /opt/airflow/dags/dag2.py for tasks to queue
[2025-09-16T12:03:21.767+0000] {logging_mixin.py:190} INFO - [2025-09-16T12:03:21.766+0000] {dagbag.py:588} INFO - Filling up the DagBag from /opt/airflow/dags/dag2.py
[2025-09-16T12:03:21.813+0000] {processor.py:925} INFO - DAG(s) 'dag2.v2.0' retrieved from /opt/airflow/dags/dag2.py
[2025-09-16T12:03:21.869+0000] {logging_mixin.py:190} INFO - [2025-09-16T12:03:21.869+0000] {dag.py:3239} INFO - Sync 1 DAGs
[2025-09-16T12:03:21.919+0000] {logging_mixin.py:190} INFO - [2025-09-16T12:03:21.919+0000] {dag.py:4180} INFO - Setting next_dagrun for dag2.v2.0 to 2025-09-16 03:00:00+00:00, run_after=2025-09-23 03:00:00+00:00
[2025-09-16T12:03:21.954+0000] {processor.py:208} INFO - Processing /opt/airflow/dags/dag2.py took 0.206 seconds
[2025-09-16T12:03:53.037+0000] {processor.py:186} INFO - Started process (PID=1223) to work on /opt/airflow/dags/dag2.py
[2025-09-16T12:03:53.039+0000] {processor.py:914} INFO - Processing file /opt/airflow/dags/dag2.py for tasks to queue
[2025-09-16T12:03:53.045+0000] {logging_mixin.py:190} INFO - [2025-09-16T12:03:53.044+0000] {dagbag.py:588} INFO - Filling up the DagBag from /opt/airflow/dags/dag2.py
[2025-09-16T12:03:53.099+0000] {processor.py:925} INFO - DAG(s) 'dag2.v2.0' retrieved from /opt/airflow/dags/dag2.py
[2025-09-16T12:03:53.150+0000] {logging_mixin.py:190} INFO - [2025-09-16T12:03:53.150+0000] {dag.py:3239} INFO - Sync 1 DAGs
[2025-09-16T12:03:53.212+0000] {logging_mixin.py:190} INFO - [2025-09-16T12:03:53.211+0000] {dag.py:4180} INFO - Setting next_dagrun for dag2.v2.0 to 2025-09-16 03:00:00+00:00, run_after=2025-09-23 03:00:00+00:00
[2025-09-16T12:03:53.254+0000] {processor.py:208} INFO - Processing /opt/airflow/dags/dag2.py took 0.229 seconds
[2025-09-16T12:04:23.849+0000] {processor.py:186} INFO - Started process (PID=1249) to work on /opt/airflow/dags/dag2.py
[2025-09-16T12:04:23.850+0000] {processor.py:914} INFO - Processing file /opt/airflow/dags/dag2.py for tasks to queue
[2025-09-16T12:04:23.854+0000] {logging_mixin.py:190} INFO - [2025-09-16T12:04:23.854+0000] {dagbag.py:588} INFO - Filling up the DagBag from /opt/airflow/dags/dag2.py
[2025-09-16T12:04:23.892+0000] {processor.py:925} INFO - DAG(s) 'dag2.v2.0' retrieved from /opt/airflow/dags/dag2.py
[2025-09-16T12:04:23.940+0000] {logging_mixin.py:190} INFO - [2025-09-16T12:04:23.940+0000] {dag.py:3239} INFO - Sync 1 DAGs
[2025-09-16T12:04:23.997+0000] {logging_mixin.py:190} INFO - [2025-09-16T12:04:23.996+0000] {dag.py:4180} INFO - Setting next_dagrun for dag2.v2.0 to 2025-09-16 03:00:00+00:00, run_after=2025-09-23 03:00:00+00:00
[2025-09-16T12:04:24.045+0000] {processor.py:208} INFO - Processing /opt/airflow/dags/dag2.py took 0.206 seconds
[2025-09-16T12:04:54.543+0000] {processor.py:186} INFO - Started process (PID=1275) to work on /opt/airflow/dags/dag2.py
[2025-09-16T12:04:54.545+0000] {processor.py:914} INFO - Processing file /opt/airflow/dags/dag2.py for tasks to queue
[2025-09-16T12:04:54.549+0000] {logging_mixin.py:190} INFO - [2025-09-16T12:04:54.548+0000] {dagbag.py:588} INFO - Filling up the DagBag from /opt/airflow/dags/dag2.py
[2025-09-16T12:04:54.587+0000] {processor.py:925} INFO - DAG(s) 'dag2.v2.0' retrieved from /opt/airflow/dags/dag2.py
[2025-09-16T12:04:54.646+0000] {logging_mixin.py:190} INFO - [2025-09-16T12:04:54.646+0000] {dag.py:3239} INFO - Sync 1 DAGs
[2025-09-16T12:04:54.698+0000] {logging_mixin.py:190} INFO - [2025-09-16T12:04:54.697+0000] {dag.py:4180} INFO - Setting next_dagrun for dag2.v2.0 to 2025-09-16 03:00:00+00:00, run_after=2025-09-23 03:00:00+00:00
[2025-09-16T12:04:54.738+0000] {processor.py:208} INFO - Processing /opt/airflow/dags/dag2.py took 0.209 seconds
[2025-09-16T12:05:25.094+0000] {processor.py:186} INFO - Started process (PID=1301) to work on /opt/airflow/dags/dag2.py
[2025-09-16T12:05:25.097+0000] {processor.py:914} INFO - Processing file /opt/airflow/dags/dag2.py for tasks to queue
[2025-09-16T12:05:25.102+0000] {logging_mixin.py:190} INFO - [2025-09-16T12:05:25.102+0000] {dagbag.py:588} INFO - Filling up the DagBag from /opt/airflow/dags/dag2.py
[2025-09-16T12:05:25.140+0000] {processor.py:925} INFO - DAG(s) 'dag2.v2.0' retrieved from /opt/airflow/dags/dag2.py
[2025-09-16T12:05:25.181+0000] {logging_mixin.py:190} INFO - [2025-09-16T12:05:25.180+0000] {dag.py:3239} INFO - Sync 1 DAGs
[2025-09-16T12:05:25.230+0000] {logging_mixin.py:190} INFO - [2025-09-16T12:05:25.229+0000] {dag.py:4180} INFO - Setting next_dagrun for dag2.v2.0 to 2025-09-16 03:00:00+00:00, run_after=2025-09-23 03:00:00+00:00
[2025-09-16T12:05:25.269+0000] {processor.py:208} INFO - Processing /opt/airflow/dags/dag2.py took 0.190 seconds
[2025-09-16T12:05:55.528+0000] {processor.py:186} INFO - Started process (PID=1333) to work on /opt/airflow/dags/dag2.py
[2025-09-16T12:05:55.530+0000] {processor.py:914} INFO - Processing file /opt/airflow/dags/dag2.py for tasks to queue
[2025-09-16T12:05:55.533+0000] {logging_mixin.py:190} INFO - [2025-09-16T12:05:55.533+0000] {dagbag.py:588} INFO - Filling up the DagBag from /opt/airflow/dags/dag2.py
[2025-09-16T12:05:55.572+0000] {processor.py:925} INFO - DAG(s) 'dag2.v2.0' retrieved from /opt/airflow/dags/dag2.py
[2025-09-16T12:05:55.612+0000] {logging_mixin.py:190} INFO - [2025-09-16T12:05:55.612+0000] {dag.py:3239} INFO - Sync 1 DAGs
[2025-09-16T12:05:55.659+0000] {logging_mixin.py:190} INFO - [2025-09-16T12:05:55.658+0000] {dag.py:4180} INFO - Setting next_dagrun for dag2.v2.0 to 2025-09-16 03:00:00+00:00, run_after=2025-09-23 03:00:00+00:00
[2025-09-16T12:05:55.699+0000] {processor.py:208} INFO - Processing /opt/airflow/dags/dag2.py took 0.181 seconds
[2025-09-16T12:06:25.903+0000] {processor.py:186} INFO - Started process (PID=1359) to work on /opt/airflow/dags/dag2.py
[2025-09-16T12:06:25.905+0000] {processor.py:914} INFO - Processing file /opt/airflow/dags/dag2.py for tasks to queue
[2025-09-16T12:06:25.909+0000] {logging_mixin.py:190} INFO - [2025-09-16T12:06:25.909+0000] {dagbag.py:588} INFO - Filling up the DagBag from /opt/airflow/dags/dag2.py
[2025-09-16T12:06:25.946+0000] {processor.py:925} INFO - DAG(s) 'dag2.v2.0' retrieved from /opt/airflow/dags/dag2.py
[2025-09-16T12:06:25.987+0000] {logging_mixin.py:190} INFO - [2025-09-16T12:06:25.986+0000] {dag.py:3239} INFO - Sync 1 DAGs
[2025-09-16T12:06:26.032+0000] {logging_mixin.py:190} INFO - [2025-09-16T12:06:26.032+0000] {dag.py:4180} INFO - Setting next_dagrun for dag2.v2.0 to 2025-09-16 03:00:00+00:00, run_after=2025-09-23 03:00:00+00:00
[2025-09-16T12:06:26.073+0000] {processor.py:208} INFO - Processing /opt/airflow/dags/dag2.py took 0.180 seconds
[2025-09-16T12:06:56.169+0000] {processor.py:186} INFO - Started process (PID=1382) to work on /opt/airflow/dags/dag2.py
[2025-09-16T12:06:56.170+0000] {processor.py:914} INFO - Processing file /opt/airflow/dags/dag2.py for tasks to queue
[2025-09-16T12:06:56.174+0000] {logging_mixin.py:190} INFO - [2025-09-16T12:06:56.174+0000] {dagbag.py:588} INFO - Filling up the DagBag from /opt/airflow/dags/dag2.py
[2025-09-16T12:06:56.210+0000] {processor.py:925} INFO - DAG(s) 'dag2.v2.0' retrieved from /opt/airflow/dags/dag2.py
[2025-09-16T12:06:56.249+0000] {logging_mixin.py:190} INFO - [2025-09-16T12:06:56.248+0000] {dag.py:3239} INFO - Sync 1 DAGs
[2025-09-16T12:06:56.293+0000] {logging_mixin.py:190} INFO - [2025-09-16T12:06:56.293+0000] {dag.py:4180} INFO - Setting next_dagrun for dag2.v2.0 to 2025-09-16 03:00:00+00:00, run_after=2025-09-23 03:00:00+00:00
[2025-09-16T12:06:56.326+0000] {processor.py:208} INFO - Processing /opt/airflow/dags/dag2.py took 0.167 seconds
[2025-09-16T12:07:26.786+0000] {processor.py:186} INFO - Started process (PID=1411) to work on /opt/airflow/dags/dag2.py
[2025-09-16T12:07:26.789+0000] {processor.py:914} INFO - Processing file /opt/airflow/dags/dag2.py for tasks to queue
[2025-09-16T12:07:26.795+0000] {logging_mixin.py:190} INFO - [2025-09-16T12:07:26.794+0000] {dagbag.py:588} INFO - Filling up the DagBag from /opt/airflow/dags/dag2.py
[2025-09-16T12:07:26.838+0000] {processor.py:925} INFO - DAG(s) 'dag2.v2.0' retrieved from /opt/airflow/dags/dag2.py
[2025-09-16T12:07:26.887+0000] {logging_mixin.py:190} INFO - [2025-09-16T12:07:26.886+0000] {dag.py:3239} INFO - Sync 1 DAGs
[2025-09-16T12:07:26.940+0000] {logging_mixin.py:190} INFO - [2025-09-16T12:07:26.939+0000] {dag.py:4180} INFO - Setting next_dagrun for dag2.v2.0 to 2025-09-16 03:00:00+00:00, run_after=2025-09-23 03:00:00+00:00
[2025-09-16T12:07:26.975+0000] {processor.py:208} INFO - Processing /opt/airflow/dags/dag2.py took 0.208 seconds
[2025-09-16T12:07:57.266+0000] {processor.py:186} INFO - Started process (PID=1437) to work on /opt/airflow/dags/dag2.py
[2025-09-16T12:07:57.267+0000] {processor.py:914} INFO - Processing file /opt/airflow/dags/dag2.py for tasks to queue
[2025-09-16T12:07:57.275+0000] {logging_mixin.py:190} INFO - [2025-09-16T12:07:57.274+0000] {dagbag.py:588} INFO - Filling up the DagBag from /opt/airflow/dags/dag2.py
[2025-09-16T12:07:57.319+0000] {processor.py:925} INFO - DAG(s) 'dag2.v2.0' retrieved from /opt/airflow/dags/dag2.py
[2025-09-16T12:07:57.369+0000] {logging_mixin.py:190} INFO - [2025-09-16T12:07:57.368+0000] {dag.py:3239} INFO - Sync 1 DAGs
[2025-09-16T12:07:57.420+0000] {logging_mixin.py:190} INFO - [2025-09-16T12:07:57.419+0000] {dag.py:4180} INFO - Setting next_dagrun for dag2.v2.0 to 2025-09-16 03:00:00+00:00, run_after=2025-09-23 03:00:00+00:00
[2025-09-16T12:07:57.458+0000] {processor.py:208} INFO - Processing /opt/airflow/dags/dag2.py took 0.206 seconds
[2025-09-16T12:08:27.596+0000] {processor.py:186} INFO - Started process (PID=1463) to work on /opt/airflow/dags/dag2.py
[2025-09-16T12:08:27.598+0000] {processor.py:914} INFO - Processing file /opt/airflow/dags/dag2.py for tasks to queue
[2025-09-16T12:08:27.601+0000] {logging_mixin.py:190} INFO - [2025-09-16T12:08:27.601+0000] {dagbag.py:588} INFO - Filling up the DagBag from /opt/airflow/dags/dag2.py
[2025-09-16T12:08:27.645+0000] {processor.py:925} INFO - DAG(s) 'dag2.v2.0' retrieved from /opt/airflow/dags/dag2.py
[2025-09-16T12:08:27.695+0000] {logging_mixin.py:190} INFO - [2025-09-16T12:08:27.695+0000] {dag.py:3239} INFO - Sync 1 DAGs
[2025-09-16T12:08:27.744+0000] {logging_mixin.py:190} INFO - [2025-09-16T12:08:27.744+0000] {dag.py:4180} INFO - Setting next_dagrun for dag2.v2.0 to 2025-09-16 03:00:00+00:00, run_after=2025-09-23 03:00:00+00:00
[2025-09-16T12:08:27.780+0000] {processor.py:208} INFO - Processing /opt/airflow/dags/dag2.py took 0.194 seconds
[2025-09-16T12:08:57.901+0000] {processor.py:186} INFO - Started process (PID=1489) to work on /opt/airflow/dags/dag2.py
[2025-09-16T12:08:57.902+0000] {processor.py:914} INFO - Processing file /opt/airflow/dags/dag2.py for tasks to queue
[2025-09-16T12:08:57.908+0000] {logging_mixin.py:190} INFO - [2025-09-16T12:08:57.907+0000] {dagbag.py:588} INFO - Filling up the DagBag from /opt/airflow/dags/dag2.py
[2025-09-16T12:08:57.949+0000] {processor.py:925} INFO - DAG(s) 'dag2.v2.0' retrieved from /opt/airflow/dags/dag2.py
[2025-09-16T12:08:57.995+0000] {logging_mixin.py:190} INFO - [2025-09-16T12:08:57.994+0000] {dag.py:3239} INFO - Sync 1 DAGs
[2025-09-16T12:08:58.044+0000] {logging_mixin.py:190} INFO - [2025-09-16T12:08:58.044+0000] {dag.py:4180} INFO - Setting next_dagrun for dag2.v2.0 to 2025-09-16 03:00:00+00:00, run_after=2025-09-23 03:00:00+00:00
[2025-09-16T12:08:58.084+0000] {processor.py:208} INFO - Processing /opt/airflow/dags/dag2.py took 0.196 seconds
[2025-09-16T12:09:28.387+0000] {processor.py:186} INFO - Started process (PID=1515) to work on /opt/airflow/dags/dag2.py
[2025-09-16T12:09:28.389+0000] {processor.py:914} INFO - Processing file /opt/airflow/dags/dag2.py for tasks to queue
[2025-09-16T12:09:28.395+0000] {logging_mixin.py:190} INFO - [2025-09-16T12:09:28.394+0000] {dagbag.py:588} INFO - Filling up the DagBag from /opt/airflow/dags/dag2.py
[2025-09-16T12:09:28.438+0000] {processor.py:925} INFO - DAG(s) 'dag2.v2.0' retrieved from /opt/airflow/dags/dag2.py
[2025-09-16T12:09:28.493+0000] {logging_mixin.py:190} INFO - [2025-09-16T12:09:28.493+0000] {dag.py:3239} INFO - Sync 1 DAGs
[2025-09-16T12:09:28.555+0000] {logging_mixin.py:190} INFO - [2025-09-16T12:09:28.554+0000] {dag.py:4180} INFO - Setting next_dagrun for dag2.v2.0 to 2025-09-16 03:00:00+00:00, run_after=2025-09-23 03:00:00+00:00
[2025-09-16T12:09:28.591+0000] {processor.py:208} INFO - Processing /opt/airflow/dags/dag2.py took 0.217 seconds
[2025-09-16T12:09:58.832+0000] {processor.py:186} INFO - Started process (PID=1541) to work on /opt/airflow/dags/dag2.py
[2025-09-16T12:09:58.835+0000] {processor.py:914} INFO - Processing file /opt/airflow/dags/dag2.py for tasks to queue
[2025-09-16T12:09:58.842+0000] {logging_mixin.py:190} INFO - [2025-09-16T12:09:58.840+0000] {dagbag.py:588} INFO - Filling up the DagBag from /opt/airflow/dags/dag2.py
[2025-09-16T12:09:58.889+0000] {processor.py:925} INFO - DAG(s) 'dag2.v2.0' retrieved from /opt/airflow/dags/dag2.py
[2025-09-16T12:09:58.934+0000] {logging_mixin.py:190} INFO - [2025-09-16T12:09:58.934+0000] {dag.py:3239} INFO - Sync 1 DAGs
[2025-09-16T12:09:58.991+0000] {logging_mixin.py:190} INFO - [2025-09-16T12:09:58.991+0000] {dag.py:4180} INFO - Setting next_dagrun for dag2.v2.0 to 2025-09-16 03:00:00+00:00, run_after=2025-09-23 03:00:00+00:00
[2025-09-16T12:09:59.038+0000] {processor.py:208} INFO - Processing /opt/airflow/dags/dag2.py took 0.224 seconds
[2025-09-16T12:10:29.274+0000] {processor.py:186} INFO - Started process (PID=1567) to work on /opt/airflow/dags/dag2.py
[2025-09-16T12:10:29.276+0000] {processor.py:914} INFO - Processing file /opt/airflow/dags/dag2.py for tasks to queue
[2025-09-16T12:10:29.283+0000] {logging_mixin.py:190} INFO - [2025-09-16T12:10:29.282+0000] {dagbag.py:588} INFO - Filling up the DagBag from /opt/airflow/dags/dag2.py
[2025-09-16T12:10:29.337+0000] {processor.py:925} INFO - DAG(s) 'dag2.v2.0' retrieved from /opt/airflow/dags/dag2.py
[2025-09-16T12:10:29.405+0000] {logging_mixin.py:190} INFO - [2025-09-16T12:10:29.405+0000] {dag.py:3239} INFO - Sync 1 DAGs
[2025-09-16T12:10:29.483+0000] {logging_mixin.py:190} INFO - [2025-09-16T12:10:29.482+0000] {dag.py:4180} INFO - Setting next_dagrun for dag2.v2.0 to 2025-09-16 03:00:00+00:00, run_after=2025-09-23 03:00:00+00:00
[2025-09-16T12:10:29.536+0000] {processor.py:208} INFO - Processing /opt/airflow/dags/dag2.py took 0.277 seconds
[2025-09-16T12:10:59.718+0000] {processor.py:186} INFO - Started process (PID=1593) to work on /opt/airflow/dags/dag2.py
[2025-09-16T12:10:59.721+0000] {processor.py:914} INFO - Processing file /opt/airflow/dags/dag2.py for tasks to queue
[2025-09-16T12:10:59.726+0000] {logging_mixin.py:190} INFO - [2025-09-16T12:10:59.725+0000] {dagbag.py:588} INFO - Filling up the DagBag from /opt/airflow/dags/dag2.py
[2025-09-16T12:10:59.780+0000] {processor.py:925} INFO - DAG(s) 'dag2.v2.0' retrieved from /opt/airflow/dags/dag2.py
[2025-09-16T12:10:59.835+0000] {logging_mixin.py:190} INFO - [2025-09-16T12:10:59.834+0000] {dag.py:3239} INFO - Sync 1 DAGs
[2025-09-16T12:10:59.915+0000] {logging_mixin.py:190} INFO - [2025-09-16T12:10:59.914+0000] {dag.py:4180} INFO - Setting next_dagrun for dag2.v2.0 to 2025-09-16 03:00:00+00:00, run_after=2025-09-23 03:00:00+00:00
[2025-09-16T12:10:59.965+0000] {processor.py:208} INFO - Processing /opt/airflow/dags/dag2.py took 0.260 seconds
[2025-09-16T12:11:30.237+0000] {processor.py:186} INFO - Started process (PID=1619) to work on /opt/airflow/dags/dag2.py
[2025-09-16T12:11:30.240+0000] {processor.py:914} INFO - Processing file /opt/airflow/dags/dag2.py for tasks to queue
[2025-09-16T12:11:30.247+0000] {logging_mixin.py:190} INFO - [2025-09-16T12:11:30.246+0000] {dagbag.py:588} INFO - Filling up the DagBag from /opt/airflow/dags/dag2.py
[2025-09-16T12:11:30.325+0000] {processor.py:925} INFO - DAG(s) 'dag2.v2.0' retrieved from /opt/airflow/dags/dag2.py
[2025-09-16T12:11:30.408+0000] {logging_mixin.py:190} INFO - [2025-09-16T12:11:30.407+0000] {dag.py:3239} INFO - Sync 1 DAGs
[2025-09-16T12:11:30.492+0000] {logging_mixin.py:190} INFO - [2025-09-16T12:11:30.491+0000] {dag.py:4180} INFO - Setting next_dagrun for dag2.v2.0 to 2025-09-16 03:00:00+00:00, run_after=2025-09-23 03:00:00+00:00
[2025-09-16T12:11:30.534+0000] {processor.py:208} INFO - Processing /opt/airflow/dags/dag2.py took 0.315 seconds
[2025-09-16T12:12:01.584+0000] {processor.py:186} INFO - Started process (PID=1645) to work on /opt/airflow/dags/dag2.py
[2025-09-16T12:12:01.586+0000] {processor.py:914} INFO - Processing file /opt/airflow/dags/dag2.py for tasks to queue
[2025-09-16T12:12:01.591+0000] {logging_mixin.py:190} INFO - [2025-09-16T12:12:01.591+0000] {dagbag.py:588} INFO - Filling up the DagBag from /opt/airflow/dags/dag2.py
[2025-09-16T12:12:01.634+0000] {processor.py:925} INFO - DAG(s) 'dag2.v2.0' retrieved from /opt/airflow/dags/dag2.py
[2025-09-16T12:12:01.681+0000] {logging_mixin.py:190} INFO - [2025-09-16T12:12:01.681+0000] {dag.py:3239} INFO - Sync 1 DAGs
[2025-09-16T12:12:01.741+0000] {logging_mixin.py:190} INFO - [2025-09-16T12:12:01.741+0000] {dag.py:4180} INFO - Setting next_dagrun for dag2.v2.0 to 2025-09-16 03:00:00+00:00, run_after=2025-09-23 03:00:00+00:00
[2025-09-16T12:12:01.783+0000] {processor.py:208} INFO - Processing /opt/airflow/dags/dag2.py took 0.210 seconds
[2025-09-16T12:12:32.143+0000] {processor.py:186} INFO - Started process (PID=1678) to work on /opt/airflow/dags/dag2.py
[2025-09-16T12:12:32.144+0000] {processor.py:914} INFO - Processing file /opt/airflow/dags/dag2.py for tasks to queue
[2025-09-16T12:12:32.150+0000] {logging_mixin.py:190} INFO - [2025-09-16T12:12:32.149+0000] {dagbag.py:588} INFO - Filling up the DagBag from /opt/airflow/dags/dag2.py
[2025-09-16T12:12:32.188+0000] {processor.py:925} INFO - DAG(s) 'dag2.v2.0' retrieved from /opt/airflow/dags/dag2.py
[2025-09-16T12:12:32.239+0000] {logging_mixin.py:190} INFO - [2025-09-16T12:12:32.239+0000] {dag.py:3239} INFO - Sync 1 DAGs
[2025-09-16T12:12:32.292+0000] {logging_mixin.py:190} INFO - [2025-09-16T12:12:32.292+0000] {dag.py:4180} INFO - Setting next_dagrun for dag2.v2.0 to 2025-09-16 03:00:00+00:00, run_after=2025-09-23 03:00:00+00:00
[2025-09-16T12:12:32.334+0000] {processor.py:208} INFO - Processing /opt/airflow/dags/dag2.py took 0.202 seconds
[2025-09-16T12:13:02.808+0000] {processor.py:186} INFO - Started process (PID=1706) to work on /opt/airflow/dags/dag2.py
[2025-09-16T12:13:02.809+0000] {processor.py:914} INFO - Processing file /opt/airflow/dags/dag2.py for tasks to queue
[2025-09-16T12:13:02.818+0000] {logging_mixin.py:190} INFO - [2025-09-16T12:13:02.817+0000] {dagbag.py:588} INFO - Filling up the DagBag from /opt/airflow/dags/dag2.py
[2025-09-16T12:13:02.864+0000] {processor.py:925} INFO - DAG(s) 'dag2.v2.0' retrieved from /opt/airflow/dags/dag2.py
[2025-09-16T12:13:02.912+0000] {logging_mixin.py:190} INFO - [2025-09-16T12:13:02.912+0000] {dag.py:3239} INFO - Sync 1 DAGs
[2025-09-16T12:13:02.962+0000] {logging_mixin.py:190} INFO - [2025-09-16T12:13:02.962+0000] {dag.py:4180} INFO - Setting next_dagrun for dag2.v2.0 to 2025-09-16 03:00:00+00:00, run_after=2025-09-23 03:00:00+00:00
[2025-09-16T12:13:03.026+0000] {processor.py:208} INFO - Processing /opt/airflow/dags/dag2.py took 0.246 seconds
[2025-09-16T12:13:33.326+0000] {processor.py:186} INFO - Started process (PID=1732) to work on /opt/airflow/dags/dag2.py
[2025-09-16T12:13:33.329+0000] {processor.py:914} INFO - Processing file /opt/airflow/dags/dag2.py for tasks to queue
[2025-09-16T12:13:33.334+0000] {logging_mixin.py:190} INFO - [2025-09-16T12:13:33.333+0000] {dagbag.py:588} INFO - Filling up the DagBag from /opt/airflow/dags/dag2.py
[2025-09-16T12:13:33.378+0000] {processor.py:925} INFO - DAG(s) 'dag2.v2.0' retrieved from /opt/airflow/dags/dag2.py
[2025-09-16T12:13:33.423+0000] {logging_mixin.py:190} INFO - [2025-09-16T12:13:33.422+0000] {dag.py:3239} INFO - Sync 1 DAGs
[2025-09-16T12:13:33.478+0000] {logging_mixin.py:190} INFO - [2025-09-16T12:13:33.477+0000] {dag.py:4180} INFO - Setting next_dagrun for dag2.v2.0 to 2025-09-16 03:00:00+00:00, run_after=2025-09-23 03:00:00+00:00
[2025-09-16T12:13:33.530+0000] {processor.py:208} INFO - Processing /opt/airflow/dags/dag2.py took 0.217 seconds
[2025-09-16T12:14:03.862+0000] {processor.py:186} INFO - Started process (PID=1758) to work on /opt/airflow/dags/dag2.py
[2025-09-16T12:14:03.863+0000] {processor.py:914} INFO - Processing file /opt/airflow/dags/dag2.py for tasks to queue
[2025-09-16T12:14:03.869+0000] {logging_mixin.py:190} INFO - [2025-09-16T12:14:03.868+0000] {dagbag.py:588} INFO - Filling up the DagBag from /opt/airflow/dags/dag2.py
[2025-09-16T12:14:03.911+0000] {processor.py:925} INFO - DAG(s) 'dag2.v2.0' retrieved from /opt/airflow/dags/dag2.py
[2025-09-16T12:14:03.963+0000] {logging_mixin.py:190} INFO - [2025-09-16T12:14:03.963+0000] {dag.py:3239} INFO - Sync 1 DAGs
[2025-09-16T12:14:04.013+0000] {logging_mixin.py:190} INFO - [2025-09-16T12:14:04.013+0000] {dag.py:4180} INFO - Setting next_dagrun for dag2.v2.0 to 2025-09-16 03:00:00+00:00, run_after=2025-09-23 03:00:00+00:00
[2025-09-16T12:14:04.048+0000] {processor.py:208} INFO - Processing /opt/airflow/dags/dag2.py took 0.198 seconds
[2025-09-16T12:14:34.448+0000] {processor.py:186} INFO - Started process (PID=1782) to work on /opt/airflow/dags/dag2.py
[2025-09-16T12:14:34.449+0000] {processor.py:914} INFO - Processing file /opt/airflow/dags/dag2.py for tasks to queue
[2025-09-16T12:14:34.455+0000] {logging_mixin.py:190} INFO - [2025-09-16T12:14:34.455+0000] {dagbag.py:588} INFO - Filling up the DagBag from /opt/airflow/dags/dag2.py
[2025-09-16T12:14:34.516+0000] {processor.py:925} INFO - DAG(s) 'dag2.v2.0' retrieved from /opt/airflow/dags/dag2.py
[2025-09-16T12:14:34.576+0000] {logging_mixin.py:190} INFO - [2025-09-16T12:14:34.575+0000] {dag.py:3239} INFO - Sync 1 DAGs
[2025-09-16T12:14:34.665+0000] {logging_mixin.py:190} INFO - [2025-09-16T12:14:34.665+0000] {dag.py:4180} INFO - Setting next_dagrun for dag2.v2.0 to 2025-09-16 03:00:00+00:00, run_after=2025-09-23 03:00:00+00:00
[2025-09-16T12:14:34.710+0000] {processor.py:208} INFO - Processing /opt/airflow/dags/dag2.py took 0.275 seconds
[2025-09-16T12:15:05.128+0000] {processor.py:186} INFO - Started process (PID=1811) to work on /opt/airflow/dags/dag2.py
[2025-09-16T12:15:05.130+0000] {processor.py:914} INFO - Processing file /opt/airflow/dags/dag2.py for tasks to queue
[2025-09-16T12:15:05.134+0000] {logging_mixin.py:190} INFO - [2025-09-16T12:15:05.134+0000] {dagbag.py:588} INFO - Filling up the DagBag from /opt/airflow/dags/dag2.py
[2025-09-16T12:15:05.181+0000] {processor.py:925} INFO - DAG(s) 'dag2.v2.0' retrieved from /opt/airflow/dags/dag2.py
[2025-09-16T12:15:05.234+0000] {logging_mixin.py:190} INFO - [2025-09-16T12:15:05.233+0000] {dag.py:3239} INFO - Sync 1 DAGs
[2025-09-16T12:15:05.290+0000] {logging_mixin.py:190} INFO - [2025-09-16T12:15:05.289+0000] {dag.py:4180} INFO - Setting next_dagrun for dag2.v2.0 to 2025-09-16 03:00:00+00:00, run_after=2025-09-23 03:00:00+00:00
[2025-09-16T12:15:05.333+0000] {processor.py:208} INFO - Processing /opt/airflow/dags/dag2.py took 0.215 seconds
[2025-09-16T12:15:35.569+0000] {processor.py:186} INFO - Started process (PID=1837) to work on /opt/airflow/dags/dag2.py
[2025-09-16T12:15:35.571+0000] {processor.py:914} INFO - Processing file /opt/airflow/dags/dag2.py for tasks to queue
[2025-09-16T12:15:35.578+0000] {logging_mixin.py:190} INFO - [2025-09-16T12:15:35.576+0000] {dagbag.py:588} INFO - Filling up the DagBag from /opt/airflow/dags/dag2.py
[2025-09-16T12:15:35.620+0000] {processor.py:925} INFO - DAG(s) 'dag2.v2.0' retrieved from /opt/airflow/dags/dag2.py
[2025-09-16T12:15:35.673+0000] {logging_mixin.py:190} INFO - [2025-09-16T12:15:35.673+0000] {dag.py:3239} INFO - Sync 1 DAGs
[2025-09-16T12:15:35.732+0000] {logging_mixin.py:190} INFO - [2025-09-16T12:15:35.731+0000] {dag.py:4180} INFO - Setting next_dagrun for dag2.v2.0 to 2025-09-16 03:00:00+00:00, run_after=2025-09-23 03:00:00+00:00
[2025-09-16T12:15:35.777+0000] {processor.py:208} INFO - Processing /opt/airflow/dags/dag2.py took 0.218 seconds
[2025-09-16T12:16:05.892+0000] {processor.py:186} INFO - Started process (PID=1863) to work on /opt/airflow/dags/dag2.py
[2025-09-16T12:16:05.894+0000] {processor.py:914} INFO - Processing file /opt/airflow/dags/dag2.py for tasks to queue
[2025-09-16T12:16:05.898+0000] {logging_mixin.py:190} INFO - [2025-09-16T12:16:05.897+0000] {dagbag.py:588} INFO - Filling up the DagBag from /opt/airflow/dags/dag2.py
[2025-09-16T12:16:05.941+0000] {processor.py:925} INFO - DAG(s) 'dag2.v2.0' retrieved from /opt/airflow/dags/dag2.py
[2025-09-16T12:16:05.980+0000] {logging_mixin.py:190} INFO - [2025-09-16T12:16:05.979+0000] {dag.py:3239} INFO - Sync 1 DAGs
[2025-09-16T12:16:06.021+0000] {logging_mixin.py:190} INFO - [2025-09-16T12:16:06.020+0000] {dag.py:4180} INFO - Setting next_dagrun for dag2.v2.0 to 2025-09-16 03:00:00+00:00, run_after=2025-09-23 03:00:00+00:00
[2025-09-16T12:16:06.061+0000] {processor.py:208} INFO - Processing /opt/airflow/dags/dag2.py took 0.180 seconds
[2025-09-16T12:16:36.373+0000] {processor.py:186} INFO - Started process (PID=1888) to work on /opt/airflow/dags/dag2.py
[2025-09-16T12:16:36.379+0000] {processor.py:914} INFO - Processing file /opt/airflow/dags/dag2.py for tasks to queue
[2025-09-16T12:16:36.400+0000] {logging_mixin.py:190} INFO - [2025-09-16T12:16:36.399+0000] {dagbag.py:588} INFO - Filling up the DagBag from /opt/airflow/dags/dag2.py
[2025-09-16T12:16:36.465+0000] {processor.py:925} INFO - DAG(s) 'dag2.v2.0' retrieved from /opt/airflow/dags/dag2.py
[2025-09-16T12:16:36.512+0000] {logging_mixin.py:190} INFO - [2025-09-16T12:16:36.512+0000] {dag.py:3239} INFO - Sync 1 DAGs
[2025-09-16T12:16:36.579+0000] {logging_mixin.py:190} INFO - [2025-09-16T12:16:36.579+0000] {dag.py:4180} INFO - Setting next_dagrun for dag2.v2.0 to 2025-09-16 03:00:00+00:00, run_after=2025-09-23 03:00:00+00:00
[2025-09-16T12:16:36.643+0000] {processor.py:208} INFO - Processing /opt/airflow/dags/dag2.py took 0.308 seconds
[2025-09-16T12:17:06.921+0000] {processor.py:186} INFO - Started process (PID=1916) to work on /opt/airflow/dags/dag2.py
[2025-09-16T12:17:06.923+0000] {processor.py:914} INFO - Processing file /opt/airflow/dags/dag2.py for tasks to queue
[2025-09-16T12:17:06.928+0000] {logging_mixin.py:190} INFO - [2025-09-16T12:17:06.927+0000] {dagbag.py:588} INFO - Filling up the DagBag from /opt/airflow/dags/dag2.py
[2025-09-16T12:17:06.968+0000] {processor.py:925} INFO - DAG(s) 'dag2.v2.0' retrieved from /opt/airflow/dags/dag2.py
[2025-09-16T12:17:07.014+0000] {logging_mixin.py:190} INFO - [2025-09-16T12:17:07.014+0000] {dag.py:3239} INFO - Sync 1 DAGs
[2025-09-16T12:17:07.077+0000] {logging_mixin.py:190} INFO - [2025-09-16T12:17:07.076+0000] {dag.py:4180} INFO - Setting next_dagrun for dag2.v2.0 to 2025-09-16 03:00:00+00:00, run_after=2025-09-23 03:00:00+00:00
[2025-09-16T12:17:07.128+0000] {processor.py:208} INFO - Processing /opt/airflow/dags/dag2.py took 0.217 seconds
[2025-09-16T12:17:37.339+0000] {processor.py:186} INFO - Started process (PID=1943) to work on /opt/airflow/dags/dag2.py
[2025-09-16T12:17:37.341+0000] {processor.py:914} INFO - Processing file /opt/airflow/dags/dag2.py for tasks to queue
[2025-09-16T12:17:37.347+0000] {logging_mixin.py:190} INFO - [2025-09-16T12:17:37.346+0000] {dagbag.py:588} INFO - Filling up the DagBag from /opt/airflow/dags/dag2.py
[2025-09-16T12:17:37.383+0000] {processor.py:925} INFO - DAG(s) 'dag2.v2.0' retrieved from /opt/airflow/dags/dag2.py
[2025-09-16T12:17:37.434+0000] {logging_mixin.py:190} INFO - [2025-09-16T12:17:37.433+0000] {dag.py:3239} INFO - Sync 1 DAGs
[2025-09-16T12:17:37.496+0000] {logging_mixin.py:190} INFO - [2025-09-16T12:17:37.495+0000] {dag.py:4180} INFO - Setting next_dagrun for dag2.v2.0 to 2025-09-16 03:00:00+00:00, run_after=2025-09-23 03:00:00+00:00
[2025-09-16T12:17:37.531+0000] {processor.py:208} INFO - Processing /opt/airflow/dags/dag2.py took 0.201 seconds
[2025-09-16T12:18:08.565+0000] {processor.py:186} INFO - Started process (PID=1969) to work on /opt/airflow/dags/dag2.py
[2025-09-16T12:18:08.567+0000] {processor.py:914} INFO - Processing file /opt/airflow/dags/dag2.py for tasks to queue
[2025-09-16T12:18:08.572+0000] {logging_mixin.py:190} INFO - [2025-09-16T12:18:08.571+0000] {dagbag.py:588} INFO - Filling up the DagBag from /opt/airflow/dags/dag2.py
[2025-09-16T12:18:08.613+0000] {processor.py:925} INFO - DAG(s) 'dag2.v2.0' retrieved from /opt/airflow/dags/dag2.py
[2025-09-16T12:18:08.654+0000] {logging_mixin.py:190} INFO - [2025-09-16T12:18:08.654+0000] {dag.py:3239} INFO - Sync 1 DAGs
[2025-09-16T12:18:08.699+0000] {logging_mixin.py:190} INFO - [2025-09-16T12:18:08.699+0000] {dag.py:4180} INFO - Setting next_dagrun for dag2.v2.0 to 2025-09-16 03:00:00+00:00, run_after=2025-09-23 03:00:00+00:00
[2025-09-16T12:18:08.731+0000] {processor.py:208} INFO - Processing /opt/airflow/dags/dag2.py took 0.179 seconds
[2025-09-16T12:18:39.478+0000] {processor.py:186} INFO - Started process (PID=2002) to work on /opt/airflow/dags/dag2.py
[2025-09-16T12:18:39.479+0000] {processor.py:914} INFO - Processing file /opt/airflow/dags/dag2.py for tasks to queue
[2025-09-16T12:18:39.483+0000] {logging_mixin.py:190} INFO - [2025-09-16T12:18:39.482+0000] {dagbag.py:588} INFO - Filling up the DagBag from /opt/airflow/dags/dag2.py
[2025-09-16T12:18:39.525+0000] {processor.py:925} INFO - DAG(s) 'dag2.v2.0' retrieved from /opt/airflow/dags/dag2.py
[2025-09-16T12:18:39.573+0000] {logging_mixin.py:190} INFO - [2025-09-16T12:18:39.572+0000] {dag.py:3239} INFO - Sync 1 DAGs
[2025-09-16T12:18:39.621+0000] {logging_mixin.py:190} INFO - [2025-09-16T12:18:39.621+0000] {dag.py:4180} INFO - Setting next_dagrun for dag2.v2.0 to 2025-09-16 03:00:00+00:00, run_after=2025-09-23 03:00:00+00:00
[2025-09-16T12:18:39.662+0000] {processor.py:208} INFO - Processing /opt/airflow/dags/dag2.py took 0.195 seconds
[2025-09-16T12:19:10.655+0000] {processor.py:186} INFO - Started process (PID=2028) to work on /opt/airflow/dags/dag2.py
[2025-09-16T12:19:10.657+0000] {processor.py:914} INFO - Processing file /opt/airflow/dags/dag2.py for tasks to queue
[2025-09-16T12:19:10.664+0000] {logging_mixin.py:190} INFO - [2025-09-16T12:19:10.663+0000] {dagbag.py:588} INFO - Filling up the DagBag from /opt/airflow/dags/dag2.py
[2025-09-16T12:19:10.700+0000] {processor.py:925} INFO - DAG(s) 'dag2.v2.0' retrieved from /opt/airflow/dags/dag2.py
[2025-09-16T12:19:10.745+0000] {logging_mixin.py:190} INFO - [2025-09-16T12:19:10.745+0000] {dag.py:3239} INFO - Sync 1 DAGs
[2025-09-16T12:19:10.798+0000] {logging_mixin.py:190} INFO - [2025-09-16T12:19:10.797+0000] {dag.py:4180} INFO - Setting next_dagrun for dag2.v2.0 to 2025-09-16 03:00:00+00:00, run_after=2025-09-23 03:00:00+00:00
[2025-09-16T12:19:10.836+0000] {processor.py:208} INFO - Processing /opt/airflow/dags/dag2.py took 0.194 seconds
[2025-09-16T12:19:41.753+0000] {processor.py:186} INFO - Started process (PID=2055) to work on /opt/airflow/dags/dag2.py
[2025-09-16T12:19:41.755+0000] {processor.py:914} INFO - Processing file /opt/airflow/dags/dag2.py for tasks to queue
[2025-09-16T12:19:41.761+0000] {logging_mixin.py:190} INFO - [2025-09-16T12:19:41.760+0000] {dagbag.py:588} INFO - Filling up the DagBag from /opt/airflow/dags/dag2.py
[2025-09-16T12:19:41.816+0000] {processor.py:925} INFO - DAG(s) 'dag2.v2.0' retrieved from /opt/airflow/dags/dag2.py
[2025-09-16T12:19:41.863+0000] {logging_mixin.py:190} INFO - [2025-09-16T12:19:41.862+0000] {dag.py:3239} INFO - Sync 1 DAGs
[2025-09-16T12:19:41.914+0000] {logging_mixin.py:190} INFO - [2025-09-16T12:19:41.914+0000] {dag.py:4180} INFO - Setting next_dagrun for dag2.v2.0 to 2025-09-16 03:00:00+00:00, run_after=2025-09-23 03:00:00+00:00
[2025-09-16T12:19:41.952+0000] {processor.py:208} INFO - Processing /opt/airflow/dags/dag2.py took 0.213 seconds
[2025-09-16T12:20:12.090+0000] {processor.py:186} INFO - Started process (PID=2081) to work on /opt/airflow/dags/dag2.py
[2025-09-16T12:20:12.093+0000] {processor.py:914} INFO - Processing file /opt/airflow/dags/dag2.py for tasks to queue
[2025-09-16T12:20:12.101+0000] {logging_mixin.py:190} INFO - [2025-09-16T12:20:12.100+0000] {dagbag.py:588} INFO - Filling up the DagBag from /opt/airflow/dags/dag2.py
[2025-09-16T12:20:12.167+0000] {processor.py:925} INFO - DAG(s) 'dag2.v2.0' retrieved from /opt/airflow/dags/dag2.py
[2025-09-16T12:20:12.222+0000] {logging_mixin.py:190} INFO - [2025-09-16T12:20:12.221+0000] {dag.py:3239} INFO - Sync 1 DAGs
[2025-09-16T12:20:12.283+0000] {logging_mixin.py:190} INFO - [2025-09-16T12:20:12.283+0000] {dag.py:4180} INFO - Setting next_dagrun for dag2.v2.0 to 2025-09-16 03:00:00+00:00, run_after=2025-09-23 03:00:00+00:00
[2025-09-16T12:20:12.327+0000] {processor.py:208} INFO - Processing /opt/airflow/dags/dag2.py took 0.264 seconds
[2025-09-16T12:20:42.847+0000] {processor.py:186} INFO - Started process (PID=2107) to work on /opt/airflow/dags/dag2.py
[2025-09-16T12:20:42.849+0000] {processor.py:914} INFO - Processing file /opt/airflow/dags/dag2.py for tasks to queue
[2025-09-16T12:20:42.854+0000] {logging_mixin.py:190} INFO - [2025-09-16T12:20:42.853+0000] {dagbag.py:588} INFO - Filling up the DagBag from /opt/airflow/dags/dag2.py
[2025-09-16T12:20:42.892+0000] {processor.py:925} INFO - DAG(s) 'dag2.v2.0' retrieved from /opt/airflow/dags/dag2.py
[2025-09-16T12:20:42.932+0000] {logging_mixin.py:190} INFO - [2025-09-16T12:20:42.932+0000] {dag.py:3239} INFO - Sync 1 DAGs
[2025-09-16T12:20:42.983+0000] {logging_mixin.py:190} INFO - [2025-09-16T12:20:42.983+0000] {dag.py:4180} INFO - Setting next_dagrun for dag2.v2.0 to 2025-09-16 03:00:00+00:00, run_after=2025-09-23 03:00:00+00:00
[2025-09-16T12:20:43.018+0000] {processor.py:208} INFO - Processing /opt/airflow/dags/dag2.py took 0.185 seconds
[2025-09-16T12:21:13.608+0000] {processor.py:186} INFO - Started process (PID=2133) to work on /opt/airflow/dags/dag2.py
[2025-09-16T12:21:13.610+0000] {processor.py:914} INFO - Processing file /opt/airflow/dags/dag2.py for tasks to queue
[2025-09-16T12:21:13.614+0000] {logging_mixin.py:190} INFO - [2025-09-16T12:21:13.614+0000] {dagbag.py:588} INFO - Filling up the DagBag from /opt/airflow/dags/dag2.py
[2025-09-16T12:21:13.650+0000] {processor.py:925} INFO - DAG(s) 'dag2.v2.0' retrieved from /opt/airflow/dags/dag2.py
[2025-09-16T12:21:13.690+0000] {logging_mixin.py:190} INFO - [2025-09-16T12:21:13.690+0000] {dag.py:3239} INFO - Sync 1 DAGs
[2025-09-16T12:21:13.740+0000] {logging_mixin.py:190} INFO - [2025-09-16T12:21:13.739+0000] {dag.py:4180} INFO - Setting next_dagrun for dag2.v2.0 to 2025-09-16 03:00:00+00:00, run_after=2025-09-23 03:00:00+00:00
[2025-09-16T12:21:13.778+0000] {processor.py:208} INFO - Processing /opt/airflow/dags/dag2.py took 0.179 seconds
[2025-09-16T12:21:44.339+0000] {processor.py:186} INFO - Started process (PID=2159) to work on /opt/airflow/dags/dag2.py
[2025-09-16T12:21:44.341+0000] {processor.py:914} INFO - Processing file /opt/airflow/dags/dag2.py for tasks to queue
[2025-09-16T12:21:44.351+0000] {logging_mixin.py:190} INFO - [2025-09-16T12:21:44.351+0000] {dagbag.py:588} INFO - Filling up the DagBag from /opt/airflow/dags/dag2.py
[2025-09-16T12:21:44.423+0000] {processor.py:925} INFO - DAG(s) 'dag2.v2.0' retrieved from /opt/airflow/dags/dag2.py
[2025-09-16T12:21:44.561+0000] {logging_mixin.py:190} INFO - [2025-09-16T12:21:44.560+0000] {dag.py:3239} INFO - Sync 1 DAGs
[2025-09-16T12:21:44.662+0000] {logging_mixin.py:190} INFO - [2025-09-16T12:21:44.661+0000] {dag.py:4180} INFO - Setting next_dagrun for dag2.v2.0 to 2025-09-16 03:00:00+00:00, run_after=2025-09-23 03:00:00+00:00
[2025-09-16T12:21:44.737+0000] {processor.py:208} INFO - Processing /opt/airflow/dags/dag2.py took 0.424 seconds
[2025-09-16T12:22:15.250+0000] {processor.py:186} INFO - Started process (PID=2185) to work on /opt/airflow/dags/dag2.py
[2025-09-16T12:22:15.252+0000] {processor.py:914} INFO - Processing file /opt/airflow/dags/dag2.py for tasks to queue
[2025-09-16T12:22:15.256+0000] {logging_mixin.py:190} INFO - [2025-09-16T12:22:15.255+0000] {dagbag.py:588} INFO - Filling up the DagBag from /opt/airflow/dags/dag2.py
[2025-09-16T12:22:15.304+0000] {processor.py:925} INFO - DAG(s) 'dag2.v2.0' retrieved from /opt/airflow/dags/dag2.py
[2025-09-16T12:22:15.428+0000] {logging_mixin.py:190} INFO - [2025-09-16T12:22:15.427+0000] {dag.py:3239} INFO - Sync 1 DAGs
[2025-09-16T12:22:15.533+0000] {logging_mixin.py:190} INFO - [2025-09-16T12:22:15.532+0000] {dag.py:4180} INFO - Setting next_dagrun for dag2.v2.0 to 2025-09-16 03:00:00+00:00, run_after=2025-09-23 03:00:00+00:00
[2025-09-16T12:22:15.589+0000] {processor.py:208} INFO - Processing /opt/airflow/dags/dag2.py took 0.352 seconds
[2025-09-16T12:22:46.607+0000] {processor.py:186} INFO - Started process (PID=2212) to work on /opt/airflow/dags/dag2.py
[2025-09-16T12:22:46.609+0000] {processor.py:914} INFO - Processing file /opt/airflow/dags/dag2.py for tasks to queue
[2025-09-16T12:22:46.613+0000] {logging_mixin.py:190} INFO - [2025-09-16T12:22:46.613+0000] {dagbag.py:588} INFO - Filling up the DagBag from /opt/airflow/dags/dag2.py
[2025-09-16T12:22:46.670+0000] {processor.py:925} INFO - DAG(s) 'dag2.v2.0' retrieved from /opt/airflow/dags/dag2.py
[2025-09-16T12:22:46.746+0000] {logging_mixin.py:190} INFO - [2025-09-16T12:22:46.746+0000] {dag.py:3239} INFO - Sync 1 DAGs
[2025-09-16T12:22:46.810+0000] {logging_mixin.py:190} INFO - [2025-09-16T12:22:46.809+0000] {dag.py:4180} INFO - Setting next_dagrun for dag2.v2.0 to 2025-09-16 03:00:00+00:00, run_after=2025-09-23 03:00:00+00:00
[2025-09-16T12:22:46.852+0000] {processor.py:208} INFO - Processing /opt/airflow/dags/dag2.py took 0.257 seconds
[2025-09-16T12:23:17.426+0000] {processor.py:186} INFO - Started process (PID=2239) to work on /opt/airflow/dags/dag2.py
[2025-09-16T12:23:17.427+0000] {processor.py:914} INFO - Processing file /opt/airflow/dags/dag2.py for tasks to queue
[2025-09-16T12:23:17.432+0000] {logging_mixin.py:190} INFO - [2025-09-16T12:23:17.432+0000] {dagbag.py:588} INFO - Filling up the DagBag from /opt/airflow/dags/dag2.py
[2025-09-16T12:23:17.469+0000] {processor.py:925} INFO - DAG(s) 'dag2.v2.0' retrieved from /opt/airflow/dags/dag2.py
[2025-09-16T12:23:17.512+0000] {logging_mixin.py:190} INFO - [2025-09-16T12:23:17.512+0000] {dag.py:3239} INFO - Sync 1 DAGs
[2025-09-16T12:23:17.569+0000] {logging_mixin.py:190} INFO - [2025-09-16T12:23:17.568+0000] {dag.py:4180} INFO - Setting next_dagrun for dag2.v2.0 to 2025-09-16 03:00:00+00:00, run_after=2025-09-23 03:00:00+00:00
[2025-09-16T12:23:17.629+0000] {processor.py:208} INFO - Processing /opt/airflow/dags/dag2.py took 0.214 seconds
[2025-09-16T12:23:48.408+0000] {processor.py:186} INFO - Started process (PID=2271) to work on /opt/airflow/dags/dag2.py
[2025-09-16T12:23:48.412+0000] {processor.py:914} INFO - Processing file /opt/airflow/dags/dag2.py for tasks to queue
[2025-09-16T12:23:48.417+0000] {logging_mixin.py:190} INFO - [2025-09-16T12:23:48.416+0000] {dagbag.py:588} INFO - Filling up the DagBag from /opt/airflow/dags/dag2.py
[2025-09-16T12:23:48.460+0000] {processor.py:925} INFO - DAG(s) 'dag2.v2.0' retrieved from /opt/airflow/dags/dag2.py
[2025-09-16T12:23:48.508+0000] {logging_mixin.py:190} INFO - [2025-09-16T12:23:48.507+0000] {dag.py:3239} INFO - Sync 1 DAGs
[2025-09-16T12:23:48.564+0000] {logging_mixin.py:190} INFO - [2025-09-16T12:23:48.564+0000] {dag.py:4180} INFO - Setting next_dagrun for dag2.v2.0 to 2025-09-16 03:00:00+00:00, run_after=2025-09-23 03:00:00+00:00
[2025-09-16T12:23:48.613+0000] {processor.py:208} INFO - Processing /opt/airflow/dags/dag2.py took 0.217 seconds
[2025-09-16T12:24:19.251+0000] {processor.py:186} INFO - Started process (PID=2297) to work on /opt/airflow/dags/dag2.py
[2025-09-16T12:24:19.253+0000] {processor.py:914} INFO - Processing file /opt/airflow/dags/dag2.py for tasks to queue
[2025-09-16T12:24:19.257+0000] {logging_mixin.py:190} INFO - [2025-09-16T12:24:19.256+0000] {dagbag.py:588} INFO - Filling up the DagBag from /opt/airflow/dags/dag2.py
[2025-09-16T12:24:19.298+0000] {processor.py:925} INFO - DAG(s) 'dag2.v2.0' retrieved from /opt/airflow/dags/dag2.py
[2025-09-16T12:24:19.352+0000] {logging_mixin.py:190} INFO - [2025-09-16T12:24:19.352+0000] {dag.py:3239} INFO - Sync 1 DAGs
[2025-09-16T12:24:19.408+0000] {logging_mixin.py:190} INFO - [2025-09-16T12:24:19.407+0000] {dag.py:4180} INFO - Setting next_dagrun for dag2.v2.0 to 2025-09-16 03:00:00+00:00, run_after=2025-09-23 03:00:00+00:00
[2025-09-16T12:24:19.448+0000] {processor.py:208} INFO - Processing /opt/airflow/dags/dag2.py took 0.209 seconds
[2025-09-16T12:24:50.061+0000] {processor.py:186} INFO - Started process (PID=2323) to work on /opt/airflow/dags/dag2.py
[2025-09-16T12:24:50.063+0000] {processor.py:914} INFO - Processing file /opt/airflow/dags/dag2.py for tasks to queue
[2025-09-16T12:24:50.070+0000] {logging_mixin.py:190} INFO - [2025-09-16T12:24:50.069+0000] {dagbag.py:588} INFO - Filling up the DagBag from /opt/airflow/dags/dag2.py
[2025-09-16T12:24:50.117+0000] {processor.py:925} INFO - DAG(s) 'dag2.v2.0' retrieved from /opt/airflow/dags/dag2.py
[2025-09-16T12:24:50.164+0000] {logging_mixin.py:190} INFO - [2025-09-16T12:24:50.163+0000] {dag.py:3239} INFO - Sync 1 DAGs
[2025-09-16T12:24:50.216+0000] {logging_mixin.py:190} INFO - [2025-09-16T12:24:50.215+0000] {dag.py:4180} INFO - Setting next_dagrun for dag2.v2.0 to 2025-09-16 03:00:00+00:00, run_after=2025-09-23 03:00:00+00:00
[2025-09-16T12:24:50.255+0000] {processor.py:208} INFO - Processing /opt/airflow/dags/dag2.py took 0.203 seconds
[2025-09-16T12:25:21.271+0000] {processor.py:186} INFO - Started process (PID=2349) to work on /opt/airflow/dags/dag2.py
[2025-09-16T12:25:21.273+0000] {processor.py:914} INFO - Processing file /opt/airflow/dags/dag2.py for tasks to queue
[2025-09-16T12:25:21.278+0000] {logging_mixin.py:190} INFO - [2025-09-16T12:25:21.277+0000] {dagbag.py:588} INFO - Filling up the DagBag from /opt/airflow/dags/dag2.py
[2025-09-16T12:25:21.325+0000] {processor.py:925} INFO - DAG(s) 'dag2.v2.0' retrieved from /opt/airflow/dags/dag2.py
[2025-09-16T12:25:21.372+0000] {logging_mixin.py:190} INFO - [2025-09-16T12:25:21.372+0000] {dag.py:3239} INFO - Sync 1 DAGs
[2025-09-16T12:25:21.425+0000] {logging_mixin.py:190} INFO - [2025-09-16T12:25:21.424+0000] {dag.py:4180} INFO - Setting next_dagrun for dag2.v2.0 to 2025-09-16 03:00:00+00:00, run_after=2025-09-23 03:00:00+00:00
[2025-09-16T12:25:21.460+0000] {processor.py:208} INFO - Processing /opt/airflow/dags/dag2.py took 0.203 seconds
[2025-09-16T12:25:52.401+0000] {processor.py:186} INFO - Started process (PID=2375) to work on /opt/airflow/dags/dag2.py
[2025-09-16T12:25:52.403+0000] {processor.py:914} INFO - Processing file /opt/airflow/dags/dag2.py for tasks to queue
[2025-09-16T12:25:52.411+0000] {logging_mixin.py:190} INFO - [2025-09-16T12:25:52.410+0000] {dagbag.py:588} INFO - Filling up the DagBag from /opt/airflow/dags/dag2.py
[2025-09-16T12:25:52.453+0000] {processor.py:925} INFO - DAG(s) 'dag2.v2.0' retrieved from /opt/airflow/dags/dag2.py
[2025-09-16T12:25:52.495+0000] {logging_mixin.py:190} INFO - [2025-09-16T12:25:52.494+0000] {dag.py:3239} INFO - Sync 1 DAGs
[2025-09-16T12:25:52.540+0000] {logging_mixin.py:190} INFO - [2025-09-16T12:25:52.540+0000] {dag.py:4180} INFO - Setting next_dagrun for dag2.v2.0 to 2025-09-16 03:00:00+00:00, run_after=2025-09-23 03:00:00+00:00
[2025-09-16T12:25:52.573+0000] {processor.py:208} INFO - Processing /opt/airflow/dags/dag2.py took 0.183 seconds
[2025-09-16T12:26:22.774+0000] {processor.py:186} INFO - Started process (PID=2402) to work on /opt/airflow/dags/dag2.py
[2025-09-16T12:26:22.776+0000] {processor.py:914} INFO - Processing file /opt/airflow/dags/dag2.py for tasks to queue
[2025-09-16T12:26:22.780+0000] {logging_mixin.py:190} INFO - [2025-09-16T12:26:22.780+0000] {dagbag.py:588} INFO - Filling up the DagBag from /opt/airflow/dags/dag2.py
[2025-09-16T12:26:22.827+0000] {processor.py:925} INFO - DAG(s) 'dag2.v2.0' retrieved from /opt/airflow/dags/dag2.py
[2025-09-16T12:26:22.879+0000] {logging_mixin.py:190} INFO - [2025-09-16T12:26:22.878+0000] {dag.py:3239} INFO - Sync 1 DAGs
[2025-09-16T12:26:22.935+0000] {logging_mixin.py:190} INFO - [2025-09-16T12:26:22.934+0000] {dag.py:4180} INFO - Setting next_dagrun for dag2.v2.0 to 2025-09-16 03:00:00+00:00, run_after=2025-09-23 03:00:00+00:00
[2025-09-16T12:26:22.978+0000] {processor.py:208} INFO - Processing /opt/airflow/dags/dag2.py took 0.217 seconds
[2025-09-16T12:26:53.571+0000] {processor.py:186} INFO - Started process (PID=2428) to work on /opt/airflow/dags/dag2.py
[2025-09-16T12:26:53.573+0000] {processor.py:914} INFO - Processing file /opt/airflow/dags/dag2.py for tasks to queue
[2025-09-16T12:26:53.577+0000] {logging_mixin.py:190} INFO - [2025-09-16T12:26:53.577+0000] {dagbag.py:588} INFO - Filling up the DagBag from /opt/airflow/dags/dag2.py
[2025-09-16T12:26:53.617+0000] {processor.py:925} INFO - DAG(s) 'dag2.v2.0' retrieved from /opt/airflow/dags/dag2.py
[2025-09-16T12:26:53.657+0000] {logging_mixin.py:190} INFO - [2025-09-16T12:26:53.657+0000] {dag.py:3239} INFO - Sync 1 DAGs
[2025-09-16T12:26:53.699+0000] {logging_mixin.py:190} INFO - [2025-09-16T12:26:53.699+0000] {dag.py:4180} INFO - Setting next_dagrun for dag2.v2.0 to 2025-09-16 03:00:00+00:00, run_after=2025-09-23 03:00:00+00:00
[2025-09-16T12:26:53.738+0000] {processor.py:208} INFO - Processing /opt/airflow/dags/dag2.py took 0.187 seconds
[2025-09-16T12:27:24.277+0000] {processor.py:186} INFO - Started process (PID=2454) to work on /opt/airflow/dags/dag2.py
[2025-09-16T12:27:24.280+0000] {processor.py:914} INFO - Processing file /opt/airflow/dags/dag2.py for tasks to queue
[2025-09-16T12:27:24.290+0000] {logging_mixin.py:190} INFO - [2025-09-16T12:27:24.289+0000] {dagbag.py:588} INFO - Filling up the DagBag from /opt/airflow/dags/dag2.py
[2025-09-16T12:27:24.351+0000] {processor.py:925} INFO - DAG(s) 'dag2.v2.0' retrieved from /opt/airflow/dags/dag2.py
[2025-09-16T12:27:24.426+0000] {logging_mixin.py:190} INFO - [2025-09-16T12:27:24.425+0000] {dag.py:3239} INFO - Sync 1 DAGs
[2025-09-16T12:27:24.499+0000] {logging_mixin.py:190} INFO - [2025-09-16T12:27:24.498+0000] {dag.py:4180} INFO - Setting next_dagrun for dag2.v2.0 to 2025-09-16 03:00:00+00:00, run_after=2025-09-23 03:00:00+00:00
[2025-09-16T12:27:24.564+0000] {processor.py:208} INFO - Processing /opt/airflow/dags/dag2.py took 0.304 seconds
[2025-09-16T12:27:55.324+0000] {processor.py:186} INFO - Started process (PID=2480) to work on /opt/airflow/dags/dag2.py
[2025-09-16T12:27:55.326+0000] {processor.py:914} INFO - Processing file /opt/airflow/dags/dag2.py for tasks to queue
[2025-09-16T12:27:55.331+0000] {logging_mixin.py:190} INFO - [2025-09-16T12:27:55.330+0000] {dagbag.py:588} INFO - Filling up the DagBag from /opt/airflow/dags/dag2.py
[2025-09-16T12:27:55.375+0000] {processor.py:925} INFO - DAG(s) 'dag2.v2.0' retrieved from /opt/airflow/dags/dag2.py
[2025-09-16T12:27:55.434+0000] {logging_mixin.py:190} INFO - [2025-09-16T12:27:55.433+0000] {dag.py:3239} INFO - Sync 1 DAGs
[2025-09-16T12:27:55.493+0000] {logging_mixin.py:190} INFO - [2025-09-16T12:27:55.492+0000] {dag.py:4180} INFO - Setting next_dagrun for dag2.v2.0 to 2025-09-16 03:00:00+00:00, run_after=2025-09-23 03:00:00+00:00
[2025-09-16T12:27:55.530+0000] {processor.py:208} INFO - Processing /opt/airflow/dags/dag2.py took 0.220 seconds
[2025-09-16T12:28:26.318+0000] {processor.py:186} INFO - Started process (PID=2512) to work on /opt/airflow/dags/dag2.py
[2025-09-16T12:28:26.319+0000] {processor.py:914} INFO - Processing file /opt/airflow/dags/dag2.py for tasks to queue
[2025-09-16T12:28:26.323+0000] {logging_mixin.py:190} INFO - [2025-09-16T12:28:26.322+0000] {dagbag.py:588} INFO - Filling up the DagBag from /opt/airflow/dags/dag2.py
[2025-09-16T12:28:26.359+0000] {processor.py:925} INFO - DAG(s) 'dag2.v2.0' retrieved from /opt/airflow/dags/dag2.py
[2025-09-16T12:28:26.405+0000] {logging_mixin.py:190} INFO - [2025-09-16T12:28:26.405+0000] {dag.py:3239} INFO - Sync 1 DAGs
[2025-09-16T12:28:26.452+0000] {logging_mixin.py:190} INFO - [2025-09-16T12:28:26.452+0000] {dag.py:4180} INFO - Setting next_dagrun for dag2.v2.0 to 2025-09-16 03:00:00+00:00, run_after=2025-09-23 03:00:00+00:00
[2025-09-16T12:28:26.487+0000] {processor.py:208} INFO - Processing /opt/airflow/dags/dag2.py took 0.178 seconds
[2025-09-16T12:28:57.331+0000] {processor.py:186} INFO - Started process (PID=2538) to work on /opt/airflow/dags/dag2.py
[2025-09-16T12:28:57.332+0000] {processor.py:914} INFO - Processing file /opt/airflow/dags/dag2.py for tasks to queue
[2025-09-16T12:28:57.338+0000] {logging_mixin.py:190} INFO - [2025-09-16T12:28:57.337+0000] {dagbag.py:588} INFO - Filling up the DagBag from /opt/airflow/dags/dag2.py
[2025-09-16T12:28:57.376+0000] {processor.py:925} INFO - DAG(s) 'dag2.v2.0' retrieved from /opt/airflow/dags/dag2.py
[2025-09-16T12:28:57.421+0000] {logging_mixin.py:190} INFO - [2025-09-16T12:28:57.420+0000] {dag.py:3239} INFO - Sync 1 DAGs
[2025-09-16T12:28:57.470+0000] {logging_mixin.py:190} INFO - [2025-09-16T12:28:57.469+0000] {dag.py:4180} INFO - Setting next_dagrun for dag2.v2.0 to 2025-09-16 03:00:00+00:00, run_after=2025-09-23 03:00:00+00:00
[2025-09-16T12:28:57.507+0000] {processor.py:208} INFO - Processing /opt/airflow/dags/dag2.py took 0.186 seconds
[2025-09-16T12:29:28.289+0000] {processor.py:186} INFO - Started process (PID=2564) to work on /opt/airflow/dags/dag2.py
[2025-09-16T12:29:28.290+0000] {processor.py:914} INFO - Processing file /opt/airflow/dags/dag2.py for tasks to queue
[2025-09-16T12:29:28.294+0000] {logging_mixin.py:190} INFO - [2025-09-16T12:29:28.294+0000] {dagbag.py:588} INFO - Filling up the DagBag from /opt/airflow/dags/dag2.py
[2025-09-16T12:29:28.331+0000] {processor.py:925} INFO - DAG(s) 'dag2.v2.0' retrieved from /opt/airflow/dags/dag2.py
[2025-09-16T12:29:28.380+0000] {logging_mixin.py:190} INFO - [2025-09-16T12:29:28.379+0000] {dag.py:3239} INFO - Sync 1 DAGs
[2025-09-16T12:29:28.448+0000] {logging_mixin.py:190} INFO - [2025-09-16T12:29:28.447+0000] {dag.py:4180} INFO - Setting next_dagrun for dag2.v2.0 to 2025-09-16 03:00:00+00:00, run_after=2025-09-23 03:00:00+00:00
[2025-09-16T12:29:28.487+0000] {processor.py:208} INFO - Processing /opt/airflow/dags/dag2.py took 0.209 seconds
[2025-09-16T12:29:58.666+0000] {processor.py:186} INFO - Started process (PID=2590) to work on /opt/airflow/dags/dag2.py
[2025-09-16T12:29:58.668+0000] {processor.py:914} INFO - Processing file /opt/airflow/dags/dag2.py for tasks to queue
[2025-09-16T12:29:58.672+0000] {logging_mixin.py:190} INFO - [2025-09-16T12:29:58.671+0000] {dagbag.py:588} INFO - Filling up the DagBag from /opt/airflow/dags/dag2.py
[2025-09-16T12:29:58.711+0000] {processor.py:925} INFO - DAG(s) 'dag2.v2.0' retrieved from /opt/airflow/dags/dag2.py
[2025-09-16T12:29:58.768+0000] {logging_mixin.py:190} INFO - [2025-09-16T12:29:58.768+0000] {dag.py:3239} INFO - Sync 1 DAGs
[2025-09-16T12:29:58.820+0000] {logging_mixin.py:190} INFO - [2025-09-16T12:29:58.820+0000] {dag.py:4180} INFO - Setting next_dagrun for dag2.v2.0 to 2025-09-16 03:00:00+00:00, run_after=2025-09-23 03:00:00+00:00
[2025-09-16T12:29:58.858+0000] {processor.py:208} INFO - Processing /opt/airflow/dags/dag2.py took 0.203 seconds
[2025-09-16T12:30:29.657+0000] {processor.py:186} INFO - Started process (PID=2616) to work on /opt/airflow/dags/dag2.py
[2025-09-16T12:30:29.659+0000] {processor.py:914} INFO - Processing file /opt/airflow/dags/dag2.py for tasks to queue
[2025-09-16T12:30:29.663+0000] {logging_mixin.py:190} INFO - [2025-09-16T12:30:29.663+0000] {dagbag.py:588} INFO - Filling up the DagBag from /opt/airflow/dags/dag2.py
[2025-09-16T12:30:29.701+0000] {processor.py:925} INFO - DAG(s) 'dag2.v2.0' retrieved from /opt/airflow/dags/dag2.py
[2025-09-16T12:30:29.755+0000] {logging_mixin.py:190} INFO - [2025-09-16T12:30:29.755+0000] {dag.py:3239} INFO - Sync 1 DAGs
[2025-09-16T12:30:29.803+0000] {logging_mixin.py:190} INFO - [2025-09-16T12:30:29.802+0000] {dag.py:4180} INFO - Setting next_dagrun for dag2.v2.0 to 2025-09-16 03:00:00+00:00, run_after=2025-09-23 03:00:00+00:00
[2025-09-16T12:30:29.839+0000] {processor.py:208} INFO - Processing /opt/airflow/dags/dag2.py took 0.193 seconds
[2025-09-16T12:31:00.471+0000] {processor.py:186} INFO - Started process (PID=2642) to work on /opt/airflow/dags/dag2.py
[2025-09-16T12:31:00.473+0000] {processor.py:914} INFO - Processing file /opt/airflow/dags/dag2.py for tasks to queue
[2025-09-16T12:31:00.480+0000] {logging_mixin.py:190} INFO - [2025-09-16T12:31:00.478+0000] {dagbag.py:588} INFO - Filling up the DagBag from /opt/airflow/dags/dag2.py
[2025-09-16T12:31:00.530+0000] {processor.py:925} INFO - DAG(s) 'dag2.v2.0' retrieved from /opt/airflow/dags/dag2.py
[2025-09-16T12:31:00.594+0000] {logging_mixin.py:190} INFO - [2025-09-16T12:31:00.594+0000] {dag.py:3239} INFO - Sync 1 DAGs
[2025-09-16T12:31:00.673+0000] {logging_mixin.py:190} INFO - [2025-09-16T12:31:00.672+0000] {dag.py:4180} INFO - Setting next_dagrun for dag2.v2.0 to 2025-09-16 03:00:00+00:00, run_after=2025-09-23 03:00:00+00:00
[2025-09-16T12:31:00.721+0000] {processor.py:208} INFO - Processing /opt/airflow/dags/dag2.py took 0.264 seconds
[2025-09-16T12:31:31.376+0000] {processor.py:186} INFO - Started process (PID=2668) to work on /opt/airflow/dags/dag2.py
[2025-09-16T12:31:31.378+0000] {processor.py:914} INFO - Processing file /opt/airflow/dags/dag2.py for tasks to queue
[2025-09-16T12:31:31.385+0000] {logging_mixin.py:190} INFO - [2025-09-16T12:31:31.384+0000] {dagbag.py:588} INFO - Filling up the DagBag from /opt/airflow/dags/dag2.py
[2025-09-16T12:31:31.424+0000] {processor.py:925} INFO - DAG(s) 'dag2.v2.0' retrieved from /opt/airflow/dags/dag2.py
[2025-09-16T12:31:31.475+0000] {logging_mixin.py:190} INFO - [2025-09-16T12:31:31.475+0000] {dag.py:3239} INFO - Sync 1 DAGs
[2025-09-16T12:31:31.526+0000] {logging_mixin.py:190} INFO - [2025-09-16T12:31:31.526+0000] {dag.py:4180} INFO - Setting next_dagrun for dag2.v2.0 to 2025-09-16 03:00:00+00:00, run_after=2025-09-23 03:00:00+00:00
[2025-09-16T12:31:31.563+0000] {processor.py:208} INFO - Processing /opt/airflow/dags/dag2.py took 0.199 seconds
[2025-09-16T12:32:02.276+0000] {processor.py:186} INFO - Started process (PID=2694) to work on /opt/airflow/dags/dag2.py
[2025-09-16T12:32:02.278+0000] {processor.py:914} INFO - Processing file /opt/airflow/dags/dag2.py for tasks to queue
[2025-09-16T12:32:02.282+0000] {logging_mixin.py:190} INFO - [2025-09-16T12:32:02.282+0000] {dagbag.py:588} INFO - Filling up the DagBag from /opt/airflow/dags/dag2.py
[2025-09-16T12:32:02.318+0000] {processor.py:925} INFO - DAG(s) 'dag2.v2.0' retrieved from /opt/airflow/dags/dag2.py
[2025-09-16T12:32:02.358+0000] {logging_mixin.py:190} INFO - [2025-09-16T12:32:02.357+0000] {dag.py:3239} INFO - Sync 1 DAGs
[2025-09-16T12:32:02.404+0000] {logging_mixin.py:190} INFO - [2025-09-16T12:32:02.404+0000] {dag.py:4180} INFO - Setting next_dagrun for dag2.v2.0 to 2025-09-16 03:00:00+00:00, run_after=2025-09-23 03:00:00+00:00
[2025-09-16T12:32:02.439+0000] {processor.py:208} INFO - Processing /opt/airflow/dags/dag2.py took 0.175 seconds
[2025-09-16T12:32:32.598+0000] {processor.py:186} INFO - Started process (PID=2720) to work on /opt/airflow/dags/dag2.py
[2025-09-16T12:32:32.600+0000] {processor.py:914} INFO - Processing file /opt/airflow/dags/dag2.py for tasks to queue
[2025-09-16T12:32:32.605+0000] {logging_mixin.py:190} INFO - [2025-09-16T12:32:32.604+0000] {dagbag.py:588} INFO - Filling up the DagBag from /opt/airflow/dags/dag2.py
[2025-09-16T12:32:32.654+0000] {processor.py:925} INFO - DAG(s) 'dag2.v2.0' retrieved from /opt/airflow/dags/dag2.py
[2025-09-16T12:32:32.701+0000] {logging_mixin.py:190} INFO - [2025-09-16T12:32:32.700+0000] {dag.py:3239} INFO - Sync 1 DAGs
[2025-09-16T12:32:32.750+0000] {logging_mixin.py:190} INFO - [2025-09-16T12:32:32.749+0000] {dag.py:4180} INFO - Setting next_dagrun for dag2.v2.0 to 2025-09-16 03:00:00+00:00, run_after=2025-09-23 03:00:00+00:00
[2025-09-16T12:32:32.785+0000] {processor.py:208} INFO - Processing /opt/airflow/dags/dag2.py took 0.198 seconds
[2025-09-16T12:33:03.509+0000] {processor.py:186} INFO - Started process (PID=2746) to work on /opt/airflow/dags/dag2.py
[2025-09-16T12:33:03.513+0000] {processor.py:914} INFO - Processing file /opt/airflow/dags/dag2.py for tasks to queue
[2025-09-16T12:33:03.534+0000] {logging_mixin.py:190} INFO - [2025-09-16T12:33:03.533+0000] {dagbag.py:588} INFO - Filling up the DagBag from /opt/airflow/dags/dag2.py
[2025-09-16T12:33:03.607+0000] {processor.py:925} INFO - DAG(s) 'dag2.v2.0' retrieved from /opt/airflow/dags/dag2.py
[2025-09-16T12:33:03.682+0000] {logging_mixin.py:190} INFO - [2025-09-16T12:33:03.681+0000] {dag.py:3239} INFO - Sync 1 DAGs
[2025-09-16T12:33:03.772+0000] {logging_mixin.py:190} INFO - [2025-09-16T12:33:03.772+0000] {dag.py:4180} INFO - Setting next_dagrun for dag2.v2.0 to 2025-09-16 03:00:00+00:00, run_after=2025-09-23 03:00:00+00:00
[2025-09-16T12:33:03.828+0000] {processor.py:208} INFO - Processing /opt/airflow/dags/dag2.py took 0.352 seconds
[2025-09-16T12:33:34.590+0000] {processor.py:186} INFO - Started process (PID=2778) to work on /opt/airflow/dags/dag2.py
[2025-09-16T12:33:34.593+0000] {processor.py:914} INFO - Processing file /opt/airflow/dags/dag2.py for tasks to queue
[2025-09-16T12:33:34.599+0000] {logging_mixin.py:190} INFO - [2025-09-16T12:33:34.598+0000] {dagbag.py:588} INFO - Filling up the DagBag from /opt/airflow/dags/dag2.py
[2025-09-16T12:33:34.641+0000] {processor.py:925} INFO - DAG(s) 'dag2.v2.0' retrieved from /opt/airflow/dags/dag2.py
[2025-09-16T12:33:34.729+0000] {logging_mixin.py:190} INFO - [2025-09-16T12:33:34.728+0000] {dag.py:3239} INFO - Sync 1 DAGs
[2025-09-16T12:33:34.811+0000] {logging_mixin.py:190} INFO - [2025-09-16T12:33:34.811+0000] {dag.py:4180} INFO - Setting next_dagrun for dag2.v2.0 to 2025-09-16 03:00:00+00:00, run_after=2025-09-23 03:00:00+00:00
[2025-09-16T12:33:34.851+0000] {processor.py:208} INFO - Processing /opt/airflow/dags/dag2.py took 0.276 seconds
[2025-09-16T12:34:05.303+0000] {processor.py:186} INFO - Started process (PID=2804) to work on /opt/airflow/dags/dag2.py
[2025-09-16T12:34:05.306+0000] {processor.py:914} INFO - Processing file /opt/airflow/dags/dag2.py for tasks to queue
[2025-09-16T12:34:05.316+0000] {logging_mixin.py:190} INFO - [2025-09-16T12:34:05.315+0000] {dagbag.py:588} INFO - Filling up the DagBag from /opt/airflow/dags/dag2.py
[2025-09-16T12:34:05.356+0000] {processor.py:925} INFO - DAG(s) 'dag2.v2.0' retrieved from /opt/airflow/dags/dag2.py
[2025-09-16T12:34:05.411+0000] {logging_mixin.py:190} INFO - [2025-09-16T12:34:05.411+0000] {dag.py:3239} INFO - Sync 1 DAGs
[2025-09-16T12:34:05.467+0000] {logging_mixin.py:190} INFO - [2025-09-16T12:34:05.467+0000] {dag.py:4180} INFO - Setting next_dagrun for dag2.v2.0 to 2025-09-16 03:00:00+00:00, run_after=2025-09-23 03:00:00+00:00
[2025-09-16T12:34:05.507+0000] {processor.py:208} INFO - Processing /opt/airflow/dags/dag2.py took 0.215 seconds
[2025-09-16T12:34:36.377+0000] {processor.py:186} INFO - Started process (PID=2830) to work on /opt/airflow/dags/dag2.py
[2025-09-16T12:34:36.381+0000] {processor.py:914} INFO - Processing file /opt/airflow/dags/dag2.py for tasks to queue
[2025-09-16T12:34:36.386+0000] {logging_mixin.py:190} INFO - [2025-09-16T12:34:36.385+0000] {dagbag.py:588} INFO - Filling up the DagBag from /opt/airflow/dags/dag2.py
[2025-09-16T12:34:36.433+0000] {processor.py:925} INFO - DAG(s) 'dag2.v2.0' retrieved from /opt/airflow/dags/dag2.py
[2025-09-16T12:34:36.489+0000] {logging_mixin.py:190} INFO - [2025-09-16T12:34:36.489+0000] {dag.py:3239} INFO - Sync 1 DAGs
[2025-09-16T12:34:36.554+0000] {logging_mixin.py:190} INFO - [2025-09-16T12:34:36.553+0000] {dag.py:4180} INFO - Setting next_dagrun for dag2.v2.0 to 2025-09-16 03:00:00+00:00, run_after=2025-09-23 03:00:00+00:00
[2025-09-16T12:34:36.607+0000] {processor.py:208} INFO - Processing /opt/airflow/dags/dag2.py took 0.240 seconds
[2025-09-16T12:35:07.064+0000] {processor.py:186} INFO - Started process (PID=2856) to work on /opt/airflow/dags/dag2.py
[2025-09-16T12:35:07.065+0000] {processor.py:914} INFO - Processing file /opt/airflow/dags/dag2.py for tasks to queue
[2025-09-16T12:35:07.069+0000] {logging_mixin.py:190} INFO - [2025-09-16T12:35:07.069+0000] {dagbag.py:588} INFO - Filling up the DagBag from /opt/airflow/dags/dag2.py
[2025-09-16T12:35:07.108+0000] {processor.py:925} INFO - DAG(s) 'dag2.v2.0' retrieved from /opt/airflow/dags/dag2.py
[2025-09-16T12:35:07.156+0000] {logging_mixin.py:190} INFO - [2025-09-16T12:35:07.155+0000] {dag.py:3239} INFO - Sync 1 DAGs
[2025-09-16T12:35:07.202+0000] {logging_mixin.py:190} INFO - [2025-09-16T12:35:07.201+0000] {dag.py:4180} INFO - Setting next_dagrun for dag2.v2.0 to 2025-09-16 03:00:00+00:00, run_after=2025-09-23 03:00:00+00:00
[2025-09-16T12:35:07.236+0000] {processor.py:208} INFO - Processing /opt/airflow/dags/dag2.py took 0.183 seconds
[2025-09-16T12:35:37.741+0000] {processor.py:186} INFO - Started process (PID=2882) to work on /opt/airflow/dags/dag2.py
[2025-09-16T12:35:37.743+0000] {processor.py:914} INFO - Processing file /opt/airflow/dags/dag2.py for tasks to queue
[2025-09-16T12:35:37.748+0000] {logging_mixin.py:190} INFO - [2025-09-16T12:35:37.748+0000] {dagbag.py:588} INFO - Filling up the DagBag from /opt/airflow/dags/dag2.py
[2025-09-16T12:35:37.793+0000] {processor.py:925} INFO - DAG(s) 'dag2.v2.0' retrieved from /opt/airflow/dags/dag2.py
[2025-09-16T12:35:37.840+0000] {logging_mixin.py:190} INFO - [2025-09-16T12:35:37.839+0000] {dag.py:3239} INFO - Sync 1 DAGs
[2025-09-16T12:35:37.902+0000] {logging_mixin.py:190} INFO - [2025-09-16T12:35:37.902+0000] {dag.py:4180} INFO - Setting next_dagrun for dag2.v2.0 to 2025-09-16 03:00:00+00:00, run_after=2025-09-23 03:00:00+00:00
[2025-09-16T12:35:37.943+0000] {processor.py:208} INFO - Processing /opt/airflow/dags/dag2.py took 0.212 seconds
[2025-09-16T12:36:08.720+0000] {processor.py:186} INFO - Started process (PID=2908) to work on /opt/airflow/dags/dag2.py
[2025-09-16T12:36:08.721+0000] {processor.py:914} INFO - Processing file /opt/airflow/dags/dag2.py for tasks to queue
[2025-09-16T12:36:08.725+0000] {logging_mixin.py:190} INFO - [2025-09-16T12:36:08.724+0000] {dagbag.py:588} INFO - Filling up the DagBag from /opt/airflow/dags/dag2.py
[2025-09-16T12:36:08.765+0000] {processor.py:925} INFO - DAG(s) 'dag2.v2.0' retrieved from /opt/airflow/dags/dag2.py
[2025-09-16T12:36:08.816+0000] {logging_mixin.py:190} INFO - [2025-09-16T12:36:08.815+0000] {dag.py:3239} INFO - Sync 1 DAGs
[2025-09-16T12:36:08.867+0000] {logging_mixin.py:190} INFO - [2025-09-16T12:36:08.866+0000] {dag.py:4180} INFO - Setting next_dagrun for dag2.v2.0 to 2025-09-16 03:00:00+00:00, run_after=2025-09-23 03:00:00+00:00
[2025-09-16T12:36:08.903+0000] {processor.py:208} INFO - Processing /opt/airflow/dags/dag2.py took 0.195 seconds
[2025-09-16T12:36:39.532+0000] {processor.py:186} INFO - Started process (PID=2934) to work on /opt/airflow/dags/dag2.py
[2025-09-16T12:36:39.534+0000] {processor.py:914} INFO - Processing file /opt/airflow/dags/dag2.py for tasks to queue
[2025-09-16T12:36:39.539+0000] {logging_mixin.py:190} INFO - [2025-09-16T12:36:39.538+0000] {dagbag.py:588} INFO - Filling up the DagBag from /opt/airflow/dags/dag2.py
[2025-09-16T12:36:39.578+0000] {processor.py:925} INFO - DAG(s) 'dag2.v2.0' retrieved from /opt/airflow/dags/dag2.py
[2025-09-16T12:36:39.627+0000] {logging_mixin.py:190} INFO - [2025-09-16T12:36:39.627+0000] {dag.py:3239} INFO - Sync 1 DAGs
[2025-09-16T12:36:39.675+0000] {logging_mixin.py:190} INFO - [2025-09-16T12:36:39.675+0000] {dag.py:4180} INFO - Setting next_dagrun for dag2.v2.0 to 2025-09-16 03:00:00+00:00, run_after=2025-09-23 03:00:00+00:00
[2025-09-16T12:36:39.711+0000] {processor.py:208} INFO - Processing /opt/airflow/dags/dag2.py took 0.189 seconds
