[2025-09-16T11:44:59.708+0000] {processor.py:186} INFO - Started process (PID=211) to work on /opt/airflow/dags/dag_s3.py
[2025-09-16T11:44:59.711+0000] {processor.py:914} INFO - Processing file /opt/airflow/dags/dag_s3.py for tasks to queue
[2025-09-16T11:44:59.717+0000] {logging_mixin.py:190} INFO - [2025-09-16T11:44:59.717+0000] {dagbag.py:588} INFO - Filling up the DagBag from /opt/airflow/dags/dag_s3.py
[2025-09-16T11:44:59.762+0000] {processor.py:925} INFO - DAG(s) 'dag_s3' retrieved from /opt/airflow/dags/dag_s3.py
[2025-09-16T11:44:59.818+0000] {logging_mixin.py:190} INFO - [2025-09-16T11:44:59.818+0000] {dag.py:3239} INFO - Sync 1 DAGs
[2025-09-16T11:44:59.879+0000] {logging_mixin.py:190} INFO - [2025-09-16T11:44:59.879+0000] {dag.py:4180} INFO - Setting next_dagrun for dag_s3 to 2025-09-16 00:00:00+00:00, run_after=2025-09-17 00:00:00+00:00
[2025-09-16T11:44:59.918+0000] {processor.py:208} INFO - Processing /opt/airflow/dags/dag_s3.py took 0.234 seconds
[2025-09-16T11:45:30.178+0000] {processor.py:186} INFO - Started process (PID=256) to work on /opt/airflow/dags/dag_s3.py
[2025-09-16T11:45:30.181+0000] {processor.py:914} INFO - Processing file /opt/airflow/dags/dag_s3.py for tasks to queue
[2025-09-16T11:45:30.195+0000] {logging_mixin.py:190} INFO - [2025-09-16T11:45:30.192+0000] {dagbag.py:588} INFO - Filling up the DagBag from /opt/airflow/dags/dag_s3.py
[2025-09-16T11:45:30.360+0000] {processor.py:925} INFO - DAG(s) 'dag_s3' retrieved from /opt/airflow/dags/dag_s3.py
[2025-09-16T11:45:30.481+0000] {logging_mixin.py:190} INFO - [2025-09-16T11:45:30.480+0000] {dag.py:3239} INFO - Sync 1 DAGs
[2025-09-16T11:45:31.554+0000] {logging_mixin.py:190} INFO - [2025-09-16T11:45:31.554+0000] {dag.py:4180} INFO - Setting next_dagrun for dag_s3 to 2025-09-16 00:00:00+00:00, run_after=2025-09-17 00:00:00+00:00
[2025-09-16T11:45:31.595+0000] {processor.py:208} INFO - Processing /opt/airflow/dags/dag_s3.py took 1.439 seconds
[2025-09-16T11:46:01.785+0000] {processor.py:186} INFO - Started process (PID=287) to work on /opt/airflow/dags/dag_s3.py
[2025-09-16T11:46:01.787+0000] {processor.py:914} INFO - Processing file /opt/airflow/dags/dag_s3.py for tasks to queue
[2025-09-16T11:46:01.792+0000] {logging_mixin.py:190} INFO - [2025-09-16T11:46:01.791+0000] {dagbag.py:588} INFO - Filling up the DagBag from /opt/airflow/dags/dag_s3.py
[2025-09-16T11:46:01.980+0000] {processor.py:925} INFO - DAG(s) 'dag_s3' retrieved from /opt/airflow/dags/dag_s3.py
[2025-09-16T11:46:02.083+0000] {logging_mixin.py:190} INFO - [2025-09-16T11:46:02.083+0000] {dag.py:3239} INFO - Sync 1 DAGs
[2025-09-16T11:46:02.617+0000] {logging_mixin.py:190} INFO - [2025-09-16T11:46:02.617+0000] {dag.py:4180} INFO - Setting next_dagrun for dag_s3 to 2025-09-16 00:00:00+00:00, run_after=2025-09-17 00:00:00+00:00
[2025-09-16T11:46:02.658+0000] {processor.py:208} INFO - Processing /opt/airflow/dags/dag_s3.py took 0.888 seconds
[2025-09-16T11:46:33.487+0000] {processor.py:186} INFO - Started process (PID=316) to work on /opt/airflow/dags/dag_s3.py
[2025-09-16T11:46:33.489+0000] {processor.py:914} INFO - Processing file /opt/airflow/dags/dag_s3.py for tasks to queue
[2025-09-16T11:46:33.495+0000] {logging_mixin.py:190} INFO - [2025-09-16T11:46:33.494+0000] {dagbag.py:588} INFO - Filling up the DagBag from /opt/airflow/dags/dag_s3.py
[2025-09-16T11:46:33.552+0000] {processor.py:925} INFO - DAG(s) 'dag_s3' retrieved from /opt/airflow/dags/dag_s3.py
[2025-09-16T11:46:33.997+0000] {logging_mixin.py:190} INFO - [2025-09-16T11:46:33.997+0000] {dag.py:3239} INFO - Sync 1 DAGs
[2025-09-16T11:46:34.049+0000] {logging_mixin.py:190} INFO - [2025-09-16T11:46:34.049+0000] {dag.py:4180} INFO - Setting next_dagrun for dag_s3 to 2025-09-16 00:00:00+00:00, run_after=2025-09-17 00:00:00+00:00
[2025-09-16T11:46:34.089+0000] {processor.py:208} INFO - Processing /opt/airflow/dags/dag_s3.py took 0.618 seconds
[2025-09-16T11:47:05.097+0000] {processor.py:186} INFO - Started process (PID=342) to work on /opt/airflow/dags/dag_s3.py
[2025-09-16T11:47:05.099+0000] {processor.py:914} INFO - Processing file /opt/airflow/dags/dag_s3.py for tasks to queue
[2025-09-16T11:47:05.104+0000] {logging_mixin.py:190} INFO - [2025-09-16T11:47:05.103+0000] {dagbag.py:588} INFO - Filling up the DagBag from /opt/airflow/dags/dag_s3.py
[2025-09-16T11:47:05.151+0000] {processor.py:925} INFO - DAG(s) 'dag_s3' retrieved from /opt/airflow/dags/dag_s3.py
[2025-09-16T11:47:05.194+0000] {logging_mixin.py:190} INFO - [2025-09-16T11:47:05.193+0000] {dag.py:3239} INFO - Sync 1 DAGs
[2025-09-16T11:47:05.241+0000] {logging_mixin.py:190} INFO - [2025-09-16T11:47:05.240+0000] {dag.py:4180} INFO - Setting next_dagrun for dag_s3 to 2025-09-16 00:00:00+00:00, run_after=2025-09-17 00:00:00+00:00
[2025-09-16T11:47:05.273+0000] {processor.py:208} INFO - Processing /opt/airflow/dags/dag_s3.py took 0.188 seconds
[2025-09-16T11:47:35.454+0000] {processor.py:186} INFO - Started process (PID=369) to work on /opt/airflow/dags/dag_s3.py
[2025-09-16T11:47:35.456+0000] {processor.py:914} INFO - Processing file /opt/airflow/dags/dag_s3.py for tasks to queue
[2025-09-16T11:47:35.464+0000] {logging_mixin.py:190} INFO - [2025-09-16T11:47:35.463+0000] {dagbag.py:588} INFO - Filling up the DagBag from /opt/airflow/dags/dag_s3.py
[2025-09-16T11:47:35.516+0000] {processor.py:925} INFO - DAG(s) 'dag_s3' retrieved from /opt/airflow/dags/dag_s3.py
[2025-09-16T11:47:35.571+0000] {logging_mixin.py:190} INFO - [2025-09-16T11:47:35.571+0000] {dag.py:3239} INFO - Sync 1 DAGs
[2025-09-16T11:47:35.627+0000] {logging_mixin.py:190} INFO - [2025-09-16T11:47:35.626+0000] {dag.py:4180} INFO - Setting next_dagrun for dag_s3 to 2025-09-16 00:00:00+00:00, run_after=2025-09-17 00:00:00+00:00
[2025-09-16T11:47:35.674+0000] {processor.py:208} INFO - Processing /opt/airflow/dags/dag_s3.py took 0.232 seconds
[2025-09-16T11:48:05.920+0000] {processor.py:186} INFO - Started process (PID=395) to work on /opt/airflow/dags/dag_s3.py
[2025-09-16T11:48:05.922+0000] {processor.py:914} INFO - Processing file /opt/airflow/dags/dag_s3.py for tasks to queue
[2025-09-16T11:48:05.928+0000] {logging_mixin.py:190} INFO - [2025-09-16T11:48:05.927+0000] {dagbag.py:588} INFO - Filling up the DagBag from /opt/airflow/dags/dag_s3.py
[2025-09-16T11:48:05.967+0000] {processor.py:925} INFO - DAG(s) 'dag_s3' retrieved from /opt/airflow/dags/dag_s3.py
[2025-09-16T11:48:06.008+0000] {logging_mixin.py:190} INFO - [2025-09-16T11:48:06.008+0000] {dag.py:3239} INFO - Sync 1 DAGs
[2025-09-16T11:48:06.057+0000] {logging_mixin.py:190} INFO - [2025-09-16T11:48:06.056+0000] {dag.py:4180} INFO - Setting next_dagrun for dag_s3 to 2025-09-16 00:00:00+00:00, run_after=2025-09-17 00:00:00+00:00
[2025-09-16T11:48:06.097+0000] {processor.py:208} INFO - Processing /opt/airflow/dags/dag_s3.py took 0.191 seconds
[2025-09-16T11:48:36.660+0000] {processor.py:186} INFO - Started process (PID=421) to work on /opt/airflow/dags/dag_s3.py
[2025-09-16T11:48:36.663+0000] {processor.py:914} INFO - Processing file /opt/airflow/dags/dag_s3.py for tasks to queue
[2025-09-16T11:48:36.668+0000] {logging_mixin.py:190} INFO - [2025-09-16T11:48:36.668+0000] {dagbag.py:588} INFO - Filling up the DagBag from /opt/airflow/dags/dag_s3.py
[2025-09-16T11:48:36.715+0000] {processor.py:925} INFO - DAG(s) 'dag_s3' retrieved from /opt/airflow/dags/dag_s3.py
[2025-09-16T11:48:36.760+0000] {logging_mixin.py:190} INFO - [2025-09-16T11:48:36.759+0000] {dag.py:3239} INFO - Sync 1 DAGs
[2025-09-16T11:48:36.837+0000] {logging_mixin.py:190} INFO - [2025-09-16T11:48:36.836+0000] {dag.py:4180} INFO - Setting next_dagrun for dag_s3 to 2025-09-16 00:00:00+00:00, run_after=2025-09-17 00:00:00+00:00
[2025-09-16T11:48:36.883+0000] {processor.py:208} INFO - Processing /opt/airflow/dags/dag_s3.py took 0.241 seconds
[2025-09-16T11:49:07.088+0000] {processor.py:186} INFO - Started process (PID=448) to work on /opt/airflow/dags/dag_s3.py
[2025-09-16T11:49:07.090+0000] {processor.py:914} INFO - Processing file /opt/airflow/dags/dag_s3.py for tasks to queue
[2025-09-16T11:49:07.094+0000] {logging_mixin.py:190} INFO - [2025-09-16T11:49:07.094+0000] {dagbag.py:588} INFO - Filling up the DagBag from /opt/airflow/dags/dag_s3.py
[2025-09-16T11:49:07.141+0000] {processor.py:925} INFO - DAG(s) 'dag_s3' retrieved from /opt/airflow/dags/dag_s3.py
[2025-09-16T11:49:07.193+0000] {logging_mixin.py:190} INFO - [2025-09-16T11:49:07.193+0000] {dag.py:3239} INFO - Sync 1 DAGs
[2025-09-16T11:49:07.235+0000] {logging_mixin.py:190} INFO - [2025-09-16T11:49:07.234+0000] {dag.py:4180} INFO - Setting next_dagrun for dag_s3 to 2025-09-16 00:00:00+00:00, run_after=2025-09-17 00:00:00+00:00
[2025-09-16T11:49:07.269+0000] {processor.py:208} INFO - Processing /opt/airflow/dags/dag_s3.py took 0.192 seconds
[2025-09-16T11:49:37.445+0000] {processor.py:186} INFO - Started process (PID=474) to work on /opt/airflow/dags/dag_s3.py
[2025-09-16T11:49:37.448+0000] {processor.py:914} INFO - Processing file /opt/airflow/dags/dag_s3.py for tasks to queue
[2025-09-16T11:49:37.455+0000] {logging_mixin.py:190} INFO - [2025-09-16T11:49:37.455+0000] {dagbag.py:588} INFO - Filling up the DagBag from /opt/airflow/dags/dag_s3.py
[2025-09-16T11:49:37.520+0000] {processor.py:925} INFO - DAG(s) 'dag_s3' retrieved from /opt/airflow/dags/dag_s3.py
[2025-09-16T11:49:37.579+0000] {logging_mixin.py:190} INFO - [2025-09-16T11:49:37.579+0000] {dag.py:3239} INFO - Sync 1 DAGs
[2025-09-16T11:49:37.661+0000] {logging_mixin.py:190} INFO - [2025-09-16T11:49:37.660+0000] {dag.py:4180} INFO - Setting next_dagrun for dag_s3 to 2025-09-16 00:00:00+00:00, run_after=2025-09-17 00:00:00+00:00
[2025-09-16T11:49:37.717+0000] {processor.py:208} INFO - Processing /opt/airflow/dags/dag_s3.py took 0.284 seconds
[2025-09-16T11:50:08.045+0000] {processor.py:186} INFO - Started process (PID=505) to work on /opt/airflow/dags/dag_s3.py
[2025-09-16T11:50:08.046+0000] {processor.py:914} INFO - Processing file /opt/airflow/dags/dag_s3.py for tasks to queue
[2025-09-16T11:50:08.050+0000] {logging_mixin.py:190} INFO - [2025-09-16T11:50:08.050+0000] {dagbag.py:588} INFO - Filling up the DagBag from /opt/airflow/dags/dag_s3.py
[2025-09-16T11:50:08.099+0000] {processor.py:925} INFO - DAG(s) 'dag_s3' retrieved from /opt/airflow/dags/dag_s3.py
[2025-09-16T11:50:08.147+0000] {logging_mixin.py:190} INFO - [2025-09-16T11:50:08.147+0000] {dag.py:3239} INFO - Sync 1 DAGs
[2025-09-16T11:50:08.221+0000] {logging_mixin.py:190} INFO - [2025-09-16T11:50:08.221+0000] {dag.py:4180} INFO - Setting next_dagrun for dag_s3 to 2025-09-16 00:00:00+00:00, run_after=2025-09-17 00:00:00+00:00
[2025-09-16T11:50:08.268+0000] {processor.py:208} INFO - Processing /opt/airflow/dags/dag_s3.py took 0.237 seconds
[2025-09-16T11:50:38.509+0000] {processor.py:186} INFO - Started process (PID=532) to work on /opt/airflow/dags/dag_s3.py
[2025-09-16T11:50:38.511+0000] {processor.py:914} INFO - Processing file /opt/airflow/dags/dag_s3.py for tasks to queue
[2025-09-16T11:50:38.517+0000] {logging_mixin.py:190} INFO - [2025-09-16T11:50:38.516+0000] {dagbag.py:588} INFO - Filling up the DagBag from /opt/airflow/dags/dag_s3.py
[2025-09-16T11:50:38.562+0000] {processor.py:925} INFO - DAG(s) 'dag_s3' retrieved from /opt/airflow/dags/dag_s3.py
[2025-09-16T11:50:38.615+0000] {logging_mixin.py:190} INFO - [2025-09-16T11:50:38.614+0000] {dag.py:3239} INFO - Sync 1 DAGs
[2025-09-16T11:50:38.662+0000] {logging_mixin.py:190} INFO - [2025-09-16T11:50:38.661+0000] {dag.py:4180} INFO - Setting next_dagrun for dag_s3 to 2025-09-16 00:00:00+00:00, run_after=2025-09-17 00:00:00+00:00
[2025-09-16T11:50:38.699+0000] {processor.py:208} INFO - Processing /opt/airflow/dags/dag_s3.py took 0.200 seconds
[2025-09-16T11:51:09.060+0000] {processor.py:186} INFO - Started process (PID=558) to work on /opt/airflow/dags/dag_s3.py
[2025-09-16T11:51:09.061+0000] {processor.py:914} INFO - Processing file /opt/airflow/dags/dag_s3.py for tasks to queue
[2025-09-16T11:51:09.071+0000] {logging_mixin.py:190} INFO - [2025-09-16T11:51:09.070+0000] {dagbag.py:588} INFO - Filling up the DagBag from /opt/airflow/dags/dag_s3.py
[2025-09-16T11:51:09.110+0000] {processor.py:925} INFO - DAG(s) 'dag_s3' retrieved from /opt/airflow/dags/dag_s3.py
[2025-09-16T11:51:09.164+0000] {logging_mixin.py:190} INFO - [2025-09-16T11:51:09.163+0000] {dag.py:3239} INFO - Sync 1 DAGs
[2025-09-16T11:51:09.215+0000] {logging_mixin.py:190} INFO - [2025-09-16T11:51:09.215+0000] {dag.py:4180} INFO - Setting next_dagrun for dag_s3 to 2025-09-16 00:00:00+00:00, run_after=2025-09-17 00:00:00+00:00
[2025-09-16T11:51:09.248+0000] {processor.py:208} INFO - Processing /opt/airflow/dags/dag_s3.py took 0.198 seconds
[2025-09-16T11:51:39.603+0000] {processor.py:186} INFO - Started process (PID=584) to work on /opt/airflow/dags/dag_s3.py
[2025-09-16T11:51:39.604+0000] {processor.py:914} INFO - Processing file /opt/airflow/dags/dag_s3.py for tasks to queue
[2025-09-16T11:51:39.611+0000] {logging_mixin.py:190} INFO - [2025-09-16T11:51:39.609+0000] {dagbag.py:588} INFO - Filling up the DagBag from /opt/airflow/dags/dag_s3.py
[2025-09-16T11:51:39.647+0000] {processor.py:925} INFO - DAG(s) 'dag_s3' retrieved from /opt/airflow/dags/dag_s3.py
[2025-09-16T11:51:39.690+0000] {logging_mixin.py:190} INFO - [2025-09-16T11:51:39.690+0000] {dag.py:3239} INFO - Sync 1 DAGs
[2025-09-16T11:51:39.736+0000] {logging_mixin.py:190} INFO - [2025-09-16T11:51:39.735+0000] {dag.py:4180} INFO - Setting next_dagrun for dag_s3 to 2025-09-16 00:00:00+00:00, run_after=2025-09-17 00:00:00+00:00
[2025-09-16T11:51:39.767+0000] {processor.py:208} INFO - Processing /opt/airflow/dags/dag_s3.py took 0.175 seconds
[2025-09-16T11:52:10.065+0000] {processor.py:186} INFO - Started process (PID=610) to work on /opt/airflow/dags/dag_s3.py
[2025-09-16T11:52:10.066+0000] {processor.py:914} INFO - Processing file /opt/airflow/dags/dag_s3.py for tasks to queue
[2025-09-16T11:52:10.070+0000] {logging_mixin.py:190} INFO - [2025-09-16T11:52:10.070+0000] {dagbag.py:588} INFO - Filling up the DagBag from /opt/airflow/dags/dag_s3.py
[2025-09-16T11:52:10.113+0000] {processor.py:925} INFO - DAG(s) 'dag_s3' retrieved from /opt/airflow/dags/dag_s3.py
[2025-09-16T11:52:10.167+0000] {logging_mixin.py:190} INFO - [2025-09-16T11:52:10.167+0000] {dag.py:3239} INFO - Sync 1 DAGs
[2025-09-16T11:52:10.229+0000] {logging_mixin.py:190} INFO - [2025-09-16T11:52:10.229+0000] {dag.py:4180} INFO - Setting next_dagrun for dag_s3 to 2025-09-16 00:00:00+00:00, run_after=2025-09-17 00:00:00+00:00
[2025-09-16T11:52:10.271+0000] {processor.py:208} INFO - Processing /opt/airflow/dags/dag_s3.py took 0.215 seconds
[2025-09-16T11:52:40.597+0000] {processor.py:186} INFO - Started process (PID=641) to work on /opt/airflow/dags/dag_s3.py
[2025-09-16T11:52:40.599+0000] {processor.py:914} INFO - Processing file /opt/airflow/dags/dag_s3.py for tasks to queue
[2025-09-16T11:52:40.603+0000] {logging_mixin.py:190} INFO - [2025-09-16T11:52:40.603+0000] {dagbag.py:588} INFO - Filling up the DagBag from /opt/airflow/dags/dag_s3.py
[2025-09-16T11:52:40.645+0000] {processor.py:925} INFO - DAG(s) 'dag_s3' retrieved from /opt/airflow/dags/dag_s3.py
[2025-09-16T11:52:40.691+0000] {logging_mixin.py:190} INFO - [2025-09-16T11:52:40.690+0000] {dag.py:3239} INFO - Sync 1 DAGs
[2025-09-16T11:52:40.744+0000] {logging_mixin.py:190} INFO - [2025-09-16T11:52:40.744+0000] {dag.py:4180} INFO - Setting next_dagrun for dag_s3 to 2025-09-16 00:00:00+00:00, run_after=2025-09-17 00:00:00+00:00
[2025-09-16T11:52:40.780+0000] {processor.py:208} INFO - Processing /opt/airflow/dags/dag_s3.py took 0.197 seconds
[2025-09-16T11:53:11.012+0000] {processor.py:186} INFO - Started process (PID=667) to work on /opt/airflow/dags/dag_s3.py
[2025-09-16T11:53:11.015+0000] {processor.py:914} INFO - Processing file /opt/airflow/dags/dag_s3.py for tasks to queue
[2025-09-16T11:53:11.028+0000] {logging_mixin.py:190} INFO - [2025-09-16T11:53:11.026+0000] {dagbag.py:588} INFO - Filling up the DagBag from /opt/airflow/dags/dag_s3.py
[2025-09-16T11:53:11.114+0000] {processor.py:925} INFO - DAG(s) 'dag_s3' retrieved from /opt/airflow/dags/dag_s3.py
[2025-09-16T11:53:11.194+0000] {logging_mixin.py:190} INFO - [2025-09-16T11:53:11.193+0000] {dag.py:3239} INFO - Sync 1 DAGs
[2025-09-16T11:53:11.306+0000] {logging_mixin.py:190} INFO - [2025-09-16T11:53:11.306+0000] {dag.py:4180} INFO - Setting next_dagrun for dag_s3 to 2025-09-16 00:00:00+00:00, run_after=2025-09-17 00:00:00+00:00
[2025-09-16T11:53:11.376+0000] {processor.py:208} INFO - Processing /opt/airflow/dags/dag_s3.py took 0.388 seconds
[2025-09-16T11:53:41.580+0000] {processor.py:186} INFO - Started process (PID=693) to work on /opt/airflow/dags/dag_s3.py
[2025-09-16T11:53:41.582+0000] {processor.py:914} INFO - Processing file /opt/airflow/dags/dag_s3.py for tasks to queue
[2025-09-16T11:53:41.585+0000] {logging_mixin.py:190} INFO - [2025-09-16T11:53:41.585+0000] {dagbag.py:588} INFO - Filling up the DagBag from /opt/airflow/dags/dag_s3.py
[2025-09-16T11:53:41.648+0000] {processor.py:925} INFO - DAG(s) 'dag_s3' retrieved from /opt/airflow/dags/dag_s3.py
[2025-09-16T11:53:41.710+0000] {logging_mixin.py:190} INFO - [2025-09-16T11:53:41.710+0000] {dag.py:3239} INFO - Sync 1 DAGs
[2025-09-16T11:53:41.761+0000] {logging_mixin.py:190} INFO - [2025-09-16T11:53:41.761+0000] {dag.py:4180} INFO - Setting next_dagrun for dag_s3 to 2025-09-16 00:00:00+00:00, run_after=2025-09-17 00:00:00+00:00
[2025-09-16T11:53:41.801+0000] {processor.py:208} INFO - Processing /opt/airflow/dags/dag_s3.py took 0.236 seconds
[2025-09-16T11:54:11.943+0000] {processor.py:186} INFO - Started process (PID=719) to work on /opt/airflow/dags/dag_s3.py
[2025-09-16T11:54:11.945+0000] {processor.py:914} INFO - Processing file /opt/airflow/dags/dag_s3.py for tasks to queue
[2025-09-16T11:54:11.951+0000] {logging_mixin.py:190} INFO - [2025-09-16T11:54:11.950+0000] {dagbag.py:588} INFO - Filling up the DagBag from /opt/airflow/dags/dag_s3.py
[2025-09-16T11:54:12.008+0000] {processor.py:925} INFO - DAG(s) 'dag_s3' retrieved from /opt/airflow/dags/dag_s3.py
[2025-09-16T11:54:12.080+0000] {logging_mixin.py:190} INFO - [2025-09-16T11:54:12.079+0000] {dag.py:3239} INFO - Sync 1 DAGs
[2025-09-16T11:54:12.151+0000] {logging_mixin.py:190} INFO - [2025-09-16T11:54:12.150+0000] {dag.py:4180} INFO - Setting next_dagrun for dag_s3 to 2025-09-16 00:00:00+00:00, run_after=2025-09-17 00:00:00+00:00
[2025-09-16T11:54:12.202+0000] {processor.py:208} INFO - Processing /opt/airflow/dags/dag_s3.py took 0.284 seconds
[2025-09-16T11:54:42.415+0000] {processor.py:186} INFO - Started process (PID=745) to work on /opt/airflow/dags/dag_s3.py
[2025-09-16T11:54:42.420+0000] {processor.py:914} INFO - Processing file /opt/airflow/dags/dag_s3.py for tasks to queue
[2025-09-16T11:54:42.425+0000] {logging_mixin.py:190} INFO - [2025-09-16T11:54:42.425+0000] {dagbag.py:588} INFO - Filling up the DagBag from /opt/airflow/dags/dag_s3.py
[2025-09-16T11:54:42.478+0000] {processor.py:925} INFO - DAG(s) 'dag_s3' retrieved from /opt/airflow/dags/dag_s3.py
[2025-09-16T11:54:42.526+0000] {logging_mixin.py:190} INFO - [2025-09-16T11:54:42.526+0000] {dag.py:3239} INFO - Sync 1 DAGs
[2025-09-16T11:54:42.584+0000] {logging_mixin.py:190} INFO - [2025-09-16T11:54:42.583+0000] {dag.py:4180} INFO - Setting next_dagrun for dag_s3 to 2025-09-16 00:00:00+00:00, run_after=2025-09-17 00:00:00+00:00
[2025-09-16T11:54:42.632+0000] {processor.py:208} INFO - Processing /opt/airflow/dags/dag_s3.py took 0.236 seconds
[2025-09-16T11:55:12.801+0000] {processor.py:186} INFO - Started process (PID=771) to work on /opt/airflow/dags/dag_s3.py
[2025-09-16T11:55:12.804+0000] {processor.py:914} INFO - Processing file /opt/airflow/dags/dag_s3.py for tasks to queue
[2025-09-16T11:55:12.810+0000] {logging_mixin.py:190} INFO - [2025-09-16T11:55:12.809+0000] {dagbag.py:588} INFO - Filling up the DagBag from /opt/airflow/dags/dag_s3.py
[2025-09-16T11:55:12.853+0000] {processor.py:925} INFO - DAG(s) 'dag_s3' retrieved from /opt/airflow/dags/dag_s3.py
[2025-09-16T11:55:12.904+0000] {logging_mixin.py:190} INFO - [2025-09-16T11:55:12.904+0000] {dag.py:3239} INFO - Sync 1 DAGs
[2025-09-16T11:55:12.956+0000] {logging_mixin.py:190} INFO - [2025-09-16T11:55:12.955+0000] {dag.py:4180} INFO - Setting next_dagrun for dag_s3 to 2025-09-16 00:00:00+00:00, run_after=2025-09-17 00:00:00+00:00
[2025-09-16T11:55:12.992+0000] {processor.py:208} INFO - Processing /opt/airflow/dags/dag_s3.py took 0.203 seconds
[2025-09-16T11:55:43.363+0000] {processor.py:186} INFO - Started process (PID=797) to work on /opt/airflow/dags/dag_s3.py
[2025-09-16T11:55:43.364+0000] {processor.py:914} INFO - Processing file /opt/airflow/dags/dag_s3.py for tasks to queue
[2025-09-16T11:55:43.375+0000] {logging_mixin.py:190} INFO - [2025-09-16T11:55:43.373+0000] {dagbag.py:588} INFO - Filling up the DagBag from /opt/airflow/dags/dag_s3.py
[2025-09-16T11:55:43.439+0000] {processor.py:925} INFO - DAG(s) 'dag_s3' retrieved from /opt/airflow/dags/dag_s3.py
[2025-09-16T11:55:43.518+0000] {logging_mixin.py:190} INFO - [2025-09-16T11:55:43.518+0000] {dag.py:3239} INFO - Sync 1 DAGs
[2025-09-16T11:55:43.578+0000] {logging_mixin.py:190} INFO - [2025-09-16T11:55:43.578+0000] {dag.py:4180} INFO - Setting next_dagrun for dag_s3 to 2025-09-16 00:00:00+00:00, run_after=2025-09-17 00:00:00+00:00
[2025-09-16T11:55:43.630+0000] {processor.py:208} INFO - Processing /opt/airflow/dags/dag_s3.py took 0.292 seconds
[2025-09-16T11:56:14.290+0000] {processor.py:186} INFO - Started process (PID=823) to work on /opt/airflow/dags/dag_s3.py
[2025-09-16T11:56:14.293+0000] {processor.py:914} INFO - Processing file /opt/airflow/dags/dag_s3.py for tasks to queue
[2025-09-16T11:56:14.301+0000] {logging_mixin.py:190} INFO - [2025-09-16T11:56:14.300+0000] {dagbag.py:588} INFO - Filling up the DagBag from /opt/airflow/dags/dag_s3.py
[2025-09-16T11:56:14.387+0000] {processor.py:925} INFO - DAG(s) 'dag_s3' retrieved from /opt/airflow/dags/dag_s3.py
[2025-09-16T11:56:14.519+0000] {logging_mixin.py:190} INFO - [2025-09-16T11:56:14.518+0000] {dag.py:3239} INFO - Sync 1 DAGs
[2025-09-16T11:56:14.639+0000] {logging_mixin.py:190} INFO - [2025-09-16T11:56:14.638+0000] {dag.py:4180} INFO - Setting next_dagrun for dag_s3 to 2025-09-16 00:00:00+00:00, run_after=2025-09-17 00:00:00+00:00
[2025-09-16T11:56:14.718+0000] {processor.py:208} INFO - Processing /opt/airflow/dags/dag_s3.py took 0.460 seconds
[2025-09-16T11:56:45.117+0000] {processor.py:186} INFO - Started process (PID=854) to work on /opt/airflow/dags/dag_s3.py
[2025-09-16T11:56:45.118+0000] {processor.py:914} INFO - Processing file /opt/airflow/dags/dag_s3.py for tasks to queue
[2025-09-16T11:56:45.124+0000] {logging_mixin.py:190} INFO - [2025-09-16T11:56:45.124+0000] {dagbag.py:588} INFO - Filling up the DagBag from /opt/airflow/dags/dag_s3.py
[2025-09-16T11:56:45.162+0000] {processor.py:925} INFO - DAG(s) 'dag_s3' retrieved from /opt/airflow/dags/dag_s3.py
[2025-09-16T11:56:45.221+0000] {logging_mixin.py:190} INFO - [2025-09-16T11:56:45.220+0000] {dag.py:3239} INFO - Sync 1 DAGs
[2025-09-16T11:56:45.294+0000] {logging_mixin.py:190} INFO - [2025-09-16T11:56:45.293+0000] {dag.py:4180} INFO - Setting next_dagrun for dag_s3 to 2025-09-16 00:00:00+00:00, run_after=2025-09-17 00:00:00+00:00
[2025-09-16T11:56:45.332+0000] {processor.py:208} INFO - Processing /opt/airflow/dags/dag_s3.py took 0.226 seconds
[2025-09-16T11:57:15.677+0000] {processor.py:186} INFO - Started process (PID=875) to work on /opt/airflow/dags/dag_s3.py
[2025-09-16T11:57:15.678+0000] {processor.py:914} INFO - Processing file /opt/airflow/dags/dag_s3.py for tasks to queue
[2025-09-16T11:57:15.683+0000] {logging_mixin.py:190} INFO - [2025-09-16T11:57:15.683+0000] {dagbag.py:588} INFO - Filling up the DagBag from /opt/airflow/dags/dag_s3.py
[2025-09-16T11:57:15.724+0000] {processor.py:925} INFO - DAG(s) 'dag_s3' retrieved from /opt/airflow/dags/dag_s3.py
[2025-09-16T11:57:15.776+0000] {logging_mixin.py:190} INFO - [2025-09-16T11:57:15.776+0000] {dag.py:3239} INFO - Sync 1 DAGs
[2025-09-16T11:57:15.831+0000] {logging_mixin.py:190} INFO - [2025-09-16T11:57:15.831+0000] {dag.py:4180} INFO - Setting next_dagrun for dag_s3 to 2025-09-16 00:00:00+00:00, run_after=2025-09-17 00:00:00+00:00
[2025-09-16T11:57:15.869+0000] {processor.py:208} INFO - Processing /opt/airflow/dags/dag_s3.py took 0.208 seconds
[2025-09-16T11:57:46.087+0000] {processor.py:186} INFO - Started process (PID=901) to work on /opt/airflow/dags/dag_s3.py
[2025-09-16T11:57:46.089+0000] {processor.py:914} INFO - Processing file /opt/airflow/dags/dag_s3.py for tasks to queue
[2025-09-16T11:57:46.093+0000] {logging_mixin.py:190} INFO - [2025-09-16T11:57:46.092+0000] {dagbag.py:588} INFO - Filling up the DagBag from /opt/airflow/dags/dag_s3.py
[2025-09-16T11:57:46.133+0000] {processor.py:925} INFO - DAG(s) 'dag_s3' retrieved from /opt/airflow/dags/dag_s3.py
[2025-09-16T11:57:46.180+0000] {logging_mixin.py:190} INFO - [2025-09-16T11:57:46.180+0000] {dag.py:3239} INFO - Sync 1 DAGs
[2025-09-16T11:57:46.227+0000] {logging_mixin.py:190} INFO - [2025-09-16T11:57:46.227+0000] {dag.py:4180} INFO - Setting next_dagrun for dag_s3 to 2025-09-16 00:00:00+00:00, run_after=2025-09-17 00:00:00+00:00
[2025-09-16T11:57:46.270+0000] {processor.py:208} INFO - Processing /opt/airflow/dags/dag_s3.py took 0.192 seconds
[2025-09-16T11:58:16.433+0000] {processor.py:186} INFO - Started process (PID=927) to work on /opt/airflow/dags/dag_s3.py
[2025-09-16T11:58:16.435+0000] {processor.py:914} INFO - Processing file /opt/airflow/dags/dag_s3.py for tasks to queue
[2025-09-16T11:58:16.442+0000] {logging_mixin.py:190} INFO - [2025-09-16T11:58:16.441+0000] {dagbag.py:588} INFO - Filling up the DagBag from /opt/airflow/dags/dag_s3.py
[2025-09-16T11:58:16.486+0000] {processor.py:925} INFO - DAG(s) 'dag_s3' retrieved from /opt/airflow/dags/dag_s3.py
[2025-09-16T11:58:16.549+0000] {logging_mixin.py:190} INFO - [2025-09-16T11:58:16.549+0000] {dag.py:3239} INFO - Sync 1 DAGs
[2025-09-16T11:58:16.631+0000] {logging_mixin.py:190} INFO - [2025-09-16T11:58:16.630+0000] {dag.py:4180} INFO - Setting next_dagrun for dag_s3 to 2025-09-16 00:00:00+00:00, run_after=2025-09-17 00:00:00+00:00
[2025-09-16T11:58:16.673+0000] {processor.py:208} INFO - Processing /opt/airflow/dags/dag_s3.py took 0.257 seconds
[2025-09-16T11:58:46.828+0000] {processor.py:186} INFO - Started process (PID=954) to work on /opt/airflow/dags/dag_s3.py
[2025-09-16T11:58:46.830+0000] {processor.py:914} INFO - Processing file /opt/airflow/dags/dag_s3.py for tasks to queue
[2025-09-16T11:58:46.836+0000] {logging_mixin.py:190} INFO - [2025-09-16T11:58:46.835+0000] {dagbag.py:588} INFO - Filling up the DagBag from /opt/airflow/dags/dag_s3.py
[2025-09-16T11:58:46.876+0000] {processor.py:925} INFO - DAG(s) 'dag_s3' retrieved from /opt/airflow/dags/dag_s3.py
[2025-09-16T11:58:46.929+0000] {logging_mixin.py:190} INFO - [2025-09-16T11:58:46.928+0000] {dag.py:3239} INFO - Sync 1 DAGs
[2025-09-16T11:58:46.997+0000] {logging_mixin.py:190} INFO - [2025-09-16T11:58:46.996+0000] {dag.py:4180} INFO - Setting next_dagrun for dag_s3 to 2025-09-16 00:00:00+00:00, run_after=2025-09-17 00:00:00+00:00
[2025-09-16T11:58:47.033+0000] {processor.py:208} INFO - Processing /opt/airflow/dags/dag_s3.py took 0.218 seconds
[2025-09-16T11:59:17.135+0000] {processor.py:186} INFO - Started process (PID=980) to work on /opt/airflow/dags/dag_s3.py
[2025-09-16T11:59:17.137+0000] {processor.py:914} INFO - Processing file /opt/airflow/dags/dag_s3.py for tasks to queue
[2025-09-16T11:59:17.140+0000] {logging_mixin.py:190} INFO - [2025-09-16T11:59:17.140+0000] {dagbag.py:588} INFO - Filling up the DagBag from /opt/airflow/dags/dag_s3.py
[2025-09-16T11:59:17.178+0000] {processor.py:925} INFO - DAG(s) 'dag_s3' retrieved from /opt/airflow/dags/dag_s3.py
[2025-09-16T11:59:17.222+0000] {logging_mixin.py:190} INFO - [2025-09-16T11:59:17.221+0000] {dag.py:3239} INFO - Sync 1 DAGs
[2025-09-16T11:59:17.279+0000] {logging_mixin.py:190} INFO - [2025-09-16T11:59:17.279+0000] {dag.py:4180} INFO - Setting next_dagrun for dag_s3 to 2025-09-16 00:00:00+00:00, run_after=2025-09-17 00:00:00+00:00
[2025-09-16T11:59:17.315+0000] {processor.py:208} INFO - Processing /opt/airflow/dags/dag_s3.py took 0.193 seconds
[2025-09-16T11:59:47.594+0000] {processor.py:186} INFO - Started process (PID=1012) to work on /opt/airflow/dags/dag_s3.py
[2025-09-16T11:59:47.595+0000] {processor.py:914} INFO - Processing file /opt/airflow/dags/dag_s3.py for tasks to queue
[2025-09-16T11:59:47.599+0000] {logging_mixin.py:190} INFO - [2025-09-16T11:59:47.599+0000] {dagbag.py:588} INFO - Filling up the DagBag from /opt/airflow/dags/dag_s3.py
[2025-09-16T11:59:47.636+0000] {processor.py:925} INFO - DAG(s) 'dag_s3' retrieved from /opt/airflow/dags/dag_s3.py
[2025-09-16T11:59:47.676+0000] {logging_mixin.py:190} INFO - [2025-09-16T11:59:47.676+0000] {dag.py:3239} INFO - Sync 1 DAGs
[2025-09-16T11:59:47.718+0000] {logging_mixin.py:190} INFO - [2025-09-16T11:59:47.718+0000] {dag.py:4180} INFO - Setting next_dagrun for dag_s3 to 2025-09-16 00:00:00+00:00, run_after=2025-09-17 00:00:00+00:00
[2025-09-16T11:59:47.763+0000] {processor.py:208} INFO - Processing /opt/airflow/dags/dag_s3.py took 0.180 seconds
[2025-09-16T12:00:17.881+0000] {processor.py:186} INFO - Started process (PID=1038) to work on /opt/airflow/dags/dag_s3.py
[2025-09-16T12:00:17.882+0000] {processor.py:914} INFO - Processing file /opt/airflow/dags/dag_s3.py for tasks to queue
[2025-09-16T12:00:17.887+0000] {logging_mixin.py:190} INFO - [2025-09-16T12:00:17.886+0000] {dagbag.py:588} INFO - Filling up the DagBag from /opt/airflow/dags/dag_s3.py
[2025-09-16T12:00:17.925+0000] {processor.py:925} INFO - DAG(s) 'dag_s3' retrieved from /opt/airflow/dags/dag_s3.py
[2025-09-16T12:00:17.971+0000] {logging_mixin.py:190} INFO - [2025-09-16T12:00:17.971+0000] {dag.py:3239} INFO - Sync 1 DAGs
[2025-09-16T12:00:18.018+0000] {logging_mixin.py:190} INFO - [2025-09-16T12:00:18.017+0000] {dag.py:4180} INFO - Setting next_dagrun for dag_s3 to 2025-09-16 00:00:00+00:00, run_after=2025-09-17 00:00:00+00:00
[2025-09-16T12:00:18.063+0000] {processor.py:208} INFO - Processing /opt/airflow/dags/dag_s3.py took 0.193 seconds
[2025-09-16T12:00:48.303+0000] {processor.py:186} INFO - Started process (PID=1064) to work on /opt/airflow/dags/dag_s3.py
[2025-09-16T12:00:48.304+0000] {processor.py:914} INFO - Processing file /opt/airflow/dags/dag_s3.py for tasks to queue
[2025-09-16T12:00:48.309+0000] {logging_mixin.py:190} INFO - [2025-09-16T12:00:48.309+0000] {dagbag.py:588} INFO - Filling up the DagBag from /opt/airflow/dags/dag_s3.py
[2025-09-16T12:00:48.345+0000] {processor.py:925} INFO - DAG(s) 'dag_s3' retrieved from /opt/airflow/dags/dag_s3.py
[2025-09-16T12:00:48.387+0000] {logging_mixin.py:190} INFO - [2025-09-16T12:00:48.387+0000] {dag.py:3239} INFO - Sync 1 DAGs
[2025-09-16T12:00:48.439+0000] {logging_mixin.py:190} INFO - [2025-09-16T12:00:48.439+0000] {dag.py:4180} INFO - Setting next_dagrun for dag_s3 to 2025-09-16 00:00:00+00:00, run_after=2025-09-17 00:00:00+00:00
[2025-09-16T12:00:48.473+0000] {processor.py:208} INFO - Processing /opt/airflow/dags/dag_s3.py took 0.182 seconds
[2025-09-16T12:01:18.660+0000] {processor.py:186} INFO - Started process (PID=1090) to work on /opt/airflow/dags/dag_s3.py
[2025-09-16T12:01:18.661+0000] {processor.py:914} INFO - Processing file /opt/airflow/dags/dag_s3.py for tasks to queue
[2025-09-16T12:01:18.666+0000] {logging_mixin.py:190} INFO - [2025-09-16T12:01:18.665+0000] {dagbag.py:588} INFO - Filling up the DagBag from /opt/airflow/dags/dag_s3.py
[2025-09-16T12:01:18.708+0000] {processor.py:925} INFO - DAG(s) 'dag_s3' retrieved from /opt/airflow/dags/dag_s3.py
[2025-09-16T12:01:18.755+0000] {logging_mixin.py:190} INFO - [2025-09-16T12:01:18.755+0000] {dag.py:3239} INFO - Sync 1 DAGs
[2025-09-16T12:01:18.815+0000] {logging_mixin.py:190} INFO - [2025-09-16T12:01:18.814+0000] {dag.py:4180} INFO - Setting next_dagrun for dag_s3 to 2025-09-16 00:00:00+00:00, run_after=2025-09-17 00:00:00+00:00
[2025-09-16T12:01:18.855+0000] {processor.py:208} INFO - Processing /opt/airflow/dags/dag_s3.py took 0.208 seconds
[2025-09-16T12:01:49.639+0000] {processor.py:186} INFO - Started process (PID=1116) to work on /opt/airflow/dags/dag_s3.py
[2025-09-16T12:01:49.643+0000] {processor.py:914} INFO - Processing file /opt/airflow/dags/dag_s3.py for tasks to queue
[2025-09-16T12:01:49.652+0000] {logging_mixin.py:190} INFO - [2025-09-16T12:01:49.651+0000] {dagbag.py:588} INFO - Filling up the DagBag from /opt/airflow/dags/dag_s3.py
[2025-09-16T12:01:49.708+0000] {processor.py:925} INFO - DAG(s) 'dag_s3' retrieved from /opt/airflow/dags/dag_s3.py
[2025-09-16T12:01:49.788+0000] {logging_mixin.py:190} INFO - [2025-09-16T12:01:49.787+0000] {dag.py:3239} INFO - Sync 1 DAGs
[2025-09-16T12:01:49.880+0000] {logging_mixin.py:190} INFO - [2025-09-16T12:01:49.880+0000] {dag.py:4180} INFO - Setting next_dagrun for dag_s3 to 2025-09-16 00:00:00+00:00, run_after=2025-09-17 00:00:00+00:00
[2025-09-16T12:01:49.925+0000] {processor.py:208} INFO - Processing /opt/airflow/dags/dag_s3.py took 0.308 seconds
[2025-09-16T12:02:20.131+0000] {processor.py:186} INFO - Started process (PID=1142) to work on /opt/airflow/dags/dag_s3.py
[2025-09-16T12:02:20.135+0000] {processor.py:914} INFO - Processing file /opt/airflow/dags/dag_s3.py for tasks to queue
[2025-09-16T12:02:20.148+0000] {logging_mixin.py:190} INFO - [2025-09-16T12:02:20.147+0000] {dagbag.py:588} INFO - Filling up the DagBag from /opt/airflow/dags/dag_s3.py
[2025-09-16T12:02:20.214+0000] {processor.py:925} INFO - DAG(s) 'dag_s3' retrieved from /opt/airflow/dags/dag_s3.py
[2025-09-16T12:02:20.305+0000] {logging_mixin.py:190} INFO - [2025-09-16T12:02:20.305+0000] {dag.py:3239} INFO - Sync 1 DAGs
[2025-09-16T12:02:20.415+0000] {logging_mixin.py:190} INFO - [2025-09-16T12:02:20.414+0000] {dag.py:4180} INFO - Setting next_dagrun for dag_s3 to 2025-09-16 00:00:00+00:00, run_after=2025-09-17 00:00:00+00:00
[2025-09-16T12:02:20.481+0000] {processor.py:208} INFO - Processing /opt/airflow/dags/dag_s3.py took 0.371 seconds
[2025-09-16T12:02:51.021+0000] {processor.py:186} INFO - Started process (PID=1168) to work on /opt/airflow/dags/dag_s3.py
[2025-09-16T12:02:51.024+0000] {processor.py:914} INFO - Processing file /opt/airflow/dags/dag_s3.py for tasks to queue
[2025-09-16T12:02:51.039+0000] {logging_mixin.py:190} INFO - [2025-09-16T12:02:51.038+0000] {dagbag.py:588} INFO - Filling up the DagBag from /opt/airflow/dags/dag_s3.py
[2025-09-16T12:02:51.094+0000] {processor.py:925} INFO - DAG(s) 'dag_s3' retrieved from /opt/airflow/dags/dag_s3.py
[2025-09-16T12:02:51.146+0000] {logging_mixin.py:190} INFO - [2025-09-16T12:02:51.145+0000] {dag.py:3239} INFO - Sync 1 DAGs
[2025-09-16T12:02:51.198+0000] {logging_mixin.py:190} INFO - [2025-09-16T12:02:51.198+0000] {dag.py:4180} INFO - Setting next_dagrun for dag_s3 to 2025-09-16 00:00:00+00:00, run_after=2025-09-17 00:00:00+00:00
[2025-09-16T12:02:51.237+0000] {processor.py:208} INFO - Processing /opt/airflow/dags/dag_s3.py took 0.231 seconds
[2025-09-16T12:03:21.747+0000] {processor.py:186} INFO - Started process (PID=1194) to work on /opt/airflow/dags/dag_s3.py
[2025-09-16T12:03:21.750+0000] {processor.py:914} INFO - Processing file /opt/airflow/dags/dag_s3.py for tasks to queue
[2025-09-16T12:03:21.757+0000] {logging_mixin.py:190} INFO - [2025-09-16T12:03:21.756+0000] {dagbag.py:588} INFO - Filling up the DagBag from /opt/airflow/dags/dag_s3.py
[2025-09-16T12:03:21.813+0000] {processor.py:925} INFO - DAG(s) 'dag_s3' retrieved from /opt/airflow/dags/dag_s3.py
[2025-09-16T12:03:21.877+0000] {logging_mixin.py:190} INFO - [2025-09-16T12:03:21.876+0000] {dag.py:3239} INFO - Sync 1 DAGs
[2025-09-16T12:03:21.926+0000] {logging_mixin.py:190} INFO - [2025-09-16T12:03:21.926+0000] {dag.py:4180} INFO - Setting next_dagrun for dag_s3 to 2025-09-16 00:00:00+00:00, run_after=2025-09-17 00:00:00+00:00
[2025-09-16T12:03:21.962+0000] {processor.py:208} INFO - Processing /opt/airflow/dags/dag_s3.py took 0.229 seconds
[2025-09-16T12:03:53.020+0000] {processor.py:186} INFO - Started process (PID=1220) to work on /opt/airflow/dags/dag_s3.py
[2025-09-16T12:03:53.022+0000] {processor.py:914} INFO - Processing file /opt/airflow/dags/dag_s3.py for tasks to queue
[2025-09-16T12:03:53.027+0000] {logging_mixin.py:190} INFO - [2025-09-16T12:03:53.025+0000] {dagbag.py:588} INFO - Filling up the DagBag from /opt/airflow/dags/dag_s3.py
[2025-09-16T12:03:53.066+0000] {processor.py:925} INFO - DAG(s) 'dag_s3' retrieved from /opt/airflow/dags/dag_s3.py
[2025-09-16T12:03:53.128+0000] {logging_mixin.py:190} INFO - [2025-09-16T12:03:53.127+0000] {dag.py:3239} INFO - Sync 1 DAGs
[2025-09-16T12:03:53.189+0000] {logging_mixin.py:190} INFO - [2025-09-16T12:03:53.188+0000] {dag.py:4180} INFO - Setting next_dagrun for dag_s3 to 2025-09-16 00:00:00+00:00, run_after=2025-09-17 00:00:00+00:00
[2025-09-16T12:03:53.234+0000] {processor.py:208} INFO - Processing /opt/airflow/dags/dag_s3.py took 0.225 seconds
[2025-09-16T12:04:23.836+0000] {processor.py:186} INFO - Started process (PID=1246) to work on /opt/airflow/dags/dag_s3.py
[2025-09-16T12:04:23.838+0000] {processor.py:914} INFO - Processing file /opt/airflow/dags/dag_s3.py for tasks to queue
[2025-09-16T12:04:23.842+0000] {logging_mixin.py:190} INFO - [2025-09-16T12:04:23.842+0000] {dagbag.py:588} INFO - Filling up the DagBag from /opt/airflow/dags/dag_s3.py
[2025-09-16T12:04:23.880+0000] {processor.py:925} INFO - DAG(s) 'dag_s3' retrieved from /opt/airflow/dags/dag_s3.py
[2025-09-16T12:04:23.927+0000] {logging_mixin.py:190} INFO - [2025-09-16T12:04:23.926+0000] {dag.py:3239} INFO - Sync 1 DAGs
[2025-09-16T12:04:23.979+0000] {logging_mixin.py:190} INFO - [2025-09-16T12:04:23.979+0000] {dag.py:4180} INFO - Setting next_dagrun for dag_s3 to 2025-09-16 00:00:00+00:00, run_after=2025-09-17 00:00:00+00:00
[2025-09-16T12:04:24.025+0000] {processor.py:208} INFO - Processing /opt/airflow/dags/dag_s3.py took 0.201 seconds
[2025-09-16T12:04:54.521+0000] {processor.py:186} INFO - Started process (PID=1272) to work on /opt/airflow/dags/dag_s3.py
[2025-09-16T12:04:54.523+0000] {processor.py:914} INFO - Processing file /opt/airflow/dags/dag_s3.py for tasks to queue
[2025-09-16T12:04:54.528+0000] {logging_mixin.py:190} INFO - [2025-09-16T12:04:54.528+0000] {dagbag.py:588} INFO - Filling up the DagBag from /opt/airflow/dags/dag_s3.py
[2025-09-16T12:04:54.571+0000] {processor.py:925} INFO - DAG(s) 'dag_s3' retrieved from /opt/airflow/dags/dag_s3.py
[2025-09-16T12:04:54.638+0000] {logging_mixin.py:190} INFO - [2025-09-16T12:04:54.638+0000] {dag.py:3239} INFO - Sync 1 DAGs
[2025-09-16T12:04:54.690+0000] {logging_mixin.py:190} INFO - [2025-09-16T12:04:54.690+0000] {dag.py:4180} INFO - Setting next_dagrun for dag_s3 to 2025-09-16 00:00:00+00:00, run_after=2025-09-17 00:00:00+00:00
[2025-09-16T12:04:54.731+0000] {processor.py:208} INFO - Processing /opt/airflow/dags/dag_s3.py took 0.224 seconds
[2025-09-16T12:05:25.077+0000] {processor.py:186} INFO - Started process (PID=1298) to work on /opt/airflow/dags/dag_s3.py
[2025-09-16T12:05:25.079+0000] {processor.py:914} INFO - Processing file /opt/airflow/dags/dag_s3.py for tasks to queue
[2025-09-16T12:05:25.084+0000] {logging_mixin.py:190} INFO - [2025-09-16T12:05:25.083+0000] {dagbag.py:588} INFO - Filling up the DagBag from /opt/airflow/dags/dag_s3.py
[2025-09-16T12:05:25.123+0000] {processor.py:925} INFO - DAG(s) 'dag_s3' retrieved from /opt/airflow/dags/dag_s3.py
[2025-09-16T12:05:25.167+0000] {logging_mixin.py:190} INFO - [2025-09-16T12:05:25.166+0000] {dag.py:3239} INFO - Sync 1 DAGs
[2025-09-16T12:05:25.215+0000] {logging_mixin.py:190} INFO - [2025-09-16T12:05:25.214+0000] {dag.py:4180} INFO - Setting next_dagrun for dag_s3 to 2025-09-16 00:00:00+00:00, run_after=2025-09-17 00:00:00+00:00
[2025-09-16T12:05:25.251+0000] {processor.py:208} INFO - Processing /opt/airflow/dags/dag_s3.py took 0.187 seconds
[2025-09-16T12:05:55.512+0000] {processor.py:186} INFO - Started process (PID=1330) to work on /opt/airflow/dags/dag_s3.py
[2025-09-16T12:05:55.515+0000] {processor.py:914} INFO - Processing file /opt/airflow/dags/dag_s3.py for tasks to queue
[2025-09-16T12:05:55.519+0000] {logging_mixin.py:190} INFO - [2025-09-16T12:05:55.518+0000] {dagbag.py:588} INFO - Filling up the DagBag from /opt/airflow/dags/dag_s3.py
[2025-09-16T12:05:55.559+0000] {processor.py:925} INFO - DAG(s) 'dag_s3' retrieved from /opt/airflow/dags/dag_s3.py
[2025-09-16T12:05:55.600+0000] {logging_mixin.py:190} INFO - [2025-09-16T12:05:55.600+0000] {dag.py:3239} INFO - Sync 1 DAGs
[2025-09-16T12:05:55.649+0000] {logging_mixin.py:190} INFO - [2025-09-16T12:05:55.649+0000] {dag.py:4180} INFO - Setting next_dagrun for dag_s3 to 2025-09-16 00:00:00+00:00, run_after=2025-09-17 00:00:00+00:00
[2025-09-16T12:05:55.698+0000] {processor.py:208} INFO - Processing /opt/airflow/dags/dag_s3.py took 0.197 seconds
[2025-09-16T12:06:25.883+0000] {processor.py:186} INFO - Started process (PID=1356) to work on /opt/airflow/dags/dag_s3.py
[2025-09-16T12:06:25.885+0000] {processor.py:914} INFO - Processing file /opt/airflow/dags/dag_s3.py for tasks to queue
[2025-09-16T12:06:25.894+0000] {logging_mixin.py:190} INFO - [2025-09-16T12:06:25.893+0000] {dagbag.py:588} INFO - Filling up the DagBag from /opt/airflow/dags/dag_s3.py
[2025-09-16T12:06:25.932+0000] {processor.py:925} INFO - DAG(s) 'dag_s3' retrieved from /opt/airflow/dags/dag_s3.py
[2025-09-16T12:06:25.977+0000] {logging_mixin.py:190} INFO - [2025-09-16T12:06:25.976+0000] {dag.py:3239} INFO - Sync 1 DAGs
[2025-09-16T12:06:26.021+0000] {logging_mixin.py:190} INFO - [2025-09-16T12:06:26.021+0000] {dag.py:4180} INFO - Setting next_dagrun for dag_s3 to 2025-09-16 00:00:00+00:00, run_after=2025-09-17 00:00:00+00:00
[2025-09-16T12:06:26.072+0000] {processor.py:208} INFO - Processing /opt/airflow/dags/dag_s3.py took 0.202 seconds
[2025-09-16T12:06:56.406+0000] {processor.py:186} INFO - Started process (PID=1387) to work on /opt/airflow/dags/dag_s3.py
[2025-09-16T12:06:56.408+0000] {processor.py:914} INFO - Processing file /opt/airflow/dags/dag_s3.py for tasks to queue
[2025-09-16T12:06:56.412+0000] {logging_mixin.py:190} INFO - [2025-09-16T12:06:56.412+0000] {dagbag.py:588} INFO - Filling up the DagBag from /opt/airflow/dags/dag_s3.py
[2025-09-16T12:06:56.457+0000] {processor.py:925} INFO - DAG(s) 'dag_s3' retrieved from /opt/airflow/dags/dag_s3.py
[2025-09-16T12:06:56.498+0000] {logging_mixin.py:190} INFO - [2025-09-16T12:06:56.498+0000] {dag.py:3239} INFO - Sync 1 DAGs
[2025-09-16T12:06:56.543+0000] {logging_mixin.py:190} INFO - [2025-09-16T12:06:56.543+0000] {dag.py:4180} INFO - Setting next_dagrun for dag_s3 to 2025-09-16 00:00:00+00:00, run_after=2025-09-17 00:00:00+00:00
[2025-09-16T12:06:56.574+0000] {processor.py:208} INFO - Processing /opt/airflow/dags/dag_s3.py took 0.180 seconds
[2025-09-16T12:07:26.769+0000] {processor.py:186} INFO - Started process (PID=1408) to work on /opt/airflow/dags/dag_s3.py
[2025-09-16T12:07:26.772+0000] {processor.py:914} INFO - Processing file /opt/airflow/dags/dag_s3.py for tasks to queue
[2025-09-16T12:07:26.779+0000] {logging_mixin.py:190} INFO - [2025-09-16T12:07:26.778+0000] {dagbag.py:588} INFO - Filling up the DagBag from /opt/airflow/dags/dag_s3.py
[2025-09-16T12:07:26.827+0000] {processor.py:925} INFO - DAG(s) 'dag_s3' retrieved from /opt/airflow/dags/dag_s3.py
[2025-09-16T12:07:26.882+0000] {logging_mixin.py:190} INFO - [2025-09-16T12:07:26.881+0000] {dag.py:3239} INFO - Sync 1 DAGs
[2025-09-16T12:07:26.935+0000] {logging_mixin.py:190} INFO - [2025-09-16T12:07:26.935+0000] {dag.py:4180} INFO - Setting next_dagrun for dag_s3 to 2025-09-16 00:00:00+00:00, run_after=2025-09-17 00:00:00+00:00
[2025-09-16T12:07:26.976+0000] {processor.py:208} INFO - Processing /opt/airflow/dags/dag_s3.py took 0.228 seconds
[2025-09-16T12:07:57.250+0000] {processor.py:186} INFO - Started process (PID=1434) to work on /opt/airflow/dags/dag_s3.py
[2025-09-16T12:07:57.251+0000] {processor.py:914} INFO - Processing file /opt/airflow/dags/dag_s3.py for tasks to queue
[2025-09-16T12:07:57.256+0000] {logging_mixin.py:190} INFO - [2025-09-16T12:07:57.255+0000] {dagbag.py:588} INFO - Filling up the DagBag from /opt/airflow/dags/dag_s3.py
[2025-09-16T12:07:57.302+0000] {processor.py:925} INFO - DAG(s) 'dag_s3' retrieved from /opt/airflow/dags/dag_s3.py
[2025-09-16T12:07:57.352+0000] {logging_mixin.py:190} INFO - [2025-09-16T12:07:57.351+0000] {dag.py:3239} INFO - Sync 1 DAGs
[2025-09-16T12:07:57.407+0000] {logging_mixin.py:190} INFO - [2025-09-16T12:07:57.406+0000] {dag.py:4180} INFO - Setting next_dagrun for dag_s3 to 2025-09-16 00:00:00+00:00, run_after=2025-09-17 00:00:00+00:00
[2025-09-16T12:07:57.445+0000] {processor.py:208} INFO - Processing /opt/airflow/dags/dag_s3.py took 0.209 seconds
[2025-09-16T12:08:27.586+0000] {processor.py:186} INFO - Started process (PID=1460) to work on /opt/airflow/dags/dag_s3.py
[2025-09-16T12:08:27.587+0000] {processor.py:914} INFO - Processing file /opt/airflow/dags/dag_s3.py for tasks to queue
[2025-09-16T12:08:27.591+0000] {logging_mixin.py:190} INFO - [2025-09-16T12:08:27.591+0000] {dagbag.py:588} INFO - Filling up the DagBag from /opt/airflow/dags/dag_s3.py
[2025-09-16T12:08:27.632+0000] {processor.py:925} INFO - DAG(s) 'dag_s3' retrieved from /opt/airflow/dags/dag_s3.py
[2025-09-16T12:08:27.688+0000] {logging_mixin.py:190} INFO - [2025-09-16T12:08:27.688+0000] {dag.py:3239} INFO - Sync 1 DAGs
[2025-09-16T12:08:27.745+0000] {logging_mixin.py:190} INFO - [2025-09-16T12:08:27.744+0000] {dag.py:4180} INFO - Setting next_dagrun for dag_s3 to 2025-09-16 00:00:00+00:00, run_after=2025-09-17 00:00:00+00:00
[2025-09-16T12:08:27.780+0000] {processor.py:208} INFO - Processing /opt/airflow/dags/dag_s3.py took 0.204 seconds
[2025-09-16T12:08:57.885+0000] {processor.py:186} INFO - Started process (PID=1486) to work on /opt/airflow/dags/dag_s3.py
[2025-09-16T12:08:57.886+0000] {processor.py:914} INFO - Processing file /opt/airflow/dags/dag_s3.py for tasks to queue
[2025-09-16T12:08:57.891+0000] {logging_mixin.py:190} INFO - [2025-09-16T12:08:57.890+0000] {dagbag.py:588} INFO - Filling up the DagBag from /opt/airflow/dags/dag_s3.py
[2025-09-16T12:08:57.931+0000] {processor.py:925} INFO - DAG(s) 'dag_s3' retrieved from /opt/airflow/dags/dag_s3.py
[2025-09-16T12:08:57.980+0000] {logging_mixin.py:190} INFO - [2025-09-16T12:08:57.980+0000] {dag.py:3239} INFO - Sync 1 DAGs
[2025-09-16T12:08:58.032+0000] {logging_mixin.py:190} INFO - [2025-09-16T12:08:58.032+0000] {dag.py:4180} INFO - Setting next_dagrun for dag_s3 to 2025-09-16 00:00:00+00:00, run_after=2025-09-17 00:00:00+00:00
[2025-09-16T12:08:58.075+0000] {processor.py:208} INFO - Processing /opt/airflow/dags/dag_s3.py took 0.201 seconds
[2025-09-16T12:09:28.370+0000] {processor.py:186} INFO - Started process (PID=1512) to work on /opt/airflow/dags/dag_s3.py
[2025-09-16T12:09:28.372+0000] {processor.py:914} INFO - Processing file /opt/airflow/dags/dag_s3.py for tasks to queue
[2025-09-16T12:09:28.377+0000] {logging_mixin.py:190} INFO - [2025-09-16T12:09:28.376+0000] {dagbag.py:588} INFO - Filling up the DagBag from /opt/airflow/dags/dag_s3.py
[2025-09-16T12:09:28.419+0000] {processor.py:925} INFO - DAG(s) 'dag_s3' retrieved from /opt/airflow/dags/dag_s3.py
[2025-09-16T12:09:28.476+0000] {logging_mixin.py:190} INFO - [2025-09-16T12:09:28.475+0000] {dag.py:3239} INFO - Sync 1 DAGs
[2025-09-16T12:09:28.541+0000] {logging_mixin.py:190} INFO - [2025-09-16T12:09:28.541+0000] {dag.py:4180} INFO - Setting next_dagrun for dag_s3 to 2025-09-16 00:00:00+00:00, run_after=2025-09-17 00:00:00+00:00
[2025-09-16T12:09:28.578+0000] {processor.py:208} INFO - Processing /opt/airflow/dags/dag_s3.py took 0.218 seconds
[2025-09-16T12:09:58.812+0000] {processor.py:186} INFO - Started process (PID=1538) to work on /opt/airflow/dags/dag_s3.py
[2025-09-16T12:09:58.816+0000] {processor.py:914} INFO - Processing file /opt/airflow/dags/dag_s3.py for tasks to queue
[2025-09-16T12:09:58.821+0000] {logging_mixin.py:190} INFO - [2025-09-16T12:09:58.820+0000] {dagbag.py:588} INFO - Filling up the DagBag from /opt/airflow/dags/dag_s3.py
[2025-09-16T12:09:58.874+0000] {processor.py:925} INFO - DAG(s) 'dag_s3' retrieved from /opt/airflow/dags/dag_s3.py
[2025-09-16T12:09:58.922+0000] {logging_mixin.py:190} INFO - [2025-09-16T12:09:58.921+0000] {dag.py:3239} INFO - Sync 1 DAGs
[2025-09-16T12:09:58.983+0000] {logging_mixin.py:190} INFO - [2025-09-16T12:09:58.983+0000] {dag.py:4180} INFO - Setting next_dagrun for dag_s3 to 2025-09-16 00:00:00+00:00, run_after=2025-09-17 00:00:00+00:00
[2025-09-16T12:09:59.031+0000] {processor.py:208} INFO - Processing /opt/airflow/dags/dag_s3.py took 0.231 seconds
[2025-09-16T12:10:29.250+0000] {processor.py:186} INFO - Started process (PID=1564) to work on /opt/airflow/dags/dag_s3.py
[2025-09-16T12:10:29.258+0000] {processor.py:914} INFO - Processing file /opt/airflow/dags/dag_s3.py for tasks to queue
[2025-09-16T12:10:29.267+0000] {logging_mixin.py:190} INFO - [2025-09-16T12:10:29.266+0000] {dagbag.py:588} INFO - Filling up the DagBag from /opt/airflow/dags/dag_s3.py
[2025-09-16T12:10:29.318+0000] {processor.py:925} INFO - DAG(s) 'dag_s3' retrieved from /opt/airflow/dags/dag_s3.py
[2025-09-16T12:10:29.386+0000] {logging_mixin.py:190} INFO - [2025-09-16T12:10:29.385+0000] {dag.py:3239} INFO - Sync 1 DAGs
[2025-09-16T12:10:29.473+0000] {logging_mixin.py:190} INFO - [2025-09-16T12:10:29.473+0000] {dag.py:4180} INFO - Setting next_dagrun for dag_s3 to 2025-09-16 00:00:00+00:00, run_after=2025-09-17 00:00:00+00:00
[2025-09-16T12:10:29.525+0000] {processor.py:208} INFO - Processing /opt/airflow/dags/dag_s3.py took 0.293 seconds
[2025-09-16T12:10:59.701+0000] {processor.py:186} INFO - Started process (PID=1590) to work on /opt/airflow/dags/dag_s3.py
[2025-09-16T12:10:59.703+0000] {processor.py:914} INFO - Processing file /opt/airflow/dags/dag_s3.py for tasks to queue
[2025-09-16T12:10:59.709+0000] {logging_mixin.py:190} INFO - [2025-09-16T12:10:59.708+0000] {dagbag.py:588} INFO - Filling up the DagBag from /opt/airflow/dags/dag_s3.py
[2025-09-16T12:10:59.766+0000] {processor.py:925} INFO - DAG(s) 'dag_s3' retrieved from /opt/airflow/dags/dag_s3.py
[2025-09-16T12:10:59.825+0000] {logging_mixin.py:190} INFO - [2025-09-16T12:10:59.824+0000] {dag.py:3239} INFO - Sync 1 DAGs
[2025-09-16T12:10:59.899+0000] {logging_mixin.py:190} INFO - [2025-09-16T12:10:59.898+0000] {dag.py:4180} INFO - Setting next_dagrun for dag_s3 to 2025-09-16 00:00:00+00:00, run_after=2025-09-17 00:00:00+00:00
[2025-09-16T12:10:59.955+0000] {processor.py:208} INFO - Processing /opt/airflow/dags/dag_s3.py took 0.267 seconds
[2025-09-16T12:11:30.224+0000] {processor.py:186} INFO - Started process (PID=1616) to work on /opt/airflow/dags/dag_s3.py
[2025-09-16T12:11:30.227+0000] {processor.py:914} INFO - Processing file /opt/airflow/dags/dag_s3.py for tasks to queue
[2025-09-16T12:11:30.235+0000] {logging_mixin.py:190} INFO - [2025-09-16T12:11:30.234+0000] {dagbag.py:588} INFO - Filling up the DagBag from /opt/airflow/dags/dag_s3.py
[2025-09-16T12:11:30.307+0000] {processor.py:925} INFO - DAG(s) 'dag_s3' retrieved from /opt/airflow/dags/dag_s3.py
[2025-09-16T12:11:30.408+0000] {logging_mixin.py:190} INFO - [2025-09-16T12:11:30.407+0000] {dag.py:3239} INFO - Sync 1 DAGs
[2025-09-16T12:11:30.490+0000] {logging_mixin.py:190} INFO - [2025-09-16T12:11:30.490+0000] {dag.py:4180} INFO - Setting next_dagrun for dag_s3 to 2025-09-16 00:00:00+00:00, run_after=2025-09-17 00:00:00+00:00
[2025-09-16T12:11:30.532+0000] {processor.py:208} INFO - Processing /opt/airflow/dags/dag_s3.py took 0.332 seconds
[2025-09-16T12:12:01.569+0000] {processor.py:186} INFO - Started process (PID=1642) to work on /opt/airflow/dags/dag_s3.py
[2025-09-16T12:12:01.570+0000] {processor.py:914} INFO - Processing file /opt/airflow/dags/dag_s3.py for tasks to queue
[2025-09-16T12:12:01.575+0000] {logging_mixin.py:190} INFO - [2025-09-16T12:12:01.574+0000] {dagbag.py:588} INFO - Filling up the DagBag from /opt/airflow/dags/dag_s3.py
[2025-09-16T12:12:01.618+0000] {processor.py:925} INFO - DAG(s) 'dag_s3' retrieved from /opt/airflow/dags/dag_s3.py
[2025-09-16T12:12:01.669+0000] {logging_mixin.py:190} INFO - [2025-09-16T12:12:01.669+0000] {dag.py:3239} INFO - Sync 1 DAGs
[2025-09-16T12:12:01.734+0000] {logging_mixin.py:190} INFO - [2025-09-16T12:12:01.733+0000] {dag.py:4180} INFO - Setting next_dagrun for dag_s3 to 2025-09-16 00:00:00+00:00, run_after=2025-09-17 00:00:00+00:00
[2025-09-16T12:12:01.780+0000] {processor.py:208} INFO - Processing /opt/airflow/dags/dag_s3.py took 0.226 seconds
[2025-09-16T12:12:32.131+0000] {processor.py:186} INFO - Started process (PID=1675) to work on /opt/airflow/dags/dag_s3.py
[2025-09-16T12:12:32.133+0000] {processor.py:914} INFO - Processing file /opt/airflow/dags/dag_s3.py for tasks to queue
[2025-09-16T12:12:32.138+0000] {logging_mixin.py:190} INFO - [2025-09-16T12:12:32.137+0000] {dagbag.py:588} INFO - Filling up the DagBag from /opt/airflow/dags/dag_s3.py
[2025-09-16T12:12:32.179+0000] {processor.py:925} INFO - DAG(s) 'dag_s3' retrieved from /opt/airflow/dags/dag_s3.py
[2025-09-16T12:12:32.228+0000] {logging_mixin.py:190} INFO - [2025-09-16T12:12:32.227+0000] {dag.py:3239} INFO - Sync 1 DAGs
[2025-09-16T12:12:32.283+0000] {logging_mixin.py:190} INFO - [2025-09-16T12:12:32.282+0000] {dag.py:4180} INFO - Setting next_dagrun for dag_s3 to 2025-09-16 00:00:00+00:00, run_after=2025-09-17 00:00:00+00:00
[2025-09-16T12:12:32.325+0000] {processor.py:208} INFO - Processing /opt/airflow/dags/dag_s3.py took 0.204 seconds
[2025-09-16T12:13:02.441+0000] {processor.py:186} INFO - Started process (PID=1701) to work on /opt/airflow/dags/dag_s3.py
[2025-09-16T12:13:02.443+0000] {processor.py:914} INFO - Processing file /opt/airflow/dags/dag_s3.py for tasks to queue
[2025-09-16T12:13:02.447+0000] {logging_mixin.py:190} INFO - [2025-09-16T12:13:02.446+0000] {dagbag.py:588} INFO - Filling up the DagBag from /opt/airflow/dags/dag_s3.py
[2025-09-16T12:13:02.492+0000] {processor.py:925} INFO - DAG(s) 'dag_s3' retrieved from /opt/airflow/dags/dag_s3.py
[2025-09-16T12:13:02.541+0000] {logging_mixin.py:190} INFO - [2025-09-16T12:13:02.541+0000] {dag.py:3239} INFO - Sync 1 DAGs
[2025-09-16T12:13:02.601+0000] {logging_mixin.py:190} INFO - [2025-09-16T12:13:02.600+0000] {dag.py:4180} INFO - Setting next_dagrun for dag_s3 to 2025-09-16 00:00:00+00:00, run_after=2025-09-17 00:00:00+00:00
[2025-09-16T12:13:02.659+0000] {processor.py:208} INFO - Processing /opt/airflow/dags/dag_s3.py took 0.230 seconds
[2025-09-16T12:13:33.044+0000] {processor.py:186} INFO - Started process (PID=1727) to work on /opt/airflow/dags/dag_s3.py
[2025-09-16T12:13:33.045+0000] {processor.py:914} INFO - Processing file /opt/airflow/dags/dag_s3.py for tasks to queue
[2025-09-16T12:13:33.050+0000] {logging_mixin.py:190} INFO - [2025-09-16T12:13:33.049+0000] {dagbag.py:588} INFO - Filling up the DagBag from /opt/airflow/dags/dag_s3.py
[2025-09-16T12:13:33.090+0000] {processor.py:925} INFO - DAG(s) 'dag_s3' retrieved from /opt/airflow/dags/dag_s3.py
[2025-09-16T12:13:33.134+0000] {logging_mixin.py:190} INFO - [2025-09-16T12:13:33.133+0000] {dag.py:3239} INFO - Sync 1 DAGs
[2025-09-16T12:13:33.182+0000] {logging_mixin.py:190} INFO - [2025-09-16T12:13:33.181+0000] {dag.py:4180} INFO - Setting next_dagrun for dag_s3 to 2025-09-16 00:00:00+00:00, run_after=2025-09-17 00:00:00+00:00
[2025-09-16T12:13:33.219+0000] {processor.py:208} INFO - Processing /opt/airflow/dags/dag_s3.py took 0.187 seconds
[2025-09-16T12:14:03.546+0000] {processor.py:186} INFO - Started process (PID=1753) to work on /opt/airflow/dags/dag_s3.py
[2025-09-16T12:14:03.548+0000] {processor.py:914} INFO - Processing file /opt/airflow/dags/dag_s3.py for tasks to queue
[2025-09-16T12:14:03.554+0000] {logging_mixin.py:190} INFO - [2025-09-16T12:14:03.553+0000] {dagbag.py:588} INFO - Filling up the DagBag from /opt/airflow/dags/dag_s3.py
[2025-09-16T12:14:03.602+0000] {processor.py:925} INFO - DAG(s) 'dag_s3' retrieved from /opt/airflow/dags/dag_s3.py
[2025-09-16T12:14:03.650+0000] {logging_mixin.py:190} INFO - [2025-09-16T12:14:03.650+0000] {dag.py:3239} INFO - Sync 1 DAGs
[2025-09-16T12:14:03.710+0000] {logging_mixin.py:190} INFO - [2025-09-16T12:14:03.709+0000] {dag.py:4180} INFO - Setting next_dagrun for dag_s3 to 2025-09-16 00:00:00+00:00, run_after=2025-09-17 00:00:00+00:00
[2025-09-16T12:14:03.753+0000] {processor.py:208} INFO - Processing /opt/airflow/dags/dag_s3.py took 0.217 seconds
[2025-09-16T12:14:34.423+0000] {processor.py:186} INFO - Started process (PID=1779) to work on /opt/airflow/dags/dag_s3.py
[2025-09-16T12:14:34.425+0000] {processor.py:914} INFO - Processing file /opt/airflow/dags/dag_s3.py for tasks to queue
[2025-09-16T12:14:34.436+0000] {logging_mixin.py:190} INFO - [2025-09-16T12:14:34.435+0000] {dagbag.py:588} INFO - Filling up the DagBag from /opt/airflow/dags/dag_s3.py
[2025-09-16T12:14:34.509+0000] {processor.py:925} INFO - DAG(s) 'dag_s3' retrieved from /opt/airflow/dags/dag_s3.py
[2025-09-16T12:14:34.568+0000] {logging_mixin.py:190} INFO - [2025-09-16T12:14:34.568+0000] {dag.py:3239} INFO - Sync 1 DAGs
[2025-09-16T12:14:34.644+0000] {logging_mixin.py:190} INFO - [2025-09-16T12:14:34.643+0000] {dag.py:4180} INFO - Setting next_dagrun for dag_s3 to 2025-09-16 00:00:00+00:00, run_after=2025-09-17 00:00:00+00:00
[2025-09-16T12:14:34.689+0000] {processor.py:208} INFO - Processing /opt/airflow/dags/dag_s3.py took 0.286 seconds
[2025-09-16T12:15:04.819+0000] {processor.py:186} INFO - Started process (PID=1806) to work on /opt/airflow/dags/dag_s3.py
[2025-09-16T12:15:04.821+0000] {processor.py:914} INFO - Processing file /opt/airflow/dags/dag_s3.py for tasks to queue
[2025-09-16T12:15:04.825+0000] {logging_mixin.py:190} INFO - [2025-09-16T12:15:04.824+0000] {dagbag.py:588} INFO - Filling up the DagBag from /opt/airflow/dags/dag_s3.py
[2025-09-16T12:15:04.873+0000] {processor.py:925} INFO - DAG(s) 'dag_s3' retrieved from /opt/airflow/dags/dag_s3.py
[2025-09-16T12:15:04.923+0000] {logging_mixin.py:190} INFO - [2025-09-16T12:15:04.922+0000] {dag.py:3239} INFO - Sync 1 DAGs
[2025-09-16T12:15:04.985+0000] {logging_mixin.py:190} INFO - [2025-09-16T12:15:04.984+0000] {dag.py:4180} INFO - Setting next_dagrun for dag_s3 to 2025-09-16 00:00:00+00:00, run_after=2025-09-17 00:00:00+00:00
[2025-09-16T12:15:05.026+0000] {processor.py:208} INFO - Processing /opt/airflow/dags/dag_s3.py took 0.223 seconds
[2025-09-16T12:15:35.286+0000] {processor.py:186} INFO - Started process (PID=1832) to work on /opt/airflow/dags/dag_s3.py
[2025-09-16T12:15:35.288+0000] {processor.py:914} INFO - Processing file /opt/airflow/dags/dag_s3.py for tasks to queue
[2025-09-16T12:15:35.293+0000] {logging_mixin.py:190} INFO - [2025-09-16T12:15:35.291+0000] {dagbag.py:588} INFO - Filling up the DagBag from /opt/airflow/dags/dag_s3.py
[2025-09-16T12:15:35.334+0000] {processor.py:925} INFO - DAG(s) 'dag_s3' retrieved from /opt/airflow/dags/dag_s3.py
[2025-09-16T12:15:35.384+0000] {logging_mixin.py:190} INFO - [2025-09-16T12:15:35.384+0000] {dag.py:3239} INFO - Sync 1 DAGs
[2025-09-16T12:15:35.434+0000] {logging_mixin.py:190} INFO - [2025-09-16T12:15:35.433+0000] {dag.py:4180} INFO - Setting next_dagrun for dag_s3 to 2025-09-16 00:00:00+00:00, run_after=2025-09-17 00:00:00+00:00
[2025-09-16T12:15:35.473+0000] {processor.py:208} INFO - Processing /opt/airflow/dags/dag_s3.py took 0.201 seconds
[2025-09-16T12:16:05.591+0000] {processor.py:186} INFO - Started process (PID=1858) to work on /opt/airflow/dags/dag_s3.py
[2025-09-16T12:16:05.593+0000] {processor.py:914} INFO - Processing file /opt/airflow/dags/dag_s3.py for tasks to queue
[2025-09-16T12:16:05.597+0000] {logging_mixin.py:190} INFO - [2025-09-16T12:16:05.596+0000] {dagbag.py:588} INFO - Filling up the DagBag from /opt/airflow/dags/dag_s3.py
[2025-09-16T12:16:05.634+0000] {processor.py:925} INFO - DAG(s) 'dag_s3' retrieved from /opt/airflow/dags/dag_s3.py
[2025-09-16T12:16:05.683+0000] {logging_mixin.py:190} INFO - [2025-09-16T12:16:05.683+0000] {dag.py:3239} INFO - Sync 1 DAGs
[2025-09-16T12:16:05.735+0000] {logging_mixin.py:190} INFO - [2025-09-16T12:16:05.734+0000] {dag.py:4180} INFO - Setting next_dagrun for dag_s3 to 2025-09-16 00:00:00+00:00, run_after=2025-09-17 00:00:00+00:00
[2025-09-16T12:16:05.795+0000] {processor.py:208} INFO - Processing /opt/airflow/dags/dag_s3.py took 0.213 seconds
[2025-09-16T12:16:36.086+0000] {processor.py:186} INFO - Started process (PID=1885) to work on /opt/airflow/dags/dag_s3.py
[2025-09-16T12:16:36.089+0000] {processor.py:914} INFO - Processing file /opt/airflow/dags/dag_s3.py for tasks to queue
[2025-09-16T12:16:36.093+0000] {logging_mixin.py:190} INFO - [2025-09-16T12:16:36.092+0000] {dagbag.py:588} INFO - Filling up the DagBag from /opt/airflow/dags/dag_s3.py
[2025-09-16T12:16:36.181+0000] {processor.py:925} INFO - DAG(s) 'dag_s3' retrieved from /opt/airflow/dags/dag_s3.py
[2025-09-16T12:16:36.268+0000] {logging_mixin.py:190} INFO - [2025-09-16T12:16:36.267+0000] {dag.py:3239} INFO - Sync 1 DAGs
[2025-09-16T12:16:36.367+0000] {logging_mixin.py:190} INFO - [2025-09-16T12:16:36.366+0000] {dag.py:4180} INFO - Setting next_dagrun for dag_s3 to 2025-09-16 00:00:00+00:00, run_after=2025-09-17 00:00:00+00:00
[2025-09-16T12:16:36.436+0000] {processor.py:208} INFO - Processing /opt/airflow/dags/dag_s3.py took 0.384 seconds
[2025-09-16T12:17:06.612+0000] {processor.py:186} INFO - Started process (PID=1911) to work on /opt/airflow/dags/dag_s3.py
[2025-09-16T12:17:06.614+0000] {processor.py:914} INFO - Processing file /opt/airflow/dags/dag_s3.py for tasks to queue
[2025-09-16T12:17:06.619+0000] {logging_mixin.py:190} INFO - [2025-09-16T12:17:06.618+0000] {dagbag.py:588} INFO - Filling up the DagBag from /opt/airflow/dags/dag_s3.py
[2025-09-16T12:17:06.658+0000] {processor.py:925} INFO - DAG(s) 'dag_s3' retrieved from /opt/airflow/dags/dag_s3.py
[2025-09-16T12:17:06.708+0000] {logging_mixin.py:190} INFO - [2025-09-16T12:17:06.707+0000] {dag.py:3239} INFO - Sync 1 DAGs
[2025-09-16T12:17:06.769+0000] {logging_mixin.py:190} INFO - [2025-09-16T12:17:06.768+0000] {dag.py:4180} INFO - Setting next_dagrun for dag_s3 to 2025-09-16 00:00:00+00:00, run_after=2025-09-17 00:00:00+00:00
[2025-09-16T12:17:06.823+0000] {processor.py:208} INFO - Processing /opt/airflow/dags/dag_s3.py took 0.221 seconds
[2025-09-16T12:17:37.076+0000] {processor.py:186} INFO - Started process (PID=1938) to work on /opt/airflow/dags/dag_s3.py
[2025-09-16T12:17:37.077+0000] {processor.py:914} INFO - Processing file /opt/airflow/dags/dag_s3.py for tasks to queue
[2025-09-16T12:17:37.082+0000] {logging_mixin.py:190} INFO - [2025-09-16T12:17:37.081+0000] {dagbag.py:588} INFO - Filling up the DagBag from /opt/airflow/dags/dag_s3.py
[2025-09-16T12:17:37.117+0000] {processor.py:925} INFO - DAG(s) 'dag_s3' retrieved from /opt/airflow/dags/dag_s3.py
[2025-09-16T12:17:37.156+0000] {logging_mixin.py:190} INFO - [2025-09-16T12:17:37.155+0000] {dag.py:3239} INFO - Sync 1 DAGs
[2025-09-16T12:17:37.202+0000] {logging_mixin.py:190} INFO - [2025-09-16T12:17:37.202+0000] {dag.py:4180} INFO - Setting next_dagrun for dag_s3 to 2025-09-16 00:00:00+00:00, run_after=2025-09-17 00:00:00+00:00
[2025-09-16T12:17:37.239+0000] {processor.py:208} INFO - Processing /opt/airflow/dags/dag_s3.py took 0.173 seconds
[2025-09-16T12:18:07.339+0000] {processor.py:186} INFO - Started process (PID=1964) to work on /opt/airflow/dags/dag_s3.py
[2025-09-16T12:18:07.340+0000] {processor.py:914} INFO - Processing file /opt/airflow/dags/dag_s3.py for tasks to queue
[2025-09-16T12:18:07.344+0000] {logging_mixin.py:190} INFO - [2025-09-16T12:18:07.343+0000] {dagbag.py:588} INFO - Filling up the DagBag from /opt/airflow/dags/dag_s3.py
[2025-09-16T12:18:07.382+0000] {processor.py:925} INFO - DAG(s) 'dag_s3' retrieved from /opt/airflow/dags/dag_s3.py
[2025-09-16T12:18:07.427+0000] {logging_mixin.py:190} INFO - [2025-09-16T12:18:07.427+0000] {dag.py:3239} INFO - Sync 1 DAGs
[2025-09-16T12:18:07.481+0000] {logging_mixin.py:190} INFO - [2025-09-16T12:18:07.481+0000] {dag.py:4180} INFO - Setting next_dagrun for dag_s3 to 2025-09-16 00:00:00+00:00, run_after=2025-09-17 00:00:00+00:00
[2025-09-16T12:18:07.518+0000] {processor.py:208} INFO - Processing /opt/airflow/dags/dag_s3.py took 0.191 seconds
[2025-09-16T12:18:38.379+0000] {processor.py:186} INFO - Started process (PID=1997) to work on /opt/airflow/dags/dag_s3.py
[2025-09-16T12:18:38.382+0000] {processor.py:914} INFO - Processing file /opt/airflow/dags/dag_s3.py for tasks to queue
[2025-09-16T12:18:38.385+0000] {logging_mixin.py:190} INFO - [2025-09-16T12:18:38.385+0000] {dagbag.py:588} INFO - Filling up the DagBag from /opt/airflow/dags/dag_s3.py
[2025-09-16T12:18:38.422+0000] {processor.py:925} INFO - DAG(s) 'dag_s3' retrieved from /opt/airflow/dags/dag_s3.py
[2025-09-16T12:18:38.458+0000] {logging_mixin.py:190} INFO - [2025-09-16T12:18:38.457+0000] {dag.py:3239} INFO - Sync 1 DAGs
[2025-09-16T12:18:38.503+0000] {logging_mixin.py:190} INFO - [2025-09-16T12:18:38.503+0000] {dag.py:4180} INFO - Setting next_dagrun for dag_s3 to 2025-09-16 00:00:00+00:00, run_after=2025-09-17 00:00:00+00:00
[2025-09-16T12:18:38.542+0000] {processor.py:208} INFO - Processing /opt/airflow/dags/dag_s3.py took 0.173 seconds
[2025-09-16T12:19:09.401+0000] {processor.py:186} INFO - Started process (PID=2023) to work on /opt/airflow/dags/dag_s3.py
[2025-09-16T12:19:09.404+0000] {processor.py:914} INFO - Processing file /opt/airflow/dags/dag_s3.py for tasks to queue
[2025-09-16T12:19:09.411+0000] {logging_mixin.py:190} INFO - [2025-09-16T12:19:09.411+0000] {dagbag.py:588} INFO - Filling up the DagBag from /opt/airflow/dags/dag_s3.py
[2025-09-16T12:19:09.474+0000] {processor.py:925} INFO - DAG(s) 'dag_s3' retrieved from /opt/airflow/dags/dag_s3.py
[2025-09-16T12:19:09.535+0000] {logging_mixin.py:190} INFO - [2025-09-16T12:19:09.534+0000] {dag.py:3239} INFO - Sync 1 DAGs
[2025-09-16T12:19:09.594+0000] {logging_mixin.py:190} INFO - [2025-09-16T12:19:09.594+0000] {dag.py:4180} INFO - Setting next_dagrun for dag_s3 to 2025-09-16 00:00:00+00:00, run_after=2025-09-17 00:00:00+00:00
[2025-09-16T12:19:09.635+0000] {processor.py:208} INFO - Processing /opt/airflow/dags/dag_s3.py took 0.253 seconds
[2025-09-16T12:19:40.485+0000] {processor.py:186} INFO - Started process (PID=2050) to work on /opt/airflow/dags/dag_s3.py
[2025-09-16T12:19:40.486+0000] {processor.py:914} INFO - Processing file /opt/airflow/dags/dag_s3.py for tasks to queue
[2025-09-16T12:19:40.490+0000] {logging_mixin.py:190} INFO - [2025-09-16T12:19:40.489+0000] {dagbag.py:588} INFO - Filling up the DagBag from /opt/airflow/dags/dag_s3.py
[2025-09-16T12:19:40.526+0000] {processor.py:925} INFO - DAG(s) 'dag_s3' retrieved from /opt/airflow/dags/dag_s3.py
[2025-09-16T12:19:40.570+0000] {logging_mixin.py:190} INFO - [2025-09-16T12:19:40.569+0000] {dag.py:3239} INFO - Sync 1 DAGs
[2025-09-16T12:19:40.621+0000] {logging_mixin.py:190} INFO - [2025-09-16T12:19:40.620+0000] {dag.py:4180} INFO - Setting next_dagrun for dag_s3 to 2025-09-16 00:00:00+00:00, run_after=2025-09-17 00:00:00+00:00
[2025-09-16T12:19:40.660+0000] {processor.py:208} INFO - Processing /opt/airflow/dags/dag_s3.py took 0.189 seconds
[2025-09-16T12:20:11.009+0000] {processor.py:186} INFO - Started process (PID=2076) to work on /opt/airflow/dags/dag_s3.py
[2025-09-16T12:20:11.011+0000] {processor.py:914} INFO - Processing file /opt/airflow/dags/dag_s3.py for tasks to queue
[2025-09-16T12:20:11.017+0000] {logging_mixin.py:190} INFO - [2025-09-16T12:20:11.016+0000] {dagbag.py:588} INFO - Filling up the DagBag from /opt/airflow/dags/dag_s3.py
[2025-09-16T12:20:11.061+0000] {processor.py:925} INFO - DAG(s) 'dag_s3' retrieved from /opt/airflow/dags/dag_s3.py
[2025-09-16T12:20:11.111+0000] {logging_mixin.py:190} INFO - [2025-09-16T12:20:11.110+0000] {dag.py:3239} INFO - Sync 1 DAGs
[2025-09-16T12:20:11.179+0000] {logging_mixin.py:190} INFO - [2025-09-16T12:20:11.178+0000] {dag.py:4180} INFO - Setting next_dagrun for dag_s3 to 2025-09-16 00:00:00+00:00, run_after=2025-09-17 00:00:00+00:00
[2025-09-16T12:20:11.225+0000] {processor.py:208} INFO - Processing /opt/airflow/dags/dag_s3.py took 0.230 seconds
[2025-09-16T12:20:41.903+0000] {processor.py:186} INFO - Started process (PID=2102) to work on /opt/airflow/dags/dag_s3.py
[2025-09-16T12:20:41.906+0000] {processor.py:914} INFO - Processing file /opt/airflow/dags/dag_s3.py for tasks to queue
[2025-09-16T12:20:41.914+0000] {logging_mixin.py:190} INFO - [2025-09-16T12:20:41.913+0000] {dagbag.py:588} INFO - Filling up the DagBag from /opt/airflow/dags/dag_s3.py
[2025-09-16T12:20:41.957+0000] {processor.py:925} INFO - DAG(s) 'dag_s3' retrieved from /opt/airflow/dags/dag_s3.py
[2025-09-16T12:20:42.019+0000] {logging_mixin.py:190} INFO - [2025-09-16T12:20:42.018+0000] {dag.py:3239} INFO - Sync 1 DAGs
[2025-09-16T12:20:42.082+0000] {logging_mixin.py:190} INFO - [2025-09-16T12:20:42.081+0000] {dag.py:4180} INFO - Setting next_dagrun for dag_s3 to 2025-09-16 00:00:00+00:00, run_after=2025-09-17 00:00:00+00:00
[2025-09-16T12:20:42.135+0000] {processor.py:208} INFO - Processing /opt/airflow/dags/dag_s3.py took 0.248 seconds
[2025-09-16T12:21:12.570+0000] {processor.py:186} INFO - Started process (PID=2128) to work on /opt/airflow/dags/dag_s3.py
[2025-09-16T12:21:12.571+0000] {processor.py:914} INFO - Processing file /opt/airflow/dags/dag_s3.py for tasks to queue
[2025-09-16T12:21:12.575+0000] {logging_mixin.py:190} INFO - [2025-09-16T12:21:12.574+0000] {dagbag.py:588} INFO - Filling up the DagBag from /opt/airflow/dags/dag_s3.py
[2025-09-16T12:21:12.620+0000] {processor.py:925} INFO - DAG(s) 'dag_s3' retrieved from /opt/airflow/dags/dag_s3.py
[2025-09-16T12:21:12.672+0000] {logging_mixin.py:190} INFO - [2025-09-16T12:21:12.671+0000] {dag.py:3239} INFO - Sync 1 DAGs
[2025-09-16T12:21:12.723+0000] {logging_mixin.py:190} INFO - [2025-09-16T12:21:12.722+0000] {dag.py:4180} INFO - Setting next_dagrun for dag_s3 to 2025-09-16 00:00:00+00:00, run_after=2025-09-17 00:00:00+00:00
[2025-09-16T12:21:12.761+0000] {processor.py:208} INFO - Processing /opt/airflow/dags/dag_s3.py took 0.203 seconds
[2025-09-16T12:21:43.290+0000] {processor.py:186} INFO - Started process (PID=2154) to work on /opt/airflow/dags/dag_s3.py
[2025-09-16T12:21:43.292+0000] {processor.py:914} INFO - Processing file /opt/airflow/dags/dag_s3.py for tasks to queue
[2025-09-16T12:21:43.299+0000] {logging_mixin.py:190} INFO - [2025-09-16T12:21:43.299+0000] {dagbag.py:588} INFO - Filling up the DagBag from /opt/airflow/dags/dag_s3.py
[2025-09-16T12:21:43.344+0000] {processor.py:925} INFO - DAG(s) 'dag_s3' retrieved from /opt/airflow/dags/dag_s3.py
[2025-09-16T12:21:43.419+0000] {logging_mixin.py:190} INFO - [2025-09-16T12:21:43.418+0000] {dag.py:3239} INFO - Sync 1 DAGs
[2025-09-16T12:21:43.492+0000] {logging_mixin.py:190} INFO - [2025-09-16T12:21:43.491+0000] {dag.py:4180} INFO - Setting next_dagrun for dag_s3 to 2025-09-16 00:00:00+00:00, run_after=2025-09-17 00:00:00+00:00
[2025-09-16T12:21:43.538+0000] {processor.py:208} INFO - Processing /opt/airflow/dags/dag_s3.py took 0.262 seconds
[2025-09-16T12:22:13.994+0000] {processor.py:186} INFO - Started process (PID=2180) to work on /opt/airflow/dags/dag_s3.py
[2025-09-16T12:22:13.996+0000] {processor.py:914} INFO - Processing file /opt/airflow/dags/dag_s3.py for tasks to queue
[2025-09-16T12:22:14.002+0000] {logging_mixin.py:190} INFO - [2025-09-16T12:22:14.001+0000] {dagbag.py:588} INFO - Filling up the DagBag from /opt/airflow/dags/dag_s3.py
[2025-09-16T12:22:14.046+0000] {processor.py:925} INFO - DAG(s) 'dag_s3' retrieved from /opt/airflow/dags/dag_s3.py
[2025-09-16T12:22:14.095+0000] {logging_mixin.py:190} INFO - [2025-09-16T12:22:14.095+0000] {dag.py:3239} INFO - Sync 1 DAGs
[2025-09-16T12:22:14.156+0000] {logging_mixin.py:190} INFO - [2025-09-16T12:22:14.156+0000] {dag.py:4180} INFO - Setting next_dagrun for dag_s3 to 2025-09-16 00:00:00+00:00, run_after=2025-09-17 00:00:00+00:00
[2025-09-16T12:22:14.208+0000] {processor.py:208} INFO - Processing /opt/airflow/dags/dag_s3.py took 0.229 seconds
[2025-09-16T12:22:44.323+0000] {processor.py:186} INFO - Started process (PID=2207) to work on /opt/airflow/dags/dag_s3.py
[2025-09-16T12:22:44.326+0000] {processor.py:914} INFO - Processing file /opt/airflow/dags/dag_s3.py for tasks to queue
[2025-09-16T12:22:44.334+0000] {logging_mixin.py:190} INFO - [2025-09-16T12:22:44.333+0000] {dagbag.py:588} INFO - Filling up the DagBag from /opt/airflow/dags/dag_s3.py
[2025-09-16T12:22:44.380+0000] {processor.py:925} INFO - DAG(s) 'dag_s3' retrieved from /opt/airflow/dags/dag_s3.py
[2025-09-16T12:22:44.432+0000] {logging_mixin.py:190} INFO - [2025-09-16T12:22:44.431+0000] {dag.py:3239} INFO - Sync 1 DAGs
[2025-09-16T12:22:44.493+0000] {logging_mixin.py:190} INFO - [2025-09-16T12:22:44.492+0000] {dag.py:4180} INFO - Setting next_dagrun for dag_s3 to 2025-09-16 00:00:00+00:00, run_after=2025-09-17 00:00:00+00:00
[2025-09-16T12:22:44.547+0000] {processor.py:208} INFO - Processing /opt/airflow/dags/dag_s3.py took 0.240 seconds
[2025-09-16T12:23:15.329+0000] {processor.py:186} INFO - Started process (PID=2234) to work on /opt/airflow/dags/dag_s3.py
[2025-09-16T12:23:15.330+0000] {processor.py:914} INFO - Processing file /opt/airflow/dags/dag_s3.py for tasks to queue
[2025-09-16T12:23:15.335+0000] {logging_mixin.py:190} INFO - [2025-09-16T12:23:15.334+0000] {dagbag.py:588} INFO - Filling up the DagBag from /opt/airflow/dags/dag_s3.py
[2025-09-16T12:23:15.376+0000] {processor.py:925} INFO - DAG(s) 'dag_s3' retrieved from /opt/airflow/dags/dag_s3.py
[2025-09-16T12:23:15.423+0000] {logging_mixin.py:190} INFO - [2025-09-16T12:23:15.422+0000] {dag.py:3239} INFO - Sync 1 DAGs
[2025-09-16T12:23:15.480+0000] {logging_mixin.py:190} INFO - [2025-09-16T12:23:15.480+0000] {dag.py:4180} INFO - Setting next_dagrun for dag_s3 to 2025-09-16 00:00:00+00:00, run_after=2025-09-17 00:00:00+00:00
[2025-09-16T12:23:15.533+0000] {processor.py:208} INFO - Processing /opt/airflow/dags/dag_s3.py took 0.217 seconds
[2025-09-16T12:23:46.115+0000] {processor.py:186} INFO - Started process (PID=2266) to work on /opt/airflow/dags/dag_s3.py
[2025-09-16T12:23:46.117+0000] {processor.py:914} INFO - Processing file /opt/airflow/dags/dag_s3.py for tasks to queue
[2025-09-16T12:23:46.121+0000] {logging_mixin.py:190} INFO - [2025-09-16T12:23:46.121+0000] {dagbag.py:588} INFO - Filling up the DagBag from /opt/airflow/dags/dag_s3.py
[2025-09-16T12:23:46.163+0000] {processor.py:925} INFO - DAG(s) 'dag_s3' retrieved from /opt/airflow/dags/dag_s3.py
[2025-09-16T12:23:46.211+0000] {logging_mixin.py:190} INFO - [2025-09-16T12:23:46.211+0000] {dag.py:3239} INFO - Sync 1 DAGs
[2025-09-16T12:23:46.268+0000] {logging_mixin.py:190} INFO - [2025-09-16T12:23:46.268+0000] {dag.py:4180} INFO - Setting next_dagrun for dag_s3 to 2025-09-16 00:00:00+00:00, run_after=2025-09-17 00:00:00+00:00
[2025-09-16T12:23:46.323+0000] {processor.py:208} INFO - Processing /opt/airflow/dags/dag_s3.py took 0.220 seconds
[2025-09-16T12:24:17.183+0000] {processor.py:186} INFO - Started process (PID=2292) to work on /opt/airflow/dags/dag_s3.py
[2025-09-16T12:24:17.185+0000] {processor.py:914} INFO - Processing file /opt/airflow/dags/dag_s3.py for tasks to queue
[2025-09-16T12:24:17.198+0000] {logging_mixin.py:190} INFO - [2025-09-16T12:24:17.196+0000] {dagbag.py:588} INFO - Filling up the DagBag from /opt/airflow/dags/dag_s3.py
[2025-09-16T12:24:17.279+0000] {processor.py:925} INFO - DAG(s) 'dag_s3' retrieved from /opt/airflow/dags/dag_s3.py
[2025-09-16T12:24:17.332+0000] {logging_mixin.py:190} INFO - [2025-09-16T12:24:17.332+0000] {dag.py:3239} INFO - Sync 1 DAGs
[2025-09-16T12:24:17.385+0000] {logging_mixin.py:190} INFO - [2025-09-16T12:24:17.385+0000] {dag.py:4180} INFO - Setting next_dagrun for dag_s3 to 2025-09-16 00:00:00+00:00, run_after=2025-09-17 00:00:00+00:00
[2025-09-16T12:24:17.425+0000] {processor.py:208} INFO - Processing /opt/airflow/dags/dag_s3.py took 0.255 seconds
[2025-09-16T12:24:47.955+0000] {processor.py:186} INFO - Started process (PID=2318) to work on /opt/airflow/dags/dag_s3.py
[2025-09-16T12:24:47.957+0000] {processor.py:914} INFO - Processing file /opt/airflow/dags/dag_s3.py for tasks to queue
[2025-09-16T12:24:47.963+0000] {logging_mixin.py:190} INFO - [2025-09-16T12:24:47.962+0000] {dagbag.py:588} INFO - Filling up the DagBag from /opt/airflow/dags/dag_s3.py
[2025-09-16T12:24:48.003+0000] {processor.py:925} INFO - DAG(s) 'dag_s3' retrieved from /opt/airflow/dags/dag_s3.py
[2025-09-16T12:24:48.046+0000] {logging_mixin.py:190} INFO - [2025-09-16T12:24:48.046+0000] {dag.py:3239} INFO - Sync 1 DAGs
[2025-09-16T12:24:48.097+0000] {logging_mixin.py:190} INFO - [2025-09-16T12:24:48.096+0000] {dag.py:4180} INFO - Setting next_dagrun for dag_s3 to 2025-09-16 00:00:00+00:00, run_after=2025-09-17 00:00:00+00:00
[2025-09-16T12:24:48.136+0000] {processor.py:208} INFO - Processing /opt/airflow/dags/dag_s3.py took 0.193 seconds
[2025-09-16T12:25:19.014+0000] {processor.py:186} INFO - Started process (PID=2344) to work on /opt/airflow/dags/dag_s3.py
[2025-09-16T12:25:19.016+0000] {processor.py:914} INFO - Processing file /opt/airflow/dags/dag_s3.py for tasks to queue
[2025-09-16T12:25:19.020+0000] {logging_mixin.py:190} INFO - [2025-09-16T12:25:19.019+0000] {dagbag.py:588} INFO - Filling up the DagBag from /opt/airflow/dags/dag_s3.py
[2025-09-16T12:25:19.055+0000] {processor.py:925} INFO - DAG(s) 'dag_s3' retrieved from /opt/airflow/dags/dag_s3.py
[2025-09-16T12:25:19.096+0000] {logging_mixin.py:190} INFO - [2025-09-16T12:25:19.096+0000] {dag.py:3239} INFO - Sync 1 DAGs
[2025-09-16T12:25:19.162+0000] {logging_mixin.py:190} INFO - [2025-09-16T12:25:19.161+0000] {dag.py:4180} INFO - Setting next_dagrun for dag_s3 to 2025-09-16 00:00:00+00:00, run_after=2025-09-17 00:00:00+00:00
[2025-09-16T12:25:19.194+0000] {processor.py:208} INFO - Processing /opt/airflow/dags/dag_s3.py took 0.190 seconds
[2025-09-16T12:25:50.060+0000] {processor.py:186} INFO - Started process (PID=2370) to work on /opt/airflow/dags/dag_s3.py
[2025-09-16T12:25:50.063+0000] {processor.py:914} INFO - Processing file /opt/airflow/dags/dag_s3.py for tasks to queue
[2025-09-16T12:25:50.068+0000] {logging_mixin.py:190} INFO - [2025-09-16T12:25:50.067+0000] {dagbag.py:588} INFO - Filling up the DagBag from /opt/airflow/dags/dag_s3.py
[2025-09-16T12:25:50.105+0000] {processor.py:925} INFO - DAG(s) 'dag_s3' retrieved from /opt/airflow/dags/dag_s3.py
[2025-09-16T12:25:50.146+0000] {logging_mixin.py:190} INFO - [2025-09-16T12:25:50.145+0000] {dag.py:3239} INFO - Sync 1 DAGs
[2025-09-16T12:25:50.192+0000] {logging_mixin.py:190} INFO - [2025-09-16T12:25:50.192+0000] {dag.py:4180} INFO - Setting next_dagrun for dag_s3 to 2025-09-16 00:00:00+00:00, run_after=2025-09-17 00:00:00+00:00
[2025-09-16T12:25:50.226+0000] {processor.py:208} INFO - Processing /opt/airflow/dags/dag_s3.py took 0.176 seconds
[2025-09-16T12:26:20.436+0000] {processor.py:186} INFO - Started process (PID=2397) to work on /opt/airflow/dags/dag_s3.py
[2025-09-16T12:26:20.438+0000] {processor.py:914} INFO - Processing file /opt/airflow/dags/dag_s3.py for tasks to queue
[2025-09-16T12:26:20.442+0000] {logging_mixin.py:190} INFO - [2025-09-16T12:26:20.441+0000] {dagbag.py:588} INFO - Filling up the DagBag from /opt/airflow/dags/dag_s3.py
[2025-09-16T12:26:20.486+0000] {processor.py:925} INFO - DAG(s) 'dag_s3' retrieved from /opt/airflow/dags/dag_s3.py
[2025-09-16T12:26:20.535+0000] {logging_mixin.py:190} INFO - [2025-09-16T12:26:20.535+0000] {dag.py:3239} INFO - Sync 1 DAGs
[2025-09-16T12:26:20.600+0000] {logging_mixin.py:190} INFO - [2025-09-16T12:26:20.599+0000] {dag.py:4180} INFO - Setting next_dagrun for dag_s3 to 2025-09-16 00:00:00+00:00, run_after=2025-09-17 00:00:00+00:00
[2025-09-16T12:26:20.643+0000] {processor.py:208} INFO - Processing /opt/airflow/dags/dag_s3.py took 0.222 seconds
[2025-09-16T12:26:51.473+0000] {processor.py:186} INFO - Started process (PID=2423) to work on /opt/airflow/dags/dag_s3.py
[2025-09-16T12:26:51.479+0000] {processor.py:914} INFO - Processing file /opt/airflow/dags/dag_s3.py for tasks to queue
[2025-09-16T12:26:51.491+0000] {logging_mixin.py:190} INFO - [2025-09-16T12:26:51.490+0000] {dagbag.py:588} INFO - Filling up the DagBag from /opt/airflow/dags/dag_s3.py
[2025-09-16T12:26:51.585+0000] {processor.py:925} INFO - DAG(s) 'dag_s3' retrieved from /opt/airflow/dags/dag_s3.py
[2025-09-16T12:26:51.665+0000] {logging_mixin.py:190} INFO - [2025-09-16T12:26:51.664+0000] {dag.py:3239} INFO - Sync 1 DAGs
[2025-09-16T12:26:51.750+0000] {logging_mixin.py:190} INFO - [2025-09-16T12:26:51.749+0000] {dag.py:4180} INFO - Setting next_dagrun for dag_s3 to 2025-09-16 00:00:00+00:00, run_after=2025-09-17 00:00:00+00:00
[2025-09-16T12:26:51.816+0000] {processor.py:208} INFO - Processing /opt/airflow/dags/dag_s3.py took 0.357 seconds
[2025-09-16T12:27:22.183+0000] {processor.py:186} INFO - Started process (PID=2449) to work on /opt/airflow/dags/dag_s3.py
[2025-09-16T12:27:22.185+0000] {processor.py:914} INFO - Processing file /opt/airflow/dags/dag_s3.py for tasks to queue
[2025-09-16T12:27:22.190+0000] {logging_mixin.py:190} INFO - [2025-09-16T12:27:22.189+0000] {dagbag.py:588} INFO - Filling up the DagBag from /opt/airflow/dags/dag_s3.py
[2025-09-16T12:27:22.231+0000] {processor.py:925} INFO - DAG(s) 'dag_s3' retrieved from /opt/airflow/dags/dag_s3.py
[2025-09-16T12:27:22.277+0000] {logging_mixin.py:190} INFO - [2025-09-16T12:27:22.276+0000] {dag.py:3239} INFO - Sync 1 DAGs
[2025-09-16T12:27:22.346+0000] {logging_mixin.py:190} INFO - [2025-09-16T12:27:22.345+0000] {dag.py:4180} INFO - Setting next_dagrun for dag_s3 to 2025-09-16 00:00:00+00:00, run_after=2025-09-17 00:00:00+00:00
[2025-09-16T12:27:22.413+0000] {processor.py:208} INFO - Processing /opt/airflow/dags/dag_s3.py took 0.239 seconds
[2025-09-16T12:27:53.076+0000] {processor.py:186} INFO - Started process (PID=2475) to work on /opt/airflow/dags/dag_s3.py
[2025-09-16T12:27:53.078+0000] {processor.py:914} INFO - Processing file /opt/airflow/dags/dag_s3.py for tasks to queue
[2025-09-16T12:27:53.082+0000] {logging_mixin.py:190} INFO - [2025-09-16T12:27:53.081+0000] {dagbag.py:588} INFO - Filling up the DagBag from /opt/airflow/dags/dag_s3.py
[2025-09-16T12:27:53.119+0000] {processor.py:925} INFO - DAG(s) 'dag_s3' retrieved from /opt/airflow/dags/dag_s3.py
[2025-09-16T12:27:53.161+0000] {logging_mixin.py:190} INFO - [2025-09-16T12:27:53.160+0000] {dag.py:3239} INFO - Sync 1 DAGs
[2025-09-16T12:27:53.211+0000] {logging_mixin.py:190} INFO - [2025-09-16T12:27:53.211+0000] {dag.py:4180} INFO - Setting next_dagrun for dag_s3 to 2025-09-16 00:00:00+00:00, run_after=2025-09-17 00:00:00+00:00
[2025-09-16T12:27:53.248+0000] {processor.py:208} INFO - Processing /opt/airflow/dags/dag_s3.py took 0.182 seconds
[2025-09-16T12:28:23.994+0000] {processor.py:186} INFO - Started process (PID=2501) to work on /opt/airflow/dags/dag_s3.py
[2025-09-16T12:28:23.996+0000] {processor.py:914} INFO - Processing file /opt/airflow/dags/dag_s3.py for tasks to queue
[2025-09-16T12:28:24.002+0000] {logging_mixin.py:190} INFO - [2025-09-16T12:28:24.002+0000] {dagbag.py:588} INFO - Filling up the DagBag from /opt/airflow/dags/dag_s3.py
[2025-09-16T12:28:24.058+0000] {processor.py:925} INFO - DAG(s) 'dag_s3' retrieved from /opt/airflow/dags/dag_s3.py
[2025-09-16T12:28:24.133+0000] {logging_mixin.py:190} INFO - [2025-09-16T12:28:24.132+0000] {dag.py:3239} INFO - Sync 1 DAGs
[2025-09-16T12:28:24.225+0000] {logging_mixin.py:190} INFO - [2025-09-16T12:28:24.224+0000] {dag.py:4180} INFO - Setting next_dagrun for dag_s3 to 2025-09-16 00:00:00+00:00, run_after=2025-09-17 00:00:00+00:00
[2025-09-16T12:28:24.280+0000] {processor.py:208} INFO - Processing /opt/airflow/dags/dag_s3.py took 0.299 seconds
[2025-09-16T12:28:55.077+0000] {processor.py:186} INFO - Started process (PID=2533) to work on /opt/airflow/dags/dag_s3.py
[2025-09-16T12:28:55.078+0000] {processor.py:914} INFO - Processing file /opt/airflow/dags/dag_s3.py for tasks to queue
[2025-09-16T12:28:55.083+0000] {logging_mixin.py:190} INFO - [2025-09-16T12:28:55.082+0000] {dagbag.py:588} INFO - Filling up the DagBag from /opt/airflow/dags/dag_s3.py
[2025-09-16T12:28:55.121+0000] {processor.py:925} INFO - DAG(s) 'dag_s3' retrieved from /opt/airflow/dags/dag_s3.py
[2025-09-16T12:28:55.162+0000] {logging_mixin.py:190} INFO - [2025-09-16T12:28:55.161+0000] {dag.py:3239} INFO - Sync 1 DAGs
[2025-09-16T12:28:55.210+0000] {logging_mixin.py:190} INFO - [2025-09-16T12:28:55.210+0000] {dag.py:4180} INFO - Setting next_dagrun for dag_s3 to 2025-09-16 00:00:00+00:00, run_after=2025-09-17 00:00:00+00:00
[2025-09-16T12:28:55.250+0000] {processor.py:208} INFO - Processing /opt/airflow/dags/dag_s3.py took 0.183 seconds
[2025-09-16T12:29:26.029+0000] {processor.py:186} INFO - Started process (PID=2559) to work on /opt/airflow/dags/dag_s3.py
[2025-09-16T12:29:26.031+0000] {processor.py:914} INFO - Processing file /opt/airflow/dags/dag_s3.py for tasks to queue
[2025-09-16T12:29:26.035+0000] {logging_mixin.py:190} INFO - [2025-09-16T12:29:26.034+0000] {dagbag.py:588} INFO - Filling up the DagBag from /opt/airflow/dags/dag_s3.py
[2025-09-16T12:29:26.074+0000] {processor.py:925} INFO - DAG(s) 'dag_s3' retrieved from /opt/airflow/dags/dag_s3.py
[2025-09-16T12:29:26.118+0000] {logging_mixin.py:190} INFO - [2025-09-16T12:29:26.117+0000] {dag.py:3239} INFO - Sync 1 DAGs
[2025-09-16T12:29:26.166+0000] {logging_mixin.py:190} INFO - [2025-09-16T12:29:26.166+0000] {dag.py:4180} INFO - Setting next_dagrun for dag_s3 to 2025-09-16 00:00:00+00:00, run_after=2025-09-17 00:00:00+00:00
[2025-09-16T12:29:26.222+0000] {processor.py:208} INFO - Processing /opt/airflow/dags/dag_s3.py took 0.203 seconds
[2025-09-16T12:29:56.339+0000] {processor.py:186} INFO - Started process (PID=2585) to work on /opt/airflow/dags/dag_s3.py
[2025-09-16T12:29:56.342+0000] {processor.py:914} INFO - Processing file /opt/airflow/dags/dag_s3.py for tasks to queue
[2025-09-16T12:29:56.347+0000] {logging_mixin.py:190} INFO - [2025-09-16T12:29:56.347+0000] {dagbag.py:588} INFO - Filling up the DagBag from /opt/airflow/dags/dag_s3.py
[2025-09-16T12:29:56.393+0000] {processor.py:925} INFO - DAG(s) 'dag_s3' retrieved from /opt/airflow/dags/dag_s3.py
[2025-09-16T12:29:56.442+0000] {logging_mixin.py:190} INFO - [2025-09-16T12:29:56.442+0000] {dag.py:3239} INFO - Sync 1 DAGs
[2025-09-16T12:29:56.496+0000] {logging_mixin.py:190} INFO - [2025-09-16T12:29:56.496+0000] {dag.py:4180} INFO - Setting next_dagrun for dag_s3 to 2025-09-16 00:00:00+00:00, run_after=2025-09-17 00:00:00+00:00
[2025-09-16T12:29:56.537+0000] {processor.py:208} INFO - Processing /opt/airflow/dags/dag_s3.py took 0.210 seconds
[2025-09-16T12:30:27.389+0000] {processor.py:186} INFO - Started process (PID=2611) to work on /opt/airflow/dags/dag_s3.py
[2025-09-16T12:30:27.390+0000] {processor.py:914} INFO - Processing file /opt/airflow/dags/dag_s3.py for tasks to queue
[2025-09-16T12:30:27.395+0000] {logging_mixin.py:190} INFO - [2025-09-16T12:30:27.394+0000] {dagbag.py:588} INFO - Filling up the DagBag from /opt/airflow/dags/dag_s3.py
[2025-09-16T12:30:27.435+0000] {processor.py:925} INFO - DAG(s) 'dag_s3' retrieved from /opt/airflow/dags/dag_s3.py
[2025-09-16T12:30:27.477+0000] {logging_mixin.py:190} INFO - [2025-09-16T12:30:27.477+0000] {dag.py:3239} INFO - Sync 1 DAGs
[2025-09-16T12:30:27.525+0000] {logging_mixin.py:190} INFO - [2025-09-16T12:30:27.524+0000] {dag.py:4180} INFO - Setting next_dagrun for dag_s3 to 2025-09-16 00:00:00+00:00, run_after=2025-09-17 00:00:00+00:00
[2025-09-16T12:30:27.564+0000] {processor.py:208} INFO - Processing /opt/airflow/dags/dag_s3.py took 0.188 seconds
[2025-09-16T12:30:58.323+0000] {processor.py:186} INFO - Started process (PID=2637) to work on /opt/airflow/dags/dag_s3.py
[2025-09-16T12:30:58.325+0000] {processor.py:914} INFO - Processing file /opt/airflow/dags/dag_s3.py for tasks to queue
[2025-09-16T12:30:58.329+0000] {logging_mixin.py:190} INFO - [2025-09-16T12:30:58.328+0000] {dagbag.py:588} INFO - Filling up the DagBag from /opt/airflow/dags/dag_s3.py
[2025-09-16T12:30:58.372+0000] {processor.py:925} INFO - DAG(s) 'dag_s3' retrieved from /opt/airflow/dags/dag_s3.py
[2025-09-16T12:30:58.413+0000] {logging_mixin.py:190} INFO - [2025-09-16T12:30:58.412+0000] {dag.py:3239} INFO - Sync 1 DAGs
[2025-09-16T12:30:58.471+0000] {logging_mixin.py:190} INFO - [2025-09-16T12:30:58.470+0000] {dag.py:4180} INFO - Setting next_dagrun for dag_s3 to 2025-09-16 00:00:00+00:00, run_after=2025-09-17 00:00:00+00:00
[2025-09-16T12:30:58.509+0000] {processor.py:208} INFO - Processing /opt/airflow/dags/dag_s3.py took 0.198 seconds
[2025-09-16T12:31:29.131+0000] {processor.py:186} INFO - Started process (PID=2663) to work on /opt/airflow/dags/dag_s3.py
[2025-09-16T12:31:29.133+0000] {processor.py:914} INFO - Processing file /opt/airflow/dags/dag_s3.py for tasks to queue
[2025-09-16T12:31:29.139+0000] {logging_mixin.py:190} INFO - [2025-09-16T12:31:29.138+0000] {dagbag.py:588} INFO - Filling up the DagBag from /opt/airflow/dags/dag_s3.py
[2025-09-16T12:31:29.185+0000] {processor.py:925} INFO - DAG(s) 'dag_s3' retrieved from /opt/airflow/dags/dag_s3.py
[2025-09-16T12:31:29.244+0000] {logging_mixin.py:190} INFO - [2025-09-16T12:31:29.243+0000] {dag.py:3239} INFO - Sync 1 DAGs
[2025-09-16T12:31:29.301+0000] {logging_mixin.py:190} INFO - [2025-09-16T12:31:29.301+0000] {dag.py:4180} INFO - Setting next_dagrun for dag_s3 to 2025-09-16 00:00:00+00:00, run_after=2025-09-17 00:00:00+00:00
[2025-09-16T12:31:29.352+0000] {processor.py:208} INFO - Processing /opt/airflow/dags/dag_s3.py took 0.234 seconds
[2025-09-16T12:31:59.986+0000] {processor.py:186} INFO - Started process (PID=2689) to work on /opt/airflow/dags/dag_s3.py
[2025-09-16T12:31:59.988+0000] {processor.py:914} INFO - Processing file /opt/airflow/dags/dag_s3.py for tasks to queue
[2025-09-16T12:31:59.992+0000] {logging_mixin.py:190} INFO - [2025-09-16T12:31:59.992+0000] {dagbag.py:588} INFO - Filling up the DagBag from /opt/airflow/dags/dag_s3.py
[2025-09-16T12:32:00.030+0000] {processor.py:925} INFO - DAG(s) 'dag_s3' retrieved from /opt/airflow/dags/dag_s3.py
[2025-09-16T12:32:00.071+0000] {logging_mixin.py:190} INFO - [2025-09-16T12:32:00.071+0000] {dag.py:3239} INFO - Sync 1 DAGs
[2025-09-16T12:32:00.123+0000] {logging_mixin.py:190} INFO - [2025-09-16T12:32:00.122+0000] {dag.py:4180} INFO - Setting next_dagrun for dag_s3 to 2025-09-16 00:00:00+00:00, run_after=2025-09-17 00:00:00+00:00
[2025-09-16T12:32:00.162+0000] {processor.py:208} INFO - Processing /opt/airflow/dags/dag_s3.py took 0.192 seconds
[2025-09-16T12:32:30.292+0000] {processor.py:186} INFO - Started process (PID=2715) to work on /opt/airflow/dags/dag_s3.py
[2025-09-16T12:32:30.294+0000] {processor.py:914} INFO - Processing file /opt/airflow/dags/dag_s3.py for tasks to queue
[2025-09-16T12:32:30.307+0000] {logging_mixin.py:190} INFO - [2025-09-16T12:32:30.306+0000] {dagbag.py:588} INFO - Filling up the DagBag from /opt/airflow/dags/dag_s3.py
[2025-09-16T12:32:30.349+0000] {processor.py:925} INFO - DAG(s) 'dag_s3' retrieved from /opt/airflow/dags/dag_s3.py
[2025-09-16T12:32:30.392+0000] {logging_mixin.py:190} INFO - [2025-09-16T12:32:30.392+0000] {dag.py:3239} INFO - Sync 1 DAGs
[2025-09-16T12:32:30.438+0000] {logging_mixin.py:190} INFO - [2025-09-16T12:32:30.437+0000] {dag.py:4180} INFO - Setting next_dagrun for dag_s3 to 2025-09-16 00:00:00+00:00, run_after=2025-09-17 00:00:00+00:00
[2025-09-16T12:32:30.471+0000] {processor.py:208} INFO - Processing /opt/airflow/dags/dag_s3.py took 0.193 seconds
[2025-09-16T12:33:01.192+0000] {processor.py:186} INFO - Started process (PID=2741) to work on /opt/airflow/dags/dag_s3.py
[2025-09-16T12:33:01.194+0000] {processor.py:914} INFO - Processing file /opt/airflow/dags/dag_s3.py for tasks to queue
[2025-09-16T12:33:01.201+0000] {logging_mixin.py:190} INFO - [2025-09-16T12:33:01.200+0000] {dagbag.py:588} INFO - Filling up the DagBag from /opt/airflow/dags/dag_s3.py
[2025-09-16T12:33:01.276+0000] {processor.py:925} INFO - DAG(s) 'dag_s3' retrieved from /opt/airflow/dags/dag_s3.py
[2025-09-16T12:33:01.340+0000] {logging_mixin.py:190} INFO - [2025-09-16T12:33:01.339+0000] {dag.py:3239} INFO - Sync 1 DAGs
[2025-09-16T12:33:01.425+0000] {logging_mixin.py:190} INFO - [2025-09-16T12:33:01.424+0000] {dag.py:4180} INFO - Setting next_dagrun for dag_s3 to 2025-09-16 00:00:00+00:00, run_after=2025-09-17 00:00:00+00:00
[2025-09-16T12:33:01.482+0000] {processor.py:208} INFO - Processing /opt/airflow/dags/dag_s3.py took 0.303 seconds
[2025-09-16T12:33:32.272+0000] {processor.py:186} INFO - Started process (PID=2767) to work on /opt/airflow/dags/dag_s3.py
[2025-09-16T12:33:32.275+0000] {processor.py:914} INFO - Processing file /opt/airflow/dags/dag_s3.py for tasks to queue
[2025-09-16T12:33:32.279+0000] {logging_mixin.py:190} INFO - [2025-09-16T12:33:32.279+0000] {dagbag.py:588} INFO - Filling up the DagBag from /opt/airflow/dags/dag_s3.py
[2025-09-16T12:33:32.326+0000] {processor.py:925} INFO - DAG(s) 'dag_s3' retrieved from /opt/airflow/dags/dag_s3.py
[2025-09-16T12:33:32.368+0000] {logging_mixin.py:190} INFO - [2025-09-16T12:33:32.368+0000] {dag.py:3239} INFO - Sync 1 DAGs
[2025-09-16T12:33:32.428+0000] {logging_mixin.py:190} INFO - [2025-09-16T12:33:32.427+0000] {dag.py:4180} INFO - Setting next_dagrun for dag_s3 to 2025-09-16 00:00:00+00:00, run_after=2025-09-17 00:00:00+00:00
[2025-09-16T12:33:32.474+0000] {processor.py:208} INFO - Processing /opt/airflow/dags/dag_s3.py took 0.218 seconds
[2025-09-16T12:34:03.154+0000] {processor.py:186} INFO - Started process (PID=2799) to work on /opt/airflow/dags/dag_s3.py
[2025-09-16T12:34:03.155+0000] {processor.py:914} INFO - Processing file /opt/airflow/dags/dag_s3.py for tasks to queue
[2025-09-16T12:34:03.159+0000] {logging_mixin.py:190} INFO - [2025-09-16T12:34:03.159+0000] {dagbag.py:588} INFO - Filling up the DagBag from /opt/airflow/dags/dag_s3.py
[2025-09-16T12:34:03.203+0000] {processor.py:925} INFO - DAG(s) 'dag_s3' retrieved from /opt/airflow/dags/dag_s3.py
[2025-09-16T12:34:03.246+0000] {logging_mixin.py:190} INFO - [2025-09-16T12:34:03.245+0000] {dag.py:3239} INFO - Sync 1 DAGs
[2025-09-16T12:34:03.318+0000] {logging_mixin.py:190} INFO - [2025-09-16T12:34:03.318+0000] {dag.py:4180} INFO - Setting next_dagrun for dag_s3 to 2025-09-16 00:00:00+00:00, run_after=2025-09-17 00:00:00+00:00
[2025-09-16T12:34:03.361+0000] {processor.py:208} INFO - Processing /opt/airflow/dags/dag_s3.py took 0.218 seconds
[2025-09-16T12:34:34.039+0000] {processor.py:186} INFO - Started process (PID=2825) to work on /opt/airflow/dags/dag_s3.py
[2025-09-16T12:34:34.041+0000] {processor.py:914} INFO - Processing file /opt/airflow/dags/dag_s3.py for tasks to queue
[2025-09-16T12:34:34.048+0000] {logging_mixin.py:190} INFO - [2025-09-16T12:34:34.047+0000] {dagbag.py:588} INFO - Filling up the DagBag from /opt/airflow/dags/dag_s3.py
[2025-09-16T12:34:34.091+0000] {processor.py:925} INFO - DAG(s) 'dag_s3' retrieved from /opt/airflow/dags/dag_s3.py
[2025-09-16T12:34:34.135+0000] {logging_mixin.py:190} INFO - [2025-09-16T12:34:34.134+0000] {dag.py:3239} INFO - Sync 1 DAGs
[2025-09-16T12:34:34.214+0000] {logging_mixin.py:190} INFO - [2025-09-16T12:34:34.213+0000] {dag.py:4180} INFO - Setting next_dagrun for dag_s3 to 2025-09-16 00:00:00+00:00, run_after=2025-09-17 00:00:00+00:00
[2025-09-16T12:34:34.281+0000] {processor.py:208} INFO - Processing /opt/airflow/dags/dag_s3.py took 0.255 seconds
[2025-09-16T12:35:04.905+0000] {processor.py:186} INFO - Started process (PID=2851) to work on /opt/airflow/dags/dag_s3.py
[2025-09-16T12:35:04.906+0000] {processor.py:914} INFO - Processing file /opt/airflow/dags/dag_s3.py for tasks to queue
[2025-09-16T12:35:04.911+0000] {logging_mixin.py:190} INFO - [2025-09-16T12:35:04.910+0000] {dagbag.py:588} INFO - Filling up the DagBag from /opt/airflow/dags/dag_s3.py
[2025-09-16T12:35:04.956+0000] {processor.py:925} INFO - DAG(s) 'dag_s3' retrieved from /opt/airflow/dags/dag_s3.py
[2025-09-16T12:35:04.999+0000] {logging_mixin.py:190} INFO - [2025-09-16T12:35:04.999+0000] {dag.py:3239} INFO - Sync 1 DAGs
[2025-09-16T12:35:05.044+0000] {logging_mixin.py:190} INFO - [2025-09-16T12:35:05.043+0000] {dag.py:4180} INFO - Setting next_dagrun for dag_s3 to 2025-09-16 00:00:00+00:00, run_after=2025-09-17 00:00:00+00:00
[2025-09-16T12:35:05.079+0000] {processor.py:208} INFO - Processing /opt/airflow/dags/dag_s3.py took 0.183 seconds
[2025-09-16T12:35:34.852+0000] {processor.py:186} INFO - Started process (PID=2877) to work on /opt/airflow/dags/dag_s3.py
[2025-09-16T12:35:34.855+0000] {processor.py:914} INFO - Processing file /opt/airflow/dags/dag_s3.py for tasks to queue
[2025-09-16T12:35:34.861+0000] {logging_mixin.py:190} INFO - [2025-09-16T12:35:34.859+0000] {dagbag.py:588} INFO - Filling up the DagBag from /opt/airflow/dags/dag_s3.py
[2025-09-16T12:35:34.904+0000] {processor.py:925} INFO - DAG(s) 'dag_s3' retrieved from /opt/airflow/dags/dag_s3.py
[2025-09-16T12:35:33.545+0000] {logging_mixin.py:190} INFO - [2025-09-16T12:35:33.544+0000] {dag.py:3239} INFO - Sync 1 DAGs
[2025-09-16T12:35:33.610+0000] {logging_mixin.py:190} INFO - [2025-09-16T12:35:33.610+0000] {dag.py:4180} INFO - Setting next_dagrun for dag_s3 to 2025-09-16 00:00:00+00:00, run_after=2025-09-17 00:00:00+00:00
[2025-09-16T12:35:33.667+0000] {processor.py:208} INFO - Processing /opt/airflow/dags/dag_s3.py took 0.252 seconds
[2025-09-16T12:36:04.381+0000] {processor.py:186} INFO - Started process (PID=2898) to work on /opt/airflow/dags/dag_s3.py
[2025-09-16T12:36:04.383+0000] {processor.py:914} INFO - Processing file /opt/airflow/dags/dag_s3.py for tasks to queue
[2025-09-16T12:36:04.389+0000] {logging_mixin.py:190} INFO - [2025-09-16T12:36:04.388+0000] {dagbag.py:588} INFO - Filling up the DagBag from /opt/airflow/dags/dag_s3.py
[2025-09-16T12:36:04.432+0000] {processor.py:925} INFO - DAG(s) 'dag_s3' retrieved from /opt/airflow/dags/dag_s3.py
[2025-09-16T12:36:04.473+0000] {logging_mixin.py:190} INFO - [2025-09-16T12:36:04.473+0000] {dag.py:3239} INFO - Sync 1 DAGs
[2025-09-16T12:36:04.521+0000] {logging_mixin.py:190} INFO - [2025-09-16T12:36:04.520+0000] {dag.py:4180} INFO - Setting next_dagrun for dag_s3 to 2025-09-16 00:00:00+00:00, run_after=2025-09-17 00:00:00+00:00
[2025-09-16T12:36:04.559+0000] {processor.py:208} INFO - Processing /opt/airflow/dags/dag_s3.py took 0.193 seconds
[2025-09-16T12:36:35.205+0000] {processor.py:186} INFO - Started process (PID=2924) to work on /opt/airflow/dags/dag_s3.py
[2025-09-16T12:36:35.207+0000] {processor.py:914} INFO - Processing file /opt/airflow/dags/dag_s3.py for tasks to queue
[2025-09-16T12:36:35.210+0000] {logging_mixin.py:190} INFO - [2025-09-16T12:36:35.210+0000] {dagbag.py:588} INFO - Filling up the DagBag from /opt/airflow/dags/dag_s3.py
[2025-09-16T12:36:35.247+0000] {processor.py:925} INFO - DAG(s) 'dag_s3' retrieved from /opt/airflow/dags/dag_s3.py
[2025-09-16T12:36:35.294+0000] {logging_mixin.py:190} INFO - [2025-09-16T12:36:35.293+0000] {dag.py:3239} INFO - Sync 1 DAGs
[2025-09-16T12:36:35.345+0000] {logging_mixin.py:190} INFO - [2025-09-16T12:36:35.344+0000] {dag.py:4180} INFO - Setting next_dagrun for dag_s3 to 2025-09-16 00:00:00+00:00, run_after=2025-09-17 00:00:00+00:00
[2025-09-16T12:36:35.378+0000] {processor.py:208} INFO - Processing /opt/airflow/dags/dag_s3.py took 0.182 seconds
