[2025-10-04T11:19:53.791+0000] {processor.py:186} INFO - Started process (PID=217) to work on /opt/airflow/dags/dag2.py
[2025-10-04T11:19:53.793+0000] {processor.py:914} INFO - Processing file /opt/airflow/dags/dag2.py for tasks to queue
[2025-10-04T11:19:53.799+0000] {logging_mixin.py:190} INFO - [2025-10-04T11:19:53.798+0000] {dagbag.py:588} INFO - Filling up the DagBag from /opt/airflow/dags/dag2.py
[2025-10-04T11:19:53.835+0000] {processor.py:925} INFO - DAG(s) 'dag2.v2.0' retrieved from /opt/airflow/dags/dag2.py
[2025-10-04T11:19:54.240+0000] {logging_mixin.py:190} INFO - [2025-10-04T11:19:54.239+0000] {override.py:1911} INFO - Created Permission View: can read on DAG:dag2.v2.0
[2025-10-04T11:19:54.257+0000] {logging_mixin.py:190} INFO - [2025-10-04T11:19:54.257+0000] {override.py:1911} INFO - Created Permission View: can delete on DAG:dag2.v2.0
[2025-10-04T11:19:54.269+0000] {logging_mixin.py:190} INFO - [2025-10-04T11:19:54.268+0000] {override.py:1911} INFO - Created Permission View: can edit on DAG:dag2.v2.0
[2025-10-04T11:19:54.282+0000] {logging_mixin.py:190} INFO - [2025-10-04T11:19:54.282+0000] {override.py:1911} INFO - Created Permission View: can read on DAG Run:dag2.v2.0
[2025-10-04T11:19:54.293+0000] {logging_mixin.py:190} INFO - [2025-10-04T11:19:54.293+0000] {override.py:1911} INFO - Created Permission View: can delete on DAG Run:dag2.v2.0
[2025-10-04T11:19:54.304+0000] {logging_mixin.py:190} INFO - [2025-10-04T11:19:54.304+0000] {override.py:1911} INFO - Created Permission View: menu access on DAG Run:dag2.v2.0
[2025-10-04T11:19:54.315+0000] {logging_mixin.py:190} INFO - [2025-10-04T11:19:54.315+0000] {override.py:1911} INFO - Created Permission View: can create on DAG Run:dag2.v2.0
[2025-10-04T11:19:54.316+0000] {logging_mixin.py:190} INFO - [2025-10-04T11:19:54.316+0000] {dag.py:3239} INFO - Sync 1 DAGs
[2025-10-04T11:19:54.674+0000] {logging_mixin.py:190} INFO - [2025-10-04T11:19:54.673+0000] {dag.py:3262} INFO - Creating ORM DAG for dag2.v2.0
[2025-10-04T11:19:54.691+0000] {logging_mixin.py:190} INFO - [2025-10-04T11:19:54.690+0000] {dag.py:4180} INFO - Setting next_dagrun for dag2.v2.0 to 2025-09-23 03:00:00+00:00, run_after=2025-09-30 03:00:00+00:00
[2025-10-04T11:19:54.716+0000] {processor.py:208} INFO - Processing /opt/airflow/dags/dag2.py took 0.939 seconds
[2025-10-04T11:20:24.957+0000] {processor.py:186} INFO - Started process (PID=243) to work on /opt/airflow/dags/dag2.py
[2025-10-04T11:20:24.959+0000] {processor.py:914} INFO - Processing file /opt/airflow/dags/dag2.py for tasks to queue
[2025-10-04T11:20:24.966+0000] {logging_mixin.py:190} INFO - [2025-10-04T11:20:24.966+0000] {dagbag.py:588} INFO - Filling up the DagBag from /opt/airflow/dags/dag2.py
[2025-10-04T11:20:25.008+0000] {processor.py:925} INFO - DAG(s) 'dag2.v2.0' retrieved from /opt/airflow/dags/dag2.py
[2025-10-04T11:20:25.081+0000] {logging_mixin.py:190} INFO - [2025-10-04T11:20:25.081+0000] {dag.py:3239} INFO - Sync 1 DAGs
[2025-10-04T11:20:25.147+0000] {logging_mixin.py:190} INFO - [2025-10-04T11:20:25.147+0000] {dag.py:4180} INFO - Setting next_dagrun for dag2.v2.0 to 2025-09-23 03:00:00+00:00, run_after=2025-09-30 03:00:00+00:00
[2025-10-04T11:20:25.268+0000] {processor.py:208} INFO - Processing /opt/airflow/dags/dag2.py took 0.328 seconds
[2025-10-04T11:20:55.765+0000] {processor.py:186} INFO - Started process (PID=269) to work on /opt/airflow/dags/dag2.py
[2025-10-04T11:20:55.766+0000] {processor.py:914} INFO - Processing file /opt/airflow/dags/dag2.py for tasks to queue
[2025-10-04T11:20:55.774+0000] {logging_mixin.py:190} INFO - [2025-10-04T11:20:55.774+0000] {dagbag.py:588} INFO - Filling up the DagBag from /opt/airflow/dags/dag2.py
[2025-10-04T11:20:55.804+0000] {processor.py:925} INFO - DAG(s) 'dag2.v2.0' retrieved from /opt/airflow/dags/dag2.py
[2025-10-04T11:20:55.853+0000] {logging_mixin.py:190} INFO - [2025-10-04T11:20:55.853+0000] {dag.py:3239} INFO - Sync 1 DAGs
[2025-10-04T11:20:55.899+0000] {logging_mixin.py:190} INFO - [2025-10-04T11:20:55.898+0000] {dag.py:4180} INFO - Setting next_dagrun for dag2.v2.0 to 2025-09-23 03:00:00+00:00, run_after=2025-09-30 03:00:00+00:00
[2025-10-04T11:20:55.933+0000] {processor.py:208} INFO - Processing /opt/airflow/dags/dag2.py took 0.177 seconds
[2025-10-04T11:21:26.483+0000] {processor.py:186} INFO - Started process (PID=295) to work on /opt/airflow/dags/dag2.py
[2025-10-04T11:21:26.485+0000] {processor.py:914} INFO - Processing file /opt/airflow/dags/dag2.py for tasks to queue
[2025-10-04T11:21:26.489+0000] {logging_mixin.py:190} INFO - [2025-10-04T11:21:26.489+0000] {dagbag.py:588} INFO - Filling up the DagBag from /opt/airflow/dags/dag2.py
[2025-10-04T11:21:26.523+0000] {processor.py:925} INFO - DAG(s) 'dag2.v2.0' retrieved from /opt/airflow/dags/dag2.py
[2025-10-04T11:21:26.578+0000] {logging_mixin.py:190} INFO - [2025-10-04T11:21:26.577+0000] {dag.py:3239} INFO - Sync 1 DAGs
[2025-10-04T11:21:26.637+0000] {logging_mixin.py:190} INFO - [2025-10-04T11:21:26.637+0000] {dag.py:4180} INFO - Setting next_dagrun for dag2.v2.0 to 2025-09-23 03:00:00+00:00, run_after=2025-09-30 03:00:00+00:00
[2025-10-04T11:21:26.690+0000] {processor.py:208} INFO - Processing /opt/airflow/dags/dag2.py took 0.219 seconds
[2025-10-04T11:21:57.387+0000] {processor.py:186} INFO - Started process (PID=321) to work on /opt/airflow/dags/dag2.py
[2025-10-04T11:21:57.390+0000] {processor.py:914} INFO - Processing file /opt/airflow/dags/dag2.py for tasks to queue
[2025-10-04T11:21:57.396+0000] {logging_mixin.py:190} INFO - [2025-10-04T11:21:57.395+0000] {dagbag.py:588} INFO - Filling up the DagBag from /opt/airflow/dags/dag2.py
[2025-10-04T11:21:57.436+0000] {processor.py:925} INFO - DAG(s) 'dag2.v2.0' retrieved from /opt/airflow/dags/dag2.py
[2025-10-04T11:21:57.484+0000] {logging_mixin.py:190} INFO - [2025-10-04T11:21:57.483+0000] {dag.py:3239} INFO - Sync 1 DAGs
[2025-10-04T11:21:57.533+0000] {logging_mixin.py:190} INFO - [2025-10-04T11:21:57.532+0000] {dag.py:4180} INFO - Setting next_dagrun for dag2.v2.0 to 2025-09-23 03:00:00+00:00, run_after=2025-09-30 03:00:00+00:00
[2025-10-04T11:21:57.578+0000] {processor.py:208} INFO - Processing /opt/airflow/dags/dag2.py took 0.206 seconds
[2025-10-04T11:22:28.097+0000] {processor.py:186} INFO - Started process (PID=347) to work on /opt/airflow/dags/dag2.py
[2025-10-04T11:22:28.099+0000] {processor.py:914} INFO - Processing file /opt/airflow/dags/dag2.py for tasks to queue
[2025-10-04T11:22:28.105+0000] {logging_mixin.py:190} INFO - [2025-10-04T11:22:28.104+0000] {dagbag.py:588} INFO - Filling up the DagBag from /opt/airflow/dags/dag2.py
[2025-10-04T11:22:28.143+0000] {processor.py:925} INFO - DAG(s) 'dag2.v2.0' retrieved from /opt/airflow/dags/dag2.py
[2025-10-04T11:22:28.186+0000] {logging_mixin.py:190} INFO - [2025-10-04T11:22:28.186+0000] {dag.py:3239} INFO - Sync 1 DAGs
[2025-10-04T11:22:28.231+0000] {logging_mixin.py:190} INFO - [2025-10-04T11:22:28.231+0000] {dag.py:4180} INFO - Setting next_dagrun for dag2.v2.0 to 2025-09-23 03:00:00+00:00, run_after=2025-09-30 03:00:00+00:00
[2025-10-04T11:22:28.729+0000] {processor.py:208} INFO - Processing /opt/airflow/dags/dag2.py took 0.646 seconds
[2025-10-04T11:22:59.047+0000] {processor.py:186} INFO - Started process (PID=373) to work on /opt/airflow/dags/dag2.py
[2025-10-04T11:22:59.049+0000] {processor.py:914} INFO - Processing file /opt/airflow/dags/dag2.py for tasks to queue
[2025-10-04T11:22:59.054+0000] {logging_mixin.py:190} INFO - [2025-10-04T11:22:59.054+0000] {dagbag.py:588} INFO - Filling up the DagBag from /opt/airflow/dags/dag2.py
[2025-10-04T11:22:59.087+0000] {processor.py:925} INFO - DAG(s) 'dag2.v2.0' retrieved from /opt/airflow/dags/dag2.py
[2025-10-04T11:22:59.135+0000] {logging_mixin.py:190} INFO - [2025-10-04T11:22:59.135+0000] {dag.py:3239} INFO - Sync 1 DAGs
[2025-10-04T11:22:59.548+0000] {logging_mixin.py:190} INFO - [2025-10-04T11:22:59.547+0000] {dag.py:4180} INFO - Setting next_dagrun for dag2.v2.0 to 2025-09-23 03:00:00+00:00, run_after=2025-09-30 03:00:00+00:00
[2025-10-04T11:22:59.641+0000] {processor.py:208} INFO - Processing /opt/airflow/dags/dag2.py took 0.606 seconds
[2025-10-04T11:23:30.212+0000] {processor.py:186} INFO - Started process (PID=399) to work on /opt/airflow/dags/dag2.py
[2025-10-04T11:23:30.215+0000] {processor.py:914} INFO - Processing file /opt/airflow/dags/dag2.py for tasks to queue
[2025-10-04T11:23:30.219+0000] {logging_mixin.py:190} INFO - [2025-10-04T11:23:30.219+0000] {dagbag.py:588} INFO - Filling up the DagBag from /opt/airflow/dags/dag2.py
[2025-10-04T11:23:30.253+0000] {processor.py:925} INFO - DAG(s) 'dag2.v2.0' retrieved from /opt/airflow/dags/dag2.py
[2025-10-04T11:23:30.674+0000] {logging_mixin.py:190} INFO - [2025-10-04T11:23:30.674+0000] {dag.py:3239} INFO - Sync 1 DAGs
[2025-10-04T11:23:30.733+0000] {logging_mixin.py:190} INFO - [2025-10-04T11:23:30.732+0000] {dag.py:4180} INFO - Setting next_dagrun for dag2.v2.0 to 2025-09-23 03:00:00+00:00, run_after=2025-09-30 03:00:00+00:00
[2025-10-04T11:23:30.767+0000] {processor.py:208} INFO - Processing /opt/airflow/dags/dag2.py took 0.566 seconds
[2025-10-04T11:24:01.224+0000] {processor.py:186} INFO - Started process (PID=425) to work on /opt/airflow/dags/dag2.py
[2025-10-04T11:24:01.226+0000] {processor.py:914} INFO - Processing file /opt/airflow/dags/dag2.py for tasks to queue
[2025-10-04T11:24:01.549+0000] {logging_mixin.py:190} INFO - [2025-10-04T11:24:01.549+0000] {dagbag.py:588} INFO - Filling up the DagBag from /opt/airflow/dags/dag2.py
[2025-10-04T11:24:01.575+0000] {processor.py:925} INFO - DAG(s) 'dag2.v2.0' retrieved from /opt/airflow/dags/dag2.py
[2025-10-04T11:24:01.621+0000] {logging_mixin.py:190} INFO - [2025-10-04T11:24:01.621+0000] {dag.py:3239} INFO - Sync 1 DAGs
[2025-10-04T11:24:01.657+0000] {logging_mixin.py:190} INFO - [2025-10-04T11:24:01.657+0000] {dag.py:4180} INFO - Setting next_dagrun for dag2.v2.0 to 2025-09-23 03:00:00+00:00, run_after=2025-09-30 03:00:00+00:00
[2025-10-04T11:24:01.696+0000] {processor.py:208} INFO - Processing /opt/airflow/dags/dag2.py took 0.482 seconds
[2025-10-04T11:24:32.247+0000] {processor.py:186} INFO - Started process (PID=451) to work on /opt/airflow/dags/dag2.py
[2025-10-04T11:24:32.248+0000] {processor.py:914} INFO - Processing file /opt/airflow/dags/dag2.py for tasks to queue
[2025-10-04T11:24:32.253+0000] {logging_mixin.py:190} INFO - [2025-10-04T11:24:32.252+0000] {dagbag.py:588} INFO - Filling up the DagBag from /opt/airflow/dags/dag2.py
[2025-10-04T11:24:32.287+0000] {processor.py:925} INFO - DAG(s) 'dag2.v2.0' retrieved from /opt/airflow/dags/dag2.py
[2025-10-04T11:24:32.335+0000] {logging_mixin.py:190} INFO - [2025-10-04T11:24:32.335+0000] {dag.py:3239} INFO - Sync 1 DAGs
[2025-10-04T11:24:32.382+0000] {logging_mixin.py:190} INFO - [2025-10-04T11:24:32.381+0000] {dag.py:4180} INFO - Setting next_dagrun for dag2.v2.0 to 2025-09-23 03:00:00+00:00, run_after=2025-09-30 03:00:00+00:00
[2025-10-04T11:24:32.412+0000] {processor.py:208} INFO - Processing /opt/airflow/dags/dag2.py took 0.178 seconds
[2025-10-04T11:25:03.441+0000] {processor.py:186} INFO - Started process (PID=477) to work on /opt/airflow/dags/dag2.py
[2025-10-04T11:25:03.444+0000] {processor.py:914} INFO - Processing file /opt/airflow/dags/dag2.py for tasks to queue
[2025-10-04T11:25:03.470+0000] {logging_mixin.py:190} INFO - [2025-10-04T11:25:03.469+0000] {dagbag.py:588} INFO - Filling up the DagBag from /opt/airflow/dags/dag2.py
[2025-10-04T11:25:03.536+0000] {processor.py:925} INFO - DAG(s) 'dag2.v2.0' retrieved from /opt/airflow/dags/dag2.py
[2025-10-04T11:25:03.592+0000] {logging_mixin.py:190} INFO - [2025-10-04T11:25:03.592+0000] {dag.py:3239} INFO - Sync 1 DAGs
[2025-10-04T11:25:03.662+0000] {logging_mixin.py:190} INFO - [2025-10-04T11:25:03.661+0000] {dag.py:4180} INFO - Setting next_dagrun for dag2.v2.0 to 2025-09-23 03:00:00+00:00, run_after=2025-09-30 03:00:00+00:00
[2025-10-04T11:25:03.703+0000] {processor.py:208} INFO - Processing /opt/airflow/dags/dag2.py took 0.301 seconds
[2025-10-04T11:25:34.553+0000] {processor.py:186} INFO - Started process (PID=504) to work on /opt/airflow/dags/dag2.py
[2025-10-04T11:25:34.556+0000] {processor.py:914} INFO - Processing file /opt/airflow/dags/dag2.py for tasks to queue
[2025-10-04T11:25:34.564+0000] {logging_mixin.py:190} INFO - [2025-10-04T11:25:34.563+0000] {dagbag.py:588} INFO - Filling up the DagBag from /opt/airflow/dags/dag2.py
[2025-10-04T11:25:34.599+0000] {processor.py:925} INFO - DAG(s) 'dag2.v2.0' retrieved from /opt/airflow/dags/dag2.py
[2025-10-04T11:25:34.654+0000] {logging_mixin.py:190} INFO - [2025-10-04T11:25:34.653+0000] {dag.py:3239} INFO - Sync 1 DAGs
[2025-10-04T11:25:34.699+0000] {logging_mixin.py:190} INFO - [2025-10-04T11:25:34.699+0000] {dag.py:4180} INFO - Setting next_dagrun for dag2.v2.0 to 2025-09-23 03:00:00+00:00, run_after=2025-09-30 03:00:00+00:00
[2025-10-04T11:25:34.733+0000] {processor.py:208} INFO - Processing /opt/airflow/dags/dag2.py took 0.194 seconds
[2025-10-04T11:26:05.536+0000] {processor.py:186} INFO - Started process (PID=530) to work on /opt/airflow/dags/dag2.py
[2025-10-04T11:26:05.538+0000] {processor.py:914} INFO - Processing file /opt/airflow/dags/dag2.py for tasks to queue
[2025-10-04T11:26:05.544+0000] {logging_mixin.py:190} INFO - [2025-10-04T11:26:05.544+0000] {dagbag.py:588} INFO - Filling up the DagBag from /opt/airflow/dags/dag2.py
[2025-10-04T11:26:05.578+0000] {processor.py:925} INFO - DAG(s) 'dag2.v2.0' retrieved from /opt/airflow/dags/dag2.py
[2025-10-04T11:26:05.627+0000] {logging_mixin.py:190} INFO - [2025-10-04T11:26:05.627+0000] {dag.py:3239} INFO - Sync 1 DAGs
[2025-10-04T11:26:05.674+0000] {logging_mixin.py:190} INFO - [2025-10-04T11:26:05.673+0000] {dag.py:4180} INFO - Setting next_dagrun for dag2.v2.0 to 2025-09-23 03:00:00+00:00, run_after=2025-09-30 03:00:00+00:00
[2025-10-04T11:26:05.707+0000] {processor.py:208} INFO - Processing /opt/airflow/dags/dag2.py took 0.186 seconds
[2025-10-04T11:26:36.537+0000] {processor.py:186} INFO - Started process (PID=556) to work on /opt/airflow/dags/dag2.py
[2025-10-04T11:26:36.539+0000] {processor.py:914} INFO - Processing file /opt/airflow/dags/dag2.py for tasks to queue
[2025-10-04T11:26:36.544+0000] {logging_mixin.py:190} INFO - [2025-10-04T11:26:36.544+0000] {dagbag.py:588} INFO - Filling up the DagBag from /opt/airflow/dags/dag2.py
[2025-10-04T11:26:36.584+0000] {processor.py:925} INFO - DAG(s) 'dag2.v2.0' retrieved from /opt/airflow/dags/dag2.py
[2025-10-04T11:26:36.641+0000] {logging_mixin.py:190} INFO - [2025-10-04T11:26:36.640+0000] {dag.py:3239} INFO - Sync 1 DAGs
[2025-10-04T11:26:36.688+0000] {logging_mixin.py:190} INFO - [2025-10-04T11:26:36.688+0000] {dag.py:4180} INFO - Setting next_dagrun for dag2.v2.0 to 2025-09-23 03:00:00+00:00, run_after=2025-09-30 03:00:00+00:00
[2025-10-04T11:26:36.725+0000] {processor.py:208} INFO - Processing /opt/airflow/dags/dag2.py took 0.204 seconds
[2025-10-04T11:27:07.615+0000] {processor.py:186} INFO - Started process (PID=582) to work on /opt/airflow/dags/dag2.py
[2025-10-04T11:27:07.619+0000] {processor.py:914} INFO - Processing file /opt/airflow/dags/dag2.py for tasks to queue
[2025-10-04T11:27:07.626+0000] {logging_mixin.py:190} INFO - [2025-10-04T11:27:07.625+0000] {dagbag.py:588} INFO - Filling up the DagBag from /opt/airflow/dags/dag2.py
[2025-10-04T11:27:07.663+0000] {processor.py:925} INFO - DAG(s) 'dag2.v2.0' retrieved from /opt/airflow/dags/dag2.py
[2025-10-04T11:27:07.713+0000] {logging_mixin.py:190} INFO - [2025-10-04T11:27:07.713+0000] {dag.py:3239} INFO - Sync 1 DAGs
[2025-10-04T11:27:07.754+0000] {logging_mixin.py:190} INFO - [2025-10-04T11:27:07.754+0000] {dag.py:4180} INFO - Setting next_dagrun for dag2.v2.0 to 2025-09-23 03:00:00+00:00, run_after=2025-09-30 03:00:00+00:00
[2025-10-04T11:27:07.791+0000] {processor.py:208} INFO - Processing /opt/airflow/dags/dag2.py took 0.210 seconds
[2025-10-04T11:27:38.599+0000] {processor.py:186} INFO - Started process (PID=608) to work on /opt/airflow/dags/dag2.py
[2025-10-04T11:27:38.602+0000] {processor.py:914} INFO - Processing file /opt/airflow/dags/dag2.py for tasks to queue
[2025-10-04T11:27:38.607+0000] {logging_mixin.py:190} INFO - [2025-10-04T11:27:38.607+0000] {dagbag.py:588} INFO - Filling up the DagBag from /opt/airflow/dags/dag2.py
[2025-10-04T11:27:38.647+0000] {processor.py:925} INFO - DAG(s) 'dag2.v2.0' retrieved from /opt/airflow/dags/dag2.py
[2025-10-04T11:27:38.698+0000] {logging_mixin.py:190} INFO - [2025-10-04T11:27:38.698+0000] {dag.py:3239} INFO - Sync 1 DAGs
[2025-10-04T11:27:38.747+0000] {logging_mixin.py:190} INFO - [2025-10-04T11:27:38.746+0000] {dag.py:4180} INFO - Setting next_dagrun for dag2.v2.0 to 2025-09-23 03:00:00+00:00, run_after=2025-09-30 03:00:00+00:00
[2025-10-04T11:27:38.789+0000] {processor.py:208} INFO - Processing /opt/airflow/dags/dag2.py took 0.209 seconds
[2025-10-04T11:28:09.669+0000] {processor.py:186} INFO - Started process (PID=634) to work on /opt/airflow/dags/dag2.py
[2025-10-04T11:28:09.672+0000] {processor.py:914} INFO - Processing file /opt/airflow/dags/dag2.py for tasks to queue
[2025-10-04T11:28:09.677+0000] {logging_mixin.py:190} INFO - [2025-10-04T11:28:09.676+0000] {dagbag.py:588} INFO - Filling up the DagBag from /opt/airflow/dags/dag2.py
[2025-10-04T11:28:09.716+0000] {processor.py:925} INFO - DAG(s) 'dag2.v2.0' retrieved from /opt/airflow/dags/dag2.py
[2025-10-04T11:28:09.810+0000] {logging_mixin.py:190} INFO - [2025-10-04T11:28:09.809+0000] {dag.py:3239} INFO - Sync 1 DAGs
[2025-10-04T11:28:09.911+0000] {logging_mixin.py:190} INFO - [2025-10-04T11:28:09.910+0000] {dag.py:4180} INFO - Setting next_dagrun for dag2.v2.0 to 2025-09-23 03:00:00+00:00, run_after=2025-09-30 03:00:00+00:00
[2025-10-04T11:28:09.967+0000] {processor.py:208} INFO - Processing /opt/airflow/dags/dag2.py took 0.313 seconds
[2025-10-04T11:28:40.807+0000] {processor.py:186} INFO - Started process (PID=661) to work on /opt/airflow/dags/dag2.py
[2025-10-04T11:28:40.810+0000] {processor.py:914} INFO - Processing file /opt/airflow/dags/dag2.py for tasks to queue
[2025-10-04T11:28:40.817+0000] {logging_mixin.py:190} INFO - [2025-10-04T11:28:40.816+0000] {dagbag.py:588} INFO - Filling up the DagBag from /opt/airflow/dags/dag2.py
[2025-10-04T11:28:40.859+0000] {processor.py:925} INFO - DAG(s) 'dag2.v2.0' retrieved from /opt/airflow/dags/dag2.py
[2025-10-04T11:28:40.910+0000] {logging_mixin.py:190} INFO - [2025-10-04T11:28:40.909+0000] {dag.py:3239} INFO - Sync 1 DAGs
[2025-10-04T11:28:40.957+0000] {logging_mixin.py:190} INFO - [2025-10-04T11:28:40.956+0000] {dag.py:4180} INFO - Setting next_dagrun for dag2.v2.0 to 2025-09-23 03:00:00+00:00, run_after=2025-09-30 03:00:00+00:00
[2025-10-04T11:28:40.992+0000] {processor.py:208} INFO - Processing /opt/airflow/dags/dag2.py took 0.198 seconds
[2025-10-04T11:29:11.811+0000] {processor.py:186} INFO - Started process (PID=687) to work on /opt/airflow/dags/dag2.py
[2025-10-04T11:29:11.816+0000] {processor.py:914} INFO - Processing file /opt/airflow/dags/dag2.py for tasks to queue
[2025-10-04T11:29:11.830+0000] {logging_mixin.py:190} INFO - [2025-10-04T11:29:11.829+0000] {dagbag.py:588} INFO - Filling up the DagBag from /opt/airflow/dags/dag2.py
[2025-10-04T11:29:11.881+0000] {processor.py:925} INFO - DAG(s) 'dag2.v2.0' retrieved from /opt/airflow/dags/dag2.py
[2025-10-04T11:29:11.950+0000] {logging_mixin.py:190} INFO - [2025-10-04T11:29:11.950+0000] {dag.py:3239} INFO - Sync 1 DAGs
[2025-10-04T11:29:12.022+0000] {logging_mixin.py:190} INFO - [2025-10-04T11:29:12.021+0000] {dag.py:4180} INFO - Setting next_dagrun for dag2.v2.0 to 2025-09-23 03:00:00+00:00, run_after=2025-09-30 03:00:00+00:00
[2025-10-04T11:29:12.066+0000] {processor.py:208} INFO - Processing /opt/airflow/dags/dag2.py took 0.279 seconds
[2025-10-04T11:29:42.883+0000] {processor.py:186} INFO - Started process (PID=713) to work on /opt/airflow/dags/dag2.py
[2025-10-04T11:29:42.888+0000] {processor.py:914} INFO - Processing file /opt/airflow/dags/dag2.py for tasks to queue
[2025-10-04T11:29:42.894+0000] {logging_mixin.py:190} INFO - [2025-10-04T11:29:42.893+0000] {dagbag.py:588} INFO - Filling up the DagBag from /opt/airflow/dags/dag2.py
[2025-10-04T11:29:42.941+0000] {processor.py:925} INFO - DAG(s) 'dag2.v2.0' retrieved from /opt/airflow/dags/dag2.py
[2025-10-04T11:29:43.021+0000] {logging_mixin.py:190} INFO - [2025-10-04T11:29:43.021+0000] {dag.py:3239} INFO - Sync 1 DAGs
[2025-10-04T11:29:43.082+0000] {logging_mixin.py:190} INFO - [2025-10-04T11:29:43.081+0000] {dag.py:4180} INFO - Setting next_dagrun for dag2.v2.0 to 2025-09-23 03:00:00+00:00, run_after=2025-09-30 03:00:00+00:00
[2025-10-04T11:29:43.113+0000] {processor.py:208} INFO - Processing /opt/airflow/dags/dag2.py took 0.247 seconds
[2025-10-04T11:30:13.611+0000] {processor.py:186} INFO - Started process (PID=739) to work on /opt/airflow/dags/dag2.py
[2025-10-04T11:30:13.617+0000] {processor.py:914} INFO - Processing file /opt/airflow/dags/dag2.py for tasks to queue
[2025-10-04T11:30:13.627+0000] {logging_mixin.py:190} INFO - [2025-10-04T11:30:13.626+0000] {dagbag.py:588} INFO - Filling up the DagBag from /opt/airflow/dags/dag2.py
[2025-10-04T11:30:13.682+0000] {processor.py:925} INFO - DAG(s) 'dag2.v2.0' retrieved from /opt/airflow/dags/dag2.py
[2025-10-04T11:30:13.742+0000] {logging_mixin.py:190} INFO - [2025-10-04T11:30:13.741+0000] {dag.py:3239} INFO - Sync 1 DAGs
[2025-10-04T11:30:13.801+0000] {logging_mixin.py:190} INFO - [2025-10-04T11:30:13.801+0000] {dag.py:4180} INFO - Setting next_dagrun for dag2.v2.0 to 2025-09-23 03:00:00+00:00, run_after=2025-09-30 03:00:00+00:00
[2025-10-04T11:30:13.846+0000] {processor.py:208} INFO - Processing /opt/airflow/dags/dag2.py took 0.258 seconds
[2025-10-04T11:30:44.748+0000] {processor.py:186} INFO - Started process (PID=765) to work on /opt/airflow/dags/dag2.py
[2025-10-04T11:30:44.750+0000] {processor.py:914} INFO - Processing file /opt/airflow/dags/dag2.py for tasks to queue
[2025-10-04T11:30:44.755+0000] {logging_mixin.py:190} INFO - [2025-10-04T11:30:44.754+0000] {dagbag.py:588} INFO - Filling up the DagBag from /opt/airflow/dags/dag2.py
[2025-10-04T11:30:44.785+0000] {processor.py:925} INFO - DAG(s) 'dag2.v2.0' retrieved from /opt/airflow/dags/dag2.py
[2025-10-04T11:30:44.843+0000] {logging_mixin.py:190} INFO - [2025-10-04T11:30:44.842+0000] {dag.py:3239} INFO - Sync 1 DAGs
[2025-10-04T11:30:44.890+0000] {logging_mixin.py:190} INFO - [2025-10-04T11:30:44.890+0000] {dag.py:4180} INFO - Setting next_dagrun for dag2.v2.0 to 2025-09-23 03:00:00+00:00, run_after=2025-09-30 03:00:00+00:00
[2025-10-04T11:30:44.933+0000] {processor.py:208} INFO - Processing /opt/airflow/dags/dag2.py took 0.194 seconds
[2025-10-04T11:31:15.497+0000] {processor.py:186} INFO - Started process (PID=791) to work on /opt/airflow/dags/dag2.py
[2025-10-04T11:31:15.500+0000] {processor.py:914} INFO - Processing file /opt/airflow/dags/dag2.py for tasks to queue
[2025-10-04T11:31:15.509+0000] {logging_mixin.py:190} INFO - [2025-10-04T11:31:15.509+0000] {dagbag.py:588} INFO - Filling up the DagBag from /opt/airflow/dags/dag2.py
[2025-10-04T11:31:15.549+0000] {processor.py:925} INFO - DAG(s) 'dag2.v2.0' retrieved from /opt/airflow/dags/dag2.py
[2025-10-04T11:31:15.608+0000] {logging_mixin.py:190} INFO - [2025-10-04T11:31:15.608+0000] {dag.py:3239} INFO - Sync 1 DAGs
[2025-10-04T11:31:15.673+0000] {logging_mixin.py:190} INFO - [2025-10-04T11:31:15.672+0000] {dag.py:4180} INFO - Setting next_dagrun for dag2.v2.0 to 2025-09-23 03:00:00+00:00, run_after=2025-09-30 03:00:00+00:00
[2025-10-04T11:31:15.711+0000] {processor.py:208} INFO - Processing /opt/airflow/dags/dag2.py took 0.232 seconds
[2025-10-04T11:31:46.534+0000] {processor.py:186} INFO - Started process (PID=817) to work on /opt/airflow/dags/dag2.py
[2025-10-04T11:31:46.539+0000] {processor.py:914} INFO - Processing file /opt/airflow/dags/dag2.py for tasks to queue
[2025-10-04T11:31:46.543+0000] {logging_mixin.py:190} INFO - [2025-10-04T11:31:46.542+0000] {dagbag.py:588} INFO - Filling up the DagBag from /opt/airflow/dags/dag2.py
[2025-10-04T11:31:46.577+0000] {processor.py:925} INFO - DAG(s) 'dag2.v2.0' retrieved from /opt/airflow/dags/dag2.py
[2025-10-04T11:31:46.641+0000] {logging_mixin.py:190} INFO - [2025-10-04T11:31:46.641+0000] {dag.py:3239} INFO - Sync 1 DAGs
[2025-10-04T11:31:46.686+0000] {logging_mixin.py:190} INFO - [2025-10-04T11:31:46.686+0000] {dag.py:4180} INFO - Setting next_dagrun for dag2.v2.0 to 2025-09-23 03:00:00+00:00, run_after=2025-09-30 03:00:00+00:00
[2025-10-04T11:31:46.722+0000] {processor.py:208} INFO - Processing /opt/airflow/dags/dag2.py took 0.201 seconds
[2025-10-04T11:32:17.597+0000] {processor.py:186} INFO - Started process (PID=843) to work on /opt/airflow/dags/dag2.py
[2025-10-04T11:32:17.600+0000] {processor.py:914} INFO - Processing file /opt/airflow/dags/dag2.py for tasks to queue
[2025-10-04T11:32:17.606+0000] {logging_mixin.py:190} INFO - [2025-10-04T11:32:17.606+0000] {dagbag.py:588} INFO - Filling up the DagBag from /opt/airflow/dags/dag2.py
[2025-10-04T11:32:17.647+0000] {processor.py:925} INFO - DAG(s) 'dag2.v2.0' retrieved from /opt/airflow/dags/dag2.py
[2025-10-04T11:32:17.690+0000] {logging_mixin.py:190} INFO - [2025-10-04T11:32:17.690+0000] {dag.py:3239} INFO - Sync 1 DAGs
[2025-10-04T11:32:17.742+0000] {logging_mixin.py:190} INFO - [2025-10-04T11:32:17.742+0000] {dag.py:4180} INFO - Setting next_dagrun for dag2.v2.0 to 2025-09-23 03:00:00+00:00, run_after=2025-09-30 03:00:00+00:00
[2025-10-04T11:32:17.775+0000] {processor.py:208} INFO - Processing /opt/airflow/dags/dag2.py took 0.197 seconds
[2025-10-04T11:37:56.214+0000] {processor.py:186} INFO - Started process (PID=215) to work on /opt/airflow/dags/dag2.py
[2025-10-04T11:37:56.217+0000] {processor.py:914} INFO - Processing file /opt/airflow/dags/dag2.py for tasks to queue
[2025-10-04T11:37:56.223+0000] {logging_mixin.py:190} INFO - [2025-10-04T11:37:56.222+0000] {dagbag.py:588} INFO - Filling up the DagBag from /opt/airflow/dags/dag2.py
[2025-10-04T11:37:56.261+0000] {processor.py:925} INFO - DAG(s) 'dag2.v2.0' retrieved from /opt/airflow/dags/dag2.py
[2025-10-04T11:37:56.307+0000] {logging_mixin.py:190} INFO - [2025-10-04T11:37:56.306+0000] {dag.py:3239} INFO - Sync 1 DAGs
[2025-10-04T11:37:56.353+0000] {logging_mixin.py:190} INFO - [2025-10-04T11:37:56.353+0000] {dag.py:4180} INFO - Setting next_dagrun for dag2.v2.0 to 2025-09-23 03:00:00+00:00, run_after=2025-09-30 03:00:00+00:00
[2025-10-04T11:37:56.387+0000] {processor.py:208} INFO - Processing /opt/airflow/dags/dag2.py took 0.195 seconds
[2025-10-04T11:38:27.107+0000] {processor.py:186} INFO - Started process (PID=241) to work on /opt/airflow/dags/dag2.py
[2025-10-04T11:38:27.109+0000] {processor.py:914} INFO - Processing file /opt/airflow/dags/dag2.py for tasks to queue
[2025-10-04T11:38:27.116+0000] {logging_mixin.py:190} INFO - [2025-10-04T11:38:27.115+0000] {dagbag.py:588} INFO - Filling up the DagBag from /opt/airflow/dags/dag2.py
[2025-10-04T11:38:27.149+0000] {processor.py:925} INFO - DAG(s) 'dag2.v2.0' retrieved from /opt/airflow/dags/dag2.py
[2025-10-04T11:38:27.204+0000] {logging_mixin.py:190} INFO - [2025-10-04T11:38:27.204+0000] {dag.py:3239} INFO - Sync 1 DAGs
[2025-10-04T11:38:27.245+0000] {logging_mixin.py:190} INFO - [2025-10-04T11:38:27.244+0000] {dag.py:4180} INFO - Setting next_dagrun for dag2.v2.0 to 2025-09-23 03:00:00+00:00, run_after=2025-09-30 03:00:00+00:00
[2025-10-04T11:38:27.276+0000] {processor.py:208} INFO - Processing /opt/airflow/dags/dag2.py took 0.182 seconds
[2025-10-04T11:38:58.115+0000] {processor.py:186} INFO - Started process (PID=267) to work on /opt/airflow/dags/dag2.py
[2025-10-04T11:38:58.118+0000] {processor.py:914} INFO - Processing file /opt/airflow/dags/dag2.py for tasks to queue
[2025-10-04T11:38:58.132+0000] {logging_mixin.py:190} INFO - [2025-10-04T11:38:58.131+0000] {dagbag.py:588} INFO - Filling up the DagBag from /opt/airflow/dags/dag2.py
[2025-10-04T11:38:58.169+0000] {processor.py:925} INFO - DAG(s) 'dag2.v2.0' retrieved from /opt/airflow/dags/dag2.py
[2025-10-04T11:38:58.281+0000] {logging_mixin.py:190} INFO - [2025-10-04T11:38:58.281+0000] {dag.py:3239} INFO - Sync 1 DAGs
[2025-10-04T11:38:58.380+0000] {logging_mixin.py:190} INFO - [2025-10-04T11:38:58.379+0000] {dag.py:4180} INFO - Setting next_dagrun for dag2.v2.0 to 2025-09-23 03:00:00+00:00, run_after=2025-09-30 03:00:00+00:00
[2025-10-04T11:38:58.415+0000] {processor.py:208} INFO - Processing /opt/airflow/dags/dag2.py took 0.317 seconds
[2025-10-04T11:39:29.230+0000] {processor.py:186} INFO - Started process (PID=293) to work on /opt/airflow/dags/dag2.py
[2025-10-04T11:39:29.232+0000] {processor.py:914} INFO - Processing file /opt/airflow/dags/dag2.py for tasks to queue
[2025-10-04T11:39:29.239+0000] {logging_mixin.py:190} INFO - [2025-10-04T11:39:29.238+0000] {dagbag.py:588} INFO - Filling up the DagBag from /opt/airflow/dags/dag2.py
[2025-10-04T11:39:29.280+0000] {processor.py:925} INFO - DAG(s) 'dag2.v2.0' retrieved from /opt/airflow/dags/dag2.py
[2025-10-04T11:39:29.340+0000] {logging_mixin.py:190} INFO - [2025-10-04T11:39:29.340+0000] {dag.py:3239} INFO - Sync 1 DAGs
[2025-10-04T11:39:29.394+0000] {logging_mixin.py:190} INFO - [2025-10-04T11:39:29.393+0000] {dag.py:4180} INFO - Setting next_dagrun for dag2.v2.0 to 2025-09-23 03:00:00+00:00, run_after=2025-09-30 03:00:00+00:00
[2025-10-04T11:39:29.426+0000] {processor.py:208} INFO - Processing /opt/airflow/dags/dag2.py took 0.213 seconds
[2025-10-04T11:40:00.001+0000] {processor.py:186} INFO - Started process (PID=319) to work on /opt/airflow/dags/dag2.py
[2025-10-04T11:40:00.003+0000] {processor.py:914} INFO - Processing file /opt/airflow/dags/dag2.py for tasks to queue
[2025-10-04T11:40:00.010+0000] {logging_mixin.py:190} INFO - [2025-10-04T11:40:00.009+0000] {dagbag.py:588} INFO - Filling up the DagBag from /opt/airflow/dags/dag2.py
[2025-10-04T11:40:00.046+0000] {processor.py:925} INFO - DAG(s) 'dag2.v2.0' retrieved from /opt/airflow/dags/dag2.py
[2025-10-04T11:40:00.089+0000] {logging_mixin.py:190} INFO - [2025-10-04T11:40:00.089+0000] {dag.py:3239} INFO - Sync 1 DAGs
[2025-10-04T11:40:00.130+0000] {logging_mixin.py:190} INFO - [2025-10-04T11:40:00.130+0000] {dag.py:4180} INFO - Setting next_dagrun for dag2.v2.0 to 2025-09-23 03:00:00+00:00, run_after=2025-09-30 03:00:00+00:00
[2025-10-04T11:40:00.162+0000] {processor.py:208} INFO - Processing /opt/airflow/dags/dag2.py took 0.175 seconds
[2025-10-04T11:40:30.965+0000] {processor.py:186} INFO - Started process (PID=345) to work on /opt/airflow/dags/dag2.py
[2025-10-04T11:40:30.968+0000] {processor.py:914} INFO - Processing file /opt/airflow/dags/dag2.py for tasks to queue
[2025-10-04T11:40:30.977+0000] {logging_mixin.py:190} INFO - [2025-10-04T11:40:30.976+0000] {dagbag.py:588} INFO - Filling up the DagBag from /opt/airflow/dags/dag2.py
[2025-10-04T11:40:31.028+0000] {processor.py:925} INFO - DAG(s) 'dag2.v2.0' retrieved from /opt/airflow/dags/dag2.py
[2025-10-04T11:40:31.095+0000] {logging_mixin.py:190} INFO - [2025-10-04T11:40:31.095+0000] {dag.py:3239} INFO - Sync 1 DAGs
[2025-10-04T11:40:31.161+0000] {logging_mixin.py:190} INFO - [2025-10-04T11:40:31.160+0000] {dag.py:4180} INFO - Setting next_dagrun for dag2.v2.0 to 2025-09-23 03:00:00+00:00, run_after=2025-09-30 03:00:00+00:00
[2025-10-04T11:40:31.937+0000] {processor.py:208} INFO - Processing /opt/airflow/dags/dag2.py took 0.991 seconds
[2025-10-04T11:41:02.506+0000] {processor.py:186} INFO - Started process (PID=371) to work on /opt/airflow/dags/dag2.py
[2025-10-04T11:41:02.509+0000] {processor.py:914} INFO - Processing file /opt/airflow/dags/dag2.py for tasks to queue
[2025-10-04T11:41:02.515+0000] {logging_mixin.py:190} INFO - [2025-10-04T11:41:02.514+0000] {dagbag.py:588} INFO - Filling up the DagBag from /opt/airflow/dags/dag2.py
[2025-10-04T11:41:02.552+0000] {processor.py:925} INFO - DAG(s) 'dag2.v2.0' retrieved from /opt/airflow/dags/dag2.py
[2025-10-04T11:41:02.602+0000] {logging_mixin.py:190} INFO - [2025-10-04T11:41:02.602+0000] {dag.py:3239} INFO - Sync 1 DAGs
[2025-10-04T11:41:03.048+0000] {logging_mixin.py:190} INFO - [2025-10-04T11:41:03.048+0000] {dag.py:4180} INFO - Setting next_dagrun for dag2.v2.0 to 2025-09-23 03:00:00+00:00, run_after=2025-09-30 03:00:00+00:00
[2025-10-04T11:41:03.092+0000] {processor.py:208} INFO - Processing /opt/airflow/dags/dag2.py took 0.599 seconds
[2025-10-04T11:41:33.429+0000] {processor.py:186} INFO - Started process (PID=397) to work on /opt/airflow/dags/dag2.py
[2025-10-04T11:41:33.431+0000] {processor.py:914} INFO - Processing file /opt/airflow/dags/dag2.py for tasks to queue
[2025-10-04T11:41:33.436+0000] {logging_mixin.py:190} INFO - [2025-10-04T11:41:33.436+0000] {dagbag.py:588} INFO - Filling up the DagBag from /opt/airflow/dags/dag2.py
[2025-10-04T11:41:33.477+0000] {processor.py:925} INFO - DAG(s) 'dag2.v2.0' retrieved from /opt/airflow/dags/dag2.py
[2025-10-04T11:41:34.095+0000] {logging_mixin.py:190} INFO - [2025-10-04T11:41:34.095+0000] {dag.py:3239} INFO - Sync 1 DAGs
[2025-10-04T11:41:34.163+0000] {logging_mixin.py:190} INFO - [2025-10-04T11:41:34.162+0000] {dag.py:4180} INFO - Setting next_dagrun for dag2.v2.0 to 2025-09-23 03:00:00+00:00, run_after=2025-09-30 03:00:00+00:00
[2025-10-04T11:41:34.223+0000] {processor.py:208} INFO - Processing /opt/airflow/dags/dag2.py took 0.804 seconds
[2025-10-04T11:42:04.808+0000] {processor.py:186} INFO - Started process (PID=423) to work on /opt/airflow/dags/dag2.py
[2025-10-04T11:42:04.811+0000] {processor.py:914} INFO - Processing file /opt/airflow/dags/dag2.py for tasks to queue
[2025-10-04T11:42:05.130+0000] {logging_mixin.py:190} INFO - [2025-10-04T11:42:05.129+0000] {dagbag.py:588} INFO - Filling up the DagBag from /opt/airflow/dags/dag2.py
[2025-10-04T11:42:05.154+0000] {processor.py:925} INFO - DAG(s) 'dag2.v2.0' retrieved from /opt/airflow/dags/dag2.py
[2025-10-04T11:42:05.186+0000] {logging_mixin.py:190} INFO - [2025-10-04T11:42:05.186+0000] {dag.py:3239} INFO - Sync 1 DAGs
[2025-10-04T11:42:05.221+0000] {logging_mixin.py:190} INFO - [2025-10-04T11:42:05.221+0000] {dag.py:4180} INFO - Setting next_dagrun for dag2.v2.0 to 2025-09-23 03:00:00+00:00, run_after=2025-09-30 03:00:00+00:00
[2025-10-04T11:42:05.250+0000] {processor.py:208} INFO - Processing /opt/airflow/dags/dag2.py took 0.457 seconds
[2025-10-04T11:42:36.076+0000] {processor.py:186} INFO - Started process (PID=449) to work on /opt/airflow/dags/dag2.py
[2025-10-04T11:42:36.077+0000] {processor.py:914} INFO - Processing file /opt/airflow/dags/dag2.py for tasks to queue
[2025-10-04T11:42:36.081+0000] {logging_mixin.py:190} INFO - [2025-10-04T11:42:36.080+0000] {dagbag.py:588} INFO - Filling up the DagBag from /opt/airflow/dags/dag2.py
[2025-10-04T11:42:36.112+0000] {processor.py:925} INFO - DAG(s) 'dag2.v2.0' retrieved from /opt/airflow/dags/dag2.py
[2025-10-04T11:42:36.162+0000] {logging_mixin.py:190} INFO - [2025-10-04T11:42:36.162+0000] {dag.py:3239} INFO - Sync 1 DAGs
[2025-10-04T11:42:36.214+0000] {logging_mixin.py:190} INFO - [2025-10-04T11:42:36.214+0000] {dag.py:4180} INFO - Setting next_dagrun for dag2.v2.0 to 2025-09-23 03:00:00+00:00, run_after=2025-09-30 03:00:00+00:00
[2025-10-04T11:42:36.250+0000] {processor.py:208} INFO - Processing /opt/airflow/dags/dag2.py took 0.189 seconds
[2025-10-04T11:43:07.095+0000] {processor.py:186} INFO - Started process (PID=475) to work on /opt/airflow/dags/dag2.py
[2025-10-04T11:43:07.096+0000] {processor.py:914} INFO - Processing file /opt/airflow/dags/dag2.py for tasks to queue
[2025-10-04T11:43:07.101+0000] {logging_mixin.py:190} INFO - [2025-10-04T11:43:07.100+0000] {dagbag.py:588} INFO - Filling up the DagBag from /opt/airflow/dags/dag2.py
[2025-10-04T11:43:07.134+0000] {processor.py:925} INFO - DAG(s) 'dag2.v2.0' retrieved from /opt/airflow/dags/dag2.py
[2025-10-04T11:43:07.174+0000] {logging_mixin.py:190} INFO - [2025-10-04T11:43:07.173+0000] {dag.py:3239} INFO - Sync 1 DAGs
[2025-10-04T11:43:07.230+0000] {logging_mixin.py:190} INFO - [2025-10-04T11:43:07.230+0000] {dag.py:4180} INFO - Setting next_dagrun for dag2.v2.0 to 2025-09-23 03:00:00+00:00, run_after=2025-09-30 03:00:00+00:00
[2025-10-04T11:43:07.262+0000] {processor.py:208} INFO - Processing /opt/airflow/dags/dag2.py took 0.179 seconds
[2025-10-04T11:43:38.034+0000] {processor.py:186} INFO - Started process (PID=500) to work on /opt/airflow/dags/dag2.py
[2025-10-04T11:43:38.036+0000] {processor.py:914} INFO - Processing file /opt/airflow/dags/dag2.py for tasks to queue
[2025-10-04T11:43:38.043+0000] {logging_mixin.py:190} INFO - [2025-10-04T11:43:38.043+0000] {dagbag.py:588} INFO - Filling up the DagBag from /opt/airflow/dags/dag2.py
[2025-10-04T11:43:38.082+0000] {processor.py:925} INFO - DAG(s) 'dag2.v2.0' retrieved from /opt/airflow/dags/dag2.py
[2025-10-04T11:43:38.139+0000] {logging_mixin.py:190} INFO - [2025-10-04T11:43:38.138+0000] {dag.py:3239} INFO - Sync 1 DAGs
[2025-10-04T11:43:38.205+0000] {logging_mixin.py:190} INFO - [2025-10-04T11:43:38.205+0000] {dag.py:4180} INFO - Setting next_dagrun for dag2.v2.0 to 2025-09-23 03:00:00+00:00, run_after=2025-09-30 03:00:00+00:00
[2025-10-04T11:43:38.294+0000] {processor.py:208} INFO - Processing /opt/airflow/dags/dag2.py took 0.277 seconds
[2025-10-04T11:44:09.289+0000] {processor.py:186} INFO - Started process (PID=526) to work on /opt/airflow/dags/dag2.py
[2025-10-04T11:44:09.292+0000] {processor.py:914} INFO - Processing file /opt/airflow/dags/dag2.py for tasks to queue
[2025-10-04T11:44:09.297+0000] {logging_mixin.py:190} INFO - [2025-10-04T11:44:09.297+0000] {dagbag.py:588} INFO - Filling up the DagBag from /opt/airflow/dags/dag2.py
[2025-10-04T11:44:09.339+0000] {processor.py:925} INFO - DAG(s) 'dag2.v2.0' retrieved from /opt/airflow/dags/dag2.py
[2025-10-04T11:44:09.387+0000] {logging_mixin.py:190} INFO - [2025-10-04T11:44:09.387+0000] {dag.py:3239} INFO - Sync 1 DAGs
[2025-10-04T11:44:09.435+0000] {logging_mixin.py:190} INFO - [2025-10-04T11:44:09.434+0000] {dag.py:4180} INFO - Setting next_dagrun for dag2.v2.0 to 2025-09-23 03:00:00+00:00, run_after=2025-09-30 03:00:00+00:00
[2025-10-04T11:44:09.467+0000] {processor.py:208} INFO - Processing /opt/airflow/dags/dag2.py took 0.192 seconds
[2025-10-04T11:44:40.356+0000] {processor.py:186} INFO - Started process (PID=552) to work on /opt/airflow/dags/dag2.py
[2025-10-04T11:44:40.356+0000] {processor.py:914} INFO - Processing file /opt/airflow/dags/dag2.py for tasks to queue
[2025-10-04T11:44:40.363+0000] {logging_mixin.py:190} INFO - [2025-10-04T11:44:40.361+0000] {dagbag.py:588} INFO - Filling up the DagBag from /opt/airflow/dags/dag2.py
[2025-10-04T11:44:40.397+0000] {processor.py:925} INFO - DAG(s) 'dag2.v2.0' retrieved from /opt/airflow/dags/dag2.py
[2025-10-04T11:44:40.438+0000] {logging_mixin.py:190} INFO - [2025-10-04T11:44:40.438+0000] {dag.py:3239} INFO - Sync 1 DAGs
[2025-10-04T11:44:40.484+0000] {logging_mixin.py:190} INFO - [2025-10-04T11:44:40.483+0000] {dag.py:4180} INFO - Setting next_dagrun for dag2.v2.0 to 2025-09-23 03:00:00+00:00, run_after=2025-09-30 03:00:00+00:00
[2025-10-04T11:44:40.517+0000] {processor.py:208} INFO - Processing /opt/airflow/dags/dag2.py took 0.182 seconds
[2025-10-04T11:45:11.334+0000] {processor.py:186} INFO - Started process (PID=579) to work on /opt/airflow/dags/dag2.py
[2025-10-04T11:45:11.337+0000] {processor.py:914} INFO - Processing file /opt/airflow/dags/dag2.py for tasks to queue
[2025-10-04T11:45:11.342+0000] {logging_mixin.py:190} INFO - [2025-10-04T11:45:11.342+0000] {dagbag.py:588} INFO - Filling up the DagBag from /opt/airflow/dags/dag2.py
[2025-10-04T11:45:11.382+0000] {processor.py:925} INFO - DAG(s) 'dag2.v2.0' retrieved from /opt/airflow/dags/dag2.py
[2025-10-04T11:45:11.449+0000] {logging_mixin.py:190} INFO - [2025-10-04T11:45:11.448+0000] {dag.py:3239} INFO - Sync 1 DAGs
[2025-10-04T11:45:11.503+0000] {logging_mixin.py:190} INFO - [2025-10-04T11:45:11.503+0000] {dag.py:4180} INFO - Setting next_dagrun for dag2.v2.0 to 2025-09-23 03:00:00+00:00, run_after=2025-09-30 03:00:00+00:00
[2025-10-04T11:45:11.540+0000] {processor.py:208} INFO - Processing /opt/airflow/dags/dag2.py took 0.224 seconds
[2025-10-04T11:45:42.332+0000] {processor.py:186} INFO - Started process (PID=605) to work on /opt/airflow/dags/dag2.py
[2025-10-04T11:45:42.334+0000] {processor.py:914} INFO - Processing file /opt/airflow/dags/dag2.py for tasks to queue
[2025-10-04T11:45:42.339+0000] {logging_mixin.py:190} INFO - [2025-10-04T11:45:42.338+0000] {dagbag.py:588} INFO - Filling up the DagBag from /opt/airflow/dags/dag2.py
[2025-10-04T11:45:42.375+0000] {processor.py:925} INFO - DAG(s) 'dag2.v2.0' retrieved from /opt/airflow/dags/dag2.py
[2025-10-04T11:45:42.418+0000] {logging_mixin.py:190} INFO - [2025-10-04T11:45:42.418+0000] {dag.py:3239} INFO - Sync 1 DAGs
[2025-10-04T11:45:42.461+0000] {logging_mixin.py:190} INFO - [2025-10-04T11:45:42.461+0000] {dag.py:4180} INFO - Setting next_dagrun for dag2.v2.0 to 2025-09-23 03:00:00+00:00, run_after=2025-09-30 03:00:00+00:00
[2025-10-04T11:45:42.498+0000] {processor.py:208} INFO - Processing /opt/airflow/dags/dag2.py took 0.178 seconds
[2025-10-04T11:46:13.060+0000] {processor.py:186} INFO - Started process (PID=631) to work on /opt/airflow/dags/dag2.py
[2025-10-04T11:46:13.062+0000] {processor.py:914} INFO - Processing file /opt/airflow/dags/dag2.py for tasks to queue
[2025-10-04T11:46:13.069+0000] {logging_mixin.py:190} INFO - [2025-10-04T11:46:13.069+0000] {dagbag.py:588} INFO - Filling up the DagBag from /opt/airflow/dags/dag2.py
[2025-10-04T11:46:13.112+0000] {processor.py:925} INFO - DAG(s) 'dag2.v2.0' retrieved from /opt/airflow/dags/dag2.py
[2025-10-04T11:46:13.171+0000] {logging_mixin.py:190} INFO - [2025-10-04T11:46:13.171+0000] {dag.py:3239} INFO - Sync 1 DAGs
[2025-10-04T11:46:13.241+0000] {logging_mixin.py:190} INFO - [2025-10-04T11:46:13.238+0000] {dag.py:4180} INFO - Setting next_dagrun for dag2.v2.0 to 2025-09-23 03:00:00+00:00, run_after=2025-09-30 03:00:00+00:00
[2025-10-04T11:46:13.282+0000] {processor.py:208} INFO - Processing /opt/airflow/dags/dag2.py took 0.236 seconds
[2025-10-04T11:46:44.240+0000] {processor.py:186} INFO - Started process (PID=657) to work on /opt/airflow/dags/dag2.py
[2025-10-04T11:46:44.243+0000] {processor.py:914} INFO - Processing file /opt/airflow/dags/dag2.py for tasks to queue
[2025-10-04T11:46:44.251+0000] {logging_mixin.py:190} INFO - [2025-10-04T11:46:44.250+0000] {dagbag.py:588} INFO - Filling up the DagBag from /opt/airflow/dags/dag2.py
[2025-10-04T11:46:44.289+0000] {processor.py:925} INFO - DAG(s) 'dag2.v2.0' retrieved from /opt/airflow/dags/dag2.py
[2025-10-04T11:46:44.343+0000] {logging_mixin.py:190} INFO - [2025-10-04T11:46:44.342+0000] {dag.py:3239} INFO - Sync 1 DAGs
[2025-10-04T11:46:44.419+0000] {logging_mixin.py:190} INFO - [2025-10-04T11:46:44.418+0000] {dag.py:4180} INFO - Setting next_dagrun for dag2.v2.0 to 2025-09-23 03:00:00+00:00, run_after=2025-09-30 03:00:00+00:00
[2025-10-04T11:46:44.475+0000] {processor.py:208} INFO - Processing /opt/airflow/dags/dag2.py took 0.258 seconds
[2025-10-04T11:47:15.277+0000] {processor.py:186} INFO - Started process (PID=683) to work on /opt/airflow/dags/dag2.py
[2025-10-04T11:47:15.281+0000] {processor.py:914} INFO - Processing file /opt/airflow/dags/dag2.py for tasks to queue
[2025-10-04T11:47:15.285+0000] {logging_mixin.py:190} INFO - [2025-10-04T11:47:15.285+0000] {dagbag.py:588} INFO - Filling up the DagBag from /opt/airflow/dags/dag2.py
[2025-10-04T11:47:15.318+0000] {processor.py:925} INFO - DAG(s) 'dag2.v2.0' retrieved from /opt/airflow/dags/dag2.py
[2025-10-04T11:47:15.374+0000] {logging_mixin.py:190} INFO - [2025-10-04T11:47:15.373+0000] {dag.py:3239} INFO - Sync 1 DAGs
[2025-10-04T11:47:15.416+0000] {logging_mixin.py:190} INFO - [2025-10-04T11:47:15.416+0000] {dag.py:4180} INFO - Setting next_dagrun for dag2.v2.0 to 2025-09-23 03:00:00+00:00, run_after=2025-09-30 03:00:00+00:00
[2025-10-04T11:47:15.450+0000] {processor.py:208} INFO - Processing /opt/airflow/dags/dag2.py took 0.185 seconds
[2025-10-04T11:47:46.301+0000] {processor.py:186} INFO - Started process (PID=709) to work on /opt/airflow/dags/dag2.py
[2025-10-04T11:47:46.303+0000] {processor.py:914} INFO - Processing file /opt/airflow/dags/dag2.py for tasks to queue
[2025-10-04T11:47:46.312+0000] {logging_mixin.py:190} INFO - [2025-10-04T11:47:46.311+0000] {dagbag.py:588} INFO - Filling up the DagBag from /opt/airflow/dags/dag2.py
[2025-10-04T11:47:46.358+0000] {processor.py:925} INFO - DAG(s) 'dag2.v2.0' retrieved from /opt/airflow/dags/dag2.py
[2025-10-04T11:47:46.413+0000] {logging_mixin.py:190} INFO - [2025-10-04T11:47:46.412+0000] {dag.py:3239} INFO - Sync 1 DAGs
[2025-10-04T11:47:46.478+0000] {logging_mixin.py:190} INFO - [2025-10-04T11:47:46.477+0000] {dag.py:4180} INFO - Setting next_dagrun for dag2.v2.0 to 2025-09-23 03:00:00+00:00, run_after=2025-09-30 03:00:00+00:00
[2025-10-04T11:47:46.510+0000] {processor.py:208} INFO - Processing /opt/airflow/dags/dag2.py took 0.231 seconds
[2025-10-04T11:48:17.392+0000] {processor.py:186} INFO - Started process (PID=735) to work on /opt/airflow/dags/dag2.py
[2025-10-04T11:48:17.395+0000] {processor.py:914} INFO - Processing file /opt/airflow/dags/dag2.py for tasks to queue
[2025-10-04T11:48:17.400+0000] {logging_mixin.py:190} INFO - [2025-10-04T11:48:17.400+0000] {dagbag.py:588} INFO - Filling up the DagBag from /opt/airflow/dags/dag2.py
[2025-10-04T11:48:17.444+0000] {processor.py:925} INFO - DAG(s) 'dag2.v2.0' retrieved from /opt/airflow/dags/dag2.py
[2025-10-04T11:48:17.488+0000] {logging_mixin.py:190} INFO - [2025-10-04T11:48:17.488+0000] {dag.py:3239} INFO - Sync 1 DAGs
[2025-10-04T11:48:17.528+0000] {logging_mixin.py:190} INFO - [2025-10-04T11:48:17.528+0000] {dag.py:4180} INFO - Setting next_dagrun for dag2.v2.0 to 2025-09-23 03:00:00+00:00, run_after=2025-09-30 03:00:00+00:00
[2025-10-04T11:48:17.558+0000] {processor.py:208} INFO - Processing /opt/airflow/dags/dag2.py took 0.183 seconds
[2025-10-04T11:48:48.403+0000] {processor.py:186} INFO - Started process (PID=761) to work on /opt/airflow/dags/dag2.py
[2025-10-04T11:48:48.405+0000] {processor.py:914} INFO - Processing file /opt/airflow/dags/dag2.py for tasks to queue
[2025-10-04T11:48:48.412+0000] {logging_mixin.py:190} INFO - [2025-10-04T11:48:48.412+0000] {dagbag.py:588} INFO - Filling up the DagBag from /opt/airflow/dags/dag2.py
[2025-10-04T11:48:48.455+0000] {processor.py:925} INFO - DAG(s) 'dag2.v2.0' retrieved from /opt/airflow/dags/dag2.py
[2025-10-04T11:48:48.501+0000] {logging_mixin.py:190} INFO - [2025-10-04T11:48:48.501+0000] {dag.py:3239} INFO - Sync 1 DAGs
[2025-10-04T11:48:48.545+0000] {logging_mixin.py:190} INFO - [2025-10-04T11:48:48.545+0000] {dag.py:4180} INFO - Setting next_dagrun for dag2.v2.0 to 2025-09-23 03:00:00+00:00, run_after=2025-09-30 03:00:00+00:00
[2025-10-04T11:48:48.587+0000] {processor.py:208} INFO - Processing /opt/airflow/dags/dag2.py took 0.197 seconds
