[2025-10-04T11:19:54.855+0000] {processor.py:186} INFO - Started process (PID=227) to work on /opt/airflow/dags/dag_verify.py
[2025-10-04T11:19:54.857+0000] {processor.py:914} INFO - Processing file /opt/airflow/dags/dag_verify.py for tasks to queue
[2025-10-04T11:19:54.860+0000] {logging_mixin.py:190} INFO - [2025-10-04T11:19:54.860+0000] {dagbag.py:588} INFO - Filling up the DagBag from /opt/airflow/dags/dag_verify.py
[2025-10-04T11:19:54.890+0000] {processor.py:925} INFO - DAG(s) 'dag_verify' retrieved from /opt/airflow/dags/dag_verify.py
[2025-10-04T11:19:55.087+0000] {logging_mixin.py:190} INFO - [2025-10-04T11:19:55.086+0000] {override.py:1911} INFO - Created Permission View: can read on DAG:dag_verify
[2025-10-04T11:19:55.103+0000] {logging_mixin.py:190} INFO - [2025-10-04T11:19:55.103+0000] {override.py:1911} INFO - Created Permission View: can delete on DAG:dag_verify
[2025-10-04T11:19:55.116+0000] {logging_mixin.py:190} INFO - [2025-10-04T11:19:55.116+0000] {override.py:1911} INFO - Created Permission View: can edit on DAG:dag_verify
[2025-10-04T11:19:55.133+0000] {logging_mixin.py:190} INFO - [2025-10-04T11:19:55.133+0000] {override.py:1911} INFO - Created Permission View: can read on DAG Run:dag_verify
[2025-10-04T11:19:55.146+0000] {logging_mixin.py:190} INFO - [2025-10-04T11:19:55.145+0000] {override.py:1911} INFO - Created Permission View: can delete on DAG Run:dag_verify
[2025-10-04T11:19:55.159+0000] {logging_mixin.py:190} INFO - [2025-10-04T11:19:55.158+0000] {override.py:1911} INFO - Created Permission View: menu access on DAG Run:dag_verify
[2025-10-04T11:19:55.171+0000] {logging_mixin.py:190} INFO - [2025-10-04T11:19:55.171+0000] {override.py:1911} INFO - Created Permission View: can create on DAG Run:dag_verify
[2025-10-04T11:19:55.172+0000] {logging_mixin.py:190} INFO - [2025-10-04T11:19:55.172+0000] {dag.py:3239} INFO - Sync 1 DAGs
[2025-10-04T11:19:55.449+0000] {logging_mixin.py:190} INFO - [2025-10-04T11:19:55.449+0000] {dag.py:3262} INFO - Creating ORM DAG for dag_verify
[2025-10-04T11:19:55.466+0000] {logging_mixin.py:190} INFO - [2025-10-04T11:19:55.466+0000] {dag.py:4180} INFO - Setting next_dagrun for dag_verify to 2025-10-03 00:00:00+00:00, run_after=2025-10-04 00:00:00+00:00
[2025-10-04T11:19:55.492+0000] {processor.py:208} INFO - Processing /opt/airflow/dags/dag_verify.py took 0.648 seconds
[2025-10-04T11:20:26.027+0000] {processor.py:186} INFO - Started process (PID=253) to work on /opt/airflow/dags/dag_verify.py
[2025-10-04T11:20:26.029+0000] {processor.py:914} INFO - Processing file /opt/airflow/dags/dag_verify.py for tasks to queue
[2025-10-04T11:20:26.035+0000] {logging_mixin.py:190} INFO - [2025-10-04T11:20:26.034+0000] {dagbag.py:588} INFO - Filling up the DagBag from /opt/airflow/dags/dag_verify.py
[2025-10-04T11:20:26.093+0000] {processor.py:925} INFO - DAG(s) 'dag_verify' retrieved from /opt/airflow/dags/dag_verify.py
[2025-10-04T11:20:26.183+0000] {logging_mixin.py:190} INFO - [2025-10-04T11:20:26.182+0000] {dag.py:3239} INFO - Sync 1 DAGs
[2025-10-04T11:20:26.243+0000] {logging_mixin.py:190} INFO - [2025-10-04T11:20:26.242+0000] {dag.py:4180} INFO - Setting next_dagrun for dag_verify to 2025-10-03 00:00:00+00:00, run_after=2025-10-04 00:00:00+00:00
[2025-10-04T11:20:26.275+0000] {processor.py:208} INFO - Processing /opt/airflow/dags/dag_verify.py took 0.261 seconds
[2025-10-04T11:20:56.837+0000] {processor.py:186} INFO - Started process (PID=279) to work on /opt/airflow/dags/dag_verify.py
[2025-10-04T11:20:56.839+0000] {processor.py:914} INFO - Processing file /opt/airflow/dags/dag_verify.py for tasks to queue
[2025-10-04T11:20:56.843+0000] {logging_mixin.py:190} INFO - [2025-10-04T11:20:56.843+0000] {dagbag.py:588} INFO - Filling up the DagBag from /opt/airflow/dags/dag_verify.py
[2025-10-04T11:20:56.874+0000] {processor.py:925} INFO - DAG(s) 'dag_verify' retrieved from /opt/airflow/dags/dag_verify.py
[2025-10-04T11:20:56.913+0000] {logging_mixin.py:190} INFO - [2025-10-04T11:20:56.912+0000] {dag.py:3239} INFO - Sync 1 DAGs
[2025-10-04T11:20:56.950+0000] {logging_mixin.py:190} INFO - [2025-10-04T11:20:56.950+0000] {dag.py:4180} INFO - Setting next_dagrun for dag_verify to 2025-10-03 00:00:00+00:00, run_after=2025-10-04 00:00:00+00:00
[2025-10-04T11:20:56.979+0000] {processor.py:208} INFO - Processing /opt/airflow/dags/dag_verify.py took 0.156 seconds
[2025-10-04T11:21:27.553+0000] {processor.py:186} INFO - Started process (PID=305) to work on /opt/airflow/dags/dag_verify.py
[2025-10-04T11:21:27.555+0000] {processor.py:914} INFO - Processing file /opt/airflow/dags/dag_verify.py for tasks to queue
[2025-10-04T11:21:27.563+0000] {logging_mixin.py:190} INFO - [2025-10-04T11:21:27.562+0000] {dagbag.py:588} INFO - Filling up the DagBag from /opt/airflow/dags/dag_verify.py
[2025-10-04T11:21:27.603+0000] {processor.py:925} INFO - DAG(s) 'dag_verify' retrieved from /opt/airflow/dags/dag_verify.py
[2025-10-04T11:21:27.654+0000] {logging_mixin.py:190} INFO - [2025-10-04T11:21:27.654+0000] {dag.py:3239} INFO - Sync 1 DAGs
[2025-10-04T11:21:27.704+0000] {logging_mixin.py:190} INFO - [2025-10-04T11:21:27.704+0000] {dag.py:4180} INFO - Setting next_dagrun for dag_verify to 2025-10-03 00:00:00+00:00, run_after=2025-10-04 00:00:00+00:00
[2025-10-04T11:21:27.739+0000] {processor.py:208} INFO - Processing /opt/airflow/dags/dag_verify.py took 0.196 seconds
[2025-10-04T11:21:58.457+0000] {processor.py:186} INFO - Started process (PID=331) to work on /opt/airflow/dags/dag_verify.py
[2025-10-04T11:21:58.458+0000] {processor.py:914} INFO - Processing file /opt/airflow/dags/dag_verify.py for tasks to queue
[2025-10-04T11:21:58.462+0000] {logging_mixin.py:190} INFO - [2025-10-04T11:21:58.461+0000] {dagbag.py:588} INFO - Filling up the DagBag from /opt/airflow/dags/dag_verify.py
[2025-10-04T11:21:58.495+0000] {processor.py:925} INFO - DAG(s) 'dag_verify' retrieved from /opt/airflow/dags/dag_verify.py
[2025-10-04T11:21:58.536+0000] {logging_mixin.py:190} INFO - [2025-10-04T11:21:58.536+0000] {dag.py:3239} INFO - Sync 1 DAGs
[2025-10-04T11:21:58.575+0000] {logging_mixin.py:190} INFO - [2025-10-04T11:21:58.575+0000] {dag.py:4180} INFO - Setting next_dagrun for dag_verify to 2025-10-03 00:00:00+00:00, run_after=2025-10-04 00:00:00+00:00
[2025-10-04T11:21:58.609+0000] {processor.py:208} INFO - Processing /opt/airflow/dags/dag_verify.py took 0.163 seconds
[2025-10-04T11:22:29.145+0000] {processor.py:186} INFO - Started process (PID=357) to work on /opt/airflow/dags/dag_verify.py
[2025-10-04T11:22:29.147+0000] {processor.py:914} INFO - Processing file /opt/airflow/dags/dag_verify.py for tasks to queue
[2025-10-04T11:22:29.151+0000] {logging_mixin.py:190} INFO - [2025-10-04T11:22:29.151+0000] {dagbag.py:588} INFO - Filling up the DagBag from /opt/airflow/dags/dag_verify.py
[2025-10-04T11:22:29.184+0000] {processor.py:925} INFO - DAG(s) 'dag_verify' retrieved from /opt/airflow/dags/dag_verify.py
[2025-10-04T11:22:29.226+0000] {logging_mixin.py:190} INFO - [2025-10-04T11:22:29.226+0000] {dag.py:3239} INFO - Sync 1 DAGs
[2025-10-04T11:22:29.270+0000] {logging_mixin.py:190} INFO - [2025-10-04T11:22:29.269+0000] {dag.py:4180} INFO - Setting next_dagrun for dag_verify to 2025-10-03 00:00:00+00:00, run_after=2025-10-04 00:00:00+00:00
[2025-10-04T11:22:29.534+0000] {processor.py:208} INFO - Processing /opt/airflow/dags/dag_verify.py took 0.399 seconds
[2025-10-04T11:23:00.432+0000] {processor.py:186} INFO - Started process (PID=385) to work on /opt/airflow/dags/dag_verify.py
[2025-10-04T11:23:00.434+0000] {processor.py:914} INFO - Processing file /opt/airflow/dags/dag_verify.py for tasks to queue
[2025-10-04T11:23:00.440+0000] {logging_mixin.py:190} INFO - [2025-10-04T11:23:00.439+0000] {dagbag.py:588} INFO - Filling up the DagBag from /opt/airflow/dags/dag_verify.py
[2025-10-04T11:23:00.474+0000] {processor.py:925} INFO - DAG(s) 'dag_verify' retrieved from /opt/airflow/dags/dag_verify.py
[2025-10-04T11:23:00.522+0000] {logging_mixin.py:190} INFO - [2025-10-04T11:23:00.521+0000] {dag.py:3239} INFO - Sync 1 DAGs
[2025-10-04T11:23:00.827+0000] {logging_mixin.py:190} INFO - [2025-10-04T11:23:00.826+0000] {dag.py:4180} INFO - Setting next_dagrun for dag_verify to 2025-10-03 00:00:00+00:00, run_after=2025-10-04 00:00:00+00:00
[2025-10-04T11:23:00.867+0000] {processor.py:208} INFO - Processing /opt/airflow/dags/dag_verify.py took 0.448 seconds
[2025-10-04T11:23:31.362+0000] {processor.py:186} INFO - Started process (PID=411) to work on /opt/airflow/dags/dag_verify.py
[2025-10-04T11:23:31.365+0000] {processor.py:914} INFO - Processing file /opt/airflow/dags/dag_verify.py for tasks to queue
[2025-10-04T11:23:31.370+0000] {logging_mixin.py:190} INFO - [2025-10-04T11:23:31.369+0000] {dagbag.py:588} INFO - Filling up the DagBag from /opt/airflow/dags/dag_verify.py
[2025-10-04T11:23:31.403+0000] {processor.py:925} INFO - DAG(s) 'dag_verify' retrieved from /opt/airflow/dags/dag_verify.py
[2025-10-04T11:23:31.668+0000] {logging_mixin.py:190} INFO - [2025-10-04T11:23:31.668+0000] {dag.py:3239} INFO - Sync 1 DAGs
[2025-10-04T11:23:31.701+0000] {logging_mixin.py:190} INFO - [2025-10-04T11:23:31.701+0000] {dag.py:4180} INFO - Setting next_dagrun for dag_verify to 2025-10-03 00:00:00+00:00, run_after=2025-10-04 00:00:00+00:00
[2025-10-04T11:23:31.728+0000] {processor.py:208} INFO - Processing /opt/airflow/dags/dag_verify.py took 0.375 seconds
[2025-10-04T11:24:02.352+0000] {processor.py:186} INFO - Started process (PID=437) to work on /opt/airflow/dags/dag_verify.py
[2025-10-04T11:24:02.354+0000] {processor.py:914} INFO - Processing file /opt/airflow/dags/dag_verify.py for tasks to queue
[2025-10-04T11:24:02.610+0000] {logging_mixin.py:190} INFO - [2025-10-04T11:24:02.610+0000] {dagbag.py:588} INFO - Filling up the DagBag from /opt/airflow/dags/dag_verify.py
[2025-10-04T11:24:02.634+0000] {processor.py:925} INFO - DAG(s) 'dag_verify' retrieved from /opt/airflow/dags/dag_verify.py
[2025-10-04T11:24:02.689+0000] {logging_mixin.py:190} INFO - [2025-10-04T11:24:02.688+0000] {dag.py:3239} INFO - Sync 1 DAGs
[2025-10-04T11:24:02.727+0000] {logging_mixin.py:190} INFO - [2025-10-04T11:24:02.727+0000] {dag.py:4180} INFO - Setting next_dagrun for dag_verify to 2025-10-03 00:00:00+00:00, run_after=2025-10-04 00:00:00+00:00
[2025-10-04T11:24:02.757+0000] {processor.py:208} INFO - Processing /opt/airflow/dags/dag_verify.py took 0.416 seconds
[2025-10-04T11:24:33.553+0000] {processor.py:186} INFO - Started process (PID=463) to work on /opt/airflow/dags/dag_verify.py
[2025-10-04T11:24:33.555+0000] {processor.py:914} INFO - Processing file /opt/airflow/dags/dag_verify.py for tasks to queue
[2025-10-04T11:24:33.559+0000] {logging_mixin.py:190} INFO - [2025-10-04T11:24:33.558+0000] {dagbag.py:588} INFO - Filling up the DagBag from /opt/airflow/dags/dag_verify.py
[2025-10-04T11:24:33.591+0000] {processor.py:925} INFO - DAG(s) 'dag_verify' retrieved from /opt/airflow/dags/dag_verify.py
[2025-10-04T11:24:33.631+0000] {logging_mixin.py:190} INFO - [2025-10-04T11:24:33.630+0000] {dag.py:3239} INFO - Sync 1 DAGs
[2025-10-04T11:24:33.668+0000] {logging_mixin.py:190} INFO - [2025-10-04T11:24:33.667+0000] {dag.py:4180} INFO - Setting next_dagrun for dag_verify to 2025-10-03 00:00:00+00:00, run_after=2025-10-04 00:00:00+00:00
[2025-10-04T11:24:33.705+0000] {processor.py:208} INFO - Processing /opt/airflow/dags/dag_verify.py took 0.165 seconds
[2025-10-04T11:25:04.095+0000] {processor.py:186} INFO - Started process (PID=489) to work on /opt/airflow/dags/dag_verify.py
[2025-10-04T11:25:04.097+0000] {processor.py:914} INFO - Processing file /opt/airflow/dags/dag_verify.py for tasks to queue
[2025-10-04T11:25:04.101+0000] {logging_mixin.py:190} INFO - [2025-10-04T11:25:04.100+0000] {dagbag.py:588} INFO - Filling up the DagBag from /opt/airflow/dags/dag_verify.py
[2025-10-04T11:25:04.134+0000] {processor.py:925} INFO - DAG(s) 'dag_verify' retrieved from /opt/airflow/dags/dag_verify.py
[2025-10-04T11:25:04.176+0000] {logging_mixin.py:190} INFO - [2025-10-04T11:25:04.176+0000] {dag.py:3239} INFO - Sync 1 DAGs
[2025-10-04T11:25:04.213+0000] {logging_mixin.py:190} INFO - [2025-10-04T11:25:04.213+0000] {dag.py:4180} INFO - Setting next_dagrun for dag_verify to 2025-10-03 00:00:00+00:00, run_after=2025-10-04 00:00:00+00:00
[2025-10-04T11:25:04.245+0000] {processor.py:208} INFO - Processing /opt/airflow/dags/dag_verify.py took 0.161 seconds
[2025-10-04T11:25:35.054+0000] {processor.py:186} INFO - Started process (PID=516) to work on /opt/airflow/dags/dag_verify.py
[2025-10-04T11:25:35.055+0000] {processor.py:914} INFO - Processing file /opt/airflow/dags/dag_verify.py for tasks to queue
[2025-10-04T11:25:35.061+0000] {logging_mixin.py:190} INFO - [2025-10-04T11:25:35.060+0000] {dagbag.py:588} INFO - Filling up the DagBag from /opt/airflow/dags/dag_verify.py
[2025-10-04T11:25:35.091+0000] {processor.py:925} INFO - DAG(s) 'dag_verify' retrieved from /opt/airflow/dags/dag_verify.py
[2025-10-04T11:25:35.133+0000] {logging_mixin.py:190} INFO - [2025-10-04T11:25:35.132+0000] {dag.py:3239} INFO - Sync 1 DAGs
[2025-10-04T11:25:35.181+0000] {logging_mixin.py:190} INFO - [2025-10-04T11:25:35.181+0000] {dag.py:4180} INFO - Setting next_dagrun for dag_verify to 2025-10-03 00:00:00+00:00, run_after=2025-10-04 00:00:00+00:00
[2025-10-04T11:25:35.216+0000] {processor.py:208} INFO - Processing /opt/airflow/dags/dag_verify.py took 0.172 seconds
[2025-10-04T11:26:06.045+0000] {processor.py:186} INFO - Started process (PID=542) to work on /opt/airflow/dags/dag_verify.py
[2025-10-04T11:26:06.047+0000] {processor.py:914} INFO - Processing file /opt/airflow/dags/dag_verify.py for tasks to queue
[2025-10-04T11:26:06.052+0000] {logging_mixin.py:190} INFO - [2025-10-04T11:26:06.051+0000] {dagbag.py:588} INFO - Filling up the DagBag from /opt/airflow/dags/dag_verify.py
[2025-10-04T11:26:06.084+0000] {processor.py:925} INFO - DAG(s) 'dag_verify' retrieved from /opt/airflow/dags/dag_verify.py
[2025-10-04T11:26:06.131+0000] {logging_mixin.py:190} INFO - [2025-10-04T11:26:06.130+0000] {dag.py:3239} INFO - Sync 1 DAGs
[2025-10-04T11:26:06.170+0000] {logging_mixin.py:190} INFO - [2025-10-04T11:26:06.169+0000] {dag.py:4180} INFO - Setting next_dagrun for dag_verify to 2025-10-03 00:00:00+00:00, run_after=2025-10-04 00:00:00+00:00
[2025-10-04T11:26:06.207+0000] {processor.py:208} INFO - Processing /opt/airflow/dags/dag_verify.py took 0.175 seconds
[2025-10-04T11:26:37.069+0000] {processor.py:186} INFO - Started process (PID=568) to work on /opt/airflow/dags/dag_verify.py
[2025-10-04T11:26:37.071+0000] {processor.py:914} INFO - Processing file /opt/airflow/dags/dag_verify.py for tasks to queue
[2025-10-04T11:26:37.076+0000] {logging_mixin.py:190} INFO - [2025-10-04T11:26:37.075+0000] {dagbag.py:588} INFO - Filling up the DagBag from /opt/airflow/dags/dag_verify.py
[2025-10-04T11:26:37.108+0000] {processor.py:925} INFO - DAG(s) 'dag_verify' retrieved from /opt/airflow/dags/dag_verify.py
[2025-10-04T11:26:37.152+0000] {logging_mixin.py:190} INFO - [2025-10-04T11:26:37.151+0000] {dag.py:3239} INFO - Sync 1 DAGs
[2025-10-04T11:26:37.198+0000] {logging_mixin.py:190} INFO - [2025-10-04T11:26:37.197+0000] {dag.py:4180} INFO - Setting next_dagrun for dag_verify to 2025-10-03 00:00:00+00:00, run_after=2025-10-04 00:00:00+00:00
[2025-10-04T11:26:37.240+0000] {processor.py:208} INFO - Processing /opt/airflow/dags/dag_verify.py took 0.187 seconds
[2025-10-04T11:27:08.120+0000] {processor.py:186} INFO - Started process (PID=594) to work on /opt/airflow/dags/dag_verify.py
[2025-10-04T11:27:08.122+0000] {processor.py:914} INFO - Processing file /opt/airflow/dags/dag_verify.py for tasks to queue
[2025-10-04T11:27:08.126+0000] {logging_mixin.py:190} INFO - [2025-10-04T11:27:08.126+0000] {dagbag.py:588} INFO - Filling up the DagBag from /opt/airflow/dags/dag_verify.py
[2025-10-04T11:27:08.159+0000] {processor.py:925} INFO - DAG(s) 'dag_verify' retrieved from /opt/airflow/dags/dag_verify.py
[2025-10-04T11:27:08.201+0000] {logging_mixin.py:190} INFO - [2025-10-04T11:27:08.201+0000] {dag.py:3239} INFO - Sync 1 DAGs
[2025-10-04T11:27:08.243+0000] {logging_mixin.py:190} INFO - [2025-10-04T11:27:08.243+0000] {dag.py:4180} INFO - Setting next_dagrun for dag_verify to 2025-10-03 00:00:00+00:00, run_after=2025-10-04 00:00:00+00:00
[2025-10-04T11:27:08.274+0000] {processor.py:208} INFO - Processing /opt/airflow/dags/dag_verify.py took 0.165 seconds
[2025-10-04T11:27:39.143+0000] {processor.py:186} INFO - Started process (PID=620) to work on /opt/airflow/dags/dag_verify.py
[2025-10-04T11:27:39.145+0000] {processor.py:914} INFO - Processing file /opt/airflow/dags/dag_verify.py for tasks to queue
[2025-10-04T11:27:39.151+0000] {logging_mixin.py:190} INFO - [2025-10-04T11:27:39.150+0000] {dagbag.py:588} INFO - Filling up the DagBag from /opt/airflow/dags/dag_verify.py
[2025-10-04T11:27:39.182+0000] {processor.py:925} INFO - DAG(s) 'dag_verify' retrieved from /opt/airflow/dags/dag_verify.py
[2025-10-04T11:27:39.226+0000] {logging_mixin.py:190} INFO - [2025-10-04T11:27:39.226+0000] {dag.py:3239} INFO - Sync 1 DAGs
[2025-10-04T11:27:39.278+0000] {logging_mixin.py:190} INFO - [2025-10-04T11:27:39.278+0000] {dag.py:4180} INFO - Setting next_dagrun for dag_verify to 2025-10-03 00:00:00+00:00, run_after=2025-10-04 00:00:00+00:00
[2025-10-04T11:27:39.318+0000] {processor.py:208} INFO - Processing /opt/airflow/dags/dag_verify.py took 0.188 seconds
[2025-10-04T11:28:10.336+0000] {processor.py:186} INFO - Started process (PID=646) to work on /opt/airflow/dags/dag_verify.py
[2025-10-04T11:28:10.339+0000] {processor.py:914} INFO - Processing file /opt/airflow/dags/dag_verify.py for tasks to queue
[2025-10-04T11:28:10.345+0000] {logging_mixin.py:190} INFO - [2025-10-04T11:28:10.344+0000] {dagbag.py:588} INFO - Filling up the DagBag from /opt/airflow/dags/dag_verify.py
[2025-10-04T11:28:10.380+0000] {processor.py:925} INFO - DAG(s) 'dag_verify' retrieved from /opt/airflow/dags/dag_verify.py
[2025-10-04T11:28:10.425+0000] {logging_mixin.py:190} INFO - [2025-10-04T11:28:10.424+0000] {dag.py:3239} INFO - Sync 1 DAGs
[2025-10-04T11:28:10.466+0000] {logging_mixin.py:190} INFO - [2025-10-04T11:28:10.466+0000] {dag.py:4180} INFO - Setting next_dagrun for dag_verify to 2025-10-03 00:00:00+00:00, run_after=2025-10-04 00:00:00+00:00
[2025-10-04T11:28:10.501+0000] {processor.py:208} INFO - Processing /opt/airflow/dags/dag_verify.py took 0.177 seconds
[2025-10-04T11:28:41.321+0000] {processor.py:186} INFO - Started process (PID=673) to work on /opt/airflow/dags/dag_verify.py
[2025-10-04T11:28:41.323+0000] {processor.py:914} INFO - Processing file /opt/airflow/dags/dag_verify.py for tasks to queue
[2025-10-04T11:28:41.329+0000] {logging_mixin.py:190} INFO - [2025-10-04T11:28:41.328+0000] {dagbag.py:588} INFO - Filling up the DagBag from /opt/airflow/dags/dag_verify.py
[2025-10-04T11:28:41.364+0000] {processor.py:925} INFO - DAG(s) 'dag_verify' retrieved from /opt/airflow/dags/dag_verify.py
[2025-10-04T11:28:41.405+0000] {logging_mixin.py:190} INFO - [2025-10-04T11:28:41.405+0000] {dag.py:3239} INFO - Sync 1 DAGs
[2025-10-04T11:28:41.443+0000] {logging_mixin.py:190} INFO - [2025-10-04T11:28:41.443+0000] {dag.py:4180} INFO - Setting next_dagrun for dag_verify to 2025-10-03 00:00:00+00:00, run_after=2025-10-04 00:00:00+00:00
[2025-10-04T11:28:41.477+0000] {processor.py:208} INFO - Processing /opt/airflow/dags/dag_verify.py took 0.167 seconds
[2025-10-04T11:29:12.409+0000] {processor.py:186} INFO - Started process (PID=699) to work on /opt/airflow/dags/dag_verify.py
[2025-10-04T11:29:12.411+0000] {processor.py:914} INFO - Processing file /opt/airflow/dags/dag_verify.py for tasks to queue
[2025-10-04T11:29:12.415+0000] {logging_mixin.py:190} INFO - [2025-10-04T11:29:12.414+0000] {dagbag.py:588} INFO - Filling up the DagBag from /opt/airflow/dags/dag_verify.py
[2025-10-04T11:29:12.444+0000] {processor.py:925} INFO - DAG(s) 'dag_verify' retrieved from /opt/airflow/dags/dag_verify.py
[2025-10-04T11:29:12.493+0000] {logging_mixin.py:190} INFO - [2025-10-04T11:29:12.492+0000] {dag.py:3239} INFO - Sync 1 DAGs
[2025-10-04T11:29:12.533+0000] {logging_mixin.py:190} INFO - [2025-10-04T11:29:12.533+0000] {dag.py:4180} INFO - Setting next_dagrun for dag_verify to 2025-10-03 00:00:00+00:00, run_after=2025-10-04 00:00:00+00:00
[2025-10-04T11:29:12.567+0000] {processor.py:208} INFO - Processing /opt/airflow/dags/dag_verify.py took 0.170 seconds
[2025-10-04T11:29:43.607+0000] {processor.py:186} INFO - Started process (PID=725) to work on /opt/airflow/dags/dag_verify.py
[2025-10-04T11:29:43.609+0000] {processor.py:914} INFO - Processing file /opt/airflow/dags/dag_verify.py for tasks to queue
[2025-10-04T11:29:43.614+0000] {logging_mixin.py:190} INFO - [2025-10-04T11:29:43.614+0000] {dagbag.py:588} INFO - Filling up the DagBag from /opt/airflow/dags/dag_verify.py
[2025-10-04T11:29:43.653+0000] {processor.py:925} INFO - DAG(s) 'dag_verify' retrieved from /opt/airflow/dags/dag_verify.py
[2025-10-04T11:29:43.715+0000] {logging_mixin.py:190} INFO - [2025-10-04T11:29:43.714+0000] {dag.py:3239} INFO - Sync 1 DAGs
[2025-10-04T11:29:43.763+0000] {logging_mixin.py:190} INFO - [2025-10-04T11:29:43.762+0000] {dag.py:4180} INFO - Setting next_dagrun for dag_verify to 2025-10-03 00:00:00+00:00, run_after=2025-10-04 00:00:00+00:00
[2025-10-04T11:29:43.808+0000] {processor.py:208} INFO - Processing /opt/airflow/dags/dag_verify.py took 0.220 seconds
[2025-10-04T11:30:14.013+0000] {processor.py:186} INFO - Started process (PID=749) to work on /opt/airflow/dags/dag_verify.py
[2025-10-04T11:30:14.015+0000] {processor.py:914} INFO - Processing file /opt/airflow/dags/dag_verify.py for tasks to queue
[2025-10-04T11:30:14.019+0000] {logging_mixin.py:190} INFO - [2025-10-04T11:30:14.018+0000] {dagbag.py:588} INFO - Filling up the DagBag from /opt/airflow/dags/dag_verify.py
[2025-10-04T11:30:14.055+0000] {processor.py:925} INFO - DAG(s) 'dag_verify' retrieved from /opt/airflow/dags/dag_verify.py
[2025-10-04T11:30:14.095+0000] {logging_mixin.py:190} INFO - [2025-10-04T11:30:14.094+0000] {dag.py:3239} INFO - Sync 1 DAGs
[2025-10-04T11:30:14.199+0000] {logging_mixin.py:190} INFO - [2025-10-04T11:30:14.198+0000] {dag.py:4180} INFO - Setting next_dagrun for dag_verify to 2025-10-03 00:00:00+00:00, run_after=2025-10-04 00:00:00+00:00
[2025-10-04T11:30:14.239+0000] {processor.py:208} INFO - Processing /opt/airflow/dags/dag_verify.py took 0.241 seconds
[2025-10-04T11:30:45.036+0000] {processor.py:186} INFO - Started process (PID=775) to work on /opt/airflow/dags/dag_verify.py
[2025-10-04T11:30:45.037+0000] {processor.py:914} INFO - Processing file /opt/airflow/dags/dag_verify.py for tasks to queue
[2025-10-04T11:30:45.043+0000] {logging_mixin.py:190} INFO - [2025-10-04T11:30:45.042+0000] {dagbag.py:588} INFO - Filling up the DagBag from /opt/airflow/dags/dag_verify.py
[2025-10-04T11:30:45.074+0000] {processor.py:925} INFO - DAG(s) 'dag_verify' retrieved from /opt/airflow/dags/dag_verify.py
[2025-10-04T11:30:45.116+0000] {logging_mixin.py:190} INFO - [2025-10-04T11:30:45.116+0000] {dag.py:3239} INFO - Sync 1 DAGs
[2025-10-04T11:30:45.156+0000] {logging_mixin.py:190} INFO - [2025-10-04T11:30:45.156+0000] {dag.py:4180} INFO - Setting next_dagrun for dag_verify to 2025-10-03 00:00:00+00:00, run_after=2025-10-04 00:00:00+00:00
[2025-10-04T11:30:45.188+0000] {processor.py:208} INFO - Processing /opt/airflow/dags/dag_verify.py took 0.163 seconds
[2025-10-04T11:31:16.068+0000] {processor.py:186} INFO - Started process (PID=803) to work on /opt/airflow/dags/dag_verify.py
[2025-10-04T11:31:16.070+0000] {processor.py:914} INFO - Processing file /opt/airflow/dags/dag_verify.py for tasks to queue
[2025-10-04T11:31:16.083+0000] {logging_mixin.py:190} INFO - [2025-10-04T11:31:16.082+0000] {dagbag.py:588} INFO - Filling up the DagBag from /opt/airflow/dags/dag_verify.py
[2025-10-04T11:31:16.120+0000] {processor.py:925} INFO - DAG(s) 'dag_verify' retrieved from /opt/airflow/dags/dag_verify.py
[2025-10-04T11:31:16.171+0000] {logging_mixin.py:190} INFO - [2025-10-04T11:31:16.171+0000] {dag.py:3239} INFO - Sync 1 DAGs
[2025-10-04T11:31:16.216+0000] {logging_mixin.py:190} INFO - [2025-10-04T11:31:16.216+0000] {dag.py:4180} INFO - Setting next_dagrun for dag_verify to 2025-10-03 00:00:00+00:00, run_after=2025-10-04 00:00:00+00:00
[2025-10-04T11:31:16.250+0000] {processor.py:208} INFO - Processing /opt/airflow/dags/dag_verify.py took 0.194 seconds
[2025-10-04T11:31:47.037+0000] {processor.py:186} INFO - Started process (PID=829) to work on /opt/airflow/dags/dag_verify.py
[2025-10-04T11:31:47.039+0000] {processor.py:914} INFO - Processing file /opt/airflow/dags/dag_verify.py for tasks to queue
[2025-10-04T11:31:47.043+0000] {logging_mixin.py:190} INFO - [2025-10-04T11:31:47.043+0000] {dagbag.py:588} INFO - Filling up the DagBag from /opt/airflow/dags/dag_verify.py
[2025-10-04T11:31:47.073+0000] {processor.py:925} INFO - DAG(s) 'dag_verify' retrieved from /opt/airflow/dags/dag_verify.py
[2025-10-04T11:31:47.111+0000] {logging_mixin.py:190} INFO - [2025-10-04T11:31:47.110+0000] {dag.py:3239} INFO - Sync 1 DAGs
[2025-10-04T11:31:47.152+0000] {logging_mixin.py:190} INFO - [2025-10-04T11:31:47.152+0000] {dag.py:4180} INFO - Setting next_dagrun for dag_verify to 2025-10-03 00:00:00+00:00, run_after=2025-10-04 00:00:00+00:00
[2025-10-04T11:31:47.184+0000] {processor.py:208} INFO - Processing /opt/airflow/dags/dag_verify.py took 0.159 seconds
[2025-10-04T11:32:17.865+0000] {processor.py:186} INFO - Started process (PID=853) to work on /opt/airflow/dags/dag_verify.py
[2025-10-04T11:32:17.866+0000] {processor.py:914} INFO - Processing file /opt/airflow/dags/dag_verify.py for tasks to queue
[2025-10-04T11:32:17.870+0000] {logging_mixin.py:190} INFO - [2025-10-04T11:32:17.870+0000] {dagbag.py:588} INFO - Filling up the DagBag from /opt/airflow/dags/dag_verify.py
[2025-10-04T11:32:17.899+0000] {processor.py:925} INFO - DAG(s) 'dag_verify' retrieved from /opt/airflow/dags/dag_verify.py
[2025-10-04T11:32:17.941+0000] {logging_mixin.py:190} INFO - [2025-10-04T11:32:17.940+0000] {dag.py:3239} INFO - Sync 1 DAGs
[2025-10-04T11:32:17.979+0000] {logging_mixin.py:190} INFO - [2025-10-04T11:32:17.979+0000] {dag.py:4180} INFO - Setting next_dagrun for dag_verify to 2025-10-03 00:00:00+00:00, run_after=2025-10-04 00:00:00+00:00
[2025-10-04T11:32:18.017+0000] {processor.py:208} INFO - Processing /opt/airflow/dags/dag_verify.py took 0.167 seconds
[2025-10-04T11:37:56.689+0000] {processor.py:186} INFO - Started process (PID=227) to work on /opt/airflow/dags/dag_verify.py
[2025-10-04T11:37:56.691+0000] {processor.py:914} INFO - Processing file /opt/airflow/dags/dag_verify.py for tasks to queue
[2025-10-04T11:37:56.695+0000] {logging_mixin.py:190} INFO - [2025-10-04T11:37:56.695+0000] {dagbag.py:588} INFO - Filling up the DagBag from /opt/airflow/dags/dag_verify.py
[2025-10-04T11:37:56.732+0000] {processor.py:925} INFO - DAG(s) 'dag_verify' retrieved from /opt/airflow/dags/dag_verify.py
[2025-10-04T11:37:56.775+0000] {logging_mixin.py:190} INFO - [2025-10-04T11:37:56.775+0000] {dag.py:3239} INFO - Sync 1 DAGs
[2025-10-04T11:37:56.818+0000] {logging_mixin.py:190} INFO - [2025-10-04T11:37:56.818+0000] {dag.py:4180} INFO - Setting next_dagrun for dag_verify to 2025-10-03 00:00:00+00:00, run_after=2025-10-04 00:00:00+00:00
[2025-10-04T11:37:56.857+0000] {processor.py:208} INFO - Processing /opt/airflow/dags/dag_verify.py took 0.178 seconds
[2025-10-04T11:38:27.606+0000] {processor.py:186} INFO - Started process (PID=253) to work on /opt/airflow/dags/dag_verify.py
[2025-10-04T11:38:27.608+0000] {processor.py:914} INFO - Processing file /opt/airflow/dags/dag_verify.py for tasks to queue
[2025-10-04T11:38:27.613+0000] {logging_mixin.py:190} INFO - [2025-10-04T11:38:27.613+0000] {dagbag.py:588} INFO - Filling up the DagBag from /opt/airflow/dags/dag_verify.py
[2025-10-04T11:38:27.647+0000] {processor.py:925} INFO - DAG(s) 'dag_verify' retrieved from /opt/airflow/dags/dag_verify.py
[2025-10-04T11:38:27.699+0000] {logging_mixin.py:190} INFO - [2025-10-04T11:38:27.698+0000] {dag.py:3239} INFO - Sync 1 DAGs
[2025-10-04T11:38:27.740+0000] {logging_mixin.py:190} INFO - [2025-10-04T11:38:27.739+0000] {dag.py:4180} INFO - Setting next_dagrun for dag_verify to 2025-10-03 00:00:00+00:00, run_after=2025-10-04 00:00:00+00:00
[2025-10-04T11:38:27.770+0000] {processor.py:208} INFO - Processing /opt/airflow/dags/dag_verify.py took 0.176 seconds
[2025-10-04T11:38:58.741+0000] {processor.py:186} INFO - Started process (PID=279) to work on /opt/airflow/dags/dag_verify.py
[2025-10-04T11:38:58.744+0000] {processor.py:914} INFO - Processing file /opt/airflow/dags/dag_verify.py for tasks to queue
[2025-10-04T11:38:58.749+0000] {logging_mixin.py:190} INFO - [2025-10-04T11:38:58.748+0000] {dagbag.py:588} INFO - Filling up the DagBag from /opt/airflow/dags/dag_verify.py
[2025-10-04T11:38:58.783+0000] {processor.py:925} INFO - DAG(s) 'dag_verify' retrieved from /opt/airflow/dags/dag_verify.py
[2025-10-04T11:38:58.828+0000] {logging_mixin.py:190} INFO - [2025-10-04T11:38:58.828+0000] {dag.py:3239} INFO - Sync 1 DAGs
[2025-10-04T11:38:58.883+0000] {logging_mixin.py:190} INFO - [2025-10-04T11:38:58.882+0000] {dag.py:4180} INFO - Setting next_dagrun for dag_verify to 2025-10-03 00:00:00+00:00, run_after=2025-10-04 00:00:00+00:00
[2025-10-04T11:38:58.924+0000] {processor.py:208} INFO - Processing /opt/airflow/dags/dag_verify.py took 0.198 seconds
[2025-10-04T11:39:29.524+0000] {processor.py:186} INFO - Started process (PID=303) to work on /opt/airflow/dags/dag_verify.py
[2025-10-04T11:39:29.526+0000] {processor.py:914} INFO - Processing file /opt/airflow/dags/dag_verify.py for tasks to queue
[2025-10-04T11:39:29.534+0000] {logging_mixin.py:190} INFO - [2025-10-04T11:39:29.532+0000] {dagbag.py:588} INFO - Filling up the DagBag from /opt/airflow/dags/dag_verify.py
[2025-10-04T11:39:29.572+0000] {processor.py:925} INFO - DAG(s) 'dag_verify' retrieved from /opt/airflow/dags/dag_verify.py
[2025-10-04T11:39:29.612+0000] {logging_mixin.py:190} INFO - [2025-10-04T11:39:29.611+0000] {dag.py:3239} INFO - Sync 1 DAGs
[2025-10-04T11:39:29.653+0000] {logging_mixin.py:190} INFO - [2025-10-04T11:39:29.652+0000] {dag.py:4180} INFO - Setting next_dagrun for dag_verify to 2025-10-03 00:00:00+00:00, run_after=2025-10-04 00:00:00+00:00
[2025-10-04T11:39:29.690+0000] {processor.py:208} INFO - Processing /opt/airflow/dags/dag_verify.py took 0.176 seconds
[2025-10-04T11:40:00.488+0000] {processor.py:186} INFO - Started process (PID=331) to work on /opt/airflow/dags/dag_verify.py
[2025-10-04T11:40:00.490+0000] {processor.py:914} INFO - Processing file /opt/airflow/dags/dag_verify.py for tasks to queue
[2025-10-04T11:40:00.494+0000] {logging_mixin.py:190} INFO - [2025-10-04T11:40:00.493+0000] {dagbag.py:588} INFO - Filling up the DagBag from /opt/airflow/dags/dag_verify.py
[2025-10-04T11:40:00.527+0000] {processor.py:925} INFO - DAG(s) 'dag_verify' retrieved from /opt/airflow/dags/dag_verify.py
[2025-10-04T11:40:00.567+0000] {logging_mixin.py:190} INFO - [2025-10-04T11:40:00.567+0000] {dag.py:3239} INFO - Sync 1 DAGs
[2025-10-04T11:40:00.605+0000] {logging_mixin.py:190} INFO - [2025-10-04T11:40:00.605+0000] {dag.py:4180} INFO - Setting next_dagrun for dag_verify to 2025-10-03 00:00:00+00:00, run_after=2025-10-04 00:00:00+00:00
[2025-10-04T11:40:00.637+0000] {processor.py:208} INFO - Processing /opt/airflow/dags/dag_verify.py took 0.160 seconds
[2025-10-04T11:40:32.725+0000] {processor.py:186} INFO - Started process (PID=357) to work on /opt/airflow/dags/dag_verify.py
[2025-10-04T11:40:32.727+0000] {processor.py:914} INFO - Processing file /opt/airflow/dags/dag_verify.py for tasks to queue
[2025-10-04T11:40:32.731+0000] {logging_mixin.py:190} INFO - [2025-10-04T11:40:32.730+0000] {dagbag.py:588} INFO - Filling up the DagBag from /opt/airflow/dags/dag_verify.py
[2025-10-04T11:40:32.770+0000] {processor.py:925} INFO - DAG(s) 'dag_verify' retrieved from /opt/airflow/dags/dag_verify.py
[2025-10-04T11:40:32.817+0000] {logging_mixin.py:190} INFO - [2025-10-04T11:40:32.816+0000] {dag.py:3239} INFO - Sync 1 DAGs
[2025-10-04T11:40:32.871+0000] {logging_mixin.py:190} INFO - [2025-10-04T11:40:32.870+0000] {dag.py:4180} INFO - Setting next_dagrun for dag_verify to 2025-10-03 00:00:00+00:00, run_after=2025-10-04 00:00:00+00:00
[2025-10-04T11:40:33.175+0000] {processor.py:208} INFO - Processing /opt/airflow/dags/dag_verify.py took 0.462 seconds
[2025-10-04T11:41:03.855+0000] {processor.py:186} INFO - Started process (PID=381) to work on /opt/airflow/dags/dag_verify.py
[2025-10-04T11:41:03.858+0000] {processor.py:914} INFO - Processing file /opt/airflow/dags/dag_verify.py for tasks to queue
[2025-10-04T11:41:03.873+0000] {logging_mixin.py:190} INFO - [2025-10-04T11:41:03.870+0000] {dagbag.py:588} INFO - Filling up the DagBag from /opt/airflow/dags/dag_verify.py
[2025-10-04T11:41:03.969+0000] {processor.py:925} INFO - DAG(s) 'dag_verify' retrieved from /opt/airflow/dags/dag_verify.py
[2025-10-04T11:41:04.052+0000] {logging_mixin.py:190} INFO - [2025-10-04T11:41:04.052+0000] {dag.py:3239} INFO - Sync 1 DAGs
[2025-10-04T11:41:04.383+0000] {logging_mixin.py:190} INFO - [2025-10-04T11:41:04.383+0000] {dag.py:4180} INFO - Setting next_dagrun for dag_verify to 2025-10-03 00:00:00+00:00, run_after=2025-10-04 00:00:00+00:00
[2025-10-04T11:41:04.411+0000] {processor.py:208} INFO - Processing /opt/airflow/dags/dag_verify.py took 0.580 seconds
[2025-10-04T11:41:34.901+0000] {processor.py:186} INFO - Started process (PID=409) to work on /opt/airflow/dags/dag_verify.py
[2025-10-04T11:41:34.903+0000] {processor.py:914} INFO - Processing file /opt/airflow/dags/dag_verify.py for tasks to queue
[2025-10-04T11:41:34.908+0000] {logging_mixin.py:190} INFO - [2025-10-04T11:41:34.907+0000] {dagbag.py:588} INFO - Filling up the DagBag from /opt/airflow/dags/dag_verify.py
[2025-10-04T11:41:34.934+0000] {processor.py:925} INFO - DAG(s) 'dag_verify' retrieved from /opt/airflow/dags/dag_verify.py
[2025-10-04T11:41:35.211+0000] {logging_mixin.py:190} INFO - [2025-10-04T11:41:35.211+0000] {dag.py:3239} INFO - Sync 1 DAGs
[2025-10-04T11:41:35.246+0000] {logging_mixin.py:190} INFO - [2025-10-04T11:41:35.246+0000] {dag.py:4180} INFO - Setting next_dagrun for dag_verify to 2025-10-03 00:00:00+00:00, run_after=2025-10-04 00:00:00+00:00
[2025-10-04T11:41:35.283+0000] {processor.py:208} INFO - Processing /opt/airflow/dags/dag_verify.py took 0.394 seconds
[2025-10-04T11:42:05.848+0000] {processor.py:186} INFO - Started process (PID=435) to work on /opt/airflow/dags/dag_verify.py
[2025-10-04T11:42:05.850+0000] {processor.py:914} INFO - Processing file /opt/airflow/dags/dag_verify.py for tasks to queue
[2025-10-04T11:42:06.095+0000] {logging_mixin.py:190} INFO - [2025-10-04T11:42:06.094+0000] {dagbag.py:588} INFO - Filling up the DagBag from /opt/airflow/dags/dag_verify.py
[2025-10-04T11:42:06.128+0000] {processor.py:925} INFO - DAG(s) 'dag_verify' retrieved from /opt/airflow/dags/dag_verify.py
[2025-10-04T11:42:06.159+0000] {logging_mixin.py:190} INFO - [2025-10-04T11:42:06.158+0000] {dag.py:3239} INFO - Sync 1 DAGs
[2025-10-04T11:42:06.192+0000] {logging_mixin.py:190} INFO - [2025-10-04T11:42:06.192+0000] {dag.py:4180} INFO - Setting next_dagrun for dag_verify to 2025-10-03 00:00:00+00:00, run_after=2025-10-04 00:00:00+00:00
[2025-10-04T11:42:06.239+0000] {processor.py:208} INFO - Processing /opt/airflow/dags/dag_verify.py took 0.403 seconds
[2025-10-04T11:42:36.576+0000] {processor.py:186} INFO - Started process (PID=461) to work on /opt/airflow/dags/dag_verify.py
[2025-10-04T11:42:36.577+0000] {processor.py:914} INFO - Processing file /opt/airflow/dags/dag_verify.py for tasks to queue
[2025-10-04T11:42:36.581+0000] {logging_mixin.py:190} INFO - [2025-10-04T11:42:36.580+0000] {dagbag.py:588} INFO - Filling up the DagBag from /opt/airflow/dags/dag_verify.py
[2025-10-04T11:42:36.610+0000] {processor.py:925} INFO - DAG(s) 'dag_verify' retrieved from /opt/airflow/dags/dag_verify.py
[2025-10-04T11:42:36.650+0000] {logging_mixin.py:190} INFO - [2025-10-04T11:42:36.650+0000] {dag.py:3239} INFO - Sync 1 DAGs
[2025-10-04T11:42:36.692+0000] {logging_mixin.py:190} INFO - [2025-10-04T11:42:36.692+0000] {dag.py:4180} INFO - Setting next_dagrun for dag_verify to 2025-10-03 00:00:00+00:00, run_after=2025-10-04 00:00:00+00:00
[2025-10-04T11:42:36.723+0000] {processor.py:208} INFO - Processing /opt/airflow/dags/dag_verify.py took 0.160 seconds
[2025-10-04T11:43:07.558+0000] {processor.py:186} INFO - Started process (PID=487) to work on /opt/airflow/dags/dag_verify.py
[2025-10-04T11:43:07.559+0000] {processor.py:914} INFO - Processing file /opt/airflow/dags/dag_verify.py for tasks to queue
[2025-10-04T11:43:07.564+0000] {logging_mixin.py:190} INFO - [2025-10-04T11:43:07.564+0000] {dagbag.py:588} INFO - Filling up the DagBag from /opt/airflow/dags/dag_verify.py
[2025-10-04T11:43:07.597+0000] {processor.py:925} INFO - DAG(s) 'dag_verify' retrieved from /opt/airflow/dags/dag_verify.py
[2025-10-04T11:43:07.639+0000] {logging_mixin.py:190} INFO - [2025-10-04T11:43:07.638+0000] {dag.py:3239} INFO - Sync 1 DAGs
[2025-10-04T11:43:07.678+0000] {logging_mixin.py:190} INFO - [2025-10-04T11:43:07.678+0000] {dag.py:4180} INFO - Setting next_dagrun for dag_verify to 2025-10-03 00:00:00+00:00, run_after=2025-10-04 00:00:00+00:00
[2025-10-04T11:43:07.709+0000] {processor.py:208} INFO - Processing /opt/airflow/dags/dag_verify.py took 0.162 seconds
[2025-10-04T11:43:38.522+0000] {processor.py:186} INFO - Started process (PID=510) to work on /opt/airflow/dags/dag_verify.py
[2025-10-04T11:43:38.525+0000] {processor.py:914} INFO - Processing file /opt/airflow/dags/dag_verify.py for tasks to queue
[2025-10-04T11:43:38.534+0000] {logging_mixin.py:190} INFO - [2025-10-04T11:43:38.533+0000] {dagbag.py:588} INFO - Filling up the DagBag from /opt/airflow/dags/dag_verify.py
[2025-10-04T11:43:38.574+0000] {processor.py:925} INFO - DAG(s) 'dag_verify' retrieved from /opt/airflow/dags/dag_verify.py
[2025-10-04T11:43:38.631+0000] {logging_mixin.py:190} INFO - [2025-10-04T11:43:38.630+0000] {dag.py:3239} INFO - Sync 1 DAGs
[2025-10-04T11:43:38.703+0000] {logging_mixin.py:190} INFO - [2025-10-04T11:43:38.703+0000] {dag.py:4180} INFO - Setting next_dagrun for dag_verify to 2025-10-03 00:00:00+00:00, run_after=2025-10-04 00:00:00+00:00
[2025-10-04T11:43:38.755+0000] {processor.py:208} INFO - Processing /opt/airflow/dags/dag_verify.py took 0.268 seconds
[2025-10-04T11:44:09.786+0000] {processor.py:186} INFO - Started process (PID=538) to work on /opt/airflow/dags/dag_verify.py
[2025-10-04T11:44:09.788+0000] {processor.py:914} INFO - Processing file /opt/airflow/dags/dag_verify.py for tasks to queue
[2025-10-04T11:44:09.792+0000] {logging_mixin.py:190} INFO - [2025-10-04T11:44:09.791+0000] {dagbag.py:588} INFO - Filling up the DagBag from /opt/airflow/dags/dag_verify.py
[2025-10-04T11:44:09.825+0000] {processor.py:925} INFO - DAG(s) 'dag_verify' retrieved from /opt/airflow/dags/dag_verify.py
[2025-10-04T11:44:09.870+0000] {logging_mixin.py:190} INFO - [2025-10-04T11:44:09.870+0000] {dag.py:3239} INFO - Sync 1 DAGs
[2025-10-04T11:44:09.909+0000] {logging_mixin.py:190} INFO - [2025-10-04T11:44:09.908+0000] {dag.py:4180} INFO - Setting next_dagrun for dag_verify to 2025-10-03 00:00:00+00:00, run_after=2025-10-04 00:00:00+00:00
[2025-10-04T11:44:09.944+0000] {processor.py:208} INFO - Processing /opt/airflow/dags/dag_verify.py took 0.169 seconds
[2025-10-04T11:44:40.863+0000] {processor.py:186} INFO - Started process (PID=564) to work on /opt/airflow/dags/dag_verify.py
[2025-10-04T11:44:40.864+0000] {processor.py:914} INFO - Processing file /opt/airflow/dags/dag_verify.py for tasks to queue
[2025-10-04T11:44:40.868+0000] {logging_mixin.py:190} INFO - [2025-10-04T11:44:40.867+0000] {dagbag.py:588} INFO - Filling up the DagBag from /opt/airflow/dags/dag_verify.py
[2025-10-04T11:44:40.898+0000] {processor.py:925} INFO - DAG(s) 'dag_verify' retrieved from /opt/airflow/dags/dag_verify.py
[2025-10-04T11:44:40.940+0000] {logging_mixin.py:190} INFO - [2025-10-04T11:44:40.940+0000] {dag.py:3239} INFO - Sync 1 DAGs
[2025-10-04T11:44:40.978+0000] {logging_mixin.py:190} INFO - [2025-10-04T11:44:40.978+0000] {dag.py:4180} INFO - Setting next_dagrun for dag_verify to 2025-10-03 00:00:00+00:00, run_after=2025-10-04 00:00:00+00:00
[2025-10-04T11:44:41.012+0000] {processor.py:208} INFO - Processing /opt/airflow/dags/dag_verify.py took 0.161 seconds
[2025-10-04T11:45:11.885+0000] {processor.py:186} INFO - Started process (PID=591) to work on /opt/airflow/dags/dag_verify.py
[2025-10-04T11:45:11.887+0000] {processor.py:914} INFO - Processing file /opt/airflow/dags/dag_verify.py for tasks to queue
[2025-10-04T11:45:11.892+0000] {logging_mixin.py:190} INFO - [2025-10-04T11:45:11.891+0000] {dagbag.py:588} INFO - Filling up the DagBag from /opt/airflow/dags/dag_verify.py
[2025-10-04T11:45:11.925+0000] {processor.py:925} INFO - DAG(s) 'dag_verify' retrieved from /opt/airflow/dags/dag_verify.py
[2025-10-04T11:45:11.967+0000] {logging_mixin.py:190} INFO - [2025-10-04T11:45:11.967+0000] {dag.py:3239} INFO - Sync 1 DAGs
[2025-10-04T11:45:12.005+0000] {logging_mixin.py:190} INFO - [2025-10-04T11:45:12.005+0000] {dag.py:4180} INFO - Setting next_dagrun for dag_verify to 2025-10-03 00:00:00+00:00, run_after=2025-10-04 00:00:00+00:00
[2025-10-04T11:45:12.044+0000] {processor.py:208} INFO - Processing /opt/airflow/dags/dag_verify.py took 0.169 seconds
[2025-10-04T11:45:42.598+0000] {processor.py:186} INFO - Started process (PID=615) to work on /opt/airflow/dags/dag_verify.py
[2025-10-04T11:45:42.600+0000] {processor.py:914} INFO - Processing file /opt/airflow/dags/dag_verify.py for tasks to queue
[2025-10-04T11:45:42.604+0000] {logging_mixin.py:190} INFO - [2025-10-04T11:45:42.604+0000] {dagbag.py:588} INFO - Filling up the DagBag from /opt/airflow/dags/dag_verify.py
[2025-10-04T11:45:42.635+0000] {processor.py:925} INFO - DAG(s) 'dag_verify' retrieved from /opt/airflow/dags/dag_verify.py
[2025-10-04T11:45:42.674+0000] {logging_mixin.py:190} INFO - [2025-10-04T11:45:42.674+0000] {dag.py:3239} INFO - Sync 1 DAGs
[2025-10-04T11:45:42.709+0000] {logging_mixin.py:190} INFO - [2025-10-04T11:45:42.709+0000] {dag.py:4180} INFO - Setting next_dagrun for dag_verify to 2025-10-03 00:00:00+00:00, run_after=2025-10-04 00:00:00+00:00
[2025-10-04T11:45:42.742+0000] {processor.py:208} INFO - Processing /opt/airflow/dags/dag_verify.py took 0.155 seconds
[2025-10-04T11:46:13.620+0000] {processor.py:186} INFO - Started process (PID=643) to work on /opt/airflow/dags/dag_verify.py
[2025-10-04T11:46:13.623+0000] {processor.py:914} INFO - Processing file /opt/airflow/dags/dag_verify.py for tasks to queue
[2025-10-04T11:46:13.631+0000] {logging_mixin.py:190} INFO - [2025-10-04T11:46:13.630+0000] {dagbag.py:588} INFO - Filling up the DagBag from /opt/airflow/dags/dag_verify.py
[2025-10-04T11:46:13.666+0000] {processor.py:925} INFO - DAG(s) 'dag_verify' retrieved from /opt/airflow/dags/dag_verify.py
[2025-10-04T11:46:13.706+0000] {logging_mixin.py:190} INFO - [2025-10-04T11:46:13.706+0000] {dag.py:3239} INFO - Sync 1 DAGs
[2025-10-04T11:46:13.745+0000] {logging_mixin.py:190} INFO - [2025-10-04T11:46:13.745+0000] {dag.py:4180} INFO - Setting next_dagrun for dag_verify to 2025-10-03 00:00:00+00:00, run_after=2025-10-04 00:00:00+00:00
[2025-10-04T11:46:13.781+0000] {processor.py:208} INFO - Processing /opt/airflow/dags/dag_verify.py took 0.176 seconds
[2025-10-04T11:46:44.829+0000] {processor.py:186} INFO - Started process (PID=669) to work on /opt/airflow/dags/dag_verify.py
[2025-10-04T11:46:44.831+0000] {processor.py:914} INFO - Processing file /opt/airflow/dags/dag_verify.py for tasks to queue
[2025-10-04T11:46:44.839+0000] {logging_mixin.py:190} INFO - [2025-10-04T11:46:44.838+0000] {dagbag.py:588} INFO - Filling up the DagBag from /opt/airflow/dags/dag_verify.py
[2025-10-04T11:46:44.872+0000] {processor.py:925} INFO - DAG(s) 'dag_verify' retrieved from /opt/airflow/dags/dag_verify.py
[2025-10-04T11:46:44.914+0000] {logging_mixin.py:190} INFO - [2025-10-04T11:46:44.914+0000] {dag.py:3239} INFO - Sync 1 DAGs
[2025-10-04T11:46:44.953+0000] {logging_mixin.py:190} INFO - [2025-10-04T11:46:44.953+0000] {dag.py:4180} INFO - Setting next_dagrun for dag_verify to 2025-10-03 00:00:00+00:00, run_after=2025-10-04 00:00:00+00:00
[2025-10-04T11:46:44.990+0000] {processor.py:208} INFO - Processing /opt/airflow/dags/dag_verify.py took 0.172 seconds
[2025-10-04T11:47:15.767+0000] {processor.py:186} INFO - Started process (PID=695) to work on /opt/airflow/dags/dag_verify.py
[2025-10-04T11:47:15.769+0000] {processor.py:914} INFO - Processing file /opt/airflow/dags/dag_verify.py for tasks to queue
[2025-10-04T11:47:15.773+0000] {logging_mixin.py:190} INFO - [2025-10-04T11:47:15.772+0000] {dagbag.py:588} INFO - Filling up the DagBag from /opt/airflow/dags/dag_verify.py
[2025-10-04T11:47:15.804+0000] {processor.py:925} INFO - DAG(s) 'dag_verify' retrieved from /opt/airflow/dags/dag_verify.py
[2025-10-04T11:47:15.844+0000] {logging_mixin.py:190} INFO - [2025-10-04T11:47:15.844+0000] {dag.py:3239} INFO - Sync 1 DAGs
[2025-10-04T11:47:15.885+0000] {logging_mixin.py:190} INFO - [2025-10-04T11:47:15.884+0000] {dag.py:4180} INFO - Setting next_dagrun for dag_verify to 2025-10-03 00:00:00+00:00, run_after=2025-10-04 00:00:00+00:00
[2025-10-04T11:47:15.919+0000] {processor.py:208} INFO - Processing /opt/airflow/dags/dag_verify.py took 0.164 seconds
[2025-10-04T11:47:46.833+0000] {processor.py:186} INFO - Started process (PID=721) to work on /opt/airflow/dags/dag_verify.py
[2025-10-04T11:47:46.835+0000] {processor.py:914} INFO - Processing file /opt/airflow/dags/dag_verify.py for tasks to queue
[2025-10-04T11:47:46.839+0000] {logging_mixin.py:190} INFO - [2025-10-04T11:47:46.838+0000] {dagbag.py:588} INFO - Filling up the DagBag from /opt/airflow/dags/dag_verify.py
[2025-10-04T11:47:46.871+0000] {processor.py:925} INFO - DAG(s) 'dag_verify' retrieved from /opt/airflow/dags/dag_verify.py
[2025-10-04T11:47:46.910+0000] {logging_mixin.py:190} INFO - [2025-10-04T11:47:46.909+0000] {dag.py:3239} INFO - Sync 1 DAGs
[2025-10-04T11:47:46.948+0000] {logging_mixin.py:190} INFO - [2025-10-04T11:47:46.948+0000] {dag.py:4180} INFO - Setting next_dagrun for dag_verify to 2025-10-03 00:00:00+00:00, run_after=2025-10-04 00:00:00+00:00
[2025-10-04T11:47:46.989+0000] {processor.py:208} INFO - Processing /opt/airflow/dags/dag_verify.py took 0.168 seconds
[2025-10-04T11:48:17.871+0000] {processor.py:186} INFO - Started process (PID=747) to work on /opt/airflow/dags/dag_verify.py
[2025-10-04T11:48:17.873+0000] {processor.py:914} INFO - Processing file /opt/airflow/dags/dag_verify.py for tasks to queue
[2025-10-04T11:48:17.877+0000] {logging_mixin.py:190} INFO - [2025-10-04T11:48:17.876+0000] {dagbag.py:588} INFO - Filling up the DagBag from /opt/airflow/dags/dag_verify.py
[2025-10-04T11:48:17.910+0000] {processor.py:925} INFO - DAG(s) 'dag_verify' retrieved from /opt/airflow/dags/dag_verify.py
[2025-10-04T11:48:17.948+0000] {logging_mixin.py:190} INFO - [2025-10-04T11:48:17.948+0000] {dag.py:3239} INFO - Sync 1 DAGs
[2025-10-04T11:48:17.994+0000] {logging_mixin.py:190} INFO - [2025-10-04T11:48:17.993+0000] {dag.py:4180} INFO - Setting next_dagrun for dag_verify to 2025-10-03 00:00:00+00:00, run_after=2025-10-04 00:00:00+00:00
[2025-10-04T11:48:18.029+0000] {processor.py:208} INFO - Processing /opt/airflow/dags/dag_verify.py took 0.168 seconds
[2025-10-04T11:48:49.066+0000] {processor.py:186} INFO - Started process (PID=773) to work on /opt/airflow/dags/dag_verify.py
[2025-10-04T11:48:49.069+0000] {processor.py:914} INFO - Processing file /opt/airflow/dags/dag_verify.py for tasks to queue
[2025-10-04T11:48:49.077+0000] {logging_mixin.py:190} INFO - [2025-10-04T11:48:49.076+0000] {dagbag.py:588} INFO - Filling up the DagBag from /opt/airflow/dags/dag_verify.py
[2025-10-04T11:48:49.120+0000] {processor.py:925} INFO - DAG(s) 'dag_verify' retrieved from /opt/airflow/dags/dag_verify.py
[2025-10-04T11:48:49.181+0000] {logging_mixin.py:190} INFO - [2025-10-04T11:48:49.180+0000] {dag.py:3239} INFO - Sync 1 DAGs
[2025-10-04T11:48:49.221+0000] {logging_mixin.py:190} INFO - [2025-10-04T11:48:49.221+0000] {dag.py:4180} INFO - Setting next_dagrun for dag_verify to 2025-10-03 00:00:00+00:00, run_after=2025-10-04 00:00:00+00:00
[2025-10-04T11:48:49.255+0000] {processor.py:208} INFO - Processing /opt/airflow/dags/dag_verify.py took 0.204 seconds
