[2025-10-04T11:19:54.805+0000] {processor.py:186} INFO - Started process (PID=224) to work on /opt/airflow/dags/mon_premier_dag.py
[2025-10-04T11:19:54.806+0000] {processor.py:914} INFO - Processing file /opt/airflow/dags/mon_premier_dag.py for tasks to queue
[2025-10-04T11:19:54.810+0000] {logging_mixin.py:190} INFO - [2025-10-04T11:19:54.809+0000] {dagbag.py:588} INFO - Filling up the DagBag from /opt/airflow/dags/mon_premier_dag.py
[2025-10-04T11:19:54.841+0000] {processor.py:925} INFO - DAG(s) 'mon_premier_dag' retrieved from /opt/airflow/dags/mon_premier_dag.py
[2025-10-04T11:19:55.040+0000] {logging_mixin.py:190} INFO - [2025-10-04T11:19:55.039+0000] {override.py:1911} INFO - Created Permission View: can read on DAG:mon_premier_dag
[2025-10-04T11:19:55.058+0000] {logging_mixin.py:190} INFO - [2025-10-04T11:19:55.057+0000] {override.py:1911} INFO - Created Permission View: can delete on DAG:mon_premier_dag
[2025-10-04T11:19:55.071+0000] {logging_mixin.py:190} INFO - [2025-10-04T11:19:55.070+0000] {override.py:1911} INFO - Created Permission View: can edit on DAG:mon_premier_dag
[2025-10-04T11:19:55.088+0000] {logging_mixin.py:190} INFO - [2025-10-04T11:19:55.088+0000] {override.py:1911} INFO - Created Permission View: can read on DAG Run:mon_premier_dag
[2025-10-04T11:19:55.100+0000] {logging_mixin.py:190} INFO - [2025-10-04T11:19:55.099+0000] {override.py:1911} INFO - Created Permission View: can delete on DAG Run:mon_premier_dag
[2025-10-04T11:19:55.113+0000] {logging_mixin.py:190} INFO - [2025-10-04T11:19:55.112+0000] {override.py:1911} INFO - Created Permission View: menu access on DAG Run:mon_premier_dag
[2025-10-04T11:19:55.124+0000] {logging_mixin.py:190} INFO - [2025-10-04T11:19:55.124+0000] {override.py:1911} INFO - Created Permission View: can create on DAG Run:mon_premier_dag
[2025-10-04T11:19:55.125+0000] {logging_mixin.py:190} INFO - [2025-10-04T11:19:55.125+0000] {dag.py:3239} INFO - Sync 1 DAGs
[2025-10-04T11:19:55.376+0000] {logging_mixin.py:190} INFO - [2025-10-04T11:19:55.375+0000] {dag.py:3262} INFO - Creating ORM DAG for mon_premier_dag
[2025-10-04T11:19:55.393+0000] {logging_mixin.py:190} INFO - [2025-10-04T11:19:55.393+0000] {dag.py:4180} INFO - Setting next_dagrun for mon_premier_dag to 2025-10-03 00:00:00+00:00, run_after=2025-10-04 00:00:00+00:00
[2025-10-04T11:19:55.426+0000] {processor.py:208} INFO - Processing /opt/airflow/dags/mon_premier_dag.py took 0.633 seconds
[2025-10-04T11:20:26.009+0000] {processor.py:186} INFO - Started process (PID=250) to work on /opt/airflow/dags/mon_premier_dag.py
[2025-10-04T11:20:26.011+0000] {processor.py:914} INFO - Processing file /opt/airflow/dags/mon_premier_dag.py for tasks to queue
[2025-10-04T11:20:26.023+0000] {logging_mixin.py:190} INFO - [2025-10-04T11:20:26.023+0000] {dagbag.py:588} INFO - Filling up the DagBag from /opt/airflow/dags/mon_premier_dag.py
[2025-10-04T11:20:26.064+0000] {processor.py:925} INFO - DAG(s) 'mon_premier_dag' retrieved from /opt/airflow/dags/mon_premier_dag.py
[2025-10-04T11:20:26.163+0000] {logging_mixin.py:190} INFO - [2025-10-04T11:20:26.162+0000] {dag.py:3239} INFO - Sync 1 DAGs
[2025-10-04T11:20:26.220+0000] {logging_mixin.py:190} INFO - [2025-10-04T11:20:26.219+0000] {dag.py:4180} INFO - Setting next_dagrun for mon_premier_dag to 2025-10-03 00:00:00+00:00, run_after=2025-10-04 00:00:00+00:00
[2025-10-04T11:20:26.261+0000] {processor.py:208} INFO - Processing /opt/airflow/dags/mon_premier_dag.py took 0.262 seconds
[2025-10-04T11:20:56.821+0000] {processor.py:186} INFO - Started process (PID=276) to work on /opt/airflow/dags/mon_premier_dag.py
[2025-10-04T11:20:56.822+0000] {processor.py:914} INFO - Processing file /opt/airflow/dags/mon_premier_dag.py for tasks to queue
[2025-10-04T11:20:56.826+0000] {logging_mixin.py:190} INFO - [2025-10-04T11:20:56.825+0000] {dagbag.py:588} INFO - Filling up the DagBag from /opt/airflow/dags/mon_premier_dag.py
[2025-10-04T11:20:56.856+0000] {processor.py:925} INFO - DAG(s) 'mon_premier_dag' retrieved from /opt/airflow/dags/mon_premier_dag.py
[2025-10-04T11:20:56.895+0000] {logging_mixin.py:190} INFO - [2025-10-04T11:20:56.895+0000] {dag.py:3239} INFO - Sync 1 DAGs
[2025-10-04T11:20:56.934+0000] {logging_mixin.py:190} INFO - [2025-10-04T11:20:56.933+0000] {dag.py:4180} INFO - Setting next_dagrun for mon_premier_dag to 2025-10-03 00:00:00+00:00, run_after=2025-10-04 00:00:00+00:00
[2025-10-04T11:20:56.965+0000] {processor.py:208} INFO - Processing /opt/airflow/dags/mon_premier_dag.py took 0.158 seconds
[2025-10-04T11:21:27.541+0000] {processor.py:186} INFO - Started process (PID=302) to work on /opt/airflow/dags/mon_premier_dag.py
[2025-10-04T11:21:27.543+0000] {processor.py:914} INFO - Processing file /opt/airflow/dags/mon_premier_dag.py for tasks to queue
[2025-10-04T11:21:27.547+0000] {logging_mixin.py:190} INFO - [2025-10-04T11:21:27.547+0000] {dagbag.py:588} INFO - Filling up the DagBag from /opt/airflow/dags/mon_premier_dag.py
[2025-10-04T11:21:27.588+0000] {processor.py:925} INFO - DAG(s) 'mon_premier_dag' retrieved from /opt/airflow/dags/mon_premier_dag.py
[2025-10-04T11:21:27.636+0000] {logging_mixin.py:190} INFO - [2025-10-04T11:21:27.636+0000] {dag.py:3239} INFO - Sync 1 DAGs
[2025-10-04T11:21:27.691+0000] {logging_mixin.py:190} INFO - [2025-10-04T11:21:27.691+0000] {dag.py:4180} INFO - Setting next_dagrun for mon_premier_dag to 2025-10-03 00:00:00+00:00, run_after=2025-10-04 00:00:00+00:00
[2025-10-04T11:21:27.729+0000] {processor.py:208} INFO - Processing /opt/airflow/dags/mon_premier_dag.py took 0.200 seconds
[2025-10-04T11:21:58.442+0000] {processor.py:186} INFO - Started process (PID=328) to work on /opt/airflow/dags/mon_premier_dag.py
[2025-10-04T11:21:58.444+0000] {processor.py:914} INFO - Processing file /opt/airflow/dags/mon_premier_dag.py for tasks to queue
[2025-10-04T11:21:58.449+0000] {logging_mixin.py:190} INFO - [2025-10-04T11:21:58.448+0000] {dagbag.py:588} INFO - Filling up the DagBag from /opt/airflow/dags/mon_premier_dag.py
[2025-10-04T11:21:58.484+0000] {processor.py:925} INFO - DAG(s) 'mon_premier_dag' retrieved from /opt/airflow/dags/mon_premier_dag.py
[2025-10-04T11:21:58.532+0000] {logging_mixin.py:190} INFO - [2025-10-04T11:21:58.532+0000] {dag.py:3239} INFO - Sync 1 DAGs
[2025-10-04T11:21:58.572+0000] {logging_mixin.py:190} INFO - [2025-10-04T11:21:58.571+0000] {dag.py:4180} INFO - Setting next_dagrun for mon_premier_dag to 2025-10-03 00:00:00+00:00, run_after=2025-10-04 00:00:00+00:00
[2025-10-04T11:21:58.604+0000] {processor.py:208} INFO - Processing /opt/airflow/dags/mon_premier_dag.py took 0.172 seconds
[2025-10-04T11:22:28.829+0000] {processor.py:186} INFO - Started process (PID=354) to work on /opt/airflow/dags/mon_premier_dag.py
[2025-10-04T11:22:28.831+0000] {processor.py:914} INFO - Processing file /opt/airflow/dags/mon_premier_dag.py for tasks to queue
[2025-10-04T11:22:28.836+0000] {logging_mixin.py:190} INFO - [2025-10-04T11:22:28.836+0000] {dagbag.py:588} INFO - Filling up the DagBag from /opt/airflow/dags/mon_premier_dag.py
[2025-10-04T11:22:28.868+0000] {processor.py:925} INFO - DAG(s) 'mon_premier_dag' retrieved from /opt/airflow/dags/mon_premier_dag.py
[2025-10-04T11:22:28.907+0000] {logging_mixin.py:190} INFO - [2025-10-04T11:22:28.906+0000] {dag.py:3239} INFO - Sync 1 DAGs
[2025-10-04T11:22:28.944+0000] {logging_mixin.py:190} INFO - [2025-10-04T11:22:28.944+0000] {dag.py:4180} INFO - Setting next_dagrun for mon_premier_dag to 2025-10-03 00:00:00+00:00, run_after=2025-10-04 00:00:00+00:00
[2025-10-04T11:22:29.197+0000] {processor.py:208} INFO - Processing /opt/airflow/dags/mon_premier_dag.py took 0.378 seconds
[2025-10-04T11:22:59.766+0000] {processor.py:186} INFO - Started process (PID=380) to work on /opt/airflow/dags/mon_premier_dag.py
[2025-10-04T11:22:59.768+0000] {processor.py:914} INFO - Processing file /opt/airflow/dags/mon_premier_dag.py for tasks to queue
[2025-10-04T11:22:59.775+0000] {logging_mixin.py:190} INFO - [2025-10-04T11:22:59.775+0000] {dagbag.py:588} INFO - Filling up the DagBag from /opt/airflow/dags/mon_premier_dag.py
[2025-10-04T11:22:59.816+0000] {processor.py:925} INFO - DAG(s) 'mon_premier_dag' retrieved from /opt/airflow/dags/mon_premier_dag.py
[2025-10-04T11:22:59.886+0000] {logging_mixin.py:190} INFO - [2025-10-04T11:22:59.886+0000] {dag.py:3239} INFO - Sync 1 DAGs
[2025-10-04T11:23:00.278+0000] {logging_mixin.py:190} INFO - [2025-10-04T11:23:00.277+0000] {dag.py:4180} INFO - Setting next_dagrun for mon_premier_dag to 2025-10-03 00:00:00+00:00, run_after=2025-10-04 00:00:00+00:00
[2025-10-04T11:23:00.315+0000] {processor.py:208} INFO - Processing /opt/airflow/dags/mon_premier_dag.py took 0.566 seconds
[2025-10-04T11:23:30.862+0000] {processor.py:186} INFO - Started process (PID=406) to work on /opt/airflow/dags/mon_premier_dag.py
[2025-10-04T11:23:30.864+0000] {processor.py:914} INFO - Processing file /opt/airflow/dags/mon_premier_dag.py for tasks to queue
[2025-10-04T11:23:30.871+0000] {logging_mixin.py:190} INFO - [2025-10-04T11:23:30.870+0000] {dagbag.py:588} INFO - Filling up the DagBag from /opt/airflow/dags/mon_premier_dag.py
[2025-10-04T11:23:30.907+0000] {processor.py:925} INFO - DAG(s) 'mon_premier_dag' retrieved from /opt/airflow/dags/mon_premier_dag.py
[2025-10-04T11:23:31.198+0000] {logging_mixin.py:190} INFO - [2025-10-04T11:23:31.197+0000] {dag.py:3239} INFO - Sync 1 DAGs
[2025-10-04T11:23:31.229+0000] {logging_mixin.py:190} INFO - [2025-10-04T11:23:31.229+0000] {dag.py:4180} INFO - Setting next_dagrun for mon_premier_dag to 2025-10-03 00:00:00+00:00, run_after=2025-10-04 00:00:00+00:00
[2025-10-04T11:23:31.264+0000] {processor.py:208} INFO - Processing /opt/airflow/dags/mon_premier_dag.py took 0.415 seconds
[2025-10-04T11:24:01.802+0000] {processor.py:186} INFO - Started process (PID=432) to work on /opt/airflow/dags/mon_premier_dag.py
[2025-10-04T11:24:01.805+0000] {processor.py:914} INFO - Processing file /opt/airflow/dags/mon_premier_dag.py for tasks to queue
[2025-10-04T11:24:02.118+0000] {logging_mixin.py:190} INFO - [2025-10-04T11:24:02.117+0000] {dagbag.py:588} INFO - Filling up the DagBag from /opt/airflow/dags/mon_premier_dag.py
[2025-10-04T11:24:02.146+0000] {processor.py:925} INFO - DAG(s) 'mon_premier_dag' retrieved from /opt/airflow/dags/mon_premier_dag.py
[2025-10-04T11:24:02.180+0000] {logging_mixin.py:190} INFO - [2025-10-04T11:24:02.180+0000] {dag.py:3239} INFO - Sync 1 DAGs
[2025-10-04T11:24:02.213+0000] {logging_mixin.py:190} INFO - [2025-10-04T11:24:02.213+0000] {dag.py:4180} INFO - Setting next_dagrun for mon_premier_dag to 2025-10-03 00:00:00+00:00, run_after=2025-10-04 00:00:00+00:00
[2025-10-04T11:24:02.250+0000] {processor.py:208} INFO - Processing /opt/airflow/dags/mon_premier_dag.py took 0.460 seconds
[2025-10-04T11:24:32.505+0000] {processor.py:186} INFO - Started process (PID=458) to work on /opt/airflow/dags/mon_premier_dag.py
[2025-10-04T11:24:32.507+0000] {processor.py:914} INFO - Processing file /opt/airflow/dags/mon_premier_dag.py for tasks to queue
[2025-10-04T11:24:32.512+0000] {logging_mixin.py:190} INFO - [2025-10-04T11:24:32.511+0000] {dagbag.py:588} INFO - Filling up the DagBag from /opt/airflow/dags/mon_premier_dag.py
[2025-10-04T11:24:32.545+0000] {processor.py:925} INFO - DAG(s) 'mon_premier_dag' retrieved from /opt/airflow/dags/mon_premier_dag.py
[2025-10-04T11:24:32.588+0000] {logging_mixin.py:190} INFO - [2025-10-04T11:24:32.587+0000] {dag.py:3239} INFO - Sync 1 DAGs
[2025-10-04T11:24:32.628+0000] {logging_mixin.py:190} INFO - [2025-10-04T11:24:32.628+0000] {dag.py:4180} INFO - Setting next_dagrun for mon_premier_dag to 2025-10-03 00:00:00+00:00, run_after=2025-10-04 00:00:00+00:00
[2025-10-04T11:24:32.668+0000] {processor.py:208} INFO - Processing /opt/airflow/dags/mon_premier_dag.py took 0.176 seconds
[2025-10-04T11:25:03.816+0000] {processor.py:186} INFO - Started process (PID=484) to work on /opt/airflow/dags/mon_premier_dag.py
[2025-10-04T11:25:03.818+0000] {processor.py:914} INFO - Processing file /opt/airflow/dags/mon_premier_dag.py for tasks to queue
[2025-10-04T11:25:03.823+0000] {logging_mixin.py:190} INFO - [2025-10-04T11:25:03.822+0000] {dagbag.py:588} INFO - Filling up the DagBag from /opt/airflow/dags/mon_premier_dag.py
[2025-10-04T11:25:03.861+0000] {processor.py:925} INFO - DAG(s) 'mon_premier_dag' retrieved from /opt/airflow/dags/mon_premier_dag.py
[2025-10-04T11:25:03.909+0000] {logging_mixin.py:190} INFO - [2025-10-04T11:25:03.909+0000] {dag.py:3239} INFO - Sync 1 DAGs
[2025-10-04T11:25:03.958+0000] {logging_mixin.py:190} INFO - [2025-10-04T11:25:03.958+0000] {dag.py:4180} INFO - Setting next_dagrun for mon_premier_dag to 2025-10-03 00:00:00+00:00, run_after=2025-10-04 00:00:00+00:00
[2025-10-04T11:25:03.999+0000] {processor.py:208} INFO - Processing /opt/airflow/dags/mon_premier_dag.py took 0.197 seconds
[2025-10-04T11:25:34.822+0000] {processor.py:186} INFO - Started process (PID=511) to work on /opt/airflow/dags/mon_premier_dag.py
[2025-10-04T11:25:34.825+0000] {processor.py:914} INFO - Processing file /opt/airflow/dags/mon_premier_dag.py for tasks to queue
[2025-10-04T11:25:34.830+0000] {logging_mixin.py:190} INFO - [2025-10-04T11:25:34.830+0000] {dagbag.py:588} INFO - Filling up the DagBag from /opt/airflow/dags/mon_premier_dag.py
[2025-10-04T11:25:34.862+0000] {processor.py:925} INFO - DAG(s) 'mon_premier_dag' retrieved from /opt/airflow/dags/mon_premier_dag.py
[2025-10-04T11:25:34.902+0000] {logging_mixin.py:190} INFO - [2025-10-04T11:25:34.902+0000] {dag.py:3239} INFO - Sync 1 DAGs
[2025-10-04T11:25:34.941+0000] {logging_mixin.py:190} INFO - [2025-10-04T11:25:34.941+0000] {dag.py:4180} INFO - Setting next_dagrun for mon_premier_dag to 2025-10-03 00:00:00+00:00, run_after=2025-10-04 00:00:00+00:00
[2025-10-04T11:25:34.972+0000] {processor.py:208} INFO - Processing /opt/airflow/dags/mon_premier_dag.py took 0.171 seconds
[2025-10-04T11:26:05.800+0000] {processor.py:186} INFO - Started process (PID=537) to work on /opt/airflow/dags/mon_premier_dag.py
[2025-10-04T11:26:05.804+0000] {processor.py:914} INFO - Processing file /opt/airflow/dags/mon_premier_dag.py for tasks to queue
[2025-10-04T11:26:05.809+0000] {logging_mixin.py:190} INFO - [2025-10-04T11:26:05.808+0000] {dagbag.py:588} INFO - Filling up the DagBag from /opt/airflow/dags/mon_premier_dag.py
[2025-10-04T11:26:05.842+0000] {processor.py:925} INFO - DAG(s) 'mon_premier_dag' retrieved from /opt/airflow/dags/mon_premier_dag.py
[2025-10-04T11:26:05.884+0000] {logging_mixin.py:190} INFO - [2025-10-04T11:26:05.884+0000] {dag.py:3239} INFO - Sync 1 DAGs
[2025-10-04T11:26:05.922+0000] {logging_mixin.py:190} INFO - [2025-10-04T11:26:05.922+0000] {dag.py:4180} INFO - Setting next_dagrun for mon_premier_dag to 2025-10-03 00:00:00+00:00, run_after=2025-10-04 00:00:00+00:00
[2025-10-04T11:26:05.961+0000] {processor.py:208} INFO - Processing /opt/airflow/dags/mon_premier_dag.py took 0.172 seconds
[2025-10-04T11:26:36.802+0000] {processor.py:186} INFO - Started process (PID=563) to work on /opt/airflow/dags/mon_premier_dag.py
[2025-10-04T11:26:36.804+0000] {processor.py:914} INFO - Processing file /opt/airflow/dags/mon_premier_dag.py for tasks to queue
[2025-10-04T11:26:36.808+0000] {logging_mixin.py:190} INFO - [2025-10-04T11:26:36.808+0000] {dagbag.py:588} INFO - Filling up the DagBag from /opt/airflow/dags/mon_premier_dag.py
[2025-10-04T11:26:36.844+0000] {processor.py:925} INFO - DAG(s) 'mon_premier_dag' retrieved from /opt/airflow/dags/mon_premier_dag.py
[2025-10-04T11:26:36.891+0000] {logging_mixin.py:190} INFO - [2025-10-04T11:26:36.890+0000] {dag.py:3239} INFO - Sync 1 DAGs
[2025-10-04T11:26:36.936+0000] {logging_mixin.py:190} INFO - [2025-10-04T11:26:36.935+0000] {dag.py:4180} INFO - Setting next_dagrun for mon_premier_dag to 2025-10-03 00:00:00+00:00, run_after=2025-10-04 00:00:00+00:00
[2025-10-04T11:26:36.971+0000] {processor.py:208} INFO - Processing /opt/airflow/dags/mon_premier_dag.py took 0.183 seconds
[2025-10-04T11:27:07.874+0000] {processor.py:186} INFO - Started process (PID=589) to work on /opt/airflow/dags/mon_premier_dag.py
[2025-10-04T11:27:07.877+0000] {processor.py:914} INFO - Processing file /opt/airflow/dags/mon_premier_dag.py for tasks to queue
[2025-10-04T11:27:07.882+0000] {logging_mixin.py:190} INFO - [2025-10-04T11:27:07.881+0000] {dagbag.py:588} INFO - Filling up the DagBag from /opt/airflow/dags/mon_premier_dag.py
[2025-10-04T11:27:07.917+0000] {processor.py:925} INFO - DAG(s) 'mon_premier_dag' retrieved from /opt/airflow/dags/mon_premier_dag.py
[2025-10-04T11:27:07.960+0000] {logging_mixin.py:190} INFO - [2025-10-04T11:27:07.959+0000] {dag.py:3239} INFO - Sync 1 DAGs
[2025-10-04T11:27:08.000+0000] {logging_mixin.py:190} INFO - [2025-10-04T11:27:07.999+0000] {dag.py:4180} INFO - Setting next_dagrun for mon_premier_dag to 2025-10-03 00:00:00+00:00, run_after=2025-10-04 00:00:00+00:00
[2025-10-04T11:27:08.032+0000] {processor.py:208} INFO - Processing /opt/airflow/dags/mon_premier_dag.py took 0.170 seconds
[2025-10-04T11:27:38.874+0000] {processor.py:186} INFO - Started process (PID=615) to work on /opt/airflow/dags/mon_premier_dag.py
[2025-10-04T11:27:38.876+0000] {processor.py:914} INFO - Processing file /opt/airflow/dags/mon_premier_dag.py for tasks to queue
[2025-10-04T11:27:38.882+0000] {logging_mixin.py:190} INFO - [2025-10-04T11:27:38.881+0000] {dagbag.py:588} INFO - Filling up the DagBag from /opt/airflow/dags/mon_premier_dag.py
[2025-10-04T11:27:38.921+0000] {processor.py:925} INFO - DAG(s) 'mon_premier_dag' retrieved from /opt/airflow/dags/mon_premier_dag.py
[2025-10-04T11:27:38.969+0000] {logging_mixin.py:190} INFO - [2025-10-04T11:27:38.969+0000] {dag.py:3239} INFO - Sync 1 DAGs
[2025-10-04T11:27:39.013+0000] {logging_mixin.py:190} INFO - [2025-10-04T11:27:39.013+0000] {dag.py:4180} INFO - Setting next_dagrun for mon_premier_dag to 2025-10-03 00:00:00+00:00, run_after=2025-10-04 00:00:00+00:00
[2025-10-04T11:27:39.050+0000] {processor.py:208} INFO - Processing /opt/airflow/dags/mon_premier_dag.py took 0.188 seconds
[2025-10-04T11:28:10.061+0000] {processor.py:186} INFO - Started process (PID=641) to work on /opt/airflow/dags/mon_premier_dag.py
[2025-10-04T11:28:10.064+0000] {processor.py:914} INFO - Processing file /opt/airflow/dags/mon_premier_dag.py for tasks to queue
[2025-10-04T11:28:10.070+0000] {logging_mixin.py:190} INFO - [2025-10-04T11:28:10.069+0000] {dagbag.py:588} INFO - Filling up the DagBag from /opt/airflow/dags/mon_premier_dag.py
[2025-10-04T11:28:10.107+0000] {processor.py:925} INFO - DAG(s) 'mon_premier_dag' retrieved from /opt/airflow/dags/mon_premier_dag.py
[2025-10-04T11:28:10.161+0000] {logging_mixin.py:190} INFO - [2025-10-04T11:28:10.160+0000] {dag.py:3239} INFO - Sync 1 DAGs
[2025-10-04T11:28:10.213+0000] {logging_mixin.py:190} INFO - [2025-10-04T11:28:10.213+0000] {dag.py:4180} INFO - Setting next_dagrun for mon_premier_dag to 2025-10-03 00:00:00+00:00, run_after=2025-10-04 00:00:00+00:00
[2025-10-04T11:28:10.255+0000] {processor.py:208} INFO - Processing /opt/airflow/dags/mon_premier_dag.py took 0.207 seconds
[2025-10-04T11:28:41.069+0000] {processor.py:186} INFO - Started process (PID=668) to work on /opt/airflow/dags/mon_premier_dag.py
[2025-10-04T11:28:41.072+0000] {processor.py:914} INFO - Processing file /opt/airflow/dags/mon_premier_dag.py for tasks to queue
[2025-10-04T11:28:41.078+0000] {logging_mixin.py:190} INFO - [2025-10-04T11:28:41.077+0000] {dagbag.py:588} INFO - Filling up the DagBag from /opt/airflow/dags/mon_premier_dag.py
[2025-10-04T11:28:41.110+0000] {processor.py:925} INFO - DAG(s) 'mon_premier_dag' retrieved from /opt/airflow/dags/mon_premier_dag.py
[2025-10-04T11:28:41.155+0000] {logging_mixin.py:190} INFO - [2025-10-04T11:28:41.155+0000] {dag.py:3239} INFO - Sync 1 DAGs
[2025-10-04T11:28:41.194+0000] {logging_mixin.py:190} INFO - [2025-10-04T11:28:41.193+0000] {dag.py:4180} INFO - Setting next_dagrun for mon_premier_dag to 2025-10-03 00:00:00+00:00, run_after=2025-10-04 00:00:00+00:00
[2025-10-04T11:28:41.232+0000] {processor.py:208} INFO - Processing /opt/airflow/dags/mon_premier_dag.py took 0.174 seconds
[2025-10-04T11:29:12.158+0000] {processor.py:186} INFO - Started process (PID=694) to work on /opt/airflow/dags/mon_premier_dag.py
[2025-10-04T11:29:12.160+0000] {processor.py:914} INFO - Processing file /opt/airflow/dags/mon_premier_dag.py for tasks to queue
[2025-10-04T11:29:12.166+0000] {logging_mixin.py:190} INFO - [2025-10-04T11:29:12.165+0000] {dagbag.py:588} INFO - Filling up the DagBag from /opt/airflow/dags/mon_premier_dag.py
[2025-10-04T11:29:12.204+0000] {processor.py:925} INFO - DAG(s) 'mon_premier_dag' retrieved from /opt/airflow/dags/mon_premier_dag.py
[2025-10-04T11:29:12.246+0000] {logging_mixin.py:190} INFO - [2025-10-04T11:29:12.246+0000] {dag.py:3239} INFO - Sync 1 DAGs
[2025-10-04T11:29:12.295+0000] {logging_mixin.py:190} INFO - [2025-10-04T11:29:12.294+0000] {dag.py:4180} INFO - Setting next_dagrun for mon_premier_dag to 2025-10-03 00:00:00+00:00, run_after=2025-10-04 00:00:00+00:00
[2025-10-04T11:29:12.329+0000] {processor.py:208} INFO - Processing /opt/airflow/dags/mon_premier_dag.py took 0.189 seconds
[2025-10-04T11:29:43.181+0000] {processor.py:186} INFO - Started process (PID=720) to work on /opt/airflow/dags/mon_premier_dag.py
[2025-10-04T11:29:43.183+0000] {processor.py:914} INFO - Processing file /opt/airflow/dags/mon_premier_dag.py for tasks to queue
[2025-10-04T11:29:43.188+0000] {logging_mixin.py:190} INFO - [2025-10-04T11:29:43.187+0000] {dagbag.py:588} INFO - Filling up the DagBag from /opt/airflow/dags/mon_premier_dag.py
[2025-10-04T11:29:43.220+0000] {processor.py:925} INFO - DAG(s) 'mon_premier_dag' retrieved from /opt/airflow/dags/mon_premier_dag.py
[2025-10-04T11:29:43.320+0000] {logging_mixin.py:190} INFO - [2025-10-04T11:29:43.320+0000] {dag.py:3239} INFO - Sync 1 DAGs
[2025-10-04T11:29:43.397+0000] {logging_mixin.py:190} INFO - [2025-10-04T11:29:43.397+0000] {dag.py:4180} INFO - Setting next_dagrun for mon_premier_dag to 2025-10-03 00:00:00+00:00, run_after=2025-10-04 00:00:00+00:00
[2025-10-04T11:29:43.478+0000] {processor.py:208} INFO - Processing /opt/airflow/dags/mon_premier_dag.py took 0.309 seconds
[2025-10-04T11:30:13.989+0000] {processor.py:186} INFO - Started process (PID=746) to work on /opt/airflow/dags/mon_premier_dag.py
[2025-10-04T11:30:13.991+0000] {processor.py:914} INFO - Processing file /opt/airflow/dags/mon_premier_dag.py for tasks to queue
[2025-10-04T11:30:13.998+0000] {logging_mixin.py:190} INFO - [2025-10-04T11:30:13.997+0000] {dagbag.py:588} INFO - Filling up the DagBag from /opt/airflow/dags/mon_premier_dag.py
[2025-10-04T11:30:14.038+0000] {processor.py:925} INFO - DAG(s) 'mon_premier_dag' retrieved from /opt/airflow/dags/mon_premier_dag.py
[2025-10-04T11:30:14.078+0000] {logging_mixin.py:190} INFO - [2025-10-04T11:30:14.078+0000] {dag.py:3239} INFO - Sync 1 DAGs
[2025-10-04T11:30:14.124+0000] {logging_mixin.py:190} INFO - [2025-10-04T11:30:14.123+0000] {dag.py:4180} INFO - Setting next_dagrun for mon_premier_dag to 2025-10-03 00:00:00+00:00, run_after=2025-10-04 00:00:00+00:00
[2025-10-04T11:30:14.201+0000] {processor.py:208} INFO - Processing /opt/airflow/dags/mon_premier_dag.py took 0.232 seconds
[2025-10-04T11:30:45.019+0000] {processor.py:186} INFO - Started process (PID=772) to work on /opt/airflow/dags/mon_premier_dag.py
[2025-10-04T11:30:45.021+0000] {processor.py:914} INFO - Processing file /opt/airflow/dags/mon_premier_dag.py for tasks to queue
[2025-10-04T11:30:45.026+0000] {logging_mixin.py:190} INFO - [2025-10-04T11:30:45.025+0000] {dagbag.py:588} INFO - Filling up the DagBag from /opt/airflow/dags/mon_premier_dag.py
[2025-10-04T11:30:45.061+0000] {processor.py:925} INFO - DAG(s) 'mon_premier_dag' retrieved from /opt/airflow/dags/mon_premier_dag.py
[2025-10-04T11:30:45.104+0000] {logging_mixin.py:190} INFO - [2025-10-04T11:30:45.104+0000] {dag.py:3239} INFO - Sync 1 DAGs
[2025-10-04T11:30:45.146+0000] {logging_mixin.py:190} INFO - [2025-10-04T11:30:45.146+0000] {dag.py:4180} INFO - Setting next_dagrun for mon_premier_dag to 2025-10-03 00:00:00+00:00, run_after=2025-10-04 00:00:00+00:00
[2025-10-04T11:30:45.183+0000] {processor.py:208} INFO - Processing /opt/airflow/dags/mon_premier_dag.py took 0.175 seconds
[2025-10-04T11:31:15.790+0000] {processor.py:186} INFO - Started process (PID=798) to work on /opt/airflow/dags/mon_premier_dag.py
[2025-10-04T11:31:15.792+0000] {processor.py:914} INFO - Processing file /opt/airflow/dags/mon_premier_dag.py for tasks to queue
[2025-10-04T11:31:15.798+0000] {logging_mixin.py:190} INFO - [2025-10-04T11:31:15.797+0000] {dagbag.py:588} INFO - Filling up the DagBag from /opt/airflow/dags/mon_premier_dag.py
[2025-10-04T11:31:15.838+0000] {processor.py:925} INFO - DAG(s) 'mon_premier_dag' retrieved from /opt/airflow/dags/mon_premier_dag.py
[2025-10-04T11:31:15.884+0000] {logging_mixin.py:190} INFO - [2025-10-04T11:31:15.883+0000] {dag.py:3239} INFO - Sync 1 DAGs
[2025-10-04T11:31:15.934+0000] {logging_mixin.py:190} INFO - [2025-10-04T11:31:15.933+0000] {dag.py:4180} INFO - Setting next_dagrun for mon_premier_dag to 2025-10-03 00:00:00+00:00, run_after=2025-10-04 00:00:00+00:00
[2025-10-04T11:31:15.972+0000] {processor.py:208} INFO - Processing /opt/airflow/dags/mon_premier_dag.py took 0.193 seconds
[2025-10-04T11:31:46.794+0000] {processor.py:186} INFO - Started process (PID=824) to work on /opt/airflow/dags/mon_premier_dag.py
[2025-10-04T11:31:46.796+0000] {processor.py:914} INFO - Processing file /opt/airflow/dags/mon_premier_dag.py for tasks to queue
[2025-10-04T11:31:46.800+0000] {logging_mixin.py:190} INFO - [2025-10-04T11:31:46.799+0000] {dagbag.py:588} INFO - Filling up the DagBag from /opt/airflow/dags/mon_premier_dag.py
[2025-10-04T11:31:46.833+0000] {processor.py:925} INFO - DAG(s) 'mon_premier_dag' retrieved from /opt/airflow/dags/mon_premier_dag.py
[2025-10-04T11:31:46.875+0000] {logging_mixin.py:190} INFO - [2025-10-04T11:31:46.874+0000] {dag.py:3239} INFO - Sync 1 DAGs
[2025-10-04T11:31:46.913+0000] {logging_mixin.py:190} INFO - [2025-10-04T11:31:46.913+0000] {dag.py:4180} INFO - Setting next_dagrun for mon_premier_dag to 2025-10-03 00:00:00+00:00, run_after=2025-10-04 00:00:00+00:00
[2025-10-04T11:31:46.951+0000] {processor.py:208} INFO - Processing /opt/airflow/dags/mon_premier_dag.py took 0.168 seconds
[2025-10-04T11:32:17.829+0000] {processor.py:186} INFO - Started process (PID=850) to work on /opt/airflow/dags/mon_premier_dag.py
[2025-10-04T11:32:17.831+0000] {processor.py:914} INFO - Processing file /opt/airflow/dags/mon_premier_dag.py for tasks to queue
[2025-10-04T11:32:17.835+0000] {logging_mixin.py:190} INFO - [2025-10-04T11:32:17.834+0000] {dagbag.py:588} INFO - Filling up the DagBag from /opt/airflow/dags/mon_premier_dag.py
[2025-10-04T11:32:17.870+0000] {processor.py:925} INFO - DAG(s) 'mon_premier_dag' retrieved from /opt/airflow/dags/mon_premier_dag.py
[2025-10-04T11:32:17.909+0000] {logging_mixin.py:190} INFO - [2025-10-04T11:32:17.908+0000] {dag.py:3239} INFO - Sync 1 DAGs
[2025-10-04T11:32:17.946+0000] {logging_mixin.py:190} INFO - [2025-10-04T11:32:17.946+0000] {dag.py:4180} INFO - Setting next_dagrun for mon_premier_dag to 2025-10-03 00:00:00+00:00, run_after=2025-10-04 00:00:00+00:00
[2025-10-04T11:32:17.976+0000] {processor.py:208} INFO - Processing /opt/airflow/dags/mon_premier_dag.py took 0.160 seconds
[2025-10-04T11:37:56.461+0000] {processor.py:186} INFO - Started process (PID=222) to work on /opt/airflow/dags/mon_premier_dag.py
[2025-10-04T11:37:56.463+0000] {processor.py:914} INFO - Processing file /opt/airflow/dags/mon_premier_dag.py for tasks to queue
[2025-10-04T11:37:56.466+0000] {logging_mixin.py:190} INFO - [2025-10-04T11:37:56.466+0000] {dagbag.py:588} INFO - Filling up the DagBag from /opt/airflow/dags/mon_premier_dag.py
[2025-10-04T11:37:56.493+0000] {processor.py:925} INFO - DAG(s) 'mon_premier_dag' retrieved from /opt/airflow/dags/mon_premier_dag.py
[2025-10-04T11:37:56.535+0000] {logging_mixin.py:190} INFO - [2025-10-04T11:37:56.534+0000] {dag.py:3239} INFO - Sync 1 DAGs
[2025-10-04T11:37:56.576+0000] {logging_mixin.py:190} INFO - [2025-10-04T11:37:56.576+0000] {dag.py:4180} INFO - Setting next_dagrun for mon_premier_dag to 2025-10-03 00:00:00+00:00, run_after=2025-10-04 00:00:00+00:00
[2025-10-04T11:37:56.609+0000] {processor.py:208} INFO - Processing /opt/airflow/dags/mon_premier_dag.py took 0.158 seconds
[2025-10-04T11:38:27.362+0000] {processor.py:186} INFO - Started process (PID=248) to work on /opt/airflow/dags/mon_premier_dag.py
[2025-10-04T11:38:27.364+0000] {processor.py:914} INFO - Processing file /opt/airflow/dags/mon_premier_dag.py for tasks to queue
[2025-10-04T11:38:27.370+0000] {logging_mixin.py:190} INFO - [2025-10-04T11:38:27.369+0000] {dagbag.py:588} INFO - Filling up the DagBag from /opt/airflow/dags/mon_premier_dag.py
[2025-10-04T11:38:27.402+0000] {processor.py:925} INFO - DAG(s) 'mon_premier_dag' retrieved from /opt/airflow/dags/mon_premier_dag.py
[2025-10-04T11:38:27.446+0000] {logging_mixin.py:190} INFO - [2025-10-04T11:38:27.446+0000] {dag.py:3239} INFO - Sync 1 DAGs
[2025-10-04T11:38:27.489+0000] {logging_mixin.py:190} INFO - [2025-10-04T11:38:27.488+0000] {dag.py:4180} INFO - Setting next_dagrun for mon_premier_dag to 2025-10-03 00:00:00+00:00, run_after=2025-10-04 00:00:00+00:00
[2025-10-04T11:38:27.520+0000] {processor.py:208} INFO - Processing /opt/airflow/dags/mon_premier_dag.py took 0.169 seconds
[2025-10-04T11:38:58.481+0000] {processor.py:186} INFO - Started process (PID=274) to work on /opt/airflow/dags/mon_premier_dag.py
[2025-10-04T11:38:58.483+0000] {processor.py:914} INFO - Processing file /opt/airflow/dags/mon_premier_dag.py for tasks to queue
[2025-10-04T11:38:58.487+0000] {logging_mixin.py:190} INFO - [2025-10-04T11:38:58.487+0000] {dagbag.py:588} INFO - Filling up the DagBag from /opt/airflow/dags/mon_premier_dag.py
[2025-10-04T11:38:58.523+0000] {processor.py:925} INFO - DAG(s) 'mon_premier_dag' retrieved from /opt/airflow/dags/mon_premier_dag.py
[2025-10-04T11:38:58.567+0000] {logging_mixin.py:190} INFO - [2025-10-04T11:38:58.566+0000] {dag.py:3239} INFO - Sync 1 DAGs
[2025-10-04T11:38:58.618+0000] {logging_mixin.py:190} INFO - [2025-10-04T11:38:58.618+0000] {dag.py:4180} INFO - Setting next_dagrun for mon_premier_dag to 2025-10-03 00:00:00+00:00, run_after=2025-10-04 00:00:00+00:00
[2025-10-04T11:38:58.653+0000] {processor.py:208} INFO - Processing /opt/airflow/dags/mon_premier_dag.py took 0.188 seconds
[2025-10-04T11:39:29.511+0000] {processor.py:186} INFO - Started process (PID=300) to work on /opt/airflow/dags/mon_premier_dag.py
[2025-10-04T11:39:29.513+0000] {processor.py:914} INFO - Processing file /opt/airflow/dags/mon_premier_dag.py for tasks to queue
[2025-10-04T11:39:29.517+0000] {logging_mixin.py:190} INFO - [2025-10-04T11:39:29.516+0000] {dagbag.py:588} INFO - Filling up the DagBag from /opt/airflow/dags/mon_premier_dag.py
[2025-10-04T11:39:29.562+0000] {processor.py:925} INFO - DAG(s) 'mon_premier_dag' retrieved from /opt/airflow/dags/mon_premier_dag.py
[2025-10-04T11:39:29.608+0000] {logging_mixin.py:190} INFO - [2025-10-04T11:39:29.608+0000] {dag.py:3239} INFO - Sync 1 DAGs
[2025-10-04T11:39:29.649+0000] {logging_mixin.py:190} INFO - [2025-10-04T11:39:29.648+0000] {dag.py:4180} INFO - Setting next_dagrun for mon_premier_dag to 2025-10-03 00:00:00+00:00, run_after=2025-10-04 00:00:00+00:00
[2025-10-04T11:39:29.686+0000] {processor.py:208} INFO - Processing /opt/airflow/dags/mon_premier_dag.py took 0.186 seconds
[2025-10-04T11:40:00.238+0000] {processor.py:186} INFO - Started process (PID=326) to work on /opt/airflow/dags/mon_premier_dag.py
[2025-10-04T11:40:00.240+0000] {processor.py:914} INFO - Processing file /opt/airflow/dags/mon_premier_dag.py for tasks to queue
[2025-10-04T11:40:00.244+0000] {logging_mixin.py:190} INFO - [2025-10-04T11:40:00.244+0000] {dagbag.py:588} INFO - Filling up the DagBag from /opt/airflow/dags/mon_premier_dag.py
[2025-10-04T11:40:00.278+0000] {processor.py:925} INFO - DAG(s) 'mon_premier_dag' retrieved from /opt/airflow/dags/mon_premier_dag.py
[2025-10-04T11:40:00.323+0000] {logging_mixin.py:190} INFO - [2025-10-04T11:40:00.322+0000] {dag.py:3239} INFO - Sync 1 DAGs
[2025-10-04T11:40:00.366+0000] {logging_mixin.py:190} INFO - [2025-10-04T11:40:00.365+0000] {dag.py:4180} INFO - Setting next_dagrun for mon_premier_dag to 2025-10-03 00:00:00+00:00, run_after=2025-10-04 00:00:00+00:00
[2025-10-04T11:40:00.402+0000] {processor.py:208} INFO - Processing /opt/airflow/dags/mon_premier_dag.py took 0.175 seconds
[2025-10-04T11:40:32.013+0000] {processor.py:186} INFO - Started process (PID=352) to work on /opt/airflow/dags/mon_premier_dag.py
[2025-10-04T11:40:32.015+0000] {processor.py:914} INFO - Processing file /opt/airflow/dags/mon_premier_dag.py for tasks to queue
[2025-10-04T11:40:32.022+0000] {logging_mixin.py:190} INFO - [2025-10-04T11:40:32.020+0000] {dagbag.py:588} INFO - Filling up the DagBag from /opt/airflow/dags/mon_premier_dag.py
[2025-10-04T11:40:32.067+0000] {processor.py:925} INFO - DAG(s) 'mon_premier_dag' retrieved from /opt/airflow/dags/mon_premier_dag.py
[2025-10-04T11:40:32.143+0000] {logging_mixin.py:190} INFO - [2025-10-04T11:40:32.142+0000] {dag.py:3239} INFO - Sync 1 DAGs
[2025-10-04T11:40:32.212+0000] {logging_mixin.py:190} INFO - [2025-10-04T11:40:32.212+0000] {dag.py:4180} INFO - Setting next_dagrun for mon_premier_dag to 2025-10-03 00:00:00+00:00, run_after=2025-10-04 00:00:00+00:00
[2025-10-04T11:40:32.619+0000] {processor.py:208} INFO - Processing /opt/airflow/dags/mon_premier_dag.py took 0.622 seconds
[2025-10-04T11:41:03.209+0000] {processor.py:186} INFO - Started process (PID=378) to work on /opt/airflow/dags/mon_premier_dag.py
[2025-10-04T11:41:03.212+0000] {processor.py:914} INFO - Processing file /opt/airflow/dags/mon_premier_dag.py for tasks to queue
[2025-10-04T11:41:03.227+0000] {logging_mixin.py:190} INFO - [2025-10-04T11:41:03.224+0000] {dagbag.py:588} INFO - Filling up the DagBag from /opt/airflow/dags/mon_premier_dag.py
[2025-10-04T11:41:03.298+0000] {processor.py:925} INFO - DAG(s) 'mon_premier_dag' retrieved from /opt/airflow/dags/mon_premier_dag.py
[2025-10-04T11:41:03.362+0000] {logging_mixin.py:190} INFO - [2025-10-04T11:41:03.361+0000] {dag.py:3239} INFO - Sync 1 DAGs
[2025-10-04T11:41:03.731+0000] {logging_mixin.py:190} INFO - [2025-10-04T11:41:03.730+0000] {dag.py:4180} INFO - Setting next_dagrun for mon_premier_dag to 2025-10-03 00:00:00+00:00, run_after=2025-10-04 00:00:00+00:00
[2025-10-04T11:41:03.855+0000] {processor.py:208} INFO - Processing /opt/airflow/dags/mon_premier_dag.py took 0.662 seconds
[2025-10-04T11:41:34.351+0000] {processor.py:186} INFO - Started process (PID=404) to work on /opt/airflow/dags/mon_premier_dag.py
[2025-10-04T11:41:34.353+0000] {processor.py:914} INFO - Processing file /opt/airflow/dags/mon_premier_dag.py for tasks to queue
[2025-10-04T11:41:34.359+0000] {logging_mixin.py:190} INFO - [2025-10-04T11:41:34.358+0000] {dagbag.py:588} INFO - Filling up the DagBag from /opt/airflow/dags/mon_premier_dag.py
[2025-10-04T11:41:34.389+0000] {processor.py:925} INFO - DAG(s) 'mon_premier_dag' retrieved from /opt/airflow/dags/mon_premier_dag.py
[2025-10-04T11:41:34.689+0000] {logging_mixin.py:190} INFO - [2025-10-04T11:41:34.689+0000] {dag.py:3239} INFO - Sync 1 DAGs
[2025-10-04T11:41:34.730+0000] {logging_mixin.py:190} INFO - [2025-10-04T11:41:34.730+0000] {dag.py:4180} INFO - Setting next_dagrun for mon_premier_dag to 2025-10-03 00:00:00+00:00, run_after=2025-10-04 00:00:00+00:00
[2025-10-04T11:41:34.763+0000] {processor.py:208} INFO - Processing /opt/airflow/dags/mon_premier_dag.py took 0.422 seconds
[2025-10-04T11:42:05.362+0000] {processor.py:186} INFO - Started process (PID=430) to work on /opt/airflow/dags/mon_premier_dag.py
[2025-10-04T11:42:05.365+0000] {processor.py:914} INFO - Processing file /opt/airflow/dags/mon_premier_dag.py for tasks to queue
[2025-10-04T11:42:05.618+0000] {logging_mixin.py:190} INFO - [2025-10-04T11:42:05.618+0000] {dagbag.py:588} INFO - Filling up the DagBag from /opt/airflow/dags/mon_premier_dag.py
[2025-10-04T11:42:05.644+0000] {processor.py:925} INFO - DAG(s) 'mon_premier_dag' retrieved from /opt/airflow/dags/mon_premier_dag.py
[2025-10-04T11:42:05.677+0000] {logging_mixin.py:190} INFO - [2025-10-04T11:42:05.677+0000] {dag.py:3239} INFO - Sync 1 DAGs
[2025-10-04T11:42:05.712+0000] {logging_mixin.py:190} INFO - [2025-10-04T11:42:05.711+0000] {dag.py:4180} INFO - Setting next_dagrun for mon_premier_dag to 2025-10-03 00:00:00+00:00, run_after=2025-10-04 00:00:00+00:00
[2025-10-04T11:42:05.741+0000] {processor.py:208} INFO - Processing /opt/airflow/dags/mon_premier_dag.py took 0.394 seconds
[2025-10-04T11:42:36.319+0000] {processor.py:186} INFO - Started process (PID=456) to work on /opt/airflow/dags/mon_premier_dag.py
[2025-10-04T11:42:36.321+0000] {processor.py:914} INFO - Processing file /opt/airflow/dags/mon_premier_dag.py for tasks to queue
[2025-10-04T11:42:36.330+0000] {logging_mixin.py:190} INFO - [2025-10-04T11:42:36.329+0000] {dagbag.py:588} INFO - Filling up the DagBag from /opt/airflow/dags/mon_premier_dag.py
[2025-10-04T11:42:36.377+0000] {processor.py:925} INFO - DAG(s) 'mon_premier_dag' retrieved from /opt/airflow/dags/mon_premier_dag.py
[2025-10-04T11:42:36.416+0000] {logging_mixin.py:190} INFO - [2025-10-04T11:42:36.416+0000] {dag.py:3239} INFO - Sync 1 DAGs
[2025-10-04T11:42:36.456+0000] {logging_mixin.py:190} INFO - [2025-10-04T11:42:36.456+0000] {dag.py:4180} INFO - Setting next_dagrun for mon_premier_dag to 2025-10-03 00:00:00+00:00, run_after=2025-10-04 00:00:00+00:00
[2025-10-04T11:42:36.493+0000] {processor.py:208} INFO - Processing /opt/airflow/dags/mon_premier_dag.py took 0.186 seconds
[2025-10-04T11:43:07.325+0000] {processor.py:186} INFO - Started process (PID=482) to work on /opt/airflow/dags/mon_premier_dag.py
[2025-10-04T11:43:07.327+0000] {processor.py:914} INFO - Processing file /opt/airflow/dags/mon_premier_dag.py for tasks to queue
[2025-10-04T11:43:07.332+0000] {logging_mixin.py:190} INFO - [2025-10-04T11:43:07.331+0000] {dagbag.py:588} INFO - Filling up the DagBag from /opt/airflow/dags/mon_premier_dag.py
[2025-10-04T11:43:07.366+0000] {processor.py:925} INFO - DAG(s) 'mon_premier_dag' retrieved from /opt/airflow/dags/mon_premier_dag.py
[2025-10-04T11:43:07.406+0000] {logging_mixin.py:190} INFO - [2025-10-04T11:43:07.405+0000] {dag.py:3239} INFO - Sync 1 DAGs
[2025-10-04T11:43:07.445+0000] {logging_mixin.py:190} INFO - [2025-10-04T11:43:07.445+0000] {dag.py:4180} INFO - Setting next_dagrun for mon_premier_dag to 2025-10-03 00:00:00+00:00, run_after=2025-10-04 00:00:00+00:00
[2025-10-04T11:43:07.477+0000] {processor.py:208} INFO - Processing /opt/airflow/dags/mon_premier_dag.py took 0.163 seconds
[2025-10-04T11:43:38.446+0000] {processor.py:186} INFO - Started process (PID=507) to work on /opt/airflow/dags/mon_premier_dag.py
[2025-10-04T11:43:38.449+0000] {processor.py:914} INFO - Processing file /opt/airflow/dags/mon_premier_dag.py for tasks to queue
[2025-10-04T11:43:38.460+0000] {logging_mixin.py:190} INFO - [2025-10-04T11:43:38.458+0000] {dagbag.py:588} INFO - Filling up the DagBag from /opt/airflow/dags/mon_premier_dag.py
[2025-10-04T11:43:38.535+0000] {processor.py:925} INFO - DAG(s) 'mon_premier_dag' retrieved from /opt/airflow/dags/mon_premier_dag.py
[2025-10-04T11:43:38.593+0000] {logging_mixin.py:190} INFO - [2025-10-04T11:43:38.593+0000] {dag.py:3239} INFO - Sync 1 DAGs
[2025-10-04T11:43:38.655+0000] {logging_mixin.py:190} INFO - [2025-10-04T11:43:38.654+0000] {dag.py:4180} INFO - Setting next_dagrun for mon_premier_dag to 2025-10-03 00:00:00+00:00, run_after=2025-10-04 00:00:00+00:00
[2025-10-04T11:43:38.707+0000] {processor.py:208} INFO - Processing /opt/airflow/dags/mon_premier_dag.py took 0.356 seconds
[2025-10-04T11:44:09.546+0000] {processor.py:186} INFO - Started process (PID=533) to work on /opt/airflow/dags/mon_premier_dag.py
[2025-10-04T11:44:09.549+0000] {processor.py:914} INFO - Processing file /opt/airflow/dags/mon_premier_dag.py for tasks to queue
[2025-10-04T11:44:09.553+0000] {logging_mixin.py:190} INFO - [2025-10-04T11:44:09.552+0000] {dagbag.py:588} INFO - Filling up the DagBag from /opt/airflow/dags/mon_premier_dag.py
[2025-10-04T11:44:09.588+0000] {processor.py:925} INFO - DAG(s) 'mon_premier_dag' retrieved from /opt/airflow/dags/mon_premier_dag.py
[2025-10-04T11:44:09.630+0000] {logging_mixin.py:190} INFO - [2025-10-04T11:44:09.630+0000] {dag.py:3239} INFO - Sync 1 DAGs
[2025-10-04T11:44:09.667+0000] {logging_mixin.py:190} INFO - [2025-10-04T11:44:09.666+0000] {dag.py:4180} INFO - Setting next_dagrun for mon_premier_dag to 2025-10-03 00:00:00+00:00, run_after=2025-10-04 00:00:00+00:00
[2025-10-04T11:44:09.701+0000] {processor.py:208} INFO - Processing /opt/airflow/dags/mon_premier_dag.py took 0.167 seconds
[2025-10-04T11:44:40.601+0000] {processor.py:186} INFO - Started process (PID=559) to work on /opt/airflow/dags/mon_premier_dag.py
[2025-10-04T11:44:40.604+0000] {processor.py:914} INFO - Processing file /opt/airflow/dags/mon_premier_dag.py for tasks to queue
[2025-10-04T11:44:40.608+0000] {logging_mixin.py:190} INFO - [2025-10-04T11:44:40.607+0000] {dagbag.py:588} INFO - Filling up the DagBag from /opt/airflow/dags/mon_premier_dag.py
[2025-10-04T11:44:40.645+0000] {processor.py:925} INFO - DAG(s) 'mon_premier_dag' retrieved from /opt/airflow/dags/mon_premier_dag.py
[2025-10-04T11:44:40.685+0000] {logging_mixin.py:190} INFO - [2025-10-04T11:44:40.685+0000] {dag.py:3239} INFO - Sync 1 DAGs
[2025-10-04T11:44:40.722+0000] {logging_mixin.py:190} INFO - [2025-10-04T11:44:40.722+0000] {dag.py:4180} INFO - Setting next_dagrun for mon_premier_dag to 2025-10-03 00:00:00+00:00, run_after=2025-10-04 00:00:00+00:00
[2025-10-04T11:44:40.756+0000] {processor.py:208} INFO - Processing /opt/airflow/dags/mon_premier_dag.py took 0.169 seconds
[2025-10-04T11:45:11.632+0000] {processor.py:186} INFO - Started process (PID=586) to work on /opt/airflow/dags/mon_premier_dag.py
[2025-10-04T11:45:11.634+0000] {processor.py:914} INFO - Processing file /opt/airflow/dags/mon_premier_dag.py for tasks to queue
[2025-10-04T11:45:11.639+0000] {logging_mixin.py:190} INFO - [2025-10-04T11:45:11.638+0000] {dagbag.py:588} INFO - Filling up the DagBag from /opt/airflow/dags/mon_premier_dag.py
[2025-10-04T11:45:11.678+0000] {processor.py:925} INFO - DAG(s) 'mon_premier_dag' retrieved from /opt/airflow/dags/mon_premier_dag.py
[2025-10-04T11:45:11.721+0000] {logging_mixin.py:190} INFO - [2025-10-04T11:45:11.721+0000] {dag.py:3239} INFO - Sync 1 DAGs
[2025-10-04T11:45:11.761+0000] {logging_mixin.py:190} INFO - [2025-10-04T11:45:11.760+0000] {dag.py:4180} INFO - Setting next_dagrun for mon_premier_dag to 2025-10-03 00:00:00+00:00, run_after=2025-10-04 00:00:00+00:00
[2025-10-04T11:45:11.797+0000] {processor.py:208} INFO - Processing /opt/airflow/dags/mon_premier_dag.py took 0.179 seconds
[2025-10-04T11:45:42.584+0000] {processor.py:186} INFO - Started process (PID=612) to work on /opt/airflow/dags/mon_premier_dag.py
[2025-10-04T11:45:42.586+0000] {processor.py:914} INFO - Processing file /opt/airflow/dags/mon_premier_dag.py for tasks to queue
[2025-10-04T11:45:42.590+0000] {logging_mixin.py:190} INFO - [2025-10-04T11:45:42.590+0000] {dagbag.py:588} INFO - Filling up the DagBag from /opt/airflow/dags/mon_premier_dag.py
[2025-10-04T11:45:42.623+0000] {processor.py:925} INFO - DAG(s) 'mon_premier_dag' retrieved from /opt/airflow/dags/mon_premier_dag.py
[2025-10-04T11:45:42.662+0000] {logging_mixin.py:190} INFO - [2025-10-04T11:45:42.661+0000] {dag.py:3239} INFO - Sync 1 DAGs
[2025-10-04T11:45:42.700+0000] {logging_mixin.py:190} INFO - [2025-10-04T11:45:42.700+0000] {dag.py:4180} INFO - Setting next_dagrun for mon_premier_dag to 2025-10-03 00:00:00+00:00, run_after=2025-10-04 00:00:00+00:00
[2025-10-04T11:45:42.735+0000] {processor.py:208} INFO - Processing /opt/airflow/dags/mon_premier_dag.py took 0.164 seconds
[2025-10-04T11:46:13.363+0000] {processor.py:186} INFO - Started process (PID=638) to work on /opt/airflow/dags/mon_premier_dag.py
[2025-10-04T11:46:13.365+0000] {processor.py:914} INFO - Processing file /opt/airflow/dags/mon_premier_dag.py for tasks to queue
[2025-10-04T11:46:13.371+0000] {logging_mixin.py:190} INFO - [2025-10-04T11:46:13.370+0000] {dagbag.py:588} INFO - Filling up the DagBag from /opt/airflow/dags/mon_premier_dag.py
[2025-10-04T11:46:13.411+0000] {processor.py:925} INFO - DAG(s) 'mon_premier_dag' retrieved from /opt/airflow/dags/mon_premier_dag.py
[2025-10-04T11:46:13.453+0000] {logging_mixin.py:190} INFO - [2025-10-04T11:46:13.452+0000] {dag.py:3239} INFO - Sync 1 DAGs
[2025-10-04T11:46:13.490+0000] {logging_mixin.py:190} INFO - [2025-10-04T11:46:13.490+0000] {dag.py:4180} INFO - Setting next_dagrun for mon_premier_dag to 2025-10-03 00:00:00+00:00, run_after=2025-10-04 00:00:00+00:00
[2025-10-04T11:46:13.523+0000] {processor.py:208} INFO - Processing /opt/airflow/dags/mon_premier_dag.py took 0.177 seconds
[2025-10-04T11:46:44.567+0000] {processor.py:186} INFO - Started process (PID=664) to work on /opt/airflow/dags/mon_premier_dag.py
[2025-10-04T11:46:44.569+0000] {processor.py:914} INFO - Processing file /opt/airflow/dags/mon_premier_dag.py for tasks to queue
[2025-10-04T11:46:44.577+0000] {logging_mixin.py:190} INFO - [2025-10-04T11:46:44.576+0000] {dagbag.py:588} INFO - Filling up the DagBag from /opt/airflow/dags/mon_premier_dag.py
[2025-10-04T11:46:44.613+0000] {processor.py:925} INFO - DAG(s) 'mon_premier_dag' retrieved from /opt/airflow/dags/mon_premier_dag.py
[2025-10-04T11:46:44.660+0000] {logging_mixin.py:190} INFO - [2025-10-04T11:46:44.660+0000] {dag.py:3239} INFO - Sync 1 DAGs
[2025-10-04T11:46:44.700+0000] {logging_mixin.py:190} INFO - [2025-10-04T11:46:44.700+0000] {dag.py:4180} INFO - Setting next_dagrun for mon_premier_dag to 2025-10-03 00:00:00+00:00, run_after=2025-10-04 00:00:00+00:00
[2025-10-04T11:46:44.739+0000] {processor.py:208} INFO - Processing /opt/airflow/dags/mon_premier_dag.py took 0.187 seconds
[2025-10-04T11:47:15.534+0000] {processor.py:186} INFO - Started process (PID=690) to work on /opt/airflow/dags/mon_premier_dag.py
[2025-10-04T11:47:15.536+0000] {processor.py:914} INFO - Processing file /opt/airflow/dags/mon_premier_dag.py for tasks to queue
[2025-10-04T11:47:15.540+0000] {logging_mixin.py:190} INFO - [2025-10-04T11:47:15.539+0000] {dagbag.py:588} INFO - Filling up the DagBag from /opt/airflow/dags/mon_premier_dag.py
[2025-10-04T11:47:15.570+0000] {processor.py:925} INFO - DAG(s) 'mon_premier_dag' retrieved from /opt/airflow/dags/mon_premier_dag.py
[2025-10-04T11:47:15.613+0000] {logging_mixin.py:190} INFO - [2025-10-04T11:47:15.612+0000] {dag.py:3239} INFO - Sync 1 DAGs
[2025-10-04T11:47:15.654+0000] {logging_mixin.py:190} INFO - [2025-10-04T11:47:15.654+0000] {dag.py:4180} INFO - Setting next_dagrun for mon_premier_dag to 2025-10-03 00:00:00+00:00, run_after=2025-10-04 00:00:00+00:00
[2025-10-04T11:47:15.685+0000] {processor.py:208} INFO - Processing /opt/airflow/dags/mon_premier_dag.py took 0.165 seconds
[2025-10-04T11:47:46.589+0000] {processor.py:186} INFO - Started process (PID=716) to work on /opt/airflow/dags/mon_premier_dag.py
[2025-10-04T11:47:46.590+0000] {processor.py:914} INFO - Processing file /opt/airflow/dags/mon_premier_dag.py for tasks to queue
[2025-10-04T11:47:46.595+0000] {logging_mixin.py:190} INFO - [2025-10-04T11:47:46.594+0000] {dagbag.py:588} INFO - Filling up the DagBag from /opt/airflow/dags/mon_premier_dag.py
[2025-10-04T11:47:46.632+0000] {processor.py:925} INFO - DAG(s) 'mon_premier_dag' retrieved from /opt/airflow/dags/mon_premier_dag.py
[2025-10-04T11:47:46.678+0000] {logging_mixin.py:190} INFO - [2025-10-04T11:47:46.678+0000] {dag.py:3239} INFO - Sync 1 DAGs
[2025-10-04T11:47:46.721+0000] {logging_mixin.py:190} INFO - [2025-10-04T11:47:46.720+0000] {dag.py:4180} INFO - Setting next_dagrun for mon_premier_dag to 2025-10-03 00:00:00+00:00, run_after=2025-10-04 00:00:00+00:00
[2025-10-04T11:47:46.752+0000] {processor.py:208} INFO - Processing /opt/airflow/dags/mon_premier_dag.py took 0.178 seconds
[2025-10-04T11:48:17.634+0000] {processor.py:186} INFO - Started process (PID=742) to work on /opt/airflow/dags/mon_premier_dag.py
[2025-10-04T11:48:17.636+0000] {processor.py:914} INFO - Processing file /opt/airflow/dags/mon_premier_dag.py for tasks to queue
[2025-10-04T11:48:17.640+0000] {logging_mixin.py:190} INFO - [2025-10-04T11:48:17.639+0000] {dagbag.py:588} INFO - Filling up the DagBag from /opt/airflow/dags/mon_premier_dag.py
[2025-10-04T11:48:17.676+0000] {processor.py:925} INFO - DAG(s) 'mon_premier_dag' retrieved from /opt/airflow/dags/mon_premier_dag.py
[2025-10-04T11:48:17.716+0000] {logging_mixin.py:190} INFO - [2025-10-04T11:48:17.716+0000] {dag.py:3239} INFO - Sync 1 DAGs
[2025-10-04T11:48:17.753+0000] {logging_mixin.py:190} INFO - [2025-10-04T11:48:17.752+0000] {dag.py:4180} INFO - Setting next_dagrun for mon_premier_dag to 2025-10-03 00:00:00+00:00, run_after=2025-10-04 00:00:00+00:00
[2025-10-04T11:48:17.789+0000] {processor.py:208} INFO - Processing /opt/airflow/dags/mon_premier_dag.py took 0.165 seconds
[2025-10-04T11:48:48.774+0000] {processor.py:186} INFO - Started process (PID=768) to work on /opt/airflow/dags/mon_premier_dag.py
[2025-10-04T11:48:48.777+0000] {processor.py:914} INFO - Processing file /opt/airflow/dags/mon_premier_dag.py for tasks to queue
[2025-10-04T11:48:48.788+0000] {logging_mixin.py:190} INFO - [2025-10-04T11:48:48.786+0000] {dagbag.py:588} INFO - Filling up the DagBag from /opt/airflow/dags/mon_premier_dag.py
[2025-10-04T11:48:48.850+0000] {processor.py:925} INFO - DAG(s) 'mon_premier_dag' retrieved from /opt/airflow/dags/mon_premier_dag.py
[2025-10-04T11:48:48.896+0000] {logging_mixin.py:190} INFO - [2025-10-04T11:48:48.896+0000] {dag.py:3239} INFO - Sync 1 DAGs
[2025-10-04T11:48:48.936+0000] {logging_mixin.py:190} INFO - [2025-10-04T11:48:48.936+0000] {dag.py:4180} INFO - Setting next_dagrun for mon_premier_dag to 2025-10-03 00:00:00+00:00, run_after=2025-10-04 00:00:00+00:00
[2025-10-04T11:48:48.976+0000] {processor.py:208} INFO - Processing /opt/airflow/dags/mon_premier_dag.py took 0.224 seconds
