[2025-07-14T15:17:46.720+0000] {local_task_job_runner.py:123} INFO - ::group::Pre task execution logs
[2025-07-14T15:17:46.748+0000] {taskinstance.py:2613} INFO - Dependencies all met for dep_context=non-requeueable deps ti=<TaskInstance: mon_premier_dag.task_2 manual__2025-07-14T15:17:44.313467+00:00 [queued]>
[2025-07-14T15:17:46.760+0000] {taskinstance.py:2613} INFO - Dependencies all met for dep_context=requeueable deps ti=<TaskInstance: mon_premier_dag.task_2 manual__2025-07-14T15:17:44.313467+00:00 [queued]>
[2025-07-14T15:17:46.761+0000] {taskinstance.py:2866} INFO - Starting attempt 1 of 2
[2025-07-14T15:17:46.781+0000] {taskinstance.py:2889} INFO - Executing <Task(BashOperator): task_2> on 2025-07-14 15:17:44.313467+00:00
[2025-07-14T15:17:46.791+0000] {standard_task_runner.py:104} INFO - Running: ['***', 'tasks', 'run', 'mon_premier_dag', 'task_2', 'manual__2025-07-14T15:17:44.313467+00:00', '--job-id', '5', '--raw', '--subdir', 'DAGS_FOLDER/mon_premier_dag.py', '--cfg-path', '/tmp/tmpe2c1dkna']
[2025-07-14T15:17:46.795+0000] {standard_task_runner.py:105} INFO - Job 5: Subtask task_2
[2025-07-14T15:17:46.803+0000] {logging_mixin.py:190} WARNING - /home/***/.local/lib/python3.12/site-packages/***/task/task_runner/standard_task_runner.py:70 DeprecationWarning: This process (pid=501) is multi-threaded, use of fork() may lead to deadlocks in the child.
[2025-07-14T15:17:46.804+0000] {standard_task_runner.py:72} INFO - Started process 502 to run task
[2025-07-14T15:17:46.872+0000] {task_command.py:467} INFO - Running <TaskInstance: mon_premier_dag.task_2 manual__2025-07-14T15:17:44.313467+00:00 [running]> on host 97ccc390339b
[2025-07-14T15:17:47.019+0000] {taskinstance.py:3132} INFO - Exporting env vars: AIRFLOW_CTX_DAG_OWNER='***' AIRFLOW_CTX_DAG_ID='mon_premier_dag' AIRFLOW_CTX_TASK_ID='task_2' AIRFLOW_CTX_EXECUTION_DATE='2025-07-14T15:17:44.313467+00:00' AIRFLOW_CTX_TRY_NUMBER='1' AIRFLOW_CTX_DAG_RUN_ID='manual__2025-07-14T15:17:44.313467+00:00'
[2025-07-14T15:17:47.020+0000] {taskinstance.py:731} INFO - ::endgroup::
[2025-07-14T15:17:47.042+0000] {subprocess.py:78} INFO - Tmp dir root location: /tmp
[2025-07-14T15:17:47.045+0000] {subprocess.py:88} INFO - Running command: ['/usr/bin/bash', '-c', 'echo "This is my first DAG!"']
[2025-07-14T15:17:47.057+0000] {subprocess.py:99} INFO - Output:
[2025-07-14T15:17:47.059+0000] {subprocess.py:106} INFO - This is my first DAG!
[2025-07-14T15:17:47.060+0000] {subprocess.py:110} INFO - Command exited with return code 0
[2025-07-14T15:17:47.098+0000] {taskinstance.py:340} INFO - ::group::Post task execution logs
[2025-07-14T15:17:47.099+0000] {taskinstance.py:352} INFO - Marking task as SUCCESS. dag_id=mon_premier_dag, task_id=task_2, run_id=manual__2025-07-14T15:17:44.313467+00:00, execution_date=20250714T151744, start_date=20250714T151746, end_date=20250714T151747
[2025-07-14T15:17:47.141+0000] {local_task_job_runner.py:266} INFO - Task exited with return code 0
[2025-07-14T15:17:47.165+0000] {taskinstance.py:3895} INFO - 0 downstream tasks scheduled from follow-on schedule check
[2025-07-14T15:17:47.168+0000] {local_task_job_runner.py:245} INFO - ::endgroup::
