[2025-09-13T13:25:49.900+0000] {processor.py:186} INFO - Started process (PID=216) to work on /opt/airflow/dags/dag_s3.py
[2025-09-13T13:25:49.903+0000] {processor.py:914} INFO - Processing file /opt/airflow/dags/dag_s3.py for tasks to queue
[2025-09-13T13:25:49.908+0000] {logging_mixin.py:190} INFO - [2025-09-13T13:25:49.908+0000] {dagbag.py:588} INFO - Filling up the DagBag from /opt/airflow/dags/dag_s3.py
[2025-09-13T13:25:49.955+0000] {processor.py:925} INFO - DAG(s) 'dag_s3' retrieved from /opt/airflow/dags/dag_s3.py
[2025-09-13T13:25:50.023+0000] {logging_mixin.py:190} INFO - [2025-09-13T13:25:50.022+0000] {dag.py:3239} INFO - Sync 1 DAGs
[2025-09-13T13:25:50.090+0000] {logging_mixin.py:190} INFO - [2025-09-13T13:25:50.090+0000] {dag.py:4180} INFO - Setting next_dagrun for dag_s3 to 2025-09-13 00:00:00+00:00, run_after=2025-09-14 00:00:00+00:00
[2025-09-13T13:25:50.142+0000] {processor.py:208} INFO - Processing /opt/airflow/dags/dag_s3.py took 0.257 seconds
[2025-09-13T13:26:20.807+0000] {processor.py:186} INFO - Started process (PID=255) to work on /opt/airflow/dags/dag_s3.py
[2025-09-13T13:26:20.809+0000] {processor.py:914} INFO - Processing file /opt/airflow/dags/dag_s3.py for tasks to queue
[2025-09-13T13:26:20.815+0000] {logging_mixin.py:190} INFO - [2025-09-13T13:26:20.813+0000] {dagbag.py:588} INFO - Filling up the DagBag from /opt/airflow/dags/dag_s3.py
[2025-09-13T13:26:20.866+0000] {processor.py:925} INFO - DAG(s) 'dag_s3' retrieved from /opt/airflow/dags/dag_s3.py
[2025-09-13T13:26:20.912+0000] {logging_mixin.py:190} INFO - [2025-09-13T13:26:20.912+0000] {dag.py:3239} INFO - Sync 1 DAGs
[2025-09-13T13:26:21.510+0000] {logging_mixin.py:190} INFO - [2025-09-13T13:26:21.510+0000] {dag.py:4180} INFO - Setting next_dagrun for dag_s3 to 2025-09-13 00:00:00+00:00, run_after=2025-09-14 00:00:00+00:00
[2025-09-13T13:26:21.546+0000] {processor.py:208} INFO - Processing /opt/airflow/dags/dag_s3.py took 0.749 seconds
[2025-09-13T13:26:51.858+0000] {processor.py:186} INFO - Started process (PID=281) to work on /opt/airflow/dags/dag_s3.py
[2025-09-13T13:26:51.860+0000] {processor.py:914} INFO - Processing file /opt/airflow/dags/dag_s3.py for tasks to queue
[2025-09-13T13:26:51.865+0000] {logging_mixin.py:190} INFO - [2025-09-13T13:26:51.864+0000] {dagbag.py:588} INFO - Filling up the DagBag from /opt/airflow/dags/dag_s3.py
[2025-09-13T13:26:51.904+0000] {processor.py:925} INFO - DAG(s) 'dag_s3' retrieved from /opt/airflow/dags/dag_s3.py
[2025-09-13T13:26:52.259+0000] {logging_mixin.py:190} INFO - [2025-09-13T13:26:52.259+0000] {dag.py:3239} INFO - Sync 1 DAGs
[2025-09-13T13:26:52.300+0000] {logging_mixin.py:190} INFO - [2025-09-13T13:26:52.300+0000] {dag.py:4180} INFO - Setting next_dagrun for dag_s3 to 2025-09-13 00:00:00+00:00, run_after=2025-09-14 00:00:00+00:00
[2025-09-13T13:26:52.333+0000] {processor.py:208} INFO - Processing /opt/airflow/dags/dag_s3.py took 0.487 seconds
[2025-09-13T13:27:23.393+0000] {processor.py:186} INFO - Started process (PID=310) to work on /opt/airflow/dags/dag_s3.py
[2025-09-13T13:27:23.394+0000] {processor.py:914} INFO - Processing file /opt/airflow/dags/dag_s3.py for tasks to queue
[2025-09-13T13:27:23.399+0000] {logging_mixin.py:190} INFO - [2025-09-13T13:27:23.398+0000] {dagbag.py:588} INFO - Filling up the DagBag from /opt/airflow/dags/dag_s3.py
[2025-09-13T13:27:23.433+0000] {processor.py:925} INFO - DAG(s) 'dag_s3' retrieved from /opt/airflow/dags/dag_s3.py
[2025-09-13T13:27:23.476+0000] {logging_mixin.py:190} INFO - [2025-09-13T13:27:23.476+0000] {dag.py:3239} INFO - Sync 1 DAGs
[2025-09-13T13:27:23.522+0000] {logging_mixin.py:190} INFO - [2025-09-13T13:27:23.522+0000] {dag.py:4180} INFO - Setting next_dagrun for dag_s3 to 2025-09-13 00:00:00+00:00, run_after=2025-09-14 00:00:00+00:00
[2025-09-13T13:27:23.575+0000] {processor.py:208} INFO - Processing /opt/airflow/dags/dag_s3.py took 0.191 seconds
[2025-09-13T19:12:02.845+0000] {processor.py:186} INFO - Started process (PID=206) to work on /opt/airflow/dags/dag_s3.py
[2025-09-13T19:12:02.847+0000] {processor.py:914} INFO - Processing file /opt/airflow/dags/dag_s3.py for tasks to queue
[2025-09-13T19:12:02.853+0000] {logging_mixin.py:190} INFO - [2025-09-13T19:12:02.852+0000] {dagbag.py:588} INFO - Filling up the DagBag from /opt/airflow/dags/dag_s3.py
[2025-09-13T19:12:02.923+0000] {processor.py:925} INFO - DAG(s) 'dag_s3' retrieved from /opt/airflow/dags/dag_s3.py
[2025-09-13T19:12:02.965+0000] {logging_mixin.py:190} INFO - [2025-09-13T19:12:02.964+0000] {dag.py:3239} INFO - Sync 1 DAGs
[2025-09-13T19:12:03.009+0000] {logging_mixin.py:190} INFO - [2025-09-13T19:12:03.008+0000] {dag.py:4180} INFO - Setting next_dagrun for dag_s3 to 2025-09-13 00:00:00+00:00, run_after=2025-09-14 00:00:00+00:00
[2025-09-13T19:12:03.048+0000] {processor.py:208} INFO - Processing /opt/airflow/dags/dag_s3.py took 0.213 seconds
[2025-09-13T19:12:33.732+0000] {processor.py:186} INFO - Started process (PID=232) to work on /opt/airflow/dags/dag_s3.py
[2025-09-13T19:12:33.734+0000] {processor.py:914} INFO - Processing file /opt/airflow/dags/dag_s3.py for tasks to queue
[2025-09-13T19:12:33.738+0000] {logging_mixin.py:190} INFO - [2025-09-13T19:12:33.737+0000] {dagbag.py:588} INFO - Filling up the DagBag from /opt/airflow/dags/dag_s3.py
[2025-09-13T19:12:33.773+0000] {processor.py:925} INFO - DAG(s) 'dag_s3' retrieved from /opt/airflow/dags/dag_s3.py
[2025-09-13T19:12:33.815+0000] {logging_mixin.py:190} INFO - [2025-09-13T19:12:33.814+0000] {dag.py:3239} INFO - Sync 1 DAGs
[2025-09-13T19:12:34.119+0000] {logging_mixin.py:190} INFO - [2025-09-13T19:12:34.118+0000] {dag.py:4180} INFO - Setting next_dagrun for dag_s3 to 2025-09-13 00:00:00+00:00, run_after=2025-09-14 00:00:00+00:00
[2025-09-13T19:12:34.162+0000] {processor.py:208} INFO - Processing /opt/airflow/dags/dag_s3.py took 0.442 seconds
[2025-09-13T19:13:04.663+0000] {processor.py:186} INFO - Started process (PID=264) to work on /opt/airflow/dags/dag_s3.py
[2025-09-13T19:13:04.668+0000] {processor.py:914} INFO - Processing file /opt/airflow/dags/dag_s3.py for tasks to queue
[2025-09-13T19:13:04.681+0000] {logging_mixin.py:190} INFO - [2025-09-13T19:13:04.680+0000] {dagbag.py:588} INFO - Filling up the DagBag from /opt/airflow/dags/dag_s3.py
[2025-09-13T19:13:04.772+0000] {processor.py:925} INFO - DAG(s) 'dag_s3' retrieved from /opt/airflow/dags/dag_s3.py
[2025-09-13T19:13:05.443+0000] {logging_mixin.py:190} INFO - [2025-09-13T19:13:05.442+0000] {dag.py:3239} INFO - Sync 1 DAGs
[2025-09-13T19:13:05.495+0000] {logging_mixin.py:190} INFO - [2025-09-13T19:13:05.494+0000] {dag.py:4180} INFO - Setting next_dagrun for dag_s3 to 2025-09-13 00:00:00+00:00, run_after=2025-09-14 00:00:00+00:00
[2025-09-13T19:13:05.533+0000] {processor.py:208} INFO - Processing /opt/airflow/dags/dag_s3.py took 0.889 seconds
[2025-09-13T19:13:36.274+0000] {processor.py:186} INFO - Started process (PID=290) to work on /opt/airflow/dags/dag_s3.py
[2025-09-13T19:13:36.276+0000] {processor.py:914} INFO - Processing file /opt/airflow/dags/dag_s3.py for tasks to queue
[2025-09-13T19:13:36.279+0000] {logging_mixin.py:190} INFO - [2025-09-13T19:13:36.278+0000] {dagbag.py:588} INFO - Filling up the DagBag from /opt/airflow/dags/dag_s3.py
[2025-09-13T19:13:36.321+0000] {processor.py:925} INFO - DAG(s) 'dag_s3' retrieved from /opt/airflow/dags/dag_s3.py
[2025-09-13T19:13:36.445+0000] {logging_mixin.py:190} INFO - [2025-09-13T19:13:36.444+0000] {dag.py:3239} INFO - Sync 1 DAGs
[2025-09-13T19:13:36.682+0000] {logging_mixin.py:190} INFO - [2025-09-13T19:13:36.681+0000] {dag.py:4180} INFO - Setting next_dagrun for dag_s3 to 2025-09-13 00:00:00+00:00, run_after=2025-09-14 00:00:00+00:00
[2025-09-13T19:13:36.722+0000] {processor.py:208} INFO - Processing /opt/airflow/dags/dag_s3.py took 0.904 seconds
[2025-09-13T19:14:07.737+0000] {processor.py:186} INFO - Started process (PID=316) to work on /opt/airflow/dags/dag_s3.py
[2025-09-13T19:14:07.739+0000] {processor.py:914} INFO - Processing file /opt/airflow/dags/dag_s3.py for tasks to queue
[2025-09-13T19:14:07.742+0000] {logging_mixin.py:190} INFO - [2025-09-13T19:14:07.742+0000] {dagbag.py:588} INFO - Filling up the DagBag from /opt/airflow/dags/dag_s3.py
[2025-09-13T19:14:07.780+0000] {processor.py:925} INFO - DAG(s) 'dag_s3' retrieved from /opt/airflow/dags/dag_s3.py
[2025-09-13T19:14:07.822+0000] {logging_mixin.py:190} INFO - [2025-09-13T19:14:07.822+0000] {dag.py:3239} INFO - Sync 1 DAGs
[2025-09-13T19:14:07.863+0000] {logging_mixin.py:190} INFO - [2025-09-13T19:14:07.862+0000] {dag.py:4180} INFO - Setting next_dagrun for dag_s3 to 2025-09-13 00:00:00+00:00, run_after=2025-09-14 00:00:00+00:00
[2025-09-13T19:14:07.927+0000] {processor.py:208} INFO - Processing /opt/airflow/dags/dag_s3.py took 0.201 seconds
[2025-09-13T19:14:38.160+0000] {processor.py:186} INFO - Started process (PID=342) to work on /opt/airflow/dags/dag_s3.py
[2025-09-13T19:14:38.161+0000] {processor.py:914} INFO - Processing file /opt/airflow/dags/dag_s3.py for tasks to queue
[2025-09-13T19:14:38.165+0000] {logging_mixin.py:190} INFO - [2025-09-13T19:14:38.164+0000] {dagbag.py:588} INFO - Filling up the DagBag from /opt/airflow/dags/dag_s3.py
[2025-09-13T19:14:38.209+0000] {processor.py:925} INFO - DAG(s) 'dag_s3' retrieved from /opt/airflow/dags/dag_s3.py
[2025-09-13T19:14:38.249+0000] {logging_mixin.py:190} INFO - [2025-09-13T19:14:38.249+0000] {dag.py:3239} INFO - Sync 1 DAGs
[2025-09-13T19:14:38.307+0000] {logging_mixin.py:190} INFO - [2025-09-13T19:14:38.307+0000] {dag.py:4180} INFO - Setting next_dagrun for dag_s3 to 2025-09-13 00:00:00+00:00, run_after=2025-09-14 00:00:00+00:00
[2025-09-13T19:14:38.343+0000] {processor.py:208} INFO - Processing /opt/airflow/dags/dag_s3.py took 0.193 seconds
[2025-09-13T19:15:08.455+0000] {processor.py:186} INFO - Started process (PID=368) to work on /opt/airflow/dags/dag_s3.py
[2025-09-13T19:15:08.457+0000] {processor.py:914} INFO - Processing file /opt/airflow/dags/dag_s3.py for tasks to queue
[2025-09-13T19:15:08.463+0000] {logging_mixin.py:190} INFO - [2025-09-13T19:15:08.462+0000] {dagbag.py:588} INFO - Filling up the DagBag from /opt/airflow/dags/dag_s3.py
[2025-09-13T19:15:08.506+0000] {processor.py:925} INFO - DAG(s) 'dag_s3' retrieved from /opt/airflow/dags/dag_s3.py
[2025-09-13T19:15:08.558+0000] {logging_mixin.py:190} INFO - [2025-09-13T19:15:08.558+0000] {dag.py:3239} INFO - Sync 1 DAGs
[2025-09-13T19:15:08.640+0000] {logging_mixin.py:190} INFO - [2025-09-13T19:15:08.639+0000] {dag.py:4180} INFO - Setting next_dagrun for dag_s3 to 2025-09-13 00:00:00+00:00, run_after=2025-09-14 00:00:00+00:00
[2025-09-13T19:15:08.703+0000] {processor.py:208} INFO - Processing /opt/airflow/dags/dag_s3.py took 0.265 seconds
[2025-09-13T19:15:39.019+0000] {processor.py:186} INFO - Started process (PID=394) to work on /opt/airflow/dags/dag_s3.py
[2025-09-13T19:15:39.021+0000] {processor.py:914} INFO - Processing file /opt/airflow/dags/dag_s3.py for tasks to queue
[2025-09-13T19:15:39.035+0000] {logging_mixin.py:190} INFO - [2025-09-13T19:15:39.034+0000] {dagbag.py:588} INFO - Filling up the DagBag from /opt/airflow/dags/dag_s3.py
[2025-09-13T19:15:39.075+0000] {processor.py:925} INFO - DAG(s) 'dag_s3' retrieved from /opt/airflow/dags/dag_s3.py
[2025-09-13T19:15:39.120+0000] {logging_mixin.py:190} INFO - [2025-09-13T19:15:39.120+0000] {dag.py:3239} INFO - Sync 1 DAGs
[2025-09-13T19:15:39.161+0000] {logging_mixin.py:190} INFO - [2025-09-13T19:15:39.161+0000] {dag.py:4180} INFO - Setting next_dagrun for dag_s3 to 2025-09-13 00:00:00+00:00, run_after=2025-09-14 00:00:00+00:00
[2025-09-13T19:15:39.196+0000] {processor.py:208} INFO - Processing /opt/airflow/dags/dag_s3.py took 0.188 seconds
[2025-09-13T19:16:09.312+0000] {processor.py:186} INFO - Started process (PID=420) to work on /opt/airflow/dags/dag_s3.py
[2025-09-13T19:16:09.315+0000] {processor.py:914} INFO - Processing file /opt/airflow/dags/dag_s3.py for tasks to queue
[2025-09-13T19:16:09.320+0000] {logging_mixin.py:190} INFO - [2025-09-13T19:16:09.319+0000] {dagbag.py:588} INFO - Filling up the DagBag from /opt/airflow/dags/dag_s3.py
[2025-09-13T19:16:09.362+0000] {processor.py:925} INFO - DAG(s) 'dag_s3' retrieved from /opt/airflow/dags/dag_s3.py
[2025-09-13T19:16:09.414+0000] {logging_mixin.py:190} INFO - [2025-09-13T19:16:09.413+0000] {dag.py:3239} INFO - Sync 1 DAGs
[2025-09-13T19:16:09.457+0000] {logging_mixin.py:190} INFO - [2025-09-13T19:16:09.457+0000] {dag.py:4180} INFO - Setting next_dagrun for dag_s3 to 2025-09-13 00:00:00+00:00, run_after=2025-09-14 00:00:00+00:00
[2025-09-13T19:16:09.522+0000] {processor.py:208} INFO - Processing /opt/airflow/dags/dag_s3.py took 0.227 seconds
[2025-09-13T19:16:39.891+0000] {processor.py:186} INFO - Started process (PID=446) to work on /opt/airflow/dags/dag_s3.py
[2025-09-13T19:16:39.894+0000] {processor.py:914} INFO - Processing file /opt/airflow/dags/dag_s3.py for tasks to queue
[2025-09-13T19:16:39.900+0000] {logging_mixin.py:190} INFO - [2025-09-13T19:16:39.899+0000] {dagbag.py:588} INFO - Filling up the DagBag from /opt/airflow/dags/dag_s3.py
[2025-09-13T19:16:39.989+0000] {processor.py:925} INFO - DAG(s) 'dag_s3' retrieved from /opt/airflow/dags/dag_s3.py
[2025-09-13T19:16:40.065+0000] {logging_mixin.py:190} INFO - [2025-09-13T19:16:40.065+0000] {dag.py:3239} INFO - Sync 1 DAGs
[2025-09-13T19:16:40.149+0000] {logging_mixin.py:190} INFO - [2025-09-13T19:16:40.149+0000] {dag.py:4180} INFO - Setting next_dagrun for dag_s3 to 2025-09-13 00:00:00+00:00, run_after=2025-09-14 00:00:00+00:00
[2025-09-13T19:16:40.203+0000] {processor.py:208} INFO - Processing /opt/airflow/dags/dag_s3.py took 0.336 seconds
[2025-09-13T19:17:10.560+0000] {processor.py:186} INFO - Started process (PID=472) to work on /opt/airflow/dags/dag_s3.py
[2025-09-13T19:17:10.562+0000] {processor.py:914} INFO - Processing file /opt/airflow/dags/dag_s3.py for tasks to queue
[2025-09-13T19:17:10.566+0000] {logging_mixin.py:190} INFO - [2025-09-13T19:17:10.566+0000] {dagbag.py:588} INFO - Filling up the DagBag from /opt/airflow/dags/dag_s3.py
[2025-09-13T19:17:10.603+0000] {processor.py:925} INFO - DAG(s) 'dag_s3' retrieved from /opt/airflow/dags/dag_s3.py
[2025-09-13T19:17:10.638+0000] {logging_mixin.py:190} INFO - [2025-09-13T19:17:10.638+0000] {dag.py:3239} INFO - Sync 1 DAGs
[2025-09-13T19:17:10.682+0000] {logging_mixin.py:190} INFO - [2025-09-13T19:17:10.682+0000] {dag.py:4180} INFO - Setting next_dagrun for dag_s3 to 2025-09-13 00:00:00+00:00, run_after=2025-09-14 00:00:00+00:00
[2025-09-13T19:17:10.719+0000] {processor.py:208} INFO - Processing /opt/airflow/dags/dag_s3.py took 0.170 seconds
[2025-09-13T19:17:41.328+0000] {processor.py:186} INFO - Started process (PID=498) to work on /opt/airflow/dags/dag_s3.py
[2025-09-13T19:17:41.330+0000] {processor.py:914} INFO - Processing file /opt/airflow/dags/dag_s3.py for tasks to queue
[2025-09-13T19:17:41.336+0000] {logging_mixin.py:190} INFO - [2025-09-13T19:17:41.335+0000] {dagbag.py:588} INFO - Filling up the DagBag from /opt/airflow/dags/dag_s3.py
[2025-09-13T19:17:41.383+0000] {processor.py:925} INFO - DAG(s) 'dag_s3' retrieved from /opt/airflow/dags/dag_s3.py
[2025-09-13T19:17:41.438+0000] {logging_mixin.py:190} INFO - [2025-09-13T19:17:41.438+0000] {dag.py:3239} INFO - Sync 1 DAGs
[2025-09-13T19:17:41.501+0000] {logging_mixin.py:190} INFO - [2025-09-13T19:17:41.500+0000] {dag.py:4180} INFO - Setting next_dagrun for dag_s3 to 2025-09-13 00:00:00+00:00, run_after=2025-09-14 00:00:00+00:00
[2025-09-13T19:17:41.533+0000] {processor.py:208} INFO - Processing /opt/airflow/dags/dag_s3.py took 0.218 seconds
[2025-09-13T19:18:12.024+0000] {processor.py:186} INFO - Started process (PID=524) to work on /opt/airflow/dags/dag_s3.py
[2025-09-13T19:18:12.026+0000] {processor.py:914} INFO - Processing file /opt/airflow/dags/dag_s3.py for tasks to queue
[2025-09-13T19:18:12.029+0000] {logging_mixin.py:190} INFO - [2025-09-13T19:18:12.028+0000] {dagbag.py:588} INFO - Filling up the DagBag from /opt/airflow/dags/dag_s3.py
[2025-09-13T19:18:12.063+0000] {processor.py:925} INFO - DAG(s) 'dag_s3' retrieved from /opt/airflow/dags/dag_s3.py
[2025-09-13T19:18:12.102+0000] {logging_mixin.py:190} INFO - [2025-09-13T19:18:12.102+0000] {dag.py:3239} INFO - Sync 1 DAGs
[2025-09-13T19:18:12.148+0000] {logging_mixin.py:190} INFO - [2025-09-13T19:18:12.148+0000] {dag.py:4180} INFO - Setting next_dagrun for dag_s3 to 2025-09-13 00:00:00+00:00, run_after=2025-09-14 00:00:00+00:00
[2025-09-13T19:18:12.194+0000] {processor.py:208} INFO - Processing /opt/airflow/dags/dag_s3.py took 0.180 seconds
[2025-09-13T19:18:42.374+0000] {processor.py:186} INFO - Started process (PID=550) to work on /opt/airflow/dags/dag_s3.py
[2025-09-13T19:18:42.376+0000] {processor.py:914} INFO - Processing file /opt/airflow/dags/dag_s3.py for tasks to queue
[2025-09-13T19:18:42.381+0000] {logging_mixin.py:190} INFO - [2025-09-13T19:18:42.381+0000] {dagbag.py:588} INFO - Filling up the DagBag from /opt/airflow/dags/dag_s3.py
[2025-09-13T19:18:42.430+0000] {processor.py:925} INFO - DAG(s) 'dag_s3' retrieved from /opt/airflow/dags/dag_s3.py
[2025-09-13T19:18:42.481+0000] {logging_mixin.py:190} INFO - [2025-09-13T19:18:42.480+0000] {dag.py:3239} INFO - Sync 1 DAGs
[2025-09-13T19:18:42.549+0000] {logging_mixin.py:190} INFO - [2025-09-13T19:18:42.548+0000] {dag.py:4180} INFO - Setting next_dagrun for dag_s3 to 2025-09-13 00:00:00+00:00, run_after=2025-09-14 00:00:00+00:00
[2025-09-13T19:18:42.593+0000] {processor.py:208} INFO - Processing /opt/airflow/dags/dag_s3.py took 0.234 seconds
[2025-09-13T19:19:12.772+0000] {processor.py:186} INFO - Started process (PID=576) to work on /opt/airflow/dags/dag_s3.py
[2025-09-13T19:19:12.774+0000] {processor.py:914} INFO - Processing file /opt/airflow/dags/dag_s3.py for tasks to queue
[2025-09-13T19:19:12.781+0000] {logging_mixin.py:190} INFO - [2025-09-13T19:19:12.780+0000] {dagbag.py:588} INFO - Filling up the DagBag from /opt/airflow/dags/dag_s3.py
[2025-09-13T19:19:12.823+0000] {processor.py:925} INFO - DAG(s) 'dag_s3' retrieved from /opt/airflow/dags/dag_s3.py
[2025-09-13T19:19:12.874+0000] {logging_mixin.py:190} INFO - [2025-09-13T19:19:12.874+0000] {dag.py:3239} INFO - Sync 1 DAGs
[2025-09-13T19:19:12.932+0000] {logging_mixin.py:190} INFO - [2025-09-13T19:19:12.932+0000] {dag.py:4180} INFO - Setting next_dagrun for dag_s3 to 2025-09-13 00:00:00+00:00, run_after=2025-09-14 00:00:00+00:00
[2025-09-13T19:19:12.973+0000] {processor.py:208} INFO - Processing /opt/airflow/dags/dag_s3.py took 0.214 seconds
[2025-09-13T19:19:43.188+0000] {processor.py:186} INFO - Started process (PID=602) to work on /opt/airflow/dags/dag_s3.py
[2025-09-13T19:19:43.190+0000] {processor.py:914} INFO - Processing file /opt/airflow/dags/dag_s3.py for tasks to queue
[2025-09-13T19:19:43.194+0000] {logging_mixin.py:190} INFO - [2025-09-13T19:19:43.193+0000] {dagbag.py:588} INFO - Filling up the DagBag from /opt/airflow/dags/dag_s3.py
[2025-09-13T19:19:43.237+0000] {processor.py:925} INFO - DAG(s) 'dag_s3' retrieved from /opt/airflow/dags/dag_s3.py
[2025-09-13T19:19:43.276+0000] {logging_mixin.py:190} INFO - [2025-09-13T19:19:43.276+0000] {dag.py:3239} INFO - Sync 1 DAGs
[2025-09-13T19:19:43.328+0000] {logging_mixin.py:190} INFO - [2025-09-13T19:19:43.327+0000] {dag.py:4180} INFO - Setting next_dagrun for dag_s3 to 2025-09-13 00:00:00+00:00, run_after=2025-09-14 00:00:00+00:00
[2025-09-13T19:19:43.372+0000] {processor.py:208} INFO - Processing /opt/airflow/dags/dag_s3.py took 0.197 seconds
[2025-09-13T19:20:13.591+0000] {processor.py:186} INFO - Started process (PID=635) to work on /opt/airflow/dags/dag_s3.py
[2025-09-13T19:20:13.593+0000] {processor.py:914} INFO - Processing file /opt/airflow/dags/dag_s3.py for tasks to queue
[2025-09-13T19:20:13.597+0000] {logging_mixin.py:190} INFO - [2025-09-13T19:20:13.597+0000] {dagbag.py:588} INFO - Filling up the DagBag from /opt/airflow/dags/dag_s3.py
[2025-09-13T19:20:13.640+0000] {processor.py:925} INFO - DAG(s) 'dag_s3' retrieved from /opt/airflow/dags/dag_s3.py
[2025-09-13T19:20:13.678+0000] {logging_mixin.py:190} INFO - [2025-09-13T19:20:13.677+0000] {dag.py:3239} INFO - Sync 1 DAGs
[2025-09-13T19:20:13.735+0000] {logging_mixin.py:190} INFO - [2025-09-13T19:20:13.735+0000] {dag.py:4180} INFO - Setting next_dagrun for dag_s3 to 2025-09-13 00:00:00+00:00, run_after=2025-09-14 00:00:00+00:00
[2025-09-13T19:20:13.777+0000] {processor.py:208} INFO - Processing /opt/airflow/dags/dag_s3.py took 0.201 seconds
[2025-09-13T19:20:43.934+0000] {processor.py:186} INFO - Started process (PID=661) to work on /opt/airflow/dags/dag_s3.py
[2025-09-13T19:20:43.938+0000] {processor.py:914} INFO - Processing file /opt/airflow/dags/dag_s3.py for tasks to queue
[2025-09-13T19:20:43.958+0000] {logging_mixin.py:190} INFO - [2025-09-13T19:20:43.957+0000] {dagbag.py:588} INFO - Filling up the DagBag from /opt/airflow/dags/dag_s3.py
[2025-09-13T19:20:44.029+0000] {processor.py:925} INFO - DAG(s) 'dag_s3' retrieved from /opt/airflow/dags/dag_s3.py
[2025-09-13T19:20:44.109+0000] {logging_mixin.py:190} INFO - [2025-09-13T19:20:44.108+0000] {dag.py:3239} INFO - Sync 1 DAGs
[2025-09-13T19:20:44.211+0000] {logging_mixin.py:190} INFO - [2025-09-13T19:20:44.210+0000] {dag.py:4180} INFO - Setting next_dagrun for dag_s3 to 2025-09-13 00:00:00+00:00, run_after=2025-09-14 00:00:00+00:00
[2025-09-13T19:20:44.303+0000] {processor.py:208} INFO - Processing /opt/airflow/dags/dag_s3.py took 0.388 seconds
