[2025-09-09T21:40:15.408+0000] {processor.py:186} INFO - Started process (PID=212) to work on /opt/airflow/dags/dag2.py
[2025-09-09T21:40:15.409+0000] {processor.py:914} INFO - Processing file /opt/airflow/dags/dag2.py for tasks to queue
[2025-09-09T21:40:15.413+0000] {logging_mixin.py:190} INFO - [2025-09-09T21:40:15.412+0000] {dagbag.py:588} INFO - Filling up the DagBag from /opt/airflow/dags/dag2.py
[2025-09-09T21:40:15.466+0000] {processor.py:925} INFO - DAG(s) 'dag2.v2.0' retrieved from /opt/airflow/dags/dag2.py
[2025-09-09T21:40:17.712+0000] {logging_mixin.py:190} INFO - [2025-09-09T21:40:17.711+0000] {dag.py:3239} INFO - Sync 1 DAGs
[2025-09-09T21:40:17.805+0000] {logging_mixin.py:190} INFO - [2025-09-09T21:40:17.804+0000] {dag.py:4180} INFO - Setting next_dagrun for dag2.v2.0 to 2025-09-09 03:00:00+00:00, run_after=2025-09-16 03:00:00+00:00
[2025-09-09T21:40:16.160+0000] {processor.py:208} INFO - Processing /opt/airflow/dags/dag2.py took 0.680 seconds
[2025-09-09T21:40:46.481+0000] {processor.py:186} INFO - Started process (PID=271) to work on /opt/airflow/dags/dag2.py
[2025-09-09T21:40:46.483+0000] {processor.py:914} INFO - Processing file /opt/airflow/dags/dag2.py for tasks to queue
[2025-09-09T21:40:46.486+0000] {logging_mixin.py:190} INFO - [2025-09-09T21:40:46.486+0000] {dagbag.py:588} INFO - Filling up the DagBag from /opt/airflow/dags/dag2.py
[2025-09-09T21:40:46.521+0000] {processor.py:925} INFO - DAG(s) 'dag2.v2.0' retrieved from /opt/airflow/dags/dag2.py
[2025-09-09T21:40:46.555+0000] {logging_mixin.py:190} INFO - [2025-09-09T21:40:46.555+0000] {dag.py:3239} INFO - Sync 1 DAGs
[2025-09-09T21:40:46.810+0000] {logging_mixin.py:190} INFO - [2025-09-09T21:40:46.809+0000] {dag.py:4180} INFO - Setting next_dagrun for dag2.v2.0 to 2025-09-09 03:00:00+00:00, run_after=2025-09-16 03:00:00+00:00
[2025-09-09T21:40:46.876+0000] {processor.py:208} INFO - Processing /opt/airflow/dags/dag2.py took 0.403 seconds
[2025-09-09T21:41:17.343+0000] {processor.py:186} INFO - Started process (PID=301) to work on /opt/airflow/dags/dag2.py
[2025-09-09T21:41:17.345+0000] {processor.py:914} INFO - Processing file /opt/airflow/dags/dag2.py for tasks to queue
[2025-09-09T21:41:17.352+0000] {logging_mixin.py:190} INFO - [2025-09-09T21:41:17.351+0000] {dagbag.py:588} INFO - Filling up the DagBag from /opt/airflow/dags/dag2.py
[2025-09-09T21:41:17.400+0000] {processor.py:925} INFO - DAG(s) 'dag2.v2.0' retrieved from /opt/airflow/dags/dag2.py
[2025-09-09T21:41:17.620+0000] {logging_mixin.py:190} INFO - [2025-09-09T21:41:17.620+0000] {dag.py:3239} INFO - Sync 1 DAGs
[2025-09-09T21:41:17.655+0000] {logging_mixin.py:190} INFO - [2025-09-09T21:41:17.655+0000] {dag.py:4180} INFO - Setting next_dagrun for dag2.v2.0 to 2025-09-09 03:00:00+00:00, run_after=2025-09-16 03:00:00+00:00
[2025-09-09T21:41:17.715+0000] {processor.py:208} INFO - Processing /opt/airflow/dags/dag2.py took 0.386 seconds
[2025-09-09T21:41:48.273+0000] {processor.py:186} INFO - Started process (PID=333) to work on /opt/airflow/dags/dag2.py
[2025-09-09T21:41:48.275+0000] {processor.py:914} INFO - Processing file /opt/airflow/dags/dag2.py for tasks to queue
[2025-09-09T21:41:48.277+0000] {logging_mixin.py:190} INFO - [2025-09-09T21:41:48.277+0000] {dagbag.py:588} INFO - Filling up the DagBag from /opt/airflow/dags/dag2.py
[2025-09-09T21:41:48.346+0000] {processor.py:925} INFO - DAG(s) 'dag2.v2.0' retrieved from /opt/airflow/dags/dag2.py
[2025-09-09T21:41:48.381+0000] {logging_mixin.py:190} INFO - [2025-09-09T21:41:48.381+0000] {dag.py:3239} INFO - Sync 1 DAGs
[2025-09-09T21:41:48.422+0000] {logging_mixin.py:190} INFO - [2025-09-09T21:41:48.422+0000] {dag.py:4180} INFO - Setting next_dagrun for dag2.v2.0 to 2025-09-09 03:00:00+00:00, run_after=2025-09-16 03:00:00+00:00
[2025-09-09T21:41:48.487+0000] {processor.py:208} INFO - Processing /opt/airflow/dags/dag2.py took 0.498 seconds
[2025-09-09T21:42:18.704+0000] {processor.py:186} INFO - Started process (PID=361) to work on /opt/airflow/dags/dag2.py
[2025-09-09T21:42:18.706+0000] {processor.py:914} INFO - Processing file /opt/airflow/dags/dag2.py for tasks to queue
[2025-09-09T21:42:18.710+0000] {logging_mixin.py:190} INFO - [2025-09-09T21:42:18.709+0000] {dagbag.py:588} INFO - Filling up the DagBag from /opt/airflow/dags/dag2.py
[2025-09-09T21:42:18.747+0000] {processor.py:925} INFO - DAG(s) 'dag2.v2.0' retrieved from /opt/airflow/dags/dag2.py
[2025-09-09T21:42:18.806+0000] {logging_mixin.py:190} INFO - [2025-09-09T21:42:18.804+0000] {dag.py:3239} INFO - Sync 1 DAGs
[2025-09-09T21:42:18.861+0000] {logging_mixin.py:190} INFO - [2025-09-09T21:42:18.861+0000] {dag.py:4180} INFO - Setting next_dagrun for dag2.v2.0 to 2025-09-09 03:00:00+00:00, run_after=2025-09-16 03:00:00+00:00
[2025-09-09T21:42:18.901+0000] {processor.py:208} INFO - Processing /opt/airflow/dags/dag2.py took 0.207 seconds
[2025-09-09T21:42:48.996+0000] {processor.py:186} INFO - Started process (PID=387) to work on /opt/airflow/dags/dag2.py
[2025-09-09T21:42:48.997+0000] {processor.py:914} INFO - Processing file /opt/airflow/dags/dag2.py for tasks to queue
[2025-09-09T21:42:49.001+0000] {logging_mixin.py:190} INFO - [2025-09-09T21:42:49.000+0000] {dagbag.py:588} INFO - Filling up the DagBag from /opt/airflow/dags/dag2.py
[2025-09-09T21:42:49.033+0000] {processor.py:925} INFO - DAG(s) 'dag2.v2.0' retrieved from /opt/airflow/dags/dag2.py
[2025-09-09T21:42:49.075+0000] {logging_mixin.py:190} INFO - [2025-09-09T21:42:49.073+0000] {dag.py:3239} INFO - Sync 1 DAGs
[2025-09-09T21:42:49.127+0000] {logging_mixin.py:190} INFO - [2025-09-09T21:42:49.126+0000] {dag.py:4180} INFO - Setting next_dagrun for dag2.v2.0 to 2025-09-09 03:00:00+00:00, run_after=2025-09-16 03:00:00+00:00
[2025-09-09T21:42:49.198+0000] {processor.py:208} INFO - Processing /opt/airflow/dags/dag2.py took 0.210 seconds
[2025-09-09T21:43:19.932+0000] {processor.py:186} INFO - Started process (PID=412) to work on /opt/airflow/dags/dag2.py
[2025-09-09T21:43:19.934+0000] {processor.py:914} INFO - Processing file /opt/airflow/dags/dag2.py for tasks to queue
[2025-09-09T21:43:19.939+0000] {logging_mixin.py:190} INFO - [2025-09-09T21:43:19.938+0000] {dagbag.py:588} INFO - Filling up the DagBag from /opt/airflow/dags/dag2.py
[2025-09-09T21:43:19.975+0000] {processor.py:925} INFO - DAG(s) 'dag2.v2.0' retrieved from /opt/airflow/dags/dag2.py
[2025-09-09T21:43:20.019+0000] {logging_mixin.py:190} INFO - [2025-09-09T21:43:20.019+0000] {dag.py:3239} INFO - Sync 1 DAGs
[2025-09-09T21:43:20.064+0000] {logging_mixin.py:190} INFO - [2025-09-09T21:43:20.064+0000] {dag.py:4180} INFO - Setting next_dagrun for dag2.v2.0 to 2025-09-09 03:00:00+00:00, run_after=2025-09-16 03:00:00+00:00
[2025-09-09T21:43:20.129+0000] {processor.py:208} INFO - Processing /opt/airflow/dags/dag2.py took 0.206 seconds
[2025-09-09T21:43:50.480+0000] {processor.py:186} INFO - Started process (PID=438) to work on /opt/airflow/dags/dag2.py
[2025-09-09T21:43:50.481+0000] {processor.py:914} INFO - Processing file /opt/airflow/dags/dag2.py for tasks to queue
[2025-09-09T21:43:50.484+0000] {logging_mixin.py:190} INFO - [2025-09-09T21:43:50.484+0000] {dagbag.py:588} INFO - Filling up the DagBag from /opt/airflow/dags/dag2.py
[2025-09-09T21:43:50.514+0000] {processor.py:925} INFO - DAG(s) 'dag2.v2.0' retrieved from /opt/airflow/dags/dag2.py
[2025-09-09T21:43:50.552+0000] {logging_mixin.py:190} INFO - [2025-09-09T21:43:50.552+0000] {dag.py:3239} INFO - Sync 1 DAGs
[2025-09-09T21:43:50.597+0000] {logging_mixin.py:190} INFO - [2025-09-09T21:43:50.597+0000] {dag.py:4180} INFO - Setting next_dagrun for dag2.v2.0 to 2025-09-09 03:00:00+00:00, run_after=2025-09-16 03:00:00+00:00
[2025-09-09T21:43:50.628+0000] {processor.py:208} INFO - Processing /opt/airflow/dags/dag2.py took 0.158 seconds
[2025-09-09T21:44:21.431+0000] {processor.py:186} INFO - Started process (PID=464) to work on /opt/airflow/dags/dag2.py
[2025-09-09T21:44:21.432+0000] {processor.py:914} INFO - Processing file /opt/airflow/dags/dag2.py for tasks to queue
[2025-09-09T21:44:21.435+0000] {logging_mixin.py:190} INFO - [2025-09-09T21:44:21.435+0000] {dagbag.py:588} INFO - Filling up the DagBag from /opt/airflow/dags/dag2.py
[2025-09-09T21:44:21.479+0000] {processor.py:925} INFO - DAG(s) 'dag2.v2.0' retrieved from /opt/airflow/dags/dag2.py
[2025-09-09T21:44:21.517+0000] {logging_mixin.py:190} INFO - [2025-09-09T21:44:21.516+0000] {dag.py:3239} INFO - Sync 1 DAGs
[2025-09-09T21:44:21.560+0000] {logging_mixin.py:190} INFO - [2025-09-09T21:44:21.560+0000] {dag.py:4180} INFO - Setting next_dagrun for dag2.v2.0 to 2025-09-09 03:00:00+00:00, run_after=2025-09-16 03:00:00+00:00
[2025-09-09T21:44:21.594+0000] {processor.py:208} INFO - Processing /opt/airflow/dags/dag2.py took 0.172 seconds
[2025-09-09T21:44:52.099+0000] {processor.py:186} INFO - Started process (PID=490) to work on /opt/airflow/dags/dag2.py
[2025-09-09T21:44:52.101+0000] {processor.py:914} INFO - Processing file /opt/airflow/dags/dag2.py for tasks to queue
[2025-09-09T21:44:52.105+0000] {logging_mixin.py:190} INFO - [2025-09-09T21:44:52.105+0000] {dagbag.py:588} INFO - Filling up the DagBag from /opt/airflow/dags/dag2.py
[2025-09-09T21:44:52.147+0000] {processor.py:925} INFO - DAG(s) 'dag2.v2.0' retrieved from /opt/airflow/dags/dag2.py
[2025-09-09T21:44:52.190+0000] {logging_mixin.py:190} INFO - [2025-09-09T21:44:52.189+0000] {dag.py:3239} INFO - Sync 1 DAGs
[2025-09-09T21:44:52.244+0000] {logging_mixin.py:190} INFO - [2025-09-09T21:44:52.243+0000] {dag.py:4180} INFO - Setting next_dagrun for dag2.v2.0 to 2025-09-09 03:00:00+00:00, run_after=2025-09-16 03:00:00+00:00
[2025-09-09T21:44:52.300+0000] {processor.py:208} INFO - Processing /opt/airflow/dags/dag2.py took 0.213 seconds
[2025-09-09T21:45:22.952+0000] {processor.py:186} INFO - Started process (PID=516) to work on /opt/airflow/dags/dag2.py
[2025-09-09T21:45:22.954+0000] {processor.py:914} INFO - Processing file /opt/airflow/dags/dag2.py for tasks to queue
[2025-09-09T21:45:22.960+0000] {logging_mixin.py:190} INFO - [2025-09-09T21:45:22.959+0000] {dagbag.py:588} INFO - Filling up the DagBag from /opt/airflow/dags/dag2.py
[2025-09-09T21:45:22.990+0000] {processor.py:925} INFO - DAG(s) 'dag2.v2.0' retrieved from /opt/airflow/dags/dag2.py
[2025-09-09T21:45:23.027+0000] {logging_mixin.py:190} INFO - [2025-09-09T21:45:23.026+0000] {dag.py:3239} INFO - Sync 1 DAGs
[2025-09-09T21:45:23.081+0000] {logging_mixin.py:190} INFO - [2025-09-09T21:45:23.080+0000] {dag.py:4180} INFO - Setting next_dagrun for dag2.v2.0 to 2025-09-09 03:00:00+00:00, run_after=2025-09-16 03:00:00+00:00
[2025-09-09T21:45:23.150+0000] {processor.py:208} INFO - Processing /opt/airflow/dags/dag2.py took 0.209 seconds
[2025-09-09T21:45:53.703+0000] {processor.py:186} INFO - Started process (PID=542) to work on /opt/airflow/dags/dag2.py
[2025-09-09T21:45:53.704+0000] {processor.py:914} INFO - Processing file /opt/airflow/dags/dag2.py for tasks to queue
[2025-09-09T21:45:53.708+0000] {logging_mixin.py:190} INFO - [2025-09-09T21:45:53.707+0000] {dagbag.py:588} INFO - Filling up the DagBag from /opt/airflow/dags/dag2.py
[2025-09-09T21:45:53.752+0000] {processor.py:925} INFO - DAG(s) 'dag2.v2.0' retrieved from /opt/airflow/dags/dag2.py
[2025-09-09T21:45:53.823+0000] {logging_mixin.py:190} INFO - [2025-09-09T21:45:53.822+0000] {dag.py:3239} INFO - Sync 1 DAGs
[2025-09-09T21:45:53.872+0000] {logging_mixin.py:190} INFO - [2025-09-09T21:45:53.872+0000] {dag.py:4180} INFO - Setting next_dagrun for dag2.v2.0 to 2025-09-09 03:00:00+00:00, run_after=2025-09-16 03:00:00+00:00
[2025-09-09T21:45:53.917+0000] {processor.py:208} INFO - Processing /opt/airflow/dags/dag2.py took 0.223 seconds
[2025-09-09T21:46:24.917+0000] {processor.py:186} INFO - Started process (PID=568) to work on /opt/airflow/dags/dag2.py
[2025-09-09T21:46:24.919+0000] {processor.py:914} INFO - Processing file /opt/airflow/dags/dag2.py for tasks to queue
[2025-09-09T21:46:24.922+0000] {logging_mixin.py:190} INFO - [2025-09-09T21:46:24.922+0000] {dagbag.py:588} INFO - Filling up the DagBag from /opt/airflow/dags/dag2.py
[2025-09-09T21:46:24.955+0000] {processor.py:925} INFO - DAG(s) 'dag2.v2.0' retrieved from /opt/airflow/dags/dag2.py
[2025-09-09T21:46:24.995+0000] {logging_mixin.py:190} INFO - [2025-09-09T21:46:24.994+0000] {dag.py:3239} INFO - Sync 1 DAGs
[2025-09-09T21:46:25.040+0000] {logging_mixin.py:190} INFO - [2025-09-09T21:46:25.040+0000] {dag.py:4180} INFO - Setting next_dagrun for dag2.v2.0 to 2025-09-09 03:00:00+00:00, run_after=2025-09-16 03:00:00+00:00
[2025-09-09T21:46:25.104+0000] {processor.py:208} INFO - Processing /opt/airflow/dags/dag2.py took 0.195 seconds
[2025-09-09T21:46:55.677+0000] {processor.py:186} INFO - Started process (PID=594) to work on /opt/airflow/dags/dag2.py
[2025-09-09T21:46:55.680+0000] {processor.py:914} INFO - Processing file /opt/airflow/dags/dag2.py for tasks to queue
[2025-09-09T21:46:55.686+0000] {logging_mixin.py:190} INFO - [2025-09-09T21:46:55.686+0000] {dagbag.py:588} INFO - Filling up the DagBag from /opt/airflow/dags/dag2.py
[2025-09-09T21:46:55.724+0000] {processor.py:925} INFO - DAG(s) 'dag2.v2.0' retrieved from /opt/airflow/dags/dag2.py
[2025-09-09T21:46:55.769+0000] {logging_mixin.py:190} INFO - [2025-09-09T21:46:55.768+0000] {dag.py:3239} INFO - Sync 1 DAGs
[2025-09-09T21:46:55.818+0000] {logging_mixin.py:190} INFO - [2025-09-09T21:46:55.817+0000] {dag.py:4180} INFO - Setting next_dagrun for dag2.v2.0 to 2025-09-09 03:00:00+00:00, run_after=2025-09-16 03:00:00+00:00
[2025-09-09T21:46:55.858+0000] {processor.py:208} INFO - Processing /opt/airflow/dags/dag2.py took 0.194 seconds
[2025-09-09T21:47:26.924+0000] {processor.py:186} INFO - Started process (PID=626) to work on /opt/airflow/dags/dag2.py
[2025-09-09T21:47:26.926+0000] {processor.py:914} INFO - Processing file /opt/airflow/dags/dag2.py for tasks to queue
[2025-09-09T21:47:26.931+0000] {logging_mixin.py:190} INFO - [2025-09-09T21:47:26.930+0000] {dagbag.py:588} INFO - Filling up the DagBag from /opt/airflow/dags/dag2.py
[2025-09-09T21:47:26.968+0000] {processor.py:925} INFO - DAG(s) 'dag2.v2.0' retrieved from /opt/airflow/dags/dag2.py
[2025-09-09T21:47:27.015+0000] {logging_mixin.py:190} INFO - [2025-09-09T21:47:27.015+0000] {dag.py:3239} INFO - Sync 1 DAGs
[2025-09-09T21:47:27.065+0000] {logging_mixin.py:190} INFO - [2025-09-09T21:47:27.065+0000] {dag.py:4180} INFO - Setting next_dagrun for dag2.v2.0 to 2025-09-09 03:00:00+00:00, run_after=2025-09-16 03:00:00+00:00
[2025-09-09T21:47:27.098+0000] {processor.py:208} INFO - Processing /opt/airflow/dags/dag2.py took 0.185 seconds
[2025-09-09T21:47:58.072+0000] {processor.py:186} INFO - Started process (PID=652) to work on /opt/airflow/dags/dag2.py
[2025-09-09T21:47:58.073+0000] {processor.py:914} INFO - Processing file /opt/airflow/dags/dag2.py for tasks to queue
[2025-09-09T21:47:58.077+0000] {logging_mixin.py:190} INFO - [2025-09-09T21:47:58.077+0000] {dagbag.py:588} INFO - Filling up the DagBag from /opt/airflow/dags/dag2.py
[2025-09-09T21:47:58.110+0000] {processor.py:925} INFO - DAG(s) 'dag2.v2.0' retrieved from /opt/airflow/dags/dag2.py
[2025-09-09T21:47:58.146+0000] {logging_mixin.py:190} INFO - [2025-09-09T21:47:58.145+0000] {dag.py:3239} INFO - Sync 1 DAGs
[2025-09-09T21:47:58.193+0000] {logging_mixin.py:190} INFO - [2025-09-09T21:47:58.193+0000] {dag.py:4180} INFO - Setting next_dagrun for dag2.v2.0 to 2025-09-09 03:00:00+00:00, run_after=2025-09-16 03:00:00+00:00
[2025-09-09T21:47:58.253+0000] {processor.py:208} INFO - Processing /opt/airflow/dags/dag2.py took 0.194 seconds
[2025-09-09T21:48:29.136+0000] {processor.py:186} INFO - Started process (PID=678) to work on /opt/airflow/dags/dag2.py
[2025-09-09T21:48:29.138+0000] {processor.py:914} INFO - Processing file /opt/airflow/dags/dag2.py for tasks to queue
[2025-09-09T21:48:29.150+0000] {logging_mixin.py:190} INFO - [2025-09-09T21:48:29.149+0000] {dagbag.py:588} INFO - Filling up the DagBag from /opt/airflow/dags/dag2.py
[2025-09-09T21:48:29.197+0000] {processor.py:925} INFO - DAG(s) 'dag2.v2.0' retrieved from /opt/airflow/dags/dag2.py
[2025-09-09T21:48:29.249+0000] {logging_mixin.py:190} INFO - [2025-09-09T21:48:29.249+0000] {dag.py:3239} INFO - Sync 1 DAGs
[2025-09-09T21:48:29.309+0000] {logging_mixin.py:190} INFO - [2025-09-09T21:48:29.309+0000] {dag.py:4180} INFO - Setting next_dagrun for dag2.v2.0 to 2025-09-09 03:00:00+00:00, run_after=2025-09-16 03:00:00+00:00
[2025-09-09T21:48:29.378+0000] {processor.py:208} INFO - Processing /opt/airflow/dags/dag2.py took 0.259 seconds
[2025-09-09T21:48:59.674+0000] {processor.py:186} INFO - Started process (PID=704) to work on /opt/airflow/dags/dag2.py
[2025-09-09T21:48:59.677+0000] {processor.py:914} INFO - Processing file /opt/airflow/dags/dag2.py for tasks to queue
[2025-09-09T21:48:59.683+0000] {logging_mixin.py:190} INFO - [2025-09-09T21:48:59.683+0000] {dagbag.py:588} INFO - Filling up the DagBag from /opt/airflow/dags/dag2.py
[2025-09-09T21:48:59.748+0000] {processor.py:925} INFO - DAG(s) 'dag2.v2.0' retrieved from /opt/airflow/dags/dag2.py
[2025-09-09T21:48:59.792+0000] {logging_mixin.py:190} INFO - [2025-09-09T21:48:59.792+0000] {dag.py:3239} INFO - Sync 1 DAGs
[2025-09-09T21:48:59.839+0000] {logging_mixin.py:190} INFO - [2025-09-09T21:48:59.838+0000] {dag.py:4180} INFO - Setting next_dagrun for dag2.v2.0 to 2025-09-09 03:00:00+00:00, run_after=2025-09-16 03:00:00+00:00
[2025-09-09T21:48:59.904+0000] {processor.py:208} INFO - Processing /opt/airflow/dags/dag2.py took 0.244 seconds
[2025-09-09T21:49:30.592+0000] {processor.py:186} INFO - Started process (PID=730) to work on /opt/airflow/dags/dag2.py
[2025-09-09T21:49:30.593+0000] {processor.py:914} INFO - Processing file /opt/airflow/dags/dag2.py for tasks to queue
[2025-09-09T21:49:30.597+0000] {logging_mixin.py:190} INFO - [2025-09-09T21:49:30.597+0000] {dagbag.py:588} INFO - Filling up the DagBag from /opt/airflow/dags/dag2.py
[2025-09-09T21:49:30.633+0000] {processor.py:925} INFO - DAG(s) 'dag2.v2.0' retrieved from /opt/airflow/dags/dag2.py
[2025-09-09T21:49:30.670+0000] {logging_mixin.py:190} INFO - [2025-09-09T21:49:30.669+0000] {dag.py:3239} INFO - Sync 1 DAGs
[2025-09-09T21:49:30.715+0000] {logging_mixin.py:190} INFO - [2025-09-09T21:49:30.715+0000] {dag.py:4180} INFO - Setting next_dagrun for dag2.v2.0 to 2025-09-09 03:00:00+00:00, run_after=2025-09-16 03:00:00+00:00
[2025-09-09T21:49:30.784+0000] {processor.py:208} INFO - Processing /opt/airflow/dags/dag2.py took 0.201 seconds
[2025-09-09T21:50:01.413+0000] {processor.py:186} INFO - Started process (PID=757) to work on /opt/airflow/dags/dag2.py
[2025-09-09T21:50:01.416+0000] {processor.py:914} INFO - Processing file /opt/airflow/dags/dag2.py for tasks to queue
[2025-09-09T21:50:01.423+0000] {logging_mixin.py:190} INFO - [2025-09-09T21:50:01.422+0000] {dagbag.py:588} INFO - Filling up the DagBag from /opt/airflow/dags/dag2.py
[2025-09-09T21:50:01.460+0000] {processor.py:925} INFO - DAG(s) 'dag2.v2.0' retrieved from /opt/airflow/dags/dag2.py
[2025-09-09T21:50:01.502+0000] {logging_mixin.py:190} INFO - [2025-09-09T21:50:01.502+0000] {dag.py:3239} INFO - Sync 1 DAGs
[2025-09-09T21:50:01.557+0000] {logging_mixin.py:190} INFO - [2025-09-09T21:50:01.557+0000] {dag.py:4180} INFO - Setting next_dagrun for dag2.v2.0 to 2025-09-09 03:00:00+00:00, run_after=2025-09-16 03:00:00+00:00
[2025-09-09T21:50:01.624+0000] {processor.py:208} INFO - Processing /opt/airflow/dags/dag2.py took 0.223 seconds
