[2025-09-09T21:40:15.899+0000] {processor.py:186} INFO - Started process (PID=225) to work on /opt/airflow/dags/mon_premier_dag.py
[2025-09-09T21:40:15.908+0000] {processor.py:914} INFO - Processing file /opt/airflow/dags/mon_premier_dag.py for tasks to queue
[2025-09-09T21:40:15.915+0000] {logging_mixin.py:190} INFO - [2025-09-09T21:40:15.915+0000] {dagbag.py:588} INFO - Filling up the DagBag from /opt/airflow/dags/mon_premier_dag.py
[2025-09-09T21:40:15.981+0000] {processor.py:925} INFO - DAG(s) 'mon_premier_dag' retrieved from /opt/airflow/dags/mon_premier_dag.py
[2025-09-09T21:40:16.039+0000] {logging_mixin.py:190} INFO - [2025-09-09T21:40:16.038+0000] {dag.py:3239} INFO - Sync 1 DAGs
[2025-09-09T21:40:16.406+0000] {logging_mixin.py:190} INFO - [2025-09-09T21:40:16.405+0000] {dag.py:4180} INFO - Setting next_dagrun for mon_premier_dag to 2025-09-09 00:00:00+00:00, run_after=2025-09-10 00:00:00+00:00
[2025-09-09T21:40:16.443+0000] {processor.py:208} INFO - Processing /opt/airflow/dags/mon_premier_dag.py took 0.562 seconds
[2025-09-09T21:40:46.977+0000] {processor.py:186} INFO - Started process (PID=276) to work on /opt/airflow/dags/mon_premier_dag.py
[2025-09-09T21:40:46.978+0000] {processor.py:914} INFO - Processing file /opt/airflow/dags/mon_premier_dag.py for tasks to queue
[2025-09-09T21:40:46.982+0000] {logging_mixin.py:190} INFO - [2025-09-09T21:40:46.981+0000] {dagbag.py:588} INFO - Filling up the DagBag from /opt/airflow/dags/mon_premier_dag.py
[2025-09-09T21:40:47.018+0000] {processor.py:925} INFO - DAG(s) 'mon_premier_dag' retrieved from /opt/airflow/dags/mon_premier_dag.py
[2025-09-09T21:40:47.054+0000] {logging_mixin.py:190} INFO - [2025-09-09T21:40:47.054+0000] {dag.py:3239} INFO - Sync 1 DAGs
[2025-09-09T21:40:47.363+0000] {logging_mixin.py:190} INFO - [2025-09-09T21:40:47.363+0000] {dag.py:4180} INFO - Setting next_dagrun for mon_premier_dag to 2025-09-09 00:00:00+00:00, run_after=2025-09-10 00:00:00+00:00
[2025-09-09T21:40:47.426+0000] {processor.py:208} INFO - Processing /opt/airflow/dags/mon_premier_dag.py took 0.461 seconds
[2025-09-09T21:41:17.813+0000] {processor.py:186} INFO - Started process (PID=308) to work on /opt/airflow/dags/mon_premier_dag.py
[2025-09-09T21:41:17.815+0000] {processor.py:914} INFO - Processing file /opt/airflow/dags/mon_premier_dag.py for tasks to queue
[2025-09-09T21:41:17.818+0000] {logging_mixin.py:190} INFO - [2025-09-09T21:41:17.818+0000] {dagbag.py:588} INFO - Filling up the DagBag from /opt/airflow/dags/mon_premier_dag.py
[2025-09-09T21:41:17.850+0000] {processor.py:925} INFO - DAG(s) 'mon_premier_dag' retrieved from /opt/airflow/dags/mon_premier_dag.py
[2025-09-09T21:41:18.129+0000] {logging_mixin.py:190} INFO - [2025-09-09T21:41:18.129+0000] {dag.py:3239} INFO - Sync 1 DAGs
[2025-09-09T21:41:18.170+0000] {logging_mixin.py:190} INFO - [2025-09-09T21:41:18.170+0000] {dag.py:4180} INFO - Setting next_dagrun for mon_premier_dag to 2025-09-09 00:00:00+00:00, run_after=2025-09-10 00:00:00+00:00
[2025-09-09T21:41:18.200+0000] {processor.py:208} INFO - Processing /opt/airflow/dags/mon_premier_dag.py took 0.398 seconds
[2025-09-09T21:41:48.884+0000] {processor.py:186} INFO - Started process (PID=340) to work on /opt/airflow/dags/mon_premier_dag.py
[2025-09-09T21:41:48.886+0000] {processor.py:914} INFO - Processing file /opt/airflow/dags/mon_premier_dag.py for tasks to queue
[2025-09-09T21:41:48.888+0000] {logging_mixin.py:190} INFO - [2025-09-09T21:41:48.888+0000] {dagbag.py:588} INFO - Filling up the DagBag from /opt/airflow/dags/mon_premier_dag.py
[2025-09-09T21:41:48.923+0000] {processor.py:925} INFO - DAG(s) 'mon_premier_dag' retrieved from /opt/airflow/dags/mon_premier_dag.py
[2025-09-09T21:41:48.966+0000] {logging_mixin.py:190} INFO - [2025-09-09T21:41:48.966+0000] {dag.py:3239} INFO - Sync 1 DAGs
[2025-09-09T21:41:49.005+0000] {logging_mixin.py:190} INFO - [2025-09-09T21:41:49.005+0000] {dag.py:4180} INFO - Setting next_dagrun for mon_premier_dag to 2025-09-09 00:00:00+00:00, run_after=2025-09-10 00:00:00+00:00
[2025-09-09T21:41:49.036+0000] {processor.py:208} INFO - Processing /opt/airflow/dags/mon_premier_dag.py took 0.461 seconds
[2025-09-09T21:42:19.754+0000] {processor.py:186} INFO - Started process (PID=366) to work on /opt/airflow/dags/mon_premier_dag.py
[2025-09-09T21:42:19.755+0000] {processor.py:914} INFO - Processing file /opt/airflow/dags/mon_premier_dag.py for tasks to queue
[2025-09-09T21:42:19.759+0000] {logging_mixin.py:190} INFO - [2025-09-09T21:42:19.759+0000] {dagbag.py:588} INFO - Filling up the DagBag from /opt/airflow/dags/mon_premier_dag.py
[2025-09-09T21:42:19.802+0000] {processor.py:925} INFO - DAG(s) 'mon_premier_dag' retrieved from /opt/airflow/dags/mon_premier_dag.py
[2025-09-09T21:42:19.848+0000] {logging_mixin.py:190} INFO - [2025-09-09T21:42:19.847+0000] {dag.py:3239} INFO - Sync 1 DAGs
[2025-09-09T21:42:19.894+0000] {logging_mixin.py:190} INFO - [2025-09-09T21:42:19.893+0000] {dag.py:4180} INFO - Setting next_dagrun for mon_premier_dag to 2025-09-09 00:00:00+00:00, run_after=2025-09-10 00:00:00+00:00
[2025-09-09T21:42:19.966+0000] {processor.py:208} INFO - Processing /opt/airflow/dags/mon_premier_dag.py took 0.225 seconds
[2025-09-09T21:42:50.304+0000] {processor.py:186} INFO - Started process (PID=392) to work on /opt/airflow/dags/mon_premier_dag.py
[2025-09-09T21:42:50.306+0000] {processor.py:914} INFO - Processing file /opt/airflow/dags/mon_premier_dag.py for tasks to queue
[2025-09-09T21:42:50.311+0000] {logging_mixin.py:190} INFO - [2025-09-09T21:42:50.310+0000] {dagbag.py:588} INFO - Filling up the DagBag from /opt/airflow/dags/mon_premier_dag.py
[2025-09-09T21:42:50.349+0000] {processor.py:925} INFO - DAG(s) 'mon_premier_dag' retrieved from /opt/airflow/dags/mon_premier_dag.py
[2025-09-09T21:42:50.394+0000] {logging_mixin.py:190} INFO - [2025-09-09T21:42:50.394+0000] {dag.py:3239} INFO - Sync 1 DAGs
[2025-09-09T21:42:50.449+0000] {logging_mixin.py:190} INFO - [2025-09-09T21:42:50.448+0000] {dag.py:4180} INFO - Setting next_dagrun for mon_premier_dag to 2025-09-09 00:00:00+00:00, run_after=2025-09-10 00:00:00+00:00
[2025-09-09T21:42:50.495+0000] {processor.py:208} INFO - Processing /opt/airflow/dags/mon_premier_dag.py took 0.203 seconds
[2025-09-09T21:43:21.038+0000] {processor.py:186} INFO - Started process (PID=419) to work on /opt/airflow/dags/mon_premier_dag.py
[2025-09-09T21:43:21.041+0000] {processor.py:914} INFO - Processing file /opt/airflow/dags/mon_premier_dag.py for tasks to queue
[2025-09-09T21:43:21.047+0000] {logging_mixin.py:190} INFO - [2025-09-09T21:43:21.047+0000] {dagbag.py:588} INFO - Filling up the DagBag from /opt/airflow/dags/mon_premier_dag.py
[2025-09-09T21:43:21.100+0000] {processor.py:925} INFO - DAG(s) 'mon_premier_dag' retrieved from /opt/airflow/dags/mon_premier_dag.py
[2025-09-09T21:43:21.152+0000] {logging_mixin.py:190} INFO - [2025-09-09T21:43:21.152+0000] {dag.py:3239} INFO - Sync 1 DAGs
[2025-09-09T21:43:21.203+0000] {logging_mixin.py:190} INFO - [2025-09-09T21:43:21.202+0000] {dag.py:4180} INFO - Setting next_dagrun for mon_premier_dag to 2025-09-09 00:00:00+00:00, run_after=2025-09-10 00:00:00+00:00
[2025-09-09T21:43:21.271+0000] {processor.py:208} INFO - Processing /opt/airflow/dags/mon_premier_dag.py took 0.247 seconds
[2025-09-09T21:43:51.549+0000] {processor.py:186} INFO - Started process (PID=445) to work on /opt/airflow/dags/mon_premier_dag.py
[2025-09-09T21:43:51.550+0000] {processor.py:914} INFO - Processing file /opt/airflow/dags/mon_premier_dag.py for tasks to queue
[2025-09-09T21:43:51.554+0000] {logging_mixin.py:190} INFO - [2025-09-09T21:43:51.553+0000] {dagbag.py:588} INFO - Filling up the DagBag from /opt/airflow/dags/mon_premier_dag.py
[2025-09-09T21:43:51.589+0000] {processor.py:925} INFO - DAG(s) 'mon_premier_dag' retrieved from /opt/airflow/dags/mon_premier_dag.py
[2025-09-09T21:43:51.628+0000] {logging_mixin.py:190} INFO - [2025-09-09T21:43:51.628+0000] {dag.py:3239} INFO - Sync 1 DAGs
[2025-09-09T21:43:51.681+0000] {logging_mixin.py:190} INFO - [2025-09-09T21:43:51.680+0000] {dag.py:4180} INFO - Setting next_dagrun for mon_premier_dag to 2025-09-09 00:00:00+00:00, run_after=2025-09-10 00:00:00+00:00
[2025-09-09T21:43:51.716+0000] {processor.py:208} INFO - Processing /opt/airflow/dags/mon_premier_dag.py took 0.181 seconds
[2025-09-09T21:44:22.518+0000] {processor.py:186} INFO - Started process (PID=471) to work on /opt/airflow/dags/mon_premier_dag.py
[2025-09-09T21:44:22.519+0000] {processor.py:914} INFO - Processing file /opt/airflow/dags/mon_premier_dag.py for tasks to queue
[2025-09-09T21:44:22.523+0000] {logging_mixin.py:190} INFO - [2025-09-09T21:44:22.522+0000] {dagbag.py:588} INFO - Filling up the DagBag from /opt/airflow/dags/mon_premier_dag.py
[2025-09-09T21:44:22.558+0000] {processor.py:925} INFO - DAG(s) 'mon_premier_dag' retrieved from /opt/airflow/dags/mon_premier_dag.py
[2025-09-09T21:44:22.600+0000] {logging_mixin.py:190} INFO - [2025-09-09T21:44:22.599+0000] {dag.py:3239} INFO - Sync 1 DAGs
[2025-09-09T21:44:22.645+0000] {logging_mixin.py:190} INFO - [2025-09-09T21:44:22.645+0000] {dag.py:4180} INFO - Setting next_dagrun for mon_premier_dag to 2025-09-09 00:00:00+00:00, run_after=2025-09-10 00:00:00+00:00
[2025-09-09T21:44:22.712+0000] {processor.py:208} INFO - Processing /opt/airflow/dags/mon_premier_dag.py took 0.206 seconds
[2025-09-09T21:44:53.169+0000] {processor.py:186} INFO - Started process (PID=497) to work on /opt/airflow/dags/mon_premier_dag.py
[2025-09-09T21:44:53.171+0000] {processor.py:914} INFO - Processing file /opt/airflow/dags/mon_premier_dag.py for tasks to queue
[2025-09-09T21:44:53.176+0000] {logging_mixin.py:190} INFO - [2025-09-09T21:44:53.174+0000] {dagbag.py:588} INFO - Filling up the DagBag from /opt/airflow/dags/mon_premier_dag.py
[2025-09-09T21:44:53.212+0000] {processor.py:925} INFO - DAG(s) 'mon_premier_dag' retrieved from /opt/airflow/dags/mon_premier_dag.py
[2025-09-09T21:44:53.262+0000] {logging_mixin.py:190} INFO - [2025-09-09T21:44:53.261+0000] {dag.py:3239} INFO - Sync 1 DAGs
[2025-09-09T21:44:53.310+0000] {logging_mixin.py:190} INFO - [2025-09-09T21:44:53.310+0000] {dag.py:4180} INFO - Setting next_dagrun for mon_premier_dag to 2025-09-09 00:00:00+00:00, run_after=2025-09-10 00:00:00+00:00
[2025-09-09T21:44:53.344+0000] {processor.py:208} INFO - Processing /opt/airflow/dags/mon_premier_dag.py took 0.190 seconds
[2025-09-09T21:45:24.036+0000] {processor.py:186} INFO - Started process (PID=523) to work on /opt/airflow/dags/mon_premier_dag.py
[2025-09-09T21:45:24.038+0000] {processor.py:914} INFO - Processing file /opt/airflow/dags/mon_premier_dag.py for tasks to queue
[2025-09-09T21:45:24.043+0000] {logging_mixin.py:190} INFO - [2025-09-09T21:45:24.042+0000] {dagbag.py:588} INFO - Filling up the DagBag from /opt/airflow/dags/mon_premier_dag.py
[2025-09-09T21:45:24.083+0000] {processor.py:925} INFO - DAG(s) 'mon_premier_dag' retrieved from /opt/airflow/dags/mon_premier_dag.py
[2025-09-09T21:45:24.123+0000] {logging_mixin.py:190} INFO - [2025-09-09T21:45:24.122+0000] {dag.py:3239} INFO - Sync 1 DAGs
[2025-09-09T21:45:24.164+0000] {logging_mixin.py:190} INFO - [2025-09-09T21:45:24.163+0000] {dag.py:4180} INFO - Setting next_dagrun for mon_premier_dag to 2025-09-09 00:00:00+00:00, run_after=2025-09-10 00:00:00+00:00
[2025-09-09T21:45:24.234+0000] {processor.py:208} INFO - Processing /opt/airflow/dags/mon_premier_dag.py took 0.210 seconds
[2025-09-09T21:45:54.808+0000] {processor.py:186} INFO - Started process (PID=549) to work on /opt/airflow/dags/mon_premier_dag.py
[2025-09-09T21:45:54.810+0000] {processor.py:914} INFO - Processing file /opt/airflow/dags/mon_premier_dag.py for tasks to queue
[2025-09-09T21:45:54.814+0000] {logging_mixin.py:190} INFO - [2025-09-09T21:45:54.813+0000] {dagbag.py:588} INFO - Filling up the DagBag from /opt/airflow/dags/mon_premier_dag.py
[2025-09-09T21:45:54.862+0000] {processor.py:925} INFO - DAG(s) 'mon_premier_dag' retrieved from /opt/airflow/dags/mon_premier_dag.py
[2025-09-09T21:45:54.903+0000] {logging_mixin.py:190} INFO - [2025-09-09T21:45:54.903+0000] {dag.py:3239} INFO - Sync 1 DAGs
[2025-09-09T21:45:54.947+0000] {logging_mixin.py:190} INFO - [2025-09-09T21:45:54.946+0000] {dag.py:4180} INFO - Setting next_dagrun for mon_premier_dag to 2025-09-09 00:00:00+00:00, run_after=2025-09-10 00:00:00+00:00
[2025-09-09T21:45:55.012+0000] {processor.py:208} INFO - Processing /opt/airflow/dags/mon_premier_dag.py took 0.216 seconds
[2025-09-09T21:46:25.192+0000] {processor.py:186} INFO - Started process (PID=575) to work on /opt/airflow/dags/mon_premier_dag.py
[2025-09-09T21:46:25.194+0000] {processor.py:914} INFO - Processing file /opt/airflow/dags/mon_premier_dag.py for tasks to queue
[2025-09-09T21:46:25.199+0000] {logging_mixin.py:190} INFO - [2025-09-09T21:46:25.198+0000] {dagbag.py:588} INFO - Filling up the DagBag from /opt/airflow/dags/mon_premier_dag.py
[2025-09-09T21:46:25.237+0000] {processor.py:925} INFO - DAG(s) 'mon_premier_dag' retrieved from /opt/airflow/dags/mon_premier_dag.py
[2025-09-09T21:46:25.280+0000] {logging_mixin.py:190} INFO - [2025-09-09T21:46:25.279+0000] {dag.py:3239} INFO - Sync 1 DAGs
[2025-09-09T21:46:25.336+0000] {logging_mixin.py:190} INFO - [2025-09-09T21:46:25.335+0000] {dag.py:4180} INFO - Setting next_dagrun for mon_premier_dag to 2025-09-09 00:00:00+00:00, run_after=2025-09-10 00:00:00+00:00
[2025-09-09T21:46:25.403+0000] {processor.py:208} INFO - Processing /opt/airflow/dags/mon_premier_dag.py took 0.220 seconds
[2025-09-09T21:46:55.949+0000] {processor.py:186} INFO - Started process (PID=601) to work on /opt/airflow/dags/mon_premier_dag.py
[2025-09-09T21:46:55.950+0000] {processor.py:914} INFO - Processing file /opt/airflow/dags/mon_premier_dag.py for tasks to queue
[2025-09-09T21:46:55.955+0000] {logging_mixin.py:190} INFO - [2025-09-09T21:46:55.954+0000] {dagbag.py:588} INFO - Filling up the DagBag from /opt/airflow/dags/mon_premier_dag.py
[2025-09-09T21:46:55.992+0000] {processor.py:925} INFO - DAG(s) 'mon_premier_dag' retrieved from /opt/airflow/dags/mon_premier_dag.py
[2025-09-09T21:46:56.032+0000] {logging_mixin.py:190} INFO - [2025-09-09T21:46:56.032+0000] {dag.py:3239} INFO - Sync 1 DAGs
[2025-09-09T21:46:56.073+0000] {logging_mixin.py:190} INFO - [2025-09-09T21:46:56.073+0000] {dag.py:4180} INFO - Setting next_dagrun for mon_premier_dag to 2025-09-09 00:00:00+00:00, run_after=2025-09-10 00:00:00+00:00
[2025-09-09T21:46:56.143+0000] {processor.py:208} INFO - Processing /opt/airflow/dags/mon_premier_dag.py took 0.204 seconds
[2025-09-09T21:47:27.155+0000] {processor.py:186} INFO - Started process (PID=633) to work on /opt/airflow/dags/mon_premier_dag.py
[2025-09-09T21:47:27.157+0000] {processor.py:914} INFO - Processing file /opt/airflow/dags/mon_premier_dag.py for tasks to queue
[2025-09-09T21:47:27.161+0000] {logging_mixin.py:190} INFO - [2025-09-09T21:47:27.160+0000] {dagbag.py:588} INFO - Filling up the DagBag from /opt/airflow/dags/mon_premier_dag.py
[2025-09-09T21:47:27.196+0000] {processor.py:925} INFO - DAG(s) 'mon_premier_dag' retrieved from /opt/airflow/dags/mon_premier_dag.py
[2025-09-09T21:47:27.238+0000] {logging_mixin.py:190} INFO - [2025-09-09T21:47:27.237+0000] {dag.py:3239} INFO - Sync 1 DAGs
[2025-09-09T21:47:27.286+0000] {logging_mixin.py:190} INFO - [2025-09-09T21:47:27.286+0000] {dag.py:4180} INFO - Setting next_dagrun for mon_premier_dag to 2025-09-09 00:00:00+00:00, run_after=2025-09-10 00:00:00+00:00
[2025-09-09T21:47:27.329+0000] {processor.py:208} INFO - Processing /opt/airflow/dags/mon_premier_dag.py took 0.182 seconds
[2025-09-09T21:47:58.325+0000] {processor.py:186} INFO - Started process (PID=659) to work on /opt/airflow/dags/mon_premier_dag.py
[2025-09-09T21:47:58.326+0000] {processor.py:914} INFO - Processing file /opt/airflow/dags/mon_premier_dag.py for tasks to queue
[2025-09-09T21:47:58.330+0000] {logging_mixin.py:190} INFO - [2025-09-09T21:47:58.330+0000] {dagbag.py:588} INFO - Filling up the DagBag from /opt/airflow/dags/mon_premier_dag.py
[2025-09-09T21:47:58.361+0000] {processor.py:925} INFO - DAG(s) 'mon_premier_dag' retrieved from /opt/airflow/dags/mon_premier_dag.py
[2025-09-09T21:47:58.397+0000] {logging_mixin.py:190} INFO - [2025-09-09T21:47:58.397+0000] {dag.py:3239} INFO - Sync 1 DAGs
[2025-09-09T21:47:58.443+0000] {logging_mixin.py:190} INFO - [2025-09-09T21:47:58.442+0000] {dag.py:4180} INFO - Setting next_dagrun for mon_premier_dag to 2025-09-09 00:00:00+00:00, run_after=2025-09-10 00:00:00+00:00
[2025-09-09T21:47:58.482+0000] {processor.py:208} INFO - Processing /opt/airflow/dags/mon_premier_dag.py took 0.165 seconds
[2025-09-09T21:48:29.474+0000] {processor.py:186} INFO - Started process (PID=685) to work on /opt/airflow/dags/mon_premier_dag.py
[2025-09-09T21:48:29.475+0000] {processor.py:914} INFO - Processing file /opt/airflow/dags/mon_premier_dag.py for tasks to queue
[2025-09-09T21:48:29.480+0000] {logging_mixin.py:190} INFO - [2025-09-09T21:48:29.480+0000] {dagbag.py:588} INFO - Filling up the DagBag from /opt/airflow/dags/mon_premier_dag.py
[2025-09-09T21:48:29.511+0000] {processor.py:925} INFO - DAG(s) 'mon_premier_dag' retrieved from /opt/airflow/dags/mon_premier_dag.py
[2025-09-09T21:48:29.554+0000] {logging_mixin.py:190} INFO - [2025-09-09T21:48:29.554+0000] {dag.py:3239} INFO - Sync 1 DAGs
[2025-09-09T21:48:29.596+0000] {logging_mixin.py:190} INFO - [2025-09-09T21:48:29.595+0000] {dag.py:4180} INFO - Setting next_dagrun for mon_premier_dag to 2025-09-09 00:00:00+00:00, run_after=2025-09-10 00:00:00+00:00
[2025-09-09T21:48:29.660+0000] {processor.py:208} INFO - Processing /opt/airflow/dags/mon_premier_dag.py took 0.199 seconds
[2025-09-09T21:48:59.991+0000] {processor.py:186} INFO - Started process (PID=711) to work on /opt/airflow/dags/mon_premier_dag.py
[2025-09-09T21:48:59.992+0000] {processor.py:914} INFO - Processing file /opt/airflow/dags/mon_premier_dag.py for tasks to queue
[2025-09-09T21:48:59.996+0000] {logging_mixin.py:190} INFO - [2025-09-09T21:48:59.996+0000] {dagbag.py:588} INFO - Filling up the DagBag from /opt/airflow/dags/mon_premier_dag.py
[2025-09-09T21:49:00.028+0000] {processor.py:925} INFO - DAG(s) 'mon_premier_dag' retrieved from /opt/airflow/dags/mon_premier_dag.py
[2025-09-09T21:49:00.068+0000] {logging_mixin.py:190} INFO - [2025-09-09T21:49:00.067+0000] {dag.py:3239} INFO - Sync 1 DAGs
[2025-09-09T21:49:00.107+0000] {logging_mixin.py:190} INFO - [2025-09-09T21:49:00.106+0000] {dag.py:4180} INFO - Setting next_dagrun for mon_premier_dag to 2025-09-09 00:00:00+00:00, run_after=2025-09-10 00:00:00+00:00
[2025-09-09T21:49:00.169+0000] {processor.py:208} INFO - Processing /opt/airflow/dags/mon_premier_dag.py took 0.188 seconds
[2025-09-09T21:49:30.876+0000] {processor.py:186} INFO - Started process (PID=737) to work on /opt/airflow/dags/mon_premier_dag.py
[2025-09-09T21:49:30.878+0000] {processor.py:914} INFO - Processing file /opt/airflow/dags/mon_premier_dag.py for tasks to queue
[2025-09-09T21:49:30.881+0000] {logging_mixin.py:190} INFO - [2025-09-09T21:49:30.881+0000] {dagbag.py:588} INFO - Filling up the DagBag from /opt/airflow/dags/mon_premier_dag.py
[2025-09-09T21:49:30.921+0000] {processor.py:925} INFO - DAG(s) 'mon_premier_dag' retrieved from /opt/airflow/dags/mon_premier_dag.py
[2025-09-09T21:49:30.969+0000] {logging_mixin.py:190} INFO - [2025-09-09T21:49:30.969+0000] {dag.py:3239} INFO - Sync 1 DAGs
[2025-09-09T21:49:31.025+0000] {logging_mixin.py:190} INFO - [2025-09-09T21:49:31.024+0000] {dag.py:4180} INFO - Setting next_dagrun for mon_premier_dag to 2025-09-09 00:00:00+00:00, run_after=2025-09-10 00:00:00+00:00
[2025-09-09T21:49:31.095+0000] {processor.py:208} INFO - Processing /opt/airflow/dags/mon_premier_dag.py took 0.230 seconds
[2025-09-09T21:50:01.714+0000] {processor.py:186} INFO - Started process (PID=764) to work on /opt/airflow/dags/mon_premier_dag.py
[2025-09-09T21:50:01.716+0000] {processor.py:914} INFO - Processing file /opt/airflow/dags/mon_premier_dag.py for tasks to queue
[2025-09-09T21:50:01.721+0000] {logging_mixin.py:190} INFO - [2025-09-09T21:50:01.720+0000] {dagbag.py:588} INFO - Filling up the DagBag from /opt/airflow/dags/mon_premier_dag.py
[2025-09-09T21:50:01.756+0000] {processor.py:925} INFO - DAG(s) 'mon_premier_dag' retrieved from /opt/airflow/dags/mon_premier_dag.py
[2025-09-09T21:50:01.794+0000] {logging_mixin.py:190} INFO - [2025-09-09T21:50:01.794+0000] {dag.py:3239} INFO - Sync 1 DAGs
[2025-09-09T21:50:01.840+0000] {logging_mixin.py:190} INFO - [2025-09-09T21:50:01.840+0000] {dag.py:4180} INFO - Setting next_dagrun for mon_premier_dag to 2025-09-09 00:00:00+00:00, run_after=2025-09-10 00:00:00+00:00
[2025-09-09T21:50:01.893+0000] {processor.py:208} INFO - Processing /opt/airflow/dags/mon_premier_dag.py took 0.190 seconds
