[2025-07-14T15:17:51.906+0000] {local_task_job_runner.py:123} INFO - ::group::Pre task execution logs
[2025-07-14T15:17:51.930+0000] {taskinstance.py:2613} INFO - Dependencies all met for dep_context=non-requeueable deps ti=<TaskInstance: mon_premier_dag.task_2 manual__2025-07-14T15:17:50.078417+00:00 [queued]>
[2025-07-14T15:17:51.949+0000] {taskinstance.py:2613} INFO - Dependencies all met for dep_context=requeueable deps ti=<TaskInstance: mon_premier_dag.task_2 manual__2025-07-14T15:17:50.078417+00:00 [queued]>
[2025-07-14T15:17:51.971+0000] {taskinstance.py:2866} INFO - Starting attempt 1 of 2
[2025-07-14T15:17:51.994+0000] {taskinstance.py:2889} INFO - Executing <Task(BashOperator): task_2> on 2025-07-14 15:17:50.078417+00:00
[2025-07-14T15:17:52.004+0000] {standard_task_runner.py:104} INFO - Running: ['***', 'tasks', 'run', 'mon_premier_dag', 'task_2', 'manual__2025-07-14T15:17:50.078417+00:00', '--job-id', '8', '--raw', '--subdir', 'DAGS_FOLDER/mon_premier_dag.py', '--cfg-path', '/tmp/tmp5mshbvj7']
[2025-07-14T15:17:52.007+0000] {standard_task_runner.py:105} INFO - Job 8: Subtask task_2
[2025-07-14T15:17:52.009+0000] {logging_mixin.py:190} WARNING - /home/***/.local/lib/python3.12/site-packages/***/task/task_runner/standard_task_runner.py:70 DeprecationWarning: This process (pid=512) is multi-threaded, use of fork() may lead to deadlocks in the child.
[2025-07-14T15:17:52.011+0000] {standard_task_runner.py:72} INFO - Started process 513 to run task
[2025-07-14T15:17:52.067+0000] {task_command.py:467} INFO - Running <TaskInstance: mon_premier_dag.task_2 manual__2025-07-14T15:17:50.078417+00:00 [running]> on host 97ccc390339b
[2025-07-14T15:17:52.242+0000] {taskinstance.py:3132} INFO - Exporting env vars: AIRFLOW_CTX_DAG_OWNER='***' AIRFLOW_CTX_DAG_ID='mon_premier_dag' AIRFLOW_CTX_TASK_ID='task_2' AIRFLOW_CTX_EXECUTION_DATE='2025-07-14T15:17:50.078417+00:00' AIRFLOW_CTX_TRY_NUMBER='1' AIRFLOW_CTX_DAG_RUN_ID='manual__2025-07-14T15:17:50.078417+00:00'
[2025-07-14T15:17:52.244+0000] {taskinstance.py:731} INFO - ::endgroup::
[2025-07-14T15:17:52.267+0000] {subprocess.py:78} INFO - Tmp dir root location: /tmp
[2025-07-14T15:17:52.269+0000] {subprocess.py:88} INFO - Running command: ['/usr/bin/bash', '-c', 'echo "This is my first DAG!"']
[2025-07-14T15:17:52.282+0000] {subprocess.py:99} INFO - Output:
[2025-07-14T15:17:52.284+0000] {subprocess.py:106} INFO - This is my first DAG!
[2025-07-14T15:17:52.285+0000] {subprocess.py:110} INFO - Command exited with return code 0
[2025-07-14T15:17:52.346+0000] {taskinstance.py:340} INFO - ::group::Post task execution logs
[2025-07-14T15:17:52.348+0000] {taskinstance.py:352} INFO - Marking task as SUCCESS. dag_id=mon_premier_dag, task_id=task_2, run_id=manual__2025-07-14T15:17:50.078417+00:00, execution_date=20250714T151750, start_date=20250714T151751, end_date=20250714T151752
[2025-07-14T15:17:52.386+0000] {local_task_job_runner.py:266} INFO - Task exited with return code 0
[2025-07-14T15:17:52.409+0000] {taskinstance.py:3895} INFO - 0 downstream tasks scheduled from follow-on schedule check
[2025-07-14T15:17:52.439+0000] {local_task_job_runner.py:245} INFO - ::endgroup::
