[2025-09-29T17:47:33.864+0000] {processor.py:186} INFO - Started process (PID=225) to work on /opt/airflow/dags/dag2.py
[2025-09-29T17:47:33.869+0000] {processor.py:914} INFO - Processing file /opt/airflow/dags/dag2.py for tasks to queue
[2025-09-29T17:47:33.942+0000] {logging_mixin.py:190} INFO - [2025-09-29T17:47:33.924+0000] {dagbag.py:588} INFO - Filling up the DagBag from /opt/airflow/dags/dag2.py
[2025-09-29T17:47:34.009+0000] {processor.py:925} INFO - DAG(s) 'dag2.v2.0' retrieved from /opt/airflow/dags/dag2.py
[2025-09-29T17:47:34.086+0000] {logging_mixin.py:190} INFO - [2025-09-29T17:47:34.085+0000] {dag.py:3239} INFO - Sync 1 DAGs
[2025-09-29T17:47:34.244+0000] {logging_mixin.py:190} INFO - [2025-09-29T17:47:34.243+0000] {dag.py:4180} INFO - Setting next_dagrun for dag2.v2.0 to 2025-09-23 03:00:00+00:00, run_after=2025-09-30 03:00:00+00:00
[2025-09-29T17:47:35.152+0000] {processor.py:208} INFO - Processing /opt/airflow/dags/dag2.py took 1.322 seconds
[2025-09-29T17:48:05.675+0000] {processor.py:186} INFO - Started process (PID=277) to work on /opt/airflow/dags/dag2.py
[2025-09-29T17:48:05.679+0000] {processor.py:914} INFO - Processing file /opt/airflow/dags/dag2.py for tasks to queue
[2025-09-29T17:48:05.688+0000] {logging_mixin.py:190} INFO - [2025-09-29T17:48:05.687+0000] {dagbag.py:588} INFO - Filling up the DagBag from /opt/airflow/dags/dag2.py
[2025-09-29T17:48:05.725+0000] {processor.py:925} INFO - DAG(s) 'dag2.v2.0' retrieved from /opt/airflow/dags/dag2.py
[2025-09-29T17:48:05.775+0000] {logging_mixin.py:190} INFO - [2025-09-29T17:48:05.774+0000] {dag.py:3239} INFO - Sync 1 DAGs
[2025-09-29T17:48:06.148+0000] {logging_mixin.py:190} INFO - [2025-09-29T17:48:06.148+0000] {dag.py:4180} INFO - Setting next_dagrun for dag2.v2.0 to 2025-09-23 03:00:00+00:00, run_after=2025-09-30 03:00:00+00:00
[2025-09-29T17:48:06.181+0000] {processor.py:208} INFO - Processing /opt/airflow/dags/dag2.py took 0.521 seconds
[2025-09-29T17:48:36.993+0000] {processor.py:186} INFO - Started process (PID=306) to work on /opt/airflow/dags/dag2.py
[2025-09-29T17:48:36.995+0000] {processor.py:914} INFO - Processing file /opt/airflow/dags/dag2.py for tasks to queue
[2025-09-29T17:48:37.004+0000] {logging_mixin.py:190} INFO - [2025-09-29T17:48:37.003+0000] {dagbag.py:588} INFO - Filling up the DagBag from /opt/airflow/dags/dag2.py
[2025-09-29T17:48:37.077+0000] {processor.py:925} INFO - DAG(s) 'dag2.v2.0' retrieved from /opt/airflow/dags/dag2.py
[2025-09-29T17:48:37.591+0000] {logging_mixin.py:190} INFO - [2025-09-29T17:48:37.591+0000] {dag.py:3239} INFO - Sync 1 DAGs
[2025-09-29T17:48:37.672+0000] {logging_mixin.py:190} INFO - [2025-09-29T17:48:37.671+0000] {dag.py:4180} INFO - Setting next_dagrun for dag2.v2.0 to 2025-09-23 03:00:00+00:00, run_after=2025-09-30 03:00:00+00:00
[2025-09-29T17:48:37.730+0000] {processor.py:208} INFO - Processing /opt/airflow/dags/dag2.py took 0.753 seconds
[2025-09-29T17:49:08.332+0000] {processor.py:186} INFO - Started process (PID=338) to work on /opt/airflow/dags/dag2.py
[2025-09-29T17:49:08.334+0000] {processor.py:914} INFO - Processing file /opt/airflow/dags/dag2.py for tasks to queue
[2025-09-29T17:49:08.338+0000] {logging_mixin.py:190} INFO - [2025-09-29T17:49:08.337+0000] {dagbag.py:588} INFO - Filling up the DagBag from /opt/airflow/dags/dag2.py
[2025-09-29T17:49:08.394+0000] {processor.py:925} INFO - DAG(s) 'dag2.v2.0' retrieved from /opt/airflow/dags/dag2.py
[2025-09-29T17:49:08.467+0000] {logging_mixin.py:190} INFO - [2025-09-29T17:49:08.466+0000] {dag.py:3239} INFO - Sync 1 DAGs
[2025-09-29T17:49:08.548+0000] {logging_mixin.py:190} INFO - [2025-09-29T17:49:08.547+0000] {dag.py:4180} INFO - Setting next_dagrun for dag2.v2.0 to 2025-09-23 03:00:00+00:00, run_after=2025-09-30 03:00:00+00:00
[2025-09-29T17:49:08.613+0000] {processor.py:208} INFO - Processing /opt/airflow/dags/dag2.py took 0.292 seconds
[2025-09-29T17:49:38.749+0000] {processor.py:186} INFO - Started process (PID=359) to work on /opt/airflow/dags/dag2.py
[2025-09-29T17:49:38.751+0000] {processor.py:914} INFO - Processing file /opt/airflow/dags/dag2.py for tasks to queue
[2025-09-29T17:49:38.757+0000] {logging_mixin.py:190} INFO - [2025-09-29T17:49:38.756+0000] {dagbag.py:588} INFO - Filling up the DagBag from /opt/airflow/dags/dag2.py
[2025-09-29T17:49:38.795+0000] {processor.py:925} INFO - DAG(s) 'dag2.v2.0' retrieved from /opt/airflow/dags/dag2.py
[2025-09-29T17:49:38.838+0000] {logging_mixin.py:190} INFO - [2025-09-29T17:49:38.837+0000] {dag.py:3239} INFO - Sync 1 DAGs
[2025-09-29T17:49:38.895+0000] {logging_mixin.py:190} INFO - [2025-09-29T17:49:38.895+0000] {dag.py:4180} INFO - Setting next_dagrun for dag2.v2.0 to 2025-09-23 03:00:00+00:00, run_after=2025-09-30 03:00:00+00:00
[2025-09-29T17:49:38.934+0000] {processor.py:208} INFO - Processing /opt/airflow/dags/dag2.py took 0.196 seconds
[2025-09-29T17:50:09.712+0000] {processor.py:186} INFO - Started process (PID=388) to work on /opt/airflow/dags/dag2.py
[2025-09-29T17:50:09.715+0000] {processor.py:914} INFO - Processing file /opt/airflow/dags/dag2.py for tasks to queue
[2025-09-29T17:50:09.722+0000] {logging_mixin.py:190} INFO - [2025-09-29T17:50:09.721+0000] {dagbag.py:588} INFO - Filling up the DagBag from /opt/airflow/dags/dag2.py
[2025-09-29T17:50:09.777+0000] {processor.py:925} INFO - DAG(s) 'dag2.v2.0' retrieved from /opt/airflow/dags/dag2.py
[2025-09-29T17:50:09.828+0000] {logging_mixin.py:190} INFO - [2025-09-29T17:50:09.827+0000] {dag.py:3239} INFO - Sync 1 DAGs
[2025-09-29T17:50:09.899+0000] {logging_mixin.py:190} INFO - [2025-09-29T17:50:09.898+0000] {dag.py:4180} INFO - Setting next_dagrun for dag2.v2.0 to 2025-09-23 03:00:00+00:00, run_after=2025-09-30 03:00:00+00:00
[2025-09-29T17:50:09.973+0000] {processor.py:208} INFO - Processing /opt/airflow/dags/dag2.py took 0.277 seconds
[2025-09-29T17:50:40.752+0000] {processor.py:186} INFO - Started process (PID=414) to work on /opt/airflow/dags/dag2.py
[2025-09-29T17:50:40.755+0000] {processor.py:914} INFO - Processing file /opt/airflow/dags/dag2.py for tasks to queue
[2025-09-29T17:50:40.760+0000] {logging_mixin.py:190} INFO - [2025-09-29T17:50:40.760+0000] {dagbag.py:588} INFO - Filling up the DagBag from /opt/airflow/dags/dag2.py
[2025-09-29T17:50:40.813+0000] {processor.py:925} INFO - DAG(s) 'dag2.v2.0' retrieved from /opt/airflow/dags/dag2.py
[2025-09-29T17:50:40.879+0000] {logging_mixin.py:190} INFO - [2025-09-29T17:50:40.878+0000] {dag.py:3239} INFO - Sync 1 DAGs
[2025-09-29T17:50:40.962+0000] {logging_mixin.py:190} INFO - [2025-09-29T17:50:40.961+0000] {dag.py:4180} INFO - Setting next_dagrun for dag2.v2.0 to 2025-09-23 03:00:00+00:00, run_after=2025-09-30 03:00:00+00:00
[2025-09-29T17:50:40.996+0000] {processor.py:208} INFO - Processing /opt/airflow/dags/dag2.py took 0.261 seconds
[2025-09-29T17:51:11.264+0000] {processor.py:186} INFO - Started process (PID=440) to work on /opt/airflow/dags/dag2.py
[2025-09-29T17:51:11.266+0000] {processor.py:914} INFO - Processing file /opt/airflow/dags/dag2.py for tasks to queue
[2025-09-29T17:51:11.271+0000] {logging_mixin.py:190} INFO - [2025-09-29T17:51:11.271+0000] {dagbag.py:588} INFO - Filling up the DagBag from /opt/airflow/dags/dag2.py
[2025-09-29T17:51:11.305+0000] {processor.py:925} INFO - DAG(s) 'dag2.v2.0' retrieved from /opt/airflow/dags/dag2.py
[2025-09-29T17:51:11.342+0000] {logging_mixin.py:190} INFO - [2025-09-29T17:51:11.341+0000] {dag.py:3239} INFO - Sync 1 DAGs
[2025-09-29T17:51:11.382+0000] {logging_mixin.py:190} INFO - [2025-09-29T17:51:11.382+0000] {dag.py:4180} INFO - Setting next_dagrun for dag2.v2.0 to 2025-09-23 03:00:00+00:00, run_after=2025-09-30 03:00:00+00:00
[2025-09-29T17:51:11.422+0000] {processor.py:208} INFO - Processing /opt/airflow/dags/dag2.py took 0.168 seconds
[2025-09-29T17:51:41.788+0000] {processor.py:186} INFO - Started process (PID=474) to work on /opt/airflow/dags/dag2.py
[2025-09-29T17:51:41.790+0000] {processor.py:914} INFO - Processing file /opt/airflow/dags/dag2.py for tasks to queue
[2025-09-29T17:51:41.795+0000] {logging_mixin.py:190} INFO - [2025-09-29T17:51:41.794+0000] {dagbag.py:588} INFO - Filling up the DagBag from /opt/airflow/dags/dag2.py
[2025-09-29T17:51:41.841+0000] {processor.py:925} INFO - DAG(s) 'dag2.v2.0' retrieved from /opt/airflow/dags/dag2.py
[2025-09-29T17:51:41.885+0000] {logging_mixin.py:190} INFO - [2025-09-29T17:51:41.885+0000] {dag.py:3239} INFO - Sync 1 DAGs
[2025-09-29T17:51:41.936+0000] {logging_mixin.py:190} INFO - [2025-09-29T17:51:41.936+0000] {dag.py:4180} INFO - Setting next_dagrun for dag2.v2.0 to 2025-09-23 03:00:00+00:00, run_after=2025-09-30 03:00:00+00:00
[2025-09-29T17:51:41.972+0000] {processor.py:208} INFO - Processing /opt/airflow/dags/dag2.py took 0.196 seconds
[2025-09-29T17:52:12.599+0000] {processor.py:186} INFO - Started process (PID=499) to work on /opt/airflow/dags/dag2.py
[2025-09-29T17:52:12.601+0000] {processor.py:914} INFO - Processing file /opt/airflow/dags/dag2.py for tasks to queue
[2025-09-29T17:52:12.609+0000] {logging_mixin.py:190} INFO - [2025-09-29T17:52:12.608+0000] {dagbag.py:588} INFO - Filling up the DagBag from /opt/airflow/dags/dag2.py
[2025-09-29T17:52:12.665+0000] {processor.py:925} INFO - DAG(s) 'dag2.v2.0' retrieved from /opt/airflow/dags/dag2.py
[2025-09-29T17:52:12.762+0000] {logging_mixin.py:190} INFO - [2025-09-29T17:52:12.761+0000] {dag.py:3239} INFO - Sync 1 DAGs
[2025-09-29T17:52:12.871+0000] {logging_mixin.py:190} INFO - [2025-09-29T17:52:12.869+0000] {dag.py:4180} INFO - Setting next_dagrun for dag2.v2.0 to 2025-09-23 03:00:00+00:00, run_after=2025-09-30 03:00:00+00:00
[2025-09-29T17:52:12.942+0000] {processor.py:208} INFO - Processing /opt/airflow/dags/dag2.py took 0.374 seconds
[2025-09-29T17:52:43.320+0000] {processor.py:186} INFO - Started process (PID=525) to work on /opt/airflow/dags/dag2.py
[2025-09-29T17:52:43.322+0000] {processor.py:914} INFO - Processing file /opt/airflow/dags/dag2.py for tasks to queue
[2025-09-29T17:52:43.330+0000] {logging_mixin.py:190} INFO - [2025-09-29T17:52:43.330+0000] {dagbag.py:588} INFO - Filling up the DagBag from /opt/airflow/dags/dag2.py
[2025-09-29T17:52:43.392+0000] {processor.py:925} INFO - DAG(s) 'dag2.v2.0' retrieved from /opt/airflow/dags/dag2.py
[2025-09-29T17:52:43.457+0000] {logging_mixin.py:190} INFO - [2025-09-29T17:52:43.456+0000] {dag.py:3239} INFO - Sync 1 DAGs
[2025-09-29T17:52:43.543+0000] {logging_mixin.py:190} INFO - [2025-09-29T17:52:43.543+0000] {dag.py:4180} INFO - Setting next_dagrun for dag2.v2.0 to 2025-09-23 03:00:00+00:00, run_after=2025-09-30 03:00:00+00:00
[2025-09-29T17:52:43.613+0000] {processor.py:208} INFO - Processing /opt/airflow/dags/dag2.py took 0.317 seconds
[2025-09-29T17:53:13.996+0000] {processor.py:186} INFO - Started process (PID=553) to work on /opt/airflow/dags/dag2.py
[2025-09-29T17:53:13.997+0000] {processor.py:914} INFO - Processing file /opt/airflow/dags/dag2.py for tasks to queue
[2025-09-29T17:53:14.002+0000] {logging_mixin.py:190} INFO - [2025-09-29T17:53:14.001+0000] {dagbag.py:588} INFO - Filling up the DagBag from /opt/airflow/dags/dag2.py
[2025-09-29T17:53:14.036+0000] {processor.py:925} INFO - DAG(s) 'dag2.v2.0' retrieved from /opt/airflow/dags/dag2.py
[2025-09-29T17:53:14.114+0000] {logging_mixin.py:190} INFO - [2025-09-29T17:53:14.113+0000] {dag.py:3239} INFO - Sync 1 DAGs
[2025-09-29T17:53:14.202+0000] {logging_mixin.py:190} INFO - [2025-09-29T17:53:14.201+0000] {dag.py:4180} INFO - Setting next_dagrun for dag2.v2.0 to 2025-09-23 03:00:00+00:00, run_after=2025-09-30 03:00:00+00:00
[2025-09-29T17:53:14.252+0000] {processor.py:208} INFO - Processing /opt/airflow/dags/dag2.py took 0.268 seconds
[2025-09-29T17:53:44.634+0000] {processor.py:186} INFO - Started process (PID=579) to work on /opt/airflow/dags/dag2.py
[2025-09-29T17:53:44.638+0000] {processor.py:914} INFO - Processing file /opt/airflow/dags/dag2.py for tasks to queue
[2025-09-29T17:53:44.646+0000] {logging_mixin.py:190} INFO - [2025-09-29T17:53:44.645+0000] {dagbag.py:588} INFO - Filling up the DagBag from /opt/airflow/dags/dag2.py
[2025-09-29T17:53:44.706+0000] {processor.py:925} INFO - DAG(s) 'dag2.v2.0' retrieved from /opt/airflow/dags/dag2.py
[2025-09-29T17:53:44.789+0000] {logging_mixin.py:190} INFO - [2025-09-29T17:53:44.788+0000] {dag.py:3239} INFO - Sync 1 DAGs
[2025-09-29T17:53:44.912+0000] {logging_mixin.py:190} INFO - [2025-09-29T17:53:44.912+0000] {dag.py:4180} INFO - Setting next_dagrun for dag2.v2.0 to 2025-09-23 03:00:00+00:00, run_after=2025-09-30 03:00:00+00:00
[2025-09-29T17:53:44.985+0000] {processor.py:208} INFO - Processing /opt/airflow/dags/dag2.py took 0.364 seconds
[2025-09-29T17:54:15.377+0000] {processor.py:186} INFO - Started process (PID=604) to work on /opt/airflow/dags/dag2.py
[2025-09-29T17:54:15.380+0000] {processor.py:914} INFO - Processing file /opt/airflow/dags/dag2.py for tasks to queue
[2025-09-29T17:54:15.388+0000] {logging_mixin.py:190} INFO - [2025-09-29T17:54:15.387+0000] {dagbag.py:588} INFO - Filling up the DagBag from /opt/airflow/dags/dag2.py
[2025-09-29T17:54:15.436+0000] {processor.py:925} INFO - DAG(s) 'dag2.v2.0' retrieved from /opt/airflow/dags/dag2.py
[2025-09-29T17:54:15.501+0000] {logging_mixin.py:190} INFO - [2025-09-29T17:54:15.500+0000] {dag.py:3239} INFO - Sync 1 DAGs
[2025-09-29T17:54:15.580+0000] {logging_mixin.py:190} INFO - [2025-09-29T17:54:15.579+0000] {dag.py:4180} INFO - Setting next_dagrun for dag2.v2.0 to 2025-09-23 03:00:00+00:00, run_after=2025-09-30 03:00:00+00:00
[2025-09-29T17:54:15.619+0000] {processor.py:208} INFO - Processing /opt/airflow/dags/dag2.py took 0.257 seconds
[2025-09-29T17:54:45.790+0000] {processor.py:186} INFO - Started process (PID=630) to work on /opt/airflow/dags/dag2.py
[2025-09-29T17:54:45.793+0000] {processor.py:914} INFO - Processing file /opt/airflow/dags/dag2.py for tasks to queue
[2025-09-29T17:54:45.805+0000] {logging_mixin.py:190} INFO - [2025-09-29T17:54:45.803+0000] {dagbag.py:588} INFO - Filling up the DagBag from /opt/airflow/dags/dag2.py
[2025-09-29T17:54:45.865+0000] {processor.py:925} INFO - DAG(s) 'dag2.v2.0' retrieved from /opt/airflow/dags/dag2.py
[2025-09-29T17:54:45.924+0000] {logging_mixin.py:190} INFO - [2025-09-29T17:54:45.923+0000] {dag.py:3239} INFO - Sync 1 DAGs
[2025-09-29T17:54:45.987+0000] {logging_mixin.py:190} INFO - [2025-09-29T17:54:45.986+0000] {dag.py:4180} INFO - Setting next_dagrun for dag2.v2.0 to 2025-09-23 03:00:00+00:00, run_after=2025-09-30 03:00:00+00:00
[2025-09-29T17:54:46.041+0000] {processor.py:208} INFO - Processing /opt/airflow/dags/dag2.py took 0.265 seconds
[2025-09-29T17:55:16.455+0000] {processor.py:186} INFO - Started process (PID=654) to work on /opt/airflow/dags/dag2.py
[2025-09-29T17:55:16.458+0000] {processor.py:914} INFO - Processing file /opt/airflow/dags/dag2.py for tasks to queue
[2025-09-29T17:55:16.464+0000] {logging_mixin.py:190} INFO - [2025-09-29T17:55:16.463+0000] {dagbag.py:588} INFO - Filling up the DagBag from /opt/airflow/dags/dag2.py
[2025-09-29T17:55:16.524+0000] {processor.py:925} INFO - DAG(s) 'dag2.v2.0' retrieved from /opt/airflow/dags/dag2.py
[2025-09-29T17:55:16.594+0000] {logging_mixin.py:190} INFO - [2025-09-29T17:55:16.594+0000] {dag.py:3239} INFO - Sync 1 DAGs
[2025-09-29T17:55:16.646+0000] {logging_mixin.py:190} INFO - [2025-09-29T17:55:16.646+0000] {dag.py:4180} INFO - Setting next_dagrun for dag2.v2.0 to 2025-09-23 03:00:00+00:00, run_after=2025-09-30 03:00:00+00:00
[2025-09-29T17:55:16.703+0000] {processor.py:208} INFO - Processing /opt/airflow/dags/dag2.py took 0.272 seconds
[2025-09-29T17:55:46.995+0000] {processor.py:186} INFO - Started process (PID=680) to work on /opt/airflow/dags/dag2.py
[2025-09-29T17:55:46.997+0000] {processor.py:914} INFO - Processing file /opt/airflow/dags/dag2.py for tasks to queue
[2025-09-29T17:55:47.002+0000] {logging_mixin.py:190} INFO - [2025-09-29T17:55:47.001+0000] {dagbag.py:588} INFO - Filling up the DagBag from /opt/airflow/dags/dag2.py
[2025-09-29T17:55:47.060+0000] {processor.py:925} INFO - DAG(s) 'dag2.v2.0' retrieved from /opt/airflow/dags/dag2.py
[2025-09-29T17:55:47.172+0000] {logging_mixin.py:190} INFO - [2025-09-29T17:55:47.172+0000] {dag.py:3239} INFO - Sync 1 DAGs
[2025-09-29T17:55:47.266+0000] {logging_mixin.py:190} INFO - [2025-09-29T17:55:47.265+0000] {dag.py:4180} INFO - Setting next_dagrun for dag2.v2.0 to 2025-09-23 03:00:00+00:00, run_after=2025-09-30 03:00:00+00:00
[2025-09-29T17:55:47.330+0000] {processor.py:208} INFO - Processing /opt/airflow/dags/dag2.py took 0.354 seconds
[2025-09-29T17:56:17.553+0000] {processor.py:186} INFO - Started process (PID=706) to work on /opt/airflow/dags/dag2.py
[2025-09-29T17:56:17.556+0000] {processor.py:914} INFO - Processing file /opt/airflow/dags/dag2.py for tasks to queue
[2025-09-29T17:56:17.569+0000] {logging_mixin.py:190} INFO - [2025-09-29T17:56:17.568+0000] {dagbag.py:588} INFO - Filling up the DagBag from /opt/airflow/dags/dag2.py
[2025-09-29T17:56:17.647+0000] {processor.py:925} INFO - DAG(s) 'dag2.v2.0' retrieved from /opt/airflow/dags/dag2.py
[2025-09-29T17:56:17.754+0000] {logging_mixin.py:190} INFO - [2025-09-29T17:56:17.753+0000] {dag.py:3239} INFO - Sync 1 DAGs
[2025-09-29T17:56:17.874+0000] {logging_mixin.py:190} INFO - [2025-09-29T17:56:17.874+0000] {dag.py:4180} INFO - Setting next_dagrun for dag2.v2.0 to 2025-09-23 03:00:00+00:00, run_after=2025-09-30 03:00:00+00:00
[2025-09-29T17:56:17.933+0000] {processor.py:208} INFO - Processing /opt/airflow/dags/dag2.py took 0.402 seconds
[2025-09-29T17:56:48.066+0000] {processor.py:186} INFO - Started process (PID=735) to work on /opt/airflow/dags/dag2.py
[2025-09-29T17:56:48.069+0000] {processor.py:914} INFO - Processing file /opt/airflow/dags/dag2.py for tasks to queue
[2025-09-29T17:56:48.080+0000] {logging_mixin.py:190} INFO - [2025-09-29T17:56:48.078+0000] {dagbag.py:588} INFO - Filling up the DagBag from /opt/airflow/dags/dag2.py
[2025-09-29T17:56:48.169+0000] {processor.py:925} INFO - DAG(s) 'dag2.v2.0' retrieved from /opt/airflow/dags/dag2.py
[2025-09-29T17:56:48.260+0000] {logging_mixin.py:190} INFO - [2025-09-29T17:56:48.259+0000] {dag.py:3239} INFO - Sync 1 DAGs
[2025-09-29T17:56:48.399+0000] {logging_mixin.py:190} INFO - [2025-09-29T17:56:48.397+0000] {dag.py:4180} INFO - Setting next_dagrun for dag2.v2.0 to 2025-09-23 03:00:00+00:00, run_after=2025-09-30 03:00:00+00:00
[2025-09-29T17:56:48.476+0000] {processor.py:208} INFO - Processing /opt/airflow/dags/dag2.py took 0.427 seconds
[2025-09-29T17:57:18.853+0000] {processor.py:186} INFO - Started process (PID=761) to work on /opt/airflow/dags/dag2.py
[2025-09-29T17:57:18.855+0000] {processor.py:914} INFO - Processing file /opt/airflow/dags/dag2.py for tasks to queue
[2025-09-29T17:57:18.864+0000] {logging_mixin.py:190} INFO - [2025-09-29T17:57:18.862+0000] {dagbag.py:588} INFO - Filling up the DagBag from /opt/airflow/dags/dag2.py
[2025-09-29T17:57:18.965+0000] {processor.py:925} INFO - DAG(s) 'dag2.v2.0' retrieved from /opt/airflow/dags/dag2.py
[2025-09-29T17:57:19.075+0000] {logging_mixin.py:190} INFO - [2025-09-29T17:57:19.074+0000] {dag.py:3239} INFO - Sync 1 DAGs
[2025-09-29T17:57:19.151+0000] {logging_mixin.py:190} INFO - [2025-09-29T17:57:19.150+0000] {dag.py:4180} INFO - Setting next_dagrun for dag2.v2.0 to 2025-09-23 03:00:00+00:00, run_after=2025-09-30 03:00:00+00:00
[2025-09-29T17:57:19.205+0000] {processor.py:208} INFO - Processing /opt/airflow/dags/dag2.py took 0.387 seconds
[2025-09-29T17:57:50.162+0000] {processor.py:186} INFO - Started process (PID=790) to work on /opt/airflow/dags/dag2.py
[2025-09-29T17:57:50.164+0000] {processor.py:914} INFO - Processing file /opt/airflow/dags/dag2.py for tasks to queue
[2025-09-29T17:57:50.169+0000] {logging_mixin.py:190} INFO - [2025-09-29T17:57:50.169+0000] {dagbag.py:588} INFO - Filling up the DagBag from /opt/airflow/dags/dag2.py
[2025-09-29T17:57:50.224+0000] {processor.py:925} INFO - DAG(s) 'dag2.v2.0' retrieved from /opt/airflow/dags/dag2.py
[2025-09-29T17:57:50.289+0000] {logging_mixin.py:190} INFO - [2025-09-29T17:57:50.288+0000] {dag.py:3239} INFO - Sync 1 DAGs
[2025-09-29T17:57:50.345+0000] {logging_mixin.py:190} INFO - [2025-09-29T17:57:50.343+0000] {dag.py:4180} INFO - Setting next_dagrun for dag2.v2.0 to 2025-09-23 03:00:00+00:00, run_after=2025-09-30 03:00:00+00:00
[2025-09-29T17:57:50.384+0000] {processor.py:208} INFO - Processing /opt/airflow/dags/dag2.py took 0.233 seconds
[2025-09-29T17:58:21.207+0000] {processor.py:186} INFO - Started process (PID=816) to work on /opt/airflow/dags/dag2.py
[2025-09-29T17:58:21.223+0000] {processor.py:914} INFO - Processing file /opt/airflow/dags/dag2.py for tasks to queue
[2025-09-29T17:58:21.236+0000] {logging_mixin.py:190} INFO - [2025-09-29T17:58:21.232+0000] {dagbag.py:588} INFO - Filling up the DagBag from /opt/airflow/dags/dag2.py
[2025-09-29T17:58:21.317+0000] {processor.py:925} INFO - DAG(s) 'dag2.v2.0' retrieved from /opt/airflow/dags/dag2.py
[2025-09-29T17:58:21.399+0000] {logging_mixin.py:190} INFO - [2025-09-29T17:58:21.398+0000] {dag.py:3239} INFO - Sync 1 DAGs
[2025-09-29T17:58:21.529+0000] {logging_mixin.py:190} INFO - [2025-09-29T17:58:21.528+0000] {dag.py:4180} INFO - Setting next_dagrun for dag2.v2.0 to 2025-09-23 03:00:00+00:00, run_after=2025-09-30 03:00:00+00:00
[2025-09-29T17:58:21.651+0000] {processor.py:208} INFO - Processing /opt/airflow/dags/dag2.py took 0.497 seconds
[2025-09-29T19:10:45.863+0000] {processor.py:186} INFO - Started process (PID=213) to work on /opt/airflow/dags/dag2.py
[2025-09-29T19:10:45.866+0000] {processor.py:914} INFO - Processing file /opt/airflow/dags/dag2.py for tasks to queue
[2025-09-29T19:10:45.871+0000] {logging_mixin.py:190} INFO - [2025-09-29T19:10:45.870+0000] {dagbag.py:588} INFO - Filling up the DagBag from /opt/airflow/dags/dag2.py
[2025-09-29T19:10:45.913+0000] {processor.py:925} INFO - DAG(s) 'dag2.v2.0' retrieved from /opt/airflow/dags/dag2.py
[2025-09-29T19:10:45.966+0000] {logging_mixin.py:190} INFO - [2025-09-29T19:10:45.966+0000] {dag.py:3239} INFO - Sync 1 DAGs
[2025-09-29T19:10:46.052+0000] {logging_mixin.py:190} INFO - [2025-09-29T19:10:46.051+0000] {dag.py:4180} INFO - Setting next_dagrun for dag2.v2.0 to 2025-09-23 03:00:00+00:00, run_after=2025-09-30 03:00:00+00:00
[2025-09-29T19:10:46.396+0000] {processor.py:208} INFO - Processing /opt/airflow/dags/dag2.py took 0.559 seconds
[2025-09-29T19:11:16.535+0000] {processor.py:186} INFO - Started process (PID=245) to work on /opt/airflow/dags/dag2.py
[2025-09-29T19:11:16.537+0000] {processor.py:914} INFO - Processing file /opt/airflow/dags/dag2.py for tasks to queue
[2025-09-29T19:11:16.542+0000] {logging_mixin.py:190} INFO - [2025-09-29T19:11:16.541+0000] {dagbag.py:588} INFO - Filling up the DagBag from /opt/airflow/dags/dag2.py
[2025-09-29T19:11:16.580+0000] {processor.py:925} INFO - DAG(s) 'dag2.v2.0' retrieved from /opt/airflow/dags/dag2.py
[2025-09-29T19:11:16.619+0000] {logging_mixin.py:190} INFO - [2025-09-29T19:11:16.618+0000] {dag.py:3239} INFO - Sync 1 DAGs
[2025-09-29T19:11:17.045+0000] {logging_mixin.py:190} INFO - [2025-09-29T19:11:17.045+0000] {dag.py:4180} INFO - Setting next_dagrun for dag2.v2.0 to 2025-09-23 03:00:00+00:00, run_after=2025-09-30 03:00:00+00:00
[2025-09-29T19:11:17.078+0000] {processor.py:208} INFO - Processing /opt/airflow/dags/dag2.py took 0.555 seconds
[2025-09-29T19:11:47.595+0000] {processor.py:186} INFO - Started process (PID=271) to work on /opt/airflow/dags/dag2.py
[2025-09-29T19:11:47.596+0000] {processor.py:914} INFO - Processing file /opt/airflow/dags/dag2.py for tasks to queue
[2025-09-29T19:11:47.601+0000] {logging_mixin.py:190} INFO - [2025-09-29T19:11:47.600+0000] {dagbag.py:588} INFO - Filling up the DagBag from /opt/airflow/dags/dag2.py
[2025-09-29T19:11:47.641+0000] {processor.py:925} INFO - DAG(s) 'dag2.v2.0' retrieved from /opt/airflow/dags/dag2.py
[2025-09-29T19:11:47.924+0000] {logging_mixin.py:190} INFO - [2025-09-29T19:11:47.924+0000] {dag.py:3239} INFO - Sync 1 DAGs
[2025-09-29T19:11:47.982+0000] {logging_mixin.py:190} INFO - [2025-09-29T19:11:47.982+0000] {dag.py:4180} INFO - Setting next_dagrun for dag2.v2.0 to 2025-09-23 03:00:00+00:00, run_after=2025-09-30 03:00:00+00:00
[2025-09-29T19:11:48.020+0000] {processor.py:208} INFO - Processing /opt/airflow/dags/dag2.py took 0.434 seconds
[2025-09-29T19:12:18.252+0000] {processor.py:186} INFO - Started process (PID=297) to work on /opt/airflow/dags/dag2.py
[2025-09-29T19:12:18.258+0000] {processor.py:914} INFO - Processing file /opt/airflow/dags/dag2.py for tasks to queue
[2025-09-29T19:12:18.277+0000] {logging_mixin.py:190} INFO - [2025-09-29T19:12:18.276+0000] {dagbag.py:588} INFO - Filling up the DagBag from /opt/airflow/dags/dag2.py
[2025-09-29T19:12:18.364+0000] {processor.py:925} INFO - DAG(s) 'dag2.v2.0' retrieved from /opt/airflow/dags/dag2.py
[2025-09-29T19:12:18.438+0000] {logging_mixin.py:190} INFO - [2025-09-29T19:12:18.437+0000] {dag.py:3239} INFO - Sync 1 DAGs
[2025-09-29T19:12:18.521+0000] {logging_mixin.py:190} INFO - [2025-09-29T19:12:18.521+0000] {dag.py:4180} INFO - Setting next_dagrun for dag2.v2.0 to 2025-09-23 03:00:00+00:00, run_after=2025-09-30 03:00:00+00:00
[2025-09-29T19:12:18.582+0000] {processor.py:208} INFO - Processing /opt/airflow/dags/dag2.py took 0.359 seconds
[2025-09-29T19:12:48.865+0000] {processor.py:186} INFO - Started process (PID=323) to work on /opt/airflow/dags/dag2.py
[2025-09-29T19:12:48.868+0000] {processor.py:914} INFO - Processing file /opt/airflow/dags/dag2.py for tasks to queue
[2025-09-29T19:12:48.873+0000] {logging_mixin.py:190} INFO - [2025-09-29T19:12:48.872+0000] {dagbag.py:588} INFO - Filling up the DagBag from /opt/airflow/dags/dag2.py
[2025-09-29T19:12:48.918+0000] {processor.py:925} INFO - DAG(s) 'dag2.v2.0' retrieved from /opt/airflow/dags/dag2.py
[2025-09-29T19:12:48.959+0000] {logging_mixin.py:190} INFO - [2025-09-29T19:12:48.958+0000] {dag.py:3239} INFO - Sync 1 DAGs
[2025-09-29T19:12:49.011+0000] {logging_mixin.py:190} INFO - [2025-09-29T19:12:49.010+0000] {dag.py:4180} INFO - Setting next_dagrun for dag2.v2.0 to 2025-09-23 03:00:00+00:00, run_after=2025-09-30 03:00:00+00:00
[2025-09-29T19:12:49.085+0000] {processor.py:208} INFO - Processing /opt/airflow/dags/dag2.py took 0.234 seconds
[2025-09-29T19:13:19.359+0000] {processor.py:186} INFO - Started process (PID=349) to work on /opt/airflow/dags/dag2.py
[2025-09-29T19:13:19.363+0000] {processor.py:914} INFO - Processing file /opt/airflow/dags/dag2.py for tasks to queue
[2025-09-29T19:13:19.369+0000] {logging_mixin.py:190} INFO - [2025-09-29T19:13:19.367+0000] {dagbag.py:588} INFO - Filling up the DagBag from /opt/airflow/dags/dag2.py
[2025-09-29T19:13:19.427+0000] {processor.py:925} INFO - DAG(s) 'dag2.v2.0' retrieved from /opt/airflow/dags/dag2.py
[2025-09-29T19:13:19.486+0000] {logging_mixin.py:190} INFO - [2025-09-29T19:13:19.485+0000] {dag.py:3239} INFO - Sync 1 DAGs
[2025-09-29T19:13:19.562+0000] {logging_mixin.py:190} INFO - [2025-09-29T19:13:19.561+0000] {dag.py:4180} INFO - Setting next_dagrun for dag2.v2.0 to 2025-09-23 03:00:00+00:00, run_after=2025-09-30 03:00:00+00:00
[2025-09-29T19:13:19.615+0000] {processor.py:208} INFO - Processing /opt/airflow/dags/dag2.py took 0.270 seconds
[2025-09-29T19:13:50.021+0000] {processor.py:186} INFO - Started process (PID=377) to work on /opt/airflow/dags/dag2.py
[2025-09-29T19:13:50.023+0000] {processor.py:914} INFO - Processing file /opt/airflow/dags/dag2.py for tasks to queue
[2025-09-29T19:13:50.027+0000] {logging_mixin.py:190} INFO - [2025-09-29T19:13:50.026+0000] {dagbag.py:588} INFO - Filling up the DagBag from /opt/airflow/dags/dag2.py
[2025-09-29T19:13:50.060+0000] {processor.py:925} INFO - DAG(s) 'dag2.v2.0' retrieved from /opt/airflow/dags/dag2.py
[2025-09-29T19:13:50.100+0000] {logging_mixin.py:190} INFO - [2025-09-29T19:13:50.099+0000] {dag.py:3239} INFO - Sync 1 DAGs
[2025-09-29T19:13:50.145+0000] {logging_mixin.py:190} INFO - [2025-09-29T19:13:50.145+0000] {dag.py:4180} INFO - Setting next_dagrun for dag2.v2.0 to 2025-09-23 03:00:00+00:00, run_after=2025-09-30 03:00:00+00:00
[2025-09-29T19:13:50.212+0000] {processor.py:208} INFO - Processing /opt/airflow/dags/dag2.py took 0.199 seconds
[2025-09-29T19:14:20.422+0000] {processor.py:186} INFO - Started process (PID=403) to work on /opt/airflow/dags/dag2.py
[2025-09-29T19:14:20.424+0000] {processor.py:914} INFO - Processing file /opt/airflow/dags/dag2.py for tasks to queue
[2025-09-29T19:14:20.429+0000] {logging_mixin.py:190} INFO - [2025-09-29T19:14:20.428+0000] {dagbag.py:588} INFO - Filling up the DagBag from /opt/airflow/dags/dag2.py
[2025-09-29T19:14:20.465+0000] {processor.py:925} INFO - DAG(s) 'dag2.v2.0' retrieved from /opt/airflow/dags/dag2.py
[2025-09-29T19:14:20.523+0000] {logging_mixin.py:190} INFO - [2025-09-29T19:14:20.522+0000] {dag.py:3239} INFO - Sync 1 DAGs
[2025-09-29T19:14:20.576+0000] {logging_mixin.py:190} INFO - [2025-09-29T19:14:20.575+0000] {dag.py:4180} INFO - Setting next_dagrun for dag2.v2.0 to 2025-09-23 03:00:00+00:00, run_after=2025-09-30 03:00:00+00:00
[2025-09-29T19:14:20.614+0000] {processor.py:208} INFO - Processing /opt/airflow/dags/dag2.py took 0.201 seconds
