[2025-09-29T17:47:35.313+0000] {processor.py:186} INFO - Started process (PID=249) to work on /opt/airflow/dags/dag_verify.py
[2025-09-29T17:47:35.317+0000] {processor.py:914} INFO - Processing file /opt/airflow/dags/dag_verify.py for tasks to queue
[2025-09-29T17:47:35.339+0000] {logging_mixin.py:190} INFO - [2025-09-29T17:47:35.338+0000] {dagbag.py:588} INFO - Filling up the DagBag from /opt/airflow/dags/dag_verify.py
[2025-09-29T17:47:35.502+0000] {processor.py:925} INFO - DAG(s) 'dag_verify' retrieved from /opt/airflow/dags/dag_verify.py
[2025-09-29T17:47:35.628+0000] {logging_mixin.py:190} INFO - [2025-09-29T17:47:35.627+0000] {dag.py:3239} INFO - Sync 1 DAGs
[2025-09-29T17:47:36.017+0000] {logging_mixin.py:190} INFO - [2025-09-29T17:47:36.016+0000] {dag.py:4180} INFO - Setting next_dagrun for dag_verify to 2025-09-29 00:00:00+00:00, run_after=2025-09-30 00:00:00+00:00
[2025-09-29T17:47:36.066+0000] {processor.py:208} INFO - Processing /opt/airflow/dags/dag_verify.py took 0.779 seconds
[2025-09-29T17:48:06.298+0000] {processor.py:186} INFO - Started process (PID=287) to work on /opt/airflow/dags/dag_verify.py
[2025-09-29T17:48:06.300+0000] {processor.py:914} INFO - Processing file /opt/airflow/dags/dag_verify.py for tasks to queue
[2025-09-29T17:48:06.306+0000] {logging_mixin.py:190} INFO - [2025-09-29T17:48:06.305+0000] {dagbag.py:588} INFO - Filling up the DagBag from /opt/airflow/dags/dag_verify.py
[2025-09-29T17:48:06.353+0000] {processor.py:925} INFO - DAG(s) 'dag_verify' retrieved from /opt/airflow/dags/dag_verify.py
[2025-09-29T17:48:06.408+0000] {logging_mixin.py:190} INFO - [2025-09-29T17:48:06.408+0000] {dag.py:3239} INFO - Sync 1 DAGs
[2025-09-29T17:48:06.733+0000] {logging_mixin.py:190} INFO - [2025-09-29T17:48:06.733+0000] {dag.py:4180} INFO - Setting next_dagrun for dag_verify to 2025-09-29 00:00:00+00:00, run_after=2025-09-30 00:00:00+00:00
[2025-09-29T17:48:06.781+0000] {processor.py:208} INFO - Processing /opt/airflow/dags/dag_verify.py took 0.496 seconds
[2025-09-29T17:48:37.851+0000] {processor.py:186} INFO - Started process (PID=316) to work on /opt/airflow/dags/dag_verify.py
[2025-09-29T17:48:37.855+0000] {processor.py:914} INFO - Processing file /opt/airflow/dags/dag_verify.py for tasks to queue
[2025-09-29T17:48:37.861+0000] {logging_mixin.py:190} INFO - [2025-09-29T17:48:37.861+0000] {dagbag.py:588} INFO - Filling up the DagBag from /opt/airflow/dags/dag_verify.py
[2025-09-29T17:48:37.914+0000] {processor.py:925} INFO - DAG(s) 'dag_verify' retrieved from /opt/airflow/dags/dag_verify.py
[2025-09-29T17:48:38.293+0000] {logging_mixin.py:190} INFO - [2025-09-29T17:48:38.293+0000] {dag.py:3239} INFO - Sync 1 DAGs
[2025-09-29T17:48:38.369+0000] {logging_mixin.py:190} INFO - [2025-09-29T17:48:38.368+0000] {dag.py:4180} INFO - Setting next_dagrun for dag_verify to 2025-09-29 00:00:00+00:00, run_after=2025-09-30 00:00:00+00:00
[2025-09-29T17:48:38.430+0000] {processor.py:208} INFO - Processing /opt/airflow/dags/dag_verify.py took 0.593 seconds
[2025-09-29T17:49:08.610+0000] {processor.py:186} INFO - Started process (PID=343) to work on /opt/airflow/dags/dag_verify.py
[2025-09-29T17:49:08.612+0000] {processor.py:914} INFO - Processing file /opt/airflow/dags/dag_verify.py for tasks to queue
[2025-09-29T17:49:08.618+0000] {logging_mixin.py:190} INFO - [2025-09-29T17:49:08.617+0000] {dagbag.py:588} INFO - Filling up the DagBag from /opt/airflow/dags/dag_verify.py
[2025-09-29T17:49:08.681+0000] {processor.py:925} INFO - DAG(s) 'dag_verify' retrieved from /opt/airflow/dags/dag_verify.py
[2025-09-29T17:49:08.735+0000] {logging_mixin.py:190} INFO - [2025-09-29T17:49:08.735+0000] {dag.py:3239} INFO - Sync 1 DAGs
[2025-09-29T17:49:08.828+0000] {logging_mixin.py:190} INFO - [2025-09-29T17:49:08.828+0000] {dag.py:4180} INFO - Setting next_dagrun for dag_verify to 2025-09-29 00:00:00+00:00, run_after=2025-09-30 00:00:00+00:00
[2025-09-29T17:49:08.870+0000] {processor.py:208} INFO - Processing /opt/airflow/dags/dag_verify.py took 0.278 seconds
[2025-09-29T17:49:39.131+0000] {processor.py:186} INFO - Started process (PID=369) to work on /opt/airflow/dags/dag_verify.py
[2025-09-29T17:49:39.133+0000] {processor.py:914} INFO - Processing file /opt/airflow/dags/dag_verify.py for tasks to queue
[2025-09-29T17:49:39.138+0000] {logging_mixin.py:190} INFO - [2025-09-29T17:49:39.137+0000] {dagbag.py:588} INFO - Filling up the DagBag from /opt/airflow/dags/dag_verify.py
[2025-09-29T17:49:39.198+0000] {processor.py:925} INFO - DAG(s) 'dag_verify' retrieved from /opt/airflow/dags/dag_verify.py
[2025-09-29T17:49:39.264+0000] {logging_mixin.py:190} INFO - [2025-09-29T17:49:39.264+0000] {dag.py:3239} INFO - Sync 1 DAGs
[2025-09-29T17:49:39.339+0000] {logging_mixin.py:190} INFO - [2025-09-29T17:49:39.338+0000] {dag.py:4180} INFO - Setting next_dagrun for dag_verify to 2025-09-29 00:00:00+00:00, run_after=2025-09-30 00:00:00+00:00
[2025-09-29T17:49:39.398+0000] {processor.py:208} INFO - Processing /opt/airflow/dags/dag_verify.py took 0.286 seconds
[2025-09-29T17:50:10.441+0000] {processor.py:186} INFO - Started process (PID=400) to work on /opt/airflow/dags/dag_verify.py
[2025-09-29T17:50:10.443+0000] {processor.py:914} INFO - Processing file /opt/airflow/dags/dag_verify.py for tasks to queue
[2025-09-29T17:50:10.449+0000] {logging_mixin.py:190} INFO - [2025-09-29T17:50:10.448+0000] {dagbag.py:588} INFO - Filling up the DagBag from /opt/airflow/dags/dag_verify.py
[2025-09-29T17:50:10.496+0000] {processor.py:925} INFO - DAG(s) 'dag_verify' retrieved from /opt/airflow/dags/dag_verify.py
[2025-09-29T17:50:10.550+0000] {logging_mixin.py:190} INFO - [2025-09-29T17:50:10.549+0000] {dag.py:3239} INFO - Sync 1 DAGs
[2025-09-29T17:50:10.636+0000] {logging_mixin.py:190} INFO - [2025-09-29T17:50:10.635+0000] {dag.py:4180} INFO - Setting next_dagrun for dag_verify to 2025-09-29 00:00:00+00:00, run_after=2025-09-30 00:00:00+00:00
[2025-09-29T17:50:10.701+0000] {processor.py:208} INFO - Processing /opt/airflow/dags/dag_verify.py took 0.272 seconds
[2025-09-29T17:50:41.441+0000] {processor.py:186} INFO - Started process (PID=426) to work on /opt/airflow/dags/dag_verify.py
[2025-09-29T17:50:41.443+0000] {processor.py:914} INFO - Processing file /opt/airflow/dags/dag_verify.py for tasks to queue
[2025-09-29T17:50:41.447+0000] {logging_mixin.py:190} INFO - [2025-09-29T17:50:41.446+0000] {dagbag.py:588} INFO - Filling up the DagBag from /opt/airflow/dags/dag_verify.py
[2025-09-29T17:50:41.496+0000] {processor.py:925} INFO - DAG(s) 'dag_verify' retrieved from /opt/airflow/dags/dag_verify.py
[2025-09-29T17:50:41.549+0000] {logging_mixin.py:190} INFO - [2025-09-29T17:50:41.548+0000] {dag.py:3239} INFO - Sync 1 DAGs
[2025-09-29T17:50:41.613+0000] {logging_mixin.py:190} INFO - [2025-09-29T17:50:41.613+0000] {dag.py:4180} INFO - Setting next_dagrun for dag_verify to 2025-09-29 00:00:00+00:00, run_after=2025-09-30 00:00:00+00:00
[2025-09-29T17:50:41.658+0000] {processor.py:208} INFO - Processing /opt/airflow/dags/dag_verify.py took 0.227 seconds
[2025-09-29T17:51:11.776+0000] {processor.py:186} INFO - Started process (PID=452) to work on /opt/airflow/dags/dag_verify.py
[2025-09-29T17:51:11.778+0000] {processor.py:914} INFO - Processing file /opt/airflow/dags/dag_verify.py for tasks to queue
[2025-09-29T17:51:11.784+0000] {logging_mixin.py:190} INFO - [2025-09-29T17:51:11.783+0000] {dagbag.py:588} INFO - Filling up the DagBag from /opt/airflow/dags/dag_verify.py
[2025-09-29T17:51:11.844+0000] {processor.py:925} INFO - DAG(s) 'dag_verify' retrieved from /opt/airflow/dags/dag_verify.py
[2025-09-29T17:51:11.905+0000] {logging_mixin.py:190} INFO - [2025-09-29T17:51:11.904+0000] {dag.py:3239} INFO - Sync 1 DAGs
[2025-09-29T17:51:11.975+0000] {logging_mixin.py:190} INFO - [2025-09-29T17:51:11.974+0000] {dag.py:4180} INFO - Setting next_dagrun for dag_verify to 2025-09-29 00:00:00+00:00, run_after=2025-09-30 00:00:00+00:00
[2025-09-29T17:51:12.019+0000] {processor.py:208} INFO - Processing /opt/airflow/dags/dag_verify.py took 0.258 seconds
[2025-09-29T17:51:43.088+0000] {processor.py:186} INFO - Started process (PID=484) to work on /opt/airflow/dags/dag_verify.py
[2025-09-29T17:51:43.089+0000] {processor.py:914} INFO - Processing file /opt/airflow/dags/dag_verify.py for tasks to queue
[2025-09-29T17:51:43.094+0000] {logging_mixin.py:190} INFO - [2025-09-29T17:51:43.093+0000] {dagbag.py:588} INFO - Filling up the DagBag from /opt/airflow/dags/dag_verify.py
[2025-09-29T17:51:43.125+0000] {processor.py:925} INFO - DAG(s) 'dag_verify' retrieved from /opt/airflow/dags/dag_verify.py
[2025-09-29T17:51:43.159+0000] {logging_mixin.py:190} INFO - [2025-09-29T17:51:43.159+0000] {dag.py:3239} INFO - Sync 1 DAGs
[2025-09-29T17:51:43.220+0000] {logging_mixin.py:190} INFO - [2025-09-29T17:51:43.219+0000] {dag.py:4180} INFO - Setting next_dagrun for dag_verify to 2025-09-29 00:00:00+00:00, run_after=2025-09-30 00:00:00+00:00
[2025-09-29T17:51:43.268+0000] {processor.py:208} INFO - Processing /opt/airflow/dags/dag_verify.py took 0.189 seconds
[2025-09-29T17:52:13.507+0000] {processor.py:186} INFO - Started process (PID=511) to work on /opt/airflow/dags/dag_verify.py
[2025-09-29T17:52:13.510+0000] {processor.py:914} INFO - Processing file /opt/airflow/dags/dag_verify.py for tasks to queue
[2025-09-29T17:52:13.516+0000] {logging_mixin.py:190} INFO - [2025-09-29T17:52:13.515+0000] {dagbag.py:588} INFO - Filling up the DagBag from /opt/airflow/dags/dag_verify.py
[2025-09-29T17:52:13.585+0000] {processor.py:925} INFO - DAG(s) 'dag_verify' retrieved from /opt/airflow/dags/dag_verify.py
[2025-09-29T17:52:13.672+0000] {logging_mixin.py:190} INFO - [2025-09-29T17:52:13.672+0000] {dag.py:3239} INFO - Sync 1 DAGs
[2025-09-29T17:52:13.751+0000] {logging_mixin.py:190} INFO - [2025-09-29T17:52:13.751+0000] {dag.py:4180} INFO - Setting next_dagrun for dag_verify to 2025-09-29 00:00:00+00:00, run_after=2025-09-30 00:00:00+00:00
[2025-09-29T17:52:13.803+0000] {processor.py:208} INFO - Processing /opt/airflow/dags/dag_verify.py took 0.318 seconds
[2025-09-29T17:52:44.012+0000] {processor.py:186} INFO - Started process (PID=537) to work on /opt/airflow/dags/dag_verify.py
[2025-09-29T17:52:44.015+0000] {processor.py:914} INFO - Processing file /opt/airflow/dags/dag_verify.py for tasks to queue
[2025-09-29T17:52:44.029+0000] {logging_mixin.py:190} INFO - [2025-09-29T17:52:44.026+0000] {dagbag.py:588} INFO - Filling up the DagBag from /opt/airflow/dags/dag_verify.py
[2025-09-29T17:52:44.084+0000] {processor.py:925} INFO - DAG(s) 'dag_verify' retrieved from /opt/airflow/dags/dag_verify.py
[2025-09-29T17:52:44.136+0000] {logging_mixin.py:190} INFO - [2025-09-29T17:52:44.136+0000] {dag.py:3239} INFO - Sync 1 DAGs
[2025-09-29T17:52:44.197+0000] {logging_mixin.py:190} INFO - [2025-09-29T17:52:44.196+0000] {dag.py:4180} INFO - Setting next_dagrun for dag_verify to 2025-09-29 00:00:00+00:00, run_after=2025-09-30 00:00:00+00:00
[2025-09-29T17:52:44.235+0000] {processor.py:208} INFO - Processing /opt/airflow/dags/dag_verify.py took 0.244 seconds
[2025-09-29T17:53:14.364+0000] {processor.py:186} INFO - Started process (PID=563) to work on /opt/airflow/dags/dag_verify.py
[2025-09-29T17:53:14.367+0000] {processor.py:914} INFO - Processing file /opt/airflow/dags/dag_verify.py for tasks to queue
[2025-09-29T17:53:14.371+0000] {logging_mixin.py:190} INFO - [2025-09-29T17:53:14.370+0000] {dagbag.py:588} INFO - Filling up the DagBag from /opt/airflow/dags/dag_verify.py
[2025-09-29T17:53:14.418+0000] {processor.py:925} INFO - DAG(s) 'dag_verify' retrieved from /opt/airflow/dags/dag_verify.py
[2025-09-29T17:53:14.483+0000] {logging_mixin.py:190} INFO - [2025-09-29T17:53:14.482+0000] {dag.py:3239} INFO - Sync 1 DAGs
[2025-09-29T17:53:14.551+0000] {logging_mixin.py:190} INFO - [2025-09-29T17:53:14.550+0000] {dag.py:4180} INFO - Setting next_dagrun for dag_verify to 2025-09-29 00:00:00+00:00, run_after=2025-09-30 00:00:00+00:00
[2025-09-29T17:53:14.597+0000] {processor.py:208} INFO - Processing /opt/airflow/dags/dag_verify.py took 0.245 seconds
[2025-09-29T17:53:45.154+0000] {processor.py:186} INFO - Started process (PID=589) to work on /opt/airflow/dags/dag_verify.py
[2025-09-29T17:53:45.157+0000] {processor.py:914} INFO - Processing file /opt/airflow/dags/dag_verify.py for tasks to queue
[2025-09-29T17:53:45.166+0000] {logging_mixin.py:190} INFO - [2025-09-29T17:53:45.164+0000] {dagbag.py:588} INFO - Filling up the DagBag from /opt/airflow/dags/dag_verify.py
[2025-09-29T17:53:45.234+0000] {processor.py:925} INFO - DAG(s) 'dag_verify' retrieved from /opt/airflow/dags/dag_verify.py
[2025-09-29T17:53:45.305+0000] {logging_mixin.py:190} INFO - [2025-09-29T17:53:45.305+0000] {dag.py:3239} INFO - Sync 1 DAGs
[2025-09-29T17:53:45.385+0000] {logging_mixin.py:190} INFO - [2025-09-29T17:53:45.384+0000] {dag.py:4180} INFO - Setting next_dagrun for dag_verify to 2025-09-29 00:00:00+00:00, run_after=2025-09-30 00:00:00+00:00
[2025-09-29T17:53:45.435+0000] {processor.py:208} INFO - Processing /opt/airflow/dags/dag_verify.py took 0.311 seconds
[2025-09-29T17:54:15.721+0000] {processor.py:186} INFO - Started process (PID=614) to work on /opt/airflow/dags/dag_verify.py
[2025-09-29T17:54:15.723+0000] {processor.py:914} INFO - Processing file /opt/airflow/dags/dag_verify.py for tasks to queue
[2025-09-29T17:54:15.728+0000] {logging_mixin.py:190} INFO - [2025-09-29T17:54:15.727+0000] {dagbag.py:588} INFO - Filling up the DagBag from /opt/airflow/dags/dag_verify.py
[2025-09-29T17:54:15.776+0000] {processor.py:925} INFO - DAG(s) 'dag_verify' retrieved from /opt/airflow/dags/dag_verify.py
[2025-09-29T17:54:15.839+0000] {logging_mixin.py:190} INFO - [2025-09-29T17:54:15.838+0000] {dag.py:3239} INFO - Sync 1 DAGs
[2025-09-29T17:54:15.910+0000] {logging_mixin.py:190} INFO - [2025-09-29T17:54:15.909+0000] {dag.py:4180} INFO - Setting next_dagrun for dag_verify to 2025-09-29 00:00:00+00:00, run_after=2025-09-30 00:00:00+00:00
[2025-09-29T17:54:15.957+0000] {processor.py:208} INFO - Processing /opt/airflow/dags/dag_verify.py took 0.250 seconds
[2025-09-29T17:54:46.166+0000] {processor.py:186} INFO - Started process (PID=640) to work on /opt/airflow/dags/dag_verify.py
[2025-09-29T17:54:46.168+0000] {processor.py:914} INFO - Processing file /opt/airflow/dags/dag_verify.py for tasks to queue
[2025-09-29T17:54:46.174+0000] {logging_mixin.py:190} INFO - [2025-09-29T17:54:46.173+0000] {dagbag.py:588} INFO - Filling up the DagBag from /opt/airflow/dags/dag_verify.py
[2025-09-29T17:54:46.232+0000] {processor.py:925} INFO - DAG(s) 'dag_verify' retrieved from /opt/airflow/dags/dag_verify.py
[2025-09-29T17:54:46.310+0000] {logging_mixin.py:190} INFO - [2025-09-29T17:54:46.309+0000] {dag.py:3239} INFO - Sync 1 DAGs
[2025-09-29T17:54:46.409+0000] {logging_mixin.py:190} INFO - [2025-09-29T17:54:46.409+0000] {dag.py:4180} INFO - Setting next_dagrun for dag_verify to 2025-09-29 00:00:00+00:00, run_after=2025-09-30 00:00:00+00:00
[2025-09-29T17:54:46.470+0000] {processor.py:208} INFO - Processing /opt/airflow/dags/dag_verify.py took 0.316 seconds
[2025-09-29T17:55:17.238+0000] {processor.py:186} INFO - Started process (PID=666) to work on /opt/airflow/dags/dag_verify.py
[2025-09-29T17:55:17.240+0000] {processor.py:914} INFO - Processing file /opt/airflow/dags/dag_verify.py for tasks to queue
[2025-09-29T17:55:17.244+0000] {logging_mixin.py:190} INFO - [2025-09-29T17:55:17.243+0000] {dagbag.py:588} INFO - Filling up the DagBag from /opt/airflow/dags/dag_verify.py
[2025-09-29T17:55:17.287+0000] {processor.py:925} INFO - DAG(s) 'dag_verify' retrieved from /opt/airflow/dags/dag_verify.py
[2025-09-29T17:55:17.363+0000] {logging_mixin.py:190} INFO - [2025-09-29T17:55:17.362+0000] {dag.py:3239} INFO - Sync 1 DAGs
[2025-09-29T17:55:17.456+0000] {logging_mixin.py:190} INFO - [2025-09-29T17:55:17.455+0000] {dag.py:4180} INFO - Setting next_dagrun for dag_verify to 2025-09-29 00:00:00+00:00, run_after=2025-09-30 00:00:00+00:00
[2025-09-29T17:55:17.522+0000] {processor.py:208} INFO - Processing /opt/airflow/dags/dag_verify.py took 0.300 seconds
[2025-09-29T17:55:47.837+0000] {processor.py:186} INFO - Started process (PID=692) to work on /opt/airflow/dags/dag_verify.py
[2025-09-29T17:55:47.840+0000] {processor.py:914} INFO - Processing file /opt/airflow/dags/dag_verify.py for tasks to queue
[2025-09-29T17:55:47.845+0000] {logging_mixin.py:190} INFO - [2025-09-29T17:55:47.844+0000] {dagbag.py:588} INFO - Filling up the DagBag from /opt/airflow/dags/dag_verify.py
[2025-09-29T17:55:47.893+0000] {processor.py:925} INFO - DAG(s) 'dag_verify' retrieved from /opt/airflow/dags/dag_verify.py
[2025-09-29T17:55:47.950+0000] {logging_mixin.py:190} INFO - [2025-09-29T17:55:47.949+0000] {dag.py:3239} INFO - Sync 1 DAGs
[2025-09-29T17:55:48.028+0000] {logging_mixin.py:190} INFO - [2025-09-29T17:55:48.027+0000] {dag.py:4180} INFO - Setting next_dagrun for dag_verify to 2025-09-29 00:00:00+00:00, run_after=2025-09-30 00:00:00+00:00
[2025-09-29T17:55:48.082+0000] {processor.py:208} INFO - Processing /opt/airflow/dags/dag_verify.py took 0.263 seconds
[2025-09-29T17:56:18.415+0000] {processor.py:186} INFO - Started process (PID=718) to work on /opt/airflow/dags/dag_verify.py
[2025-09-29T17:56:18.417+0000] {processor.py:914} INFO - Processing file /opt/airflow/dags/dag_verify.py for tasks to queue
[2025-09-29T17:56:18.422+0000] {logging_mixin.py:190} INFO - [2025-09-29T17:56:18.422+0000] {dagbag.py:588} INFO - Filling up the DagBag from /opt/airflow/dags/dag_verify.py
[2025-09-29T17:56:18.463+0000] {processor.py:925} INFO - DAG(s) 'dag_verify' retrieved from /opt/airflow/dags/dag_verify.py
[2025-09-29T17:56:18.514+0000] {logging_mixin.py:190} INFO - [2025-09-29T17:56:18.513+0000] {dag.py:3239} INFO - Sync 1 DAGs
[2025-09-29T17:56:18.573+0000] {logging_mixin.py:190} INFO - [2025-09-29T17:56:18.573+0000] {dag.py:4180} INFO - Setting next_dagrun for dag_verify to 2025-09-29 00:00:00+00:00, run_after=2025-09-30 00:00:00+00:00
[2025-09-29T17:56:18.614+0000] {processor.py:208} INFO - Processing /opt/airflow/dags/dag_verify.py took 0.212 seconds
[2025-09-29T17:56:49.087+0000] {processor.py:186} INFO - Started process (PID=750) to work on /opt/airflow/dags/dag_verify.py
[2025-09-29T17:56:49.090+0000] {processor.py:914} INFO - Processing file /opt/airflow/dags/dag_verify.py for tasks to queue
[2025-09-29T17:56:49.096+0000] {logging_mixin.py:190} INFO - [2025-09-29T17:56:49.095+0000] {dagbag.py:588} INFO - Filling up the DagBag from /opt/airflow/dags/dag_verify.py
[2025-09-29T17:56:49.142+0000] {processor.py:925} INFO - DAG(s) 'dag_verify' retrieved from /opt/airflow/dags/dag_verify.py
[2025-09-29T17:56:49.205+0000] {logging_mixin.py:190} INFO - [2025-09-29T17:56:49.204+0000] {dag.py:3239} INFO - Sync 1 DAGs
[2025-09-29T17:56:49.276+0000] {logging_mixin.py:190} INFO - [2025-09-29T17:56:49.275+0000] {dag.py:4180} INFO - Setting next_dagrun for dag_verify to 2025-09-29 00:00:00+00:00, run_after=2025-09-30 00:00:00+00:00
[2025-09-29T17:56:49.341+0000] {processor.py:208} INFO - Processing /opt/airflow/dags/dag_verify.py took 0.269 seconds
[2025-09-29T17:57:19.657+0000] {processor.py:186} INFO - Started process (PID=776) to work on /opt/airflow/dags/dag_verify.py
[2025-09-29T17:57:19.659+0000] {processor.py:914} INFO - Processing file /opt/airflow/dags/dag_verify.py for tasks to queue
[2025-09-29T17:57:19.664+0000] {logging_mixin.py:190} INFO - [2025-09-29T17:57:19.663+0000] {dagbag.py:588} INFO - Filling up the DagBag from /opt/airflow/dags/dag_verify.py
[2025-09-29T17:57:19.714+0000] {processor.py:925} INFO - DAG(s) 'dag_verify' retrieved from /opt/airflow/dags/dag_verify.py
[2025-09-29T17:57:19.759+0000] {logging_mixin.py:190} INFO - [2025-09-29T17:57:19.759+0000] {dag.py:3239} INFO - Sync 1 DAGs
[2025-09-29T17:57:19.809+0000] {logging_mixin.py:190} INFO - [2025-09-29T17:57:19.808+0000] {dag.py:4180} INFO - Setting next_dagrun for dag_verify to 2025-09-29 00:00:00+00:00, run_after=2025-09-30 00:00:00+00:00
[2025-09-29T17:57:19.850+0000] {processor.py:208} INFO - Processing /opt/airflow/dags/dag_verify.py took 0.209 seconds
[2025-09-29T17:57:50.730+0000] {processor.py:186} INFO - Started process (PID=802) to work on /opt/airflow/dags/dag_verify.py
[2025-09-29T17:57:50.732+0000] {processor.py:914} INFO - Processing file /opt/airflow/dags/dag_verify.py for tasks to queue
[2025-09-29T17:57:50.737+0000] {logging_mixin.py:190} INFO - [2025-09-29T17:57:50.736+0000] {dagbag.py:588} INFO - Filling up the DagBag from /opt/airflow/dags/dag_verify.py
[2025-09-29T17:57:50.774+0000] {processor.py:925} INFO - DAG(s) 'dag_verify' retrieved from /opt/airflow/dags/dag_verify.py
[2025-09-29T17:57:50.815+0000] {logging_mixin.py:190} INFO - [2025-09-29T17:57:50.814+0000] {dag.py:3239} INFO - Sync 1 DAGs
[2025-09-29T17:57:50.863+0000] {logging_mixin.py:190} INFO - [2025-09-29T17:57:50.863+0000] {dag.py:4180} INFO - Setting next_dagrun for dag_verify to 2025-09-29 00:00:00+00:00, run_after=2025-09-30 00:00:00+00:00
[2025-09-29T17:57:50.902+0000] {processor.py:208} INFO - Processing /opt/airflow/dags/dag_verify.py took 0.183 seconds
[2025-09-29T17:58:22.382+0000] {processor.py:186} INFO - Started process (PID=828) to work on /opt/airflow/dags/dag_verify.py
[2025-09-29T17:58:22.387+0000] {processor.py:914} INFO - Processing file /opt/airflow/dags/dag_verify.py for tasks to queue
[2025-09-29T17:58:22.395+0000] {logging_mixin.py:190} INFO - [2025-09-29T17:58:22.393+0000] {dagbag.py:588} INFO - Filling up the DagBag from /opt/airflow/dags/dag_verify.py
[2025-09-29T17:58:22.507+0000] {processor.py:925} INFO - DAG(s) 'dag_verify' retrieved from /opt/airflow/dags/dag_verify.py
[2025-09-29T17:58:22.635+0000] {logging_mixin.py:190} INFO - [2025-09-29T17:58:22.634+0000] {dag.py:3239} INFO - Sync 1 DAGs
[2025-09-29T17:58:22.746+0000] {logging_mixin.py:190} INFO - [2025-09-29T17:58:22.746+0000] {dag.py:4180} INFO - Setting next_dagrun for dag_verify to 2025-09-29 00:00:00+00:00, run_after=2025-09-30 00:00:00+00:00
[2025-09-29T17:58:22.829+0000] {processor.py:208} INFO - Processing /opt/airflow/dags/dag_verify.py took 0.472 seconds
[2025-09-29T19:10:46.480+0000] {processor.py:186} INFO - Started process (PID=223) to work on /opt/airflow/dags/dag_verify.py
[2025-09-29T19:10:46.482+0000] {processor.py:914} INFO - Processing file /opt/airflow/dags/dag_verify.py for tasks to queue
[2025-09-29T19:10:46.490+0000] {logging_mixin.py:190} INFO - [2025-09-29T19:10:46.489+0000] {dagbag.py:588} INFO - Filling up the DagBag from /opt/airflow/dags/dag_verify.py
[2025-09-29T19:10:46.531+0000] {processor.py:925} INFO - DAG(s) 'dag_verify' retrieved from /opt/airflow/dags/dag_verify.py
[2025-09-29T19:10:46.576+0000] {logging_mixin.py:190} INFO - [2025-09-29T19:10:46.575+0000] {dag.py:3239} INFO - Sync 1 DAGs
[2025-09-29T19:10:46.939+0000] {logging_mixin.py:190} INFO - [2025-09-29T19:10:46.939+0000] {dag.py:4180} INFO - Setting next_dagrun for dag_verify to 2025-09-29 00:00:00+00:00, run_after=2025-09-30 00:00:00+00:00
[2025-09-29T19:10:46.970+0000] {processor.py:208} INFO - Processing /opt/airflow/dags/dag_verify.py took 0.500 seconds
[2025-09-29T19:11:17.185+0000] {processor.py:186} INFO - Started process (PID=255) to work on /opt/airflow/dags/dag_verify.py
[2025-09-29T19:11:17.187+0000] {processor.py:914} INFO - Processing file /opt/airflow/dags/dag_verify.py for tasks to queue
[2025-09-29T19:11:17.190+0000] {logging_mixin.py:190} INFO - [2025-09-29T19:11:17.190+0000] {dagbag.py:588} INFO - Filling up the DagBag from /opt/airflow/dags/dag_verify.py
[2025-09-29T19:11:17.255+0000] {processor.py:925} INFO - DAG(s) 'dag_verify' retrieved from /opt/airflow/dags/dag_verify.py
[2025-09-29T19:11:17.292+0000] {logging_mixin.py:190} INFO - [2025-09-29T19:11:17.291+0000] {dag.py:3239} INFO - Sync 1 DAGs
[2025-09-29T19:11:17.677+0000] {logging_mixin.py:190} INFO - [2025-09-29T19:11:17.677+0000] {dag.py:4180} INFO - Setting next_dagrun for dag_verify to 2025-09-29 00:00:00+00:00, run_after=2025-09-30 00:00:00+00:00
[2025-09-29T19:11:17.712+0000] {processor.py:208} INFO - Processing /opt/airflow/dags/dag_verify.py took 0.535 seconds
[2025-09-29T19:11:48.605+0000] {processor.py:186} INFO - Started process (PID=283) to work on /opt/airflow/dags/dag_verify.py
[2025-09-29T19:11:48.607+0000] {processor.py:914} INFO - Processing file /opt/airflow/dags/dag_verify.py for tasks to queue
[2025-09-29T19:11:48.611+0000] {logging_mixin.py:190} INFO - [2025-09-29T19:11:48.610+0000] {dagbag.py:588} INFO - Filling up the DagBag from /opt/airflow/dags/dag_verify.py
[2025-09-29T19:11:48.643+0000] {processor.py:925} INFO - DAG(s) 'dag_verify' retrieved from /opt/airflow/dags/dag_verify.py
[2025-09-29T19:11:48.962+0000] {logging_mixin.py:190} INFO - [2025-09-29T19:11:48.961+0000] {dag.py:3239} INFO - Sync 1 DAGs
[2025-09-29T19:11:49.006+0000] {logging_mixin.py:190} INFO - [2025-09-29T19:11:49.005+0000] {dag.py:4180} INFO - Setting next_dagrun for dag_verify to 2025-09-29 00:00:00+00:00, run_after=2025-09-30 00:00:00+00:00
[2025-09-29T19:11:49.037+0000] {processor.py:208} INFO - Processing /opt/airflow/dags/dag_verify.py took 0.442 seconds
[2025-09-29T19:12:19.748+0000] {processor.py:186} INFO - Started process (PID=309) to work on /opt/airflow/dags/dag_verify.py
[2025-09-29T19:12:19.750+0000] {processor.py:914} INFO - Processing file /opt/airflow/dags/dag_verify.py for tasks to queue
[2025-09-29T19:12:19.753+0000] {logging_mixin.py:190} INFO - [2025-09-29T19:12:19.753+0000] {dagbag.py:588} INFO - Filling up the DagBag from /opt/airflow/dags/dag_verify.py
[2025-09-29T19:12:19.789+0000] {processor.py:925} INFO - DAG(s) 'dag_verify' retrieved from /opt/airflow/dags/dag_verify.py
[2025-09-29T19:12:19.857+0000] {logging_mixin.py:190} INFO - [2025-09-29T19:12:19.856+0000] {dag.py:3239} INFO - Sync 1 DAGs
[2025-09-29T19:12:19.954+0000] {logging_mixin.py:190} INFO - [2025-09-29T19:12:19.954+0000] {dag.py:4180} INFO - Setting next_dagrun for dag_verify to 2025-09-29 00:00:00+00:00, run_after=2025-09-30 00:00:00+00:00
[2025-09-29T19:12:19.997+0000] {processor.py:208} INFO - Processing /opt/airflow/dags/dag_verify.py took 0.258 seconds
[2025-09-29T19:12:50.215+0000] {processor.py:186} INFO - Started process (PID=335) to work on /opt/airflow/dags/dag_verify.py
[2025-09-29T19:12:50.217+0000] {processor.py:914} INFO - Processing file /opt/airflow/dags/dag_verify.py for tasks to queue
[2025-09-29T19:12:50.223+0000] {logging_mixin.py:190} INFO - [2025-09-29T19:12:50.222+0000] {dagbag.py:588} INFO - Filling up the DagBag from /opt/airflow/dags/dag_verify.py
[2025-09-29T19:12:50.255+0000] {processor.py:925} INFO - DAG(s) 'dag_verify' retrieved from /opt/airflow/dags/dag_verify.py
[2025-09-29T19:12:50.299+0000] {logging_mixin.py:190} INFO - [2025-09-29T19:12:50.298+0000] {dag.py:3239} INFO - Sync 1 DAGs
[2025-09-29T19:12:50.345+0000] {logging_mixin.py:190} INFO - [2025-09-29T19:12:50.344+0000] {dag.py:4180} INFO - Setting next_dagrun for dag_verify to 2025-09-29 00:00:00+00:00, run_after=2025-09-30 00:00:00+00:00
[2025-09-29T19:12:50.413+0000] {processor.py:208} INFO - Processing /opt/airflow/dags/dag_verify.py took 0.207 seconds
[2025-09-29T19:13:20.752+0000] {processor.py:186} INFO - Started process (PID=361) to work on /opt/airflow/dags/dag_verify.py
[2025-09-29T19:13:20.754+0000] {processor.py:914} INFO - Processing file /opt/airflow/dags/dag_verify.py for tasks to queue
[2025-09-29T19:13:20.758+0000] {logging_mixin.py:190} INFO - [2025-09-29T19:13:20.757+0000] {dagbag.py:588} INFO - Filling up the DagBag from /opt/airflow/dags/dag_verify.py
[2025-09-29T19:13:20.794+0000] {processor.py:925} INFO - DAG(s) 'dag_verify' retrieved from /opt/airflow/dags/dag_verify.py
[2025-09-29T19:13:20.832+0000] {logging_mixin.py:190} INFO - [2025-09-29T19:13:20.832+0000] {dag.py:3239} INFO - Sync 1 DAGs
[2025-09-29T19:13:20.882+0000] {logging_mixin.py:190} INFO - [2025-09-29T19:13:20.882+0000] {dag.py:4180} INFO - Setting next_dagrun for dag_verify to 2025-09-29 00:00:00+00:00, run_after=2025-09-30 00:00:00+00:00
[2025-09-29T19:13:20.918+0000] {processor.py:208} INFO - Processing /opt/airflow/dags/dag_verify.py took 0.176 seconds
[2025-09-29T19:13:51.318+0000] {processor.py:186} INFO - Started process (PID=387) to work on /opt/airflow/dags/dag_verify.py
[2025-09-29T19:13:51.320+0000] {processor.py:914} INFO - Processing file /opt/airflow/dags/dag_verify.py for tasks to queue
[2025-09-29T19:13:51.323+0000] {logging_mixin.py:190} INFO - [2025-09-29T19:13:51.322+0000] {dagbag.py:588} INFO - Filling up the DagBag from /opt/airflow/dags/dag_verify.py
[2025-09-29T19:13:51.355+0000] {processor.py:925} INFO - DAG(s) 'dag_verify' retrieved from /opt/airflow/dags/dag_verify.py
[2025-09-29T19:13:51.393+0000] {logging_mixin.py:190} INFO - [2025-09-29T19:13:51.393+0000] {dag.py:3239} INFO - Sync 1 DAGs
[2025-09-29T19:13:51.437+0000] {logging_mixin.py:190} INFO - [2025-09-29T19:13:51.437+0000] {dag.py:4180} INFO - Setting next_dagrun for dag_verify to 2025-09-29 00:00:00+00:00, run_after=2025-09-30 00:00:00+00:00
[2025-09-29T19:13:51.502+0000] {processor.py:208} INFO - Processing /opt/airflow/dags/dag_verify.py took 0.193 seconds
[2025-09-29T19:14:21.717+0000] {processor.py:186} INFO - Started process (PID=413) to work on /opt/airflow/dags/dag_verify.py
[2025-09-29T19:14:21.719+0000] {processor.py:914} INFO - Processing file /opt/airflow/dags/dag_verify.py for tasks to queue
[2025-09-29T19:14:21.723+0000] {logging_mixin.py:190} INFO - [2025-09-29T19:14:21.723+0000] {dagbag.py:588} INFO - Filling up the DagBag from /opt/airflow/dags/dag_verify.py
[2025-09-29T19:14:21.754+0000] {processor.py:925} INFO - DAG(s) 'dag_verify' retrieved from /opt/airflow/dags/dag_verify.py
[2025-09-29T19:14:21.796+0000] {logging_mixin.py:190} INFO - [2025-09-29T19:14:21.795+0000] {dag.py:3239} INFO - Sync 1 DAGs
[2025-09-29T19:14:21.853+0000] {logging_mixin.py:190} INFO - [2025-09-29T19:14:21.852+0000] {dag.py:4180} INFO - Setting next_dagrun for dag_verify to 2025-09-29 00:00:00+00:00, run_after=2025-09-30 00:00:00+00:00
[2025-09-29T19:14:21.901+0000] {processor.py:208} INFO - Processing /opt/airflow/dags/dag_verify.py took 0.194 seconds
