[2025-07-14T15:17:45.630+0000] {local_task_job_runner.py:123} INFO - ::group::Pre task execution logs
[2025-07-14T15:17:45.663+0000] {taskinstance.py:2613} INFO - Dependencies all met for dep_context=non-requeueable deps ti=<TaskInstance: mon_premier_dag.task_1 manual__2025-07-14T15:17:44.313467+00:00 [queued]>
[2025-07-14T15:17:45.677+0000] {taskinstance.py:2613} INFO - Dependencies all met for dep_context=requeueable deps ti=<TaskInstance: mon_premier_dag.task_1 manual__2025-07-14T15:17:44.313467+00:00 [queued]>
[2025-07-14T15:17:45.679+0000] {taskinstance.py:2866} INFO - Starting attempt 1 of 2
[2025-07-14T15:17:45.700+0000] {taskinstance.py:2889} INFO - Executing <Task(BashOperator): task_1> on 2025-07-14 15:17:44.313467+00:00
[2025-07-14T15:17:45.713+0000] {standard_task_runner.py:104} INFO - Running: ['***', 'tasks', 'run', 'mon_premier_dag', 'task_1', 'manual__2025-07-14T15:17:44.313467+00:00', '--job-id', '3', '--raw', '--subdir', 'DAGS_FOLDER/mon_premier_dag.py', '--cfg-path', '/tmp/tmp_yn1qz9g']
[2025-07-14T15:17:45.718+0000] {standard_task_runner.py:105} INFO - Job 3: Subtask task_1
[2025-07-14T15:17:45.736+0000] {logging_mixin.py:190} WARNING - /home/***/.local/lib/python3.12/site-packages/***/task/task_runner/standard_task_runner.py:70 DeprecationWarning: This process (pid=492) is multi-threaded, use of fork() may lead to deadlocks in the child.
[2025-07-14T15:17:45.738+0000] {standard_task_runner.py:72} INFO - Started process 494 to run task
[2025-07-14T15:17:45.815+0000] {task_command.py:467} INFO - Running <TaskInstance: mon_premier_dag.task_1 manual__2025-07-14T15:17:44.313467+00:00 [running]> on host 97ccc390339b
[2025-07-14T15:17:45.964+0000] {taskinstance.py:3132} INFO - Exporting env vars: AIRFLOW_CTX_DAG_OWNER='***' AIRFLOW_CTX_DAG_ID='mon_premier_dag' AIRFLOW_CTX_TASK_ID='task_1' AIRFLOW_CTX_EXECUTION_DATE='2025-07-14T15:17:44.313467+00:00' AIRFLOW_CTX_TRY_NUMBER='1' AIRFLOW_CTX_DAG_RUN_ID='manual__2025-07-14T15:17:44.313467+00:00'
[2025-07-14T15:17:45.965+0000] {taskinstance.py:731} INFO - ::endgroup::
[2025-07-14T15:17:46.046+0000] {subprocess.py:78} INFO - Tmp dir root location: /tmp
[2025-07-14T15:17:46.049+0000] {subprocess.py:88} INFO - Running command: ['/usr/bin/bash', '-c', 'echo "Hello, Airflow!"']
[2025-07-14T15:17:46.067+0000] {subprocess.py:99} INFO - Output:
[2025-07-14T15:17:46.080+0000] {subprocess.py:106} INFO - Hello, Airflow!
[2025-07-14T15:17:46.081+0000] {subprocess.py:110} INFO - Command exited with return code 0
[2025-07-14T15:17:46.123+0000] {taskinstance.py:340} INFO - ::group::Post task execution logs
[2025-07-14T15:17:46.125+0000] {taskinstance.py:352} INFO - Marking task as SUCCESS. dag_id=mon_premier_dag, task_id=task_1, run_id=manual__2025-07-14T15:17:44.313467+00:00, execution_date=20250714T151744, start_date=20250714T151745, end_date=20250714T151746
[2025-07-14T15:17:46.161+0000] {local_task_job_runner.py:266} INFO - Task exited with return code 0
[2025-07-14T15:17:46.189+0000] {taskinstance.py:3895} INFO - 1 downstream tasks scheduled from follow-on schedule check
[2025-07-14T15:17:46.192+0000] {local_task_job_runner.py:245} INFO - ::endgroup::
