[2025-07-16T15:12:01.781+0000] {processor.py:186} INFO - Started process (PID=1852) to work on /opt/airflow/dags/dag_s3.py
[2025-07-16T15:12:01.782+0000] {processor.py:914} INFO - Processing file /opt/airflow/dags/dag_s3.py for tasks to queue
[2025-07-16T15:12:01.785+0000] {logging_mixin.py:190} INFO - [2025-07-16T15:12:01.785+0000] {dagbag.py:588} INFO - Filling up the DagBag from /opt/airflow/dags/dag_s3.py
[2025-07-16T15:12:01.854+0000] {processor.py:925} INFO - DAG(s) 'dag_s3' retrieved from /opt/airflow/dags/dag_s3.py
[2025-07-16T15:12:02.492+0000] {logging_mixin.py:190} INFO - [2025-07-16T15:12:02.491+0000] {override.py:1911} INFO - Created Permission View: can read on DAG:dag_s3
[2025-07-16T15:12:02.508+0000] {logging_mixin.py:190} INFO - [2025-07-16T15:12:02.508+0000] {override.py:1911} INFO - Created Permission View: can delete on DAG:dag_s3
[2025-07-16T15:12:02.519+0000] {logging_mixin.py:190} INFO - [2025-07-16T15:12:02.518+0000] {override.py:1911} INFO - Created Permission View: can edit on DAG:dag_s3
[2025-07-16T15:12:02.532+0000] {logging_mixin.py:190} INFO - [2025-07-16T15:12:02.532+0000] {override.py:1911} INFO - Created Permission View: can read on DAG Run:dag_s3
[2025-07-16T15:12:02.544+0000] {logging_mixin.py:190} INFO - [2025-07-16T15:12:02.543+0000] {override.py:1911} INFO - Created Permission View: can delete on DAG Run:dag_s3
[2025-07-16T15:12:02.554+0000] {logging_mixin.py:190} INFO - [2025-07-16T15:12:02.553+0000] {override.py:1911} INFO - Created Permission View: can create on DAG Run:dag_s3
[2025-07-16T15:12:02.565+0000] {logging_mixin.py:190} INFO - [2025-07-16T15:12:02.564+0000] {override.py:1911} INFO - Created Permission View: menu access on DAG Run:dag_s3
[2025-07-16T15:12:02.566+0000] {logging_mixin.py:190} INFO - [2025-07-16T15:12:02.566+0000] {dag.py:3239} INFO - Sync 1 DAGs
[2025-07-16T15:12:02.589+0000] {logging_mixin.py:190} INFO - [2025-07-16T15:12:02.589+0000] {dag.py:3262} INFO - Creating ORM DAG for dag_s3
[2025-07-16T15:12:02.612+0000] {logging_mixin.py:190} INFO - [2025-07-16T15:12:02.611+0000] {dag.py:4180} INFO - Setting next_dagrun for dag_s3 to 2025-07-15 00:00:00+00:00, run_after=2025-07-16 00:00:00+00:00
[2025-07-16T15:12:02.669+0000] {processor.py:208} INFO - Processing /opt/airflow/dags/dag_s3.py took 0.897 seconds
[2025-07-16T15:12:32.848+0000] {processor.py:186} INFO - Started process (PID=1879) to work on /opt/airflow/dags/dag_s3.py
[2025-07-16T15:12:32.850+0000] {processor.py:914} INFO - Processing file /opt/airflow/dags/dag_s3.py for tasks to queue
[2025-07-16T15:12:32.854+0000] {logging_mixin.py:190} INFO - [2025-07-16T15:12:32.853+0000] {dagbag.py:588} INFO - Filling up the DagBag from /opt/airflow/dags/dag_s3.py
[2025-07-16T15:12:32.890+0000] {processor.py:925} INFO - DAG(s) 'dag_s3' retrieved from /opt/airflow/dags/dag_s3.py
[2025-07-16T15:12:32.931+0000] {logging_mixin.py:190} INFO - [2025-07-16T15:12:32.930+0000] {dag.py:3239} INFO - Sync 1 DAGs
[2025-07-16T15:12:32.974+0000] {logging_mixin.py:190} INFO - [2025-07-16T15:12:32.974+0000] {dag.py:4180} INFO - Setting next_dagrun for dag_s3 to 2025-07-15 00:00:00+00:00, run_after=2025-07-16 00:00:00+00:00
[2025-07-16T15:12:33.036+0000] {processor.py:208} INFO - Processing /opt/airflow/dags/dag_s3.py took 0.198 seconds
[2025-07-16T15:12:38.140+0000] {processor.py:186} INFO - Started process (PID=1884) to work on /opt/airflow/dags/dag_s3.py
[2025-07-16T15:12:38.142+0000] {processor.py:914} INFO - Processing file /opt/airflow/dags/dag_s3.py for tasks to queue
[2025-07-16T15:12:38.148+0000] {logging_mixin.py:190} INFO - [2025-07-16T15:12:38.147+0000] {dagbag.py:588} INFO - Filling up the DagBag from /opt/airflow/dags/dag_s3.py
[2025-07-16T15:12:38.226+0000] {processor.py:925} INFO - DAG(s) 'dag_s3' retrieved from /opt/airflow/dags/dag_s3.py
[2025-07-16T15:12:38.270+0000] {logging_mixin.py:190} INFO - [2025-07-16T15:12:38.270+0000] {dag.py:3239} INFO - Sync 1 DAGs
[2025-07-16T15:12:38.321+0000] {logging_mixin.py:190} INFO - [2025-07-16T15:12:38.320+0000] {dag.py:4180} INFO - Setting next_dagrun for dag_s3 to 2025-07-15 00:00:00+00:00, run_after=2025-07-16 00:00:00+00:00
[2025-07-16T15:12:38.386+0000] {processor.py:208} INFO - Processing /opt/airflow/dags/dag_s3.py took 0.255 seconds
[2025-07-16T15:13:08.497+0000] {processor.py:186} INFO - Started process (PID=1914) to work on /opt/airflow/dags/dag_s3.py
[2025-07-16T15:13:08.499+0000] {processor.py:914} INFO - Processing file /opt/airflow/dags/dag_s3.py for tasks to queue
[2025-07-16T15:13:08.503+0000] {logging_mixin.py:190} INFO - [2025-07-16T15:13:08.503+0000] {dagbag.py:588} INFO - Filling up the DagBag from /opt/airflow/dags/dag_s3.py
[2025-07-16T15:13:08.539+0000] {processor.py:925} INFO - DAG(s) 'dag_s3' retrieved from /opt/airflow/dags/dag_s3.py
[2025-07-16T15:13:08.583+0000] {logging_mixin.py:190} INFO - [2025-07-16T15:13:08.582+0000] {dag.py:3239} INFO - Sync 1 DAGs
[2025-07-16T15:13:08.623+0000] {logging_mixin.py:190} INFO - [2025-07-16T15:13:08.622+0000] {dag.py:4180} INFO - Setting next_dagrun for dag_s3 to 2025-07-16 00:00:00+00:00, run_after=2025-07-17 00:00:00+00:00
[2025-07-16T15:13:08.683+0000] {processor.py:208} INFO - Processing /opt/airflow/dags/dag_s3.py took 0.195 seconds
[2025-07-16T15:13:38.867+0000] {processor.py:186} INFO - Started process (PID=1940) to work on /opt/airflow/dags/dag_s3.py
[2025-07-16T15:13:38.869+0000] {processor.py:914} INFO - Processing file /opt/airflow/dags/dag_s3.py for tasks to queue
[2025-07-16T15:13:38.875+0000] {logging_mixin.py:190} INFO - [2025-07-16T15:13:38.875+0000] {dagbag.py:588} INFO - Filling up the DagBag from /opt/airflow/dags/dag_s3.py
[2025-07-16T15:13:38.908+0000] {processor.py:925} INFO - DAG(s) 'dag_s3' retrieved from /opt/airflow/dags/dag_s3.py
[2025-07-16T15:13:38.945+0000] {logging_mixin.py:190} INFO - [2025-07-16T15:13:38.945+0000] {dag.py:3239} INFO - Sync 1 DAGs
[2025-07-16T15:13:38.984+0000] {logging_mixin.py:190} INFO - [2025-07-16T15:13:38.983+0000] {dag.py:4180} INFO - Setting next_dagrun for dag_s3 to 2025-07-16 00:00:00+00:00, run_after=2025-07-17 00:00:00+00:00
[2025-07-16T15:13:39.031+0000] {processor.py:208} INFO - Processing /opt/airflow/dags/dag_s3.py took 0.173 seconds
[2025-07-16T15:14:09.902+0000] {processor.py:186} INFO - Started process (PID=1969) to work on /opt/airflow/dags/dag_s3.py
[2025-07-16T15:14:09.903+0000] {processor.py:914} INFO - Processing file /opt/airflow/dags/dag_s3.py for tasks to queue
[2025-07-16T15:14:09.908+0000] {logging_mixin.py:190} INFO - [2025-07-16T15:14:09.907+0000] {dagbag.py:588} INFO - Filling up the DagBag from /opt/airflow/dags/dag_s3.py
[2025-07-16T15:14:09.968+0000] {processor.py:925} INFO - DAG(s) 'dag_s3' retrieved from /opt/airflow/dags/dag_s3.py
[2025-07-16T15:14:10.010+0000] {logging_mixin.py:190} INFO - [2025-07-16T15:14:10.009+0000] {dag.py:3239} INFO - Sync 1 DAGs
[2025-07-16T15:14:10.054+0000] {logging_mixin.py:190} INFO - [2025-07-16T15:14:10.053+0000] {dag.py:4180} INFO - Setting next_dagrun for dag_s3 to 2025-07-16 00:00:00+00:00, run_after=2025-07-17 00:00:00+00:00
[2025-07-16T15:14:10.120+0000] {processor.py:208} INFO - Processing /opt/airflow/dags/dag_s3.py took 0.227 seconds
[2025-07-16T15:14:23.188+0000] {processor.py:186} INFO - Started process (PID=1974) to work on /opt/airflow/dags/dag_s3.py
[2025-07-16T15:14:23.190+0000] {processor.py:914} INFO - Processing file /opt/airflow/dags/dag_s3.py for tasks to queue
[2025-07-16T15:14:23.194+0000] {logging_mixin.py:190} INFO - [2025-07-16T15:14:23.193+0000] {dagbag.py:588} INFO - Filling up the DagBag from /opt/airflow/dags/dag_s3.py
[2025-07-16T15:14:23.236+0000] {logging_mixin.py:190} INFO - [2025-07-16T15:14:23.228+0000] {dagbag.py:387} ERROR - Failed to import: /opt/airflow/dags/dag_s3.py
Traceback (most recent call last):
  File "/home/airflow/.local/lib/python3.12/site-packages/airflow/models/dagbag.py", line 383, in parse
    loader.exec_module(new_module)
  File "<frozen importlib._bootstrap_external>", line 999, in exec_module
  File "<frozen importlib._bootstrap>", line 488, in _call_with_frames_removed
  File "/opt/airflow/dags/dag_s3.py", line 4, in <module>
    from airflow.providers.amazon.aws.sensors.s3_key import S3KeySensor
ModuleNotFoundError: No module named 'airflow.providers.amazon.aws.sensors.s3_key'
[2025-07-16T15:14:23.239+0000] {processor.py:927} WARNING - No viable dags retrieved from /opt/airflow/dags/dag_s3.py
[2025-07-16T15:14:23.274+0000] {processor.py:208} INFO - Processing /opt/airflow/dags/dag_s3.py took 0.094 seconds
[2025-07-16T15:14:53.461+0000] {processor.py:186} INFO - Started process (PID=2002) to work on /opt/airflow/dags/dag_s3.py
[2025-07-16T15:14:53.463+0000] {processor.py:914} INFO - Processing file /opt/airflow/dags/dag_s3.py for tasks to queue
[2025-07-16T15:14:53.470+0000] {logging_mixin.py:190} INFO - [2025-07-16T15:14:53.469+0000] {dagbag.py:588} INFO - Filling up the DagBag from /opt/airflow/dags/dag_s3.py
[2025-07-16T15:14:53.496+0000] {logging_mixin.py:190} INFO - [2025-07-16T15:14:53.490+0000] {dagbag.py:387} ERROR - Failed to import: /opt/airflow/dags/dag_s3.py
Traceback (most recent call last):
  File "/home/airflow/.local/lib/python3.12/site-packages/airflow/models/dagbag.py", line 383, in parse
    loader.exec_module(new_module)
  File "<frozen importlib._bootstrap_external>", line 999, in exec_module
  File "<frozen importlib._bootstrap>", line 488, in _call_with_frames_removed
  File "/opt/airflow/dags/dag_s3.py", line 4, in <module>
    from airflow.providers.amazon.aws.sensors.s3_key import S3KeySensor
ModuleNotFoundError: No module named 'airflow.providers.amazon.aws.sensors.s3_key'
[2025-07-16T15:14:53.499+0000] {processor.py:927} WARNING - No viable dags retrieved from /opt/airflow/dags/dag_s3.py
[2025-07-16T15:14:53.552+0000] {processor.py:208} INFO - Processing /opt/airflow/dags/dag_s3.py took 0.102 seconds
[2025-07-16T15:15:23.757+0000] {processor.py:186} INFO - Started process (PID=2030) to work on /opt/airflow/dags/dag_s3.py
[2025-07-16T15:15:23.759+0000] {processor.py:914} INFO - Processing file /opt/airflow/dags/dag_s3.py for tasks to queue
[2025-07-16T15:15:23.763+0000] {logging_mixin.py:190} INFO - [2025-07-16T15:15:23.763+0000] {dagbag.py:588} INFO - Filling up the DagBag from /opt/airflow/dags/dag_s3.py
[2025-07-16T15:15:23.806+0000] {logging_mixin.py:190} INFO - [2025-07-16T15:15:23.794+0000] {dagbag.py:387} ERROR - Failed to import: /opt/airflow/dags/dag_s3.py
Traceback (most recent call last):
  File "/home/airflow/.local/lib/python3.12/site-packages/airflow/models/dagbag.py", line 383, in parse
    loader.exec_module(new_module)
  File "<frozen importlib._bootstrap_external>", line 999, in exec_module
  File "<frozen importlib._bootstrap>", line 488, in _call_with_frames_removed
  File "/opt/airflow/dags/dag_s3.py", line 4, in <module>
    from airflow.providers.amazon.aws.sensors.s3_key import S3KeySensor
ModuleNotFoundError: No module named 'airflow.providers.amazon.aws.sensors.s3_key'
[2025-07-16T15:15:23.809+0000] {processor.py:927} WARNING - No viable dags retrieved from /opt/airflow/dags/dag_s3.py
[2025-07-16T15:15:23.884+0000] {processor.py:208} INFO - Processing /opt/airflow/dags/dag_s3.py took 0.137 seconds
[2025-07-16T15:15:54.012+0000] {processor.py:186} INFO - Started process (PID=2056) to work on /opt/airflow/dags/dag_s3.py
[2025-07-16T15:15:54.014+0000] {processor.py:914} INFO - Processing file /opt/airflow/dags/dag_s3.py for tasks to queue
[2025-07-16T15:15:54.020+0000] {logging_mixin.py:190} INFO - [2025-07-16T15:15:54.019+0000] {dagbag.py:588} INFO - Filling up the DagBag from /opt/airflow/dags/dag_s3.py
[2025-07-16T15:15:54.047+0000] {logging_mixin.py:190} INFO - [2025-07-16T15:15:54.040+0000] {dagbag.py:387} ERROR - Failed to import: /opt/airflow/dags/dag_s3.py
Traceback (most recent call last):
  File "/home/airflow/.local/lib/python3.12/site-packages/airflow/models/dagbag.py", line 383, in parse
    loader.exec_module(new_module)
  File "<frozen importlib._bootstrap_external>", line 999, in exec_module
  File "<frozen importlib._bootstrap>", line 488, in _call_with_frames_removed
  File "/opt/airflow/dags/dag_s3.py", line 4, in <module>
    from airflow.providers.amazon.aws.sensors.s3_key import S3KeySensor
ModuleNotFoundError: No module named 'airflow.providers.amazon.aws.sensors.s3_key'
[2025-07-16T15:15:54.049+0000] {processor.py:927} WARNING - No viable dags retrieved from /opt/airflow/dags/dag_s3.py
[2025-07-16T15:15:54.081+0000] {processor.py:208} INFO - Processing /opt/airflow/dags/dag_s3.py took 0.079 seconds
[2025-07-16T15:16:24.208+0000] {processor.py:186} INFO - Started process (PID=2083) to work on /opt/airflow/dags/dag_s3.py
[2025-07-16T15:16:24.210+0000] {processor.py:914} INFO - Processing file /opt/airflow/dags/dag_s3.py for tasks to queue
[2025-07-16T15:16:24.212+0000] {logging_mixin.py:190} INFO - [2025-07-16T15:16:24.211+0000] {dagbag.py:588} INFO - Filling up the DagBag from /opt/airflow/dags/dag_s3.py
[2025-07-16T15:16:24.241+0000] {logging_mixin.py:190} INFO - [2025-07-16T15:16:24.235+0000] {dagbag.py:387} ERROR - Failed to import: /opt/airflow/dags/dag_s3.py
Traceback (most recent call last):
  File "/home/airflow/.local/lib/python3.12/site-packages/airflow/models/dagbag.py", line 383, in parse
    loader.exec_module(new_module)
  File "<frozen importlib._bootstrap_external>", line 999, in exec_module
  File "<frozen importlib._bootstrap>", line 488, in _call_with_frames_removed
  File "/opt/airflow/dags/dag_s3.py", line 4, in <module>
    from airflow.providers.amazon.aws.sensors.s3_key import S3KeySensor
ModuleNotFoundError: No module named 'airflow.providers.amazon.aws.sensors.s3_key'
[2025-07-16T15:16:24.244+0000] {processor.py:927} WARNING - No viable dags retrieved from /opt/airflow/dags/dag_s3.py
[2025-07-16T15:16:24.302+0000] {processor.py:208} INFO - Processing /opt/airflow/dags/dag_s3.py took 0.104 seconds
[2025-07-16T15:16:54.609+0000] {processor.py:186} INFO - Started process (PID=2109) to work on /opt/airflow/dags/dag_s3.py
[2025-07-16T15:16:54.610+0000] {processor.py:914} INFO - Processing file /opt/airflow/dags/dag_s3.py for tasks to queue
[2025-07-16T15:16:54.612+0000] {logging_mixin.py:190} INFO - [2025-07-16T15:16:54.612+0000] {dagbag.py:588} INFO - Filling up the DagBag from /opt/airflow/dags/dag_s3.py
[2025-07-16T15:16:54.639+0000] {logging_mixin.py:190} INFO - [2025-07-16T15:16:54.633+0000] {dagbag.py:387} ERROR - Failed to import: /opt/airflow/dags/dag_s3.py
Traceback (most recent call last):
  File "/home/airflow/.local/lib/python3.12/site-packages/airflow/models/dagbag.py", line 383, in parse
    loader.exec_module(new_module)
  File "<frozen importlib._bootstrap_external>", line 999, in exec_module
  File "<frozen importlib._bootstrap>", line 488, in _call_with_frames_removed
  File "/opt/airflow/dags/dag_s3.py", line 4, in <module>
    from airflow.providers.amazon.aws.sensors.s3_key import S3KeySensor
ModuleNotFoundError: No module named 'airflow.providers.amazon.aws.sensors.s3_key'
[2025-07-16T15:16:54.642+0000] {processor.py:927} WARNING - No viable dags retrieved from /opt/airflow/dags/dag_s3.py
[2025-07-16T15:16:54.697+0000] {processor.py:208} INFO - Processing /opt/airflow/dags/dag_s3.py took 0.098 seconds
[2025-07-16T15:17:24.894+0000] {processor.py:186} INFO - Started process (PID=2135) to work on /opt/airflow/dags/dag_s3.py
[2025-07-16T15:17:24.895+0000] {processor.py:914} INFO - Processing file /opt/airflow/dags/dag_s3.py for tasks to queue
[2025-07-16T15:17:24.898+0000] {logging_mixin.py:190} INFO - [2025-07-16T15:17:24.898+0000] {dagbag.py:588} INFO - Filling up the DagBag from /opt/airflow/dags/dag_s3.py
[2025-07-16T15:17:24.924+0000] {logging_mixin.py:190} INFO - [2025-07-16T15:17:24.918+0000] {dagbag.py:387} ERROR - Failed to import: /opt/airflow/dags/dag_s3.py
Traceback (most recent call last):
  File "/home/airflow/.local/lib/python3.12/site-packages/airflow/models/dagbag.py", line 383, in parse
    loader.exec_module(new_module)
  File "<frozen importlib._bootstrap_external>", line 999, in exec_module
  File "<frozen importlib._bootstrap>", line 488, in _call_with_frames_removed
  File "/opt/airflow/dags/dag_s3.py", line 4, in <module>
    from airflow.providers.amazon.aws.sensors.s3_key import S3KeySensor
ModuleNotFoundError: No module named 'airflow.providers.amazon.aws.sensors.s3_key'
[2025-07-16T15:17:24.927+0000] {processor.py:927} WARNING - No viable dags retrieved from /opt/airflow/dags/dag_s3.py
[2025-07-16T15:17:24.983+0000] {processor.py:208} INFO - Processing /opt/airflow/dags/dag_s3.py took 0.097 seconds
[2025-07-16T15:17:55.241+0000] {processor.py:186} INFO - Started process (PID=2168) to work on /opt/airflow/dags/dag_s3.py
[2025-07-16T15:17:55.243+0000] {processor.py:914} INFO - Processing file /opt/airflow/dags/dag_s3.py for tasks to queue
[2025-07-16T15:17:55.245+0000] {logging_mixin.py:190} INFO - [2025-07-16T15:17:55.244+0000] {dagbag.py:588} INFO - Filling up the DagBag from /opt/airflow/dags/dag_s3.py
[2025-07-16T15:17:55.304+0000] {logging_mixin.py:190} INFO - [2025-07-16T15:17:55.297+0000] {dagbag.py:387} ERROR - Failed to import: /opt/airflow/dags/dag_s3.py
Traceback (most recent call last):
  File "/home/airflow/.local/lib/python3.12/site-packages/airflow/models/dagbag.py", line 383, in parse
    loader.exec_module(new_module)
  File "<frozen importlib._bootstrap_external>", line 999, in exec_module
  File "<frozen importlib._bootstrap>", line 488, in _call_with_frames_removed
  File "/opt/airflow/dags/dag_s3.py", line 4, in <module>
    from airflow.providers.amazon.aws.sensors.s3_key import S3KeySensor
ModuleNotFoundError: No module named 'airflow.providers.amazon.aws.sensors.s3_key'
[2025-07-16T15:17:55.306+0000] {processor.py:927} WARNING - No viable dags retrieved from /opt/airflow/dags/dag_s3.py
[2025-07-16T15:17:55.342+0000] {processor.py:208} INFO - Processing /opt/airflow/dags/dag_s3.py took 0.112 seconds
[2025-07-16T15:18:25.482+0000] {processor.py:186} INFO - Started process (PID=2196) to work on /opt/airflow/dags/dag_s3.py
[2025-07-16T15:18:25.484+0000] {processor.py:914} INFO - Processing file /opt/airflow/dags/dag_s3.py for tasks to queue
[2025-07-16T15:18:25.486+0000] {logging_mixin.py:190} INFO - [2025-07-16T15:18:25.486+0000] {dagbag.py:588} INFO - Filling up the DagBag from /opt/airflow/dags/dag_s3.py
[2025-07-16T15:18:25.516+0000] {logging_mixin.py:190} INFO - [2025-07-16T15:18:25.508+0000] {dagbag.py:387} ERROR - Failed to import: /opt/airflow/dags/dag_s3.py
Traceback (most recent call last):
  File "/home/airflow/.local/lib/python3.12/site-packages/airflow/models/dagbag.py", line 383, in parse
    loader.exec_module(new_module)
  File "<frozen importlib._bootstrap_external>", line 999, in exec_module
  File "<frozen importlib._bootstrap>", line 488, in _call_with_frames_removed
  File "/opt/airflow/dags/dag_s3.py", line 4, in <module>
    from airflow.providers.amazon.aws.sensors.s3_key import S3KeySensor
ModuleNotFoundError: No module named 'airflow.providers.amazon.aws.sensors.s3_key'
[2025-07-16T15:18:25.519+0000] {processor.py:927} WARNING - No viable dags retrieved from /opt/airflow/dags/dag_s3.py
[2025-07-16T15:18:25.582+0000] {processor.py:208} INFO - Processing /opt/airflow/dags/dag_s3.py took 0.113 seconds
[2025-07-16T15:18:55.887+0000] {processor.py:186} INFO - Started process (PID=2222) to work on /opt/airflow/dags/dag_s3.py
[2025-07-16T15:18:55.889+0000] {processor.py:914} INFO - Processing file /opt/airflow/dags/dag_s3.py for tasks to queue
[2025-07-16T15:18:55.891+0000] {logging_mixin.py:190} INFO - [2025-07-16T15:18:55.891+0000] {dagbag.py:588} INFO - Filling up the DagBag from /opt/airflow/dags/dag_s3.py
[2025-07-16T15:18:55.925+0000] {logging_mixin.py:190} INFO - [2025-07-16T15:18:55.917+0000] {dagbag.py:387} ERROR - Failed to import: /opt/airflow/dags/dag_s3.py
Traceback (most recent call last):
  File "/home/airflow/.local/lib/python3.12/site-packages/airflow/models/dagbag.py", line 383, in parse
    loader.exec_module(new_module)
  File "<frozen importlib._bootstrap_external>", line 999, in exec_module
  File "<frozen importlib._bootstrap>", line 488, in _call_with_frames_removed
  File "/opt/airflow/dags/dag_s3.py", line 4, in <module>
    from airflow.providers.amazon.aws.sensors.s3_key import S3KeySensor
ModuleNotFoundError: No module named 'airflow.providers.amazon.aws.sensors.s3_key'
[2025-07-16T15:18:55.928+0000] {processor.py:927} WARNING - No viable dags retrieved from /opt/airflow/dags/dag_s3.py
[2025-07-16T15:18:55.988+0000] {processor.py:208} INFO - Processing /opt/airflow/dags/dag_s3.py took 0.109 seconds
[2025-07-16T15:19:26.263+0000] {processor.py:186} INFO - Started process (PID=2249) to work on /opt/airflow/dags/dag_s3.py
[2025-07-16T15:19:26.265+0000] {processor.py:914} INFO - Processing file /opt/airflow/dags/dag_s3.py for tasks to queue
[2025-07-16T15:19:26.268+0000] {logging_mixin.py:190} INFO - [2025-07-16T15:19:26.266+0000] {dagbag.py:588} INFO - Filling up the DagBag from /opt/airflow/dags/dag_s3.py
[2025-07-16T15:19:26.296+0000] {logging_mixin.py:190} INFO - [2025-07-16T15:19:26.290+0000] {dagbag.py:387} ERROR - Failed to import: /opt/airflow/dags/dag_s3.py
Traceback (most recent call last):
  File "/home/airflow/.local/lib/python3.12/site-packages/airflow/models/dagbag.py", line 383, in parse
    loader.exec_module(new_module)
  File "<frozen importlib._bootstrap_external>", line 999, in exec_module
  File "<frozen importlib._bootstrap>", line 488, in _call_with_frames_removed
  File "/opt/airflow/dags/dag_s3.py", line 4, in <module>
    from airflow.providers.amazon.aws.sensors.s3_key import S3KeySensor
ModuleNotFoundError: No module named 'airflow.providers.amazon.aws.sensors.s3_key'
[2025-07-16T15:19:26.299+0000] {processor.py:927} WARNING - No viable dags retrieved from /opt/airflow/dags/dag_s3.py
[2025-07-16T15:19:26.344+0000] {processor.py:208} INFO - Processing /opt/airflow/dags/dag_s3.py took 0.093 seconds
[2025-07-16T15:19:56.430+0000] {processor.py:186} INFO - Started process (PID=2275) to work on /opt/airflow/dags/dag_s3.py
[2025-07-16T15:19:56.432+0000] {processor.py:914} INFO - Processing file /opt/airflow/dags/dag_s3.py for tasks to queue
[2025-07-16T15:19:56.435+0000] {logging_mixin.py:190} INFO - [2025-07-16T15:19:56.434+0000] {dagbag.py:588} INFO - Filling up the DagBag from /opt/airflow/dags/dag_s3.py
[2025-07-16T15:19:56.466+0000] {logging_mixin.py:190} INFO - [2025-07-16T15:19:56.459+0000] {dagbag.py:387} ERROR - Failed to import: /opt/airflow/dags/dag_s3.py
Traceback (most recent call last):
  File "/home/airflow/.local/lib/python3.12/site-packages/airflow/models/dagbag.py", line 383, in parse
    loader.exec_module(new_module)
  File "<frozen importlib._bootstrap_external>", line 999, in exec_module
  File "<frozen importlib._bootstrap>", line 488, in _call_with_frames_removed
  File "/opt/airflow/dags/dag_s3.py", line 4, in <module>
    from airflow.providers.amazon.aws.sensors.s3_key import S3KeySensor
ModuleNotFoundError: No module named 'airflow.providers.amazon.aws.sensors.s3_key'
[2025-07-16T15:19:56.468+0000] {processor.py:927} WARNING - No viable dags retrieved from /opt/airflow/dags/dag_s3.py
[2025-07-16T15:19:56.497+0000] {processor.py:208} INFO - Processing /opt/airflow/dags/dag_s3.py took 0.076 seconds
[2025-07-16T15:20:26.761+0000] {processor.py:186} INFO - Started process (PID=2301) to work on /opt/airflow/dags/dag_s3.py
[2025-07-16T15:20:26.763+0000] {processor.py:914} INFO - Processing file /opt/airflow/dags/dag_s3.py for tasks to queue
[2025-07-16T15:20:26.766+0000] {logging_mixin.py:190} INFO - [2025-07-16T15:20:26.765+0000] {dagbag.py:588} INFO - Filling up the DagBag from /opt/airflow/dags/dag_s3.py
[2025-07-16T15:20:26.790+0000] {logging_mixin.py:190} INFO - [2025-07-16T15:20:26.783+0000] {dagbag.py:387} ERROR - Failed to import: /opt/airflow/dags/dag_s3.py
Traceback (most recent call last):
  File "/home/airflow/.local/lib/python3.12/site-packages/airflow/models/dagbag.py", line 383, in parse
    loader.exec_module(new_module)
  File "<frozen importlib._bootstrap_external>", line 999, in exec_module
  File "<frozen importlib._bootstrap>", line 488, in _call_with_frames_removed
  File "/opt/airflow/dags/dag_s3.py", line 4, in <module>
    from airflow.providers.amazon.aws.sensors.s3_key import S3KeySensor
ModuleNotFoundError: No module named 'airflow.providers.amazon.aws.sensors.s3_key'
[2025-07-16T15:20:26.792+0000] {processor.py:927} WARNING - No viable dags retrieved from /opt/airflow/dags/dag_s3.py
[2025-07-16T15:20:26.850+0000] {processor.py:208} INFO - Processing /opt/airflow/dags/dag_s3.py took 0.097 seconds
[2025-07-16T15:20:57.147+0000] {processor.py:186} INFO - Started process (PID=2327) to work on /opt/airflow/dags/dag_s3.py
[2025-07-16T15:20:57.149+0000] {processor.py:914} INFO - Processing file /opt/airflow/dags/dag_s3.py for tasks to queue
[2025-07-16T15:20:57.154+0000] {logging_mixin.py:190} INFO - [2025-07-16T15:20:57.153+0000] {dagbag.py:588} INFO - Filling up the DagBag from /opt/airflow/dags/dag_s3.py
[2025-07-16T15:20:57.185+0000] {logging_mixin.py:190} INFO - [2025-07-16T15:20:57.176+0000] {dagbag.py:387} ERROR - Failed to import: /opt/airflow/dags/dag_s3.py
Traceback (most recent call last):
  File "/home/airflow/.local/lib/python3.12/site-packages/airflow/models/dagbag.py", line 383, in parse
    loader.exec_module(new_module)
  File "<frozen importlib._bootstrap_external>", line 999, in exec_module
  File "<frozen importlib._bootstrap>", line 488, in _call_with_frames_removed
  File "/opt/airflow/dags/dag_s3.py", line 4, in <module>
    from airflow.providers.amazon.aws.sensors.s3_key import S3KeySensor
ModuleNotFoundError: No module named 'airflow.providers.amazon.aws.sensors.s3_key'
[2025-07-16T15:20:57.187+0000] {processor.py:927} WARNING - No viable dags retrieved from /opt/airflow/dags/dag_s3.py
[2025-07-16T15:20:57.246+0000] {processor.py:208} INFO - Processing /opt/airflow/dags/dag_s3.py took 0.110 seconds
[2025-07-16T15:21:06.325+0000] {processor.py:186} INFO - Started process (PID=2332) to work on /opt/airflow/dags/dag_s3.py
[2025-07-16T15:21:06.336+0000] {processor.py:914} INFO - Processing file /opt/airflow/dags/dag_s3.py for tasks to queue
[2025-07-16T15:21:06.340+0000] {logging_mixin.py:190} INFO - [2025-07-16T15:21:06.340+0000] {dagbag.py:588} INFO - Filling up the DagBag from /opt/airflow/dags/dag_s3.py
[2025-07-16T15:21:06.398+0000] {processor.py:925} INFO - DAG(s) 'dag_s3' retrieved from /opt/airflow/dags/dag_s3.py
[2025-07-16T15:21:06.652+0000] {logging_mixin.py:190} INFO - [2025-07-16T15:21:06.652+0000] {dag.py:3239} INFO - Sync 1 DAGs
[2025-07-16T15:21:06.695+0000] {logging_mixin.py:190} INFO - [2025-07-16T15:21:06.695+0000] {dag.py:4180} INFO - Setting next_dagrun for dag_s3 to 2025-07-16 00:00:00+00:00, run_after=2025-07-17 00:00:00+00:00
[2025-07-16T15:21:06.765+0000] {processor.py:208} INFO - Processing /opt/airflow/dags/dag_s3.py took 0.451 seconds
[2025-07-16T15:21:37.581+0000] {processor.py:186} INFO - Started process (PID=2361) to work on /opt/airflow/dags/dag_s3.py
[2025-07-16T15:21:37.583+0000] {processor.py:914} INFO - Processing file /opt/airflow/dags/dag_s3.py for tasks to queue
[2025-07-16T15:21:37.585+0000] {logging_mixin.py:190} INFO - [2025-07-16T15:21:37.584+0000] {dagbag.py:588} INFO - Filling up the DagBag from /opt/airflow/dags/dag_s3.py
[2025-07-16T15:21:37.620+0000] {processor.py:925} INFO - DAG(s) 'dag_s3' retrieved from /opt/airflow/dags/dag_s3.py
[2025-07-16T15:21:37.661+0000] {logging_mixin.py:190} INFO - [2025-07-16T15:21:37.660+0000] {dag.py:3239} INFO - Sync 1 DAGs
[2025-07-16T15:21:37.709+0000] {logging_mixin.py:190} INFO - [2025-07-16T15:21:37.709+0000] {dag.py:4180} INFO - Setting next_dagrun for dag_s3 to 2025-07-16 00:00:00+00:00, run_after=2025-07-17 00:00:00+00:00
[2025-07-16T15:21:37.770+0000] {processor.py:208} INFO - Processing /opt/airflow/dags/dag_s3.py took 0.199 seconds
[2025-07-16T15:22:08.244+0000] {processor.py:186} INFO - Started process (PID=2387) to work on /opt/airflow/dags/dag_s3.py
[2025-07-16T15:22:08.246+0000] {processor.py:914} INFO - Processing file /opt/airflow/dags/dag_s3.py for tasks to queue
[2025-07-16T15:22:08.248+0000] {logging_mixin.py:190} INFO - [2025-07-16T15:22:08.248+0000] {dagbag.py:588} INFO - Filling up the DagBag from /opt/airflow/dags/dag_s3.py
[2025-07-16T15:22:08.278+0000] {processor.py:925} INFO - DAG(s) 'dag_s3' retrieved from /opt/airflow/dags/dag_s3.py
[2025-07-16T15:22:08.314+0000] {logging_mixin.py:190} INFO - [2025-07-16T15:22:08.314+0000] {dag.py:3239} INFO - Sync 1 DAGs
[2025-07-16T15:22:08.354+0000] {logging_mixin.py:190} INFO - [2025-07-16T15:22:08.354+0000] {dag.py:4180} INFO - Setting next_dagrun for dag_s3 to 2025-07-16 00:00:00+00:00, run_after=2025-07-17 00:00:00+00:00
[2025-07-16T15:22:08.416+0000] {processor.py:208} INFO - Processing /opt/airflow/dags/dag_s3.py took 0.181 seconds
[2025-07-16T15:22:38.589+0000] {processor.py:186} INFO - Started process (PID=2416) to work on /opt/airflow/dags/dag_s3.py
[2025-07-16T15:22:38.591+0000] {processor.py:914} INFO - Processing file /opt/airflow/dags/dag_s3.py for tasks to queue
[2025-07-16T15:22:38.597+0000] {logging_mixin.py:190} INFO - [2025-07-16T15:22:38.596+0000] {dagbag.py:588} INFO - Filling up the DagBag from /opt/airflow/dags/dag_s3.py
[2025-07-16T15:22:38.641+0000] {processor.py:925} INFO - DAG(s) 'dag_s3' retrieved from /opt/airflow/dags/dag_s3.py
[2025-07-16T15:22:38.686+0000] {logging_mixin.py:190} INFO - [2025-07-16T15:22:38.686+0000] {dag.py:3239} INFO - Sync 1 DAGs
[2025-07-16T15:22:38.730+0000] {logging_mixin.py:190} INFO - [2025-07-16T15:22:38.730+0000] {dag.py:4180} INFO - Setting next_dagrun for dag_s3 to 2025-07-16 00:00:00+00:00, run_after=2025-07-17 00:00:00+00:00
[2025-07-16T15:22:38.774+0000] {processor.py:208} INFO - Processing /opt/airflow/dags/dag_s3.py took 0.207 seconds
[2025-07-16T15:23:08.889+0000] {processor.py:186} INFO - Started process (PID=2442) to work on /opt/airflow/dags/dag_s3.py
[2025-07-16T15:23:08.890+0000] {processor.py:914} INFO - Processing file /opt/airflow/dags/dag_s3.py for tasks to queue
[2025-07-16T15:23:08.892+0000] {logging_mixin.py:190} INFO - [2025-07-16T15:23:08.892+0000] {dagbag.py:588} INFO - Filling up the DagBag from /opt/airflow/dags/dag_s3.py
[2025-07-16T15:23:08.927+0000] {processor.py:925} INFO - DAG(s) 'dag_s3' retrieved from /opt/airflow/dags/dag_s3.py
[2025-07-16T15:23:08.968+0000] {logging_mixin.py:190} INFO - [2025-07-16T15:23:08.968+0000] {dag.py:3239} INFO - Sync 1 DAGs
[2025-07-16T15:23:09.013+0000] {logging_mixin.py:190} INFO - [2025-07-16T15:23:09.013+0000] {dag.py:4180} INFO - Setting next_dagrun for dag_s3 to 2025-07-16 00:00:00+00:00, run_after=2025-07-17 00:00:00+00:00
[2025-07-16T15:23:09.074+0000] {processor.py:208} INFO - Processing /opt/airflow/dags/dag_s3.py took 0.197 seconds
[2025-07-16T15:23:39.227+0000] {processor.py:186} INFO - Started process (PID=2468) to work on /opt/airflow/dags/dag_s3.py
[2025-07-16T15:23:39.229+0000] {processor.py:914} INFO - Processing file /opt/airflow/dags/dag_s3.py for tasks to queue
[2025-07-16T15:23:39.231+0000] {logging_mixin.py:190} INFO - [2025-07-16T15:23:39.230+0000] {dagbag.py:588} INFO - Filling up the DagBag from /opt/airflow/dags/dag_s3.py
[2025-07-16T15:23:39.263+0000] {processor.py:925} INFO - DAG(s) 'dag_s3' retrieved from /opt/airflow/dags/dag_s3.py
[2025-07-16T15:23:39.297+0000] {logging_mixin.py:190} INFO - [2025-07-16T15:23:39.297+0000] {dag.py:3239} INFO - Sync 1 DAGs
[2025-07-16T15:23:39.339+0000] {logging_mixin.py:190} INFO - [2025-07-16T15:23:39.339+0000] {dag.py:4180} INFO - Setting next_dagrun for dag_s3 to 2025-07-16 00:00:00+00:00, run_after=2025-07-17 00:00:00+00:00
[2025-07-16T15:23:39.401+0000] {processor.py:208} INFO - Processing /opt/airflow/dags/dag_s3.py took 0.184 seconds
[2025-07-16T15:24:09.700+0000] {processor.py:186} INFO - Started process (PID=2494) to work on /opt/airflow/dags/dag_s3.py
[2025-07-16T15:24:09.702+0000] {processor.py:914} INFO - Processing file /opt/airflow/dags/dag_s3.py for tasks to queue
[2025-07-16T15:24:09.704+0000] {logging_mixin.py:190} INFO - [2025-07-16T15:24:09.704+0000] {dagbag.py:588} INFO - Filling up the DagBag from /opt/airflow/dags/dag_s3.py
[2025-07-16T15:24:09.742+0000] {processor.py:925} INFO - DAG(s) 'dag_s3' retrieved from /opt/airflow/dags/dag_s3.py
[2025-07-16T15:24:09.792+0000] {logging_mixin.py:190} INFO - [2025-07-16T15:24:09.792+0000] {dag.py:3239} INFO - Sync 1 DAGs
[2025-07-16T15:24:09.848+0000] {logging_mixin.py:190} INFO - [2025-07-16T15:24:09.848+0000] {dag.py:4180} INFO - Setting next_dagrun for dag_s3 to 2025-07-16 00:00:00+00:00, run_after=2025-07-17 00:00:00+00:00
[2025-07-16T15:24:09.911+0000] {processor.py:208} INFO - Processing /opt/airflow/dags/dag_s3.py took 0.222 seconds
[2025-07-16T15:24:40.053+0000] {processor.py:186} INFO - Started process (PID=2520) to work on /opt/airflow/dags/dag_s3.py
[2025-07-16T15:24:40.054+0000] {processor.py:914} INFO - Processing file /opt/airflow/dags/dag_s3.py for tasks to queue
[2025-07-16T15:24:40.056+0000] {logging_mixin.py:190} INFO - [2025-07-16T15:24:40.056+0000] {dagbag.py:588} INFO - Filling up the DagBag from /opt/airflow/dags/dag_s3.py
[2025-07-16T15:24:40.099+0000] {processor.py:925} INFO - DAG(s) 'dag_s3' retrieved from /opt/airflow/dags/dag_s3.py
[2025-07-16T15:24:40.138+0000] {logging_mixin.py:190} INFO - [2025-07-16T15:24:40.137+0000] {dag.py:3239} INFO - Sync 1 DAGs
[2025-07-16T15:24:40.189+0000] {logging_mixin.py:190} INFO - [2025-07-16T15:24:40.188+0000] {dag.py:4180} INFO - Setting next_dagrun for dag_s3 to 2025-07-16 00:00:00+00:00, run_after=2025-07-17 00:00:00+00:00
[2025-07-16T15:24:40.250+0000] {processor.py:208} INFO - Processing /opt/airflow/dags/dag_s3.py took 0.206 seconds
[2025-07-16T15:25:10.515+0000] {processor.py:186} INFO - Started process (PID=2546) to work on /opt/airflow/dags/dag_s3.py
[2025-07-16T15:25:10.520+0000] {processor.py:914} INFO - Processing file /opt/airflow/dags/dag_s3.py for tasks to queue
[2025-07-16T15:25:10.523+0000] {logging_mixin.py:190} INFO - [2025-07-16T15:25:10.523+0000] {dagbag.py:588} INFO - Filling up the DagBag from /opt/airflow/dags/dag_s3.py
[2025-07-16T15:25:10.576+0000] {processor.py:925} INFO - DAG(s) 'dag_s3' retrieved from /opt/airflow/dags/dag_s3.py
[2025-07-16T15:25:10.633+0000] {logging_mixin.py:190} INFO - [2025-07-16T15:25:10.632+0000] {dag.py:3239} INFO - Sync 1 DAGs
[2025-07-16T15:25:10.688+0000] {logging_mixin.py:190} INFO - [2025-07-16T15:25:10.687+0000] {dag.py:4180} INFO - Setting next_dagrun for dag_s3 to 2025-07-16 00:00:00+00:00, run_after=2025-07-17 00:00:00+00:00
[2025-07-16T15:25:10.749+0000] {processor.py:208} INFO - Processing /opt/airflow/dags/dag_s3.py took 0.257 seconds
[2025-07-16T15:25:40.847+0000] {processor.py:186} INFO - Started process (PID=2573) to work on /opt/airflow/dags/dag_s3.py
[2025-07-16T15:25:40.849+0000] {processor.py:914} INFO - Processing file /opt/airflow/dags/dag_s3.py for tasks to queue
[2025-07-16T15:25:40.851+0000] {logging_mixin.py:190} INFO - [2025-07-16T15:25:40.851+0000] {dagbag.py:588} INFO - Filling up the DagBag from /opt/airflow/dags/dag_s3.py
[2025-07-16T15:25:40.886+0000] {processor.py:925} INFO - DAG(s) 'dag_s3' retrieved from /opt/airflow/dags/dag_s3.py
[2025-07-16T15:25:40.924+0000] {logging_mixin.py:190} INFO - [2025-07-16T15:25:40.924+0000] {dag.py:3239} INFO - Sync 1 DAGs
[2025-07-16T15:25:40.968+0000] {logging_mixin.py:190} INFO - [2025-07-16T15:25:40.967+0000] {dag.py:4180} INFO - Setting next_dagrun for dag_s3 to 2025-07-16 00:00:00+00:00, run_after=2025-07-17 00:00:00+00:00
[2025-07-16T15:25:41.032+0000] {processor.py:208} INFO - Processing /opt/airflow/dags/dag_s3.py took 0.194 seconds
[2025-07-16T15:26:11.174+0000] {processor.py:186} INFO - Started process (PID=2599) to work on /opt/airflow/dags/dag_s3.py
[2025-07-16T15:26:11.176+0000] {processor.py:914} INFO - Processing file /opt/airflow/dags/dag_s3.py for tasks to queue
[2025-07-16T15:26:11.179+0000] {logging_mixin.py:190} INFO - [2025-07-16T15:26:11.178+0000] {dagbag.py:588} INFO - Filling up the DagBag from /opt/airflow/dags/dag_s3.py
[2025-07-16T15:26:11.221+0000] {processor.py:925} INFO - DAG(s) 'dag_s3' retrieved from /opt/airflow/dags/dag_s3.py
[2025-07-16T15:26:11.278+0000] {logging_mixin.py:190} INFO - [2025-07-16T15:26:11.277+0000] {dag.py:3239} INFO - Sync 1 DAGs
[2025-07-16T15:26:11.326+0000] {logging_mixin.py:190} INFO - [2025-07-16T15:26:11.325+0000] {dag.py:4180} INFO - Setting next_dagrun for dag_s3 to 2025-07-16 00:00:00+00:00, run_after=2025-07-17 00:00:00+00:00
[2025-07-16T15:26:11.392+0000] {processor.py:208} INFO - Processing /opt/airflow/dags/dag_s3.py took 0.233 seconds
[2025-07-16T15:26:41.588+0000] {processor.py:186} INFO - Started process (PID=2625) to work on /opt/airflow/dags/dag_s3.py
[2025-07-16T15:26:41.589+0000] {processor.py:914} INFO - Processing file /opt/airflow/dags/dag_s3.py for tasks to queue
[2025-07-16T15:26:41.591+0000] {logging_mixin.py:190} INFO - [2025-07-16T15:26:41.590+0000] {dagbag.py:588} INFO - Filling up the DagBag from /opt/airflow/dags/dag_s3.py
[2025-07-16T15:26:41.622+0000] {processor.py:925} INFO - DAG(s) 'dag_s3' retrieved from /opt/airflow/dags/dag_s3.py
[2025-07-16T15:26:41.660+0000] {logging_mixin.py:190} INFO - [2025-07-16T15:26:41.659+0000] {dag.py:3239} INFO - Sync 1 DAGs
[2025-07-16T15:26:41.700+0000] {logging_mixin.py:190} INFO - [2025-07-16T15:26:41.700+0000] {dag.py:4180} INFO - Setting next_dagrun for dag_s3 to 2025-07-16 00:00:00+00:00, run_after=2025-07-17 00:00:00+00:00
[2025-07-16T15:26:41.731+0000] {processor.py:208} INFO - Processing /opt/airflow/dags/dag_s3.py took 0.152 seconds
[2025-07-16T15:27:12.055+0000] {processor.py:186} INFO - Started process (PID=2651) to work on /opt/airflow/dags/dag_s3.py
[2025-07-16T15:27:12.057+0000] {processor.py:914} INFO - Processing file /opt/airflow/dags/dag_s3.py for tasks to queue
[2025-07-16T15:27:12.059+0000] {logging_mixin.py:190} INFO - [2025-07-16T15:27:12.058+0000] {dagbag.py:588} INFO - Filling up the DagBag from /opt/airflow/dags/dag_s3.py
[2025-07-16T15:27:12.089+0000] {processor.py:925} INFO - DAG(s) 'dag_s3' retrieved from /opt/airflow/dags/dag_s3.py
[2025-07-16T15:27:12.122+0000] {logging_mixin.py:190} INFO - [2025-07-16T15:27:12.122+0000] {dag.py:3239} INFO - Sync 1 DAGs
[2025-07-16T15:27:12.162+0000] {logging_mixin.py:190} INFO - [2025-07-16T15:27:12.161+0000] {dag.py:4180} INFO - Setting next_dagrun for dag_s3 to 2025-07-16 00:00:00+00:00, run_after=2025-07-17 00:00:00+00:00
[2025-07-16T15:27:12.222+0000] {processor.py:208} INFO - Processing /opt/airflow/dags/dag_s3.py took 0.174 seconds
[2025-07-16T15:27:42.410+0000] {processor.py:186} INFO - Started process (PID=2677) to work on /opt/airflow/dags/dag_s3.py
[2025-07-16T15:27:42.412+0000] {processor.py:914} INFO - Processing file /opt/airflow/dags/dag_s3.py for tasks to queue
[2025-07-16T15:27:42.414+0000] {logging_mixin.py:190} INFO - [2025-07-16T15:27:42.414+0000] {dagbag.py:588} INFO - Filling up the DagBag from /opt/airflow/dags/dag_s3.py
[2025-07-16T15:27:42.448+0000] {processor.py:925} INFO - DAG(s) 'dag_s3' retrieved from /opt/airflow/dags/dag_s3.py
[2025-07-16T15:27:42.483+0000] {logging_mixin.py:190} INFO - [2025-07-16T15:27:42.482+0000] {dag.py:3239} INFO - Sync 1 DAGs
[2025-07-16T15:27:42.532+0000] {logging_mixin.py:190} INFO - [2025-07-16T15:27:42.531+0000] {dag.py:4180} INFO - Setting next_dagrun for dag_s3 to 2025-07-16 00:00:00+00:00, run_after=2025-07-17 00:00:00+00:00
[2025-07-16T15:27:42.590+0000] {processor.py:208} INFO - Processing /opt/airflow/dags/dag_s3.py took 0.190 seconds
[2025-07-16T15:28:13.454+0000] {processor.py:186} INFO - Started process (PID=2706) to work on /opt/airflow/dags/dag_s3.py
[2025-07-16T15:28:13.458+0000] {processor.py:914} INFO - Processing file /opt/airflow/dags/dag_s3.py for tasks to queue
[2025-07-16T15:28:13.463+0000] {logging_mixin.py:190} INFO - [2025-07-16T15:28:13.462+0000] {dagbag.py:588} INFO - Filling up the DagBag from /opt/airflow/dags/dag_s3.py
[2025-07-16T15:28:13.516+0000] {processor.py:925} INFO - DAG(s) 'dag_s3' retrieved from /opt/airflow/dags/dag_s3.py
[2025-07-16T15:28:13.587+0000] {logging_mixin.py:190} INFO - [2025-07-16T15:28:13.586+0000] {dag.py:3239} INFO - Sync 1 DAGs
[2025-07-16T15:28:13.650+0000] {logging_mixin.py:190} INFO - [2025-07-16T15:28:13.650+0000] {dag.py:4180} INFO - Setting next_dagrun for dag_s3 to 2025-07-16 00:00:00+00:00, run_after=2025-07-17 00:00:00+00:00
[2025-07-16T15:28:13.687+0000] {processor.py:208} INFO - Processing /opt/airflow/dags/dag_s3.py took 0.250 seconds
[2025-07-16T15:28:44.197+0000] {processor.py:186} INFO - Started process (PID=2732) to work on /opt/airflow/dags/dag_s3.py
[2025-07-16T15:28:44.198+0000] {processor.py:914} INFO - Processing file /opt/airflow/dags/dag_s3.py for tasks to queue
[2025-07-16T15:28:44.200+0000] {logging_mixin.py:190} INFO - [2025-07-16T15:28:44.200+0000] {dagbag.py:588} INFO - Filling up the DagBag from /opt/airflow/dags/dag_s3.py
[2025-07-16T15:28:44.241+0000] {processor.py:925} INFO - DAG(s) 'dag_s3' retrieved from /opt/airflow/dags/dag_s3.py
[2025-07-16T15:28:44.288+0000] {logging_mixin.py:190} INFO - [2025-07-16T15:28:44.288+0000] {dag.py:3239} INFO - Sync 1 DAGs
[2025-07-16T15:28:44.335+0000] {logging_mixin.py:190} INFO - [2025-07-16T15:28:44.335+0000] {dag.py:4180} INFO - Setting next_dagrun for dag_s3 to 2025-07-16 00:00:00+00:00, run_after=2025-07-17 00:00:00+00:00
[2025-07-16T15:28:44.396+0000] {processor.py:208} INFO - Processing /opt/airflow/dags/dag_s3.py took 0.210 seconds
[2025-07-16T15:29:15.103+0000] {processor.py:186} INFO - Started process (PID=2746) to work on /opt/airflow/dags/dag_s3.py
[2025-07-16T15:29:15.105+0000] {processor.py:914} INFO - Processing file /opt/airflow/dags/dag_s3.py for tasks to queue
[2025-07-16T15:29:15.107+0000] {logging_mixin.py:190} INFO - [2025-07-16T15:29:15.107+0000] {dagbag.py:588} INFO - Filling up the DagBag from /opt/airflow/dags/dag_s3.py
[2025-07-16T15:29:15.152+0000] {processor.py:925} INFO - DAG(s) 'dag_s3' retrieved from /opt/airflow/dags/dag_s3.py
[2025-07-16T15:29:15.196+0000] {logging_mixin.py:190} INFO - [2025-07-16T15:29:15.196+0000] {dag.py:3239} INFO - Sync 1 DAGs
[2025-07-16T15:29:15.263+0000] {logging_mixin.py:190} INFO - [2025-07-16T15:29:15.262+0000] {dag.py:4180} INFO - Setting next_dagrun for dag_s3 to 2025-07-16 00:00:00+00:00, run_after=2025-07-17 00:00:00+00:00
[2025-07-16T15:29:15.334+0000] {processor.py:208} INFO - Processing /opt/airflow/dags/dag_s3.py took 0.244 seconds
[2025-07-16T15:29:46.553+0000] {processor.py:186} INFO - Started process (PID=2772) to work on /opt/airflow/dags/dag_s3.py
[2025-07-16T15:29:46.555+0000] {processor.py:914} INFO - Processing file /opt/airflow/dags/dag_s3.py for tasks to queue
[2025-07-16T15:29:46.556+0000] {logging_mixin.py:190} INFO - [2025-07-16T15:29:46.556+0000] {dagbag.py:588} INFO - Filling up the DagBag from /opt/airflow/dags/dag_s3.py
[2025-07-16T15:29:46.588+0000] {processor.py:925} INFO - DAG(s) 'dag_s3' retrieved from /opt/airflow/dags/dag_s3.py
[2025-07-16T15:29:46.630+0000] {logging_mixin.py:190} INFO - [2025-07-16T15:29:46.629+0000] {dag.py:3239} INFO - Sync 1 DAGs
[2025-07-16T15:29:46.684+0000] {logging_mixin.py:190} INFO - [2025-07-16T15:29:46.683+0000] {dag.py:4180} INFO - Setting next_dagrun for dag_s3 to 2025-07-16 00:00:00+00:00, run_after=2025-07-17 00:00:00+00:00
[2025-07-16T15:29:46.723+0000] {processor.py:208} INFO - Processing /opt/airflow/dags/dag_s3.py took 0.179 seconds
[2025-07-16T15:29:53.186+0000] {processor.py:186} INFO - Started process (PID=2792) to work on /opt/airflow/dags/dag_s3.py
[2025-07-16T15:29:53.188+0000] {processor.py:914} INFO - Processing file /opt/airflow/dags/dag_s3.py for tasks to queue
[2025-07-16T15:29:53.191+0000] {logging_mixin.py:190} INFO - [2025-07-16T15:29:53.190+0000] {dagbag.py:588} INFO - Filling up the DagBag from /opt/airflow/dags/dag_s3.py
[2025-07-16T15:29:53.240+0000] {processor.py:925} INFO - DAG(s) 'dag_s3' retrieved from /opt/airflow/dags/dag_s3.py
[2025-07-16T15:29:53.280+0000] {logging_mixin.py:190} INFO - [2025-07-16T15:29:53.280+0000] {dag.py:3239} INFO - Sync 1 DAGs
[2025-07-16T15:29:53.331+0000] {logging_mixin.py:190} INFO - [2025-07-16T15:29:53.330+0000] {dag.py:4180} INFO - Setting next_dagrun for dag_s3 to 2025-07-16 00:00:00+00:00, run_after=2025-07-17 00:00:00+00:00
[2025-07-16T15:29:53.371+0000] {processor.py:208} INFO - Processing /opt/airflow/dags/dag_s3.py took 0.195 seconds
[2025-07-16T15:30:05.550+0000] {processor.py:186} INFO - Started process (PID=2797) to work on /opt/airflow/dags/dag_s3.py
[2025-07-16T15:30:05.551+0000] {processor.py:914} INFO - Processing file /opt/airflow/dags/dag_s3.py for tasks to queue
[2025-07-16T15:30:05.553+0000] {logging_mixin.py:190} INFO - [2025-07-16T15:30:05.552+0000] {dagbag.py:588} INFO - Filling up the DagBag from /opt/airflow/dags/dag_s3.py
[2025-07-16T15:30:05.629+0000] {processor.py:925} INFO - DAG(s) 'dag_s3' retrieved from /opt/airflow/dags/dag_s3.py
[2025-07-16T15:30:05.664+0000] {logging_mixin.py:190} INFO - [2025-07-16T15:30:05.664+0000] {dag.py:3239} INFO - Sync 1 DAGs
[2025-07-16T15:30:05.702+0000] {logging_mixin.py:190} INFO - [2025-07-16T15:30:05.702+0000] {dag.py:4180} INFO - Setting next_dagrun for dag_s3 to 2025-07-16 00:00:00+00:00, run_after=2025-07-17 00:00:00+00:00
[2025-07-16T15:30:05.765+0000] {processor.py:208} INFO - Processing /opt/airflow/dags/dag_s3.py took 0.225 seconds
[2025-07-16T15:30:35.989+0000] {processor.py:186} INFO - Started process (PID=2823) to work on /opt/airflow/dags/dag_s3.py
[2025-07-16T15:30:35.990+0000] {processor.py:914} INFO - Processing file /opt/airflow/dags/dag_s3.py for tasks to queue
[2025-07-16T15:30:35.993+0000] {logging_mixin.py:190} INFO - [2025-07-16T15:30:35.992+0000] {dagbag.py:588} INFO - Filling up the DagBag from /opt/airflow/dags/dag_s3.py
[2025-07-16T15:30:36.026+0000] {processor.py:925} INFO - DAG(s) 'dag_s3' retrieved from /opt/airflow/dags/dag_s3.py
[2025-07-16T15:30:36.068+0000] {logging_mixin.py:190} INFO - [2025-07-16T15:30:36.068+0000] {dag.py:3239} INFO - Sync 1 DAGs
[2025-07-16T15:30:36.115+0000] {logging_mixin.py:190} INFO - [2025-07-16T15:30:36.114+0000] {dag.py:4180} INFO - Setting next_dagrun for dag_s3 to 2025-07-16 00:00:00+00:00, run_after=2025-07-17 00:00:00+00:00
[2025-07-16T15:30:36.173+0000] {processor.py:208} INFO - Processing /opt/airflow/dags/dag_s3.py took 0.194 seconds
[2025-07-16T15:31:06.371+0000] {processor.py:186} INFO - Started process (PID=2849) to work on /opt/airflow/dags/dag_s3.py
[2025-07-16T15:31:06.373+0000] {processor.py:914} INFO - Processing file /opt/airflow/dags/dag_s3.py for tasks to queue
[2025-07-16T15:31:06.375+0000] {logging_mixin.py:190} INFO - [2025-07-16T15:31:06.374+0000] {dagbag.py:588} INFO - Filling up the DagBag from /opt/airflow/dags/dag_s3.py
[2025-07-16T15:31:06.406+0000] {processor.py:925} INFO - DAG(s) 'dag_s3' retrieved from /opt/airflow/dags/dag_s3.py
[2025-07-16T15:31:06.441+0000] {logging_mixin.py:190} INFO - [2025-07-16T15:31:06.441+0000] {dag.py:3239} INFO - Sync 1 DAGs
[2025-07-16T15:31:06.482+0000] {logging_mixin.py:190} INFO - [2025-07-16T15:31:06.481+0000] {dag.py:4180} INFO - Setting next_dagrun for dag_s3 to 2025-07-16 00:00:00+00:00, run_after=2025-07-17 00:00:00+00:00
[2025-07-16T15:31:06.542+0000] {processor.py:208} INFO - Processing /opt/airflow/dags/dag_s3.py took 0.179 seconds
[2025-07-16T15:31:36.715+0000] {processor.py:186} INFO - Started process (PID=2876) to work on /opt/airflow/dags/dag_s3.py
[2025-07-16T15:31:36.717+0000] {processor.py:914} INFO - Processing file /opt/airflow/dags/dag_s3.py for tasks to queue
[2025-07-16T15:31:36.719+0000] {logging_mixin.py:190} INFO - [2025-07-16T15:31:36.718+0000] {dagbag.py:588} INFO - Filling up the DagBag from /opt/airflow/dags/dag_s3.py
[2025-07-16T15:31:36.755+0000] {processor.py:925} INFO - DAG(s) 'dag_s3' retrieved from /opt/airflow/dags/dag_s3.py
[2025-07-16T15:31:36.802+0000] {logging_mixin.py:190} INFO - [2025-07-16T15:31:36.801+0000] {dag.py:3239} INFO - Sync 1 DAGs
[2025-07-16T15:31:36.843+0000] {logging_mixin.py:190} INFO - [2025-07-16T15:31:36.843+0000] {dag.py:4180} INFO - Setting next_dagrun for dag_s3 to 2025-07-16 00:00:00+00:00, run_after=2025-07-17 00:00:00+00:00
[2025-07-16T15:31:36.871+0000] {processor.py:208} INFO - Processing /opt/airflow/dags/dag_s3.py took 0.163 seconds
[2025-07-16T15:32:07.074+0000] {processor.py:186} INFO - Started process (PID=2903) to work on /opt/airflow/dags/dag_s3.py
[2025-07-16T15:32:07.075+0000] {processor.py:914} INFO - Processing file /opt/airflow/dags/dag_s3.py for tasks to queue
[2025-07-16T15:32:07.077+0000] {logging_mixin.py:190} INFO - [2025-07-16T15:32:07.077+0000] {dagbag.py:588} INFO - Filling up the DagBag from /opt/airflow/dags/dag_s3.py
[2025-07-16T15:32:07.113+0000] {processor.py:925} INFO - DAG(s) 'dag_s3' retrieved from /opt/airflow/dags/dag_s3.py
[2025-07-16T15:32:07.183+0000] {logging_mixin.py:190} INFO - [2025-07-16T15:32:07.182+0000] {dag.py:3239} INFO - Sync 1 DAGs
[2025-07-16T15:32:07.221+0000] {logging_mixin.py:190} INFO - [2025-07-16T15:32:07.220+0000] {dag.py:4180} INFO - Setting next_dagrun for dag_s3 to 2025-07-16 00:00:00+00:00, run_after=2025-07-17 00:00:00+00:00
[2025-07-16T15:32:07.278+0000] {processor.py:208} INFO - Processing /opt/airflow/dags/dag_s3.py took 0.214 seconds
[2025-07-16T15:32:37.442+0000] {processor.py:186} INFO - Started process (PID=2929) to work on /opt/airflow/dags/dag_s3.py
[2025-07-16T15:32:37.444+0000] {processor.py:914} INFO - Processing file /opt/airflow/dags/dag_s3.py for tasks to queue
[2025-07-16T15:32:37.447+0000] {logging_mixin.py:190} INFO - [2025-07-16T15:32:37.446+0000] {dagbag.py:588} INFO - Filling up the DagBag from /opt/airflow/dags/dag_s3.py
[2025-07-16T15:32:37.480+0000] {processor.py:925} INFO - DAG(s) 'dag_s3' retrieved from /opt/airflow/dags/dag_s3.py
[2025-07-16T15:32:37.518+0000] {logging_mixin.py:190} INFO - [2025-07-16T15:32:37.518+0000] {dag.py:3239} INFO - Sync 1 DAGs
[2025-07-16T15:32:37.565+0000] {logging_mixin.py:190} INFO - [2025-07-16T15:32:37.564+0000] {dag.py:4180} INFO - Setting next_dagrun for dag_s3 to 2025-07-16 00:00:00+00:00, run_after=2025-07-17 00:00:00+00:00
[2025-07-16T15:32:37.603+0000] {processor.py:208} INFO - Processing /opt/airflow/dags/dag_s3.py took 0.170 seconds
[2025-07-16T15:33:07.823+0000] {processor.py:186} INFO - Started process (PID=2958) to work on /opt/airflow/dags/dag_s3.py
[2025-07-16T15:33:07.825+0000] {processor.py:914} INFO - Processing file /opt/airflow/dags/dag_s3.py for tasks to queue
[2025-07-16T15:33:07.827+0000] {logging_mixin.py:190} INFO - [2025-07-16T15:33:07.827+0000] {dagbag.py:588} INFO - Filling up the DagBag from /opt/airflow/dags/dag_s3.py
[2025-07-16T15:33:07.864+0000] {processor.py:925} INFO - DAG(s) 'dag_s3' retrieved from /opt/airflow/dags/dag_s3.py
[2025-07-16T15:33:07.907+0000] {logging_mixin.py:190} INFO - [2025-07-16T15:33:07.906+0000] {dag.py:3239} INFO - Sync 1 DAGs
[2025-07-16T15:33:07.950+0000] {logging_mixin.py:190} INFO - [2025-07-16T15:33:07.949+0000] {dag.py:4180} INFO - Setting next_dagrun for dag_s3 to 2025-07-16 00:00:00+00:00, run_after=2025-07-17 00:00:00+00:00
[2025-07-16T15:33:08.009+0000] {processor.py:208} INFO - Processing /opt/airflow/dags/dag_s3.py took 0.198 seconds
[2025-07-16T15:33:39.007+0000] {processor.py:186} INFO - Started process (PID=2984) to work on /opt/airflow/dags/dag_s3.py
[2025-07-16T15:33:39.009+0000] {processor.py:914} INFO - Processing file /opt/airflow/dags/dag_s3.py for tasks to queue
[2025-07-16T15:33:39.011+0000] {logging_mixin.py:190} INFO - [2025-07-16T15:33:39.011+0000] {dagbag.py:588} INFO - Filling up the DagBag from /opt/airflow/dags/dag_s3.py
[2025-07-16T15:33:39.047+0000] {processor.py:925} INFO - DAG(s) 'dag_s3' retrieved from /opt/airflow/dags/dag_s3.py
[2025-07-16T15:33:39.086+0000] {logging_mixin.py:190} INFO - [2025-07-16T15:33:39.085+0000] {dag.py:3239} INFO - Sync 1 DAGs
[2025-07-16T15:33:39.127+0000] {logging_mixin.py:190} INFO - [2025-07-16T15:33:39.127+0000] {dag.py:4180} INFO - Setting next_dagrun for dag_s3 to 2025-07-16 00:00:00+00:00, run_after=2025-07-17 00:00:00+00:00
[2025-07-16T15:33:39.185+0000] {processor.py:208} INFO - Processing /opt/airflow/dags/dag_s3.py took 0.187 seconds
[2025-07-16T15:34:09.469+0000] {processor.py:186} INFO - Started process (PID=3013) to work on /opt/airflow/dags/dag_s3.py
[2025-07-16T15:34:09.470+0000] {processor.py:914} INFO - Processing file /opt/airflow/dags/dag_s3.py for tasks to queue
[2025-07-16T15:34:09.472+0000] {logging_mixin.py:190} INFO - [2025-07-16T15:34:09.472+0000] {dagbag.py:588} INFO - Filling up the DagBag from /opt/airflow/dags/dag_s3.py
[2025-07-16T15:34:09.509+0000] {processor.py:925} INFO - DAG(s) 'dag_s3' retrieved from /opt/airflow/dags/dag_s3.py
[2025-07-16T15:34:09.548+0000] {logging_mixin.py:190} INFO - [2025-07-16T15:34:09.548+0000] {dag.py:3239} INFO - Sync 1 DAGs
[2025-07-16T15:34:09.597+0000] {logging_mixin.py:190} INFO - [2025-07-16T15:34:09.597+0000] {dag.py:4180} INFO - Setting next_dagrun for dag_s3 to 2025-07-16 00:00:00+00:00, run_after=2025-07-17 00:00:00+00:00
[2025-07-16T15:34:09.637+0000] {processor.py:208} INFO - Processing /opt/airflow/dags/dag_s3.py took 0.179 seconds
[2025-07-16T15:34:39.899+0000] {processor.py:186} INFO - Started process (PID=3040) to work on /opt/airflow/dags/dag_s3.py
[2025-07-16T15:34:39.900+0000] {processor.py:914} INFO - Processing file /opt/airflow/dags/dag_s3.py for tasks to queue
[2025-07-16T15:34:39.902+0000] {logging_mixin.py:190} INFO - [2025-07-16T15:34:39.901+0000] {dagbag.py:588} INFO - Filling up the DagBag from /opt/airflow/dags/dag_s3.py
[2025-07-16T15:34:39.934+0000] {processor.py:925} INFO - DAG(s) 'dag_s3' retrieved from /opt/airflow/dags/dag_s3.py
[2025-07-16T15:34:39.972+0000] {logging_mixin.py:190} INFO - [2025-07-16T15:34:39.972+0000] {dag.py:3239} INFO - Sync 1 DAGs
[2025-07-16T15:34:40.015+0000] {logging_mixin.py:190} INFO - [2025-07-16T15:34:40.015+0000] {dag.py:4180} INFO - Setting next_dagrun for dag_s3 to 2025-07-16 00:00:00+00:00, run_after=2025-07-17 00:00:00+00:00
[2025-07-16T15:34:40.073+0000] {processor.py:208} INFO - Processing /opt/airflow/dags/dag_s3.py took 0.182 seconds
[2025-07-16T15:35:10.382+0000] {processor.py:186} INFO - Started process (PID=3066) to work on /opt/airflow/dags/dag_s3.py
[2025-07-16T15:35:10.384+0000] {processor.py:914} INFO - Processing file /opt/airflow/dags/dag_s3.py for tasks to queue
[2025-07-16T15:35:10.387+0000] {logging_mixin.py:190} INFO - [2025-07-16T15:35:10.385+0000] {dagbag.py:588} INFO - Filling up the DagBag from /opt/airflow/dags/dag_s3.py
[2025-07-16T15:35:10.439+0000] {processor.py:925} INFO - DAG(s) 'dag_s3' retrieved from /opt/airflow/dags/dag_s3.py
[2025-07-16T15:35:10.498+0000] {logging_mixin.py:190} INFO - [2025-07-16T15:35:10.497+0000] {dag.py:3239} INFO - Sync 1 DAGs
[2025-07-16T15:35:10.561+0000] {logging_mixin.py:190} INFO - [2025-07-16T15:35:10.560+0000] {dag.py:4180} INFO - Setting next_dagrun for dag_s3 to 2025-07-16 00:00:00+00:00, run_after=2025-07-17 00:00:00+00:00
[2025-07-16T15:35:10.629+0000] {processor.py:208} INFO - Processing /opt/airflow/dags/dag_s3.py took 0.256 seconds
[2025-07-16T15:35:40.885+0000] {processor.py:186} INFO - Started process (PID=3092) to work on /opt/airflow/dags/dag_s3.py
[2025-07-16T15:35:40.887+0000] {processor.py:914} INFO - Processing file /opt/airflow/dags/dag_s3.py for tasks to queue
[2025-07-16T15:35:40.891+0000] {logging_mixin.py:190} INFO - [2025-07-16T15:35:40.889+0000] {dagbag.py:588} INFO - Filling up the DagBag from /opt/airflow/dags/dag_s3.py
[2025-07-16T15:35:40.924+0000] {processor.py:925} INFO - DAG(s) 'dag_s3' retrieved from /opt/airflow/dags/dag_s3.py
[2025-07-16T15:35:40.961+0000] {logging_mixin.py:190} INFO - [2025-07-16T15:35:40.961+0000] {dag.py:3239} INFO - Sync 1 DAGs
[2025-07-16T15:35:41.000+0000] {logging_mixin.py:190} INFO - [2025-07-16T15:35:41.000+0000] {dag.py:4180} INFO - Setting next_dagrun for dag_s3 to 2025-07-16 00:00:00+00:00, run_after=2025-07-17 00:00:00+00:00
[2025-07-16T15:35:41.061+0000] {processor.py:208} INFO - Processing /opt/airflow/dags/dag_s3.py took 0.185 seconds
[2025-07-16T15:36:11.298+0000] {processor.py:186} INFO - Started process (PID=3118) to work on /opt/airflow/dags/dag_s3.py
[2025-07-16T15:36:11.300+0000] {processor.py:914} INFO - Processing file /opt/airflow/dags/dag_s3.py for tasks to queue
[2025-07-16T15:36:11.305+0000] {logging_mixin.py:190} INFO - [2025-07-16T15:36:11.304+0000] {dagbag.py:588} INFO - Filling up the DagBag from /opt/airflow/dags/dag_s3.py
[2025-07-16T15:36:11.339+0000] {processor.py:925} INFO - DAG(s) 'dag_s3' retrieved from /opt/airflow/dags/dag_s3.py
[2025-07-16T15:36:11.386+0000] {logging_mixin.py:190} INFO - [2025-07-16T15:36:11.385+0000] {dag.py:3239} INFO - Sync 1 DAGs
[2025-07-16T15:36:11.455+0000] {logging_mixin.py:190} INFO - [2025-07-16T15:36:11.455+0000] {dag.py:4180} INFO - Setting next_dagrun for dag_s3 to 2025-07-16 00:00:00+00:00, run_after=2025-07-17 00:00:00+00:00
[2025-07-16T15:36:11.501+0000] {processor.py:208} INFO - Processing /opt/airflow/dags/dag_s3.py took 0.215 seconds
[2025-07-16T15:36:41.738+0000] {processor.py:186} INFO - Started process (PID=3151) to work on /opt/airflow/dags/dag_s3.py
[2025-07-16T15:36:41.740+0000] {processor.py:914} INFO - Processing file /opt/airflow/dags/dag_s3.py for tasks to queue
[2025-07-16T15:36:41.744+0000] {logging_mixin.py:190} INFO - [2025-07-16T15:36:41.743+0000] {dagbag.py:588} INFO - Filling up the DagBag from /opt/airflow/dags/dag_s3.py
[2025-07-16T15:36:41.777+0000] {processor.py:925} INFO - DAG(s) 'dag_s3' retrieved from /opt/airflow/dags/dag_s3.py
[2025-07-16T15:36:41.816+0000] {logging_mixin.py:190} INFO - [2025-07-16T15:36:41.816+0000] {dag.py:3239} INFO - Sync 1 DAGs
[2025-07-16T15:36:41.861+0000] {logging_mixin.py:190} INFO - [2025-07-16T15:36:41.860+0000] {dag.py:4180} INFO - Setting next_dagrun for dag_s3 to 2025-07-16 00:00:00+00:00, run_after=2025-07-17 00:00:00+00:00
[2025-07-16T15:36:41.921+0000] {processor.py:208} INFO - Processing /opt/airflow/dags/dag_s3.py took 0.195 seconds
[2025-07-16T15:37:12.120+0000] {processor.py:186} INFO - Started process (PID=3178) to work on /opt/airflow/dags/dag_s3.py
[2025-07-16T15:37:12.122+0000] {processor.py:914} INFO - Processing file /opt/airflow/dags/dag_s3.py for tasks to queue
[2025-07-16T15:37:12.124+0000] {logging_mixin.py:190} INFO - [2025-07-16T15:37:12.123+0000] {dagbag.py:588} INFO - Filling up the DagBag from /opt/airflow/dags/dag_s3.py
[2025-07-16T15:37:12.159+0000] {processor.py:925} INFO - DAG(s) 'dag_s3' retrieved from /opt/airflow/dags/dag_s3.py
[2025-07-16T15:37:12.195+0000] {logging_mixin.py:190} INFO - [2025-07-16T15:37:12.194+0000] {dag.py:3239} INFO - Sync 1 DAGs
[2025-07-16T15:37:12.239+0000] {logging_mixin.py:190} INFO - [2025-07-16T15:37:12.239+0000] {dag.py:4180} INFO - Setting next_dagrun for dag_s3 to 2025-07-16 00:00:00+00:00, run_after=2025-07-17 00:00:00+00:00
[2025-07-16T15:37:12.300+0000] {processor.py:208} INFO - Processing /opt/airflow/dags/dag_s3.py took 0.190 seconds
[2025-07-16T15:37:42.570+0000] {processor.py:186} INFO - Started process (PID=3204) to work on /opt/airflow/dags/dag_s3.py
[2025-07-16T15:37:42.572+0000] {processor.py:914} INFO - Processing file /opt/airflow/dags/dag_s3.py for tasks to queue
[2025-07-16T15:37:42.575+0000] {logging_mixin.py:190} INFO - [2025-07-16T15:37:42.575+0000] {dagbag.py:588} INFO - Filling up the DagBag from /opt/airflow/dags/dag_s3.py
[2025-07-16T15:37:42.620+0000] {processor.py:925} INFO - DAG(s) 'dag_s3' retrieved from /opt/airflow/dags/dag_s3.py
[2025-07-16T15:37:42.678+0000] {logging_mixin.py:190} INFO - [2025-07-16T15:37:42.677+0000] {dag.py:3239} INFO - Sync 1 DAGs
[2025-07-16T15:37:42.739+0000] {logging_mixin.py:190} INFO - [2025-07-16T15:37:42.738+0000] {dag.py:4180} INFO - Setting next_dagrun for dag_s3 to 2025-07-16 00:00:00+00:00, run_after=2025-07-17 00:00:00+00:00
[2025-07-16T15:37:42.776+0000] {processor.py:208} INFO - Processing /opt/airflow/dags/dag_s3.py took 0.222 seconds
[2025-07-16T15:38:12.898+0000] {processor.py:186} INFO - Started process (PID=3230) to work on /opt/airflow/dags/dag_s3.py
[2025-07-16T15:38:12.900+0000] {processor.py:914} INFO - Processing file /opt/airflow/dags/dag_s3.py for tasks to queue
[2025-07-16T15:38:12.902+0000] {logging_mixin.py:190} INFO - [2025-07-16T15:38:12.901+0000] {dagbag.py:588} INFO - Filling up the DagBag from /opt/airflow/dags/dag_s3.py
[2025-07-16T15:38:12.934+0000] {processor.py:925} INFO - DAG(s) 'dag_s3' retrieved from /opt/airflow/dags/dag_s3.py
[2025-07-16T15:38:12.973+0000] {logging_mixin.py:190} INFO - [2025-07-16T15:38:12.972+0000] {dag.py:3239} INFO - Sync 1 DAGs
[2025-07-16T15:38:13.017+0000] {logging_mixin.py:190} INFO - [2025-07-16T15:38:13.016+0000] {dag.py:4180} INFO - Setting next_dagrun for dag_s3 to 2025-07-16 00:00:00+00:00, run_after=2025-07-17 00:00:00+00:00
[2025-07-16T15:38:13.075+0000] {processor.py:208} INFO - Processing /opt/airflow/dags/dag_s3.py took 0.185 seconds
[2025-07-16T15:38:43.303+0000] {processor.py:186} INFO - Started process (PID=3257) to work on /opt/airflow/dags/dag_s3.py
[2025-07-16T15:38:43.305+0000] {processor.py:914} INFO - Processing file /opt/airflow/dags/dag_s3.py for tasks to queue
[2025-07-16T15:38:43.307+0000] {logging_mixin.py:190} INFO - [2025-07-16T15:38:43.306+0000] {dagbag.py:588} INFO - Filling up the DagBag from /opt/airflow/dags/dag_s3.py
[2025-07-16T15:38:43.338+0000] {processor.py:925} INFO - DAG(s) 'dag_s3' retrieved from /opt/airflow/dags/dag_s3.py
[2025-07-16T15:38:43.377+0000] {logging_mixin.py:190} INFO - [2025-07-16T15:38:43.377+0000] {dag.py:3239} INFO - Sync 1 DAGs
[2025-07-16T15:38:43.416+0000] {logging_mixin.py:190} INFO - [2025-07-16T15:38:43.415+0000] {dag.py:4180} INFO - Setting next_dagrun for dag_s3 to 2025-07-16 00:00:00+00:00, run_after=2025-07-17 00:00:00+00:00
[2025-07-16T15:38:43.473+0000] {processor.py:208} INFO - Processing /opt/airflow/dags/dag_s3.py took 0.178 seconds
[2025-07-16T15:38:50.464+0000] {processor.py:186} INFO - Started process (PID=3262) to work on /opt/airflow/dags/dag_s3.py
[2025-07-16T15:38:50.465+0000] {processor.py:914} INFO - Processing file /opt/airflow/dags/dag_s3.py for tasks to queue
[2025-07-16T15:38:50.468+0000] {logging_mixin.py:190} INFO - [2025-07-16T15:38:50.467+0000] {dagbag.py:588} INFO - Filling up the DagBag from /opt/airflow/dags/dag_s3.py
[2025-07-16T15:38:50.523+0000] {processor.py:925} INFO - DAG(s) 'dag_s3' retrieved from /opt/airflow/dags/dag_s3.py
[2025-07-16T15:38:50.561+0000] {logging_mixin.py:190} INFO - [2025-07-16T15:38:50.560+0000] {dag.py:3239} INFO - Sync 1 DAGs
[2025-07-16T15:38:50.604+0000] {logging_mixin.py:190} INFO - [2025-07-16T15:38:50.604+0000] {dag.py:4180} INFO - Setting next_dagrun for dag_s3 to 2025-07-16 00:00:00+00:00, run_after=2025-07-17 00:00:00+00:00
[2025-07-16T15:38:50.672+0000] {processor.py:208} INFO - Processing /opt/airflow/dags/dag_s3.py took 0.217 seconds
[2025-07-16T15:39:20.760+0000] {processor.py:186} INFO - Started process (PID=3288) to work on /opt/airflow/dags/dag_s3.py
[2025-07-16T15:39:20.761+0000] {processor.py:914} INFO - Processing file /opt/airflow/dags/dag_s3.py for tasks to queue
[2025-07-16T15:39:20.764+0000] {logging_mixin.py:190} INFO - [2025-07-16T15:39:20.763+0000] {dagbag.py:588} INFO - Filling up the DagBag from /opt/airflow/dags/dag_s3.py
[2025-07-16T15:39:20.793+0000] {processor.py:925} INFO - DAG(s) 'dag_s3' retrieved from /opt/airflow/dags/dag_s3.py
[2025-07-16T15:39:20.831+0000] {logging_mixin.py:190} INFO - [2025-07-16T15:39:20.830+0000] {dag.py:3239} INFO - Sync 1 DAGs
[2025-07-16T15:39:20.870+0000] {logging_mixin.py:190} INFO - [2025-07-16T15:39:20.870+0000] {dag.py:4180} INFO - Setting next_dagrun for dag_s3 to 2025-07-16 00:00:00+00:00, run_after=2025-07-17 00:00:00+00:00
[2025-07-16T15:39:20.926+0000] {processor.py:208} INFO - Processing /opt/airflow/dags/dag_s3.py took 0.175 seconds
