[2025-09-26T17:08:18.874+0000] {processor.py:186} INFO - Started process (PID=228) to work on /opt/airflow/dags/dag2.py
[2025-09-26T17:08:18.879+0000] {processor.py:914} INFO - Processing file /opt/airflow/dags/dag2.py for tasks to queue
[2025-09-26T17:08:18.892+0000] {logging_mixin.py:190} INFO - [2025-09-26T17:08:18.888+0000] {dagbag.py:588} INFO - Filling up the DagBag from /opt/airflow/dags/dag2.py
[2025-09-26T17:08:19.012+0000] {processor.py:925} INFO - DAG(s) 'dag2.v2.0' retrieved from /opt/airflow/dags/dag2.py
[2025-09-26T17:08:19.111+0000] {logging_mixin.py:190} INFO - [2025-09-26T17:08:19.110+0000] {dag.py:3239} INFO - Sync 1 DAGs
[2025-09-26T17:08:19.274+0000] {logging_mixin.py:190} INFO - [2025-09-26T17:08:19.271+0000] {dag.py:4180} INFO - Setting next_dagrun for dag2.v2.0 to 2025-09-23 03:00:00+00:00, run_after=2025-09-30 03:00:00+00:00
[2025-09-26T17:08:20.440+0000] {processor.py:208} INFO - Processing /opt/airflow/dags/dag2.py took 1.624 seconds
[2025-09-26T17:08:50.725+0000] {processor.py:186} INFO - Started process (PID=289) to work on /opt/airflow/dags/dag2.py
[2025-09-26T17:08:50.726+0000] {processor.py:914} INFO - Processing file /opt/airflow/dags/dag2.py for tasks to queue
[2025-09-26T17:08:50.731+0000] {logging_mixin.py:190} INFO - [2025-09-26T17:08:50.730+0000] {dagbag.py:588} INFO - Filling up the DagBag from /opt/airflow/dags/dag2.py
[2025-09-26T17:08:50.767+0000] {processor.py:925} INFO - DAG(s) 'dag2.v2.0' retrieved from /opt/airflow/dags/dag2.py
[2025-09-26T17:08:50.817+0000] {logging_mixin.py:190} INFO - [2025-09-26T17:08:50.817+0000] {dag.py:3239} INFO - Sync 1 DAGs
[2025-09-26T17:08:51.216+0000] {logging_mixin.py:190} INFO - [2025-09-26T17:08:51.215+0000] {dag.py:4180} INFO - Setting next_dagrun for dag2.v2.0 to 2025-09-23 03:00:00+00:00, run_after=2025-09-30 03:00:00+00:00
[2025-09-26T17:08:51.266+0000] {processor.py:208} INFO - Processing /opt/airflow/dags/dag2.py took 0.554 seconds
[2025-09-26T17:09:21.398+0000] {processor.py:186} INFO - Started process (PID=313) to work on /opt/airflow/dags/dag2.py
[2025-09-26T17:09:21.401+0000] {processor.py:914} INFO - Processing file /opt/airflow/dags/dag2.py for tasks to queue
[2025-09-26T17:09:21.410+0000] {logging_mixin.py:190} INFO - [2025-09-26T17:09:21.410+0000] {dagbag.py:588} INFO - Filling up the DagBag from /opt/airflow/dags/dag2.py
[2025-09-26T17:09:21.487+0000] {processor.py:925} INFO - DAG(s) 'dag2.v2.0' retrieved from /opt/airflow/dags/dag2.py
[2025-09-26T17:09:22.003+0000] {logging_mixin.py:190} INFO - [2025-09-26T17:09:22.003+0000] {dag.py:3239} INFO - Sync 1 DAGs
[2025-09-26T17:09:22.044+0000] {logging_mixin.py:190} INFO - [2025-09-26T17:09:22.043+0000] {dag.py:4180} INFO - Setting next_dagrun for dag2.v2.0 to 2025-09-23 03:00:00+00:00, run_after=2025-09-30 03:00:00+00:00
[2025-09-26T17:09:22.076+0000] {processor.py:208} INFO - Processing /opt/airflow/dags/dag2.py took 0.700 seconds
[2025-09-26T17:09:53.513+0000] {processor.py:186} INFO - Started process (PID=342) to work on /opt/airflow/dags/dag2.py
[2025-09-26T17:09:53.516+0000] {processor.py:914} INFO - Processing file /opt/airflow/dags/dag2.py for tasks to queue
[2025-09-26T17:09:53.522+0000] {logging_mixin.py:190} INFO - [2025-09-26T17:09:53.521+0000] {dagbag.py:588} INFO - Filling up the DagBag from /opt/airflow/dags/dag2.py
[2025-09-26T17:09:53.578+0000] {processor.py:925} INFO - DAG(s) 'dag2.v2.0' retrieved from /opt/airflow/dags/dag2.py
[2025-09-26T17:09:53.670+0000] {logging_mixin.py:190} INFO - [2025-09-26T17:09:53.670+0000] {dag.py:3239} INFO - Sync 1 DAGs
[2025-09-26T17:09:53.750+0000] {logging_mixin.py:190} INFO - [2025-09-26T17:09:53.749+0000] {dag.py:4180} INFO - Setting next_dagrun for dag2.v2.0 to 2025-09-23 03:00:00+00:00, run_after=2025-09-30 03:00:00+00:00
[2025-09-26T17:09:53.788+0000] {processor.py:208} INFO - Processing /opt/airflow/dags/dag2.py took 0.289 seconds
[2025-09-26T17:10:23.924+0000] {processor.py:186} INFO - Started process (PID=368) to work on /opt/airflow/dags/dag2.py
[2025-09-26T17:10:23.926+0000] {processor.py:914} INFO - Processing file /opt/airflow/dags/dag2.py for tasks to queue
[2025-09-26T17:10:23.932+0000] {logging_mixin.py:190} INFO - [2025-09-26T17:10:23.931+0000] {dagbag.py:588} INFO - Filling up the DagBag from /opt/airflow/dags/dag2.py
[2025-09-26T17:10:23.980+0000] {processor.py:925} INFO - DAG(s) 'dag2.v2.0' retrieved from /opt/airflow/dags/dag2.py
[2025-09-26T17:10:24.048+0000] {logging_mixin.py:190} INFO - [2025-09-26T17:10:24.048+0000] {dag.py:3239} INFO - Sync 1 DAGs
[2025-09-26T17:10:24.143+0000] {logging_mixin.py:190} INFO - [2025-09-26T17:10:24.142+0000] {dag.py:4180} INFO - Setting next_dagrun for dag2.v2.0 to 2025-09-23 03:00:00+00:00, run_after=2025-09-30 03:00:00+00:00
[2025-09-26T17:10:24.191+0000] {processor.py:208} INFO - Processing /opt/airflow/dags/dag2.py took 0.282 seconds
[2025-09-26T17:10:54.490+0000] {processor.py:186} INFO - Started process (PID=397) to work on /opt/airflow/dags/dag2.py
[2025-09-26T17:10:54.492+0000] {processor.py:914} INFO - Processing file /opt/airflow/dags/dag2.py for tasks to queue
[2025-09-26T17:10:54.507+0000] {logging_mixin.py:190} INFO - [2025-09-26T17:10:54.506+0000] {dagbag.py:588} INFO - Filling up the DagBag from /opt/airflow/dags/dag2.py
[2025-09-26T17:10:54.550+0000] {processor.py:925} INFO - DAG(s) 'dag2.v2.0' retrieved from /opt/airflow/dags/dag2.py
[2025-09-26T17:10:54.660+0000] {logging_mixin.py:190} INFO - [2025-09-26T17:10:54.659+0000] {dag.py:3239} INFO - Sync 1 DAGs
[2025-09-26T17:10:54.736+0000] {logging_mixin.py:190} INFO - [2025-09-26T17:10:54.736+0000] {dag.py:4180} INFO - Setting next_dagrun for dag2.v2.0 to 2025-09-23 03:00:00+00:00, run_after=2025-09-30 03:00:00+00:00
[2025-09-26T17:10:54.783+0000] {processor.py:208} INFO - Processing /opt/airflow/dags/dag2.py took 0.307 seconds
[2025-09-26T17:11:25.111+0000] {processor.py:186} INFO - Started process (PID=423) to work on /opt/airflow/dags/dag2.py
[2025-09-26T17:11:25.113+0000] {processor.py:914} INFO - Processing file /opt/airflow/dags/dag2.py for tasks to queue
[2025-09-26T17:11:25.116+0000] {logging_mixin.py:190} INFO - [2025-09-26T17:11:25.116+0000] {dagbag.py:588} INFO - Filling up the DagBag from /opt/airflow/dags/dag2.py
[2025-09-26T17:11:25.161+0000] {processor.py:925} INFO - DAG(s) 'dag2.v2.0' retrieved from /opt/airflow/dags/dag2.py
[2025-09-26T17:11:25.212+0000] {logging_mixin.py:190} INFO - [2025-09-26T17:11:25.212+0000] {dag.py:3239} INFO - Sync 1 DAGs
[2025-09-26T17:11:25.265+0000] {logging_mixin.py:190} INFO - [2025-09-26T17:11:25.264+0000] {dag.py:4180} INFO - Setting next_dagrun for dag2.v2.0 to 2025-09-23 03:00:00+00:00, run_after=2025-09-30 03:00:00+00:00
[2025-09-26T17:11:25.307+0000] {processor.py:208} INFO - Processing /opt/airflow/dags/dag2.py took 0.212 seconds
[2025-09-26T17:11:55.885+0000] {processor.py:186} INFO - Started process (PID=449) to work on /opt/airflow/dags/dag2.py
[2025-09-26T17:11:55.888+0000] {processor.py:914} INFO - Processing file /opt/airflow/dags/dag2.py for tasks to queue
[2025-09-26T17:11:55.894+0000] {logging_mixin.py:190} INFO - [2025-09-26T17:11:55.893+0000] {dagbag.py:588} INFO - Filling up the DagBag from /opt/airflow/dags/dag2.py
[2025-09-26T17:11:55.980+0000] {processor.py:925} INFO - DAG(s) 'dag2.v2.0' retrieved from /opt/airflow/dags/dag2.py
[2025-09-26T17:11:56.068+0000] {logging_mixin.py:190} INFO - [2025-09-26T17:11:56.067+0000] {dag.py:3239} INFO - Sync 1 DAGs
[2025-09-26T17:11:56.163+0000] {logging_mixin.py:190} INFO - [2025-09-26T17:11:56.162+0000] {dag.py:4180} INFO - Setting next_dagrun for dag2.v2.0 to 2025-09-23 03:00:00+00:00, run_after=2025-09-30 03:00:00+00:00
[2025-09-26T17:11:56.221+0000] {processor.py:208} INFO - Processing /opt/airflow/dags/dag2.py took 0.360 seconds
[2025-09-26T17:12:26.637+0000] {processor.py:186} INFO - Started process (PID=483) to work on /opt/airflow/dags/dag2.py
[2025-09-26T17:12:26.642+0000] {processor.py:914} INFO - Processing file /opt/airflow/dags/dag2.py for tasks to queue
[2025-09-26T17:12:26.647+0000] {logging_mixin.py:190} INFO - [2025-09-26T17:12:26.647+0000] {dagbag.py:588} INFO - Filling up the DagBag from /opt/airflow/dags/dag2.py
[2025-09-26T17:12:26.679+0000] {processor.py:925} INFO - DAG(s) 'dag2.v2.0' retrieved from /opt/airflow/dags/dag2.py
[2025-09-26T17:12:26.715+0000] {logging_mixin.py:190} INFO - [2025-09-26T17:12:26.715+0000] {dag.py:3239} INFO - Sync 1 DAGs
[2025-09-26T17:12:26.760+0000] {logging_mixin.py:190} INFO - [2025-09-26T17:12:26.760+0000] {dag.py:4180} INFO - Setting next_dagrun for dag2.v2.0 to 2025-09-23 03:00:00+00:00, run_after=2025-09-30 03:00:00+00:00
[2025-09-26T17:12:26.792+0000] {processor.py:208} INFO - Processing /opt/airflow/dags/dag2.py took 0.174 seconds
[2025-09-26T17:12:57.606+0000] {processor.py:186} INFO - Started process (PID=508) to work on /opt/airflow/dags/dag2.py
[2025-09-26T17:12:57.608+0000] {processor.py:914} INFO - Processing file /opt/airflow/dags/dag2.py for tasks to queue
[2025-09-26T17:12:57.611+0000] {logging_mixin.py:190} INFO - [2025-09-26T17:12:57.611+0000] {dagbag.py:588} INFO - Filling up the DagBag from /opt/airflow/dags/dag2.py
[2025-09-26T17:12:57.648+0000] {processor.py:925} INFO - DAG(s) 'dag2.v2.0' retrieved from /opt/airflow/dags/dag2.py
[2025-09-26T17:12:57.685+0000] {logging_mixin.py:190} INFO - [2025-09-26T17:12:57.684+0000] {dag.py:3239} INFO - Sync 1 DAGs
[2025-09-26T17:12:57.729+0000] {logging_mixin.py:190} INFO - [2025-09-26T17:12:57.729+0000] {dag.py:4180} INFO - Setting next_dagrun for dag2.v2.0 to 2025-09-23 03:00:00+00:00, run_after=2025-09-30 03:00:00+00:00
[2025-09-26T17:12:57.768+0000] {processor.py:208} INFO - Processing /opt/airflow/dags/dag2.py took 0.172 seconds
[2025-09-26T17:13:28.577+0000] {processor.py:186} INFO - Started process (PID=535) to work on /opt/airflow/dags/dag2.py
[2025-09-26T17:13:28.578+0000] {processor.py:914} INFO - Processing file /opt/airflow/dags/dag2.py for tasks to queue
[2025-09-26T17:13:28.581+0000] {logging_mixin.py:190} INFO - [2025-09-26T17:13:28.581+0000] {dagbag.py:588} INFO - Filling up the DagBag from /opt/airflow/dags/dag2.py
[2025-09-26T17:13:28.617+0000] {processor.py:925} INFO - DAG(s) 'dag2.v2.0' retrieved from /opt/airflow/dags/dag2.py
[2025-09-26T17:13:28.652+0000] {logging_mixin.py:190} INFO - [2025-09-26T17:13:28.652+0000] {dag.py:3239} INFO - Sync 1 DAGs
[2025-09-26T17:13:28.701+0000] {logging_mixin.py:190} INFO - [2025-09-26T17:13:28.701+0000] {dag.py:4180} INFO - Setting next_dagrun for dag2.v2.0 to 2025-09-23 03:00:00+00:00, run_after=2025-09-30 03:00:00+00:00
[2025-09-26T17:13:28.790+0000] {processor.py:208} INFO - Processing /opt/airflow/dags/dag2.py took 0.222 seconds
[2025-09-26T17:13:59.643+0000] {processor.py:186} INFO - Started process (PID=561) to work on /opt/airflow/dags/dag2.py
[2025-09-26T17:13:59.645+0000] {processor.py:914} INFO - Processing file /opt/airflow/dags/dag2.py for tasks to queue
[2025-09-26T17:13:59.649+0000] {logging_mixin.py:190} INFO - [2025-09-26T17:13:59.649+0000] {dagbag.py:588} INFO - Filling up the DagBag from /opt/airflow/dags/dag2.py
[2025-09-26T17:13:59.684+0000] {processor.py:925} INFO - DAG(s) 'dag2.v2.0' retrieved from /opt/airflow/dags/dag2.py
[2025-09-26T17:13:59.723+0000] {logging_mixin.py:190} INFO - [2025-09-26T17:13:59.723+0000] {dag.py:3239} INFO - Sync 1 DAGs
[2025-09-26T17:13:59.768+0000] {logging_mixin.py:190} INFO - [2025-09-26T17:13:59.767+0000] {dag.py:4180} INFO - Setting next_dagrun for dag2.v2.0 to 2025-09-23 03:00:00+00:00, run_after=2025-09-30 03:00:00+00:00
[2025-09-26T17:13:59.829+0000] {processor.py:208} INFO - Processing /opt/airflow/dags/dag2.py took 0.195 seconds
[2025-09-26T17:14:30.613+0000] {processor.py:186} INFO - Started process (PID=587) to work on /opt/airflow/dags/dag2.py
[2025-09-26T17:14:30.615+0000] {processor.py:914} INFO - Processing file /opt/airflow/dags/dag2.py for tasks to queue
[2025-09-26T17:14:30.619+0000] {logging_mixin.py:190} INFO - [2025-09-26T17:14:30.618+0000] {dagbag.py:588} INFO - Filling up the DagBag from /opt/airflow/dags/dag2.py
[2025-09-26T17:14:30.656+0000] {processor.py:925} INFO - DAG(s) 'dag2.v2.0' retrieved from /opt/airflow/dags/dag2.py
[2025-09-26T17:14:30.703+0000] {logging_mixin.py:190} INFO - [2025-09-26T17:14:30.702+0000] {dag.py:3239} INFO - Sync 1 DAGs
[2025-09-26T17:14:30.768+0000] {logging_mixin.py:190} INFO - [2025-09-26T17:14:30.768+0000] {dag.py:4180} INFO - Setting next_dagrun for dag2.v2.0 to 2025-09-23 03:00:00+00:00, run_after=2025-09-30 03:00:00+00:00
[2025-09-26T17:14:30.801+0000] {processor.py:208} INFO - Processing /opt/airflow/dags/dag2.py took 0.201 seconds
[2025-09-26T17:15:01.615+0000] {processor.py:186} INFO - Started process (PID=613) to work on /opt/airflow/dags/dag2.py
[2025-09-26T17:15:01.618+0000] {processor.py:914} INFO - Processing file /opt/airflow/dags/dag2.py for tasks to queue
[2025-09-26T17:15:01.622+0000] {logging_mixin.py:190} INFO - [2025-09-26T17:15:01.622+0000] {dagbag.py:588} INFO - Filling up the DagBag from /opt/airflow/dags/dag2.py
[2025-09-26T17:15:01.659+0000] {processor.py:925} INFO - DAG(s) 'dag2.v2.0' retrieved from /opt/airflow/dags/dag2.py
[2025-09-26T17:15:01.705+0000] {logging_mixin.py:190} INFO - [2025-09-26T17:15:01.705+0000] {dag.py:3239} INFO - Sync 1 DAGs
[2025-09-26T17:15:01.760+0000] {logging_mixin.py:190} INFO - [2025-09-26T17:15:01.760+0000] {dag.py:4180} INFO - Setting next_dagrun for dag2.v2.0 to 2025-09-23 03:00:00+00:00, run_after=2025-09-30 03:00:00+00:00
[2025-09-26T17:15:01.799+0000] {processor.py:208} INFO - Processing /opt/airflow/dags/dag2.py took 0.197 seconds
[2025-09-26T17:15:32.582+0000] {processor.py:186} INFO - Started process (PID=639) to work on /opt/airflow/dags/dag2.py
[2025-09-26T17:15:32.584+0000] {processor.py:914} INFO - Processing file /opt/airflow/dags/dag2.py for tasks to queue
[2025-09-26T17:15:32.588+0000] {logging_mixin.py:190} INFO - [2025-09-26T17:15:32.588+0000] {dagbag.py:588} INFO - Filling up the DagBag from /opt/airflow/dags/dag2.py
[2025-09-26T17:15:32.621+0000] {processor.py:925} INFO - DAG(s) 'dag2.v2.0' retrieved from /opt/airflow/dags/dag2.py
[2025-09-26T17:15:32.658+0000] {logging_mixin.py:190} INFO - [2025-09-26T17:15:32.658+0000] {dag.py:3239} INFO - Sync 1 DAGs
[2025-09-26T17:15:32.699+0000] {logging_mixin.py:190} INFO - [2025-09-26T17:15:32.699+0000] {dag.py:4180} INFO - Setting next_dagrun for dag2.v2.0 to 2025-09-23 03:00:00+00:00, run_after=2025-09-30 03:00:00+00:00
[2025-09-26T17:15:32.760+0000] {processor.py:208} INFO - Processing /opt/airflow/dags/dag2.py took 0.188 seconds
[2025-09-26T17:16:03.307+0000] {processor.py:186} INFO - Started process (PID=666) to work on /opt/airflow/dags/dag2.py
[2025-09-26T17:16:03.310+0000] {processor.py:914} INFO - Processing file /opt/airflow/dags/dag2.py for tasks to queue
[2025-09-26T17:16:03.313+0000] {logging_mixin.py:190} INFO - [2025-09-26T17:16:03.313+0000] {dagbag.py:588} INFO - Filling up the DagBag from /opt/airflow/dags/dag2.py
[2025-09-26T17:16:03.364+0000] {processor.py:925} INFO - DAG(s) 'dag2.v2.0' retrieved from /opt/airflow/dags/dag2.py
[2025-09-26T17:16:03.409+0000] {logging_mixin.py:190} INFO - [2025-09-26T17:16:03.409+0000] {dag.py:3239} INFO - Sync 1 DAGs
[2025-09-26T17:16:03.457+0000] {logging_mixin.py:190} INFO - [2025-09-26T17:16:03.456+0000] {dag.py:4180} INFO - Setting next_dagrun for dag2.v2.0 to 2025-09-23 03:00:00+00:00, run_after=2025-09-30 03:00:00+00:00
[2025-09-26T17:16:03.518+0000] {processor.py:208} INFO - Processing /opt/airflow/dags/dag2.py took 0.221 seconds
[2025-09-26T17:16:34.395+0000] {processor.py:186} INFO - Started process (PID=692) to work on /opt/airflow/dags/dag2.py
[2025-09-26T17:16:34.397+0000] {processor.py:914} INFO - Processing file /opt/airflow/dags/dag2.py for tasks to queue
[2025-09-26T17:16:34.402+0000] {logging_mixin.py:190} INFO - [2025-09-26T17:16:34.402+0000] {dagbag.py:588} INFO - Filling up the DagBag from /opt/airflow/dags/dag2.py
[2025-09-26T17:16:34.450+0000] {processor.py:925} INFO - DAG(s) 'dag2.v2.0' retrieved from /opt/airflow/dags/dag2.py
[2025-09-26T17:16:34.501+0000] {logging_mixin.py:190} INFO - [2025-09-26T17:16:34.501+0000] {dag.py:3239} INFO - Sync 1 DAGs
[2025-09-26T17:16:34.563+0000] {logging_mixin.py:190} INFO - [2025-09-26T17:16:34.563+0000] {dag.py:4180} INFO - Setting next_dagrun for dag2.v2.0 to 2025-09-23 03:00:00+00:00, run_after=2025-09-30 03:00:00+00:00
[2025-09-26T17:16:34.601+0000] {processor.py:208} INFO - Processing /opt/airflow/dags/dag2.py took 0.218 seconds
[2025-09-26T17:17:05.211+0000] {processor.py:186} INFO - Started process (PID=718) to work on /opt/airflow/dags/dag2.py
[2025-09-26T17:17:05.213+0000] {processor.py:914} INFO - Processing file /opt/airflow/dags/dag2.py for tasks to queue
[2025-09-26T17:17:05.219+0000] {logging_mixin.py:190} INFO - [2025-09-26T17:17:05.218+0000] {dagbag.py:588} INFO - Filling up the DagBag from /opt/airflow/dags/dag2.py
[2025-09-26T17:17:05.253+0000] {processor.py:925} INFO - DAG(s) 'dag2.v2.0' retrieved from /opt/airflow/dags/dag2.py
[2025-09-26T17:17:05.295+0000] {logging_mixin.py:190} INFO - [2025-09-26T17:17:05.294+0000] {dag.py:3239} INFO - Sync 1 DAGs
[2025-09-26T17:17:05.337+0000] {logging_mixin.py:190} INFO - [2025-09-26T17:17:05.336+0000] {dag.py:4180} INFO - Setting next_dagrun for dag2.v2.0 to 2025-09-23 03:00:00+00:00, run_after=2025-09-30 03:00:00+00:00
[2025-09-26T17:17:05.387+0000] {processor.py:208} INFO - Processing /opt/airflow/dags/dag2.py took 0.189 seconds
[2025-09-26T17:17:36.210+0000] {processor.py:186} INFO - Started process (PID=750) to work on /opt/airflow/dags/dag2.py
[2025-09-26T17:17:36.211+0000] {processor.py:914} INFO - Processing file /opt/airflow/dags/dag2.py for tasks to queue
[2025-09-26T17:17:36.215+0000] {logging_mixin.py:190} INFO - [2025-09-26T17:17:36.214+0000] {dagbag.py:588} INFO - Filling up the DagBag from /opt/airflow/dags/dag2.py
[2025-09-26T17:17:36.254+0000] {processor.py:925} INFO - DAG(s) 'dag2.v2.0' retrieved from /opt/airflow/dags/dag2.py
[2025-09-26T17:17:36.291+0000] {logging_mixin.py:190} INFO - [2025-09-26T17:17:36.290+0000] {dag.py:3239} INFO - Sync 1 DAGs
[2025-09-26T17:17:36.334+0000] {logging_mixin.py:190} INFO - [2025-09-26T17:17:36.333+0000] {dag.py:4180} INFO - Setting next_dagrun for dag2.v2.0 to 2025-09-23 03:00:00+00:00, run_after=2025-09-30 03:00:00+00:00
[2025-09-26T17:17:36.386+0000] {processor.py:208} INFO - Processing /opt/airflow/dags/dag2.py took 0.187 seconds
[2025-09-26T17:18:06.907+0000] {processor.py:186} INFO - Started process (PID=777) to work on /opt/airflow/dags/dag2.py
[2025-09-26T17:18:06.909+0000] {processor.py:914} INFO - Processing file /opt/airflow/dags/dag2.py for tasks to queue
[2025-09-26T17:18:06.913+0000] {logging_mixin.py:190} INFO - [2025-09-26T17:18:06.912+0000] {dagbag.py:588} INFO - Filling up the DagBag from /opt/airflow/dags/dag2.py
[2025-09-26T17:18:06.955+0000] {processor.py:925} INFO - DAG(s) 'dag2.v2.0' retrieved from /opt/airflow/dags/dag2.py
[2025-09-26T17:18:06.993+0000] {logging_mixin.py:190} INFO - [2025-09-26T17:18:06.993+0000] {dag.py:3239} INFO - Sync 1 DAGs
[2025-09-26T17:18:07.037+0000] {logging_mixin.py:190} INFO - [2025-09-26T17:18:07.037+0000] {dag.py:4180} INFO - Setting next_dagrun for dag2.v2.0 to 2025-09-23 03:00:00+00:00, run_after=2025-09-30 03:00:00+00:00
[2025-09-26T17:18:07.102+0000] {processor.py:208} INFO - Processing /opt/airflow/dags/dag2.py took 0.215 seconds
[2025-09-26T17:18:37.820+0000] {processor.py:186} INFO - Started process (PID=802) to work on /opt/airflow/dags/dag2.py
[2025-09-26T17:18:37.822+0000] {processor.py:914} INFO - Processing file /opt/airflow/dags/dag2.py for tasks to queue
[2025-09-26T17:18:37.827+0000] {logging_mixin.py:190} INFO - [2025-09-26T17:18:37.826+0000] {dagbag.py:588} INFO - Filling up the DagBag from /opt/airflow/dags/dag2.py
[2025-09-26T17:18:37.861+0000] {processor.py:925} INFO - DAG(s) 'dag2.v2.0' retrieved from /opt/airflow/dags/dag2.py
[2025-09-26T17:18:37.940+0000] {logging_mixin.py:190} INFO - [2025-09-26T17:18:37.939+0000] {dag.py:3239} INFO - Sync 1 DAGs
[2025-09-26T17:18:38.013+0000] {logging_mixin.py:190} INFO - [2025-09-26T17:18:38.013+0000] {dag.py:4180} INFO - Setting next_dagrun for dag2.v2.0 to 2025-09-23 03:00:00+00:00, run_after=2025-09-30 03:00:00+00:00
[2025-09-26T17:18:38.047+0000] {processor.py:208} INFO - Processing /opt/airflow/dags/dag2.py took 0.246 seconds
[2025-09-26T17:19:08.769+0000] {processor.py:186} INFO - Started process (PID=829) to work on /opt/airflow/dags/dag2.py
[2025-09-26T17:19:08.770+0000] {processor.py:914} INFO - Processing file /opt/airflow/dags/dag2.py for tasks to queue
[2025-09-26T17:19:08.774+0000] {logging_mixin.py:190} INFO - [2025-09-26T17:19:08.773+0000] {dagbag.py:588} INFO - Filling up the DagBag from /opt/airflow/dags/dag2.py
[2025-09-26T17:19:08.811+0000] {processor.py:925} INFO - DAG(s) 'dag2.v2.0' retrieved from /opt/airflow/dags/dag2.py
[2025-09-26T17:19:08.853+0000] {logging_mixin.py:190} INFO - [2025-09-26T17:19:08.853+0000] {dag.py:3239} INFO - Sync 1 DAGs
[2025-09-26T17:19:08.916+0000] {logging_mixin.py:190} INFO - [2025-09-26T17:19:08.915+0000] {dag.py:4180} INFO - Setting next_dagrun for dag2.v2.0 to 2025-09-23 03:00:00+00:00, run_after=2025-09-30 03:00:00+00:00
[2025-09-26T17:19:08.955+0000] {processor.py:208} INFO - Processing /opt/airflow/dags/dag2.py took 0.196 seconds
[2025-09-26T17:19:39.764+0000] {processor.py:186} INFO - Started process (PID=855) to work on /opt/airflow/dags/dag2.py
[2025-09-26T17:19:39.766+0000] {processor.py:914} INFO - Processing file /opt/airflow/dags/dag2.py for tasks to queue
[2025-09-26T17:19:39.772+0000] {logging_mixin.py:190} INFO - [2025-09-26T17:19:39.771+0000] {dagbag.py:588} INFO - Filling up the DagBag from /opt/airflow/dags/dag2.py
[2025-09-26T17:19:39.814+0000] {processor.py:925} INFO - DAG(s) 'dag2.v2.0' retrieved from /opt/airflow/dags/dag2.py
[2025-09-26T17:19:39.885+0000] {logging_mixin.py:190} INFO - [2025-09-26T17:19:39.884+0000] {dag.py:3239} INFO - Sync 1 DAGs
[2025-09-26T17:19:39.980+0000] {logging_mixin.py:190} INFO - [2025-09-26T17:19:39.979+0000] {dag.py:4180} INFO - Setting next_dagrun for dag2.v2.0 to 2025-09-23 03:00:00+00:00, run_after=2025-09-30 03:00:00+00:00
[2025-09-26T17:19:40.019+0000] {processor.py:208} INFO - Processing /opt/airflow/dags/dag2.py took 0.270 seconds
[2025-09-26T17:20:10.841+0000] {processor.py:186} INFO - Started process (PID=881) to work on /opt/airflow/dags/dag2.py
[2025-09-26T17:20:10.842+0000] {processor.py:914} INFO - Processing file /opt/airflow/dags/dag2.py for tasks to queue
[2025-09-26T17:20:10.847+0000] {logging_mixin.py:190} INFO - [2025-09-26T17:20:10.846+0000] {dagbag.py:588} INFO - Filling up the DagBag from /opt/airflow/dags/dag2.py
[2025-09-26T17:20:10.890+0000] {processor.py:925} INFO - DAG(s) 'dag2.v2.0' retrieved from /opt/airflow/dags/dag2.py
[2025-09-26T17:20:10.939+0000] {logging_mixin.py:190} INFO - [2025-09-26T17:20:10.938+0000] {dag.py:3239} INFO - Sync 1 DAGs
[2025-09-26T17:20:10.989+0000] {logging_mixin.py:190} INFO - [2025-09-26T17:20:10.989+0000] {dag.py:4180} INFO - Setting next_dagrun for dag2.v2.0 to 2025-09-23 03:00:00+00:00, run_after=2025-09-30 03:00:00+00:00
[2025-09-26T17:20:11.022+0000] {processor.py:208} INFO - Processing /opt/airflow/dags/dag2.py took 0.194 seconds
[2025-09-26T17:20:41.845+0000] {processor.py:186} INFO - Started process (PID=907) to work on /opt/airflow/dags/dag2.py
[2025-09-26T17:20:41.893+0000] {processor.py:914} INFO - Processing file /opt/airflow/dags/dag2.py for tasks to queue
[2025-09-26T17:20:41.902+0000] {logging_mixin.py:190} INFO - [2025-09-26T17:20:41.901+0000] {dagbag.py:588} INFO - Filling up the DagBag from /opt/airflow/dags/dag2.py
[2025-09-26T17:20:42.002+0000] {processor.py:925} INFO - DAG(s) 'dag2.v2.0' retrieved from /opt/airflow/dags/dag2.py
[2025-09-26T17:20:42.071+0000] {logging_mixin.py:190} INFO - [2025-09-26T17:20:42.070+0000] {dag.py:3239} INFO - Sync 1 DAGs
[2025-09-26T17:20:42.129+0000] {logging_mixin.py:190} INFO - [2025-09-26T17:20:42.129+0000] {dag.py:4180} INFO - Setting next_dagrun for dag2.v2.0 to 2025-09-23 03:00:00+00:00, run_after=2025-09-30 03:00:00+00:00
[2025-09-26T17:20:42.168+0000] {processor.py:208} INFO - Processing /opt/airflow/dags/dag2.py took 0.336 seconds
[2025-09-26T17:21:12.664+0000] {processor.py:186} INFO - Started process (PID=933) to work on /opt/airflow/dags/dag2.py
[2025-09-26T17:21:12.665+0000] {processor.py:914} INFO - Processing file /opt/airflow/dags/dag2.py for tasks to queue
[2025-09-26T17:21:12.669+0000] {logging_mixin.py:190} INFO - [2025-09-26T17:21:12.669+0000] {dagbag.py:588} INFO - Filling up the DagBag from /opt/airflow/dags/dag2.py
[2025-09-26T17:21:12.697+0000] {processor.py:925} INFO - DAG(s) 'dag2.v2.0' retrieved from /opt/airflow/dags/dag2.py
[2025-09-26T17:21:12.732+0000] {logging_mixin.py:190} INFO - [2025-09-26T17:21:12.732+0000] {dag.py:3239} INFO - Sync 1 DAGs
[2025-09-26T17:21:12.771+0000] {logging_mixin.py:190} INFO - [2025-09-26T17:21:12.771+0000] {dag.py:4180} INFO - Setting next_dagrun for dag2.v2.0 to 2025-09-23 03:00:00+00:00, run_after=2025-09-30 03:00:00+00:00
[2025-09-26T17:21:12.802+0000] {processor.py:208} INFO - Processing /opt/airflow/dags/dag2.py took 0.148 seconds
[2025-09-26T17:21:43.683+0000] {processor.py:186} INFO - Started process (PID=959) to work on /opt/airflow/dags/dag2.py
[2025-09-26T17:21:43.685+0000] {processor.py:914} INFO - Processing file /opt/airflow/dags/dag2.py for tasks to queue
[2025-09-26T17:21:43.690+0000] {logging_mixin.py:190} INFO - [2025-09-26T17:21:43.689+0000] {dagbag.py:588} INFO - Filling up the DagBag from /opt/airflow/dags/dag2.py
[2025-09-26T17:21:43.724+0000] {processor.py:925} INFO - DAG(s) 'dag2.v2.0' retrieved from /opt/airflow/dags/dag2.py
[2025-09-26T17:21:43.770+0000] {logging_mixin.py:190} INFO - [2025-09-26T17:21:43.770+0000] {dag.py:3239} INFO - Sync 1 DAGs
[2025-09-26T17:21:43.828+0000] {logging_mixin.py:190} INFO - [2025-09-26T17:21:43.828+0000] {dag.py:4180} INFO - Setting next_dagrun for dag2.v2.0 to 2025-09-23 03:00:00+00:00, run_after=2025-09-30 03:00:00+00:00
[2025-09-26T17:21:43.868+0000] {processor.py:208} INFO - Processing /opt/airflow/dags/dag2.py took 0.199 seconds
[2025-09-26T17:22:14.680+0000] {processor.py:186} INFO - Started process (PID=991) to work on /opt/airflow/dags/dag2.py
[2025-09-26T17:22:14.682+0000] {processor.py:914} INFO - Processing file /opt/airflow/dags/dag2.py for tasks to queue
[2025-09-26T17:22:14.685+0000] {logging_mixin.py:190} INFO - [2025-09-26T17:22:14.684+0000] {dagbag.py:588} INFO - Filling up the DagBag from /opt/airflow/dags/dag2.py
[2025-09-26T17:22:14.723+0000] {processor.py:925} INFO - DAG(s) 'dag2.v2.0' retrieved from /opt/airflow/dags/dag2.py
[2025-09-26T17:22:14.799+0000] {logging_mixin.py:190} INFO - [2025-09-26T17:22:14.799+0000] {dag.py:3239} INFO - Sync 1 DAGs
[2025-09-26T17:22:14.850+0000] {logging_mixin.py:190} INFO - [2025-09-26T17:22:14.849+0000] {dag.py:4180} INFO - Setting next_dagrun for dag2.v2.0 to 2025-09-23 03:00:00+00:00, run_after=2025-09-30 03:00:00+00:00
[2025-09-26T17:22:14.893+0000] {processor.py:208} INFO - Processing /opt/airflow/dags/dag2.py took 0.224 seconds
[2025-09-26T17:22:45.734+0000] {processor.py:186} INFO - Started process (PID=1017) to work on /opt/airflow/dags/dag2.py
[2025-09-26T17:22:45.736+0000] {processor.py:914} INFO - Processing file /opt/airflow/dags/dag2.py for tasks to queue
[2025-09-26T17:22:45.741+0000] {logging_mixin.py:190} INFO - [2025-09-26T17:22:45.740+0000] {dagbag.py:588} INFO - Filling up the DagBag from /opt/airflow/dags/dag2.py
[2025-09-26T17:22:45.779+0000] {processor.py:925} INFO - DAG(s) 'dag2.v2.0' retrieved from /opt/airflow/dags/dag2.py
[2025-09-26T17:22:45.818+0000] {logging_mixin.py:190} INFO - [2025-09-26T17:22:45.817+0000] {dag.py:3239} INFO - Sync 1 DAGs
[2025-09-26T17:22:45.859+0000] {logging_mixin.py:190} INFO - [2025-09-26T17:22:45.859+0000] {dag.py:4180} INFO - Setting next_dagrun for dag2.v2.0 to 2025-09-23 03:00:00+00:00, run_after=2025-09-30 03:00:00+00:00
[2025-09-26T17:22:45.894+0000] {processor.py:208} INFO - Processing /opt/airflow/dags/dag2.py took 0.175 seconds
[2025-09-26T17:23:16.066+0000] {processor.py:186} INFO - Started process (PID=1043) to work on /opt/airflow/dags/dag2.py
[2025-09-26T17:23:16.068+0000] {processor.py:914} INFO - Processing file /opt/airflow/dags/dag2.py for tasks to queue
[2025-09-26T17:23:16.073+0000] {logging_mixin.py:190} INFO - [2025-09-26T17:23:16.072+0000] {dagbag.py:588} INFO - Filling up the DagBag from /opt/airflow/dags/dag2.py
[2025-09-26T17:23:16.108+0000] {processor.py:925} INFO - DAG(s) 'dag2.v2.0' retrieved from /opt/airflow/dags/dag2.py
[2025-09-26T17:23:16.146+0000] {logging_mixin.py:190} INFO - [2025-09-26T17:23:16.145+0000] {dag.py:3239} INFO - Sync 1 DAGs
[2025-09-26T17:23:16.191+0000] {logging_mixin.py:190} INFO - [2025-09-26T17:23:16.190+0000] {dag.py:4180} INFO - Setting next_dagrun for dag2.v2.0 to 2025-09-23 03:00:00+00:00, run_after=2025-09-30 03:00:00+00:00
[2025-09-26T17:23:16.224+0000] {processor.py:208} INFO - Processing /opt/airflow/dags/dag2.py took 0.169 seconds
[2025-09-26T17:23:47.118+0000] {processor.py:186} INFO - Started process (PID=1069) to work on /opt/airflow/dags/dag2.py
[2025-09-26T17:23:47.119+0000] {processor.py:914} INFO - Processing file /opt/airflow/dags/dag2.py for tasks to queue
[2025-09-26T17:23:47.123+0000] {logging_mixin.py:190} INFO - [2025-09-26T17:23:47.123+0000] {dagbag.py:588} INFO - Filling up the DagBag from /opt/airflow/dags/dag2.py
[2025-09-26T17:23:47.158+0000] {processor.py:925} INFO - DAG(s) 'dag2.v2.0' retrieved from /opt/airflow/dags/dag2.py
[2025-09-26T17:23:47.194+0000] {logging_mixin.py:190} INFO - [2025-09-26T17:23:47.194+0000] {dag.py:3239} INFO - Sync 1 DAGs
[2025-09-26T17:23:47.237+0000] {logging_mixin.py:190} INFO - [2025-09-26T17:23:47.237+0000] {dag.py:4180} INFO - Setting next_dagrun for dag2.v2.0 to 2025-09-23 03:00:00+00:00, run_after=2025-09-30 03:00:00+00:00
[2025-09-26T17:23:47.304+0000] {processor.py:208} INFO - Processing /opt/airflow/dags/dag2.py took 0.195 seconds
[2025-09-26T17:24:18.089+0000] {processor.py:186} INFO - Started process (PID=1095) to work on /opt/airflow/dags/dag2.py
[2025-09-26T17:24:18.091+0000] {processor.py:914} INFO - Processing file /opt/airflow/dags/dag2.py for tasks to queue
[2025-09-26T17:24:18.096+0000] {logging_mixin.py:190} INFO - [2025-09-26T17:24:18.096+0000] {dagbag.py:588} INFO - Filling up the DagBag from /opt/airflow/dags/dag2.py
[2025-09-26T17:24:18.137+0000] {processor.py:925} INFO - DAG(s) 'dag2.v2.0' retrieved from /opt/airflow/dags/dag2.py
[2025-09-26T17:24:18.180+0000] {logging_mixin.py:190} INFO - [2025-09-26T17:24:18.180+0000] {dag.py:3239} INFO - Sync 1 DAGs
[2025-09-26T17:24:18.231+0000] {logging_mixin.py:190} INFO - [2025-09-26T17:24:18.231+0000] {dag.py:4180} INFO - Setting next_dagrun for dag2.v2.0 to 2025-09-23 03:00:00+00:00, run_after=2025-09-30 03:00:00+00:00
[2025-09-26T17:24:18.293+0000] {processor.py:208} INFO - Processing /opt/airflow/dags/dag2.py took 0.218 seconds
[2025-09-26T17:24:49.056+0000] {processor.py:186} INFO - Started process (PID=1121) to work on /opt/airflow/dags/dag2.py
[2025-09-26T17:24:49.060+0000] {processor.py:914} INFO - Processing file /opt/airflow/dags/dag2.py for tasks to queue
[2025-09-26T17:24:49.075+0000] {logging_mixin.py:190} INFO - [2025-09-26T17:24:49.074+0000] {dagbag.py:588} INFO - Filling up the DagBag from /opt/airflow/dags/dag2.py
[2025-09-26T17:24:49.177+0000] {processor.py:925} INFO - DAG(s) 'dag2.v2.0' retrieved from /opt/airflow/dags/dag2.py
[2025-09-26T17:24:49.308+0000] {logging_mixin.py:190} INFO - [2025-09-26T17:24:49.308+0000] {dag.py:3239} INFO - Sync 1 DAGs
[2025-09-26T17:24:49.402+0000] {logging_mixin.py:190} INFO - [2025-09-26T17:24:49.401+0000] {dag.py:4180} INFO - Setting next_dagrun for dag2.v2.0 to 2025-09-23 03:00:00+00:00, run_after=2025-09-30 03:00:00+00:00
[2025-09-26T17:24:49.468+0000] {processor.py:208} INFO - Processing /opt/airflow/dags/dag2.py took 0.430 seconds
[2025-09-26T17:25:19.938+0000] {processor.py:186} INFO - Started process (PID=1147) to work on /opt/airflow/dags/dag2.py
[2025-09-26T17:25:19.939+0000] {processor.py:914} INFO - Processing file /opt/airflow/dags/dag2.py for tasks to queue
[2025-09-26T17:25:19.943+0000] {logging_mixin.py:190} INFO - [2025-09-26T17:25:19.942+0000] {dagbag.py:588} INFO - Filling up the DagBag from /opt/airflow/dags/dag2.py
[2025-09-26T17:25:19.461+0000] {processor.py:925} INFO - DAG(s) 'dag2.v2.0' retrieved from /opt/airflow/dags/dag2.py
[2025-09-26T17:25:19.524+0000] {logging_mixin.py:190} INFO - [2025-09-26T17:25:19.523+0000] {dag.py:3239} INFO - Sync 1 DAGs
[2025-09-26T17:25:19.564+0000] {logging_mixin.py:190} INFO - [2025-09-26T17:25:19.563+0000] {dag.py:4180} INFO - Setting next_dagrun for dag2.v2.0 to 2025-09-23 03:00:00+00:00, run_after=2025-09-30 03:00:00+00:00
[2025-09-26T17:25:18.017+0000] {processor.py:208} INFO - Processing /opt/airflow/dags/dag2.py took 0.221 seconds
[2025-09-26T17:25:48.808+0000] {processor.py:186} INFO - Started process (PID=1173) to work on /opt/airflow/dags/dag2.py
[2025-09-26T17:25:48.810+0000] {processor.py:914} INFO - Processing file /opt/airflow/dags/dag2.py for tasks to queue
[2025-09-26T17:25:48.813+0000] {logging_mixin.py:190} INFO - [2025-09-26T17:25:48.812+0000] {dagbag.py:588} INFO - Filling up the DagBag from /opt/airflow/dags/dag2.py
[2025-09-26T17:25:48.847+0000] {processor.py:925} INFO - DAG(s) 'dag2.v2.0' retrieved from /opt/airflow/dags/dag2.py
[2025-09-26T17:25:48.895+0000] {logging_mixin.py:190} INFO - [2025-09-26T17:25:48.895+0000] {dag.py:3239} INFO - Sync 1 DAGs
[2025-09-26T17:25:48.947+0000] {logging_mixin.py:190} INFO - [2025-09-26T17:25:48.947+0000] {dag.py:4180} INFO - Setting next_dagrun for dag2.v2.0 to 2025-09-23 03:00:00+00:00, run_after=2025-09-30 03:00:00+00:00
[2025-09-26T17:25:49.012+0000] {processor.py:208} INFO - Processing /opt/airflow/dags/dag2.py took 0.213 seconds
[2025-09-26T17:26:19.627+0000] {processor.py:186} INFO - Started process (PID=1199) to work on /opt/airflow/dags/dag2.py
[2025-09-26T17:26:19.628+0000] {processor.py:914} INFO - Processing file /opt/airflow/dags/dag2.py for tasks to queue
[2025-09-26T17:26:19.633+0000] {logging_mixin.py:190} INFO - [2025-09-26T17:26:19.632+0000] {dagbag.py:588} INFO - Filling up the DagBag from /opt/airflow/dags/dag2.py
[2025-09-26T17:26:19.674+0000] {processor.py:925} INFO - DAG(s) 'dag2.v2.0' retrieved from /opt/airflow/dags/dag2.py
[2025-09-26T17:26:19.714+0000] {logging_mixin.py:190} INFO - [2025-09-26T17:26:19.714+0000] {dag.py:3239} INFO - Sync 1 DAGs
[2025-09-26T17:26:19.755+0000] {logging_mixin.py:190} INFO - [2025-09-26T17:26:19.755+0000] {dag.py:4180} INFO - Setting next_dagrun for dag2.v2.0 to 2025-09-23 03:00:00+00:00, run_after=2025-09-30 03:00:00+00:00
[2025-09-26T17:26:19.818+0000] {processor.py:208} INFO - Processing /opt/airflow/dags/dag2.py took 0.202 seconds
[2025-09-26T17:26:50.002+0000] {processor.py:186} INFO - Started process (PID=1225) to work on /opt/airflow/dags/dag2.py
[2025-09-26T17:26:50.004+0000] {processor.py:914} INFO - Processing file /opt/airflow/dags/dag2.py for tasks to queue
[2025-09-26T17:26:50.008+0000] {logging_mixin.py:190} INFO - [2025-09-26T17:26:50.007+0000] {dagbag.py:588} INFO - Filling up the DagBag from /opt/airflow/dags/dag2.py
[2025-09-26T17:26:50.073+0000] {processor.py:925} INFO - DAG(s) 'dag2.v2.0' retrieved from /opt/airflow/dags/dag2.py
[2025-09-26T17:26:50.117+0000] {logging_mixin.py:190} INFO - [2025-09-26T17:26:50.116+0000] {dag.py:3239} INFO - Sync 1 DAGs
[2025-09-26T17:26:50.174+0000] {logging_mixin.py:190} INFO - [2025-09-26T17:26:50.173+0000] {dag.py:4180} INFO - Setting next_dagrun for dag2.v2.0 to 2025-09-23 03:00:00+00:00, run_after=2025-09-30 03:00:00+00:00
[2025-09-26T17:26:50.209+0000] {processor.py:208} INFO - Processing /opt/airflow/dags/dag2.py took 0.231 seconds
[2025-09-26T17:27:21.134+0000] {processor.py:186} INFO - Started process (PID=1251) to work on /opt/airflow/dags/dag2.py
[2025-09-26T17:27:21.136+0000] {processor.py:914} INFO - Processing file /opt/airflow/dags/dag2.py for tasks to queue
[2025-09-26T17:27:21.158+0000] {logging_mixin.py:190} INFO - [2025-09-26T17:27:21.157+0000] {dagbag.py:588} INFO - Filling up the DagBag from /opt/airflow/dags/dag2.py
[2025-09-26T17:27:21.264+0000] {processor.py:925} INFO - DAG(s) 'dag2.v2.0' retrieved from /opt/airflow/dags/dag2.py
[2025-09-26T17:27:21.438+0000] {logging_mixin.py:190} INFO - [2025-09-26T17:27:21.437+0000] {dag.py:3239} INFO - Sync 1 DAGs
[2025-09-26T17:27:21.610+0000] {logging_mixin.py:190} INFO - [2025-09-26T17:27:21.610+0000] {dag.py:4180} INFO - Setting next_dagrun for dag2.v2.0 to 2025-09-23 03:00:00+00:00, run_after=2025-09-30 03:00:00+00:00
[2025-09-26T17:27:21.673+0000] {processor.py:208} INFO - Processing /opt/airflow/dags/dag2.py took 0.565 seconds
[2025-09-26T17:27:52.417+0000] {processor.py:186} INFO - Started process (PID=1283) to work on /opt/airflow/dags/dag2.py
[2025-09-26T17:27:52.434+0000] {processor.py:914} INFO - Processing file /opt/airflow/dags/dag2.py for tasks to queue
[2025-09-26T17:27:52.478+0000] {logging_mixin.py:190} INFO - [2025-09-26T17:27:52.472+0000] {dagbag.py:588} INFO - Filling up the DagBag from /opt/airflow/dags/dag2.py
[2025-09-26T17:27:52.596+0000] {processor.py:925} INFO - DAG(s) 'dag2.v2.0' retrieved from /opt/airflow/dags/dag2.py
[2025-09-26T17:27:52.704+0000] {logging_mixin.py:190} INFO - [2025-09-26T17:27:52.703+0000] {dag.py:3239} INFO - Sync 1 DAGs
[2025-09-26T17:27:52.863+0000] {logging_mixin.py:190} INFO - [2025-09-26T17:27:52.863+0000] {dag.py:4180} INFO - Setting next_dagrun for dag2.v2.0 to 2025-09-23 03:00:00+00:00, run_after=2025-09-30 03:00:00+00:00
[2025-09-26T17:27:52.924+0000] {processor.py:208} INFO - Processing /opt/airflow/dags/dag2.py took 0.602 seconds
[2025-09-26T17:28:23.732+0000] {processor.py:186} INFO - Started process (PID=1310) to work on /opt/airflow/dags/dag2.py
[2025-09-26T17:28:23.734+0000] {processor.py:914} INFO - Processing file /opt/airflow/dags/dag2.py for tasks to queue
[2025-09-26T17:28:23.737+0000] {logging_mixin.py:190} INFO - [2025-09-26T17:28:23.737+0000] {dagbag.py:588} INFO - Filling up the DagBag from /opt/airflow/dags/dag2.py
[2025-09-26T17:28:23.795+0000] {processor.py:925} INFO - DAG(s) 'dag2.v2.0' retrieved from /opt/airflow/dags/dag2.py
[2025-09-26T17:28:23.887+0000] {logging_mixin.py:190} INFO - [2025-09-26T17:28:23.886+0000] {dag.py:3239} INFO - Sync 1 DAGs
[2025-09-26T17:28:24.010+0000] {logging_mixin.py:190} INFO - [2025-09-26T17:28:24.009+0000] {dag.py:4180} INFO - Setting next_dagrun for dag2.v2.0 to 2025-09-23 03:00:00+00:00, run_after=2025-09-30 03:00:00+00:00
[2025-09-26T17:28:24.115+0000] {processor.py:208} INFO - Processing /opt/airflow/dags/dag2.py took 0.394 seconds
[2025-09-26T17:28:55.160+0000] {processor.py:186} INFO - Started process (PID=1336) to work on /opt/airflow/dags/dag2.py
[2025-09-26T17:28:55.162+0000] {processor.py:914} INFO - Processing file /opt/airflow/dags/dag2.py for tasks to queue
[2025-09-26T17:28:55.184+0000] {logging_mixin.py:190} INFO - [2025-09-26T17:28:55.181+0000] {dagbag.py:588} INFO - Filling up the DagBag from /opt/airflow/dags/dag2.py
[2025-09-26T17:28:55.376+0000] {processor.py:925} INFO - DAG(s) 'dag2.v2.0' retrieved from /opt/airflow/dags/dag2.py
[2025-09-26T17:28:55.529+0000] {logging_mixin.py:190} INFO - [2025-09-26T17:28:55.528+0000] {dag.py:3239} INFO - Sync 1 DAGs
[2025-09-26T17:28:55.673+0000] {logging_mixin.py:190} INFO - [2025-09-26T17:28:55.672+0000] {dag.py:4180} INFO - Setting next_dagrun for dag2.v2.0 to 2025-09-23 03:00:00+00:00, run_after=2025-09-30 03:00:00+00:00
[2025-09-26T17:28:55.753+0000] {processor.py:208} INFO - Processing /opt/airflow/dags/dag2.py took 0.611 seconds
[2025-09-26T17:29:26.221+0000] {processor.py:186} INFO - Started process (PID=1362) to work on /opt/airflow/dags/dag2.py
[2025-09-26T17:29:26.222+0000] {processor.py:914} INFO - Processing file /opt/airflow/dags/dag2.py for tasks to queue
[2025-09-26T17:29:26.225+0000] {logging_mixin.py:190} INFO - [2025-09-26T17:29:26.225+0000] {dagbag.py:588} INFO - Filling up the DagBag from /opt/airflow/dags/dag2.py
[2025-09-26T17:29:26.282+0000] {processor.py:925} INFO - DAG(s) 'dag2.v2.0' retrieved from /opt/airflow/dags/dag2.py
[2025-09-26T17:29:26.332+0000] {logging_mixin.py:190} INFO - [2025-09-26T17:29:26.331+0000] {dag.py:3239} INFO - Sync 1 DAGs
[2025-09-26T17:29:26.395+0000] {logging_mixin.py:190} INFO - [2025-09-26T17:29:26.394+0000] {dag.py:4180} INFO - Setting next_dagrun for dag2.v2.0 to 2025-09-23 03:00:00+00:00, run_after=2025-09-30 03:00:00+00:00
[2025-09-26T17:29:26.435+0000] {processor.py:208} INFO - Processing /opt/airflow/dags/dag2.py took 0.236 seconds
[2025-09-26T17:29:56.692+0000] {processor.py:186} INFO - Started process (PID=1388) to work on /opt/airflow/dags/dag2.py
[2025-09-26T17:29:56.694+0000] {processor.py:914} INFO - Processing file /opt/airflow/dags/dag2.py for tasks to queue
[2025-09-26T17:29:56.700+0000] {logging_mixin.py:190} INFO - [2025-09-26T17:29:56.699+0000] {dagbag.py:588} INFO - Filling up the DagBag from /opt/airflow/dags/dag2.py
[2025-09-26T17:29:56.745+0000] {processor.py:925} INFO - DAG(s) 'dag2.v2.0' retrieved from /opt/airflow/dags/dag2.py
[2025-09-26T17:29:56.798+0000] {logging_mixin.py:190} INFO - [2025-09-26T17:29:56.797+0000] {dag.py:3239} INFO - Sync 1 DAGs
[2025-09-26T17:29:56.866+0000] {logging_mixin.py:190} INFO - [2025-09-26T17:29:56.865+0000] {dag.py:4180} INFO - Setting next_dagrun for dag2.v2.0 to 2025-09-23 03:00:00+00:00, run_after=2025-09-30 03:00:00+00:00
[2025-09-26T17:29:56.918+0000] {processor.py:208} INFO - Processing /opt/airflow/dags/dag2.py took 0.238 seconds
[2025-09-26T17:30:27.631+0000] {processor.py:186} INFO - Started process (PID=1414) to work on /opt/airflow/dags/dag2.py
[2025-09-26T17:30:27.633+0000] {processor.py:914} INFO - Processing file /opt/airflow/dags/dag2.py for tasks to queue
[2025-09-26T17:30:27.641+0000] {logging_mixin.py:190} INFO - [2025-09-26T17:30:27.640+0000] {dagbag.py:588} INFO - Filling up the DagBag from /opt/airflow/dags/dag2.py
[2025-09-26T17:30:27.706+0000] {processor.py:925} INFO - DAG(s) 'dag2.v2.0' retrieved from /opt/airflow/dags/dag2.py
[2025-09-26T17:30:27.788+0000] {logging_mixin.py:190} INFO - [2025-09-26T17:30:27.787+0000] {dag.py:3239} INFO - Sync 1 DAGs
[2025-09-26T17:30:27.885+0000] {logging_mixin.py:190} INFO - [2025-09-26T17:30:27.884+0000] {dag.py:4180} INFO - Setting next_dagrun for dag2.v2.0 to 2025-09-23 03:00:00+00:00, run_after=2025-09-30 03:00:00+00:00
[2025-09-26T17:30:27.943+0000] {processor.py:208} INFO - Processing /opt/airflow/dags/dag2.py took 0.335 seconds
[2025-09-26T17:30:58.159+0000] {processor.py:186} INFO - Started process (PID=1440) to work on /opt/airflow/dags/dag2.py
[2025-09-26T17:30:58.162+0000] {processor.py:914} INFO - Processing file /opt/airflow/dags/dag2.py for tasks to queue
[2025-09-26T17:30:58.168+0000] {logging_mixin.py:190} INFO - [2025-09-26T17:30:58.167+0000] {dagbag.py:588} INFO - Filling up the DagBag from /opt/airflow/dags/dag2.py
[2025-09-26T17:30:58.206+0000] {processor.py:925} INFO - DAG(s) 'dag2.v2.0' retrieved from /opt/airflow/dags/dag2.py
[2025-09-26T17:30:58.323+0000] {logging_mixin.py:190} INFO - [2025-09-26T17:30:58.322+0000] {dag.py:3239} INFO - Sync 1 DAGs
[2025-09-26T17:30:58.381+0000] {logging_mixin.py:190} INFO - [2025-09-26T17:30:58.380+0000] {dag.py:4180} INFO - Setting next_dagrun for dag2.v2.0 to 2025-09-23 03:00:00+00:00, run_after=2025-09-30 03:00:00+00:00
[2025-09-26T17:30:58.507+0000] {processor.py:208} INFO - Processing /opt/airflow/dags/dag2.py took 0.362 seconds
[2025-09-26T17:31:29.360+0000] {processor.py:186} INFO - Started process (PID=1466) to work on /opt/airflow/dags/dag2.py
[2025-09-26T17:31:29.362+0000] {processor.py:914} INFO - Processing file /opt/airflow/dags/dag2.py for tasks to queue
[2025-09-26T17:31:29.379+0000] {logging_mixin.py:190} INFO - [2025-09-26T17:31:29.378+0000] {dagbag.py:588} INFO - Filling up the DagBag from /opt/airflow/dags/dag2.py
[2025-09-26T17:31:29.480+0000] {processor.py:925} INFO - DAG(s) 'dag2.v2.0' retrieved from /opt/airflow/dags/dag2.py
[2025-09-26T17:31:29.548+0000] {logging_mixin.py:190} INFO - [2025-09-26T17:31:29.548+0000] {dag.py:3239} INFO - Sync 1 DAGs
[2025-09-26T17:31:29.616+0000] {logging_mixin.py:190} INFO - [2025-09-26T17:31:29.615+0000] {dag.py:4180} INFO - Setting next_dagrun for dag2.v2.0 to 2025-09-23 03:00:00+00:00, run_after=2025-09-30 03:00:00+00:00
[2025-09-26T17:31:29.653+0000] {processor.py:208} INFO - Processing /opt/airflow/dags/dag2.py took 0.304 seconds
[2025-09-26T17:32:00.392+0000] {processor.py:186} INFO - Started process (PID=1492) to work on /opt/airflow/dags/dag2.py
[2025-09-26T17:32:00.395+0000] {processor.py:914} INFO - Processing file /opt/airflow/dags/dag2.py for tasks to queue
[2025-09-26T17:32:00.401+0000] {logging_mixin.py:190} INFO - [2025-09-26T17:32:00.400+0000] {dagbag.py:588} INFO - Filling up the DagBag from /opt/airflow/dags/dag2.py
[2025-09-26T17:32:00.449+0000] {processor.py:925} INFO - DAG(s) 'dag2.v2.0' retrieved from /opt/airflow/dags/dag2.py
[2025-09-26T17:32:00.506+0000] {logging_mixin.py:190} INFO - [2025-09-26T17:32:00.506+0000] {dag.py:3239} INFO - Sync 1 DAGs
[2025-09-26T17:32:00.557+0000] {logging_mixin.py:190} INFO - [2025-09-26T17:32:00.556+0000] {dag.py:4180} INFO - Setting next_dagrun for dag2.v2.0 to 2025-09-23 03:00:00+00:00, run_after=2025-09-30 03:00:00+00:00
[2025-09-26T17:32:00.590+0000] {processor.py:208} INFO - Processing /opt/airflow/dags/dag2.py took 0.212 seconds
[2025-09-26T17:32:31.182+0000] {processor.py:186} INFO - Started process (PID=1518) to work on /opt/airflow/dags/dag2.py
[2025-09-26T17:32:31.183+0000] {processor.py:914} INFO - Processing file /opt/airflow/dags/dag2.py for tasks to queue
[2025-09-26T17:32:31.189+0000] {logging_mixin.py:190} INFO - [2025-09-26T17:32:31.189+0000] {dagbag.py:588} INFO - Filling up the DagBag from /opt/airflow/dags/dag2.py
[2025-09-26T17:32:31.233+0000] {processor.py:925} INFO - DAG(s) 'dag2.v2.0' retrieved from /opt/airflow/dags/dag2.py
[2025-09-26T17:32:31.278+0000] {logging_mixin.py:190} INFO - [2025-09-26T17:32:31.277+0000] {dag.py:3239} INFO - Sync 1 DAGs
[2025-09-26T17:32:31.323+0000] {logging_mixin.py:190} INFO - [2025-09-26T17:32:31.323+0000] {dag.py:4180} INFO - Setting next_dagrun for dag2.v2.0 to 2025-09-23 03:00:00+00:00, run_after=2025-09-30 03:00:00+00:00
[2025-09-26T17:32:31.357+0000] {processor.py:208} INFO - Processing /opt/airflow/dags/dag2.py took 0.189 seconds
[2025-09-26T17:33:02.114+0000] {processor.py:186} INFO - Started process (PID=1550) to work on /opt/airflow/dags/dag2.py
[2025-09-26T17:33:02.115+0000] {processor.py:914} INFO - Processing file /opt/airflow/dags/dag2.py for tasks to queue
[2025-09-26T17:33:02.119+0000] {logging_mixin.py:190} INFO - [2025-09-26T17:33:02.118+0000] {dagbag.py:588} INFO - Filling up the DagBag from /opt/airflow/dags/dag2.py
[2025-09-26T17:33:02.151+0000] {processor.py:925} INFO - DAG(s) 'dag2.v2.0' retrieved from /opt/airflow/dags/dag2.py
[2025-09-26T17:33:02.190+0000] {logging_mixin.py:190} INFO - [2025-09-26T17:33:02.189+0000] {dag.py:3239} INFO - Sync 1 DAGs
[2025-09-26T17:33:02.235+0000] {logging_mixin.py:190} INFO - [2025-09-26T17:33:02.235+0000] {dag.py:4180} INFO - Setting next_dagrun for dag2.v2.0 to 2025-09-23 03:00:00+00:00, run_after=2025-09-30 03:00:00+00:00
[2025-09-26T17:33:02.283+0000] {processor.py:208} INFO - Processing /opt/airflow/dags/dag2.py took 0.178 seconds
[2025-09-26T17:33:33.001+0000] {processor.py:186} INFO - Started process (PID=1576) to work on /opt/airflow/dags/dag2.py
[2025-09-26T17:33:33.003+0000] {processor.py:914} INFO - Processing file /opt/airflow/dags/dag2.py for tasks to queue
[2025-09-26T17:33:33.009+0000] {logging_mixin.py:190} INFO - [2025-09-26T17:33:33.008+0000] {dagbag.py:588} INFO - Filling up the DagBag from /opt/airflow/dags/dag2.py
[2025-09-26T17:33:33.043+0000] {processor.py:925} INFO - DAG(s) 'dag2.v2.0' retrieved from /opt/airflow/dags/dag2.py
[2025-09-26T17:33:33.086+0000] {logging_mixin.py:190} INFO - [2025-09-26T17:33:33.086+0000] {dag.py:3239} INFO - Sync 1 DAGs
[2025-09-26T17:33:33.136+0000] {logging_mixin.py:190} INFO - [2025-09-26T17:33:33.136+0000] {dag.py:4180} INFO - Setting next_dagrun for dag2.v2.0 to 2025-09-23 03:00:00+00:00, run_after=2025-09-30 03:00:00+00:00
[2025-09-26T17:33:33.192+0000] {processor.py:208} INFO - Processing /opt/airflow/dags/dag2.py took 0.202 seconds
[2025-09-26T17:34:03.566+0000] {processor.py:186} INFO - Started process (PID=1602) to work on /opt/airflow/dags/dag2.py
[2025-09-26T17:34:03.568+0000] {processor.py:914} INFO - Processing file /opt/airflow/dags/dag2.py for tasks to queue
[2025-09-26T17:34:03.572+0000] {logging_mixin.py:190} INFO - [2025-09-26T17:34:03.571+0000] {dagbag.py:588} INFO - Filling up the DagBag from /opt/airflow/dags/dag2.py
[2025-09-26T17:34:03.606+0000] {processor.py:925} INFO - DAG(s) 'dag2.v2.0' retrieved from /opt/airflow/dags/dag2.py
[2025-09-26T17:34:03.650+0000] {logging_mixin.py:190} INFO - [2025-09-26T17:34:03.650+0000] {dag.py:3239} INFO - Sync 1 DAGs
[2025-09-26T17:34:03.691+0000] {logging_mixin.py:190} INFO - [2025-09-26T17:34:03.691+0000] {dag.py:4180} INFO - Setting next_dagrun for dag2.v2.0 to 2025-09-23 03:00:00+00:00, run_after=2025-09-30 03:00:00+00:00
[2025-09-26T17:34:03.746+0000] {processor.py:208} INFO - Processing /opt/airflow/dags/dag2.py took 0.190 seconds
[2025-09-26T17:34:34.192+0000] {processor.py:186} INFO - Started process (PID=1628) to work on /opt/airflow/dags/dag2.py
[2025-09-26T17:34:34.193+0000] {processor.py:914} INFO - Processing file /opt/airflow/dags/dag2.py for tasks to queue
[2025-09-26T17:34:34.197+0000] {logging_mixin.py:190} INFO - [2025-09-26T17:34:34.196+0000] {dagbag.py:588} INFO - Filling up the DagBag from /opt/airflow/dags/dag2.py
[2025-09-26T17:34:34.232+0000] {processor.py:925} INFO - DAG(s) 'dag2.v2.0' retrieved from /opt/airflow/dags/dag2.py
[2025-09-26T17:34:34.272+0000] {logging_mixin.py:190} INFO - [2025-09-26T17:34:34.271+0000] {dag.py:3239} INFO - Sync 1 DAGs
[2025-09-26T17:34:34.326+0000] {logging_mixin.py:190} INFO - [2025-09-26T17:34:34.325+0000] {dag.py:4180} INFO - Setting next_dagrun for dag2.v2.0 to 2025-09-23 03:00:00+00:00, run_after=2025-09-30 03:00:00+00:00
[2025-09-26T17:34:34.364+0000] {processor.py:208} INFO - Processing /opt/airflow/dags/dag2.py took 0.183 seconds
[2025-09-26T17:35:04.677+0000] {processor.py:186} INFO - Started process (PID=1655) to work on /opt/airflow/dags/dag2.py
[2025-09-26T17:35:04.678+0000] {processor.py:914} INFO - Processing file /opt/airflow/dags/dag2.py for tasks to queue
[2025-09-26T17:35:04.683+0000] {logging_mixin.py:190} INFO - [2025-09-26T17:35:04.682+0000] {dagbag.py:588} INFO - Filling up the DagBag from /opt/airflow/dags/dag2.py
[2025-09-26T17:35:04.713+0000] {processor.py:925} INFO - DAG(s) 'dag2.v2.0' retrieved from /opt/airflow/dags/dag2.py
[2025-09-26T17:35:04.749+0000] {logging_mixin.py:190} INFO - [2025-09-26T17:35:04.749+0000] {dag.py:3239} INFO - Sync 1 DAGs
[2025-09-26T17:35:04.793+0000] {logging_mixin.py:190} INFO - [2025-09-26T17:35:04.793+0000] {dag.py:4180} INFO - Setting next_dagrun for dag2.v2.0 to 2025-09-23 03:00:00+00:00, run_after=2025-09-30 03:00:00+00:00
[2025-09-26T17:35:04.847+0000] {processor.py:208} INFO - Processing /opt/airflow/dags/dag2.py took 0.178 seconds
[2025-09-26T17:35:35.455+0000] {processor.py:186} INFO - Started process (PID=1682) to work on /opt/airflow/dags/dag2.py
[2025-09-26T17:35:35.456+0000] {processor.py:914} INFO - Processing file /opt/airflow/dags/dag2.py for tasks to queue
[2025-09-26T17:35:35.459+0000] {logging_mixin.py:190} INFO - [2025-09-26T17:35:35.459+0000] {dagbag.py:588} INFO - Filling up the DagBag from /opt/airflow/dags/dag2.py
[2025-09-26T17:35:35.497+0000] {processor.py:925} INFO - DAG(s) 'dag2.v2.0' retrieved from /opt/airflow/dags/dag2.py
[2025-09-26T17:35:35.554+0000] {logging_mixin.py:190} INFO - [2025-09-26T17:35:35.553+0000] {dag.py:3239} INFO - Sync 1 DAGs
[2025-09-26T17:35:35.623+0000] {logging_mixin.py:190} INFO - [2025-09-26T17:35:35.623+0000] {dag.py:4180} INFO - Setting next_dagrun for dag2.v2.0 to 2025-09-23 03:00:00+00:00, run_after=2025-09-30 03:00:00+00:00
[2025-09-26T17:35:35.691+0000] {processor.py:208} INFO - Processing /opt/airflow/dags/dag2.py took 0.246 seconds
[2025-09-26T17:36:06.491+0000] {processor.py:186} INFO - Started process (PID=1708) to work on /opt/airflow/dags/dag2.py
[2025-09-26T17:36:06.492+0000] {processor.py:914} INFO - Processing file /opt/airflow/dags/dag2.py for tasks to queue
[2025-09-26T17:36:06.496+0000] {logging_mixin.py:190} INFO - [2025-09-26T17:36:06.495+0000] {dagbag.py:588} INFO - Filling up the DagBag from /opt/airflow/dags/dag2.py
[2025-09-26T17:36:06.534+0000] {processor.py:925} INFO - DAG(s) 'dag2.v2.0' retrieved from /opt/airflow/dags/dag2.py
[2025-09-26T17:36:06.573+0000] {logging_mixin.py:190} INFO - [2025-09-26T17:36:06.573+0000] {dag.py:3239} INFO - Sync 1 DAGs
[2025-09-26T17:36:06.627+0000] {logging_mixin.py:190} INFO - [2025-09-26T17:36:06.626+0000] {dag.py:4180} INFO - Setting next_dagrun for dag2.v2.0 to 2025-09-23 03:00:00+00:00, run_after=2025-09-30 03:00:00+00:00
[2025-09-26T17:36:06.681+0000] {processor.py:208} INFO - Processing /opt/airflow/dags/dag2.py took 0.199 seconds
[2025-09-26T17:36:37.117+0000] {processor.py:186} INFO - Started process (PID=1734) to work on /opt/airflow/dags/dag2.py
[2025-09-26T17:36:37.120+0000] {processor.py:914} INFO - Processing file /opt/airflow/dags/dag2.py for tasks to queue
[2025-09-26T17:36:37.127+0000] {logging_mixin.py:190} INFO - [2025-09-26T17:36:37.126+0000] {dagbag.py:588} INFO - Filling up the DagBag from /opt/airflow/dags/dag2.py
[2025-09-26T17:36:37.176+0000] {processor.py:925} INFO - DAG(s) 'dag2.v2.0' retrieved from /opt/airflow/dags/dag2.py
[2025-09-26T17:36:37.241+0000] {logging_mixin.py:190} INFO - [2025-09-26T17:36:37.241+0000] {dag.py:3239} INFO - Sync 1 DAGs
[2025-09-26T17:36:37.315+0000] {logging_mixin.py:190} INFO - [2025-09-26T17:36:37.315+0000] {dag.py:4180} INFO - Setting next_dagrun for dag2.v2.0 to 2025-09-23 03:00:00+00:00, run_after=2025-09-30 03:00:00+00:00
[2025-09-26T17:36:37.370+0000] {processor.py:208} INFO - Processing /opt/airflow/dags/dag2.py took 0.265 seconds
[2025-09-26T17:37:08.194+0000] {processor.py:186} INFO - Started process (PID=1760) to work on /opt/airflow/dags/dag2.py
[2025-09-26T17:37:08.198+0000] {processor.py:914} INFO - Processing file /opt/airflow/dags/dag2.py for tasks to queue
[2025-09-26T17:37:08.207+0000] {logging_mixin.py:190} INFO - [2025-09-26T17:37:08.206+0000] {dagbag.py:588} INFO - Filling up the DagBag from /opt/airflow/dags/dag2.py
[2025-09-26T17:37:08.279+0000] {processor.py:925} INFO - DAG(s) 'dag2.v2.0' retrieved from /opt/airflow/dags/dag2.py
[2025-09-26T17:37:08.353+0000] {logging_mixin.py:190} INFO - [2025-09-26T17:37:08.352+0000] {dag.py:3239} INFO - Sync 1 DAGs
[2025-09-26T17:37:08.430+0000] {logging_mixin.py:190} INFO - [2025-09-26T17:37:08.429+0000] {dag.py:4180} INFO - Setting next_dagrun for dag2.v2.0 to 2025-09-23 03:00:00+00:00, run_after=2025-09-30 03:00:00+00:00
[2025-09-26T17:37:08.490+0000] {processor.py:208} INFO - Processing /opt/airflow/dags/dag2.py took 0.324 seconds
[2025-09-26T17:37:39.212+0000] {processor.py:186} INFO - Started process (PID=1792) to work on /opt/airflow/dags/dag2.py
[2025-09-26T17:37:39.214+0000] {processor.py:914} INFO - Processing file /opt/airflow/dags/dag2.py for tasks to queue
[2025-09-26T17:37:39.224+0000] {logging_mixin.py:190} INFO - [2025-09-26T17:37:39.223+0000] {dagbag.py:588} INFO - Filling up the DagBag from /opt/airflow/dags/dag2.py
[2025-09-26T17:37:39.290+0000] {processor.py:925} INFO - DAG(s) 'dag2.v2.0' retrieved from /opt/airflow/dags/dag2.py
[2025-09-26T17:37:39.460+0000] {logging_mixin.py:190} INFO - [2025-09-26T17:37:39.459+0000] {dag.py:3239} INFO - Sync 1 DAGs
[2025-09-26T17:37:39.543+0000] {logging_mixin.py:190} INFO - [2025-09-26T17:37:39.542+0000] {dag.py:4180} INFO - Setting next_dagrun for dag2.v2.0 to 2025-09-23 03:00:00+00:00, run_after=2025-09-30 03:00:00+00:00
[2025-09-26T17:37:39.587+0000] {processor.py:208} INFO - Processing /opt/airflow/dags/dag2.py took 0.397 seconds
[2025-09-26T17:38:10.209+0000] {processor.py:186} INFO - Started process (PID=1819) to work on /opt/airflow/dags/dag2.py
[2025-09-26T17:38:10.210+0000] {processor.py:914} INFO - Processing file /opt/airflow/dags/dag2.py for tasks to queue
[2025-09-26T17:38:10.216+0000] {logging_mixin.py:190} INFO - [2025-09-26T17:38:10.215+0000] {dagbag.py:588} INFO - Filling up the DagBag from /opt/airflow/dags/dag2.py
[2025-09-26T17:38:10.254+0000] {processor.py:925} INFO - DAG(s) 'dag2.v2.0' retrieved from /opt/airflow/dags/dag2.py
[2025-09-26T17:38:10.321+0000] {logging_mixin.py:190} INFO - [2025-09-26T17:38:10.320+0000] {dag.py:3239} INFO - Sync 1 DAGs
[2025-09-26T17:38:10.388+0000] {logging_mixin.py:190} INFO - [2025-09-26T17:38:10.388+0000] {dag.py:4180} INFO - Setting next_dagrun for dag2.v2.0 to 2025-09-23 03:00:00+00:00, run_after=2025-09-30 03:00:00+00:00
[2025-09-26T17:38:10.426+0000] {processor.py:208} INFO - Processing /opt/airflow/dags/dag2.py took 0.228 seconds
[2025-09-26T17:38:40.863+0000] {processor.py:186} INFO - Started process (PID=1847) to work on /opt/airflow/dags/dag2.py
[2025-09-26T17:38:40.865+0000] {processor.py:914} INFO - Processing file /opt/airflow/dags/dag2.py for tasks to queue
[2025-09-26T17:38:40.872+0000] {logging_mixin.py:190} INFO - [2025-09-26T17:38:40.871+0000] {dagbag.py:588} INFO - Filling up the DagBag from /opt/airflow/dags/dag2.py
[2025-09-26T17:38:40.924+0000] {processor.py:925} INFO - DAG(s) 'dag2.v2.0' retrieved from /opt/airflow/dags/dag2.py
[2025-09-26T17:38:40.999+0000] {logging_mixin.py:190} INFO - [2025-09-26T17:38:40.998+0000] {dag.py:3239} INFO - Sync 1 DAGs
[2025-09-26T17:38:41.068+0000] {logging_mixin.py:190} INFO - [2025-09-26T17:38:41.068+0000] {dag.py:4180} INFO - Setting next_dagrun for dag2.v2.0 to 2025-09-23 03:00:00+00:00, run_after=2025-09-30 03:00:00+00:00
[2025-09-26T17:38:41.131+0000] {processor.py:208} INFO - Processing /opt/airflow/dags/dag2.py took 0.281 seconds
[2025-09-26T17:39:11.587+0000] {processor.py:186} INFO - Started process (PID=1871) to work on /opt/airflow/dags/dag2.py
[2025-09-26T17:39:11.591+0000] {processor.py:914} INFO - Processing file /opt/airflow/dags/dag2.py for tasks to queue
[2025-09-26T17:39:11.608+0000] {logging_mixin.py:190} INFO - [2025-09-26T17:39:11.606+0000] {dagbag.py:588} INFO - Filling up the DagBag from /opt/airflow/dags/dag2.py
[2025-09-26T17:39:11.689+0000] {processor.py:925} INFO - DAG(s) 'dag2.v2.0' retrieved from /opt/airflow/dags/dag2.py
[2025-09-26T17:39:11.840+0000] {logging_mixin.py:190} INFO - [2025-09-26T17:39:11.833+0000] {dag.py:3239} INFO - Sync 1 DAGs
[2025-09-26T17:39:11.980+0000] {logging_mixin.py:190} INFO - [2025-09-26T17:39:11.979+0000] {dag.py:4180} INFO - Setting next_dagrun for dag2.v2.0 to 2025-09-23 03:00:00+00:00, run_after=2025-09-30 03:00:00+00:00
[2025-09-26T17:39:12.216+0000] {processor.py:208} INFO - Processing /opt/airflow/dags/dag2.py took 0.661 seconds
[2025-09-26T17:39:42.435+0000] {processor.py:186} INFO - Started process (PID=1897) to work on /opt/airflow/dags/dag2.py
[2025-09-26T17:39:42.440+0000] {processor.py:914} INFO - Processing file /opt/airflow/dags/dag2.py for tasks to queue
[2025-09-26T17:39:42.447+0000] {logging_mixin.py:190} INFO - [2025-09-26T17:39:42.445+0000] {dagbag.py:588} INFO - Filling up the DagBag from /opt/airflow/dags/dag2.py
[2025-09-26T17:39:42.531+0000] {processor.py:925} INFO - DAG(s) 'dag2.v2.0' retrieved from /opt/airflow/dags/dag2.py
[2025-09-26T17:39:42.651+0000] {logging_mixin.py:190} INFO - [2025-09-26T17:39:42.650+0000] {dag.py:3239} INFO - Sync 1 DAGs
[2025-09-26T17:39:42.776+0000] {logging_mixin.py:190} INFO - [2025-09-26T17:39:42.774+0000] {dag.py:4180} INFO - Setting next_dagrun for dag2.v2.0 to 2025-09-23 03:00:00+00:00, run_after=2025-09-30 03:00:00+00:00
[2025-09-26T17:39:42.856+0000] {processor.py:208} INFO - Processing /opt/airflow/dags/dag2.py took 0.438 seconds
[2025-09-26T17:40:13.296+0000] {processor.py:186} INFO - Started process (PID=1923) to work on /opt/airflow/dags/dag2.py
[2025-09-26T17:40:13.301+0000] {processor.py:914} INFO - Processing file /opt/airflow/dags/dag2.py for tasks to queue
[2025-09-26T17:40:13.314+0000] {logging_mixin.py:190} INFO - [2025-09-26T17:40:13.314+0000] {dagbag.py:588} INFO - Filling up the DagBag from /opt/airflow/dags/dag2.py
[2025-09-26T17:40:13.397+0000] {processor.py:925} INFO - DAG(s) 'dag2.v2.0' retrieved from /opt/airflow/dags/dag2.py
[2025-09-26T17:40:13.481+0000] {logging_mixin.py:190} INFO - [2025-09-26T17:40:13.480+0000] {dag.py:3239} INFO - Sync 1 DAGs
[2025-09-26T17:40:13.565+0000] {logging_mixin.py:190} INFO - [2025-09-26T17:40:13.564+0000] {dag.py:4180} INFO - Setting next_dagrun for dag2.v2.0 to 2025-09-23 03:00:00+00:00, run_after=2025-09-30 03:00:00+00:00
[2025-09-26T17:40:13.626+0000] {processor.py:208} INFO - Processing /opt/airflow/dags/dag2.py took 0.354 seconds
[2025-09-26T17:40:44.071+0000] {processor.py:186} INFO - Started process (PID=1949) to work on /opt/airflow/dags/dag2.py
[2025-09-26T17:40:44.073+0000] {processor.py:914} INFO - Processing file /opt/airflow/dags/dag2.py for tasks to queue
[2025-09-26T17:40:44.077+0000] {logging_mixin.py:190} INFO - [2025-09-26T17:40:44.076+0000] {dagbag.py:588} INFO - Filling up the DagBag from /opt/airflow/dags/dag2.py
[2025-09-26T17:40:44.114+0000] {processor.py:925} INFO - DAG(s) 'dag2.v2.0' retrieved from /opt/airflow/dags/dag2.py
[2025-09-26T17:40:44.160+0000] {logging_mixin.py:190} INFO - [2025-09-26T17:40:44.159+0000] {dag.py:3239} INFO - Sync 1 DAGs
[2025-09-26T17:40:44.213+0000] {logging_mixin.py:190} INFO - [2025-09-26T17:40:44.212+0000] {dag.py:4180} INFO - Setting next_dagrun for dag2.v2.0 to 2025-09-23 03:00:00+00:00, run_after=2025-09-30 03:00:00+00:00
[2025-09-26T17:40:44.254+0000] {processor.py:208} INFO - Processing /opt/airflow/dags/dag2.py took 0.212 seconds
[2025-09-26T17:41:14.869+0000] {processor.py:186} INFO - Started process (PID=1975) to work on /opt/airflow/dags/dag2.py
[2025-09-26T17:41:14.871+0000] {processor.py:914} INFO - Processing file /opt/airflow/dags/dag2.py for tasks to queue
[2025-09-26T17:41:14.875+0000] {logging_mixin.py:190} INFO - [2025-09-26T17:41:14.875+0000] {dagbag.py:588} INFO - Filling up the DagBag from /opt/airflow/dags/dag2.py
[2025-09-26T17:41:14.912+0000] {processor.py:925} INFO - DAG(s) 'dag2.v2.0' retrieved from /opt/airflow/dags/dag2.py
[2025-09-26T17:41:14.954+0000] {logging_mixin.py:190} INFO - [2025-09-26T17:41:14.954+0000] {dag.py:3239} INFO - Sync 1 DAGs
[2025-09-26T17:41:15.007+0000] {logging_mixin.py:190} INFO - [2025-09-26T17:41:15.007+0000] {dag.py:4180} INFO - Setting next_dagrun for dag2.v2.0 to 2025-09-23 03:00:00+00:00, run_after=2025-09-30 03:00:00+00:00
[2025-09-26T17:41:15.047+0000] {processor.py:208} INFO - Processing /opt/airflow/dags/dag2.py took 0.190 seconds
[2025-09-26T17:41:45.528+0000] {processor.py:186} INFO - Started process (PID=2002) to work on /opt/airflow/dags/dag2.py
[2025-09-26T17:41:45.531+0000] {processor.py:914} INFO - Processing file /opt/airflow/dags/dag2.py for tasks to queue
[2025-09-26T17:41:45.535+0000] {logging_mixin.py:190} INFO - [2025-09-26T17:41:45.534+0000] {dagbag.py:588} INFO - Filling up the DagBag from /opt/airflow/dags/dag2.py
[2025-09-26T17:41:45.573+0000] {processor.py:925} INFO - DAG(s) 'dag2.v2.0' retrieved from /opt/airflow/dags/dag2.py
[2025-09-26T17:41:45.618+0000] {logging_mixin.py:190} INFO - [2025-09-26T17:41:45.617+0000] {dag.py:3239} INFO - Sync 1 DAGs
[2025-09-26T17:41:45.669+0000] {logging_mixin.py:190} INFO - [2025-09-26T17:41:45.668+0000] {dag.py:4180} INFO - Setting next_dagrun for dag2.v2.0 to 2025-09-23 03:00:00+00:00, run_after=2025-09-30 03:00:00+00:00
[2025-09-26T17:41:45.707+0000] {processor.py:208} INFO - Processing /opt/airflow/dags/dag2.py took 0.191 seconds
[2025-09-26T17:42:16.344+0000] {processor.py:186} INFO - Started process (PID=2035) to work on /opt/airflow/dags/dag2.py
[2025-09-26T17:42:16.345+0000] {processor.py:914} INFO - Processing file /opt/airflow/dags/dag2.py for tasks to queue
[2025-09-26T17:42:16.349+0000] {logging_mixin.py:190} INFO - [2025-09-26T17:42:16.349+0000] {dagbag.py:588} INFO - Filling up the DagBag from /opt/airflow/dags/dag2.py
[2025-09-26T17:42:16.385+0000] {processor.py:925} INFO - DAG(s) 'dag2.v2.0' retrieved from /opt/airflow/dags/dag2.py
[2025-09-26T17:42:16.435+0000] {logging_mixin.py:190} INFO - [2025-09-26T17:42:16.434+0000] {dag.py:3239} INFO - Sync 1 DAGs
[2025-09-26T17:42:16.486+0000] {logging_mixin.py:190} INFO - [2025-09-26T17:42:16.485+0000] {dag.py:4180} INFO - Setting next_dagrun for dag2.v2.0 to 2025-09-23 03:00:00+00:00, run_after=2025-09-30 03:00:00+00:00
[2025-09-26T17:42:16.521+0000] {processor.py:208} INFO - Processing /opt/airflow/dags/dag2.py took 0.189 seconds
[2025-09-26T17:42:47.095+0000] {processor.py:186} INFO - Started process (PID=2061) to work on /opt/airflow/dags/dag2.py
[2025-09-26T17:42:47.097+0000] {processor.py:914} INFO - Processing file /opt/airflow/dags/dag2.py for tasks to queue
[2025-09-26T17:42:47.102+0000] {logging_mixin.py:190} INFO - [2025-09-26T17:42:47.101+0000] {dagbag.py:588} INFO - Filling up the DagBag from /opt/airflow/dags/dag2.py
[2025-09-26T17:42:47.140+0000] {processor.py:925} INFO - DAG(s) 'dag2.v2.0' retrieved from /opt/airflow/dags/dag2.py
[2025-09-26T17:42:47.190+0000] {logging_mixin.py:190} INFO - [2025-09-26T17:42:47.189+0000] {dag.py:3239} INFO - Sync 1 DAGs
[2025-09-26T17:42:47.261+0000] {logging_mixin.py:190} INFO - [2025-09-26T17:42:47.260+0000] {dag.py:4180} INFO - Setting next_dagrun for dag2.v2.0 to 2025-09-23 03:00:00+00:00, run_after=2025-09-30 03:00:00+00:00
[2025-09-26T17:42:47.310+0000] {processor.py:208} INFO - Processing /opt/airflow/dags/dag2.py took 0.225 seconds
[2025-09-26T17:43:17.917+0000] {processor.py:186} INFO - Started process (PID=2087) to work on /opt/airflow/dags/dag2.py
[2025-09-26T17:43:17.919+0000] {processor.py:914} INFO - Processing file /opt/airflow/dags/dag2.py for tasks to queue
[2025-09-26T17:43:17.923+0000] {logging_mixin.py:190} INFO - [2025-09-26T17:43:17.922+0000] {dagbag.py:588} INFO - Filling up the DagBag from /opt/airflow/dags/dag2.py
[2025-09-26T17:43:17.963+0000] {processor.py:925} INFO - DAG(s) 'dag2.v2.0' retrieved from /opt/airflow/dags/dag2.py
[2025-09-26T17:43:18.004+0000] {logging_mixin.py:190} INFO - [2025-09-26T17:43:18.003+0000] {dag.py:3239} INFO - Sync 1 DAGs
[2025-09-26T17:43:18.056+0000] {logging_mixin.py:190} INFO - [2025-09-26T17:43:18.056+0000] {dag.py:4180} INFO - Setting next_dagrun for dag2.v2.0 to 2025-09-23 03:00:00+00:00, run_after=2025-09-30 03:00:00+00:00
[2025-09-26T17:43:18.122+0000] {processor.py:208} INFO - Processing /opt/airflow/dags/dag2.py took 0.215 seconds
[2025-09-26T17:43:49.042+0000] {processor.py:186} INFO - Started process (PID=2113) to work on /opt/airflow/dags/dag2.py
[2025-09-26T17:43:49.044+0000] {processor.py:914} INFO - Processing file /opt/airflow/dags/dag2.py for tasks to queue
[2025-09-26T17:43:49.050+0000] {logging_mixin.py:190} INFO - [2025-09-26T17:43:49.049+0000] {dagbag.py:588} INFO - Filling up the DagBag from /opt/airflow/dags/dag2.py
[2025-09-26T17:43:49.096+0000] {processor.py:925} INFO - DAG(s) 'dag2.v2.0' retrieved from /opt/airflow/dags/dag2.py
[2025-09-26T17:43:49.156+0000] {logging_mixin.py:190} INFO - [2025-09-26T17:43:49.156+0000] {dag.py:3239} INFO - Sync 1 DAGs
[2025-09-26T17:43:49.207+0000] {logging_mixin.py:190} INFO - [2025-09-26T17:43:49.206+0000] {dag.py:4180} INFO - Setting next_dagrun for dag2.v2.0 to 2025-09-23 03:00:00+00:00, run_after=2025-09-30 03:00:00+00:00
[2025-09-26T17:43:49.274+0000] {processor.py:208} INFO - Processing /opt/airflow/dags/dag2.py took 0.242 seconds
[2025-09-26T17:44:19.591+0000] {processor.py:186} INFO - Started process (PID=2139) to work on /opt/airflow/dags/dag2.py
[2025-09-26T17:44:19.593+0000] {processor.py:914} INFO - Processing file /opt/airflow/dags/dag2.py for tasks to queue
[2025-09-26T17:44:19.596+0000] {logging_mixin.py:190} INFO - [2025-09-26T17:44:19.595+0000] {dagbag.py:588} INFO - Filling up the DagBag from /opt/airflow/dags/dag2.py
[2025-09-26T17:44:19.629+0000] {processor.py:925} INFO - DAG(s) 'dag2.v2.0' retrieved from /opt/airflow/dags/dag2.py
[2025-09-26T17:44:19.673+0000] {logging_mixin.py:190} INFO - [2025-09-26T17:44:19.673+0000] {dag.py:3239} INFO - Sync 1 DAGs
[2025-09-26T17:44:19.734+0000] {logging_mixin.py:190} INFO - [2025-09-26T17:44:19.733+0000] {dag.py:4180} INFO - Setting next_dagrun for dag2.v2.0 to 2025-09-23 03:00:00+00:00, run_after=2025-09-30 03:00:00+00:00
[2025-09-26T17:44:19.773+0000] {processor.py:208} INFO - Processing /opt/airflow/dags/dag2.py took 0.191 seconds
[2025-09-26T17:44:50.154+0000] {processor.py:186} INFO - Started process (PID=2166) to work on /opt/airflow/dags/dag2.py
[2025-09-26T17:44:50.156+0000] {processor.py:914} INFO - Processing file /opt/airflow/dags/dag2.py for tasks to queue
[2025-09-26T17:44:50.162+0000] {logging_mixin.py:190} INFO - [2025-09-26T17:44:50.161+0000] {dagbag.py:588} INFO - Filling up the DagBag from /opt/airflow/dags/dag2.py
[2025-09-26T17:44:50.201+0000] {processor.py:925} INFO - DAG(s) 'dag2.v2.0' retrieved from /opt/airflow/dags/dag2.py
[2025-09-26T17:44:50.248+0000] {logging_mixin.py:190} INFO - [2025-09-26T17:44:50.248+0000] {dag.py:3239} INFO - Sync 1 DAGs
[2025-09-26T17:44:50.299+0000] {logging_mixin.py:190} INFO - [2025-09-26T17:44:50.299+0000] {dag.py:4180} INFO - Setting next_dagrun for dag2.v2.0 to 2025-09-23 03:00:00+00:00, run_after=2025-09-30 03:00:00+00:00
[2025-09-26T17:44:50.358+0000] {processor.py:208} INFO - Processing /opt/airflow/dags/dag2.py took 0.216 seconds
[2025-09-26T17:45:20.946+0000] {processor.py:186} INFO - Started process (PID=2193) to work on /opt/airflow/dags/dag2.py
[2025-09-26T17:45:20.948+0000] {processor.py:914} INFO - Processing file /opt/airflow/dags/dag2.py for tasks to queue
[2025-09-26T17:45:20.953+0000] {logging_mixin.py:190} INFO - [2025-09-26T17:45:20.952+0000] {dagbag.py:588} INFO - Filling up the DagBag from /opt/airflow/dags/dag2.py
[2025-09-26T17:45:20.988+0000] {processor.py:925} INFO - DAG(s) 'dag2.v2.0' retrieved from /opt/airflow/dags/dag2.py
[2025-09-26T17:45:21.031+0000] {logging_mixin.py:190} INFO - [2025-09-26T17:45:21.031+0000] {dag.py:3239} INFO - Sync 1 DAGs
[2025-09-26T17:45:21.091+0000] {logging_mixin.py:190} INFO - [2025-09-26T17:45:21.090+0000] {dag.py:4180} INFO - Setting next_dagrun for dag2.v2.0 to 2025-09-23 03:00:00+00:00, run_after=2025-09-30 03:00:00+00:00
[2025-09-26T17:45:21.128+0000] {processor.py:208} INFO - Processing /opt/airflow/dags/dag2.py took 0.191 seconds
[2025-09-26T17:45:51.623+0000] {processor.py:186} INFO - Started process (PID=2219) to work on /opt/airflow/dags/dag2.py
[2025-09-26T17:45:51.624+0000] {processor.py:914} INFO - Processing file /opt/airflow/dags/dag2.py for tasks to queue
[2025-09-26T17:45:51.628+0000] {logging_mixin.py:190} INFO - [2025-09-26T17:45:51.627+0000] {dagbag.py:588} INFO - Filling up the DagBag from /opt/airflow/dags/dag2.py
[2025-09-26T17:45:51.661+0000] {processor.py:925} INFO - DAG(s) 'dag2.v2.0' retrieved from /opt/airflow/dags/dag2.py
[2025-09-26T17:45:51.705+0000] {logging_mixin.py:190} INFO - [2025-09-26T17:45:51.704+0000] {dag.py:3239} INFO - Sync 1 DAGs
[2025-09-26T17:45:51.749+0000] {logging_mixin.py:190} INFO - [2025-09-26T17:45:51.749+0000] {dag.py:4180} INFO - Setting next_dagrun for dag2.v2.0 to 2025-09-23 03:00:00+00:00, run_after=2025-09-30 03:00:00+00:00
[2025-09-26T17:45:51.784+0000] {processor.py:208} INFO - Processing /opt/airflow/dags/dag2.py took 0.174 seconds
[2025-09-26T17:46:22.308+0000] {processor.py:186} INFO - Started process (PID=2245) to work on /opt/airflow/dags/dag2.py
[2025-09-26T17:46:22.310+0000] {processor.py:914} INFO - Processing file /opt/airflow/dags/dag2.py for tasks to queue
[2025-09-26T17:46:22.313+0000] {logging_mixin.py:190} INFO - [2025-09-26T17:46:22.313+0000] {dagbag.py:588} INFO - Filling up the DagBag from /opt/airflow/dags/dag2.py
[2025-09-26T17:46:22.353+0000] {processor.py:925} INFO - DAG(s) 'dag2.v2.0' retrieved from /opt/airflow/dags/dag2.py
[2025-09-26T17:46:22.397+0000] {logging_mixin.py:190} INFO - [2025-09-26T17:46:22.396+0000] {dag.py:3239} INFO - Sync 1 DAGs
[2025-09-26T17:46:22.453+0000] {logging_mixin.py:190} INFO - [2025-09-26T17:46:22.453+0000] {dag.py:4180} INFO - Setting next_dagrun for dag2.v2.0 to 2025-09-23 03:00:00+00:00, run_after=2025-09-30 03:00:00+00:00
[2025-09-26T17:46:22.486+0000] {processor.py:208} INFO - Processing /opt/airflow/dags/dag2.py took 0.188 seconds
[2025-09-26T17:46:53.019+0000] {processor.py:186} INFO - Started process (PID=2277) to work on /opt/airflow/dags/dag2.py
[2025-09-26T17:46:53.021+0000] {processor.py:914} INFO - Processing file /opt/airflow/dags/dag2.py for tasks to queue
[2025-09-26T17:46:53.026+0000] {logging_mixin.py:190} INFO - [2025-09-26T17:46:53.025+0000] {dagbag.py:588} INFO - Filling up the DagBag from /opt/airflow/dags/dag2.py
[2025-09-26T17:46:53.059+0000] {processor.py:925} INFO - DAG(s) 'dag2.v2.0' retrieved from /opt/airflow/dags/dag2.py
[2025-09-26T17:46:53.109+0000] {logging_mixin.py:190} INFO - [2025-09-26T17:46:53.108+0000] {dag.py:3239} INFO - Sync 1 DAGs
[2025-09-26T17:46:53.151+0000] {logging_mixin.py:190} INFO - [2025-09-26T17:46:53.151+0000] {dag.py:4180} INFO - Setting next_dagrun for dag2.v2.0 to 2025-09-23 03:00:00+00:00, run_after=2025-09-30 03:00:00+00:00
[2025-09-26T17:46:53.193+0000] {processor.py:208} INFO - Processing /opt/airflow/dags/dag2.py took 0.183 seconds
[2025-09-26T17:47:23.668+0000] {processor.py:186} INFO - Started process (PID=2303) to work on /opt/airflow/dags/dag2.py
[2025-09-26T17:47:23.670+0000] {processor.py:914} INFO - Processing file /opt/airflow/dags/dag2.py for tasks to queue
[2025-09-26T17:47:23.675+0000] {logging_mixin.py:190} INFO - [2025-09-26T17:47:23.675+0000] {dagbag.py:588} INFO - Filling up the DagBag from /opt/airflow/dags/dag2.py
[2025-09-26T17:47:23.720+0000] {processor.py:925} INFO - DAG(s) 'dag2.v2.0' retrieved from /opt/airflow/dags/dag2.py
[2025-09-26T17:47:23.760+0000] {logging_mixin.py:190} INFO - [2025-09-26T17:47:23.759+0000] {dag.py:3239} INFO - Sync 1 DAGs
[2025-09-26T17:47:23.813+0000] {logging_mixin.py:190} INFO - [2025-09-26T17:47:23.813+0000] {dag.py:4180} INFO - Setting next_dagrun for dag2.v2.0 to 2025-09-23 03:00:00+00:00, run_after=2025-09-30 03:00:00+00:00
[2025-09-26T17:47:23.848+0000] {processor.py:208} INFO - Processing /opt/airflow/dags/dag2.py took 0.191 seconds
[2025-09-26T17:47:54.358+0000] {processor.py:186} INFO - Started process (PID=2329) to work on /opt/airflow/dags/dag2.py
[2025-09-26T17:47:54.370+0000] {processor.py:914} INFO - Processing file /opt/airflow/dags/dag2.py for tasks to queue
[2025-09-26T17:47:54.375+0000] {logging_mixin.py:190} INFO - [2025-09-26T17:47:54.375+0000] {dagbag.py:588} INFO - Filling up the DagBag from /opt/airflow/dags/dag2.py
[2025-09-26T17:47:54.414+0000] {processor.py:925} INFO - DAG(s) 'dag2.v2.0' retrieved from /opt/airflow/dags/dag2.py
[2025-09-26T17:47:54.463+0000] {logging_mixin.py:190} INFO - [2025-09-26T17:47:54.462+0000] {dag.py:3239} INFO - Sync 1 DAGs
[2025-09-26T17:47:54.518+0000] {logging_mixin.py:190} INFO - [2025-09-26T17:47:54.518+0000] {dag.py:4180} INFO - Setting next_dagrun for dag2.v2.0 to 2025-09-23 03:00:00+00:00, run_after=2025-09-30 03:00:00+00:00
[2025-09-26T17:47:54.568+0000] {processor.py:208} INFO - Processing /opt/airflow/dags/dag2.py took 0.229 seconds
[2025-09-26T17:48:25.110+0000] {processor.py:186} INFO - Started process (PID=2355) to work on /opt/airflow/dags/dag2.py
[2025-09-26T17:48:25.112+0000] {processor.py:914} INFO - Processing file /opt/airflow/dags/dag2.py for tasks to queue
[2025-09-26T17:48:25.116+0000] {logging_mixin.py:190} INFO - [2025-09-26T17:48:25.115+0000] {dagbag.py:588} INFO - Filling up the DagBag from /opt/airflow/dags/dag2.py
[2025-09-26T17:48:25.156+0000] {processor.py:925} INFO - DAG(s) 'dag2.v2.0' retrieved from /opt/airflow/dags/dag2.py
[2025-09-26T17:48:25.201+0000] {logging_mixin.py:190} INFO - [2025-09-26T17:48:25.200+0000] {dag.py:3239} INFO - Sync 1 DAGs
[2025-09-26T17:48:25.254+0000] {logging_mixin.py:190} INFO - [2025-09-26T17:48:25.254+0000] {dag.py:4180} INFO - Setting next_dagrun for dag2.v2.0 to 2025-09-23 03:00:00+00:00, run_after=2025-09-30 03:00:00+00:00
[2025-09-26T17:48:25.300+0000] {processor.py:208} INFO - Processing /opt/airflow/dags/dag2.py took 0.202 seconds
[2025-09-26T17:48:55.537+0000] {processor.py:186} INFO - Started process (PID=2381) to work on /opt/airflow/dags/dag2.py
[2025-09-26T17:48:55.539+0000] {processor.py:914} INFO - Processing file /opt/airflow/dags/dag2.py for tasks to queue
[2025-09-26T17:48:55.543+0000] {logging_mixin.py:190} INFO - [2025-09-26T17:48:55.542+0000] {dagbag.py:588} INFO - Filling up the DagBag from /opt/airflow/dags/dag2.py
[2025-09-26T17:48:55.583+0000] {processor.py:925} INFO - DAG(s) 'dag2.v2.0' retrieved from /opt/airflow/dags/dag2.py
[2025-09-26T17:48:55.628+0000] {logging_mixin.py:190} INFO - [2025-09-26T17:48:55.627+0000] {dag.py:3239} INFO - Sync 1 DAGs
[2025-09-26T17:48:55.678+0000] {logging_mixin.py:190} INFO - [2025-09-26T17:48:55.678+0000] {dag.py:4180} INFO - Setting next_dagrun for dag2.v2.0 to 2025-09-23 03:00:00+00:00, run_after=2025-09-30 03:00:00+00:00
[2025-09-26T17:48:55.728+0000] {processor.py:208} INFO - Processing /opt/airflow/dags/dag2.py took 0.203 seconds
[2025-09-26T17:49:26.344+0000] {processor.py:186} INFO - Started process (PID=2407) to work on /opt/airflow/dags/dag2.py
[2025-09-26T17:49:26.347+0000] {processor.py:914} INFO - Processing file /opt/airflow/dags/dag2.py for tasks to queue
[2025-09-26T17:49:26.358+0000] {logging_mixin.py:190} INFO - [2025-09-26T17:49:26.357+0000] {dagbag.py:588} INFO - Filling up the DagBag from /opt/airflow/dags/dag2.py
[2025-09-26T17:49:26.442+0000] {processor.py:925} INFO - DAG(s) 'dag2.v2.0' retrieved from /opt/airflow/dags/dag2.py
[2025-09-26T17:49:26.523+0000] {logging_mixin.py:190} INFO - [2025-09-26T17:49:26.522+0000] {dag.py:3239} INFO - Sync 1 DAGs
[2025-09-26T17:49:26.590+0000] {logging_mixin.py:190} INFO - [2025-09-26T17:49:26.590+0000] {dag.py:4180} INFO - Setting next_dagrun for dag2.v2.0 to 2025-09-23 03:00:00+00:00, run_after=2025-09-30 03:00:00+00:00
[2025-09-26T17:49:26.658+0000] {processor.py:208} INFO - Processing /opt/airflow/dags/dag2.py took 0.334 seconds
[2025-09-26T17:49:57.203+0000] {processor.py:186} INFO - Started process (PID=2433) to work on /opt/airflow/dags/dag2.py
[2025-09-26T17:49:57.205+0000] {processor.py:914} INFO - Processing file /opt/airflow/dags/dag2.py for tasks to queue
[2025-09-26T17:49:57.209+0000] {logging_mixin.py:190} INFO - [2025-09-26T17:49:57.209+0000] {dagbag.py:588} INFO - Filling up the DagBag from /opt/airflow/dags/dag2.py
[2025-09-26T17:49:57.255+0000] {processor.py:925} INFO - DAG(s) 'dag2.v2.0' retrieved from /opt/airflow/dags/dag2.py
[2025-09-26T17:49:57.312+0000] {logging_mixin.py:190} INFO - [2025-09-26T17:49:57.311+0000] {dag.py:3239} INFO - Sync 1 DAGs
[2025-09-26T17:49:57.370+0000] {logging_mixin.py:190} INFO - [2025-09-26T17:49:57.369+0000] {dag.py:4180} INFO - Setting next_dagrun for dag2.v2.0 to 2025-09-23 03:00:00+00:00, run_after=2025-09-30 03:00:00+00:00
[2025-09-26T17:49:57.412+0000] {processor.py:208} INFO - Processing /opt/airflow/dags/dag2.py took 0.229 seconds
[2025-09-26T17:50:27.956+0000] {processor.py:186} INFO - Started process (PID=2460) to work on /opt/airflow/dags/dag2.py
[2025-09-26T17:50:27.958+0000] {processor.py:914} INFO - Processing file /opt/airflow/dags/dag2.py for tasks to queue
[2025-09-26T17:50:27.962+0000] {logging_mixin.py:190} INFO - [2025-09-26T17:50:27.961+0000] {dagbag.py:588} INFO - Filling up the DagBag from /opt/airflow/dags/dag2.py
[2025-09-26T17:50:27.997+0000] {processor.py:925} INFO - DAG(s) 'dag2.v2.0' retrieved from /opt/airflow/dags/dag2.py
[2025-09-26T17:50:28.048+0000] {logging_mixin.py:190} INFO - [2025-09-26T17:50:28.047+0000] {dag.py:3239} INFO - Sync 1 DAGs
[2025-09-26T17:50:28.101+0000] {logging_mixin.py:190} INFO - [2025-09-26T17:50:28.100+0000] {dag.py:4180} INFO - Setting next_dagrun for dag2.v2.0 to 2025-09-23 03:00:00+00:00, run_after=2025-09-30 03:00:00+00:00
[2025-09-26T17:50:28.138+0000] {processor.py:208} INFO - Processing /opt/airflow/dags/dag2.py took 0.192 seconds
[2025-09-26T17:50:58.635+0000] {processor.py:186} INFO - Started process (PID=2487) to work on /opt/airflow/dags/dag2.py
[2025-09-26T17:50:58.637+0000] {processor.py:914} INFO - Processing file /opt/airflow/dags/dag2.py for tasks to queue
[2025-09-26T17:50:58.641+0000] {logging_mixin.py:190} INFO - [2025-09-26T17:50:58.641+0000] {dagbag.py:588} INFO - Filling up the DagBag from /opt/airflow/dags/dag2.py
[2025-09-26T17:50:58.676+0000] {processor.py:925} INFO - DAG(s) 'dag2.v2.0' retrieved from /opt/airflow/dags/dag2.py
[2025-09-26T17:50:58.721+0000] {logging_mixin.py:190} INFO - [2025-09-26T17:50:58.720+0000] {dag.py:3239} INFO - Sync 1 DAGs
[2025-09-26T17:50:58.784+0000] {logging_mixin.py:190} INFO - [2025-09-26T17:50:58.783+0000] {dag.py:4180} INFO - Setting next_dagrun for dag2.v2.0 to 2025-09-23 03:00:00+00:00, run_after=2025-09-30 03:00:00+00:00
[2025-09-26T17:50:58.822+0000] {processor.py:208} INFO - Processing /opt/airflow/dags/dag2.py took 0.198 seconds
[2025-09-26T17:51:29.291+0000] {processor.py:186} INFO - Started process (PID=2513) to work on /opt/airflow/dags/dag2.py
[2025-09-26T17:51:29.293+0000] {processor.py:914} INFO - Processing file /opt/airflow/dags/dag2.py for tasks to queue
[2025-09-26T17:51:29.299+0000] {logging_mixin.py:190} INFO - [2025-09-26T17:51:29.298+0000] {dagbag.py:588} INFO - Filling up the DagBag from /opt/airflow/dags/dag2.py
[2025-09-26T17:51:29.353+0000] {processor.py:925} INFO - DAG(s) 'dag2.v2.0' retrieved from /opt/airflow/dags/dag2.py
[2025-09-26T17:51:29.394+0000] {logging_mixin.py:190} INFO - [2025-09-26T17:51:29.394+0000] {dag.py:3239} INFO - Sync 1 DAGs
[2025-09-26T17:51:29.445+0000] {logging_mixin.py:190} INFO - [2025-09-26T17:51:29.444+0000] {dag.py:4180} INFO - Setting next_dagrun for dag2.v2.0 to 2025-09-23 03:00:00+00:00, run_after=2025-09-30 03:00:00+00:00
[2025-09-26T17:51:29.478+0000] {processor.py:208} INFO - Processing /opt/airflow/dags/dag2.py took 0.200 seconds
[2025-09-26T17:51:59.954+0000] {processor.py:186} INFO - Started process (PID=2545) to work on /opt/airflow/dags/dag2.py
[2025-09-26T17:51:59.956+0000] {processor.py:914} INFO - Processing file /opt/airflow/dags/dag2.py for tasks to queue
[2025-09-26T17:51:59.959+0000] {logging_mixin.py:190} INFO - [2025-09-26T17:51:59.959+0000] {dagbag.py:588} INFO - Filling up the DagBag from /opt/airflow/dags/dag2.py
[2025-09-26T17:51:59.997+0000] {processor.py:925} INFO - DAG(s) 'dag2.v2.0' retrieved from /opt/airflow/dags/dag2.py
[2025-09-26T17:52:00.039+0000] {logging_mixin.py:190} INFO - [2025-09-26T17:52:00.038+0000] {dag.py:3239} INFO - Sync 1 DAGs
[2025-09-26T17:52:00.086+0000] {logging_mixin.py:190} INFO - [2025-09-26T17:52:00.086+0000] {dag.py:4180} INFO - Setting next_dagrun for dag2.v2.0 to 2025-09-23 03:00:00+00:00, run_after=2025-09-30 03:00:00+00:00
[2025-09-26T17:52:00.124+0000] {processor.py:208} INFO - Processing /opt/airflow/dags/dag2.py took 0.181 seconds
[2025-09-26T17:52:30.690+0000] {processor.py:186} INFO - Started process (PID=2571) to work on /opt/airflow/dags/dag2.py
[2025-09-26T17:52:30.692+0000] {processor.py:914} INFO - Processing file /opt/airflow/dags/dag2.py for tasks to queue
[2025-09-26T17:52:30.696+0000] {logging_mixin.py:190} INFO - [2025-09-26T17:52:30.695+0000] {dagbag.py:588} INFO - Filling up the DagBag from /opt/airflow/dags/dag2.py
[2025-09-26T17:52:30.728+0000] {processor.py:925} INFO - DAG(s) 'dag2.v2.0' retrieved from /opt/airflow/dags/dag2.py
[2025-09-26T17:52:30.772+0000] {logging_mixin.py:190} INFO - [2025-09-26T17:52:30.772+0000] {dag.py:3239} INFO - Sync 1 DAGs
[2025-09-26T17:52:30.816+0000] {logging_mixin.py:190} INFO - [2025-09-26T17:52:30.816+0000] {dag.py:4180} INFO - Setting next_dagrun for dag2.v2.0 to 2025-09-23 03:00:00+00:00, run_after=2025-09-30 03:00:00+00:00
[2025-09-26T17:52:30.852+0000] {processor.py:208} INFO - Processing /opt/airflow/dags/dag2.py took 0.170 seconds
[2025-09-26T17:53:01.414+0000] {processor.py:186} INFO - Started process (PID=2598) to work on /opt/airflow/dags/dag2.py
[2025-09-26T17:53:01.416+0000] {processor.py:914} INFO - Processing file /opt/airflow/dags/dag2.py for tasks to queue
[2025-09-26T17:53:01.421+0000] {logging_mixin.py:190} INFO - [2025-09-26T17:53:01.420+0000] {dagbag.py:588} INFO - Filling up the DagBag from /opt/airflow/dags/dag2.py
[2025-09-26T17:53:01.458+0000] {processor.py:925} INFO - DAG(s) 'dag2.v2.0' retrieved from /opt/airflow/dags/dag2.py
[2025-09-26T17:53:01.496+0000] {logging_mixin.py:190} INFO - [2025-09-26T17:53:01.495+0000] {dag.py:3239} INFO - Sync 1 DAGs
[2025-09-26T17:53:01.548+0000] {logging_mixin.py:190} INFO - [2025-09-26T17:53:01.547+0000] {dag.py:4180} INFO - Setting next_dagrun for dag2.v2.0 to 2025-09-23 03:00:00+00:00, run_after=2025-09-30 03:00:00+00:00
[2025-09-26T17:53:01.580+0000] {processor.py:208} INFO - Processing /opt/airflow/dags/dag2.py took 0.185 seconds
[2025-09-26T17:53:31.758+0000] {processor.py:186} INFO - Started process (PID=2624) to work on /opt/airflow/dags/dag2.py
[2025-09-26T17:53:31.760+0000] {processor.py:914} INFO - Processing file /opt/airflow/dags/dag2.py for tasks to queue
[2025-09-26T17:53:31.765+0000] {logging_mixin.py:190} INFO - [2025-09-26T17:53:31.765+0000] {dagbag.py:588} INFO - Filling up the DagBag from /opt/airflow/dags/dag2.py
[2025-09-26T17:53:31.809+0000] {processor.py:925} INFO - DAG(s) 'dag2.v2.0' retrieved from /opt/airflow/dags/dag2.py
[2025-09-26T17:53:31.863+0000] {logging_mixin.py:190} INFO - [2025-09-26T17:53:31.861+0000] {dag.py:3239} INFO - Sync 1 DAGs
[2025-09-26T17:53:31.928+0000] {logging_mixin.py:190} INFO - [2025-09-26T17:53:31.927+0000] {dag.py:4180} INFO - Setting next_dagrun for dag2.v2.0 to 2025-09-23 03:00:00+00:00, run_after=2025-09-30 03:00:00+00:00
[2025-09-26T17:53:31.966+0000] {processor.py:208} INFO - Processing /opt/airflow/dags/dag2.py took 0.218 seconds
[2025-09-26T17:54:02.446+0000] {processor.py:186} INFO - Started process (PID=2650) to work on /opt/airflow/dags/dag2.py
[2025-09-26T17:54:02.449+0000] {processor.py:914} INFO - Processing file /opt/airflow/dags/dag2.py for tasks to queue
[2025-09-26T17:54:02.457+0000] {logging_mixin.py:190} INFO - [2025-09-26T17:54:02.456+0000] {dagbag.py:588} INFO - Filling up the DagBag from /opt/airflow/dags/dag2.py
[2025-09-26T17:54:02.509+0000] {processor.py:925} INFO - DAG(s) 'dag2.v2.0' retrieved from /opt/airflow/dags/dag2.py
[2025-09-26T17:54:02.560+0000] {logging_mixin.py:190} INFO - [2025-09-26T17:54:02.559+0000] {dag.py:3239} INFO - Sync 1 DAGs
[2025-09-26T17:54:02.616+0000] {logging_mixin.py:190} INFO - [2025-09-26T17:54:02.616+0000] {dag.py:4180} INFO - Setting next_dagrun for dag2.v2.0 to 2025-09-23 03:00:00+00:00, run_after=2025-09-30 03:00:00+00:00
[2025-09-26T17:54:02.661+0000] {processor.py:208} INFO - Processing /opt/airflow/dags/dag2.py took 0.232 seconds
[2025-09-26T17:54:33.334+0000] {processor.py:186} INFO - Started process (PID=2676) to work on /opt/airflow/dags/dag2.py
[2025-09-26T17:54:33.336+0000] {processor.py:914} INFO - Processing file /opt/airflow/dags/dag2.py for tasks to queue
[2025-09-26T17:54:33.340+0000] {logging_mixin.py:190} INFO - [2025-09-26T17:54:33.339+0000] {dagbag.py:588} INFO - Filling up the DagBag from /opt/airflow/dags/dag2.py
[2025-09-26T17:54:33.375+0000] {processor.py:925} INFO - DAG(s) 'dag2.v2.0' retrieved from /opt/airflow/dags/dag2.py
[2025-09-26T17:54:33.419+0000] {logging_mixin.py:190} INFO - [2025-09-26T17:54:33.418+0000] {dag.py:3239} INFO - Sync 1 DAGs
[2025-09-26T17:54:33.473+0000] {logging_mixin.py:190} INFO - [2025-09-26T17:54:33.473+0000] {dag.py:4180} INFO - Setting next_dagrun for dag2.v2.0 to 2025-09-23 03:00:00+00:00, run_after=2025-09-30 03:00:00+00:00
[2025-09-26T17:54:33.532+0000] {processor.py:208} INFO - Processing /opt/airflow/dags/dag2.py took 0.210 seconds
[2025-09-26T17:55:04.080+0000] {processor.py:186} INFO - Started process (PID=2702) to work on /opt/airflow/dags/dag2.py
[2025-09-26T17:55:04.082+0000] {processor.py:914} INFO - Processing file /opt/airflow/dags/dag2.py for tasks to queue
[2025-09-26T17:55:04.088+0000] {logging_mixin.py:190} INFO - [2025-09-26T17:55:04.087+0000] {dagbag.py:588} INFO - Filling up the DagBag from /opt/airflow/dags/dag2.py
[2025-09-26T17:55:04.128+0000] {processor.py:925} INFO - DAG(s) 'dag2.v2.0' retrieved from /opt/airflow/dags/dag2.py
[2025-09-26T17:55:04.168+0000] {logging_mixin.py:190} INFO - [2025-09-26T17:55:04.168+0000] {dag.py:3239} INFO - Sync 1 DAGs
[2025-09-26T17:55:04.220+0000] {logging_mixin.py:190} INFO - [2025-09-26T17:55:04.219+0000] {dag.py:4180} INFO - Setting next_dagrun for dag2.v2.0 to 2025-09-23 03:00:00+00:00, run_after=2025-09-30 03:00:00+00:00
[2025-09-26T17:55:04.253+0000] {processor.py:208} INFO - Processing /opt/airflow/dags/dag2.py took 0.184 seconds
