[2025-09-26T17:08:18.769+0000] {processor.py:186} INFO - Started process (PID=225) to work on /opt/airflow/dags/dag_s3.py
[2025-09-26T17:08:18.780+0000] {processor.py:914} INFO - Processing file /opt/airflow/dags/dag_s3.py for tasks to queue
[2025-09-26T17:08:18.788+0000] {logging_mixin.py:190} INFO - [2025-09-26T17:08:18.787+0000] {dagbag.py:588} INFO - Filling up the DagBag from /opt/airflow/dags/dag_s3.py
[2025-09-26T17:08:18.891+0000] {processor.py:925} INFO - DAG(s) 'dag_s3' retrieved from /opt/airflow/dags/dag_s3.py
[2025-09-26T17:08:19.063+0000] {logging_mixin.py:190} INFO - [2025-09-26T17:08:19.061+0000] {dag.py:3239} INFO - Sync 1 DAGs
[2025-09-26T17:08:19.237+0000] {logging_mixin.py:190} INFO - [2025-09-26T17:08:19.235+0000] {dag.py:4180} INFO - Setting next_dagrun for dag_s3 to 2025-09-26 00:00:00+00:00, run_after=2025-09-27 00:00:00+00:00
[2025-09-26T17:08:19.313+0000] {processor.py:208} INFO - Processing /opt/airflow/dags/dag_s3.py took 0.593 seconds
[2025-09-26T17:08:49.493+0000] {processor.py:186} INFO - Started process (PID=284) to work on /opt/airflow/dags/dag_s3.py
[2025-09-26T17:08:49.495+0000] {processor.py:914} INFO - Processing file /opt/airflow/dags/dag_s3.py for tasks to queue
[2025-09-26T17:08:49.501+0000] {logging_mixin.py:190} INFO - [2025-09-26T17:08:49.499+0000] {dagbag.py:588} INFO - Filling up the DagBag from /opt/airflow/dags/dag_s3.py
[2025-09-26T17:08:49.554+0000] {processor.py:925} INFO - DAG(s) 'dag_s3' retrieved from /opt/airflow/dags/dag_s3.py
[2025-09-26T17:08:49.618+0000] {logging_mixin.py:190} INFO - [2025-09-26T17:08:49.618+0000] {dag.py:3239} INFO - Sync 1 DAGs
[2025-09-26T17:08:50.581+0000] {logging_mixin.py:190} INFO - [2025-09-26T17:08:50.580+0000] {dag.py:4180} INFO - Setting next_dagrun for dag_s3 to 2025-09-26 00:00:00+00:00, run_after=2025-09-27 00:00:00+00:00
[2025-09-26T17:08:50.619+0000] {processor.py:208} INFO - Processing /opt/airflow/dags/dag_s3.py took 1.138 seconds
[2025-09-26T17:09:20.803+0000] {processor.py:186} INFO - Started process (PID=310) to work on /opt/airflow/dags/dag_s3.py
[2025-09-26T17:09:20.806+0000] {processor.py:914} INFO - Processing file /opt/airflow/dags/dag_s3.py for tasks to queue
[2025-09-26T17:09:20.816+0000] {logging_mixin.py:190} INFO - [2025-09-26T17:09:20.815+0000] {dagbag.py:588} INFO - Filling up the DagBag from /opt/airflow/dags/dag_s3.py
[2025-09-26T17:09:20.872+0000] {processor.py:925} INFO - DAG(s) 'dag_s3' retrieved from /opt/airflow/dags/dag_s3.py
[2025-09-26T17:09:22.023+0000] {logging_mixin.py:190} INFO - [2025-09-26T17:09:22.022+0000] {dag.py:3239} INFO - Sync 1 DAGs
[2025-09-26T17:09:22.065+0000] {logging_mixin.py:190} INFO - [2025-09-26T17:09:22.064+0000] {dag.py:4180} INFO - Setting next_dagrun for dag_s3 to 2025-09-26 00:00:00+00:00, run_after=2025-09-27 00:00:00+00:00
[2025-09-26T17:09:22.106+0000] {processor.py:208} INFO - Processing /opt/airflow/dags/dag_s3.py took 1.337 seconds
[2025-09-26T17:09:53.493+0000] {processor.py:186} INFO - Started process (PID=339) to work on /opt/airflow/dags/dag_s3.py
[2025-09-26T17:09:53.494+0000] {processor.py:914} INFO - Processing file /opt/airflow/dags/dag_s3.py for tasks to queue
[2025-09-26T17:09:53.499+0000] {logging_mixin.py:190} INFO - [2025-09-26T17:09:53.498+0000] {dagbag.py:588} INFO - Filling up the DagBag from /opt/airflow/dags/dag_s3.py
[2025-09-26T17:09:53.549+0000] {processor.py:925} INFO - DAG(s) 'dag_s3' retrieved from /opt/airflow/dags/dag_s3.py
[2025-09-26T17:09:53.626+0000] {logging_mixin.py:190} INFO - [2025-09-26T17:09:53.625+0000] {dag.py:3239} INFO - Sync 1 DAGs
[2025-09-26T17:09:53.724+0000] {logging_mixin.py:190} INFO - [2025-09-26T17:09:53.724+0000] {dag.py:4180} INFO - Setting next_dagrun for dag_s3 to 2025-09-26 00:00:00+00:00, run_after=2025-09-27 00:00:00+00:00
[2025-09-26T17:09:53.762+0000] {processor.py:208} INFO - Processing /opt/airflow/dags/dag_s3.py took 0.283 seconds
[2025-09-26T17:10:23.916+0000] {processor.py:186} INFO - Started process (PID=365) to work on /opt/airflow/dags/dag_s3.py
[2025-09-26T17:10:23.919+0000] {processor.py:914} INFO - Processing file /opt/airflow/dags/dag_s3.py for tasks to queue
[2025-09-26T17:10:23.925+0000] {logging_mixin.py:190} INFO - [2025-09-26T17:10:23.924+0000] {dagbag.py:588} INFO - Filling up the DagBag from /opt/airflow/dags/dag_s3.py
[2025-09-26T17:10:23.978+0000] {processor.py:925} INFO - DAG(s) 'dag_s3' retrieved from /opt/airflow/dags/dag_s3.py
[2025-09-26T17:10:24.048+0000] {logging_mixin.py:190} INFO - [2025-09-26T17:10:24.047+0000] {dag.py:3239} INFO - Sync 1 DAGs
[2025-09-26T17:10:24.121+0000] {logging_mixin.py:190} INFO - [2025-09-26T17:10:24.121+0000] {dag.py:4180} INFO - Setting next_dagrun for dag_s3 to 2025-09-26 00:00:00+00:00, run_after=2025-09-27 00:00:00+00:00
[2025-09-26T17:10:24.169+0000] {processor.py:208} INFO - Processing /opt/airflow/dags/dag_s3.py took 0.274 seconds
[2025-09-26T17:10:54.475+0000] {processor.py:186} INFO - Started process (PID=394) to work on /opt/airflow/dags/dag_s3.py
[2025-09-26T17:10:54.477+0000] {processor.py:914} INFO - Processing file /opt/airflow/dags/dag_s3.py for tasks to queue
[2025-09-26T17:10:54.483+0000] {logging_mixin.py:190} INFO - [2025-09-26T17:10:54.482+0000] {dagbag.py:588} INFO - Filling up the DagBag from /opt/airflow/dags/dag_s3.py
[2025-09-26T17:10:54.532+0000] {processor.py:925} INFO - DAG(s) 'dag_s3' retrieved from /opt/airflow/dags/dag_s3.py
[2025-09-26T17:10:54.588+0000] {logging_mixin.py:190} INFO - [2025-09-26T17:10:54.588+0000] {dag.py:3239} INFO - Sync 1 DAGs
[2025-09-26T17:10:54.692+0000] {logging_mixin.py:190} INFO - [2025-09-26T17:10:54.691+0000] {dag.py:4180} INFO - Setting next_dagrun for dag_s3 to 2025-09-26 00:00:00+00:00, run_after=2025-09-27 00:00:00+00:00
[2025-09-26T17:10:54.744+0000] {processor.py:208} INFO - Processing /opt/airflow/dags/dag_s3.py took 0.283 seconds
[2025-09-26T17:11:25.090+0000] {processor.py:186} INFO - Started process (PID=420) to work on /opt/airflow/dags/dag_s3.py
[2025-09-26T17:11:25.092+0000] {processor.py:914} INFO - Processing file /opt/airflow/dags/dag_s3.py for tasks to queue
[2025-09-26T17:11:25.098+0000] {logging_mixin.py:190} INFO - [2025-09-26T17:11:25.097+0000] {dagbag.py:588} INFO - Filling up the DagBag from /opt/airflow/dags/dag_s3.py
[2025-09-26T17:11:25.144+0000] {processor.py:925} INFO - DAG(s) 'dag_s3' retrieved from /opt/airflow/dags/dag_s3.py
[2025-09-26T17:11:25.207+0000] {logging_mixin.py:190} INFO - [2025-09-26T17:11:25.206+0000] {dag.py:3239} INFO - Sync 1 DAGs
[2025-09-26T17:11:25.257+0000] {logging_mixin.py:190} INFO - [2025-09-26T17:11:25.257+0000] {dag.py:4180} INFO - Setting next_dagrun for dag_s3 to 2025-09-26 00:00:00+00:00, run_after=2025-09-27 00:00:00+00:00
[2025-09-26T17:11:25.298+0000] {processor.py:208} INFO - Processing /opt/airflow/dags/dag_s3.py took 0.225 seconds
[2025-09-26T17:11:55.859+0000] {processor.py:186} INFO - Started process (PID=446) to work on /opt/airflow/dags/dag_s3.py
[2025-09-26T17:11:55.863+0000] {processor.py:914} INFO - Processing file /opt/airflow/dags/dag_s3.py for tasks to queue
[2025-09-26T17:11:55.875+0000] {logging_mixin.py:190} INFO - [2025-09-26T17:11:55.874+0000] {dagbag.py:588} INFO - Filling up the DagBag from /opt/airflow/dags/dag_s3.py
[2025-09-26T17:11:55.959+0000] {processor.py:925} INFO - DAG(s) 'dag_s3' retrieved from /opt/airflow/dags/dag_s3.py
[2025-09-26T17:11:56.035+0000] {logging_mixin.py:190} INFO - [2025-09-26T17:11:56.034+0000] {dag.py:3239} INFO - Sync 1 DAGs
[2025-09-26T17:11:56.136+0000] {logging_mixin.py:190} INFO - [2025-09-26T17:11:56.135+0000] {dag.py:4180} INFO - Setting next_dagrun for dag_s3 to 2025-09-26 00:00:00+00:00, run_after=2025-09-27 00:00:00+00:00
[2025-09-26T17:11:56.190+0000] {processor.py:208} INFO - Processing /opt/airflow/dags/dag_s3.py took 0.360 seconds
[2025-09-26T17:12:26.320+0000] {processor.py:186} INFO - Started process (PID=478) to work on /opt/airflow/dags/dag_s3.py
[2025-09-26T17:12:26.324+0000] {processor.py:914} INFO - Processing file /opt/airflow/dags/dag_s3.py for tasks to queue
[2025-09-26T17:12:26.329+0000] {logging_mixin.py:190} INFO - [2025-09-26T17:12:26.329+0000] {dagbag.py:588} INFO - Filling up the DagBag from /opt/airflow/dags/dag_s3.py
[2025-09-26T17:12:26.375+0000] {processor.py:925} INFO - DAG(s) 'dag_s3' retrieved from /opt/airflow/dags/dag_s3.py
[2025-09-26T17:12:26.428+0000] {logging_mixin.py:190} INFO - [2025-09-26T17:12:26.428+0000] {dag.py:3239} INFO - Sync 1 DAGs
[2025-09-26T17:12:26.486+0000] {logging_mixin.py:190} INFO - [2025-09-26T17:12:26.485+0000] {dag.py:4180} INFO - Setting next_dagrun for dag_s3 to 2025-09-26 00:00:00+00:00, run_after=2025-09-27 00:00:00+00:00
[2025-09-26T17:12:26.523+0000] {processor.py:208} INFO - Processing /opt/airflow/dags/dag_s3.py took 0.217 seconds
[2025-09-26T17:12:57.598+0000] {processor.py:186} INFO - Started process (PID=505) to work on /opt/airflow/dags/dag_s3.py
[2025-09-26T17:12:57.599+0000] {processor.py:914} INFO - Processing file /opt/airflow/dags/dag_s3.py for tasks to queue
[2025-09-26T17:12:57.604+0000] {logging_mixin.py:190} INFO - [2025-09-26T17:12:57.603+0000] {dagbag.py:588} INFO - Filling up the DagBag from /opt/airflow/dags/dag_s3.py
[2025-09-26T17:12:57.640+0000] {processor.py:925} INFO - DAG(s) 'dag_s3' retrieved from /opt/airflow/dags/dag_s3.py
[2025-09-26T17:12:57.680+0000] {logging_mixin.py:190} INFO - [2025-09-26T17:12:57.680+0000] {dag.py:3239} INFO - Sync 1 DAGs
[2025-09-26T17:12:57.725+0000] {logging_mixin.py:190} INFO - [2025-09-26T17:12:57.725+0000] {dag.py:4180} INFO - Setting next_dagrun for dag_s3 to 2025-09-26 00:00:00+00:00, run_after=2025-09-27 00:00:00+00:00
[2025-09-26T17:12:57.767+0000] {processor.py:208} INFO - Processing /opt/airflow/dags/dag_s3.py took 0.183 seconds
[2025-09-26T17:13:28.565+0000] {processor.py:186} INFO - Started process (PID=532) to work on /opt/airflow/dags/dag_s3.py
[2025-09-26T17:13:28.566+0000] {processor.py:914} INFO - Processing file /opt/airflow/dags/dag_s3.py for tasks to queue
[2025-09-26T17:13:28.569+0000] {logging_mixin.py:190} INFO - [2025-09-26T17:13:28.569+0000] {dagbag.py:588} INFO - Filling up the DagBag from /opt/airflow/dags/dag_s3.py
[2025-09-26T17:13:28.604+0000] {processor.py:925} INFO - DAG(s) 'dag_s3' retrieved from /opt/airflow/dags/dag_s3.py
[2025-09-26T17:13:28.644+0000] {logging_mixin.py:190} INFO - [2025-09-26T17:13:28.643+0000] {dag.py:3239} INFO - Sync 1 DAGs
[2025-09-26T17:13:28.694+0000] {logging_mixin.py:190} INFO - [2025-09-26T17:13:28.693+0000] {dag.py:4180} INFO - Setting next_dagrun for dag_s3 to 2025-09-26 00:00:00+00:00, run_after=2025-09-27 00:00:00+00:00
[2025-09-26T17:13:28.789+0000] {processor.py:208} INFO - Processing /opt/airflow/dags/dag_s3.py took 0.236 seconds
[2025-09-26T17:13:59.629+0000] {processor.py:186} INFO - Started process (PID=558) to work on /opt/airflow/dags/dag_s3.py
[2025-09-26T17:13:59.631+0000] {processor.py:914} INFO - Processing file /opt/airflow/dags/dag_s3.py for tasks to queue
[2025-09-26T17:13:59.637+0000] {logging_mixin.py:190} INFO - [2025-09-26T17:13:59.636+0000] {dagbag.py:588} INFO - Filling up the DagBag from /opt/airflow/dags/dag_s3.py
[2025-09-26T17:13:59.672+0000] {processor.py:925} INFO - DAG(s) 'dag_s3' retrieved from /opt/airflow/dags/dag_s3.py
[2025-09-26T17:13:59.715+0000] {logging_mixin.py:190} INFO - [2025-09-26T17:13:59.715+0000] {dag.py:3239} INFO - Sync 1 DAGs
[2025-09-26T17:13:59.759+0000] {logging_mixin.py:190} INFO - [2025-09-26T17:13:59.759+0000] {dag.py:4180} INFO - Setting next_dagrun for dag_s3 to 2025-09-26 00:00:00+00:00, run_after=2025-09-27 00:00:00+00:00
[2025-09-26T17:13:59.827+0000] {processor.py:208} INFO - Processing /opt/airflow/dags/dag_s3.py took 0.207 seconds
[2025-09-26T17:14:30.603+0000] {processor.py:186} INFO - Started process (PID=584) to work on /opt/airflow/dags/dag_s3.py
[2025-09-26T17:14:30.605+0000] {processor.py:914} INFO - Processing file /opt/airflow/dags/dag_s3.py for tasks to queue
[2025-09-26T17:14:30.609+0000] {logging_mixin.py:190} INFO - [2025-09-26T17:14:30.609+0000] {dagbag.py:588} INFO - Filling up the DagBag from /opt/airflow/dags/dag_s3.py
[2025-09-26T17:14:30.643+0000] {processor.py:925} INFO - DAG(s) 'dag_s3' retrieved from /opt/airflow/dags/dag_s3.py
[2025-09-26T17:14:30.693+0000] {logging_mixin.py:190} INFO - [2025-09-26T17:14:30.693+0000] {dag.py:3239} INFO - Sync 1 DAGs
[2025-09-26T17:14:30.750+0000] {logging_mixin.py:190} INFO - [2025-09-26T17:14:30.749+0000] {dag.py:4180} INFO - Setting next_dagrun for dag_s3 to 2025-09-26 00:00:00+00:00, run_after=2025-09-27 00:00:00+00:00
[2025-09-26T17:14:30.787+0000] {processor.py:208} INFO - Processing /opt/airflow/dags/dag_s3.py took 0.198 seconds
[2025-09-26T17:15:01.598+0000] {processor.py:186} INFO - Started process (PID=610) to work on /opt/airflow/dags/dag_s3.py
[2025-09-26T17:15:01.601+0000] {processor.py:914} INFO - Processing file /opt/airflow/dags/dag_s3.py for tasks to queue
[2025-09-26T17:15:01.606+0000] {logging_mixin.py:190} INFO - [2025-09-26T17:15:01.605+0000] {dagbag.py:588} INFO - Filling up the DagBag from /opt/airflow/dags/dag_s3.py
[2025-09-26T17:15:01.648+0000] {processor.py:925} INFO - DAG(s) 'dag_s3' retrieved from /opt/airflow/dags/dag_s3.py
[2025-09-26T17:15:01.693+0000] {logging_mixin.py:190} INFO - [2025-09-26T17:15:01.693+0000] {dag.py:3239} INFO - Sync 1 DAGs
[2025-09-26T17:15:01.749+0000] {logging_mixin.py:190} INFO - [2025-09-26T17:15:01.748+0000] {dag.py:4180} INFO - Setting next_dagrun for dag_s3 to 2025-09-26 00:00:00+00:00, run_after=2025-09-27 00:00:00+00:00
[2025-09-26T17:15:01.786+0000] {processor.py:208} INFO - Processing /opt/airflow/dags/dag_s3.py took 0.201 seconds
[2025-09-26T17:15:32.570+0000] {processor.py:186} INFO - Started process (PID=636) to work on /opt/airflow/dags/dag_s3.py
[2025-09-26T17:15:32.572+0000] {processor.py:914} INFO - Processing file /opt/airflow/dags/dag_s3.py for tasks to queue
[2025-09-26T17:15:32.577+0000] {logging_mixin.py:190} INFO - [2025-09-26T17:15:32.576+0000] {dagbag.py:588} INFO - Filling up the DagBag from /opt/airflow/dags/dag_s3.py
[2025-09-26T17:15:32.613+0000] {processor.py:925} INFO - DAG(s) 'dag_s3' retrieved from /opt/airflow/dags/dag_s3.py
[2025-09-26T17:15:32.652+0000] {logging_mixin.py:190} INFO - [2025-09-26T17:15:32.652+0000] {dag.py:3239} INFO - Sync 1 DAGs
[2025-09-26T17:15:32.694+0000] {logging_mixin.py:190} INFO - [2025-09-26T17:15:32.693+0000] {dag.py:4180} INFO - Setting next_dagrun for dag_s3 to 2025-09-26 00:00:00+00:00, run_after=2025-09-27 00:00:00+00:00
[2025-09-26T17:15:32.760+0000] {processor.py:208} INFO - Processing /opt/airflow/dags/dag_s3.py took 0.200 seconds
[2025-09-26T17:16:03.298+0000] {processor.py:186} INFO - Started process (PID=663) to work on /opt/airflow/dags/dag_s3.py
[2025-09-26T17:16:03.300+0000] {processor.py:914} INFO - Processing file /opt/airflow/dags/dag_s3.py for tasks to queue
[2025-09-26T17:16:03.305+0000] {logging_mixin.py:190} INFO - [2025-09-26T17:16:03.304+0000] {dagbag.py:588} INFO - Filling up the DagBag from /opt/airflow/dags/dag_s3.py
[2025-09-26T17:16:03.359+0000] {processor.py:925} INFO - DAG(s) 'dag_s3' retrieved from /opt/airflow/dags/dag_s3.py
[2025-09-26T17:16:03.403+0000] {logging_mixin.py:190} INFO - [2025-09-26T17:16:03.402+0000] {dag.py:3239} INFO - Sync 1 DAGs
[2025-09-26T17:16:03.450+0000] {logging_mixin.py:190} INFO - [2025-09-26T17:16:03.450+0000] {dag.py:4180} INFO - Setting next_dagrun for dag_s3 to 2025-09-26 00:00:00+00:00, run_after=2025-09-27 00:00:00+00:00
[2025-09-26T17:16:03.518+0000] {processor.py:208} INFO - Processing /opt/airflow/dags/dag_s3.py took 0.230 seconds
[2025-09-26T17:16:34.381+0000] {processor.py:186} INFO - Started process (PID=689) to work on /opt/airflow/dags/dag_s3.py
[2025-09-26T17:16:34.383+0000] {processor.py:914} INFO - Processing file /opt/airflow/dags/dag_s3.py for tasks to queue
[2025-09-26T17:16:34.388+0000] {logging_mixin.py:190} INFO - [2025-09-26T17:16:34.387+0000] {dagbag.py:588} INFO - Filling up the DagBag from /opt/airflow/dags/dag_s3.py
[2025-09-26T17:16:34.436+0000] {processor.py:925} INFO - DAG(s) 'dag_s3' retrieved from /opt/airflow/dags/dag_s3.py
[2025-09-26T17:16:34.495+0000] {logging_mixin.py:190} INFO - [2025-09-26T17:16:34.494+0000] {dag.py:3239} INFO - Sync 1 DAGs
[2025-09-26T17:16:34.561+0000] {logging_mixin.py:190} INFO - [2025-09-26T17:16:34.561+0000] {dag.py:4180} INFO - Setting next_dagrun for dag_s3 to 2025-09-26 00:00:00+00:00, run_after=2025-09-27 00:00:00+00:00
[2025-09-26T17:16:34.600+0000] {processor.py:208} INFO - Processing /opt/airflow/dags/dag_s3.py took 0.232 seconds
[2025-09-26T17:17:05.194+0000] {processor.py:186} INFO - Started process (PID=715) to work on /opt/airflow/dags/dag_s3.py
[2025-09-26T17:17:05.196+0000] {processor.py:914} INFO - Processing file /opt/airflow/dags/dag_s3.py for tasks to queue
[2025-09-26T17:17:05.202+0000] {logging_mixin.py:190} INFO - [2025-09-26T17:17:05.201+0000] {dagbag.py:588} INFO - Filling up the DagBag from /opt/airflow/dags/dag_s3.py
[2025-09-26T17:17:05.237+0000] {processor.py:925} INFO - DAG(s) 'dag_s3' retrieved from /opt/airflow/dags/dag_s3.py
[2025-09-26T17:17:05.279+0000] {logging_mixin.py:190} INFO - [2025-09-26T17:17:05.279+0000] {dag.py:3239} INFO - Sync 1 DAGs
[2025-09-26T17:17:05.322+0000] {logging_mixin.py:190} INFO - [2025-09-26T17:17:05.321+0000] {dag.py:4180} INFO - Setting next_dagrun for dag_s3 to 2025-09-26 00:00:00+00:00, run_after=2025-09-27 00:00:00+00:00
[2025-09-26T17:17:05.386+0000] {processor.py:208} INFO - Processing /opt/airflow/dags/dag_s3.py took 0.204 seconds
[2025-09-26T17:17:36.196+0000] {processor.py:186} INFO - Started process (PID=747) to work on /opt/airflow/dags/dag_s3.py
[2025-09-26T17:17:36.198+0000] {processor.py:914} INFO - Processing file /opt/airflow/dags/dag_s3.py for tasks to queue
[2025-09-26T17:17:36.201+0000] {logging_mixin.py:190} INFO - [2025-09-26T17:17:36.201+0000] {dagbag.py:588} INFO - Filling up the DagBag from /opt/airflow/dags/dag_s3.py
[2025-09-26T17:17:36.239+0000] {processor.py:925} INFO - DAG(s) 'dag_s3' retrieved from /opt/airflow/dags/dag_s3.py
[2025-09-26T17:17:36.278+0000] {logging_mixin.py:190} INFO - [2025-09-26T17:17:36.277+0000] {dag.py:3239} INFO - Sync 1 DAGs
[2025-09-26T17:17:36.321+0000] {logging_mixin.py:190} INFO - [2025-09-26T17:17:36.320+0000] {dag.py:4180} INFO - Setting next_dagrun for dag_s3 to 2025-09-26 00:00:00+00:00, run_after=2025-09-27 00:00:00+00:00
[2025-09-26T17:17:36.385+0000] {processor.py:208} INFO - Processing /opt/airflow/dags/dag_s3.py took 0.206 seconds
[2025-09-26T17:18:06.899+0000] {processor.py:186} INFO - Started process (PID=774) to work on /opt/airflow/dags/dag_s3.py
[2025-09-26T17:18:06.901+0000] {processor.py:914} INFO - Processing file /opt/airflow/dags/dag_s3.py for tasks to queue
[2025-09-26T17:18:06.905+0000] {logging_mixin.py:190} INFO - [2025-09-26T17:18:06.904+0000] {dagbag.py:588} INFO - Filling up the DagBag from /opt/airflow/dags/dag_s3.py
[2025-09-26T17:18:06.951+0000] {processor.py:925} INFO - DAG(s) 'dag_s3' retrieved from /opt/airflow/dags/dag_s3.py
[2025-09-26T17:18:06.993+0000] {logging_mixin.py:190} INFO - [2025-09-26T17:18:06.992+0000] {dag.py:3239} INFO - Sync 1 DAGs
[2025-09-26T17:18:07.036+0000] {logging_mixin.py:190} INFO - [2025-09-26T17:18:07.036+0000] {dag.py:4180} INFO - Setting next_dagrun for dag_s3 to 2025-09-26 00:00:00+00:00, run_after=2025-09-27 00:00:00+00:00
[2025-09-26T17:18:07.102+0000] {processor.py:208} INFO - Processing /opt/airflow/dags/dag_s3.py took 0.228 seconds
[2025-09-26T17:18:37.818+0000] {processor.py:186} INFO - Started process (PID=800) to work on /opt/airflow/dags/dag_s3.py
[2025-09-26T17:18:37.821+0000] {processor.py:914} INFO - Processing file /opt/airflow/dags/dag_s3.py for tasks to queue
[2025-09-26T17:18:37.826+0000] {logging_mixin.py:190} INFO - [2025-09-26T17:18:37.825+0000] {dagbag.py:588} INFO - Filling up the DagBag from /opt/airflow/dags/dag_s3.py
[2025-09-26T17:18:37.863+0000] {processor.py:925} INFO - DAG(s) 'dag_s3' retrieved from /opt/airflow/dags/dag_s3.py
[2025-09-26T17:18:37.959+0000] {logging_mixin.py:190} INFO - [2025-09-26T17:18:37.959+0000] {dag.py:3239} INFO - Sync 1 DAGs
[2025-09-26T17:18:38.025+0000] {logging_mixin.py:190} INFO - [2025-09-26T17:18:38.025+0000] {dag.py:4180} INFO - Setting next_dagrun for dag_s3 to 2025-09-26 00:00:00+00:00, run_after=2025-09-27 00:00:00+00:00
[2025-09-26T17:18:38.061+0000] {processor.py:208} INFO - Processing /opt/airflow/dags/dag_s3.py took 0.261 seconds
[2025-09-26T17:19:08.755+0000] {processor.py:186} INFO - Started process (PID=826) to work on /opt/airflow/dags/dag_s3.py
[2025-09-26T17:19:08.757+0000] {processor.py:914} INFO - Processing file /opt/airflow/dags/dag_s3.py for tasks to queue
[2025-09-26T17:19:08.760+0000] {logging_mixin.py:190} INFO - [2025-09-26T17:19:08.760+0000] {dagbag.py:588} INFO - Filling up the DagBag from /opt/airflow/dags/dag_s3.py
[2025-09-26T17:19:08.798+0000] {processor.py:925} INFO - DAG(s) 'dag_s3' retrieved from /opt/airflow/dags/dag_s3.py
[2025-09-26T17:19:08.840+0000] {logging_mixin.py:190} INFO - [2025-09-26T17:19:08.839+0000] {dag.py:3239} INFO - Sync 1 DAGs
[2025-09-26T17:19:08.902+0000] {logging_mixin.py:190} INFO - [2025-09-26T17:19:08.902+0000] {dag.py:4180} INFO - Setting next_dagrun for dag_s3 to 2025-09-26 00:00:00+00:00, run_after=2025-09-27 00:00:00+00:00
[2025-09-26T17:19:08.939+0000] {processor.py:208} INFO - Processing /opt/airflow/dags/dag_s3.py took 0.193 seconds
[2025-09-26T17:19:39.751+0000] {processor.py:186} INFO - Started process (PID=852) to work on /opt/airflow/dags/dag_s3.py
[2025-09-26T17:19:39.755+0000] {processor.py:914} INFO - Processing file /opt/airflow/dags/dag_s3.py for tasks to queue
[2025-09-26T17:19:39.760+0000] {logging_mixin.py:190} INFO - [2025-09-26T17:19:39.759+0000] {dagbag.py:588} INFO - Filling up the DagBag from /opt/airflow/dags/dag_s3.py
[2025-09-26T17:19:39.810+0000] {processor.py:925} INFO - DAG(s) 'dag_s3' retrieved from /opt/airflow/dags/dag_s3.py
[2025-09-26T17:19:39.879+0000] {logging_mixin.py:190} INFO - [2025-09-26T17:19:39.879+0000] {dag.py:3239} INFO - Sync 1 DAGs
[2025-09-26T17:19:39.974+0000] {logging_mixin.py:190} INFO - [2025-09-26T17:19:39.973+0000] {dag.py:4180} INFO - Setting next_dagrun for dag_s3 to 2025-09-26 00:00:00+00:00, run_after=2025-09-27 00:00:00+00:00
[2025-09-26T17:19:40.011+0000] {processor.py:208} INFO - Processing /opt/airflow/dags/dag_s3.py took 0.275 seconds
[2025-09-26T17:20:10.826+0000] {processor.py:186} INFO - Started process (PID=878) to work on /opt/airflow/dags/dag_s3.py
[2025-09-26T17:20:10.828+0000] {processor.py:914} INFO - Processing file /opt/airflow/dags/dag_s3.py for tasks to queue
[2025-09-26T17:20:10.833+0000] {logging_mixin.py:190} INFO - [2025-09-26T17:20:10.832+0000] {dagbag.py:588} INFO - Filling up the DagBag from /opt/airflow/dags/dag_s3.py
[2025-09-26T17:20:10.872+0000] {processor.py:925} INFO - DAG(s) 'dag_s3' retrieved from /opt/airflow/dags/dag_s3.py
[2025-09-26T17:20:10.922+0000] {logging_mixin.py:190} INFO - [2025-09-26T17:20:10.922+0000] {dag.py:3239} INFO - Sync 1 DAGs
[2025-09-26T17:20:10.974+0000] {logging_mixin.py:190} INFO - [2025-09-26T17:20:10.973+0000] {dag.py:4180} INFO - Setting next_dagrun for dag_s3 to 2025-09-26 00:00:00+00:00, run_after=2025-09-27 00:00:00+00:00
[2025-09-26T17:20:11.010+0000] {processor.py:208} INFO - Processing /opt/airflow/dags/dag_s3.py took 0.197 seconds
[2025-09-26T17:20:41.826+0000] {processor.py:186} INFO - Started process (PID=904) to work on /opt/airflow/dags/dag_s3.py
[2025-09-26T17:20:41.828+0000] {processor.py:914} INFO - Processing file /opt/airflow/dags/dag_s3.py for tasks to queue
[2025-09-26T17:20:41.833+0000] {logging_mixin.py:190} INFO - [2025-09-26T17:20:41.832+0000] {dagbag.py:588} INFO - Filling up the DagBag from /opt/airflow/dags/dag_s3.py
[2025-09-26T17:20:41.991+0000] {processor.py:925} INFO - DAG(s) 'dag_s3' retrieved from /opt/airflow/dags/dag_s3.py
[2025-09-26T17:20:42.072+0000] {logging_mixin.py:190} INFO - [2025-09-26T17:20:42.071+0000] {dag.py:3239} INFO - Sync 1 DAGs
[2025-09-26T17:20:42.128+0000] {logging_mixin.py:190} INFO - [2025-09-26T17:20:42.128+0000] {dag.py:4180} INFO - Setting next_dagrun for dag_s3 to 2025-09-26 00:00:00+00:00, run_after=2025-09-27 00:00:00+00:00
[2025-09-26T17:20:42.168+0000] {processor.py:208} INFO - Processing /opt/airflow/dags/dag_s3.py took 0.355 seconds
[2025-09-26T17:21:12.651+0000] {processor.py:186} INFO - Started process (PID=930) to work on /opt/airflow/dags/dag_s3.py
[2025-09-26T17:21:12.652+0000] {processor.py:914} INFO - Processing file /opt/airflow/dags/dag_s3.py for tasks to queue
[2025-09-26T17:21:12.657+0000] {logging_mixin.py:190} INFO - [2025-09-26T17:21:12.656+0000] {dagbag.py:588} INFO - Filling up the DagBag from /opt/airflow/dags/dag_s3.py
[2025-09-26T17:21:12.688+0000] {processor.py:925} INFO - DAG(s) 'dag_s3' retrieved from /opt/airflow/dags/dag_s3.py
[2025-09-26T17:21:12.724+0000] {logging_mixin.py:190} INFO - [2025-09-26T17:21:12.723+0000] {dag.py:3239} INFO - Sync 1 DAGs
[2025-09-26T17:21:12.765+0000] {logging_mixin.py:190} INFO - [2025-09-26T17:21:12.765+0000] {dag.py:4180} INFO - Setting next_dagrun for dag_s3 to 2025-09-26 00:00:00+00:00, run_after=2025-09-27 00:00:00+00:00
[2025-09-26T17:21:12.796+0000] {processor.py:208} INFO - Processing /opt/airflow/dags/dag_s3.py took 0.153 seconds
[2025-09-26T17:21:43.668+0000] {processor.py:186} INFO - Started process (PID=956) to work on /opt/airflow/dags/dag_s3.py
[2025-09-26T17:21:43.671+0000] {processor.py:914} INFO - Processing file /opt/airflow/dags/dag_s3.py for tasks to queue
[2025-09-26T17:21:43.675+0000] {logging_mixin.py:190} INFO - [2025-09-26T17:21:43.674+0000] {dagbag.py:588} INFO - Filling up the DagBag from /opt/airflow/dags/dag_s3.py
[2025-09-26T17:21:43.712+0000] {processor.py:925} INFO - DAG(s) 'dag_s3' retrieved from /opt/airflow/dags/dag_s3.py
[2025-09-26T17:21:43.760+0000] {logging_mixin.py:190} INFO - [2025-09-26T17:21:43.759+0000] {dag.py:3239} INFO - Sync 1 DAGs
[2025-09-26T17:21:43.819+0000] {logging_mixin.py:190} INFO - [2025-09-26T17:21:43.818+0000] {dag.py:4180} INFO - Setting next_dagrun for dag_s3 to 2025-09-26 00:00:00+00:00, run_after=2025-09-27 00:00:00+00:00
[2025-09-26T17:21:43.856+0000] {processor.py:208} INFO - Processing /opt/airflow/dags/dag_s3.py took 0.201 seconds
[2025-09-26T17:22:14.667+0000] {processor.py:186} INFO - Started process (PID=988) to work on /opt/airflow/dags/dag_s3.py
[2025-09-26T17:22:14.669+0000] {processor.py:914} INFO - Processing file /opt/airflow/dags/dag_s3.py for tasks to queue
[2025-09-26T17:22:14.674+0000] {logging_mixin.py:190} INFO - [2025-09-26T17:22:14.673+0000] {dagbag.py:588} INFO - Filling up the DagBag from /opt/airflow/dags/dag_s3.py
[2025-09-26T17:22:14.714+0000] {processor.py:925} INFO - DAG(s) 'dag_s3' retrieved from /opt/airflow/dags/dag_s3.py
[2025-09-26T17:22:14.759+0000] {logging_mixin.py:190} INFO - [2025-09-26T17:22:14.758+0000] {dag.py:3239} INFO - Sync 1 DAGs
[2025-09-26T17:22:14.809+0000] {logging_mixin.py:190} INFO - [2025-09-26T17:22:14.809+0000] {dag.py:4180} INFO - Setting next_dagrun for dag_s3 to 2025-09-26 00:00:00+00:00, run_after=2025-09-27 00:00:00+00:00
[2025-09-26T17:22:14.884+0000] {processor.py:208} INFO - Processing /opt/airflow/dags/dag_s3.py took 0.228 seconds
[2025-09-26T17:22:45.713+0000] {processor.py:186} INFO - Started process (PID=1014) to work on /opt/airflow/dags/dag_s3.py
[2025-09-26T17:22:45.715+0000] {processor.py:914} INFO - Processing file /opt/airflow/dags/dag_s3.py for tasks to queue
[2025-09-26T17:22:45.719+0000] {logging_mixin.py:190} INFO - [2025-09-26T17:22:45.718+0000] {dagbag.py:588} INFO - Filling up the DagBag from /opt/airflow/dags/dag_s3.py
[2025-09-26T17:22:45.765+0000] {processor.py:925} INFO - DAG(s) 'dag_s3' retrieved from /opt/airflow/dags/dag_s3.py
[2025-09-26T17:22:45.806+0000] {logging_mixin.py:190} INFO - [2025-09-26T17:22:45.805+0000] {dag.py:3239} INFO - Sync 1 DAGs
[2025-09-26T17:22:45.849+0000] {logging_mixin.py:190} INFO - [2025-09-26T17:22:45.848+0000] {dag.py:4180} INFO - Setting next_dagrun for dag_s3 to 2025-09-26 00:00:00+00:00, run_after=2025-09-27 00:00:00+00:00
[2025-09-26T17:22:45.883+0000] {processor.py:208} INFO - Processing /opt/airflow/dags/dag_s3.py took 0.182 seconds
[2025-09-26T17:23:16.051+0000] {processor.py:186} INFO - Started process (PID=1040) to work on /opt/airflow/dags/dag_s3.py
[2025-09-26T17:23:16.053+0000] {processor.py:914} INFO - Processing file /opt/airflow/dags/dag_s3.py for tasks to queue
[2025-09-26T17:23:16.058+0000] {logging_mixin.py:190} INFO - [2025-09-26T17:23:16.057+0000] {dagbag.py:588} INFO - Filling up the DagBag from /opt/airflow/dags/dag_s3.py
[2025-09-26T17:23:16.093+0000] {processor.py:925} INFO - DAG(s) 'dag_s3' retrieved from /opt/airflow/dags/dag_s3.py
[2025-09-26T17:23:16.132+0000] {logging_mixin.py:190} INFO - [2025-09-26T17:23:16.132+0000] {dag.py:3239} INFO - Sync 1 DAGs
[2025-09-26T17:23:16.177+0000] {logging_mixin.py:190} INFO - [2025-09-26T17:23:16.177+0000] {dag.py:4180} INFO - Setting next_dagrun for dag_s3 to 2025-09-26 00:00:00+00:00, run_after=2025-09-27 00:00:00+00:00
[2025-09-26T17:23:16.209+0000] {processor.py:208} INFO - Processing /opt/airflow/dags/dag_s3.py took 0.169 seconds
[2025-09-26T17:23:47.111+0000] {processor.py:186} INFO - Started process (PID=1066) to work on /opt/airflow/dags/dag_s3.py
[2025-09-26T17:23:47.112+0000] {processor.py:914} INFO - Processing file /opt/airflow/dags/dag_s3.py for tasks to queue
[2025-09-26T17:23:47.116+0000] {logging_mixin.py:190} INFO - [2025-09-26T17:23:47.115+0000] {dagbag.py:588} INFO - Filling up the DagBag from /opt/airflow/dags/dag_s3.py
[2025-09-26T17:23:47.153+0000] {processor.py:925} INFO - DAG(s) 'dag_s3' retrieved from /opt/airflow/dags/dag_s3.py
[2025-09-26T17:23:47.193+0000] {logging_mixin.py:190} INFO - [2025-09-26T17:23:47.192+0000] {dag.py:3239} INFO - Sync 1 DAGs
[2025-09-26T17:23:47.236+0000] {logging_mixin.py:190} INFO - [2025-09-26T17:23:47.236+0000] {dag.py:4180} INFO - Setting next_dagrun for dag_s3 to 2025-09-26 00:00:00+00:00, run_after=2025-09-27 00:00:00+00:00
[2025-09-26T17:23:47.304+0000] {processor.py:208} INFO - Processing /opt/airflow/dags/dag_s3.py took 0.206 seconds
[2025-09-26T17:24:18.079+0000] {processor.py:186} INFO - Started process (PID=1092) to work on /opt/airflow/dags/dag_s3.py
[2025-09-26T17:24:18.082+0000] {processor.py:914} INFO - Processing file /opt/airflow/dags/dag_s3.py for tasks to queue
[2025-09-26T17:24:18.089+0000] {logging_mixin.py:190} INFO - [2025-09-26T17:24:18.088+0000] {dagbag.py:588} INFO - Filling up the DagBag from /opt/airflow/dags/dag_s3.py
[2025-09-26T17:24:18.133+0000] {processor.py:925} INFO - DAG(s) 'dag_s3' retrieved from /opt/airflow/dags/dag_s3.py
[2025-09-26T17:24:18.180+0000] {logging_mixin.py:190} INFO - [2025-09-26T17:24:18.180+0000] {dag.py:3239} INFO - Sync 1 DAGs
[2025-09-26T17:24:18.231+0000] {logging_mixin.py:190} INFO - [2025-09-26T17:24:18.230+0000] {dag.py:4180} INFO - Setting next_dagrun for dag_s3 to 2025-09-26 00:00:00+00:00, run_after=2025-09-27 00:00:00+00:00
[2025-09-26T17:24:18.293+0000] {processor.py:208} INFO - Processing /opt/airflow/dags/dag_s3.py took 0.229 seconds
[2025-09-26T17:24:49.051+0000] {processor.py:186} INFO - Started process (PID=1118) to work on /opt/airflow/dags/dag_s3.py
[2025-09-26T17:24:49.054+0000] {processor.py:914} INFO - Processing file /opt/airflow/dags/dag_s3.py for tasks to queue
[2025-09-26T17:24:49.069+0000] {logging_mixin.py:190} INFO - [2025-09-26T17:24:49.067+0000] {dagbag.py:588} INFO - Filling up the DagBag from /opt/airflow/dags/dag_s3.py
[2025-09-26T17:24:49.166+0000] {processor.py:925} INFO - DAG(s) 'dag_s3' retrieved from /opt/airflow/dags/dag_s3.py
[2025-09-26T17:24:49.306+0000] {logging_mixin.py:190} INFO - [2025-09-26T17:24:49.305+0000] {dag.py:3239} INFO - Sync 1 DAGs
[2025-09-26T17:24:49.405+0000] {logging_mixin.py:190} INFO - [2025-09-26T17:24:49.404+0000] {dag.py:4180} INFO - Setting next_dagrun for dag_s3 to 2025-09-26 00:00:00+00:00, run_after=2025-09-27 00:00:00+00:00
[2025-09-26T17:24:49.467+0000] {processor.py:208} INFO - Processing /opt/airflow/dags/dag_s3.py took 0.441 seconds
[2025-09-26T17:25:19.924+0000] {processor.py:186} INFO - Started process (PID=1144) to work on /opt/airflow/dags/dag_s3.py
[2025-09-26T17:25:19.926+0000] {processor.py:914} INFO - Processing file /opt/airflow/dags/dag_s3.py for tasks to queue
[2025-09-26T17:25:19.930+0000] {logging_mixin.py:190} INFO - [2025-09-26T17:25:19.930+0000] {dagbag.py:588} INFO - Filling up the DagBag from /opt/airflow/dags/dag_s3.py
[2025-09-26T17:25:19.968+0000] {processor.py:925} INFO - DAG(s) 'dag_s3' retrieved from /opt/airflow/dags/dag_s3.py
[2025-09-26T17:25:19.523+0000] {logging_mixin.py:190} INFO - [2025-09-26T17:25:19.523+0000] {dag.py:3239} INFO - Sync 1 DAGs
[2025-09-26T17:25:19.564+0000] {logging_mixin.py:190} INFO - [2025-09-26T17:25:19.564+0000] {dag.py:4180} INFO - Setting next_dagrun for dag_s3 to 2025-09-26 00:00:00+00:00, run_after=2025-09-27 00:00:00+00:00
[2025-09-26T17:25:18.014+0000] {processor.py:208} INFO - Processing /opt/airflow/dags/dag_s3.py took 0.233 seconds
[2025-09-26T17:25:48.797+0000] {processor.py:186} INFO - Started process (PID=1170) to work on /opt/airflow/dags/dag_s3.py
[2025-09-26T17:25:48.798+0000] {processor.py:914} INFO - Processing file /opt/airflow/dags/dag_s3.py for tasks to queue
[2025-09-26T17:25:48.802+0000] {logging_mixin.py:190} INFO - [2025-09-26T17:25:48.801+0000] {dagbag.py:588} INFO - Filling up the DagBag from /opt/airflow/dags/dag_s3.py
[2025-09-26T17:25:48.843+0000] {processor.py:925} INFO - DAG(s) 'dag_s3' retrieved from /opt/airflow/dags/dag_s3.py
[2025-09-26T17:25:48.892+0000] {logging_mixin.py:190} INFO - [2025-09-26T17:25:48.891+0000] {dag.py:3239} INFO - Sync 1 DAGs
[2025-09-26T17:25:48.944+0000] {logging_mixin.py:190} INFO - [2025-09-26T17:25:48.944+0000] {dag.py:4180} INFO - Setting next_dagrun for dag_s3 to 2025-09-26 00:00:00+00:00, run_after=2025-09-27 00:00:00+00:00
[2025-09-26T17:25:49.012+0000] {processor.py:208} INFO - Processing /opt/airflow/dags/dag_s3.py took 0.225 seconds
[2025-09-26T17:26:19.616+0000] {processor.py:186} INFO - Started process (PID=1196) to work on /opt/airflow/dags/dag_s3.py
[2025-09-26T17:26:19.618+0000] {processor.py:914} INFO - Processing file /opt/airflow/dags/dag_s3.py for tasks to queue
[2025-09-26T17:26:19.623+0000] {logging_mixin.py:190} INFO - [2025-09-26T17:26:19.622+0000] {dagbag.py:588} INFO - Filling up the DagBag from /opt/airflow/dags/dag_s3.py
[2025-09-26T17:26:19.665+0000] {processor.py:925} INFO - DAG(s) 'dag_s3' retrieved from /opt/airflow/dags/dag_s3.py
[2025-09-26T17:26:19.708+0000] {logging_mixin.py:190} INFO - [2025-09-26T17:26:19.708+0000] {dag.py:3239} INFO - Sync 1 DAGs
[2025-09-26T17:26:19.750+0000] {logging_mixin.py:190} INFO - [2025-09-26T17:26:19.750+0000] {dag.py:4180} INFO - Setting next_dagrun for dag_s3 to 2025-09-26 00:00:00+00:00, run_after=2025-09-27 00:00:00+00:00
[2025-09-26T17:26:19.816+0000] {processor.py:208} INFO - Processing /opt/airflow/dags/dag_s3.py took 0.211 seconds
[2025-09-26T17:26:49.983+0000] {processor.py:186} INFO - Started process (PID=1222) to work on /opt/airflow/dags/dag_s3.py
[2025-09-26T17:26:49.995+0000] {processor.py:914} INFO - Processing file /opt/airflow/dags/dag_s3.py for tasks to queue
[2025-09-26T17:26:50.002+0000] {logging_mixin.py:190} INFO - [2025-09-26T17:26:50.001+0000] {dagbag.py:588} INFO - Filling up the DagBag from /opt/airflow/dags/dag_s3.py
[2025-09-26T17:26:50.064+0000] {processor.py:925} INFO - DAG(s) 'dag_s3' retrieved from /opt/airflow/dags/dag_s3.py
[2025-09-26T17:26:50.114+0000] {logging_mixin.py:190} INFO - [2025-09-26T17:26:50.113+0000] {dag.py:3239} INFO - Sync 1 DAGs
[2025-09-26T17:26:50.172+0000] {logging_mixin.py:190} INFO - [2025-09-26T17:26:50.171+0000] {dag.py:4180} INFO - Setting next_dagrun for dag_s3 to 2025-09-26 00:00:00+00:00, run_after=2025-09-27 00:00:00+00:00
[2025-09-26T17:26:50.208+0000] {processor.py:208} INFO - Processing /opt/airflow/dags/dag_s3.py took 0.243 seconds
[2025-09-26T17:27:21.121+0000] {processor.py:186} INFO - Started process (PID=1248) to work on /opt/airflow/dags/dag_s3.py
[2025-09-26T17:27:21.125+0000] {processor.py:914} INFO - Processing file /opt/airflow/dags/dag_s3.py for tasks to queue
[2025-09-26T17:27:21.131+0000] {logging_mixin.py:190} INFO - [2025-09-26T17:27:21.130+0000] {dagbag.py:588} INFO - Filling up the DagBag from /opt/airflow/dags/dag_s3.py
[2025-09-26T17:27:21.217+0000] {processor.py:925} INFO - DAG(s) 'dag_s3' retrieved from /opt/airflow/dags/dag_s3.py
[2025-09-26T17:27:21.412+0000] {logging_mixin.py:190} INFO - [2025-09-26T17:27:21.411+0000] {dag.py:3239} INFO - Sync 1 DAGs
[2025-09-26T17:27:21.586+0000] {logging_mixin.py:190} INFO - [2025-09-26T17:27:21.585+0000] {dag.py:4180} INFO - Setting next_dagrun for dag_s3 to 2025-09-26 00:00:00+00:00, run_after=2025-09-27 00:00:00+00:00
[2025-09-26T17:27:21.658+0000] {processor.py:208} INFO - Processing /opt/airflow/dags/dag_s3.py took 0.564 seconds
[2025-09-26T17:27:52.385+0000] {processor.py:186} INFO - Started process (PID=1281) to work on /opt/airflow/dags/dag_s3.py
[2025-09-26T17:27:52.390+0000] {processor.py:914} INFO - Processing file /opt/airflow/dags/dag_s3.py for tasks to queue
[2025-09-26T17:27:52.443+0000] {logging_mixin.py:190} INFO - [2025-09-26T17:27:52.443+0000] {dagbag.py:588} INFO - Filling up the DagBag from /opt/airflow/dags/dag_s3.py
[2025-09-26T17:27:52.559+0000] {processor.py:925} INFO - DAG(s) 'dag_s3' retrieved from /opt/airflow/dags/dag_s3.py
[2025-09-26T17:27:52.703+0000] {logging_mixin.py:190} INFO - [2025-09-26T17:27:52.702+0000] {dag.py:3239} INFO - Sync 1 DAGs
[2025-09-26T17:27:52.877+0000] {logging_mixin.py:190} INFO - [2025-09-26T17:27:52.876+0000] {dag.py:4180} INFO - Setting next_dagrun for dag_s3 to 2025-09-26 00:00:00+00:00, run_after=2025-09-27 00:00:00+00:00
[2025-09-26T17:27:52.946+0000] {processor.py:208} INFO - Processing /opt/airflow/dags/dag_s3.py took 0.639 seconds
[2025-09-26T17:28:23.726+0000] {processor.py:186} INFO - Started process (PID=1307) to work on /opt/airflow/dags/dag_s3.py
[2025-09-26T17:28:23.733+0000] {processor.py:914} INFO - Processing file /opt/airflow/dags/dag_s3.py for tasks to queue
[2025-09-26T17:28:23.736+0000] {logging_mixin.py:190} INFO - [2025-09-26T17:28:23.736+0000] {dagbag.py:588} INFO - Filling up the DagBag from /opt/airflow/dags/dag_s3.py
[2025-09-26T17:28:23.804+0000] {processor.py:925} INFO - DAG(s) 'dag_s3' retrieved from /opt/airflow/dags/dag_s3.py
[2025-09-26T17:28:23.890+0000] {logging_mixin.py:190} INFO - [2025-09-26T17:28:23.889+0000] {dag.py:3239} INFO - Sync 1 DAGs
[2025-09-26T17:28:24.004+0000] {logging_mixin.py:190} INFO - [2025-09-26T17:28:24.004+0000] {dag.py:4180} INFO - Setting next_dagrun for dag_s3 to 2025-09-26 00:00:00+00:00, run_after=2025-09-27 00:00:00+00:00
[2025-09-26T17:28:24.115+0000] {processor.py:208} INFO - Processing /opt/airflow/dags/dag_s3.py took 0.411 seconds
[2025-09-26T17:28:55.156+0000] {processor.py:186} INFO - Started process (PID=1333) to work on /opt/airflow/dags/dag_s3.py
[2025-09-26T17:28:55.158+0000] {processor.py:914} INFO - Processing file /opt/airflow/dags/dag_s3.py for tasks to queue
[2025-09-26T17:28:55.166+0000] {logging_mixin.py:190} INFO - [2025-09-26T17:28:55.165+0000] {dagbag.py:588} INFO - Filling up the DagBag from /opt/airflow/dags/dag_s3.py
[2025-09-26T17:28:55.379+0000] {processor.py:925} INFO - DAG(s) 'dag_s3' retrieved from /opt/airflow/dags/dag_s3.py
[2025-09-26T17:28:55.528+0000] {logging_mixin.py:190} INFO - [2025-09-26T17:28:55.527+0000] {dag.py:3239} INFO - Sync 1 DAGs
[2025-09-26T17:28:55.651+0000] {logging_mixin.py:190} INFO - [2025-09-26T17:28:55.651+0000] {dag.py:4180} INFO - Setting next_dagrun for dag_s3 to 2025-09-26 00:00:00+00:00, run_after=2025-09-27 00:00:00+00:00
[2025-09-26T17:28:55.720+0000] {processor.py:208} INFO - Processing /opt/airflow/dags/dag_s3.py took 0.625 seconds
[2025-09-26T17:29:26.197+0000] {processor.py:186} INFO - Started process (PID=1359) to work on /opt/airflow/dags/dag_s3.py
[2025-09-26T17:29:26.199+0000] {processor.py:914} INFO - Processing file /opt/airflow/dags/dag_s3.py for tasks to queue
[2025-09-26T17:29:26.203+0000] {logging_mixin.py:190} INFO - [2025-09-26T17:29:26.203+0000] {dagbag.py:588} INFO - Filling up the DagBag from /opt/airflow/dags/dag_s3.py
[2025-09-26T17:29:26.255+0000] {processor.py:925} INFO - DAG(s) 'dag_s3' retrieved from /opt/airflow/dags/dag_s3.py
[2025-09-26T17:29:26.305+0000] {logging_mixin.py:190} INFO - [2025-09-26T17:29:26.304+0000] {dag.py:3239} INFO - Sync 1 DAGs
[2025-09-26T17:29:26.374+0000] {logging_mixin.py:190} INFO - [2025-09-26T17:29:26.373+0000] {dag.py:4180} INFO - Setting next_dagrun for dag_s3 to 2025-09-26 00:00:00+00:00, run_after=2025-09-27 00:00:00+00:00
[2025-09-26T17:29:26.413+0000] {processor.py:208} INFO - Processing /opt/airflow/dags/dag_s3.py took 0.225 seconds
[2025-09-26T17:29:56.670+0000] {processor.py:186} INFO - Started process (PID=1385) to work on /opt/airflow/dags/dag_s3.py
[2025-09-26T17:29:56.672+0000] {processor.py:914} INFO - Processing file /opt/airflow/dags/dag_s3.py for tasks to queue
[2025-09-26T17:29:56.677+0000] {logging_mixin.py:190} INFO - [2025-09-26T17:29:56.676+0000] {dagbag.py:588} INFO - Filling up the DagBag from /opt/airflow/dags/dag_s3.py
[2025-09-26T17:29:56.722+0000] {processor.py:925} INFO - DAG(s) 'dag_s3' retrieved from /opt/airflow/dags/dag_s3.py
[2025-09-26T17:29:56.769+0000] {logging_mixin.py:190} INFO - [2025-09-26T17:29:56.768+0000] {dag.py:3239} INFO - Sync 1 DAGs
[2025-09-26T17:29:56.845+0000] {logging_mixin.py:190} INFO - [2025-09-26T17:29:56.845+0000] {dag.py:4180} INFO - Setting next_dagrun for dag_s3 to 2025-09-26 00:00:00+00:00, run_after=2025-09-27 00:00:00+00:00
[2025-09-26T17:29:56.917+0000] {processor.py:208} INFO - Processing /opt/airflow/dags/dag_s3.py took 0.260 seconds
[2025-09-26T17:30:27.600+0000] {processor.py:186} INFO - Started process (PID=1411) to work on /opt/airflow/dags/dag_s3.py
[2025-09-26T17:30:27.603+0000] {processor.py:914} INFO - Processing file /opt/airflow/dags/dag_s3.py for tasks to queue
[2025-09-26T17:30:27.611+0000] {logging_mixin.py:190} INFO - [2025-09-26T17:30:27.610+0000] {dagbag.py:588} INFO - Filling up the DagBag from /opt/airflow/dags/dag_s3.py
[2025-09-26T17:30:27.688+0000] {processor.py:925} INFO - DAG(s) 'dag_s3' retrieved from /opt/airflow/dags/dag_s3.py
[2025-09-26T17:30:27.769+0000] {logging_mixin.py:190} INFO - [2025-09-26T17:30:27.768+0000] {dag.py:3239} INFO - Sync 1 DAGs
[2025-09-26T17:30:27.870+0000] {logging_mixin.py:190} INFO - [2025-09-26T17:30:27.868+0000] {dag.py:4180} INFO - Setting next_dagrun for dag_s3 to 2025-09-26 00:00:00+00:00, run_after=2025-09-27 00:00:00+00:00
[2025-09-26T17:30:27.935+0000] {processor.py:208} INFO - Processing /opt/airflow/dags/dag_s3.py took 0.355 seconds
[2025-09-26T17:30:58.147+0000] {processor.py:186} INFO - Started process (PID=1437) to work on /opt/airflow/dags/dag_s3.py
[2025-09-26T17:30:58.149+0000] {processor.py:914} INFO - Processing file /opt/airflow/dags/dag_s3.py for tasks to queue
[2025-09-26T17:30:58.155+0000] {logging_mixin.py:190} INFO - [2025-09-26T17:30:58.154+0000] {dagbag.py:588} INFO - Filling up the DagBag from /opt/airflow/dags/dag_s3.py
[2025-09-26T17:30:58.196+0000] {processor.py:925} INFO - DAG(s) 'dag_s3' retrieved from /opt/airflow/dags/dag_s3.py
[2025-09-26T17:30:58.320+0000] {logging_mixin.py:190} INFO - [2025-09-26T17:30:58.319+0000] {dag.py:3239} INFO - Sync 1 DAGs
[2025-09-26T17:30:58.380+0000] {logging_mixin.py:190} INFO - [2025-09-26T17:30:58.380+0000] {dag.py:4180} INFO - Setting next_dagrun for dag_s3 to 2025-09-26 00:00:00+00:00, run_after=2025-09-27 00:00:00+00:00
[2025-09-26T17:30:58.506+0000] {processor.py:208} INFO - Processing /opt/airflow/dags/dag_s3.py took 0.374 seconds
[2025-09-26T17:31:29.352+0000] {processor.py:186} INFO - Started process (PID=1463) to work on /opt/airflow/dags/dag_s3.py
[2025-09-26T17:31:29.354+0000] {processor.py:914} INFO - Processing file /opt/airflow/dags/dag_s3.py for tasks to queue
[2025-09-26T17:31:29.379+0000] {logging_mixin.py:190} INFO - [2025-09-26T17:31:29.379+0000] {dagbag.py:588} INFO - Filling up the DagBag from /opt/airflow/dags/dag_s3.py
[2025-09-26T17:31:29.480+0000] {processor.py:925} INFO - DAG(s) 'dag_s3' retrieved from /opt/airflow/dags/dag_s3.py
[2025-09-26T17:31:29.538+0000] {logging_mixin.py:190} INFO - [2025-09-26T17:31:29.538+0000] {dag.py:3239} INFO - Sync 1 DAGs
[2025-09-26T17:31:29.601+0000] {logging_mixin.py:190} INFO - [2025-09-26T17:31:29.600+0000] {dag.py:4180} INFO - Setting next_dagrun for dag_s3 to 2025-09-26 00:00:00+00:00, run_after=2025-09-27 00:00:00+00:00
[2025-09-26T17:31:29.638+0000] {processor.py:208} INFO - Processing /opt/airflow/dags/dag_s3.py took 0.302 seconds
[2025-09-26T17:32:00.374+0000] {processor.py:186} INFO - Started process (PID=1489) to work on /opt/airflow/dags/dag_s3.py
[2025-09-26T17:32:00.376+0000] {processor.py:914} INFO - Processing file /opt/airflow/dags/dag_s3.py for tasks to queue
[2025-09-26T17:32:00.380+0000] {logging_mixin.py:190} INFO - [2025-09-26T17:32:00.380+0000] {dagbag.py:588} INFO - Filling up the DagBag from /opt/airflow/dags/dag_s3.py
[2025-09-26T17:32:00.429+0000] {processor.py:925} INFO - DAG(s) 'dag_s3' retrieved from /opt/airflow/dags/dag_s3.py
[2025-09-26T17:32:00.493+0000] {logging_mixin.py:190} INFO - [2025-09-26T17:32:00.492+0000] {dag.py:3239} INFO - Sync 1 DAGs
[2025-09-26T17:32:00.549+0000] {logging_mixin.py:190} INFO - [2025-09-26T17:32:00.548+0000] {dag.py:4180} INFO - Setting next_dagrun for dag_s3 to 2025-09-26 00:00:00+00:00, run_after=2025-09-27 00:00:00+00:00
[2025-09-26T17:32:00.579+0000] {processor.py:208} INFO - Processing /opt/airflow/dags/dag_s3.py took 0.218 seconds
[2025-09-26T17:32:31.165+0000] {processor.py:186} INFO - Started process (PID=1515) to work on /opt/airflow/dags/dag_s3.py
[2025-09-26T17:32:31.167+0000] {processor.py:914} INFO - Processing file /opt/airflow/dags/dag_s3.py for tasks to queue
[2025-09-26T17:32:31.178+0000] {logging_mixin.py:190} INFO - [2025-09-26T17:32:31.178+0000] {dagbag.py:588} INFO - Filling up the DagBag from /opt/airflow/dags/dag_s3.py
[2025-09-26T17:32:31.220+0000] {processor.py:925} INFO - DAG(s) 'dag_s3' retrieved from /opt/airflow/dags/dag_s3.py
[2025-09-26T17:32:31.266+0000] {logging_mixin.py:190} INFO - [2025-09-26T17:32:31.266+0000] {dag.py:3239} INFO - Sync 1 DAGs
[2025-09-26T17:32:31.312+0000] {logging_mixin.py:190} INFO - [2025-09-26T17:32:31.311+0000] {dag.py:4180} INFO - Setting next_dagrun for dag_s3 to 2025-09-26 00:00:00+00:00, run_after=2025-09-27 00:00:00+00:00
[2025-09-26T17:32:31.344+0000] {processor.py:208} INFO - Processing /opt/airflow/dags/dag_s3.py took 0.192 seconds
[2025-09-26T17:33:02.097+0000] {processor.py:186} INFO - Started process (PID=1547) to work on /opt/airflow/dags/dag_s3.py
[2025-09-26T17:33:02.099+0000] {processor.py:914} INFO - Processing file /opt/airflow/dags/dag_s3.py for tasks to queue
[2025-09-26T17:33:02.102+0000] {logging_mixin.py:190} INFO - [2025-09-26T17:33:02.101+0000] {dagbag.py:588} INFO - Filling up the DagBag from /opt/airflow/dags/dag_s3.py
[2025-09-26T17:33:02.136+0000] {processor.py:925} INFO - DAG(s) 'dag_s3' retrieved from /opt/airflow/dags/dag_s3.py
[2025-09-26T17:33:02.174+0000] {logging_mixin.py:190} INFO - [2025-09-26T17:33:02.173+0000] {dag.py:3239} INFO - Sync 1 DAGs
[2025-09-26T17:33:02.222+0000] {logging_mixin.py:190} INFO - [2025-09-26T17:33:02.221+0000] {dag.py:4180} INFO - Setting next_dagrun for dag_s3 to 2025-09-26 00:00:00+00:00, run_after=2025-09-27 00:00:00+00:00
[2025-09-26T17:33:02.262+0000] {processor.py:208} INFO - Processing /opt/airflow/dags/dag_s3.py took 0.175 seconds
[2025-09-26T17:33:32.988+0000] {processor.py:186} INFO - Started process (PID=1573) to work on /opt/airflow/dags/dag_s3.py
[2025-09-26T17:33:32.990+0000] {processor.py:914} INFO - Processing file /opt/airflow/dags/dag_s3.py for tasks to queue
[2025-09-26T17:33:32.995+0000] {logging_mixin.py:190} INFO - [2025-09-26T17:33:32.994+0000] {dagbag.py:588} INFO - Filling up the DagBag from /opt/airflow/dags/dag_s3.py
[2025-09-26T17:33:33.033+0000] {processor.py:925} INFO - DAG(s) 'dag_s3' retrieved from /opt/airflow/dags/dag_s3.py
[2025-09-26T17:33:33.074+0000] {logging_mixin.py:190} INFO - [2025-09-26T17:33:33.074+0000] {dag.py:3239} INFO - Sync 1 DAGs
[2025-09-26T17:33:33.128+0000] {logging_mixin.py:190} INFO - [2025-09-26T17:33:33.128+0000] {dag.py:4180} INFO - Setting next_dagrun for dag_s3 to 2025-09-26 00:00:00+00:00, run_after=2025-09-27 00:00:00+00:00
[2025-09-26T17:33:33.190+0000] {processor.py:208} INFO - Processing /opt/airflow/dags/dag_s3.py took 0.216 seconds
[2025-09-26T17:34:03.553+0000] {processor.py:186} INFO - Started process (PID=1599) to work on /opt/airflow/dags/dag_s3.py
[2025-09-26T17:34:03.555+0000] {processor.py:914} INFO - Processing file /opt/airflow/dags/dag_s3.py for tasks to queue
[2025-09-26T17:34:03.558+0000] {logging_mixin.py:190} INFO - [2025-09-26T17:34:03.558+0000] {dagbag.py:588} INFO - Filling up the DagBag from /opt/airflow/dags/dag_s3.py
[2025-09-26T17:34:03.597+0000] {processor.py:925} INFO - DAG(s) 'dag_s3' retrieved from /opt/airflow/dags/dag_s3.py
[2025-09-26T17:34:03.637+0000] {logging_mixin.py:190} INFO - [2025-09-26T17:34:03.637+0000] {dag.py:3239} INFO - Sync 1 DAGs
[2025-09-26T17:34:03.682+0000] {logging_mixin.py:190} INFO - [2025-09-26T17:34:03.682+0000] {dag.py:4180} INFO - Setting next_dagrun for dag_s3 to 2025-09-26 00:00:00+00:00, run_after=2025-09-27 00:00:00+00:00
[2025-09-26T17:34:03.745+0000] {processor.py:208} INFO - Processing /opt/airflow/dags/dag_s3.py took 0.203 seconds
[2025-09-26T17:34:34.179+0000] {processor.py:186} INFO - Started process (PID=1625) to work on /opt/airflow/dags/dag_s3.py
[2025-09-26T17:34:34.180+0000] {processor.py:914} INFO - Processing file /opt/airflow/dags/dag_s3.py for tasks to queue
[2025-09-26T17:34:34.185+0000] {logging_mixin.py:190} INFO - [2025-09-26T17:34:34.184+0000] {dagbag.py:588} INFO - Filling up the DagBag from /opt/airflow/dags/dag_s3.py
[2025-09-26T17:34:34.224+0000] {processor.py:925} INFO - DAG(s) 'dag_s3' retrieved from /opt/airflow/dags/dag_s3.py
[2025-09-26T17:34:34.262+0000] {logging_mixin.py:190} INFO - [2025-09-26T17:34:34.262+0000] {dag.py:3239} INFO - Sync 1 DAGs
[2025-09-26T17:34:34.316+0000] {logging_mixin.py:190} INFO - [2025-09-26T17:34:34.316+0000] {dag.py:4180} INFO - Setting next_dagrun for dag_s3 to 2025-09-26 00:00:00+00:00, run_after=2025-09-27 00:00:00+00:00
[2025-09-26T17:34:34.352+0000] {processor.py:208} INFO - Processing /opt/airflow/dags/dag_s3.py took 0.185 seconds
[2025-09-26T17:35:04.665+0000] {processor.py:186} INFO - Started process (PID=1652) to work on /opt/airflow/dags/dag_s3.py
[2025-09-26T17:35:04.666+0000] {processor.py:914} INFO - Processing file /opt/airflow/dags/dag_s3.py for tasks to queue
[2025-09-26T17:35:04.671+0000] {logging_mixin.py:190} INFO - [2025-09-26T17:35:04.670+0000] {dagbag.py:588} INFO - Filling up the DagBag from /opt/airflow/dags/dag_s3.py
[2025-09-26T17:35:04.703+0000] {processor.py:925} INFO - DAG(s) 'dag_s3' retrieved from /opt/airflow/dags/dag_s3.py
[2025-09-26T17:35:04.740+0000] {logging_mixin.py:190} INFO - [2025-09-26T17:35:04.739+0000] {dag.py:3239} INFO - Sync 1 DAGs
[2025-09-26T17:35:04.781+0000] {logging_mixin.py:190} INFO - [2025-09-26T17:35:04.781+0000] {dag.py:4180} INFO - Setting next_dagrun for dag_s3 to 2025-09-26 00:00:00+00:00, run_after=2025-09-27 00:00:00+00:00
[2025-09-26T17:35:04.845+0000] {processor.py:208} INFO - Processing /opt/airflow/dags/dag_s3.py took 0.189 seconds
[2025-09-26T17:35:35.443+0000] {processor.py:186} INFO - Started process (PID=1679) to work on /opt/airflow/dags/dag_s3.py
[2025-09-26T17:35:35.445+0000] {processor.py:914} INFO - Processing file /opt/airflow/dags/dag_s3.py for tasks to queue
[2025-09-26T17:35:35.448+0000] {logging_mixin.py:190} INFO - [2025-09-26T17:35:35.448+0000] {dagbag.py:588} INFO - Filling up the DagBag from /opt/airflow/dags/dag_s3.py
[2025-09-26T17:35:35.487+0000] {processor.py:925} INFO - DAG(s) 'dag_s3' retrieved from /opt/airflow/dags/dag_s3.py
[2025-09-26T17:35:35.539+0000] {logging_mixin.py:190} INFO - [2025-09-26T17:35:35.538+0000] {dag.py:3239} INFO - Sync 1 DAGs
[2025-09-26T17:35:35.608+0000] {logging_mixin.py:190} INFO - [2025-09-26T17:35:35.607+0000] {dag.py:4180} INFO - Setting next_dagrun for dag_s3 to 2025-09-26 00:00:00+00:00, run_after=2025-09-27 00:00:00+00:00
[2025-09-26T17:35:35.688+0000] {processor.py:208} INFO - Processing /opt/airflow/dags/dag_s3.py took 0.256 seconds
[2025-09-26T17:36:06.479+0000] {processor.py:186} INFO - Started process (PID=1705) to work on /opt/airflow/dags/dag_s3.py
[2025-09-26T17:36:06.480+0000] {processor.py:914} INFO - Processing file /opt/airflow/dags/dag_s3.py for tasks to queue
[2025-09-26T17:36:06.484+0000] {logging_mixin.py:190} INFO - [2025-09-26T17:36:06.483+0000] {dagbag.py:588} INFO - Filling up the DagBag from /opt/airflow/dags/dag_s3.py
[2025-09-26T17:36:06.521+0000] {processor.py:925} INFO - DAG(s) 'dag_s3' retrieved from /opt/airflow/dags/dag_s3.py
[2025-09-26T17:36:06.563+0000] {logging_mixin.py:190} INFO - [2025-09-26T17:36:06.562+0000] {dag.py:3239} INFO - Sync 1 DAGs
[2025-09-26T17:36:06.616+0000] {logging_mixin.py:190} INFO - [2025-09-26T17:36:06.615+0000] {dag.py:4180} INFO - Setting next_dagrun for dag_s3 to 2025-09-26 00:00:00+00:00, run_after=2025-09-27 00:00:00+00:00
[2025-09-26T17:36:06.679+0000] {processor.py:208} INFO - Processing /opt/airflow/dags/dag_s3.py took 0.212 seconds
[2025-09-26T17:36:37.097+0000] {processor.py:186} INFO - Started process (PID=1731) to work on /opt/airflow/dags/dag_s3.py
[2025-09-26T17:36:37.099+0000] {processor.py:914} INFO - Processing file /opt/airflow/dags/dag_s3.py for tasks to queue
[2025-09-26T17:36:37.104+0000] {logging_mixin.py:190} INFO - [2025-09-26T17:36:37.103+0000] {dagbag.py:588} INFO - Filling up the DagBag from /opt/airflow/dags/dag_s3.py
[2025-09-26T17:36:37.153+0000] {processor.py:925} INFO - DAG(s) 'dag_s3' retrieved from /opt/airflow/dags/dag_s3.py
[2025-09-26T17:36:37.228+0000] {logging_mixin.py:190} INFO - [2025-09-26T17:36:37.227+0000] {dag.py:3239} INFO - Sync 1 DAGs
[2025-09-26T17:36:37.299+0000] {logging_mixin.py:190} INFO - [2025-09-26T17:36:37.298+0000] {dag.py:4180} INFO - Setting next_dagrun for dag_s3 to 2025-09-26 00:00:00+00:00, run_after=2025-09-27 00:00:00+00:00
[2025-09-26T17:36:37.358+0000] {processor.py:208} INFO - Processing /opt/airflow/dags/dag_s3.py took 0.273 seconds
[2025-09-26T17:37:08.170+0000] {processor.py:186} INFO - Started process (PID=1757) to work on /opt/airflow/dags/dag_s3.py
[2025-09-26T17:37:08.172+0000] {processor.py:914} INFO - Processing file /opt/airflow/dags/dag_s3.py for tasks to queue
[2025-09-26T17:37:08.186+0000] {logging_mixin.py:190} INFO - [2025-09-26T17:37:08.183+0000] {dagbag.py:588} INFO - Filling up the DagBag from /opt/airflow/dags/dag_s3.py
[2025-09-26T17:37:08.272+0000] {processor.py:925} INFO - DAG(s) 'dag_s3' retrieved from /opt/airflow/dags/dag_s3.py
[2025-09-26T17:37:08.353+0000] {logging_mixin.py:190} INFO - [2025-09-26T17:37:08.352+0000] {dag.py:3239} INFO - Sync 1 DAGs
[2025-09-26T17:37:08.454+0000] {logging_mixin.py:190} INFO - [2025-09-26T17:37:08.454+0000] {dag.py:4180} INFO - Setting next_dagrun for dag_s3 to 2025-09-26 00:00:00+00:00, run_after=2025-09-27 00:00:00+00:00
[2025-09-26T17:37:08.512+0000] {processor.py:208} INFO - Processing /opt/airflow/dags/dag_s3.py took 0.367 seconds
[2025-09-26T17:37:39.201+0000] {processor.py:186} INFO - Started process (PID=1789) to work on /opt/airflow/dags/dag_s3.py
[2025-09-26T17:37:39.204+0000] {processor.py:914} INFO - Processing file /opt/airflow/dags/dag_s3.py for tasks to queue
[2025-09-26T17:37:39.216+0000] {logging_mixin.py:190} INFO - [2025-09-26T17:37:39.215+0000] {dagbag.py:588} INFO - Filling up the DagBag from /opt/airflow/dags/dag_s3.py
[2025-09-26T17:37:39.284+0000] {processor.py:925} INFO - DAG(s) 'dag_s3' retrieved from /opt/airflow/dags/dag_s3.py
[2025-09-26T17:37:39.460+0000] {logging_mixin.py:190} INFO - [2025-09-26T17:37:39.459+0000] {dag.py:3239} INFO - Sync 1 DAGs
[2025-09-26T17:37:39.547+0000] {logging_mixin.py:190} INFO - [2025-09-26T17:37:39.546+0000] {dag.py:4180} INFO - Setting next_dagrun for dag_s3 to 2025-09-26 00:00:00+00:00, run_after=2025-09-27 00:00:00+00:00
[2025-09-26T17:37:39.586+0000] {processor.py:208} INFO - Processing /opt/airflow/dags/dag_s3.py took 0.407 seconds
[2025-09-26T17:38:10.203+0000] {processor.py:186} INFO - Started process (PID=1816) to work on /opt/airflow/dags/dag_s3.py
[2025-09-26T17:38:10.205+0000] {processor.py:914} INFO - Processing file /opt/airflow/dags/dag_s3.py for tasks to queue
[2025-09-26T17:38:10.211+0000] {logging_mixin.py:190} INFO - [2025-09-26T17:38:10.210+0000] {dagbag.py:588} INFO - Filling up the DagBag from /opt/airflow/dags/dag_s3.py
[2025-09-26T17:38:10.254+0000] {processor.py:925} INFO - DAG(s) 'dag_s3' retrieved from /opt/airflow/dags/dag_s3.py
[2025-09-26T17:38:10.318+0000] {logging_mixin.py:190} INFO - [2025-09-26T17:38:10.318+0000] {dag.py:3239} INFO - Sync 1 DAGs
[2025-09-26T17:38:10.381+0000] {logging_mixin.py:190} INFO - [2025-09-26T17:38:10.381+0000] {dag.py:4180} INFO - Setting next_dagrun for dag_s3 to 2025-09-26 00:00:00+00:00, run_after=2025-09-27 00:00:00+00:00
[2025-09-26T17:38:10.416+0000] {processor.py:208} INFO - Processing /opt/airflow/dags/dag_s3.py took 0.223 seconds
[2025-09-26T17:38:40.549+0000] {processor.py:186} INFO - Started process (PID=1842) to work on /opt/airflow/dags/dag_s3.py
[2025-09-26T17:38:40.551+0000] {processor.py:914} INFO - Processing file /opt/airflow/dags/dag_s3.py for tasks to queue
[2025-09-26T17:38:40.556+0000] {logging_mixin.py:190} INFO - [2025-09-26T17:38:40.555+0000] {dagbag.py:588} INFO - Filling up the DagBag from /opt/airflow/dags/dag_s3.py
[2025-09-26T17:38:40.605+0000] {processor.py:925} INFO - DAG(s) 'dag_s3' retrieved from /opt/airflow/dags/dag_s3.py
[2025-09-26T17:38:40.667+0000] {logging_mixin.py:190} INFO - [2025-09-26T17:38:40.666+0000] {dag.py:3239} INFO - Sync 1 DAGs
[2025-09-26T17:38:40.723+0000] {logging_mixin.py:190} INFO - [2025-09-26T17:38:40.722+0000] {dag.py:4180} INFO - Setting next_dagrun for dag_s3 to 2025-09-26 00:00:00+00:00, run_after=2025-09-27 00:00:00+00:00
[2025-09-26T17:38:40.760+0000] {processor.py:208} INFO - Processing /opt/airflow/dags/dag_s3.py took 0.224 seconds
[2025-09-26T17:39:11.138+0000] {processor.py:186} INFO - Started process (PID=1868) to work on /opt/airflow/dags/dag_s3.py
[2025-09-26T17:39:11.144+0000] {processor.py:914} INFO - Processing file /opt/airflow/dags/dag_s3.py for tasks to queue
[2025-09-26T17:39:11.151+0000] {logging_mixin.py:190} INFO - [2025-09-26T17:39:11.150+0000] {dagbag.py:588} INFO - Filling up the DagBag from /opt/airflow/dags/dag_s3.py
[2025-09-26T17:39:11.227+0000] {processor.py:925} INFO - DAG(s) 'dag_s3' retrieved from /opt/airflow/dags/dag_s3.py
[2025-09-26T17:39:11.377+0000] {logging_mixin.py:190} INFO - [2025-09-26T17:39:11.376+0000] {dag.py:3239} INFO - Sync 1 DAGs
[2025-09-26T17:39:11.539+0000] {logging_mixin.py:190} INFO - [2025-09-26T17:39:11.538+0000] {dag.py:4180} INFO - Setting next_dagrun for dag_s3 to 2025-09-26 00:00:00+00:00, run_after=2025-09-27 00:00:00+00:00
[2025-09-26T17:39:11.627+0000] {processor.py:208} INFO - Processing /opt/airflow/dags/dag_s3.py took 0.521 seconds
[2025-09-26T17:39:42.244+0000] {processor.py:186} INFO - Started process (PID=1894) to work on /opt/airflow/dags/dag_s3.py
[2025-09-26T17:39:42.247+0000] {processor.py:914} INFO - Processing file /opt/airflow/dags/dag_s3.py for tasks to queue
[2025-09-26T17:39:42.261+0000] {logging_mixin.py:190} INFO - [2025-09-26T17:39:42.260+0000] {dagbag.py:588} INFO - Filling up the DagBag from /opt/airflow/dags/dag_s3.py
[2025-09-26T17:39:42.334+0000] {processor.py:925} INFO - DAG(s) 'dag_s3' retrieved from /opt/airflow/dags/dag_s3.py
[2025-09-26T17:39:42.431+0000] {logging_mixin.py:190} INFO - [2025-09-26T17:39:42.430+0000] {dag.py:3239} INFO - Sync 1 DAGs
[2025-09-26T17:39:42.572+0000] {logging_mixin.py:190} INFO - [2025-09-26T17:39:42.572+0000] {dag.py:4180} INFO - Setting next_dagrun for dag_s3 to 2025-09-26 00:00:00+00:00, run_after=2025-09-27 00:00:00+00:00
[2025-09-26T17:39:42.711+0000] {processor.py:208} INFO - Processing /opt/airflow/dags/dag_s3.py took 0.495 seconds
[2025-09-26T17:40:12.894+0000] {processor.py:186} INFO - Started process (PID=1920) to work on /opt/airflow/dags/dag_s3.py
[2025-09-26T17:40:12.897+0000] {processor.py:914} INFO - Processing file /opt/airflow/dags/dag_s3.py for tasks to queue
[2025-09-26T17:40:12.909+0000] {logging_mixin.py:190} INFO - [2025-09-26T17:40:12.907+0000] {dagbag.py:588} INFO - Filling up the DagBag from /opt/airflow/dags/dag_s3.py
[2025-09-26T17:40:12.977+0000] {processor.py:925} INFO - DAG(s) 'dag_s3' retrieved from /opt/airflow/dags/dag_s3.py
[2025-09-26T17:40:13.117+0000] {logging_mixin.py:190} INFO - [2025-09-26T17:40:13.117+0000] {dag.py:3239} INFO - Sync 1 DAGs
[2025-09-26T17:40:13.292+0000] {logging_mixin.py:190} INFO - [2025-09-26T17:40:13.291+0000] {dag.py:4180} INFO - Setting next_dagrun for dag_s3 to 2025-09-26 00:00:00+00:00, run_after=2025-09-27 00:00:00+00:00
[2025-09-26T17:40:13.407+0000] {processor.py:208} INFO - Processing /opt/airflow/dags/dag_s3.py took 0.536 seconds
[2025-09-26T17:40:44.071+0000] {processor.py:186} INFO - Started process (PID=1946) to work on /opt/airflow/dags/dag_s3.py
[2025-09-26T17:40:44.073+0000] {processor.py:914} INFO - Processing file /opt/airflow/dags/dag_s3.py for tasks to queue
[2025-09-26T17:40:44.077+0000] {logging_mixin.py:190} INFO - [2025-09-26T17:40:44.076+0000] {dagbag.py:588} INFO - Filling up the DagBag from /opt/airflow/dags/dag_s3.py
[2025-09-26T17:40:44.115+0000] {processor.py:925} INFO - DAG(s) 'dag_s3' retrieved from /opt/airflow/dags/dag_s3.py
[2025-09-26T17:40:44.159+0000] {logging_mixin.py:190} INFO - [2025-09-26T17:40:44.159+0000] {dag.py:3239} INFO - Sync 1 DAGs
[2025-09-26T17:40:44.213+0000] {logging_mixin.py:190} INFO - [2025-09-26T17:40:44.213+0000] {dag.py:4180} INFO - Setting next_dagrun for dag_s3 to 2025-09-26 00:00:00+00:00, run_after=2025-09-27 00:00:00+00:00
[2025-09-26T17:40:44.255+0000] {processor.py:208} INFO - Processing /opt/airflow/dags/dag_s3.py took 0.228 seconds
[2025-09-26T17:41:14.854+0000] {processor.py:186} INFO - Started process (PID=1972) to work on /opt/airflow/dags/dag_s3.py
[2025-09-26T17:41:14.856+0000] {processor.py:914} INFO - Processing file /opt/airflow/dags/dag_s3.py for tasks to queue
[2025-09-26T17:41:14.860+0000] {logging_mixin.py:190} INFO - [2025-09-26T17:41:14.860+0000] {dagbag.py:588} INFO - Filling up the DagBag from /opt/airflow/dags/dag_s3.py
[2025-09-26T17:41:14.902+0000] {processor.py:925} INFO - DAG(s) 'dag_s3' retrieved from /opt/airflow/dags/dag_s3.py
[2025-09-26T17:41:14.945+0000] {logging_mixin.py:190} INFO - [2025-09-26T17:41:14.945+0000] {dag.py:3239} INFO - Sync 1 DAGs
[2025-09-26T17:41:14.997+0000] {logging_mixin.py:190} INFO - [2025-09-26T17:41:14.996+0000] {dag.py:4180} INFO - Setting next_dagrun for dag_s3 to 2025-09-26 00:00:00+00:00, run_after=2025-09-27 00:00:00+00:00
[2025-09-26T17:41:15.043+0000] {processor.py:208} INFO - Processing /opt/airflow/dags/dag_s3.py took 0.200 seconds
[2025-09-26T17:41:45.514+0000] {processor.py:186} INFO - Started process (PID=1999) to work on /opt/airflow/dags/dag_s3.py
[2025-09-26T17:41:45.516+0000] {processor.py:914} INFO - Processing file /opt/airflow/dags/dag_s3.py for tasks to queue
[2025-09-26T17:41:45.520+0000] {logging_mixin.py:190} INFO - [2025-09-26T17:41:45.519+0000] {dagbag.py:588} INFO - Filling up the DagBag from /opt/airflow/dags/dag_s3.py
[2025-09-26T17:41:45.560+0000] {processor.py:925} INFO - DAG(s) 'dag_s3' retrieved from /opt/airflow/dags/dag_s3.py
[2025-09-26T17:41:45.610+0000] {logging_mixin.py:190} INFO - [2025-09-26T17:41:45.609+0000] {dag.py:3239} INFO - Sync 1 DAGs
[2025-09-26T17:41:45.661+0000] {logging_mixin.py:190} INFO - [2025-09-26T17:41:45.661+0000] {dag.py:4180} INFO - Setting next_dagrun for dag_s3 to 2025-09-26 00:00:00+00:00, run_after=2025-09-27 00:00:00+00:00
[2025-09-26T17:41:45.707+0000] {processor.py:208} INFO - Processing /opt/airflow/dags/dag_s3.py took 0.207 seconds
[2025-09-26T17:42:16.327+0000] {processor.py:186} INFO - Started process (PID=2032) to work on /opt/airflow/dags/dag_s3.py
[2025-09-26T17:42:16.329+0000] {processor.py:914} INFO - Processing file /opt/airflow/dags/dag_s3.py for tasks to queue
[2025-09-26T17:42:16.333+0000] {logging_mixin.py:190} INFO - [2025-09-26T17:42:16.332+0000] {dagbag.py:588} INFO - Filling up the DagBag from /opt/airflow/dags/dag_s3.py
[2025-09-26T17:42:16.373+0000] {processor.py:925} INFO - DAG(s) 'dag_s3' retrieved from /opt/airflow/dags/dag_s3.py
[2025-09-26T17:42:16.419+0000] {logging_mixin.py:190} INFO - [2025-09-26T17:42:16.418+0000] {dag.py:3239} INFO - Sync 1 DAGs
[2025-09-26T17:42:16.472+0000] {logging_mixin.py:190} INFO - [2025-09-26T17:42:16.472+0000] {dag.py:4180} INFO - Setting next_dagrun for dag_s3 to 2025-09-26 00:00:00+00:00, run_after=2025-09-27 00:00:00+00:00
[2025-09-26T17:42:16.510+0000] {processor.py:208} INFO - Processing /opt/airflow/dags/dag_s3.py took 0.193 seconds
[2025-09-26T17:42:47.078+0000] {processor.py:186} INFO - Started process (PID=2058) to work on /opt/airflow/dags/dag_s3.py
[2025-09-26T17:42:47.080+0000] {processor.py:914} INFO - Processing file /opt/airflow/dags/dag_s3.py for tasks to queue
[2025-09-26T17:42:47.085+0000] {logging_mixin.py:190} INFO - [2025-09-26T17:42:47.084+0000] {dagbag.py:588} INFO - Filling up the DagBag from /opt/airflow/dags/dag_s3.py
[2025-09-26T17:42:47.121+0000] {processor.py:925} INFO - DAG(s) 'dag_s3' retrieved from /opt/airflow/dags/dag_s3.py
[2025-09-26T17:42:47.175+0000] {logging_mixin.py:190} INFO - [2025-09-26T17:42:47.175+0000] {dag.py:3239} INFO - Sync 1 DAGs
[2025-09-26T17:42:47.243+0000] {logging_mixin.py:190} INFO - [2025-09-26T17:42:47.241+0000] {dag.py:4180} INFO - Setting next_dagrun for dag_s3 to 2025-09-26 00:00:00+00:00, run_after=2025-09-27 00:00:00+00:00
[2025-09-26T17:42:47.294+0000] {processor.py:208} INFO - Processing /opt/airflow/dags/dag_s3.py took 0.226 seconds
[2025-09-26T17:43:17.906+0000] {processor.py:186} INFO - Started process (PID=2084) to work on /opt/airflow/dags/dag_s3.py
[2025-09-26T17:43:17.907+0000] {processor.py:914} INFO - Processing file /opt/airflow/dags/dag_s3.py for tasks to queue
[2025-09-26T17:43:17.911+0000] {logging_mixin.py:190} INFO - [2025-09-26T17:43:17.910+0000] {dagbag.py:588} INFO - Filling up the DagBag from /opt/airflow/dags/dag_s3.py
[2025-09-26T17:43:17.952+0000] {processor.py:925} INFO - DAG(s) 'dag_s3' retrieved from /opt/airflow/dags/dag_s3.py
[2025-09-26T17:43:17.999+0000] {logging_mixin.py:190} INFO - [2025-09-26T17:43:17.999+0000] {dag.py:3239} INFO - Sync 1 DAGs
[2025-09-26T17:43:18.051+0000] {logging_mixin.py:190} INFO - [2025-09-26T17:43:18.051+0000] {dag.py:4180} INFO - Setting next_dagrun for dag_s3 to 2025-09-26 00:00:00+00:00, run_after=2025-09-27 00:00:00+00:00
[2025-09-26T17:43:18.120+0000] {processor.py:208} INFO - Processing /opt/airflow/dags/dag_s3.py took 0.227 seconds
[2025-09-26T17:43:49.031+0000] {processor.py:186} INFO - Started process (PID=2110) to work on /opt/airflow/dags/dag_s3.py
[2025-09-26T17:43:49.033+0000] {processor.py:914} INFO - Processing file /opt/airflow/dags/dag_s3.py for tasks to queue
[2025-09-26T17:43:49.038+0000] {logging_mixin.py:190} INFO - [2025-09-26T17:43:49.037+0000] {dagbag.py:588} INFO - Filling up the DagBag from /opt/airflow/dags/dag_s3.py
[2025-09-26T17:43:49.086+0000] {processor.py:925} INFO - DAG(s) 'dag_s3' retrieved from /opt/airflow/dags/dag_s3.py
[2025-09-26T17:43:49.156+0000] {logging_mixin.py:190} INFO - [2025-09-26T17:43:49.156+0000] {dag.py:3239} INFO - Sync 1 DAGs
[2025-09-26T17:43:49.207+0000] {logging_mixin.py:190} INFO - [2025-09-26T17:43:49.206+0000] {dag.py:4180} INFO - Setting next_dagrun for dag_s3 to 2025-09-26 00:00:00+00:00, run_after=2025-09-27 00:00:00+00:00
[2025-09-26T17:43:49.273+0000] {processor.py:208} INFO - Processing /opt/airflow/dags/dag_s3.py took 0.252 seconds
[2025-09-26T17:44:19.578+0000] {processor.py:186} INFO - Started process (PID=2136) to work on /opt/airflow/dags/dag_s3.py
[2025-09-26T17:44:19.580+0000] {processor.py:914} INFO - Processing file /opt/airflow/dags/dag_s3.py for tasks to queue
[2025-09-26T17:44:19.584+0000] {logging_mixin.py:190} INFO - [2025-09-26T17:44:19.584+0000] {dagbag.py:588} INFO - Filling up the DagBag from /opt/airflow/dags/dag_s3.py
[2025-09-26T17:44:19.618+0000] {processor.py:925} INFO - DAG(s) 'dag_s3' retrieved from /opt/airflow/dags/dag_s3.py
[2025-09-26T17:44:19.661+0000] {logging_mixin.py:190} INFO - [2025-09-26T17:44:19.661+0000] {dag.py:3239} INFO - Sync 1 DAGs
[2025-09-26T17:44:19.726+0000] {logging_mixin.py:190} INFO - [2025-09-26T17:44:19.725+0000] {dag.py:4180} INFO - Setting next_dagrun for dag_s3 to 2025-09-26 00:00:00+00:00, run_after=2025-09-27 00:00:00+00:00
[2025-09-26T17:44:19.764+0000] {processor.py:208} INFO - Processing /opt/airflow/dags/dag_s3.py took 0.194 seconds
[2025-09-26T17:44:50.141+0000] {processor.py:186} INFO - Started process (PID=2163) to work on /opt/airflow/dags/dag_s3.py
[2025-09-26T17:44:50.142+0000] {processor.py:914} INFO - Processing file /opt/airflow/dags/dag_s3.py for tasks to queue
[2025-09-26T17:44:50.146+0000] {logging_mixin.py:190} INFO - [2025-09-26T17:44:50.146+0000] {dagbag.py:588} INFO - Filling up the DagBag from /opt/airflow/dags/dag_s3.py
[2025-09-26T17:44:50.188+0000] {processor.py:925} INFO - DAG(s) 'dag_s3' retrieved from /opt/airflow/dags/dag_s3.py
[2025-09-26T17:44:50.237+0000] {logging_mixin.py:190} INFO - [2025-09-26T17:44:50.236+0000] {dag.py:3239} INFO - Sync 1 DAGs
[2025-09-26T17:44:50.289+0000] {logging_mixin.py:190} INFO - [2025-09-26T17:44:50.288+0000] {dag.py:4180} INFO - Setting next_dagrun for dag_s3 to 2025-09-26 00:00:00+00:00, run_after=2025-09-27 00:00:00+00:00
[2025-09-26T17:44:50.356+0000] {processor.py:208} INFO - Processing /opt/airflow/dags/dag_s3.py took 0.228 seconds
[2025-09-26T17:45:20.933+0000] {processor.py:186} INFO - Started process (PID=2190) to work on /opt/airflow/dags/dag_s3.py
[2025-09-26T17:45:20.935+0000] {processor.py:914} INFO - Processing file /opt/airflow/dags/dag_s3.py for tasks to queue
[2025-09-26T17:45:20.939+0000] {logging_mixin.py:190} INFO - [2025-09-26T17:45:20.939+0000] {dagbag.py:588} INFO - Filling up the DagBag from /opt/airflow/dags/dag_s3.py
[2025-09-26T17:45:20.976+0000] {processor.py:925} INFO - DAG(s) 'dag_s3' retrieved from /opt/airflow/dags/dag_s3.py
[2025-09-26T17:45:21.016+0000] {logging_mixin.py:190} INFO - [2025-09-26T17:45:21.016+0000] {dag.py:3239} INFO - Sync 1 DAGs
[2025-09-26T17:45:21.071+0000] {logging_mixin.py:190} INFO - [2025-09-26T17:45:21.071+0000] {dag.py:4180} INFO - Setting next_dagrun for dag_s3 to 2025-09-26 00:00:00+00:00, run_after=2025-09-27 00:00:00+00:00
[2025-09-26T17:45:21.125+0000] {processor.py:208} INFO - Processing /opt/airflow/dags/dag_s3.py took 0.201 seconds
[2025-09-26T17:45:51.604+0000] {processor.py:186} INFO - Started process (PID=2216) to work on /opt/airflow/dags/dag_s3.py
[2025-09-26T17:45:51.606+0000] {processor.py:914} INFO - Processing file /opt/airflow/dags/dag_s3.py for tasks to queue
[2025-09-26T17:45:51.610+0000] {logging_mixin.py:190} INFO - [2025-09-26T17:45:51.609+0000] {dagbag.py:588} INFO - Filling up the DagBag from /opt/airflow/dags/dag_s3.py
[2025-09-26T17:45:51.643+0000] {processor.py:925} INFO - DAG(s) 'dag_s3' retrieved from /opt/airflow/dags/dag_s3.py
[2025-09-26T17:45:51.684+0000] {logging_mixin.py:190} INFO - [2025-09-26T17:45:51.684+0000] {dag.py:3239} INFO - Sync 1 DAGs
[2025-09-26T17:45:51.732+0000] {logging_mixin.py:190} INFO - [2025-09-26T17:45:51.731+0000] {dag.py:4180} INFO - Setting next_dagrun for dag_s3 to 2025-09-26 00:00:00+00:00, run_after=2025-09-27 00:00:00+00:00
[2025-09-26T17:45:51.778+0000] {processor.py:208} INFO - Processing /opt/airflow/dags/dag_s3.py took 0.184 seconds
[2025-09-26T17:46:22.294+0000] {processor.py:186} INFO - Started process (PID=2242) to work on /opt/airflow/dags/dag_s3.py
[2025-09-26T17:46:22.295+0000] {processor.py:914} INFO - Processing file /opt/airflow/dags/dag_s3.py for tasks to queue
[2025-09-26T17:46:22.299+0000] {logging_mixin.py:190} INFO - [2025-09-26T17:46:22.299+0000] {dagbag.py:588} INFO - Filling up the DagBag from /opt/airflow/dags/dag_s3.py
[2025-09-26T17:46:22.340+0000] {processor.py:925} INFO - DAG(s) 'dag_s3' retrieved from /opt/airflow/dags/dag_s3.py
[2025-09-26T17:46:22.382+0000] {logging_mixin.py:190} INFO - [2025-09-26T17:46:22.382+0000] {dag.py:3239} INFO - Sync 1 DAGs
[2025-09-26T17:46:22.436+0000] {logging_mixin.py:190} INFO - [2025-09-26T17:46:22.436+0000] {dag.py:4180} INFO - Setting next_dagrun for dag_s3 to 2025-09-26 00:00:00+00:00, run_after=2025-09-27 00:00:00+00:00
[2025-09-26T17:46:22.471+0000] {processor.py:208} INFO - Processing /opt/airflow/dags/dag_s3.py took 0.189 seconds
[2025-09-26T17:46:53.012+0000] {processor.py:186} INFO - Started process (PID=2274) to work on /opt/airflow/dags/dag_s3.py
[2025-09-26T17:46:53.014+0000] {processor.py:914} INFO - Processing file /opt/airflow/dags/dag_s3.py for tasks to queue
[2025-09-26T17:46:53.019+0000] {logging_mixin.py:190} INFO - [2025-09-26T17:46:53.018+0000] {dagbag.py:588} INFO - Filling up the DagBag from /opt/airflow/dags/dag_s3.py
[2025-09-26T17:46:53.053+0000] {processor.py:925} INFO - DAG(s) 'dag_s3' retrieved from /opt/airflow/dags/dag_s3.py
[2025-09-26T17:46:53.103+0000] {logging_mixin.py:190} INFO - [2025-09-26T17:46:53.103+0000] {dag.py:3239} INFO - Sync 1 DAGs
[2025-09-26T17:46:53.147+0000] {logging_mixin.py:190} INFO - [2025-09-26T17:46:53.146+0000] {dag.py:4180} INFO - Setting next_dagrun for dag_s3 to 2025-09-26 00:00:00+00:00, run_after=2025-09-27 00:00:00+00:00
[2025-09-26T17:46:53.183+0000] {processor.py:208} INFO - Processing /opt/airflow/dags/dag_s3.py took 0.181 seconds
[2025-09-26T17:47:23.655+0000] {processor.py:186} INFO - Started process (PID=2300) to work on /opt/airflow/dags/dag_s3.py
[2025-09-26T17:47:23.656+0000] {processor.py:914} INFO - Processing file /opt/airflow/dags/dag_s3.py for tasks to queue
[2025-09-26T17:47:23.660+0000] {logging_mixin.py:190} INFO - [2025-09-26T17:47:23.659+0000] {dagbag.py:588} INFO - Filling up the DagBag from /opt/airflow/dags/dag_s3.py
[2025-09-26T17:47:23.706+0000] {processor.py:925} INFO - DAG(s) 'dag_s3' retrieved from /opt/airflow/dags/dag_s3.py
[2025-09-26T17:47:23.749+0000] {logging_mixin.py:190} INFO - [2025-09-26T17:47:23.749+0000] {dag.py:3239} INFO - Sync 1 DAGs
[2025-09-26T17:47:23.800+0000] {logging_mixin.py:190} INFO - [2025-09-26T17:47:23.800+0000] {dag.py:4180} INFO - Setting next_dagrun for dag_s3 to 2025-09-26 00:00:00+00:00, run_after=2025-09-27 00:00:00+00:00
[2025-09-26T17:47:23.838+0000] {processor.py:208} INFO - Processing /opt/airflow/dags/dag_s3.py took 0.193 seconds
[2025-09-26T17:47:54.336+0000] {processor.py:186} INFO - Started process (PID=2326) to work on /opt/airflow/dags/dag_s3.py
[2025-09-26T17:47:54.338+0000] {processor.py:914} INFO - Processing file /opt/airflow/dags/dag_s3.py for tasks to queue
[2025-09-26T17:47:54.343+0000] {logging_mixin.py:190} INFO - [2025-09-26T17:47:54.342+0000] {dagbag.py:588} INFO - Filling up the DagBag from /opt/airflow/dags/dag_s3.py
[2025-09-26T17:47:54.394+0000] {processor.py:925} INFO - DAG(s) 'dag_s3' retrieved from /opt/airflow/dags/dag_s3.py
[2025-09-26T17:47:54.448+0000] {logging_mixin.py:190} INFO - [2025-09-26T17:47:54.447+0000] {dag.py:3239} INFO - Sync 1 DAGs
[2025-09-26T17:47:54.503+0000] {logging_mixin.py:190} INFO - [2025-09-26T17:47:54.502+0000] {dag.py:4180} INFO - Setting next_dagrun for dag_s3 to 2025-09-26 00:00:00+00:00, run_after=2025-09-27 00:00:00+00:00
[2025-09-26T17:47:54.554+0000] {processor.py:208} INFO - Processing /opt/airflow/dags/dag_s3.py took 0.230 seconds
[2025-09-26T17:48:25.097+0000] {processor.py:186} INFO - Started process (PID=2352) to work on /opt/airflow/dags/dag_s3.py
[2025-09-26T17:48:25.099+0000] {processor.py:914} INFO - Processing file /opt/airflow/dags/dag_s3.py for tasks to queue
[2025-09-26T17:48:25.102+0000] {logging_mixin.py:190} INFO - [2025-09-26T17:48:25.102+0000] {dagbag.py:588} INFO - Filling up the DagBag from /opt/airflow/dags/dag_s3.py
[2025-09-26T17:48:25.146+0000] {processor.py:925} INFO - DAG(s) 'dag_s3' retrieved from /opt/airflow/dags/dag_s3.py
[2025-09-26T17:48:25.192+0000] {logging_mixin.py:190} INFO - [2025-09-26T17:48:25.191+0000] {dag.py:3239} INFO - Sync 1 DAGs
[2025-09-26T17:48:25.244+0000] {logging_mixin.py:190} INFO - [2025-09-26T17:48:25.243+0000] {dag.py:4180} INFO - Setting next_dagrun for dag_s3 to 2025-09-26 00:00:00+00:00, run_after=2025-09-27 00:00:00+00:00
[2025-09-26T17:48:25.291+0000] {processor.py:208} INFO - Processing /opt/airflow/dags/dag_s3.py took 0.205 seconds
[2025-09-26T17:48:55.521+0000] {processor.py:186} INFO - Started process (PID=2378) to work on /opt/airflow/dags/dag_s3.py
[2025-09-26T17:48:55.523+0000] {processor.py:914} INFO - Processing file /opt/airflow/dags/dag_s3.py for tasks to queue
[2025-09-26T17:48:55.528+0000] {logging_mixin.py:190} INFO - [2025-09-26T17:48:55.527+0000] {dagbag.py:588} INFO - Filling up the DagBag from /opt/airflow/dags/dag_s3.py
[2025-09-26T17:48:55.569+0000] {processor.py:925} INFO - DAG(s) 'dag_s3' retrieved from /opt/airflow/dags/dag_s3.py
[2025-09-26T17:48:55.613+0000] {logging_mixin.py:190} INFO - [2025-09-26T17:48:55.612+0000] {dag.py:3239} INFO - Sync 1 DAGs
[2025-09-26T17:48:55.660+0000] {logging_mixin.py:190} INFO - [2025-09-26T17:48:55.660+0000] {dag.py:4180} INFO - Setting next_dagrun for dag_s3 to 2025-09-26 00:00:00+00:00, run_after=2025-09-27 00:00:00+00:00
[2025-09-26T17:48:55.728+0000] {processor.py:208} INFO - Processing /opt/airflow/dags/dag_s3.py took 0.219 seconds
[2025-09-26T17:49:26.320+0000] {processor.py:186} INFO - Started process (PID=2404) to work on /opt/airflow/dags/dag_s3.py
[2025-09-26T17:49:26.325+0000] {processor.py:914} INFO - Processing file /opt/airflow/dags/dag_s3.py for tasks to queue
[2025-09-26T17:49:26.337+0000] {logging_mixin.py:190} INFO - [2025-09-26T17:49:26.335+0000] {dagbag.py:588} INFO - Filling up the DagBag from /opt/airflow/dags/dag_s3.py
[2025-09-26T17:49:26.422+0000] {processor.py:925} INFO - DAG(s) 'dag_s3' retrieved from /opt/airflow/dags/dag_s3.py
[2025-09-26T17:49:26.508+0000] {logging_mixin.py:190} INFO - [2025-09-26T17:49:26.507+0000] {dag.py:3239} INFO - Sync 1 DAGs
[2025-09-26T17:49:26.587+0000] {logging_mixin.py:190} INFO - [2025-09-26T17:49:26.587+0000] {dag.py:4180} INFO - Setting next_dagrun for dag_s3 to 2025-09-26 00:00:00+00:00, run_after=2025-09-27 00:00:00+00:00
[2025-09-26T17:49:26.658+0000] {processor.py:208} INFO - Processing /opt/airflow/dags/dag_s3.py took 0.355 seconds
[2025-09-26T17:49:57.173+0000] {processor.py:186} INFO - Started process (PID=2430) to work on /opt/airflow/dags/dag_s3.py
[2025-09-26T17:49:57.178+0000] {processor.py:914} INFO - Processing file /opt/airflow/dags/dag_s3.py for tasks to queue
[2025-09-26T17:49:57.183+0000] {logging_mixin.py:190} INFO - [2025-09-26T17:49:57.182+0000] {dagbag.py:588} INFO - Filling up the DagBag from /opt/airflow/dags/dag_s3.py
[2025-09-26T17:49:57.225+0000] {processor.py:925} INFO - DAG(s) 'dag_s3' retrieved from /opt/airflow/dags/dag_s3.py
[2025-09-26T17:49:57.292+0000] {logging_mixin.py:190} INFO - [2025-09-26T17:49:57.292+0000] {dag.py:3239} INFO - Sync 1 DAGs
[2025-09-26T17:49:57.346+0000] {logging_mixin.py:190} INFO - [2025-09-26T17:49:57.346+0000] {dag.py:4180} INFO - Setting next_dagrun for dag_s3 to 2025-09-26 00:00:00+00:00, run_after=2025-09-27 00:00:00+00:00
[2025-09-26T17:49:57.395+0000] {processor.py:208} INFO - Processing /opt/airflow/dags/dag_s3.py took 0.242 seconds
[2025-09-26T17:50:27.944+0000] {processor.py:186} INFO - Started process (PID=2457) to work on /opt/airflow/dags/dag_s3.py
[2025-09-26T17:50:27.946+0000] {processor.py:914} INFO - Processing file /opt/airflow/dags/dag_s3.py for tasks to queue
[2025-09-26T17:50:27.950+0000] {logging_mixin.py:190} INFO - [2025-09-26T17:50:27.949+0000] {dagbag.py:588} INFO - Filling up the DagBag from /opt/airflow/dags/dag_s3.py
[2025-09-26T17:50:27.986+0000] {processor.py:925} INFO - DAG(s) 'dag_s3' retrieved from /opt/airflow/dags/dag_s3.py
[2025-09-26T17:50:28.031+0000] {logging_mixin.py:190} INFO - [2025-09-26T17:50:28.030+0000] {dag.py:3239} INFO - Sync 1 DAGs
[2025-09-26T17:50:28.088+0000] {logging_mixin.py:190} INFO - [2025-09-26T17:50:28.088+0000] {dag.py:4180} INFO - Setting next_dagrun for dag_s3 to 2025-09-26 00:00:00+00:00, run_after=2025-09-27 00:00:00+00:00
[2025-09-26T17:50:28.126+0000] {processor.py:208} INFO - Processing /opt/airflow/dags/dag_s3.py took 0.194 seconds
[2025-09-26T17:50:58.623+0000] {processor.py:186} INFO - Started process (PID=2484) to work on /opt/airflow/dags/dag_s3.py
[2025-09-26T17:50:58.625+0000] {processor.py:914} INFO - Processing file /opt/airflow/dags/dag_s3.py for tasks to queue
[2025-09-26T17:50:58.629+0000] {logging_mixin.py:190} INFO - [2025-09-26T17:50:58.629+0000] {dagbag.py:588} INFO - Filling up the DagBag from /opt/airflow/dags/dag_s3.py
[2025-09-26T17:50:58.666+0000] {processor.py:925} INFO - DAG(s) 'dag_s3' retrieved from /opt/airflow/dags/dag_s3.py
[2025-09-26T17:50:58.709+0000] {logging_mixin.py:190} INFO - [2025-09-26T17:50:58.709+0000] {dag.py:3239} INFO - Sync 1 DAGs
[2025-09-26T17:50:58.766+0000] {logging_mixin.py:190} INFO - [2025-09-26T17:50:58.765+0000] {dag.py:4180} INFO - Setting next_dagrun for dag_s3 to 2025-09-26 00:00:00+00:00, run_after=2025-09-27 00:00:00+00:00
[2025-09-26T17:50:58.810+0000] {processor.py:208} INFO - Processing /opt/airflow/dags/dag_s3.py took 0.199 seconds
[2025-09-26T17:51:29.272+0000] {processor.py:186} INFO - Started process (PID=2510) to work on /opt/airflow/dags/dag_s3.py
[2025-09-26T17:51:29.274+0000] {processor.py:914} INFO - Processing file /opt/airflow/dags/dag_s3.py for tasks to queue
[2025-09-26T17:51:29.279+0000] {logging_mixin.py:190} INFO - [2025-09-26T17:51:29.278+0000] {dagbag.py:588} INFO - Filling up the DagBag from /opt/airflow/dags/dag_s3.py
[2025-09-26T17:51:29.332+0000] {processor.py:925} INFO - DAG(s) 'dag_s3' retrieved from /opt/airflow/dags/dag_s3.py
[2025-09-26T17:51:29.378+0000] {logging_mixin.py:190} INFO - [2025-09-26T17:51:29.377+0000] {dag.py:3239} INFO - Sync 1 DAGs
[2025-09-26T17:51:29.422+0000] {logging_mixin.py:190} INFO - [2025-09-26T17:51:29.422+0000] {dag.py:4180} INFO - Setting next_dagrun for dag_s3 to 2025-09-26 00:00:00+00:00, run_after=2025-09-27 00:00:00+00:00
[2025-09-26T17:51:29.455+0000] {processor.py:208} INFO - Processing /opt/airflow/dags/dag_s3.py took 0.201 seconds
[2025-09-26T17:51:59.940+0000] {processor.py:186} INFO - Started process (PID=2542) to work on /opt/airflow/dags/dag_s3.py
[2025-09-26T17:51:59.941+0000] {processor.py:914} INFO - Processing file /opt/airflow/dags/dag_s3.py for tasks to queue
[2025-09-26T17:51:59.945+0000] {logging_mixin.py:190} INFO - [2025-09-26T17:51:59.945+0000] {dagbag.py:588} INFO - Filling up the DagBag from /opt/airflow/dags/dag_s3.py
[2025-09-26T17:51:59.985+0000] {processor.py:925} INFO - DAG(s) 'dag_s3' retrieved from /opt/airflow/dags/dag_s3.py
[2025-09-26T17:52:00.028+0000] {logging_mixin.py:190} INFO - [2025-09-26T17:52:00.028+0000] {dag.py:3239} INFO - Sync 1 DAGs
[2025-09-26T17:52:00.074+0000] {logging_mixin.py:190} INFO - [2025-09-26T17:52:00.073+0000] {dag.py:4180} INFO - Setting next_dagrun for dag_s3 to 2025-09-26 00:00:00+00:00, run_after=2025-09-27 00:00:00+00:00
[2025-09-26T17:52:00.113+0000] {processor.py:208} INFO - Processing /opt/airflow/dags/dag_s3.py took 0.184 seconds
[2025-09-26T17:52:30.676+0000] {processor.py:186} INFO - Started process (PID=2568) to work on /opt/airflow/dags/dag_s3.py
[2025-09-26T17:52:30.677+0000] {processor.py:914} INFO - Processing file /opt/airflow/dags/dag_s3.py for tasks to queue
[2025-09-26T17:52:30.682+0000] {logging_mixin.py:190} INFO - [2025-09-26T17:52:30.682+0000] {dagbag.py:588} INFO - Filling up the DagBag from /opt/airflow/dags/dag_s3.py
[2025-09-26T17:52:30.717+0000] {processor.py:925} INFO - DAG(s) 'dag_s3' retrieved from /opt/airflow/dags/dag_s3.py
[2025-09-26T17:52:30.763+0000] {logging_mixin.py:190} INFO - [2025-09-26T17:52:30.763+0000] {dag.py:3239} INFO - Sync 1 DAGs
[2025-09-26T17:52:30.808+0000] {logging_mixin.py:190} INFO - [2025-09-26T17:52:30.808+0000] {dag.py:4180} INFO - Setting next_dagrun for dag_s3 to 2025-09-26 00:00:00+00:00, run_after=2025-09-27 00:00:00+00:00
[2025-09-26T17:52:30.850+0000] {processor.py:208} INFO - Processing /opt/airflow/dags/dag_s3.py took 0.184 seconds
[2025-09-26T17:53:01.393+0000] {processor.py:186} INFO - Started process (PID=2595) to work on /opt/airflow/dags/dag_s3.py
[2025-09-26T17:53:01.395+0000] {processor.py:914} INFO - Processing file /opt/airflow/dags/dag_s3.py for tasks to queue
[2025-09-26T17:53:01.400+0000] {logging_mixin.py:190} INFO - [2025-09-26T17:53:01.399+0000] {dagbag.py:588} INFO - Filling up the DagBag from /opt/airflow/dags/dag_s3.py
[2025-09-26T17:53:01.448+0000] {processor.py:925} INFO - DAG(s) 'dag_s3' retrieved from /opt/airflow/dags/dag_s3.py
[2025-09-26T17:53:01.491+0000] {logging_mixin.py:190} INFO - [2025-09-26T17:53:01.491+0000] {dag.py:3239} INFO - Sync 1 DAGs
[2025-09-26T17:53:01.541+0000] {logging_mixin.py:190} INFO - [2025-09-26T17:53:01.541+0000] {dag.py:4180} INFO - Setting next_dagrun for dag_s3 to 2025-09-26 00:00:00+00:00, run_after=2025-09-27 00:00:00+00:00
[2025-09-26T17:53:01.575+0000] {processor.py:208} INFO - Processing /opt/airflow/dags/dag_s3.py took 0.201 seconds
[2025-09-26T17:53:31.743+0000] {processor.py:186} INFO - Started process (PID=2621) to work on /opt/airflow/dags/dag_s3.py
[2025-09-26T17:53:31.745+0000] {processor.py:914} INFO - Processing file /opt/airflow/dags/dag_s3.py for tasks to queue
[2025-09-26T17:53:31.749+0000] {logging_mixin.py:190} INFO - [2025-09-26T17:53:31.749+0000] {dagbag.py:588} INFO - Filling up the DagBag from /opt/airflow/dags/dag_s3.py
[2025-09-26T17:53:31.793+0000] {processor.py:925} INFO - DAG(s) 'dag_s3' retrieved from /opt/airflow/dags/dag_s3.py
[2025-09-26T17:53:31.844+0000] {logging_mixin.py:190} INFO - [2025-09-26T17:53:31.844+0000] {dag.py:3239} INFO - Sync 1 DAGs
[2025-09-26T17:53:31.911+0000] {logging_mixin.py:190} INFO - [2025-09-26T17:53:31.911+0000] {dag.py:4180} INFO - Setting next_dagrun for dag_s3 to 2025-09-26 00:00:00+00:00, run_after=2025-09-27 00:00:00+00:00
[2025-09-26T17:53:31.951+0000] {processor.py:208} INFO - Processing /opt/airflow/dags/dag_s3.py took 0.219 seconds
[2025-09-26T17:54:02.427+0000] {processor.py:186} INFO - Started process (PID=2647) to work on /opt/airflow/dags/dag_s3.py
[2025-09-26T17:54:02.429+0000] {processor.py:914} INFO - Processing file /opt/airflow/dags/dag_s3.py for tasks to queue
[2025-09-26T17:54:02.434+0000] {logging_mixin.py:190} INFO - [2025-09-26T17:54:02.433+0000] {dagbag.py:588} INFO - Filling up the DagBag from /opt/airflow/dags/dag_s3.py
[2025-09-26T17:54:02.490+0000] {processor.py:925} INFO - DAG(s) 'dag_s3' retrieved from /opt/airflow/dags/dag_s3.py
[2025-09-26T17:54:02.546+0000] {logging_mixin.py:190} INFO - [2025-09-26T17:54:02.546+0000] {dag.py:3239} INFO - Sync 1 DAGs
[2025-09-26T17:54:02.605+0000] {logging_mixin.py:190} INFO - [2025-09-26T17:54:02.604+0000] {dag.py:4180} INFO - Setting next_dagrun for dag_s3 to 2025-09-26 00:00:00+00:00, run_after=2025-09-27 00:00:00+00:00
[2025-09-26T17:54:02.653+0000] {processor.py:208} INFO - Processing /opt/airflow/dags/dag_s3.py took 0.243 seconds
[2025-09-26T17:54:33.316+0000] {processor.py:186} INFO - Started process (PID=2673) to work on /opt/airflow/dags/dag_s3.py
[2025-09-26T17:54:33.318+0000] {processor.py:914} INFO - Processing file /opt/airflow/dags/dag_s3.py for tasks to queue
[2025-09-26T17:54:33.322+0000] {logging_mixin.py:190} INFO - [2025-09-26T17:54:33.321+0000] {dagbag.py:588} INFO - Filling up the DagBag from /opt/airflow/dags/dag_s3.py
[2025-09-26T17:54:33.363+0000] {processor.py:925} INFO - DAG(s) 'dag_s3' retrieved from /opt/airflow/dags/dag_s3.py
[2025-09-26T17:54:33.407+0000] {logging_mixin.py:190} INFO - [2025-09-26T17:54:33.407+0000] {dag.py:3239} INFO - Sync 1 DAGs
[2025-09-26T17:54:33.461+0000] {logging_mixin.py:190} INFO - [2025-09-26T17:54:33.460+0000] {dag.py:4180} INFO - Setting next_dagrun for dag_s3 to 2025-09-26 00:00:00+00:00, run_after=2025-09-27 00:00:00+00:00
[2025-09-26T17:54:33.531+0000] {processor.py:208} INFO - Processing /opt/airflow/dags/dag_s3.py took 0.228 seconds
[2025-09-26T17:55:04.064+0000] {processor.py:186} INFO - Started process (PID=2699) to work on /opt/airflow/dags/dag_s3.py
[2025-09-26T17:55:04.066+0000] {processor.py:914} INFO - Processing file /opt/airflow/dags/dag_s3.py for tasks to queue
[2025-09-26T17:55:04.071+0000] {logging_mixin.py:190} INFO - [2025-09-26T17:55:04.070+0000] {dagbag.py:588} INFO - Filling up the DagBag from /opt/airflow/dags/dag_s3.py
[2025-09-26T17:55:04.112+0000] {processor.py:925} INFO - DAG(s) 'dag_s3' retrieved from /opt/airflow/dags/dag_s3.py
[2025-09-26T17:55:04.158+0000] {logging_mixin.py:190} INFO - [2025-09-26T17:55:04.157+0000] {dag.py:3239} INFO - Sync 1 DAGs
[2025-09-26T17:55:04.208+0000] {logging_mixin.py:190} INFO - [2025-09-26T17:55:04.207+0000] {dag.py:4180} INFO - Setting next_dagrun for dag_s3 to 2025-09-26 00:00:00+00:00, run_after=2025-09-27 00:00:00+00:00
[2025-09-26T17:55:04.245+0000] {processor.py:208} INFO - Processing /opt/airflow/dags/dag_s3.py took 0.193 seconds
