[2025-09-26T17:08:20.631+0000] {processor.py:186} INFO - Started process (PID=258) to work on /opt/airflow/dags/dag_verify.py
[2025-09-26T17:08:20.634+0000] {processor.py:914} INFO - Processing file /opt/airflow/dags/dag_verify.py for tasks to queue
[2025-09-26T17:08:20.640+0000] {logging_mixin.py:190} INFO - [2025-09-26T17:08:20.639+0000] {dagbag.py:588} INFO - Filling up the DagBag from /opt/airflow/dags/dag_verify.py
[2025-09-26T17:08:20.797+0000] {processor.py:925} INFO - DAG(s) 'dag_verify' retrieved from /opt/airflow/dags/dag_verify.py
[2025-09-26T17:08:20.868+0000] {logging_mixin.py:190} INFO - [2025-09-26T17:08:20.868+0000] {dag.py:3239} INFO - Sync 1 DAGs
[2025-09-26T17:08:21.293+0000] {logging_mixin.py:190} INFO - [2025-09-26T17:08:21.292+0000] {dag.py:4180} INFO - Setting next_dagrun for dag_verify to 2025-09-26 00:00:00+00:00, run_after=2025-09-27 00:00:00+00:00
[2025-09-26T17:08:21.339+0000] {processor.py:208} INFO - Processing /opt/airflow/dags/dag_verify.py took 0.723 seconds
[2025-09-26T17:08:51.765+0000] {processor.py:186} INFO - Started process (PID=297) to work on /opt/airflow/dags/dag_verify.py
[2025-09-26T17:08:51.768+0000] {processor.py:914} INFO - Processing file /opt/airflow/dags/dag_verify.py for tasks to queue
[2025-09-26T17:08:51.776+0000] {logging_mixin.py:190} INFO - [2025-09-26T17:08:51.775+0000] {dagbag.py:588} INFO - Filling up the DagBag from /opt/airflow/dags/dag_verify.py
[2025-09-26T17:08:51.824+0000] {processor.py:925} INFO - DAG(s) 'dag_verify' retrieved from /opt/airflow/dags/dag_verify.py
[2025-09-26T17:08:51.871+0000] {logging_mixin.py:190} INFO - [2025-09-26T17:08:51.871+0000] {dag.py:3239} INFO - Sync 1 DAGs
[2025-09-26T17:08:52.188+0000] {logging_mixin.py:190} INFO - [2025-09-26T17:08:52.187+0000] {dag.py:4180} INFO - Setting next_dagrun for dag_verify to 2025-09-26 00:00:00+00:00, run_after=2025-09-27 00:00:00+00:00
[2025-09-26T17:08:52.219+0000] {processor.py:208} INFO - Processing /opt/airflow/dags/dag_verify.py took 0.465 seconds
[2025-09-26T17:09:22.734+0000] {processor.py:186} INFO - Started process (PID=325) to work on /opt/airflow/dags/dag_verify.py
[2025-09-26T17:09:22.735+0000] {processor.py:914} INFO - Processing file /opt/airflow/dags/dag_verify.py for tasks to queue
[2025-09-26T17:09:22.739+0000] {logging_mixin.py:190} INFO - [2025-09-26T17:09:22.738+0000] {dagbag.py:588} INFO - Filling up the DagBag from /opt/airflow/dags/dag_verify.py
[2025-09-26T17:09:22.776+0000] {processor.py:925} INFO - DAG(s) 'dag_verify' retrieved from /opt/airflow/dags/dag_verify.py
[2025-09-26T17:09:23.084+0000] {logging_mixin.py:190} INFO - [2025-09-26T17:09:23.084+0000] {dag.py:3239} INFO - Sync 1 DAGs
[2025-09-26T17:09:23.155+0000] {logging_mixin.py:190} INFO - [2025-09-26T17:09:23.154+0000] {dag.py:4180} INFO - Setting next_dagrun for dag_verify to 2025-09-26 00:00:00+00:00, run_after=2025-09-27 00:00:00+00:00
[2025-09-26T17:09:23.190+0000] {processor.py:208} INFO - Processing /opt/airflow/dags/dag_verify.py took 0.467 seconds
[2025-09-26T17:09:53.875+0000] {processor.py:186} INFO - Started process (PID=352) to work on /opt/airflow/dags/dag_verify.py
[2025-09-26T17:09:53.877+0000] {processor.py:914} INFO - Processing file /opt/airflow/dags/dag_verify.py for tasks to queue
[2025-09-26T17:09:53.882+0000] {logging_mixin.py:190} INFO - [2025-09-26T17:09:53.881+0000] {dagbag.py:588} INFO - Filling up the DagBag from /opt/airflow/dags/dag_verify.py
[2025-09-26T17:09:53.921+0000] {processor.py:925} INFO - DAG(s) 'dag_verify' retrieved from /opt/airflow/dags/dag_verify.py
[2025-09-26T17:09:53.976+0000] {logging_mixin.py:190} INFO - [2025-09-26T17:09:53.975+0000] {dag.py:3239} INFO - Sync 1 DAGs
[2025-09-26T17:09:54.026+0000] {logging_mixin.py:190} INFO - [2025-09-26T17:09:54.026+0000] {dag.py:4180} INFO - Setting next_dagrun for dag_verify to 2025-09-26 00:00:00+00:00, run_after=2025-09-27 00:00:00+00:00
[2025-09-26T17:09:54.067+0000] {processor.py:208} INFO - Processing /opt/airflow/dags/dag_verify.py took 0.207 seconds
[2025-09-26T17:10:24.611+0000] {processor.py:186} INFO - Started process (PID=380) to work on /opt/airflow/dags/dag_verify.py
[2025-09-26T17:10:24.613+0000] {processor.py:914} INFO - Processing file /opt/airflow/dags/dag_verify.py for tasks to queue
[2025-09-26T17:10:24.617+0000] {logging_mixin.py:190} INFO - [2025-09-26T17:10:24.616+0000] {dagbag.py:588} INFO - Filling up the DagBag from /opt/airflow/dags/dag_verify.py
[2025-09-26T17:10:24.681+0000] {processor.py:925} INFO - DAG(s) 'dag_verify' retrieved from /opt/airflow/dags/dag_verify.py
[2025-09-26T17:10:24.732+0000] {logging_mixin.py:190} INFO - [2025-09-26T17:10:24.730+0000] {dag.py:3239} INFO - Sync 1 DAGs
[2025-09-26T17:10:24.799+0000] {logging_mixin.py:190} INFO - [2025-09-26T17:10:24.798+0000] {dag.py:4180} INFO - Setting next_dagrun for dag_verify to 2025-09-26 00:00:00+00:00, run_after=2025-09-27 00:00:00+00:00
[2025-09-26T17:10:24.851+0000] {processor.py:208} INFO - Processing /opt/airflow/dags/dag_verify.py took 0.256 seconds
[2025-09-26T17:10:55.224+0000] {processor.py:186} INFO - Started process (PID=409) to work on /opt/airflow/dags/dag_verify.py
[2025-09-26T17:10:55.226+0000] {processor.py:914} INFO - Processing file /opt/airflow/dags/dag_verify.py for tasks to queue
[2025-09-26T17:10:55.230+0000] {logging_mixin.py:190} INFO - [2025-09-26T17:10:55.229+0000] {dagbag.py:588} INFO - Filling up the DagBag from /opt/airflow/dags/dag_verify.py
[2025-09-26T17:10:55.273+0000] {processor.py:925} INFO - DAG(s) 'dag_verify' retrieved from /opt/airflow/dags/dag_verify.py
[2025-09-26T17:10:55.320+0000] {logging_mixin.py:190} INFO - [2025-09-26T17:10:55.319+0000] {dag.py:3239} INFO - Sync 1 DAGs
[2025-09-26T17:10:55.384+0000] {logging_mixin.py:190} INFO - [2025-09-26T17:10:55.383+0000] {dag.py:4180} INFO - Setting next_dagrun for dag_verify to 2025-09-26 00:00:00+00:00, run_after=2025-09-27 00:00:00+00:00
[2025-09-26T17:10:55.435+0000] {processor.py:208} INFO - Processing /opt/airflow/dags/dag_verify.py took 0.228 seconds
[2025-09-26T17:11:25.908+0000] {processor.py:186} INFO - Started process (PID=435) to work on /opt/airflow/dags/dag_verify.py
[2025-09-26T17:11:25.911+0000] {processor.py:914} INFO - Processing file /opt/airflow/dags/dag_verify.py for tasks to queue
[2025-09-26T17:11:25.920+0000] {logging_mixin.py:190} INFO - [2025-09-26T17:11:25.919+0000] {dagbag.py:588} INFO - Filling up the DagBag from /opt/airflow/dags/dag_verify.py
[2025-09-26T17:11:25.979+0000] {processor.py:925} INFO - DAG(s) 'dag_verify' retrieved from /opt/airflow/dags/dag_verify.py
[2025-09-26T17:11:26.055+0000] {logging_mixin.py:190} INFO - [2025-09-26T17:11:26.054+0000] {dag.py:3239} INFO - Sync 1 DAGs
[2025-09-26T17:11:26.186+0000] {logging_mixin.py:190} INFO - [2025-09-26T17:11:26.186+0000] {dag.py:4180} INFO - Setting next_dagrun for dag_verify to 2025-09-26 00:00:00+00:00, run_after=2025-09-27 00:00:00+00:00
[2025-09-26T17:11:26.264+0000] {processor.py:208} INFO - Processing /opt/airflow/dags/dag_verify.py took 0.373 seconds
[2025-09-26T17:11:56.835+0000] {processor.py:186} INFO - Started process (PID=461) to work on /opt/airflow/dags/dag_verify.py
[2025-09-26T17:11:56.837+0000] {processor.py:914} INFO - Processing file /opt/airflow/dags/dag_verify.py for tasks to queue
[2025-09-26T17:11:56.844+0000] {logging_mixin.py:190} INFO - [2025-09-26T17:11:56.842+0000] {dagbag.py:588} INFO - Filling up the DagBag from /opt/airflow/dags/dag_verify.py
[2025-09-26T17:11:56.918+0000] {processor.py:925} INFO - DAG(s) 'dag_verify' retrieved from /opt/airflow/dags/dag_verify.py
[2025-09-26T17:11:57.003+0000] {logging_mixin.py:190} INFO - [2025-09-26T17:11:57.003+0000] {dag.py:3239} INFO - Sync 1 DAGs
[2025-09-26T17:11:57.096+0000] {logging_mixin.py:190} INFO - [2025-09-26T17:11:57.096+0000] {dag.py:4180} INFO - Setting next_dagrun for dag_verify to 2025-09-26 00:00:00+00:00, run_after=2025-09-27 00:00:00+00:00
[2025-09-26T17:11:57.175+0000] {processor.py:208} INFO - Processing /opt/airflow/dags/dag_verify.py took 0.367 seconds
[2025-09-26T17:12:27.909+0000] {processor.py:186} INFO - Started process (PID=493) to work on /opt/airflow/dags/dag_verify.py
[2025-09-26T17:12:27.911+0000] {processor.py:914} INFO - Processing file /opt/airflow/dags/dag_verify.py for tasks to queue
[2025-09-26T17:12:27.919+0000] {logging_mixin.py:190} INFO - [2025-09-26T17:12:27.918+0000] {dagbag.py:588} INFO - Filling up the DagBag from /opt/airflow/dags/dag_verify.py
[2025-09-26T17:12:27.953+0000] {processor.py:925} INFO - DAG(s) 'dag_verify' retrieved from /opt/airflow/dags/dag_verify.py
[2025-09-26T17:12:28.004+0000] {logging_mixin.py:190} INFO - [2025-09-26T17:12:28.003+0000] {dag.py:3239} INFO - Sync 1 DAGs
[2025-09-26T17:12:28.060+0000] {logging_mixin.py:190} INFO - [2025-09-26T17:12:28.059+0000] {dag.py:4180} INFO - Setting next_dagrun for dag_verify to 2025-09-26 00:00:00+00:00, run_after=2025-09-27 00:00:00+00:00
[2025-09-26T17:12:28.093+0000] {processor.py:208} INFO - Processing /opt/airflow/dags/dag_verify.py took 0.194 seconds
[2025-09-26T17:12:58.880+0000] {processor.py:186} INFO - Started process (PID=520) to work on /opt/airflow/dags/dag_verify.py
[2025-09-26T17:12:58.882+0000] {processor.py:914} INFO - Processing file /opt/airflow/dags/dag_verify.py for tasks to queue
[2025-09-26T17:12:58.886+0000] {logging_mixin.py:190} INFO - [2025-09-26T17:12:58.886+0000] {dagbag.py:588} INFO - Filling up the DagBag from /opt/airflow/dags/dag_verify.py
[2025-09-26T17:12:58.928+0000] {processor.py:925} INFO - DAG(s) 'dag_verify' retrieved from /opt/airflow/dags/dag_verify.py
[2025-09-26T17:12:58.965+0000] {logging_mixin.py:190} INFO - [2025-09-26T17:12:58.965+0000] {dag.py:3239} INFO - Sync 1 DAGs
[2025-09-26T17:12:59.010+0000] {logging_mixin.py:190} INFO - [2025-09-26T17:12:59.010+0000] {dag.py:4180} INFO - Setting next_dagrun for dag_verify to 2025-09-26 00:00:00+00:00, run_after=2025-09-27 00:00:00+00:00
[2025-09-26T17:12:59.052+0000] {processor.py:208} INFO - Processing /opt/airflow/dags/dag_verify.py took 0.183 seconds
[2025-09-26T17:13:29.898+0000] {processor.py:186} INFO - Started process (PID=547) to work on /opt/airflow/dags/dag_verify.py
[2025-09-26T17:13:29.900+0000] {processor.py:914} INFO - Processing file /opt/airflow/dags/dag_verify.py for tasks to queue
[2025-09-26T17:13:29.903+0000] {logging_mixin.py:190} INFO - [2025-09-26T17:13:29.903+0000] {dagbag.py:588} INFO - Filling up the DagBag from /opt/airflow/dags/dag_verify.py
[2025-09-26T17:13:29.937+0000] {processor.py:925} INFO - DAG(s) 'dag_verify' retrieved from /opt/airflow/dags/dag_verify.py
[2025-09-26T17:13:29.974+0000] {logging_mixin.py:190} INFO - [2025-09-26T17:13:29.974+0000] {dag.py:3239} INFO - Sync 1 DAGs
[2025-09-26T17:13:30.020+0000] {logging_mixin.py:190} INFO - [2025-09-26T17:13:30.020+0000] {dag.py:4180} INFO - Setting next_dagrun for dag_verify to 2025-09-26 00:00:00+00:00, run_after=2025-09-27 00:00:00+00:00
[2025-09-26T17:13:30.084+0000] {processor.py:208} INFO - Processing /opt/airflow/dags/dag_verify.py took 0.196 seconds
[2025-09-26T17:14:00.177+0000] {processor.py:186} INFO - Started process (PID=573) to work on /opt/airflow/dags/dag_verify.py
[2025-09-26T17:14:00.179+0000] {processor.py:914} INFO - Processing file /opt/airflow/dags/dag_verify.py for tasks to queue
[2025-09-26T17:14:00.184+0000] {logging_mixin.py:190} INFO - [2025-09-26T17:14:00.183+0000] {dagbag.py:588} INFO - Filling up the DagBag from /opt/airflow/dags/dag_verify.py
[2025-09-26T17:14:00.214+0000] {processor.py:925} INFO - DAG(s) 'dag_verify' retrieved from /opt/airflow/dags/dag_verify.py
[2025-09-26T17:14:00.250+0000] {logging_mixin.py:190} INFO - [2025-09-26T17:14:00.250+0000] {dag.py:3239} INFO - Sync 1 DAGs
[2025-09-26T17:14:00.298+0000] {logging_mixin.py:190} INFO - [2025-09-26T17:14:00.297+0000] {dag.py:4180} INFO - Setting next_dagrun for dag_verify to 2025-09-26 00:00:00+00:00, run_after=2025-09-27 00:00:00+00:00
[2025-09-26T17:14:00.370+0000] {processor.py:208} INFO - Processing /opt/airflow/dags/dag_verify.py took 0.201 seconds
[2025-09-26T17:14:31.104+0000] {processor.py:186} INFO - Started process (PID=599) to work on /opt/airflow/dags/dag_verify.py
[2025-09-26T17:14:31.106+0000] {processor.py:914} INFO - Processing file /opt/airflow/dags/dag_verify.py for tasks to queue
[2025-09-26T17:14:31.110+0000] {logging_mixin.py:190} INFO - [2025-09-26T17:14:31.109+0000] {dagbag.py:588} INFO - Filling up the DagBag from /opt/airflow/dags/dag_verify.py
[2025-09-26T17:14:31.143+0000] {processor.py:925} INFO - DAG(s) 'dag_verify' retrieved from /opt/airflow/dags/dag_verify.py
[2025-09-26T17:14:31.183+0000] {logging_mixin.py:190} INFO - [2025-09-26T17:14:31.183+0000] {dag.py:3239} INFO - Sync 1 DAGs
[2025-09-26T17:14:31.230+0000] {logging_mixin.py:190} INFO - [2025-09-26T17:14:31.229+0000] {dag.py:4180} INFO - Setting next_dagrun for dag_verify to 2025-09-26 00:00:00+00:00, run_after=2025-09-27 00:00:00+00:00
[2025-09-26T17:14:31.300+0000] {processor.py:208} INFO - Processing /opt/airflow/dags/dag_verify.py took 0.207 seconds
[2025-09-26T17:15:02.158+0000] {processor.py:186} INFO - Started process (PID=625) to work on /opt/airflow/dags/dag_verify.py
[2025-09-26T17:15:02.160+0000] {processor.py:914} INFO - Processing file /opt/airflow/dags/dag_verify.py for tasks to queue
[2025-09-26T17:15:02.164+0000] {logging_mixin.py:190} INFO - [2025-09-26T17:15:02.163+0000] {dagbag.py:588} INFO - Filling up the DagBag from /opt/airflow/dags/dag_verify.py
[2025-09-26T17:15:02.197+0000] {processor.py:925} INFO - DAG(s) 'dag_verify' retrieved from /opt/airflow/dags/dag_verify.py
[2025-09-26T17:15:02.233+0000] {logging_mixin.py:190} INFO - [2025-09-26T17:15:02.232+0000] {dag.py:3239} INFO - Sync 1 DAGs
[2025-09-26T17:15:02.280+0000] {logging_mixin.py:190} INFO - [2025-09-26T17:15:02.280+0000] {dag.py:4180} INFO - Setting next_dagrun for dag_verify to 2025-09-26 00:00:00+00:00, run_after=2025-09-27 00:00:00+00:00
[2025-09-26T17:15:02.352+0000] {processor.py:208} INFO - Processing /opt/airflow/dags/dag_verify.py took 0.203 seconds
[2025-09-26T17:15:32.875+0000] {processor.py:186} INFO - Started process (PID=649) to work on /opt/airflow/dags/dag_verify.py
[2025-09-26T17:15:32.876+0000] {processor.py:914} INFO - Processing file /opt/airflow/dags/dag_verify.py for tasks to queue
[2025-09-26T17:15:32.882+0000] {logging_mixin.py:190} INFO - [2025-09-26T17:15:32.882+0000] {dagbag.py:588} INFO - Filling up the DagBag from /opt/airflow/dags/dag_verify.py
[2025-09-26T17:15:32.918+0000] {processor.py:925} INFO - DAG(s) 'dag_verify' retrieved from /opt/airflow/dags/dag_verify.py
[2025-09-26T17:15:32.956+0000] {logging_mixin.py:190} INFO - [2025-09-26T17:15:32.955+0000] {dag.py:3239} INFO - Sync 1 DAGs
[2025-09-26T17:15:33.000+0000] {logging_mixin.py:190} INFO - [2025-09-26T17:15:33.000+0000] {dag.py:4180} INFO - Setting next_dagrun for dag_verify to 2025-09-26 00:00:00+00:00, run_after=2025-09-27 00:00:00+00:00
[2025-09-26T17:15:33.031+0000] {processor.py:208} INFO - Processing /opt/airflow/dags/dag_verify.py took 0.174 seconds
[2025-09-26T17:16:03.932+0000] {processor.py:186} INFO - Started process (PID=678) to work on /opt/airflow/dags/dag_verify.py
[2025-09-26T17:16:03.934+0000] {processor.py:914} INFO - Processing file /opt/airflow/dags/dag_verify.py for tasks to queue
[2025-09-26T17:16:03.937+0000] {logging_mixin.py:190} INFO - [2025-09-26T17:16:03.937+0000] {dagbag.py:588} INFO - Filling up the DagBag from /opt/airflow/dags/dag_verify.py
[2025-09-26T17:16:03.974+0000] {processor.py:925} INFO - DAG(s) 'dag_verify' retrieved from /opt/airflow/dags/dag_verify.py
[2025-09-26T17:16:04.010+0000] {logging_mixin.py:190} INFO - [2025-09-26T17:16:04.010+0000] {dag.py:3239} INFO - Sync 1 DAGs
[2025-09-26T17:16:04.060+0000] {logging_mixin.py:190} INFO - [2025-09-26T17:16:04.059+0000] {dag.py:4180} INFO - Setting next_dagrun for dag_verify to 2025-09-26 00:00:00+00:00, run_after=2025-09-27 00:00:00+00:00
[2025-09-26T17:16:04.105+0000] {processor.py:208} INFO - Processing /opt/airflow/dags/dag_verify.py took 0.182 seconds
[2025-09-26T17:16:34.697+0000] {processor.py:186} INFO - Started process (PID=702) to work on /opt/airflow/dags/dag_verify.py
[2025-09-26T17:16:34.699+0000] {processor.py:914} INFO - Processing file /opt/airflow/dags/dag_verify.py for tasks to queue
[2025-09-26T17:16:34.704+0000] {logging_mixin.py:190} INFO - [2025-09-26T17:16:34.703+0000] {dagbag.py:588} INFO - Filling up the DagBag from /opt/airflow/dags/dag_verify.py
[2025-09-26T17:16:34.746+0000] {processor.py:925} INFO - DAG(s) 'dag_verify' retrieved from /opt/airflow/dags/dag_verify.py
[2025-09-26T17:16:34.793+0000] {logging_mixin.py:190} INFO - [2025-09-26T17:16:34.793+0000] {dag.py:3239} INFO - Sync 1 DAGs
[2025-09-26T17:16:34.853+0000] {logging_mixin.py:190} INFO - [2025-09-26T17:16:34.852+0000] {dag.py:4180} INFO - Setting next_dagrun for dag_verify to 2025-09-26 00:00:00+00:00, run_after=2025-09-27 00:00:00+00:00
[2025-09-26T17:16:34.894+0000] {processor.py:208} INFO - Processing /opt/airflow/dags/dag_verify.py took 0.208 seconds
[2025-09-26T17:17:05.698+0000] {processor.py:186} INFO - Started process (PID=730) to work on /opt/airflow/dags/dag_verify.py
[2025-09-26T17:17:05.700+0000] {processor.py:914} INFO - Processing file /opt/airflow/dags/dag_verify.py for tasks to queue
[2025-09-26T17:17:05.704+0000] {logging_mixin.py:190} INFO - [2025-09-26T17:17:05.703+0000] {dagbag.py:588} INFO - Filling up the DagBag from /opt/airflow/dags/dag_verify.py
[2025-09-26T17:17:05.735+0000] {processor.py:925} INFO - DAG(s) 'dag_verify' retrieved from /opt/airflow/dags/dag_verify.py
[2025-09-26T17:17:05.780+0000] {logging_mixin.py:190} INFO - [2025-09-26T17:17:05.780+0000] {dag.py:3239} INFO - Sync 1 DAGs
[2025-09-26T17:17:05.836+0000] {logging_mixin.py:190} INFO - [2025-09-26T17:17:05.836+0000] {dag.py:4180} INFO - Setting next_dagrun for dag_verify to 2025-09-26 00:00:00+00:00, run_after=2025-09-27 00:00:00+00:00
[2025-09-26T17:17:05.873+0000] {processor.py:208} INFO - Processing /opt/airflow/dags/dag_verify.py took 0.185 seconds
[2025-09-26T17:17:36.486+0000] {processor.py:186} INFO - Started process (PID=760) to work on /opt/airflow/dags/dag_verify.py
[2025-09-26T17:17:36.488+0000] {processor.py:914} INFO - Processing file /opt/airflow/dags/dag_verify.py for tasks to queue
[2025-09-26T17:17:36.492+0000] {logging_mixin.py:190} INFO - [2025-09-26T17:17:36.491+0000] {dagbag.py:588} INFO - Filling up the DagBag from /opt/airflow/dags/dag_verify.py
[2025-09-26T17:17:36.526+0000] {processor.py:925} INFO - DAG(s) 'dag_verify' retrieved from /opt/airflow/dags/dag_verify.py
[2025-09-26T17:17:36.562+0000] {logging_mixin.py:190} INFO - [2025-09-26T17:17:36.562+0000] {dag.py:3239} INFO - Sync 1 DAGs
[2025-09-26T17:17:36.602+0000] {logging_mixin.py:190} INFO - [2025-09-26T17:17:36.601+0000] {dag.py:4180} INFO - Setting next_dagrun for dag_verify to 2025-09-26 00:00:00+00:00, run_after=2025-09-27 00:00:00+00:00
[2025-09-26T17:17:36.634+0000] {processor.py:208} INFO - Processing /opt/airflow/dags/dag_verify.py took 0.160 seconds
[2025-09-26T17:18:07.223+0000] {processor.py:186} INFO - Started process (PID=787) to work on /opt/airflow/dags/dag_verify.py
[2025-09-26T17:18:07.224+0000] {processor.py:914} INFO - Processing file /opt/airflow/dags/dag_verify.py for tasks to queue
[2025-09-26T17:18:07.227+0000] {logging_mixin.py:190} INFO - [2025-09-26T17:18:07.227+0000] {dagbag.py:588} INFO - Filling up the DagBag from /opt/airflow/dags/dag_verify.py
[2025-09-26T17:18:07.258+0000] {processor.py:925} INFO - DAG(s) 'dag_verify' retrieved from /opt/airflow/dags/dag_verify.py
[2025-09-26T17:18:07.291+0000] {logging_mixin.py:190} INFO - [2025-09-26T17:18:07.290+0000] {dag.py:3239} INFO - Sync 1 DAGs
[2025-09-26T17:18:07.331+0000] {logging_mixin.py:190} INFO - [2025-09-26T17:18:07.330+0000] {dag.py:4180} INFO - Setting next_dagrun for dag_verify to 2025-09-26 00:00:00+00:00, run_after=2025-09-27 00:00:00+00:00
[2025-09-26T17:18:07.361+0000] {processor.py:208} INFO - Processing /opt/airflow/dags/dag_verify.py took 0.147 seconds
[2025-09-26T17:18:38.391+0000] {processor.py:186} INFO - Started process (PID=815) to work on /opt/airflow/dags/dag_verify.py
[2025-09-26T17:18:38.392+0000] {processor.py:914} INFO - Processing file /opt/airflow/dags/dag_verify.py for tasks to queue
[2025-09-26T17:18:38.396+0000] {logging_mixin.py:190} INFO - [2025-09-26T17:18:38.395+0000] {dagbag.py:588} INFO - Filling up the DagBag from /opt/airflow/dags/dag_verify.py
[2025-09-26T17:18:38.426+0000] {processor.py:925} INFO - DAG(s) 'dag_verify' retrieved from /opt/airflow/dags/dag_verify.py
[2025-09-26T17:18:38.463+0000] {logging_mixin.py:190} INFO - [2025-09-26T17:18:38.463+0000] {dag.py:3239} INFO - Sync 1 DAGs
[2025-09-26T17:18:38.503+0000] {logging_mixin.py:190} INFO - [2025-09-26T17:18:38.502+0000] {dag.py:4180} INFO - Setting next_dagrun for dag_verify to 2025-09-26 00:00:00+00:00, run_after=2025-09-27 00:00:00+00:00
[2025-09-26T17:18:38.570+0000] {processor.py:208} INFO - Processing /opt/airflow/dags/dag_verify.py took 0.189 seconds
[2025-09-26T17:19:09.263+0000] {processor.py:186} INFO - Started process (PID=841) to work on /opt/airflow/dags/dag_verify.py
[2025-09-26T17:19:09.265+0000] {processor.py:914} INFO - Processing file /opt/airflow/dags/dag_verify.py for tasks to queue
[2025-09-26T17:19:09.268+0000] {logging_mixin.py:190} INFO - [2025-09-26T17:19:09.268+0000] {dagbag.py:588} INFO - Filling up the DagBag from /opt/airflow/dags/dag_verify.py
[2025-09-26T17:19:09.302+0000] {processor.py:925} INFO - DAG(s) 'dag_verify' retrieved from /opt/airflow/dags/dag_verify.py
[2025-09-26T17:19:09.340+0000] {logging_mixin.py:190} INFO - [2025-09-26T17:19:09.339+0000] {dag.py:3239} INFO - Sync 1 DAGs
[2025-09-26T17:19:09.383+0000] {logging_mixin.py:190} INFO - [2025-09-26T17:19:09.383+0000] {dag.py:4180} INFO - Setting next_dagrun for dag_verify to 2025-09-26 00:00:00+00:00, run_after=2025-09-27 00:00:00+00:00
[2025-09-26T17:19:09.432+0000] {processor.py:208} INFO - Processing /opt/airflow/dags/dag_verify.py took 0.178 seconds
[2025-09-26T17:19:40.326+0000] {processor.py:186} INFO - Started process (PID=867) to work on /opt/airflow/dags/dag_verify.py
[2025-09-26T17:19:40.328+0000] {processor.py:914} INFO - Processing file /opt/airflow/dags/dag_verify.py for tasks to queue
[2025-09-26T17:19:40.332+0000] {logging_mixin.py:190} INFO - [2025-09-26T17:19:40.332+0000] {dagbag.py:588} INFO - Filling up the DagBag from /opt/airflow/dags/dag_verify.py
[2025-09-26T17:19:40.364+0000] {processor.py:925} INFO - DAG(s) 'dag_verify' retrieved from /opt/airflow/dags/dag_verify.py
[2025-09-26T17:19:40.400+0000] {logging_mixin.py:190} INFO - [2025-09-26T17:19:40.400+0000] {dag.py:3239} INFO - Sync 1 DAGs
[2025-09-26T17:19:40.439+0000] {logging_mixin.py:190} INFO - [2025-09-26T17:19:40.439+0000] {dag.py:4180} INFO - Setting next_dagrun for dag_verify to 2025-09-26 00:00:00+00:00, run_after=2025-09-27 00:00:00+00:00
[2025-09-26T17:19:40.471+0000] {processor.py:208} INFO - Processing /opt/airflow/dags/dag_verify.py took 0.154 seconds
[2025-09-26T17:20:11.332+0000] {processor.py:186} INFO - Started process (PID=893) to work on /opt/airflow/dags/dag_verify.py
[2025-09-26T17:20:11.334+0000] {processor.py:914} INFO - Processing file /opt/airflow/dags/dag_verify.py for tasks to queue
[2025-09-26T17:20:11.337+0000] {logging_mixin.py:190} INFO - [2025-09-26T17:20:11.336+0000] {dagbag.py:588} INFO - Filling up the DagBag from /opt/airflow/dags/dag_verify.py
[2025-09-26T17:20:11.370+0000] {processor.py:925} INFO - DAG(s) 'dag_verify' retrieved from /opt/airflow/dags/dag_verify.py
[2025-09-26T17:20:11.408+0000] {logging_mixin.py:190} INFO - [2025-09-26T17:20:11.407+0000] {dag.py:3239} INFO - Sync 1 DAGs
[2025-09-26T17:20:11.458+0000] {logging_mixin.py:190} INFO - [2025-09-26T17:20:11.458+0000] {dag.py:4180} INFO - Setting next_dagrun for dag_verify to 2025-09-26 00:00:00+00:00, run_after=2025-09-27 00:00:00+00:00
[2025-09-26T17:20:11.493+0000] {processor.py:208} INFO - Processing /opt/airflow/dags/dag_verify.py took 0.174 seconds
[2025-09-26T17:20:42.259+0000] {processor.py:186} INFO - Started process (PID=917) to work on /opt/airflow/dags/dag_verify.py
[2025-09-26T17:20:42.261+0000] {processor.py:914} INFO - Processing file /opt/airflow/dags/dag_verify.py for tasks to queue
[2025-09-26T17:20:42.265+0000] {logging_mixin.py:190} INFO - [2025-09-26T17:20:42.264+0000] {dagbag.py:588} INFO - Filling up the DagBag from /opt/airflow/dags/dag_verify.py
[2025-09-26T17:20:42.298+0000] {processor.py:925} INFO - DAG(s) 'dag_verify' retrieved from /opt/airflow/dags/dag_verify.py
[2025-09-26T17:20:42.337+0000] {logging_mixin.py:190} INFO - [2025-09-26T17:20:42.336+0000] {dag.py:3239} INFO - Sync 1 DAGs
[2025-09-26T17:20:42.383+0000] {logging_mixin.py:190} INFO - [2025-09-26T17:20:42.383+0000] {dag.py:4180} INFO - Setting next_dagrun for dag_verify to 2025-09-26 00:00:00+00:00, run_after=2025-09-27 00:00:00+00:00
[2025-09-26T17:20:42.443+0000] {processor.py:208} INFO - Processing /opt/airflow/dags/dag_verify.py took 0.193 seconds
[2025-09-26T17:21:13.116+0000] {processor.py:186} INFO - Started process (PID=945) to work on /opt/airflow/dags/dag_verify.py
[2025-09-26T17:21:13.118+0000] {processor.py:914} INFO - Processing file /opt/airflow/dags/dag_verify.py for tasks to queue
[2025-09-26T17:21:13.122+0000] {logging_mixin.py:190} INFO - [2025-09-26T17:21:13.122+0000] {dagbag.py:588} INFO - Filling up the DagBag from /opt/airflow/dags/dag_verify.py
[2025-09-26T17:21:13.160+0000] {processor.py:925} INFO - DAG(s) 'dag_verify' retrieved from /opt/airflow/dags/dag_verify.py
[2025-09-26T17:21:13.200+0000] {logging_mixin.py:190} INFO - [2025-09-26T17:21:13.199+0000] {dag.py:3239} INFO - Sync 1 DAGs
[2025-09-26T17:21:13.247+0000] {logging_mixin.py:190} INFO - [2025-09-26T17:21:13.247+0000] {dag.py:4180} INFO - Setting next_dagrun for dag_verify to 2025-09-26 00:00:00+00:00, run_after=2025-09-27 00:00:00+00:00
[2025-09-26T17:21:13.281+0000] {processor.py:208} INFO - Processing /opt/airflow/dags/dag_verify.py took 0.176 seconds
[2025-09-26T17:21:44.173+0000] {processor.py:186} INFO - Started process (PID=971) to work on /opt/airflow/dags/dag_verify.py
[2025-09-26T17:21:44.175+0000] {processor.py:914} INFO - Processing file /opt/airflow/dags/dag_verify.py for tasks to queue
[2025-09-26T17:21:44.179+0000] {logging_mixin.py:190} INFO - [2025-09-26T17:21:44.178+0000] {dagbag.py:588} INFO - Filling up the DagBag from /opt/airflow/dags/dag_verify.py
[2025-09-26T17:21:44.211+0000] {processor.py:925} INFO - DAG(s) 'dag_verify' retrieved from /opt/airflow/dags/dag_verify.py
[2025-09-26T17:21:44.247+0000] {logging_mixin.py:190} INFO - [2025-09-26T17:21:44.247+0000] {dag.py:3239} INFO - Sync 1 DAGs
[2025-09-26T17:21:44.291+0000] {logging_mixin.py:190} INFO - [2025-09-26T17:21:44.291+0000] {dag.py:4180} INFO - Setting next_dagrun for dag_verify to 2025-09-26 00:00:00+00:00, run_after=2025-09-27 00:00:00+00:00
[2025-09-26T17:21:44.362+0000] {processor.py:208} INFO - Processing /opt/airflow/dags/dag_verify.py took 0.201 seconds
[2025-09-26T17:22:15.286+0000] {processor.py:186} INFO - Started process (PID=1003) to work on /opt/airflow/dags/dag_verify.py
[2025-09-26T17:22:15.289+0000] {processor.py:914} INFO - Processing file /opt/airflow/dags/dag_verify.py for tasks to queue
[2025-09-26T17:22:15.294+0000] {logging_mixin.py:190} INFO - [2025-09-26T17:22:15.293+0000] {dagbag.py:588} INFO - Filling up the DagBag from /opt/airflow/dags/dag_verify.py
[2025-09-26T17:22:15.341+0000] {processor.py:925} INFO - DAG(s) 'dag_verify' retrieved from /opt/airflow/dags/dag_verify.py
[2025-09-26T17:22:15.386+0000] {logging_mixin.py:190} INFO - [2025-09-26T17:22:15.386+0000] {dag.py:3239} INFO - Sync 1 DAGs
[2025-09-26T17:22:15.433+0000] {logging_mixin.py:190} INFO - [2025-09-26T17:22:15.432+0000] {dag.py:4180} INFO - Setting next_dagrun for dag_verify to 2025-09-26 00:00:00+00:00, run_after=2025-09-27 00:00:00+00:00
[2025-09-26T17:22:15.464+0000] {processor.py:208} INFO - Processing /opt/airflow/dags/dag_verify.py took 0.192 seconds
[2025-09-26T17:22:46.203+0000] {processor.py:186} INFO - Started process (PID=1029) to work on /opt/airflow/dags/dag_verify.py
[2025-09-26T17:22:46.205+0000] {processor.py:914} INFO - Processing file /opt/airflow/dags/dag_verify.py for tasks to queue
[2025-09-26T17:22:46.210+0000] {logging_mixin.py:190} INFO - [2025-09-26T17:22:46.209+0000] {dagbag.py:588} INFO - Filling up the DagBag from /opt/airflow/dags/dag_verify.py
[2025-09-26T17:22:46.241+0000] {processor.py:925} INFO - DAG(s) 'dag_verify' retrieved from /opt/airflow/dags/dag_verify.py
[2025-09-26T17:22:46.289+0000] {logging_mixin.py:190} INFO - [2025-09-26T17:22:46.289+0000] {dag.py:3239} INFO - Sync 1 DAGs
[2025-09-26T17:22:46.340+0000] {logging_mixin.py:190} INFO - [2025-09-26T17:22:46.340+0000] {dag.py:4180} INFO - Setting next_dagrun for dag_verify to 2025-09-26 00:00:00+00:00, run_after=2025-09-27 00:00:00+00:00
[2025-09-26T17:22:46.404+0000] {processor.py:208} INFO - Processing /opt/airflow/dags/dag_verify.py took 0.211 seconds
[2025-09-26T17:23:16.583+0000] {processor.py:186} INFO - Started process (PID=1055) to work on /opt/airflow/dags/dag_verify.py
[2025-09-26T17:23:16.585+0000] {processor.py:914} INFO - Processing file /opt/airflow/dags/dag_verify.py for tasks to queue
[2025-09-26T17:23:16.590+0000] {logging_mixin.py:190} INFO - [2025-09-26T17:23:16.590+0000] {dagbag.py:588} INFO - Filling up the DagBag from /opt/airflow/dags/dag_verify.py
[2025-09-26T17:23:16.622+0000] {processor.py:925} INFO - DAG(s) 'dag_verify' retrieved from /opt/airflow/dags/dag_verify.py
[2025-09-26T17:23:16.660+0000] {logging_mixin.py:190} INFO - [2025-09-26T17:23:16.659+0000] {dag.py:3239} INFO - Sync 1 DAGs
[2025-09-26T17:23:16.703+0000] {logging_mixin.py:190} INFO - [2025-09-26T17:23:16.703+0000] {dag.py:4180} INFO - Setting next_dagrun for dag_verify to 2025-09-26 00:00:00+00:00, run_after=2025-09-27 00:00:00+00:00
[2025-09-26T17:23:16.736+0000] {processor.py:208} INFO - Processing /opt/airflow/dags/dag_verify.py took 0.162 seconds
[2025-09-26T17:23:47.399+0000] {processor.py:186} INFO - Started process (PID=1079) to work on /opt/airflow/dags/dag_verify.py
[2025-09-26T17:23:47.400+0000] {processor.py:914} INFO - Processing file /opt/airflow/dags/dag_verify.py for tasks to queue
[2025-09-26T17:23:47.403+0000] {logging_mixin.py:190} INFO - [2025-09-26T17:23:47.403+0000] {dagbag.py:588} INFO - Filling up the DagBag from /opt/airflow/dags/dag_verify.py
[2025-09-26T17:23:47.438+0000] {processor.py:925} INFO - DAG(s) 'dag_verify' retrieved from /opt/airflow/dags/dag_verify.py
[2025-09-26T17:23:47.491+0000] {logging_mixin.py:190} INFO - [2025-09-26T17:23:47.491+0000] {dag.py:3239} INFO - Sync 1 DAGs
[2025-09-26T17:23:47.534+0000] {logging_mixin.py:190} INFO - [2025-09-26T17:23:47.534+0000] {dag.py:4180} INFO - Setting next_dagrun for dag_verify to 2025-09-26 00:00:00+00:00, run_after=2025-09-27 00:00:00+00:00
[2025-09-26T17:23:47.569+0000] {processor.py:208} INFO - Processing /opt/airflow/dags/dag_verify.py took 0.180 seconds
[2025-09-26T17:24:18.389+0000] {processor.py:186} INFO - Started process (PID=1105) to work on /opt/airflow/dags/dag_verify.py
[2025-09-26T17:24:18.390+0000] {processor.py:914} INFO - Processing file /opt/airflow/dags/dag_verify.py for tasks to queue
[2025-09-26T17:24:18.394+0000] {logging_mixin.py:190} INFO - [2025-09-26T17:24:18.394+0000] {dagbag.py:588} INFO - Filling up the DagBag from /opt/airflow/dags/dag_verify.py
[2025-09-26T17:24:18.434+0000] {processor.py:925} INFO - DAG(s) 'dag_verify' retrieved from /opt/airflow/dags/dag_verify.py
[2025-09-26T17:24:18.483+0000] {logging_mixin.py:190} INFO - [2025-09-26T17:24:18.482+0000] {dag.py:3239} INFO - Sync 1 DAGs
[2025-09-26T17:24:18.531+0000] {logging_mixin.py:190} INFO - [2025-09-26T17:24:18.530+0000] {dag.py:4180} INFO - Setting next_dagrun for dag_verify to 2025-09-26 00:00:00+00:00, run_after=2025-09-27 00:00:00+00:00
[2025-09-26T17:24:18.568+0000] {processor.py:208} INFO - Processing /opt/airflow/dags/dag_verify.py took 0.188 seconds
[2025-09-26T17:24:49.568+0000] {processor.py:186} INFO - Started process (PID=1131) to work on /opt/airflow/dags/dag_verify.py
[2025-09-26T17:24:49.569+0000] {processor.py:914} INFO - Processing file /opt/airflow/dags/dag_verify.py for tasks to queue
[2025-09-26T17:24:49.574+0000] {logging_mixin.py:190} INFO - [2025-09-26T17:24:49.573+0000] {dagbag.py:588} INFO - Filling up the DagBag from /opt/airflow/dags/dag_verify.py
[2025-09-26T17:24:49.604+0000] {processor.py:925} INFO - DAG(s) 'dag_verify' retrieved from /opt/airflow/dags/dag_verify.py
[2025-09-26T17:24:49.645+0000] {logging_mixin.py:190} INFO - [2025-09-26T17:24:49.644+0000] {dag.py:3239} INFO - Sync 1 DAGs
[2025-09-26T17:24:49.702+0000] {logging_mixin.py:190} INFO - [2025-09-26T17:24:49.701+0000] {dag.py:4180} INFO - Setting next_dagrun for dag_verify to 2025-09-26 00:00:00+00:00, run_after=2025-09-27 00:00:00+00:00
[2025-09-26T17:24:49.757+0000] {processor.py:208} INFO - Processing /opt/airflow/dags/dag_verify.py took 0.198 seconds
[2025-09-26T17:25:18.365+0000] {processor.py:186} INFO - Started process (PID=1159) to work on /opt/airflow/dags/dag_verify.py
[2025-09-26T17:25:18.367+0000] {processor.py:914} INFO - Processing file /opt/airflow/dags/dag_verify.py for tasks to queue
[2025-09-26T17:25:18.370+0000] {logging_mixin.py:190} INFO - [2025-09-26T17:25:18.370+0000] {dagbag.py:588} INFO - Filling up the DagBag from /opt/airflow/dags/dag_verify.py
[2025-09-26T17:25:18.401+0000] {processor.py:925} INFO - DAG(s) 'dag_verify' retrieved from /opt/airflow/dags/dag_verify.py
[2025-09-26T17:25:18.438+0000] {logging_mixin.py:190} INFO - [2025-09-26T17:25:18.438+0000] {dag.py:3239} INFO - Sync 1 DAGs
[2025-09-26T17:25:18.479+0000] {logging_mixin.py:190} INFO - [2025-09-26T17:25:18.478+0000] {dag.py:4180} INFO - Setting next_dagrun for dag_verify to 2025-09-26 00:00:00+00:00, run_after=2025-09-27 00:00:00+00:00
[2025-09-26T17:25:18.540+0000] {processor.py:208} INFO - Processing /opt/airflow/dags/dag_verify.py took 0.184 seconds
[2025-09-26T17:25:49.116+0000] {processor.py:186} INFO - Started process (PID=1183) to work on /opt/airflow/dags/dag_verify.py
[2025-09-26T17:25:49.117+0000] {processor.py:914} INFO - Processing file /opt/airflow/dags/dag_verify.py for tasks to queue
[2025-09-26T17:25:49.121+0000] {logging_mixin.py:190} INFO - [2025-09-26T17:25:49.121+0000] {dagbag.py:588} INFO - Filling up the DagBag from /opt/airflow/dags/dag_verify.py
[2025-09-26T17:25:49.152+0000] {processor.py:925} INFO - DAG(s) 'dag_verify' retrieved from /opt/airflow/dags/dag_verify.py
[2025-09-26T17:25:49.187+0000] {logging_mixin.py:190} INFO - [2025-09-26T17:25:49.186+0000] {dag.py:3239} INFO - Sync 1 DAGs
[2025-09-26T17:25:49.229+0000] {logging_mixin.py:190} INFO - [2025-09-26T17:25:49.229+0000] {dag.py:4180} INFO - Setting next_dagrun for dag_verify to 2025-09-26 00:00:00+00:00, run_after=2025-09-27 00:00:00+00:00
[2025-09-26T17:25:49.262+0000] {processor.py:208} INFO - Processing /opt/airflow/dags/dag_verify.py took 0.156 seconds
[2025-09-26T17:26:20.134+0000] {processor.py:186} INFO - Started process (PID=1211) to work on /opt/airflow/dags/dag_verify.py
[2025-09-26T17:26:20.136+0000] {processor.py:914} INFO - Processing file /opt/airflow/dags/dag_verify.py for tasks to queue
[2025-09-26T17:26:20.140+0000] {logging_mixin.py:190} INFO - [2025-09-26T17:26:20.140+0000] {dagbag.py:588} INFO - Filling up the DagBag from /opt/airflow/dags/dag_verify.py
[2025-09-26T17:26:20.172+0000] {processor.py:925} INFO - DAG(s) 'dag_verify' retrieved from /opt/airflow/dags/dag_verify.py
[2025-09-26T17:26:20.213+0000] {logging_mixin.py:190} INFO - [2025-09-26T17:26:20.213+0000] {dag.py:3239} INFO - Sync 1 DAGs
[2025-09-26T17:26:20.254+0000] {logging_mixin.py:190} INFO - [2025-09-26T17:26:20.254+0000] {dag.py:4180} INFO - Setting next_dagrun for dag_verify to 2025-09-26 00:00:00+00:00, run_after=2025-09-27 00:00:00+00:00
[2025-09-26T17:26:20.309+0000] {processor.py:208} INFO - Processing /opt/airflow/dags/dag_verify.py took 0.184 seconds
[2025-09-26T17:26:50.585+0000] {processor.py:186} INFO - Started process (PID=1237) to work on /opt/airflow/dags/dag_verify.py
[2025-09-26T17:26:50.586+0000] {processor.py:914} INFO - Processing file /opt/airflow/dags/dag_verify.py for tasks to queue
[2025-09-26T17:26:50.590+0000] {logging_mixin.py:190} INFO - [2025-09-26T17:26:50.590+0000] {dagbag.py:588} INFO - Filling up the DagBag from /opt/airflow/dags/dag_verify.py
[2025-09-26T17:26:50.624+0000] {processor.py:925} INFO - DAG(s) 'dag_verify' retrieved from /opt/airflow/dags/dag_verify.py
[2025-09-26T17:26:50.663+0000] {logging_mixin.py:190} INFO - [2025-09-26T17:26:50.662+0000] {dag.py:3239} INFO - Sync 1 DAGs
[2025-09-26T17:26:50.707+0000] {logging_mixin.py:190} INFO - [2025-09-26T17:26:50.706+0000] {dag.py:4180} INFO - Setting next_dagrun for dag_verify to 2025-09-26 00:00:00+00:00, run_after=2025-09-27 00:00:00+00:00
[2025-09-26T17:26:50.742+0000] {processor.py:208} INFO - Processing /opt/airflow/dags/dag_verify.py took 0.167 seconds
[2025-09-26T17:27:22.216+0000] {processor.py:186} INFO - Started process (PID=1263) to work on /opt/airflow/dags/dag_verify.py
[2025-09-26T17:27:22.219+0000] {processor.py:914} INFO - Processing file /opt/airflow/dags/dag_verify.py for tasks to queue
[2025-09-26T17:27:22.225+0000] {logging_mixin.py:190} INFO - [2025-09-26T17:27:22.224+0000] {dagbag.py:588} INFO - Filling up the DagBag from /opt/airflow/dags/dag_verify.py
[2025-09-26T17:27:22.528+0000] {processor.py:925} INFO - DAG(s) 'dag_verify' retrieved from /opt/airflow/dags/dag_verify.py
[2025-09-26T17:27:22.596+0000] {logging_mixin.py:190} INFO - [2025-09-26T17:27:22.595+0000] {dag.py:3239} INFO - Sync 1 DAGs
[2025-09-26T17:27:22.683+0000] {logging_mixin.py:190} INFO - [2025-09-26T17:27:22.682+0000] {dag.py:4180} INFO - Setting next_dagrun for dag_verify to 2025-09-26 00:00:00+00:00, run_after=2025-09-27 00:00:00+00:00
[2025-09-26T17:27:22.722+0000] {processor.py:208} INFO - Processing /opt/airflow/dags/dag_verify.py took 0.528 seconds
[2025-09-26T17:27:53.336+0000] {processor.py:186} INFO - Started process (PID=1296) to work on /opt/airflow/dags/dag_verify.py
[2025-09-26T17:27:53.338+0000] {processor.py:914} INFO - Processing file /opt/airflow/dags/dag_verify.py for tasks to queue
[2025-09-26T17:27:53.343+0000] {logging_mixin.py:190} INFO - [2025-09-26T17:27:53.342+0000] {dagbag.py:588} INFO - Filling up the DagBag from /opt/airflow/dags/dag_verify.py
[2025-09-26T17:27:53.373+0000] {processor.py:925} INFO - DAG(s) 'dag_verify' retrieved from /opt/airflow/dags/dag_verify.py
[2025-09-26T17:27:53.409+0000] {logging_mixin.py:190} INFO - [2025-09-26T17:27:53.408+0000] {dag.py:3239} INFO - Sync 1 DAGs
[2025-09-26T17:27:53.453+0000] {logging_mixin.py:190} INFO - [2025-09-26T17:27:53.453+0000] {dag.py:4180} INFO - Setting next_dagrun for dag_verify to 2025-09-26 00:00:00+00:00, run_after=2025-09-27 00:00:00+00:00
[2025-09-26T17:27:53.490+0000] {processor.py:208} INFO - Processing /opt/airflow/dags/dag_verify.py took 0.163 seconds
[2025-09-26T17:28:24.241+0000] {processor.py:186} INFO - Started process (PID=1320) to work on /opt/airflow/dags/dag_verify.py
[2025-09-26T17:28:24.242+0000] {processor.py:914} INFO - Processing file /opt/airflow/dags/dag_verify.py for tasks to queue
[2025-09-26T17:28:24.248+0000] {logging_mixin.py:190} INFO - [2025-09-26T17:28:24.247+0000] {dagbag.py:588} INFO - Filling up the DagBag from /opt/airflow/dags/dag_verify.py
[2025-09-26T17:28:24.293+0000] {processor.py:925} INFO - DAG(s) 'dag_verify' retrieved from /opt/airflow/dags/dag_verify.py
[2025-09-26T17:28:24.364+0000] {logging_mixin.py:190} INFO - [2025-09-26T17:28:24.363+0000] {dag.py:3239} INFO - Sync 1 DAGs
[2025-09-26T17:28:24.456+0000] {logging_mixin.py:190} INFO - [2025-09-26T17:28:24.455+0000] {dag.py:4180} INFO - Setting next_dagrun for dag_verify to 2025-09-26 00:00:00+00:00, run_after=2025-09-27 00:00:00+00:00
[2025-09-26T17:28:24.520+0000] {processor.py:208} INFO - Processing /opt/airflow/dags/dag_verify.py took 0.294 seconds
[2025-09-26T17:28:56.217+0000] {processor.py:186} INFO - Started process (PID=1348) to work on /opt/airflow/dags/dag_verify.py
[2025-09-26T17:28:56.220+0000] {processor.py:914} INFO - Processing file /opt/airflow/dags/dag_verify.py for tasks to queue
[2025-09-26T17:28:56.226+0000] {logging_mixin.py:190} INFO - [2025-09-26T17:28:56.225+0000] {dagbag.py:588} INFO - Filling up the DagBag from /opt/airflow/dags/dag_verify.py
[2025-09-26T17:28:56.282+0000] {processor.py:925} INFO - DAG(s) 'dag_verify' retrieved from /opt/airflow/dags/dag_verify.py
[2025-09-26T17:28:56.338+0000] {logging_mixin.py:190} INFO - [2025-09-26T17:28:56.337+0000] {dag.py:3239} INFO - Sync 1 DAGs
[2025-09-26T17:28:56.432+0000] {logging_mixin.py:190} INFO - [2025-09-26T17:28:56.432+0000] {dag.py:4180} INFO - Setting next_dagrun for dag_verify to 2025-09-26 00:00:00+00:00, run_after=2025-09-27 00:00:00+00:00
[2025-09-26T17:28:56.517+0000] {processor.py:208} INFO - Processing /opt/airflow/dags/dag_verify.py took 0.311 seconds
[2025-09-26T17:29:26.974+0000] {processor.py:186} INFO - Started process (PID=1374) to work on /opt/airflow/dags/dag_verify.py
[2025-09-26T17:29:26.976+0000] {processor.py:914} INFO - Processing file /opt/airflow/dags/dag_verify.py for tasks to queue
[2025-09-26T17:29:26.982+0000] {logging_mixin.py:190} INFO - [2025-09-26T17:29:26.981+0000] {dagbag.py:588} INFO - Filling up the DagBag from /opt/airflow/dags/dag_verify.py
[2025-09-26T17:29:27.040+0000] {processor.py:925} INFO - DAG(s) 'dag_verify' retrieved from /opt/airflow/dags/dag_verify.py
[2025-09-26T17:29:27.099+0000] {logging_mixin.py:190} INFO - [2025-09-26T17:29:27.099+0000] {dag.py:3239} INFO - Sync 1 DAGs
[2025-09-26T17:29:27.169+0000] {logging_mixin.py:190} INFO - [2025-09-26T17:29:27.168+0000] {dag.py:4180} INFO - Setting next_dagrun for dag_verify to 2025-09-26 00:00:00+00:00, run_after=2025-09-27 00:00:00+00:00
[2025-09-26T17:29:27.219+0000] {processor.py:208} INFO - Processing /opt/airflow/dags/dag_verify.py took 0.270 seconds
[2025-09-26T17:29:57.376+0000] {processor.py:186} INFO - Started process (PID=1400) to work on /opt/airflow/dags/dag_verify.py
[2025-09-26T17:29:57.378+0000] {processor.py:914} INFO - Processing file /opt/airflow/dags/dag_verify.py for tasks to queue
[2025-09-26T17:29:57.382+0000] {logging_mixin.py:190} INFO - [2025-09-26T17:29:57.381+0000] {dagbag.py:588} INFO - Filling up the DagBag from /opt/airflow/dags/dag_verify.py
[2025-09-26T17:29:57.419+0000] {processor.py:925} INFO - DAG(s) 'dag_verify' retrieved from /opt/airflow/dags/dag_verify.py
[2025-09-26T17:29:57.468+0000] {logging_mixin.py:190} INFO - [2025-09-26T17:29:57.467+0000] {dag.py:3239} INFO - Sync 1 DAGs
[2025-09-26T17:29:57.531+0000] {logging_mixin.py:190} INFO - [2025-09-26T17:29:57.530+0000] {dag.py:4180} INFO - Setting next_dagrun for dag_verify to 2025-09-26 00:00:00+00:00, run_after=2025-09-27 00:00:00+00:00
[2025-09-26T17:29:57.601+0000] {processor.py:208} INFO - Processing /opt/airflow/dags/dag_verify.py took 0.236 seconds
[2025-09-26T17:30:28.517+0000] {processor.py:186} INFO - Started process (PID=1426) to work on /opt/airflow/dags/dag_verify.py
[2025-09-26T17:30:28.519+0000] {processor.py:914} INFO - Processing file /opt/airflow/dags/dag_verify.py for tasks to queue
[2025-09-26T17:30:28.531+0000] {logging_mixin.py:190} INFO - [2025-09-26T17:30:28.530+0000] {dagbag.py:588} INFO - Filling up the DagBag from /opt/airflow/dags/dag_verify.py
[2025-09-26T17:30:28.599+0000] {processor.py:925} INFO - DAG(s) 'dag_verify' retrieved from /opt/airflow/dags/dag_verify.py
[2025-09-26T17:30:28.669+0000] {logging_mixin.py:190} INFO - [2025-09-26T17:30:28.668+0000] {dag.py:3239} INFO - Sync 1 DAGs
[2025-09-26T17:30:28.770+0000] {logging_mixin.py:190} INFO - [2025-09-26T17:30:28.769+0000] {dag.py:4180} INFO - Setting next_dagrun for dag_verify to 2025-09-26 00:00:00+00:00, run_after=2025-09-27 00:00:00+00:00
[2025-09-26T17:30:28.842+0000] {processor.py:208} INFO - Processing /opt/airflow/dags/dag_verify.py took 0.344 seconds
[2025-09-26T17:30:59.024+0000] {processor.py:186} INFO - Started process (PID=1452) to work on /opt/airflow/dags/dag_verify.py
[2025-09-26T17:30:59.026+0000] {processor.py:914} INFO - Processing file /opt/airflow/dags/dag_verify.py for tasks to queue
[2025-09-26T17:30:59.031+0000] {logging_mixin.py:190} INFO - [2025-09-26T17:30:59.030+0000] {dagbag.py:588} INFO - Filling up the DagBag from /opt/airflow/dags/dag_verify.py
[2025-09-26T17:30:59.065+0000] {processor.py:925} INFO - DAG(s) 'dag_verify' retrieved from /opt/airflow/dags/dag_verify.py
[2025-09-26T17:30:59.118+0000] {logging_mixin.py:190} INFO - [2025-09-26T17:30:59.117+0000] {dag.py:3239} INFO - Sync 1 DAGs
[2025-09-26T17:30:59.177+0000] {logging_mixin.py:190} INFO - [2025-09-26T17:30:59.177+0000] {dag.py:4180} INFO - Setting next_dagrun for dag_verify to 2025-09-26 00:00:00+00:00, run_after=2025-09-27 00:00:00+00:00
[2025-09-26T17:30:59.217+0000] {processor.py:208} INFO - Processing /opt/airflow/dags/dag_verify.py took 0.206 seconds
[2025-09-26T17:31:29.976+0000] {processor.py:186} INFO - Started process (PID=1478) to work on /opt/airflow/dags/dag_verify.py
[2025-09-26T17:31:29.978+0000] {processor.py:914} INFO - Processing file /opt/airflow/dags/dag_verify.py for tasks to queue
[2025-09-26T17:31:29.981+0000] {logging_mixin.py:190} INFO - [2025-09-26T17:31:29.981+0000] {dagbag.py:588} INFO - Filling up the DagBag from /opt/airflow/dags/dag_verify.py
[2025-09-26T17:31:30.017+0000] {processor.py:925} INFO - DAG(s) 'dag_verify' retrieved from /opt/airflow/dags/dag_verify.py
[2025-09-26T17:31:30.056+0000] {logging_mixin.py:190} INFO - [2025-09-26T17:31:30.056+0000] {dag.py:3239} INFO - Sync 1 DAGs
[2025-09-26T17:31:30.099+0000] {logging_mixin.py:190} INFO - [2025-09-26T17:31:30.099+0000] {dag.py:4180} INFO - Setting next_dagrun for dag_verify to 2025-09-26 00:00:00+00:00, run_after=2025-09-27 00:00:00+00:00
[2025-09-26T17:31:30.135+0000] {processor.py:208} INFO - Processing /opt/airflow/dags/dag_verify.py took 0.169 seconds
[2025-09-26T17:32:00.921+0000] {processor.py:186} INFO - Started process (PID=1504) to work on /opt/airflow/dags/dag_verify.py
[2025-09-26T17:32:00.923+0000] {processor.py:914} INFO - Processing file /opt/airflow/dags/dag_verify.py for tasks to queue
[2025-09-26T17:32:00.928+0000] {logging_mixin.py:190} INFO - [2025-09-26T17:32:00.928+0000] {dagbag.py:588} INFO - Filling up the DagBag from /opt/airflow/dags/dag_verify.py
[2025-09-26T17:32:00.960+0000] {processor.py:925} INFO - DAG(s) 'dag_verify' retrieved from /opt/airflow/dags/dag_verify.py
[2025-09-26T17:32:00.998+0000] {logging_mixin.py:190} INFO - [2025-09-26T17:32:00.998+0000] {dag.py:3239} INFO - Sync 1 DAGs
[2025-09-26T17:32:01.042+0000] {logging_mixin.py:190} INFO - [2025-09-26T17:32:01.042+0000] {dag.py:4180} INFO - Setting next_dagrun for dag_verify to 2025-09-26 00:00:00+00:00, run_after=2025-09-27 00:00:00+00:00
[2025-09-26T17:32:01.089+0000] {processor.py:208} INFO - Processing /opt/airflow/dags/dag_verify.py took 0.179 seconds
[2025-09-26T17:32:31.711+0000] {processor.py:186} INFO - Started process (PID=1536) to work on /opt/airflow/dags/dag_verify.py
[2025-09-26T17:32:31.713+0000] {processor.py:914} INFO - Processing file /opt/airflow/dags/dag_verify.py for tasks to queue
[2025-09-26T17:32:31.717+0000] {logging_mixin.py:190} INFO - [2025-09-26T17:32:31.716+0000] {dagbag.py:588} INFO - Filling up the DagBag from /opt/airflow/dags/dag_verify.py
[2025-09-26T17:32:31.749+0000] {processor.py:925} INFO - DAG(s) 'dag_verify' retrieved from /opt/airflow/dags/dag_verify.py
[2025-09-26T17:32:31.786+0000] {logging_mixin.py:190} INFO - [2025-09-26T17:32:31.785+0000] {dag.py:3239} INFO - Sync 1 DAGs
[2025-09-26T17:32:31.831+0000] {logging_mixin.py:190} INFO - [2025-09-26T17:32:31.830+0000] {dag.py:4180} INFO - Setting next_dagrun for dag_verify to 2025-09-26 00:00:00+00:00, run_after=2025-09-27 00:00:00+00:00
[2025-09-26T17:32:31.894+0000] {processor.py:208} INFO - Processing /opt/airflow/dags/dag_verify.py took 0.193 seconds
[2025-09-26T17:33:02.616+0000] {processor.py:186} INFO - Started process (PID=1562) to work on /opt/airflow/dags/dag_verify.py
[2025-09-26T17:33:02.618+0000] {processor.py:914} INFO - Processing file /opt/airflow/dags/dag_verify.py for tasks to queue
[2025-09-26T17:33:02.622+0000] {logging_mixin.py:190} INFO - [2025-09-26T17:33:02.621+0000] {dagbag.py:588} INFO - Filling up the DagBag from /opt/airflow/dags/dag_verify.py
[2025-09-26T17:33:02.654+0000] {processor.py:925} INFO - DAG(s) 'dag_verify' retrieved from /opt/airflow/dags/dag_verify.py
[2025-09-26T17:33:02.694+0000] {logging_mixin.py:190} INFO - [2025-09-26T17:33:02.694+0000] {dag.py:3239} INFO - Sync 1 DAGs
[2025-09-26T17:33:02.735+0000] {logging_mixin.py:190} INFO - [2025-09-26T17:33:02.735+0000] {dag.py:4180} INFO - Setting next_dagrun for dag_verify to 2025-09-26 00:00:00+00:00, run_after=2025-09-27 00:00:00+00:00
[2025-09-26T17:33:02.769+0000] {processor.py:208} INFO - Processing /opt/airflow/dags/dag_verify.py took 0.161 seconds
[2025-09-26T17:33:33.294+0000] {processor.py:186} INFO - Started process (PID=1586) to work on /opt/airflow/dags/dag_verify.py
[2025-09-26T17:33:33.295+0000] {processor.py:914} INFO - Processing file /opt/airflow/dags/dag_verify.py for tasks to queue
[2025-09-26T17:33:33.300+0000] {logging_mixin.py:190} INFO - [2025-09-26T17:33:33.299+0000] {dagbag.py:588} INFO - Filling up the DagBag from /opt/airflow/dags/dag_verify.py
[2025-09-26T17:33:33.334+0000] {processor.py:925} INFO - DAG(s) 'dag_verify' retrieved from /opt/airflow/dags/dag_verify.py
[2025-09-26T17:33:33.375+0000] {logging_mixin.py:190} INFO - [2025-09-26T17:33:33.375+0000] {dag.py:3239} INFO - Sync 1 DAGs
[2025-09-26T17:33:33.423+0000] {logging_mixin.py:190} INFO - [2025-09-26T17:33:33.422+0000] {dag.py:4180} INFO - Setting next_dagrun for dag_verify to 2025-09-26 00:00:00+00:00, run_after=2025-09-27 00:00:00+00:00
[2025-09-26T17:33:33.470+0000] {processor.py:208} INFO - Processing /opt/airflow/dags/dag_verify.py took 0.186 seconds
[2025-09-26T17:34:04.093+0000] {processor.py:186} INFO - Started process (PID=1614) to work on /opt/airflow/dags/dag_verify.py
[2025-09-26T17:34:04.095+0000] {processor.py:914} INFO - Processing file /opt/airflow/dags/dag_verify.py for tasks to queue
[2025-09-26T17:34:04.098+0000] {logging_mixin.py:190} INFO - [2025-09-26T17:34:04.097+0000] {dagbag.py:588} INFO - Filling up the DagBag from /opt/airflow/dags/dag_verify.py
[2025-09-26T17:34:04.131+0000] {processor.py:925} INFO - DAG(s) 'dag_verify' retrieved from /opt/airflow/dags/dag_verify.py
[2025-09-26T17:34:04.172+0000] {logging_mixin.py:190} INFO - [2025-09-26T17:34:04.171+0000] {dag.py:3239} INFO - Sync 1 DAGs
[2025-09-26T17:34:04.216+0000] {logging_mixin.py:190} INFO - [2025-09-26T17:34:04.215+0000] {dag.py:4180} INFO - Setting next_dagrun for dag_verify to 2025-09-26 00:00:00+00:00, run_after=2025-09-27 00:00:00+00:00
[2025-09-26T17:34:04.278+0000] {processor.py:208} INFO - Processing /opt/airflow/dags/dag_verify.py took 0.195 seconds
[2025-09-26T17:34:34.719+0000] {processor.py:186} INFO - Started process (PID=1640) to work on /opt/airflow/dags/dag_verify.py
[2025-09-26T17:34:34.721+0000] {processor.py:914} INFO - Processing file /opt/airflow/dags/dag_verify.py for tasks to queue
[2025-09-26T17:34:34.725+0000] {logging_mixin.py:190} INFO - [2025-09-26T17:34:34.724+0000] {dagbag.py:588} INFO - Filling up the DagBag from /opt/airflow/dags/dag_verify.py
[2025-09-26T17:34:34.758+0000] {processor.py:925} INFO - DAG(s) 'dag_verify' retrieved from /opt/airflow/dags/dag_verify.py
[2025-09-26T17:34:34.798+0000] {logging_mixin.py:190} INFO - [2025-09-26T17:34:34.797+0000] {dag.py:3239} INFO - Sync 1 DAGs
[2025-09-26T17:34:34.844+0000] {logging_mixin.py:190} INFO - [2025-09-26T17:34:34.844+0000] {dag.py:4180} INFO - Setting next_dagrun for dag_verify to 2025-09-26 00:00:00+00:00, run_after=2025-09-27 00:00:00+00:00
[2025-09-26T17:34:34.886+0000] {processor.py:208} INFO - Processing /opt/airflow/dags/dag_verify.py took 0.177 seconds
[2025-09-26T17:35:05.234+0000] {processor.py:186} INFO - Started process (PID=1667) to work on /opt/airflow/dags/dag_verify.py
[2025-09-26T17:35:05.235+0000] {processor.py:914} INFO - Processing file /opt/airflow/dags/dag_verify.py for tasks to queue
[2025-09-26T17:35:05.240+0000] {logging_mixin.py:190} INFO - [2025-09-26T17:35:05.239+0000] {dagbag.py:588} INFO - Filling up the DagBag from /opt/airflow/dags/dag_verify.py
[2025-09-26T17:35:05.279+0000] {processor.py:925} INFO - DAG(s) 'dag_verify' retrieved from /opt/airflow/dags/dag_verify.py
[2025-09-26T17:35:05.327+0000] {logging_mixin.py:190} INFO - [2025-09-26T17:35:05.327+0000] {dag.py:3239} INFO - Sync 1 DAGs
[2025-09-26T17:35:05.386+0000] {logging_mixin.py:190} INFO - [2025-09-26T17:35:05.386+0000] {dag.py:4180} INFO - Setting next_dagrun for dag_verify to 2025-09-26 00:00:00+00:00, run_after=2025-09-27 00:00:00+00:00
[2025-09-26T17:35:05.463+0000] {processor.py:208} INFO - Processing /opt/airflow/dags/dag_verify.py took 0.239 seconds
[2025-09-26T17:35:36.224+0000] {processor.py:186} INFO - Started process (PID=1694) to work on /opt/airflow/dags/dag_verify.py
[2025-09-26T17:35:36.226+0000] {processor.py:914} INFO - Processing file /opt/airflow/dags/dag_verify.py for tasks to queue
[2025-09-26T17:35:36.230+0000] {logging_mixin.py:190} INFO - [2025-09-26T17:35:36.230+0000] {dagbag.py:588} INFO - Filling up the DagBag from /opt/airflow/dags/dag_verify.py
[2025-09-26T17:35:36.262+0000] {processor.py:925} INFO - DAG(s) 'dag_verify' retrieved from /opt/airflow/dags/dag_verify.py
[2025-09-26T17:35:36.300+0000] {logging_mixin.py:190} INFO - [2025-09-26T17:35:36.300+0000] {dag.py:3239} INFO - Sync 1 DAGs
[2025-09-26T17:35:36.345+0000] {logging_mixin.py:190} INFO - [2025-09-26T17:35:36.344+0000] {dag.py:4180} INFO - Setting next_dagrun for dag_verify to 2025-09-26 00:00:00+00:00, run_after=2025-09-27 00:00:00+00:00
[2025-09-26T17:35:36.382+0000] {processor.py:208} INFO - Processing /opt/airflow/dags/dag_verify.py took 0.170 seconds
[2025-09-26T17:36:06.988+0000] {processor.py:186} INFO - Started process (PID=1720) to work on /opt/airflow/dags/dag_verify.py
[2025-09-26T17:36:06.990+0000] {processor.py:914} INFO - Processing file /opt/airflow/dags/dag_verify.py for tasks to queue
[2025-09-26T17:36:06.994+0000] {logging_mixin.py:190} INFO - [2025-09-26T17:36:06.993+0000] {dagbag.py:588} INFO - Filling up the DagBag from /opt/airflow/dags/dag_verify.py
[2025-09-26T17:36:07.041+0000] {processor.py:925} INFO - DAG(s) 'dag_verify' retrieved from /opt/airflow/dags/dag_verify.py
[2025-09-26T17:36:07.086+0000] {logging_mixin.py:190} INFO - [2025-09-26T17:36:07.086+0000] {dag.py:3239} INFO - Sync 1 DAGs
[2025-09-26T17:36:07.129+0000] {logging_mixin.py:190} INFO - [2025-09-26T17:36:07.129+0000] {dag.py:4180} INFO - Setting next_dagrun for dag_verify to 2025-09-26 00:00:00+00:00, run_after=2025-09-27 00:00:00+00:00
[2025-09-26T17:36:07.174+0000] {processor.py:208} INFO - Processing /opt/airflow/dags/dag_verify.py took 0.194 seconds
[2025-09-26T17:36:37.820+0000] {processor.py:186} INFO - Started process (PID=1746) to work on /opt/airflow/dags/dag_verify.py
[2025-09-26T17:36:37.822+0000] {processor.py:914} INFO - Processing file /opt/airflow/dags/dag_verify.py for tasks to queue
[2025-09-26T17:36:37.827+0000] {logging_mixin.py:190} INFO - [2025-09-26T17:36:37.826+0000] {dagbag.py:588} INFO - Filling up the DagBag from /opt/airflow/dags/dag_verify.py
[2025-09-26T17:36:37.859+0000] {processor.py:925} INFO - DAG(s) 'dag_verify' retrieved from /opt/airflow/dags/dag_verify.py
[2025-09-26T17:36:37.897+0000] {logging_mixin.py:190} INFO - [2025-09-26T17:36:37.897+0000] {dag.py:3239} INFO - Sync 1 DAGs
[2025-09-26T17:36:37.940+0000] {logging_mixin.py:190} INFO - [2025-09-26T17:36:37.939+0000] {dag.py:4180} INFO - Setting next_dagrun for dag_verify to 2025-09-26 00:00:00+00:00, run_after=2025-09-27 00:00:00+00:00
[2025-09-26T17:36:37.983+0000] {processor.py:208} INFO - Processing /opt/airflow/dags/dag_verify.py took 0.174 seconds
[2025-09-26T17:37:08.935+0000] {processor.py:186} INFO - Started process (PID=1772) to work on /opt/airflow/dags/dag_verify.py
[2025-09-26T17:37:08.937+0000] {processor.py:914} INFO - Processing file /opt/airflow/dags/dag_verify.py for tasks to queue
[2025-09-26T17:37:08.942+0000] {logging_mixin.py:190} INFO - [2025-09-26T17:37:08.941+0000] {dagbag.py:588} INFO - Filling up the DagBag from /opt/airflow/dags/dag_verify.py
[2025-09-26T17:37:08.984+0000] {processor.py:925} INFO - DAG(s) 'dag_verify' retrieved from /opt/airflow/dags/dag_verify.py
[2025-09-26T17:37:09.026+0000] {logging_mixin.py:190} INFO - [2025-09-26T17:37:09.026+0000] {dag.py:3239} INFO - Sync 1 DAGs
[2025-09-26T17:37:09.070+0000] {logging_mixin.py:190} INFO - [2025-09-26T17:37:09.070+0000] {dag.py:4180} INFO - Setting next_dagrun for dag_verify to 2025-09-26 00:00:00+00:00, run_after=2025-09-27 00:00:00+00:00
[2025-09-26T17:37:09.106+0000] {processor.py:208} INFO - Processing /opt/airflow/dags/dag_verify.py took 0.183 seconds
[2025-09-26T17:37:39.929+0000] {processor.py:186} INFO - Started process (PID=1804) to work on /opt/airflow/dags/dag_verify.py
[2025-09-26T17:37:39.930+0000] {processor.py:914} INFO - Processing file /opt/airflow/dags/dag_verify.py for tasks to queue
[2025-09-26T17:37:39.938+0000] {logging_mixin.py:190} INFO - [2025-09-26T17:37:39.937+0000] {dagbag.py:588} INFO - Filling up the DagBag from /opt/airflow/dags/dag_verify.py
[2025-09-26T17:37:39.974+0000] {processor.py:925} INFO - DAG(s) 'dag_verify' retrieved from /opt/airflow/dags/dag_verify.py
[2025-09-26T17:37:40.010+0000] {logging_mixin.py:190} INFO - [2025-09-26T17:37:40.010+0000] {dag.py:3239} INFO - Sync 1 DAGs
[2025-09-26T17:37:40.057+0000] {logging_mixin.py:190} INFO - [2025-09-26T17:37:40.056+0000] {dag.py:4180} INFO - Setting next_dagrun for dag_verify to 2025-09-26 00:00:00+00:00, run_after=2025-09-27 00:00:00+00:00
[2025-09-26T17:37:40.091+0000] {processor.py:208} INFO - Processing /opt/airflow/dags/dag_verify.py took 0.173 seconds
[2025-09-26T17:38:10.796+0000] {processor.py:186} INFO - Started process (PID=1831) to work on /opt/airflow/dags/dag_verify.py
[2025-09-26T17:38:10.799+0000] {processor.py:914} INFO - Processing file /opt/airflow/dags/dag_verify.py for tasks to queue
[2025-09-26T17:38:10.807+0000] {logging_mixin.py:190} INFO - [2025-09-26T17:38:10.806+0000] {dagbag.py:588} INFO - Filling up the DagBag from /opt/airflow/dags/dag_verify.py
[2025-09-26T17:38:10.854+0000] {processor.py:925} INFO - DAG(s) 'dag_verify' retrieved from /opt/airflow/dags/dag_verify.py
[2025-09-26T17:38:10.902+0000] {logging_mixin.py:190} INFO - [2025-09-26T17:38:10.901+0000] {dag.py:3239} INFO - Sync 1 DAGs
[2025-09-26T17:38:10.962+0000] {logging_mixin.py:190} INFO - [2025-09-26T17:38:10.962+0000] {dag.py:4180} INFO - Setting next_dagrun for dag_verify to 2025-09-26 00:00:00+00:00, run_after=2025-09-27 00:00:00+00:00
[2025-09-26T17:38:11.005+0000] {processor.py:208} INFO - Processing /opt/airflow/dags/dag_verify.py took 0.220 seconds
[2025-09-26T17:38:41.281+0000] {processor.py:186} INFO - Started process (PID=1857) to work on /opt/airflow/dags/dag_verify.py
[2025-09-26T17:38:41.283+0000] {processor.py:914} INFO - Processing file /opt/airflow/dags/dag_verify.py for tasks to queue
[2025-09-26T17:38:41.289+0000] {logging_mixin.py:190} INFO - [2025-09-26T17:38:41.288+0000] {dagbag.py:588} INFO - Filling up the DagBag from /opt/airflow/dags/dag_verify.py
[2025-09-26T17:38:41.359+0000] {processor.py:925} INFO - DAG(s) 'dag_verify' retrieved from /opt/airflow/dags/dag_verify.py
[2025-09-26T17:38:41.432+0000] {logging_mixin.py:190} INFO - [2025-09-26T17:38:41.431+0000] {dag.py:3239} INFO - Sync 1 DAGs
[2025-09-26T17:38:41.521+0000] {logging_mixin.py:190} INFO - [2025-09-26T17:38:41.520+0000] {dag.py:4180} INFO - Setting next_dagrun for dag_verify to 2025-09-26 00:00:00+00:00, run_after=2025-09-27 00:00:00+00:00
[2025-09-26T17:38:41.573+0000] {processor.py:208} INFO - Processing /opt/airflow/dags/dag_verify.py took 0.309 seconds
[2025-09-26T17:39:12.421+0000] {processor.py:186} INFO - Started process (PID=1881) to work on /opt/airflow/dags/dag_verify.py
[2025-09-26T17:39:12.438+0000] {processor.py:914} INFO - Processing file /opt/airflow/dags/dag_verify.py for tasks to queue
[2025-09-26T17:39:12.448+0000] {logging_mixin.py:190} INFO - [2025-09-26T17:39:12.447+0000] {dagbag.py:588} INFO - Filling up the DagBag from /opt/airflow/dags/dag_verify.py
[2025-09-26T17:39:12.555+0000] {processor.py:925} INFO - DAG(s) 'dag_verify' retrieved from /opt/airflow/dags/dag_verify.py
[2025-09-26T17:39:12.673+0000] {logging_mixin.py:190} INFO - [2025-09-26T17:39:12.672+0000] {dag.py:3239} INFO - Sync 1 DAGs
[2025-09-26T17:39:12.885+0000] {logging_mixin.py:190} INFO - [2025-09-26T17:39:12.885+0000] {dag.py:4180} INFO - Setting next_dagrun for dag_verify to 2025-09-26 00:00:00+00:00, run_after=2025-09-27 00:00:00+00:00
[2025-09-26T17:39:13.060+0000] {processor.py:208} INFO - Processing /opt/airflow/dags/dag_verify.py took 0.674 seconds
[2025-09-26T17:39:43.465+0000] {processor.py:186} INFO - Started process (PID=1909) to work on /opt/airflow/dags/dag_verify.py
[2025-09-26T17:39:43.467+0000] {processor.py:914} INFO - Processing file /opt/airflow/dags/dag_verify.py for tasks to queue
[2025-09-26T17:39:43.473+0000] {logging_mixin.py:190} INFO - [2025-09-26T17:39:43.472+0000] {dagbag.py:588} INFO - Filling up the DagBag from /opt/airflow/dags/dag_verify.py
[2025-09-26T17:39:43.526+0000] {processor.py:925} INFO - DAG(s) 'dag_verify' retrieved from /opt/airflow/dags/dag_verify.py
[2025-09-26T17:39:43.592+0000] {logging_mixin.py:190} INFO - [2025-09-26T17:39:43.592+0000] {dag.py:3239} INFO - Sync 1 DAGs
[2025-09-26T17:39:43.693+0000] {logging_mixin.py:190} INFO - [2025-09-26T17:39:43.693+0000] {dag.py:4180} INFO - Setting next_dagrun for dag_verify to 2025-09-26 00:00:00+00:00, run_after=2025-09-27 00:00:00+00:00
[2025-09-26T17:39:43.778+0000] {processor.py:208} INFO - Processing /opt/airflow/dags/dag_verify.py took 0.333 seconds
[2025-09-26T17:40:14.004+0000] {processor.py:186} INFO - Started process (PID=1935) to work on /opt/airflow/dags/dag_verify.py
[2025-09-26T17:40:14.006+0000] {processor.py:914} INFO - Processing file /opt/airflow/dags/dag_verify.py for tasks to queue
[2025-09-26T17:40:14.012+0000] {logging_mixin.py:190} INFO - [2025-09-26T17:40:14.011+0000] {dagbag.py:588} INFO - Filling up the DagBag from /opt/airflow/dags/dag_verify.py
[2025-09-26T17:40:14.065+0000] {processor.py:925} INFO - DAG(s) 'dag_verify' retrieved from /opt/airflow/dags/dag_verify.py
[2025-09-26T17:40:14.132+0000] {logging_mixin.py:190} INFO - [2025-09-26T17:40:14.131+0000] {dag.py:3239} INFO - Sync 1 DAGs
[2025-09-26T17:40:14.220+0000] {logging_mixin.py:190} INFO - [2025-09-26T17:40:14.220+0000] {dag.py:4180} INFO - Setting next_dagrun for dag_verify to 2025-09-26 00:00:00+00:00, run_after=2025-09-27 00:00:00+00:00
[2025-09-26T17:40:14.273+0000] {processor.py:208} INFO - Processing /opt/airflow/dags/dag_verify.py took 0.291 seconds
[2025-09-26T17:40:44.601+0000] {processor.py:186} INFO - Started process (PID=1961) to work on /opt/airflow/dags/dag_verify.py
[2025-09-26T17:40:44.603+0000] {processor.py:914} INFO - Processing file /opt/airflow/dags/dag_verify.py for tasks to queue
[2025-09-26T17:40:44.607+0000] {logging_mixin.py:190} INFO - [2025-09-26T17:40:44.606+0000] {dagbag.py:588} INFO - Filling up the DagBag from /opt/airflow/dags/dag_verify.py
[2025-09-26T17:40:44.640+0000] {processor.py:925} INFO - DAG(s) 'dag_verify' retrieved from /opt/airflow/dags/dag_verify.py
[2025-09-26T17:40:44.678+0000] {logging_mixin.py:190} INFO - [2025-09-26T17:40:44.677+0000] {dag.py:3239} INFO - Sync 1 DAGs
[2025-09-26T17:40:44.725+0000] {logging_mixin.py:190} INFO - [2025-09-26T17:40:44.725+0000] {dag.py:4180} INFO - Setting next_dagrun for dag_verify to 2025-09-26 00:00:00+00:00, run_after=2025-09-27 00:00:00+00:00
[2025-09-26T17:40:44.791+0000] {processor.py:208} INFO - Processing /opt/airflow/dags/dag_verify.py took 0.199 seconds
[2025-09-26T17:41:15.389+0000] {processor.py:186} INFO - Started process (PID=1987) to work on /opt/airflow/dags/dag_verify.py
[2025-09-26T17:41:15.391+0000] {processor.py:914} INFO - Processing file /opt/airflow/dags/dag_verify.py for tasks to queue
[2025-09-26T17:41:15.396+0000] {logging_mixin.py:190} INFO - [2025-09-26T17:41:15.396+0000] {dagbag.py:588} INFO - Filling up the DagBag from /opt/airflow/dags/dag_verify.py
[2025-09-26T17:41:15.431+0000] {processor.py:925} INFO - DAG(s) 'dag_verify' retrieved from /opt/airflow/dags/dag_verify.py
[2025-09-26T17:41:15.470+0000] {logging_mixin.py:190} INFO - [2025-09-26T17:41:15.470+0000] {dag.py:3239} INFO - Sync 1 DAGs
[2025-09-26T17:41:15.527+0000] {logging_mixin.py:190} INFO - [2025-09-26T17:41:15.527+0000] {dag.py:4180} INFO - Setting next_dagrun for dag_verify to 2025-09-26 00:00:00+00:00, run_after=2025-09-27 00:00:00+00:00
[2025-09-26T17:41:15.569+0000] {processor.py:208} INFO - Processing /opt/airflow/dags/dag_verify.py took 0.191 seconds
[2025-09-26T17:41:46.133+0000] {processor.py:186} INFO - Started process (PID=2014) to work on /opt/airflow/dags/dag_verify.py
[2025-09-26T17:41:46.135+0000] {processor.py:914} INFO - Processing file /opt/airflow/dags/dag_verify.py for tasks to queue
[2025-09-26T17:41:46.139+0000] {logging_mixin.py:190} INFO - [2025-09-26T17:41:46.139+0000] {dagbag.py:588} INFO - Filling up the DagBag from /opt/airflow/dags/dag_verify.py
[2025-09-26T17:41:46.175+0000] {processor.py:925} INFO - DAG(s) 'dag_verify' retrieved from /opt/airflow/dags/dag_verify.py
[2025-09-26T17:41:46.216+0000] {logging_mixin.py:190} INFO - [2025-09-26T17:41:46.215+0000] {dag.py:3239} INFO - Sync 1 DAGs
[2025-09-26T17:41:46.259+0000] {logging_mixin.py:190} INFO - [2025-09-26T17:41:46.259+0000] {dag.py:4180} INFO - Setting next_dagrun for dag_verify to 2025-09-26 00:00:00+00:00, run_after=2025-09-27 00:00:00+00:00
[2025-09-26T17:41:46.296+0000] {processor.py:208} INFO - Processing /opt/airflow/dags/dag_verify.py took 0.172 seconds
[2025-09-26T17:42:16.881+0000] {processor.py:186} INFO - Started process (PID=2047) to work on /opt/airflow/dags/dag_verify.py
[2025-09-26T17:42:16.883+0000] {processor.py:914} INFO - Processing file /opt/airflow/dags/dag_verify.py for tasks to queue
[2025-09-26T17:42:16.887+0000] {logging_mixin.py:190} INFO - [2025-09-26T17:42:16.887+0000] {dagbag.py:588} INFO - Filling up the DagBag from /opt/airflow/dags/dag_verify.py
[2025-09-26T17:42:16.936+0000] {processor.py:925} INFO - DAG(s) 'dag_verify' retrieved from /opt/airflow/dags/dag_verify.py
[2025-09-26T17:42:17.000+0000] {logging_mixin.py:190} INFO - [2025-09-26T17:42:16.999+0000] {dag.py:3239} INFO - Sync 1 DAGs
[2025-09-26T17:42:17.089+0000] {logging_mixin.py:190} INFO - [2025-09-26T17:42:17.087+0000] {dag.py:4180} INFO - Setting next_dagrun for dag_verify to 2025-09-26 00:00:00+00:00, run_after=2025-09-27 00:00:00+00:00
[2025-09-26T17:42:17.168+0000] {processor.py:208} INFO - Processing /opt/airflow/dags/dag_verify.py took 0.298 seconds
[2025-09-26T17:42:47.742+0000] {processor.py:186} INFO - Started process (PID=2073) to work on /opt/airflow/dags/dag_verify.py
[2025-09-26T17:42:47.744+0000] {processor.py:914} INFO - Processing file /opt/airflow/dags/dag_verify.py for tasks to queue
[2025-09-26T17:42:47.749+0000] {logging_mixin.py:190} INFO - [2025-09-26T17:42:47.748+0000] {dagbag.py:588} INFO - Filling up the DagBag from /opt/airflow/dags/dag_verify.py
[2025-09-26T17:42:47.787+0000] {processor.py:925} INFO - DAG(s) 'dag_verify' retrieved from /opt/airflow/dags/dag_verify.py
[2025-09-26T17:42:47.828+0000] {logging_mixin.py:190} INFO - [2025-09-26T17:42:47.828+0000] {dag.py:3239} INFO - Sync 1 DAGs
[2025-09-26T17:42:47.872+0000] {logging_mixin.py:190} INFO - [2025-09-26T17:42:47.872+0000] {dag.py:4180} INFO - Setting next_dagrun for dag_verify to 2025-09-26 00:00:00+00:00, run_after=2025-09-27 00:00:00+00:00
[2025-09-26T17:42:47.945+0000] {processor.py:208} INFO - Processing /opt/airflow/dags/dag_verify.py took 0.213 seconds
[2025-09-26T17:43:18.686+0000] {processor.py:186} INFO - Started process (PID=2099) to work on /opt/airflow/dags/dag_verify.py
[2025-09-26T17:43:18.692+0000] {processor.py:914} INFO - Processing file /opt/airflow/dags/dag_verify.py for tasks to queue
[2025-09-26T17:43:18.696+0000] {logging_mixin.py:190} INFO - [2025-09-26T17:43:18.696+0000] {dagbag.py:588} INFO - Filling up the DagBag from /opt/airflow/dags/dag_verify.py
[2025-09-26T17:43:18.727+0000] {processor.py:925} INFO - DAG(s) 'dag_verify' retrieved from /opt/airflow/dags/dag_verify.py
[2025-09-26T17:43:18.765+0000] {logging_mixin.py:190} INFO - [2025-09-26T17:43:18.764+0000] {dag.py:3239} INFO - Sync 1 DAGs
[2025-09-26T17:43:18.811+0000] {logging_mixin.py:190} INFO - [2025-09-26T17:43:18.811+0000] {dag.py:4180} INFO - Setting next_dagrun for dag_verify to 2025-09-26 00:00:00+00:00, run_after=2025-09-27 00:00:00+00:00
[2025-09-26T17:43:18.846+0000] {processor.py:208} INFO - Processing /opt/airflow/dags/dag_verify.py took 0.170 seconds
[2025-09-26T17:43:49.630+0000] {processor.py:186} INFO - Started process (PID=2125) to work on /opt/airflow/dags/dag_verify.py
[2025-09-26T17:43:49.632+0000] {processor.py:914} INFO - Processing file /opt/airflow/dags/dag_verify.py for tasks to queue
[2025-09-26T17:43:49.637+0000] {logging_mixin.py:190} INFO - [2025-09-26T17:43:49.637+0000] {dagbag.py:588} INFO - Filling up the DagBag from /opt/airflow/dags/dag_verify.py
[2025-09-26T17:43:49.669+0000] {processor.py:925} INFO - DAG(s) 'dag_verify' retrieved from /opt/airflow/dags/dag_verify.py
[2025-09-26T17:43:49.706+0000] {logging_mixin.py:190} INFO - [2025-09-26T17:43:49.706+0000] {dag.py:3239} INFO - Sync 1 DAGs
[2025-09-26T17:43:49.750+0000] {logging_mixin.py:190} INFO - [2025-09-26T17:43:49.749+0000] {dag.py:4180} INFO - Setting next_dagrun for dag_verify to 2025-09-26 00:00:00+00:00, run_after=2025-09-27 00:00:00+00:00
[2025-09-26T17:43:49.814+0000] {processor.py:208} INFO - Processing /opt/airflow/dags/dag_verify.py took 0.194 seconds
[2025-09-26T17:44:20.141+0000] {processor.py:186} INFO - Started process (PID=2151) to work on /opt/airflow/dags/dag_verify.py
[2025-09-26T17:44:20.142+0000] {processor.py:914} INFO - Processing file /opt/airflow/dags/dag_verify.py for tasks to queue
[2025-09-26T17:44:20.147+0000] {logging_mixin.py:190} INFO - [2025-09-26T17:44:20.146+0000] {dagbag.py:588} INFO - Filling up the DagBag from /opt/airflow/dags/dag_verify.py
[2025-09-26T17:44:20.182+0000] {processor.py:925} INFO - DAG(s) 'dag_verify' retrieved from /opt/airflow/dags/dag_verify.py
[2025-09-26T17:44:20.224+0000] {logging_mixin.py:190} INFO - [2025-09-26T17:44:20.223+0000] {dag.py:3239} INFO - Sync 1 DAGs
[2025-09-26T17:44:20.277+0000] {logging_mixin.py:190} INFO - [2025-09-26T17:44:20.276+0000] {dag.py:4180} INFO - Setting next_dagrun for dag_verify to 2025-09-26 00:00:00+00:00, run_after=2025-09-27 00:00:00+00:00
[2025-09-26T17:44:20.309+0000] {processor.py:208} INFO - Processing /opt/airflow/dags/dag_verify.py took 0.178 seconds
[2025-09-26T17:44:50.699+0000] {processor.py:186} INFO - Started process (PID=2178) to work on /opt/airflow/dags/dag_verify.py
[2025-09-26T17:44:50.700+0000] {processor.py:914} INFO - Processing file /opt/airflow/dags/dag_verify.py for tasks to queue
[2025-09-26T17:44:50.705+0000] {logging_mixin.py:190} INFO - [2025-09-26T17:44:50.704+0000] {dagbag.py:588} INFO - Filling up the DagBag from /opt/airflow/dags/dag_verify.py
[2025-09-26T17:44:50.745+0000] {processor.py:925} INFO - DAG(s) 'dag_verify' retrieved from /opt/airflow/dags/dag_verify.py
[2025-09-26T17:44:50.803+0000] {logging_mixin.py:190} INFO - [2025-09-26T17:44:50.802+0000] {dag.py:3239} INFO - Sync 1 DAGs
[2025-09-26T17:44:50.869+0000] {logging_mixin.py:190} INFO - [2025-09-26T17:44:50.868+0000] {dag.py:4180} INFO - Setting next_dagrun for dag_verify to 2025-09-26 00:00:00+00:00, run_after=2025-09-27 00:00:00+00:00
[2025-09-26T17:44:50.909+0000] {processor.py:208} INFO - Processing /opt/airflow/dags/dag_verify.py took 0.223 seconds
[2025-09-26T17:45:21.501+0000] {processor.py:186} INFO - Started process (PID=2205) to work on /opt/airflow/dags/dag_verify.py
[2025-09-26T17:45:21.502+0000] {processor.py:914} INFO - Processing file /opt/airflow/dags/dag_verify.py for tasks to queue
[2025-09-26T17:45:21.506+0000] {logging_mixin.py:190} INFO - [2025-09-26T17:45:21.505+0000] {dagbag.py:588} INFO - Filling up the DagBag from /opt/airflow/dags/dag_verify.py
[2025-09-26T17:45:21.546+0000] {processor.py:925} INFO - DAG(s) 'dag_verify' retrieved from /opt/airflow/dags/dag_verify.py
[2025-09-26T17:45:21.587+0000] {logging_mixin.py:190} INFO - [2025-09-26T17:45:21.586+0000] {dag.py:3239} INFO - Sync 1 DAGs
[2025-09-26T17:45:21.635+0000] {logging_mixin.py:190} INFO - [2025-09-26T17:45:21.635+0000] {dag.py:4180} INFO - Setting next_dagrun for dag_verify to 2025-09-26 00:00:00+00:00, run_after=2025-09-27 00:00:00+00:00
[2025-09-26T17:45:21.700+0000] {processor.py:208} INFO - Processing /opt/airflow/dags/dag_verify.py took 0.211 seconds
[2025-09-26T17:45:52.149+0000] {processor.py:186} INFO - Started process (PID=2231) to work on /opt/airflow/dags/dag_verify.py
[2025-09-26T17:45:52.151+0000] {processor.py:914} INFO - Processing file /opt/airflow/dags/dag_verify.py for tasks to queue
[2025-09-26T17:45:52.155+0000] {logging_mixin.py:190} INFO - [2025-09-26T17:45:52.155+0000] {dagbag.py:588} INFO - Filling up the DagBag from /opt/airflow/dags/dag_verify.py
[2025-09-26T17:45:52.187+0000] {processor.py:925} INFO - DAG(s) 'dag_verify' retrieved from /opt/airflow/dags/dag_verify.py
[2025-09-26T17:45:52.243+0000] {logging_mixin.py:190} INFO - [2025-09-26T17:45:52.242+0000] {dag.py:3239} INFO - Sync 1 DAGs
[2025-09-26T17:45:52.286+0000] {logging_mixin.py:190} INFO - [2025-09-26T17:45:52.285+0000] {dag.py:4180} INFO - Setting next_dagrun for dag_verify to 2025-09-26 00:00:00+00:00, run_after=2025-09-27 00:00:00+00:00
[2025-09-26T17:45:52.319+0000] {processor.py:208} INFO - Processing /opt/airflow/dags/dag_verify.py took 0.179 seconds
[2025-09-26T17:46:22.831+0000] {processor.py:186} INFO - Started process (PID=2257) to work on /opt/airflow/dags/dag_verify.py
[2025-09-26T17:46:22.833+0000] {processor.py:914} INFO - Processing file /opt/airflow/dags/dag_verify.py for tasks to queue
[2025-09-26T17:46:22.837+0000] {logging_mixin.py:190} INFO - [2025-09-26T17:46:22.837+0000] {dagbag.py:588} INFO - Filling up the DagBag from /opt/airflow/dags/dag_verify.py
[2025-09-26T17:46:22.868+0000] {processor.py:925} INFO - DAG(s) 'dag_verify' retrieved from /opt/airflow/dags/dag_verify.py
[2025-09-26T17:46:22.907+0000] {logging_mixin.py:190} INFO - [2025-09-26T17:46:22.906+0000] {dag.py:3239} INFO - Sync 1 DAGs
[2025-09-26T17:46:22.958+0000] {logging_mixin.py:190} INFO - [2025-09-26T17:46:22.958+0000] {dag.py:4180} INFO - Setting next_dagrun for dag_verify to 2025-09-26 00:00:00+00:00, run_after=2025-09-27 00:00:00+00:00
[2025-09-26T17:46:22.997+0000] {processor.py:208} INFO - Processing /opt/airflow/dags/dag_verify.py took 0.176 seconds
[2025-09-26T17:46:53.552+0000] {processor.py:186} INFO - Started process (PID=2289) to work on /opt/airflow/dags/dag_verify.py
[2025-09-26T17:46:53.553+0000] {processor.py:914} INFO - Processing file /opt/airflow/dags/dag_verify.py for tasks to queue
[2025-09-26T17:46:53.558+0000] {logging_mixin.py:190} INFO - [2025-09-26T17:46:53.557+0000] {dagbag.py:588} INFO - Filling up the DagBag from /opt/airflow/dags/dag_verify.py
[2025-09-26T17:46:53.592+0000] {processor.py:925} INFO - DAG(s) 'dag_verify' retrieved from /opt/airflow/dags/dag_verify.py
[2025-09-26T17:46:53.629+0000] {logging_mixin.py:190} INFO - [2025-09-26T17:46:53.629+0000] {dag.py:3239} INFO - Sync 1 DAGs
[2025-09-26T17:46:53.673+0000] {logging_mixin.py:190} INFO - [2025-09-26T17:46:53.672+0000] {dag.py:4180} INFO - Setting next_dagrun for dag_verify to 2025-09-26 00:00:00+00:00, run_after=2025-09-27 00:00:00+00:00
[2025-09-26T17:46:53.739+0000] {processor.py:208} INFO - Processing /opt/airflow/dags/dag_verify.py took 0.198 seconds
[2025-09-26T17:47:24.198+0000] {processor.py:186} INFO - Started process (PID=2315) to work on /opt/airflow/dags/dag_verify.py
[2025-09-26T17:47:24.200+0000] {processor.py:914} INFO - Processing file /opt/airflow/dags/dag_verify.py for tasks to queue
[2025-09-26T17:47:24.204+0000] {logging_mixin.py:190} INFO - [2025-09-26T17:47:24.203+0000] {dagbag.py:588} INFO - Filling up the DagBag from /opt/airflow/dags/dag_verify.py
[2025-09-26T17:47:24.237+0000] {processor.py:925} INFO - DAG(s) 'dag_verify' retrieved from /opt/airflow/dags/dag_verify.py
[2025-09-26T17:47:24.310+0000] {logging_mixin.py:190} INFO - [2025-09-26T17:47:24.309+0000] {dag.py:3239} INFO - Sync 1 DAGs
[2025-09-26T17:47:24.354+0000] {logging_mixin.py:190} INFO - [2025-09-26T17:47:24.353+0000] {dag.py:4180} INFO - Setting next_dagrun for dag_verify to 2025-09-26 00:00:00+00:00, run_after=2025-09-27 00:00:00+00:00
[2025-09-26T17:47:24.391+0000] {processor.py:208} INFO - Processing /opt/airflow/dags/dag_verify.py took 0.203 seconds
[2025-09-26T17:47:54.920+0000] {processor.py:186} INFO - Started process (PID=2341) to work on /opt/airflow/dags/dag_verify.py
[2025-09-26T17:47:54.921+0000] {processor.py:914} INFO - Processing file /opt/airflow/dags/dag_verify.py for tasks to queue
[2025-09-26T17:47:54.926+0000] {logging_mixin.py:190} INFO - [2025-09-26T17:47:54.926+0000] {dagbag.py:588} INFO - Filling up the DagBag from /opt/airflow/dags/dag_verify.py
[2025-09-26T17:47:54.959+0000] {processor.py:925} INFO - DAG(s) 'dag_verify' retrieved from /opt/airflow/dags/dag_verify.py
[2025-09-26T17:47:54.995+0000] {logging_mixin.py:190} INFO - [2025-09-26T17:47:54.995+0000] {dag.py:3239} INFO - Sync 1 DAGs
[2025-09-26T17:47:55.042+0000] {logging_mixin.py:190} INFO - [2025-09-26T17:47:55.042+0000] {dag.py:4180} INFO - Setting next_dagrun for dag_verify to 2025-09-26 00:00:00+00:00, run_after=2025-09-27 00:00:00+00:00
[2025-09-26T17:47:55.077+0000] {processor.py:208} INFO - Processing /opt/airflow/dags/dag_verify.py took 0.166 seconds
[2025-09-26T17:48:25.690+0000] {processor.py:186} INFO - Started process (PID=2367) to work on /opt/airflow/dags/dag_verify.py
[2025-09-26T17:48:25.692+0000] {processor.py:914} INFO - Processing file /opt/airflow/dags/dag_verify.py for tasks to queue
[2025-09-26T17:48:25.695+0000] {logging_mixin.py:190} INFO - [2025-09-26T17:48:25.694+0000] {dagbag.py:588} INFO - Filling up the DagBag from /opt/airflow/dags/dag_verify.py
[2025-09-26T17:48:25.727+0000] {processor.py:925} INFO - DAG(s) 'dag_verify' retrieved from /opt/airflow/dags/dag_verify.py
[2025-09-26T17:48:25.766+0000] {logging_mixin.py:190} INFO - [2025-09-26T17:48:25.765+0000] {dag.py:3239} INFO - Sync 1 DAGs
[2025-09-26T17:48:25.810+0000] {logging_mixin.py:190} INFO - [2025-09-26T17:48:25.809+0000] {dag.py:4180} INFO - Setting next_dagrun for dag_verify to 2025-09-26 00:00:00+00:00, run_after=2025-09-27 00:00:00+00:00
[2025-09-26T17:48:25.845+0000] {processor.py:208} INFO - Processing /opt/airflow/dags/dag_verify.py took 0.167 seconds
[2025-09-26T17:48:56.095+0000] {processor.py:186} INFO - Started process (PID=2393) to work on /opt/airflow/dags/dag_verify.py
[2025-09-26T17:48:56.096+0000] {processor.py:914} INFO - Processing file /opt/airflow/dags/dag_verify.py for tasks to queue
[2025-09-26T17:48:56.103+0000] {logging_mixin.py:190} INFO - [2025-09-26T17:48:56.102+0000] {dagbag.py:588} INFO - Filling up the DagBag from /opt/airflow/dags/dag_verify.py
[2025-09-26T17:48:56.162+0000] {processor.py:925} INFO - DAG(s) 'dag_verify' retrieved from /opt/airflow/dags/dag_verify.py
[2025-09-26T17:48:56.220+0000] {logging_mixin.py:190} INFO - [2025-09-26T17:48:56.220+0000] {dag.py:3239} INFO - Sync 1 DAGs
[2025-09-26T17:48:56.277+0000] {logging_mixin.py:190} INFO - [2025-09-26T17:48:56.277+0000] {dag.py:4180} INFO - Setting next_dagrun for dag_verify to 2025-09-26 00:00:00+00:00, run_after=2025-09-27 00:00:00+00:00
[2025-09-26T17:48:56.313+0000] {processor.py:208} INFO - Processing /opt/airflow/dags/dag_verify.py took 0.233 seconds
[2025-09-26T17:49:27.026+0000] {processor.py:186} INFO - Started process (PID=2419) to work on /opt/airflow/dags/dag_verify.py
[2025-09-26T17:49:27.027+0000] {processor.py:914} INFO - Processing file /opt/airflow/dags/dag_verify.py for tasks to queue
[2025-09-26T17:49:27.031+0000] {logging_mixin.py:190} INFO - [2025-09-26T17:49:27.030+0000] {dagbag.py:588} INFO - Filling up the DagBag from /opt/airflow/dags/dag_verify.py
[2025-09-26T17:49:27.066+0000] {processor.py:925} INFO - DAG(s) 'dag_verify' retrieved from /opt/airflow/dags/dag_verify.py
[2025-09-26T17:49:27.134+0000] {logging_mixin.py:190} INFO - [2025-09-26T17:49:27.133+0000] {dag.py:3239} INFO - Sync 1 DAGs
[2025-09-26T17:49:27.189+0000] {logging_mixin.py:190} INFO - [2025-09-26T17:49:27.188+0000] {dag.py:4180} INFO - Setting next_dagrun for dag_verify to 2025-09-26 00:00:00+00:00, run_after=2025-09-27 00:00:00+00:00
[2025-09-26T17:49:27.232+0000] {processor.py:208} INFO - Processing /opt/airflow/dags/dag_verify.py took 0.220 seconds
[2025-09-26T17:49:57.735+0000] {processor.py:186} INFO - Started process (PID=2445) to work on /opt/airflow/dags/dag_verify.py
[2025-09-26T17:49:57.737+0000] {processor.py:914} INFO - Processing file /opt/airflow/dags/dag_verify.py for tasks to queue
[2025-09-26T17:49:57.741+0000] {logging_mixin.py:190} INFO - [2025-09-26T17:49:57.740+0000] {dagbag.py:588} INFO - Filling up the DagBag from /opt/airflow/dags/dag_verify.py
[2025-09-26T17:49:57.777+0000] {processor.py:925} INFO - DAG(s) 'dag_verify' retrieved from /opt/airflow/dags/dag_verify.py
[2025-09-26T17:49:57.816+0000] {logging_mixin.py:190} INFO - [2025-09-26T17:49:57.815+0000] {dag.py:3239} INFO - Sync 1 DAGs
[2025-09-26T17:49:57.864+0000] {logging_mixin.py:190} INFO - [2025-09-26T17:49:57.863+0000] {dag.py:4180} INFO - Setting next_dagrun for dag_verify to 2025-09-26 00:00:00+00:00, run_after=2025-09-27 00:00:00+00:00
[2025-09-26T17:49:57.900+0000] {processor.py:208} INFO - Processing /opt/airflow/dags/dag_verify.py took 0.174 seconds
[2025-09-26T17:50:28.503+0000] {processor.py:186} INFO - Started process (PID=2472) to work on /opt/airflow/dags/dag_verify.py
[2025-09-26T17:50:28.505+0000] {processor.py:914} INFO - Processing file /opt/airflow/dags/dag_verify.py for tasks to queue
[2025-09-26T17:50:28.509+0000] {logging_mixin.py:190} INFO - [2025-09-26T17:50:28.509+0000] {dagbag.py:588} INFO - Filling up the DagBag from /opt/airflow/dags/dag_verify.py
[2025-09-26T17:50:28.543+0000] {processor.py:925} INFO - DAG(s) 'dag_verify' retrieved from /opt/airflow/dags/dag_verify.py
[2025-09-26T17:50:28.593+0000] {logging_mixin.py:190} INFO - [2025-09-26T17:50:28.592+0000] {dag.py:3239} INFO - Sync 1 DAGs
[2025-09-26T17:50:28.644+0000] {logging_mixin.py:190} INFO - [2025-09-26T17:50:28.643+0000] {dag.py:4180} INFO - Setting next_dagrun for dag_verify to 2025-09-26 00:00:00+00:00, run_after=2025-09-27 00:00:00+00:00
[2025-09-26T17:50:28.707+0000] {processor.py:208} INFO - Processing /opt/airflow/dags/dag_verify.py took 0.214 seconds
[2025-09-26T17:50:59.142+0000] {processor.py:186} INFO - Started process (PID=2499) to work on /opt/airflow/dags/dag_verify.py
[2025-09-26T17:50:59.143+0000] {processor.py:914} INFO - Processing file /opt/airflow/dags/dag_verify.py for tasks to queue
[2025-09-26T17:50:59.148+0000] {logging_mixin.py:190} INFO - [2025-09-26T17:50:59.147+0000] {dagbag.py:588} INFO - Filling up the DagBag from /opt/airflow/dags/dag_verify.py
[2025-09-26T17:50:59.204+0000] {processor.py:925} INFO - DAG(s) 'dag_verify' retrieved from /opt/airflow/dags/dag_verify.py
[2025-09-26T17:50:59.244+0000] {logging_mixin.py:190} INFO - [2025-09-26T17:50:59.243+0000] {dag.py:3239} INFO - Sync 1 DAGs
[2025-09-26T17:50:59.292+0000] {logging_mixin.py:190} INFO - [2025-09-26T17:50:59.291+0000] {dag.py:4180} INFO - Setting next_dagrun for dag_verify to 2025-09-26 00:00:00+00:00, run_after=2025-09-27 00:00:00+00:00
[2025-09-26T17:50:59.328+0000] {processor.py:208} INFO - Processing /opt/airflow/dags/dag_verify.py took 0.197 seconds
[2025-09-26T17:51:29.848+0000] {processor.py:186} INFO - Started process (PID=2531) to work on /opt/airflow/dags/dag_verify.py
[2025-09-26T17:51:29.849+0000] {processor.py:914} INFO - Processing file /opt/airflow/dags/dag_verify.py for tasks to queue
[2025-09-26T17:51:29.853+0000] {logging_mixin.py:190} INFO - [2025-09-26T17:51:29.853+0000] {dagbag.py:588} INFO - Filling up the DagBag from /opt/airflow/dags/dag_verify.py
[2025-09-26T17:51:29.889+0000] {processor.py:925} INFO - DAG(s) 'dag_verify' retrieved from /opt/airflow/dags/dag_verify.py
[2025-09-26T17:51:29.930+0000] {logging_mixin.py:190} INFO - [2025-09-26T17:51:29.930+0000] {dag.py:3239} INFO - Sync 1 DAGs
[2025-09-26T17:51:29.974+0000] {logging_mixin.py:190} INFO - [2025-09-26T17:51:29.974+0000] {dag.py:4180} INFO - Setting next_dagrun for dag_verify to 2025-09-26 00:00:00+00:00, run_after=2025-09-27 00:00:00+00:00
[2025-09-26T17:51:30.162+0000] {processor.py:208} INFO - Processing /opt/airflow/dags/dag_verify.py took 0.323 seconds
[2025-09-26T17:52:00.636+0000] {processor.py:186} INFO - Started process (PID=2557) to work on /opt/airflow/dags/dag_verify.py
[2025-09-26T17:52:00.638+0000] {processor.py:914} INFO - Processing file /opt/airflow/dags/dag_verify.py for tasks to queue
[2025-09-26T17:52:00.643+0000] {logging_mixin.py:190} INFO - [2025-09-26T17:52:00.641+0000] {dagbag.py:588} INFO - Filling up the DagBag from /opt/airflow/dags/dag_verify.py
[2025-09-26T17:52:00.681+0000] {processor.py:925} INFO - DAG(s) 'dag_verify' retrieved from /opt/airflow/dags/dag_verify.py
[2025-09-26T17:52:00.725+0000] {logging_mixin.py:190} INFO - [2025-09-26T17:52:00.725+0000] {dag.py:3239} INFO - Sync 1 DAGs
[2025-09-26T17:52:00.782+0000] {logging_mixin.py:190} INFO - [2025-09-26T17:52:00.782+0000] {dag.py:4180} INFO - Setting next_dagrun for dag_verify to 2025-09-26 00:00:00+00:00, run_after=2025-09-27 00:00:00+00:00
[2025-09-26T17:52:00.848+0000] {processor.py:208} INFO - Processing /opt/airflow/dags/dag_verify.py took 0.222 seconds
[2025-09-26T17:52:31.193+0000] {processor.py:186} INFO - Started process (PID=2583) to work on /opt/airflow/dags/dag_verify.py
[2025-09-26T17:52:31.195+0000] {processor.py:914} INFO - Processing file /opt/airflow/dags/dag_verify.py for tasks to queue
[2025-09-26T17:52:31.200+0000] {logging_mixin.py:190} INFO - [2025-09-26T17:52:31.199+0000] {dagbag.py:588} INFO - Filling up the DagBag from /opt/airflow/dags/dag_verify.py
[2025-09-26T17:52:31.230+0000] {processor.py:925} INFO - DAG(s) 'dag_verify' retrieved from /opt/airflow/dags/dag_verify.py
[2025-09-26T17:52:31.269+0000] {logging_mixin.py:190} INFO - [2025-09-26T17:52:31.269+0000] {dag.py:3239} INFO - Sync 1 DAGs
[2025-09-26T17:52:31.316+0000] {logging_mixin.py:190} INFO - [2025-09-26T17:52:31.315+0000] {dag.py:4180} INFO - Setting next_dagrun for dag_verify to 2025-09-26 00:00:00+00:00, run_after=2025-09-27 00:00:00+00:00
[2025-09-26T17:52:31.347+0000] {processor.py:208} INFO - Processing /opt/airflow/dags/dag_verify.py took 0.163 seconds
[2025-09-26T17:53:01.940+0000] {processor.py:186} INFO - Started process (PID=2610) to work on /opt/airflow/dags/dag_verify.py
[2025-09-26T17:53:01.941+0000] {processor.py:914} INFO - Processing file /opt/airflow/dags/dag_verify.py for tasks to queue
[2025-09-26T17:53:01.944+0000] {logging_mixin.py:190} INFO - [2025-09-26T17:53:01.944+0000] {dagbag.py:588} INFO - Filling up the DagBag from /opt/airflow/dags/dag_verify.py
[2025-09-26T17:53:01.979+0000] {processor.py:925} INFO - DAG(s) 'dag_verify' retrieved from /opt/airflow/dags/dag_verify.py
[2025-09-26T17:53:02.016+0000] {logging_mixin.py:190} INFO - [2025-09-26T17:53:02.016+0000] {dag.py:3239} INFO - Sync 1 DAGs
[2025-09-26T17:53:02.061+0000] {logging_mixin.py:190} INFO - [2025-09-26T17:53:02.061+0000] {dag.py:4180} INFO - Setting next_dagrun for dag_verify to 2025-09-26 00:00:00+00:00, run_after=2025-09-27 00:00:00+00:00
[2025-09-26T17:53:02.102+0000] {processor.py:208} INFO - Processing /opt/airflow/dags/dag_verify.py took 0.173 seconds
[2025-09-26T17:53:32.331+0000] {processor.py:186} INFO - Started process (PID=2636) to work on /opt/airflow/dags/dag_verify.py
[2025-09-26T17:53:32.333+0000] {processor.py:914} INFO - Processing file /opt/airflow/dags/dag_verify.py for tasks to queue
[2025-09-26T17:53:32.338+0000] {logging_mixin.py:190} INFO - [2025-09-26T17:53:32.337+0000] {dagbag.py:588} INFO - Filling up the DagBag from /opt/airflow/dags/dag_verify.py
[2025-09-26T17:53:32.371+0000] {processor.py:925} INFO - DAG(s) 'dag_verify' retrieved from /opt/airflow/dags/dag_verify.py
[2025-09-26T17:53:32.411+0000] {logging_mixin.py:190} INFO - [2025-09-26T17:53:32.410+0000] {dag.py:3239} INFO - Sync 1 DAGs
[2025-09-26T17:53:32.459+0000] {logging_mixin.py:190} INFO - [2025-09-26T17:53:32.458+0000] {dag.py:4180} INFO - Setting next_dagrun for dag_verify to 2025-09-26 00:00:00+00:00, run_after=2025-09-27 00:00:00+00:00
[2025-09-26T17:53:32.495+0000] {processor.py:208} INFO - Processing /opt/airflow/dags/dag_verify.py took 0.174 seconds
[2025-09-26T17:54:03.167+0000] {processor.py:186} INFO - Started process (PID=2662) to work on /opt/airflow/dags/dag_verify.py
[2025-09-26T17:54:03.168+0000] {processor.py:914} INFO - Processing file /opt/airflow/dags/dag_verify.py for tasks to queue
[2025-09-26T17:54:03.173+0000] {logging_mixin.py:190} INFO - [2025-09-26T17:54:03.172+0000] {dagbag.py:588} INFO - Filling up the DagBag from /opt/airflow/dags/dag_verify.py
[2025-09-26T17:54:03.211+0000] {processor.py:925} INFO - DAG(s) 'dag_verify' retrieved from /opt/airflow/dags/dag_verify.py
[2025-09-26T17:54:03.251+0000] {logging_mixin.py:190} INFO - [2025-09-26T17:54:03.250+0000] {dag.py:3239} INFO - Sync 1 DAGs
[2025-09-26T17:54:03.299+0000] {logging_mixin.py:190} INFO - [2025-09-26T17:54:03.299+0000] {dag.py:4180} INFO - Setting next_dagrun for dag_verify to 2025-09-26 00:00:00+00:00, run_after=2025-09-27 00:00:00+00:00
[2025-09-26T17:54:03.376+0000] {processor.py:208} INFO - Processing /opt/airflow/dags/dag_verify.py took 0.223 seconds
[2025-09-26T17:54:33.908+0000] {processor.py:186} INFO - Started process (PID=2688) to work on /opt/airflow/dags/dag_verify.py
[2025-09-26T17:54:33.910+0000] {processor.py:914} INFO - Processing file /opt/airflow/dags/dag_verify.py for tasks to queue
[2025-09-26T17:54:33.913+0000] {logging_mixin.py:190} INFO - [2025-09-26T17:54:33.913+0000] {dagbag.py:588} INFO - Filling up the DagBag from /opt/airflow/dags/dag_verify.py
[2025-09-26T17:54:33.947+0000] {processor.py:925} INFO - DAG(s) 'dag_verify' retrieved from /opt/airflow/dags/dag_verify.py
[2025-09-26T17:54:33.992+0000] {logging_mixin.py:190} INFO - [2025-09-26T17:54:33.991+0000] {dag.py:3239} INFO - Sync 1 DAGs
[2025-09-26T17:54:34.039+0000] {logging_mixin.py:190} INFO - [2025-09-26T17:54:34.039+0000] {dag.py:4180} INFO - Setting next_dagrun for dag_verify to 2025-09-26 00:00:00+00:00, run_after=2025-09-27 00:00:00+00:00
[2025-09-26T17:54:34.105+0000] {processor.py:208} INFO - Processing /opt/airflow/dags/dag_verify.py took 0.207 seconds
[2025-09-26T17:55:04.597+0000] {processor.py:186} INFO - Started process (PID=2714) to work on /opt/airflow/dags/dag_verify.py
[2025-09-26T17:55:04.599+0000] {processor.py:914} INFO - Processing file /opt/airflow/dags/dag_verify.py for tasks to queue
[2025-09-26T17:55:04.603+0000] {logging_mixin.py:190} INFO - [2025-09-26T17:55:04.603+0000] {dagbag.py:588} INFO - Filling up the DagBag from /opt/airflow/dags/dag_verify.py
[2025-09-26T17:55:04.638+0000] {processor.py:925} INFO - DAG(s) 'dag_verify' retrieved from /opt/airflow/dags/dag_verify.py
[2025-09-26T17:55:04.678+0000] {logging_mixin.py:190} INFO - [2025-09-26T17:55:04.678+0000] {dag.py:3239} INFO - Sync 1 DAGs
[2025-09-26T17:55:04.725+0000] {logging_mixin.py:190} INFO - [2025-09-26T17:55:04.725+0000] {dag.py:4180} INFO - Setting next_dagrun for dag_verify to 2025-09-26 00:00:00+00:00, run_after=2025-09-27 00:00:00+00:00
[2025-09-26T17:55:04.772+0000] {processor.py:208} INFO - Processing /opt/airflow/dags/dag_verify.py took 0.187 seconds
