[2025-09-26T17:08:19.580+0000] {processor.py:186} INFO - Started process (PID=243) to work on /opt/airflow/dags/mon_premier_dag.py
[2025-09-26T17:08:19.588+0000] {processor.py:914} INFO - Processing file /opt/airflow/dags/mon_premier_dag.py for tasks to queue
[2025-09-26T17:08:19.625+0000] {logging_mixin.py:190} INFO - [2025-09-26T17:08:19.622+0000] {dagbag.py:588} INFO - Filling up the DagBag from /opt/airflow/dags/mon_premier_dag.py
[2025-09-26T17:08:19.865+0000] {processor.py:925} INFO - DAG(s) 'mon_premier_dag' retrieved from /opt/airflow/dags/mon_premier_dag.py
[2025-09-26T17:08:20.012+0000] {logging_mixin.py:190} INFO - [2025-09-26T17:08:20.011+0000] {dag.py:3239} INFO - Sync 1 DAGs
[2025-09-26T17:08:20.842+0000] {logging_mixin.py:190} INFO - [2025-09-26T17:08:20.841+0000] {dag.py:4180} INFO - Setting next_dagrun for mon_premier_dag to 2025-09-26 00:00:00+00:00, run_after=2025-09-27 00:00:00+00:00
[2025-09-26T17:08:20.901+0000] {processor.py:208} INFO - Processing /opt/airflow/dags/mon_premier_dag.py took 1.379 seconds
[2025-09-26T17:08:51.368+0000] {processor.py:186} INFO - Started process (PID=294) to work on /opt/airflow/dags/mon_premier_dag.py
[2025-09-26T17:08:51.370+0000] {processor.py:914} INFO - Processing file /opt/airflow/dags/mon_premier_dag.py for tasks to queue
[2025-09-26T17:08:51.375+0000] {logging_mixin.py:190} INFO - [2025-09-26T17:08:51.375+0000] {dagbag.py:588} INFO - Filling up the DagBag from /opt/airflow/dags/mon_premier_dag.py
[2025-09-26T17:08:51.410+0000] {processor.py:925} INFO - DAG(s) 'mon_premier_dag' retrieved from /opt/airflow/dags/mon_premier_dag.py
[2025-09-26T17:08:51.451+0000] {logging_mixin.py:190} INFO - [2025-09-26T17:08:51.451+0000] {dag.py:3239} INFO - Sync 1 DAGs
[2025-09-26T17:08:51.738+0000] {logging_mixin.py:190} INFO - [2025-09-26T17:08:51.738+0000] {dag.py:4180} INFO - Setting next_dagrun for mon_premier_dag to 2025-09-26 00:00:00+00:00, run_after=2025-09-27 00:00:00+00:00
[2025-09-26T17:08:51.779+0000] {processor.py:208} INFO - Processing /opt/airflow/dags/mon_premier_dag.py took 0.422 seconds
[2025-09-26T17:09:22.174+0000] {processor.py:186} INFO - Started process (PID=320) to work on /opt/airflow/dags/mon_premier_dag.py
[2025-09-26T17:09:22.176+0000] {processor.py:914} INFO - Processing file /opt/airflow/dags/mon_premier_dag.py for tasks to queue
[2025-09-26T17:09:22.179+0000] {logging_mixin.py:190} INFO - [2025-09-26T17:09:22.178+0000] {dagbag.py:588} INFO - Filling up the DagBag from /opt/airflow/dags/mon_premier_dag.py
[2025-09-26T17:09:22.213+0000] {processor.py:925} INFO - DAG(s) 'mon_premier_dag' retrieved from /opt/airflow/dags/mon_premier_dag.py
[2025-09-26T17:09:22.524+0000] {logging_mixin.py:190} INFO - [2025-09-26T17:09:22.524+0000] {dag.py:3239} INFO - Sync 1 DAGs
[2025-09-26T17:09:22.576+0000] {logging_mixin.py:190} INFO - [2025-09-26T17:09:22.575+0000] {dag.py:4180} INFO - Setting next_dagrun for mon_premier_dag to 2025-09-26 00:00:00+00:00, run_after=2025-09-27 00:00:00+00:00
[2025-09-26T17:09:22.619+0000] {processor.py:208} INFO - Processing /opt/airflow/dags/mon_premier_dag.py took 0.454 seconds
[2025-09-26T17:09:53.845+0000] {processor.py:186} INFO - Started process (PID=349) to work on /opt/airflow/dags/mon_premier_dag.py
[2025-09-26T17:09:53.847+0000] {processor.py:914} INFO - Processing file /opt/airflow/dags/mon_premier_dag.py for tasks to queue
[2025-09-26T17:09:53.850+0000] {logging_mixin.py:190} INFO - [2025-09-26T17:09:53.850+0000] {dagbag.py:588} INFO - Filling up the DagBag from /opt/airflow/dags/mon_premier_dag.py
[2025-09-26T17:09:53.890+0000] {processor.py:925} INFO - DAG(s) 'mon_premier_dag' retrieved from /opt/airflow/dags/mon_premier_dag.py
[2025-09-26T17:09:53.939+0000] {logging_mixin.py:190} INFO - [2025-09-26T17:09:53.938+0000] {dag.py:3239} INFO - Sync 1 DAGs
[2025-09-26T17:09:53.990+0000] {logging_mixin.py:190} INFO - [2025-09-26T17:09:53.990+0000] {dag.py:4180} INFO - Setting next_dagrun for mon_premier_dag to 2025-09-26 00:00:00+00:00, run_after=2025-09-27 00:00:00+00:00
[2025-09-26T17:09:54.026+0000] {processor.py:208} INFO - Processing /opt/airflow/dags/mon_premier_dag.py took 0.191 seconds
[2025-09-26T17:10:24.274+0000] {processor.py:186} INFO - Started process (PID=375) to work on /opt/airflow/dags/mon_premier_dag.py
[2025-09-26T17:10:24.277+0000] {processor.py:914} INFO - Processing file /opt/airflow/dags/mon_premier_dag.py for tasks to queue
[2025-09-26T17:10:24.281+0000] {logging_mixin.py:190} INFO - [2025-09-26T17:10:24.280+0000] {dagbag.py:588} INFO - Filling up the DagBag from /opt/airflow/dags/mon_premier_dag.py
[2025-09-26T17:10:24.337+0000] {processor.py:925} INFO - DAG(s) 'mon_premier_dag' retrieved from /opt/airflow/dags/mon_premier_dag.py
[2025-09-26T17:10:24.392+0000] {logging_mixin.py:190} INFO - [2025-09-26T17:10:24.391+0000] {dag.py:3239} INFO - Sync 1 DAGs
[2025-09-26T17:10:24.455+0000] {logging_mixin.py:190} INFO - [2025-09-26T17:10:24.455+0000] {dag.py:4180} INFO - Setting next_dagrun for mon_premier_dag to 2025-09-26 00:00:00+00:00, run_after=2025-09-27 00:00:00+00:00
[2025-09-26T17:10:24.505+0000] {processor.py:208} INFO - Processing /opt/airflow/dags/mon_premier_dag.py took 0.243 seconds
[2025-09-26T17:10:54.881+0000] {processor.py:186} INFO - Started process (PID=404) to work on /opt/airflow/dags/mon_premier_dag.py
[2025-09-26T17:10:54.884+0000] {processor.py:914} INFO - Processing file /opt/airflow/dags/mon_premier_dag.py for tasks to queue
[2025-09-26T17:10:54.890+0000] {logging_mixin.py:190} INFO - [2025-09-26T17:10:54.889+0000] {dagbag.py:588} INFO - Filling up the DagBag from /opt/airflow/dags/mon_premier_dag.py
[2025-09-26T17:10:54.939+0000] {processor.py:925} INFO - DAG(s) 'mon_premier_dag' retrieved from /opt/airflow/dags/mon_premier_dag.py
[2025-09-26T17:10:54.991+0000] {logging_mixin.py:190} INFO - [2025-09-26T17:10:54.990+0000] {dag.py:3239} INFO - Sync 1 DAGs
[2025-09-26T17:10:55.062+0000] {logging_mixin.py:190} INFO - [2025-09-26T17:10:55.061+0000] {dag.py:4180} INFO - Setting next_dagrun for mon_premier_dag to 2025-09-26 00:00:00+00:00, run_after=2025-09-27 00:00:00+00:00
[2025-09-26T17:10:55.104+0000] {processor.py:208} INFO - Processing /opt/airflow/dags/mon_premier_dag.py took 0.238 seconds
[2025-09-26T17:11:25.450+0000] {processor.py:186} INFO - Started process (PID=430) to work on /opt/airflow/dags/mon_premier_dag.py
[2025-09-26T17:11:25.453+0000] {processor.py:914} INFO - Processing file /opt/airflow/dags/mon_premier_dag.py for tasks to queue
[2025-09-26T17:11:25.457+0000] {logging_mixin.py:190} INFO - [2025-09-26T17:11:25.456+0000] {dagbag.py:588} INFO - Filling up the DagBag from /opt/airflow/dags/mon_premier_dag.py
[2025-09-26T17:11:25.507+0000] {processor.py:925} INFO - DAG(s) 'mon_premier_dag' retrieved from /opt/airflow/dags/mon_premier_dag.py
[2025-09-26T17:11:25.581+0000] {logging_mixin.py:190} INFO - [2025-09-26T17:11:25.580+0000] {dag.py:3239} INFO - Sync 1 DAGs
[2025-09-26T17:11:25.682+0000] {logging_mixin.py:190} INFO - [2025-09-26T17:11:25.682+0000] {dag.py:4180} INFO - Setting next_dagrun for mon_premier_dag to 2025-09-26 00:00:00+00:00, run_after=2025-09-27 00:00:00+00:00
[2025-09-26T17:11:25.744+0000] {processor.py:208} INFO - Processing /opt/airflow/dags/mon_premier_dag.py took 0.310 seconds
[2025-09-26T17:11:56.335+0000] {processor.py:186} INFO - Started process (PID=456) to work on /opt/airflow/dags/mon_premier_dag.py
[2025-09-26T17:11:56.338+0000] {processor.py:914} INFO - Processing file /opt/airflow/dags/mon_premier_dag.py for tasks to queue
[2025-09-26T17:11:56.343+0000] {logging_mixin.py:190} INFO - [2025-09-26T17:11:56.342+0000] {dagbag.py:588} INFO - Filling up the DagBag from /opt/airflow/dags/mon_premier_dag.py
[2025-09-26T17:11:56.405+0000] {processor.py:925} INFO - DAG(s) 'mon_premier_dag' retrieved from /opt/airflow/dags/mon_premier_dag.py
[2025-09-26T17:11:56.488+0000] {logging_mixin.py:190} INFO - [2025-09-26T17:11:56.487+0000] {dag.py:3239} INFO - Sync 1 DAGs
[2025-09-26T17:11:56.584+0000] {logging_mixin.py:190} INFO - [2025-09-26T17:11:56.582+0000] {dag.py:4180} INFO - Setting next_dagrun for mon_premier_dag to 2025-09-26 00:00:00+00:00, run_after=2025-09-27 00:00:00+00:00
[2025-09-26T17:11:56.648+0000] {processor.py:208} INFO - Processing /opt/airflow/dags/mon_premier_dag.py took 0.331 seconds
[2025-09-26T17:12:26.873+0000] {processor.py:186} INFO - Started process (PID=488) to work on /opt/airflow/dags/mon_premier_dag.py
[2025-09-26T17:12:26.875+0000] {processor.py:914} INFO - Processing file /opt/airflow/dags/mon_premier_dag.py for tasks to queue
[2025-09-26T17:12:26.879+0000] {logging_mixin.py:190} INFO - [2025-09-26T17:12:26.878+0000] {dagbag.py:588} INFO - Filling up the DagBag from /opt/airflow/dags/mon_premier_dag.py
[2025-09-26T17:12:26.912+0000] {processor.py:925} INFO - DAG(s) 'mon_premier_dag' retrieved from /opt/airflow/dags/mon_premier_dag.py
[2025-09-26T17:12:26.956+0000] {logging_mixin.py:190} INFO - [2025-09-26T17:12:26.956+0000] {dag.py:3239} INFO - Sync 1 DAGs
[2025-09-26T17:12:27.011+0000] {logging_mixin.py:190} INFO - [2025-09-26T17:12:27.011+0000] {dag.py:4180} INFO - Setting next_dagrun for mon_premier_dag to 2025-09-26 00:00:00+00:00, run_after=2025-09-27 00:00:00+00:00
[2025-09-26T17:12:27.052+0000] {processor.py:208} INFO - Processing /opt/airflow/dags/mon_premier_dag.py took 0.188 seconds
[2025-09-26T17:12:57.846+0000] {processor.py:186} INFO - Started process (PID=515) to work on /opt/airflow/dags/mon_premier_dag.py
[2025-09-26T17:12:57.848+0000] {processor.py:914} INFO - Processing file /opt/airflow/dags/mon_premier_dag.py for tasks to queue
[2025-09-26T17:12:57.851+0000] {logging_mixin.py:190} INFO - [2025-09-26T17:12:57.850+0000] {dagbag.py:588} INFO - Filling up the DagBag from /opt/airflow/dags/mon_premier_dag.py
[2025-09-26T17:12:57.885+0000] {processor.py:925} INFO - DAG(s) 'mon_premier_dag' retrieved from /opt/airflow/dags/mon_premier_dag.py
[2025-09-26T17:12:57.922+0000] {logging_mixin.py:190} INFO - [2025-09-26T17:12:57.922+0000] {dag.py:3239} INFO - Sync 1 DAGs
[2025-09-26T17:12:57.963+0000] {logging_mixin.py:190} INFO - [2025-09-26T17:12:57.962+0000] {dag.py:4180} INFO - Setting next_dagrun for mon_premier_dag to 2025-09-26 00:00:00+00:00, run_after=2025-09-27 00:00:00+00:00
[2025-09-26T17:12:58.056+0000] {processor.py:208} INFO - Processing /opt/airflow/dags/mon_premier_dag.py took 0.219 seconds
[2025-09-26T17:13:28.866+0000] {processor.py:186} INFO - Started process (PID=542) to work on /opt/airflow/dags/mon_premier_dag.py
[2025-09-26T17:13:28.868+0000] {processor.py:914} INFO - Processing file /opt/airflow/dags/mon_premier_dag.py for tasks to queue
[2025-09-26T17:13:28.872+0000] {logging_mixin.py:190} INFO - [2025-09-26T17:13:28.871+0000] {dagbag.py:588} INFO - Filling up the DagBag from /opt/airflow/dags/mon_premier_dag.py
[2025-09-26T17:13:28.906+0000] {processor.py:925} INFO - DAG(s) 'mon_premier_dag' retrieved from /opt/airflow/dags/mon_premier_dag.py
[2025-09-26T17:13:28.944+0000] {logging_mixin.py:190} INFO - [2025-09-26T17:13:28.943+0000] {dag.py:3239} INFO - Sync 1 DAGs
[2025-09-26T17:13:28.998+0000] {logging_mixin.py:190} INFO - [2025-09-26T17:13:28.998+0000] {dag.py:4180} INFO - Setting next_dagrun for mon_premier_dag to 2025-09-26 00:00:00+00:00, run_after=2025-09-27 00:00:00+00:00
[2025-09-26T17:13:29.032+0000] {processor.py:208} INFO - Processing /opt/airflow/dags/mon_premier_dag.py took 0.176 seconds
[2025-09-26T17:13:59.903+0000] {processor.py:186} INFO - Started process (PID=568) to work on /opt/airflow/dags/mon_premier_dag.py
[2025-09-26T17:13:59.904+0000] {processor.py:914} INFO - Processing file /opt/airflow/dags/mon_premier_dag.py for tasks to queue
[2025-09-26T17:13:59.909+0000] {logging_mixin.py:190} INFO - [2025-09-26T17:13:59.909+0000] {dagbag.py:588} INFO - Filling up the DagBag from /opt/airflow/dags/mon_premier_dag.py
[2025-09-26T17:13:59.941+0000] {processor.py:925} INFO - DAG(s) 'mon_premier_dag' retrieved from /opt/airflow/dags/mon_premier_dag.py
[2025-09-26T17:13:59.982+0000] {logging_mixin.py:190} INFO - [2025-09-26T17:13:59.982+0000] {dag.py:3239} INFO - Sync 1 DAGs
[2025-09-26T17:14:00.031+0000] {logging_mixin.py:190} INFO - [2025-09-26T17:14:00.031+0000] {dag.py:4180} INFO - Setting next_dagrun for mon_premier_dag to 2025-09-26 00:00:00+00:00, run_after=2025-09-27 00:00:00+00:00
[2025-09-26T17:14:00.097+0000] {processor.py:208} INFO - Processing /opt/airflow/dags/mon_premier_dag.py took 0.202 seconds
[2025-09-26T17:14:30.871+0000] {processor.py:186} INFO - Started process (PID=594) to work on /opt/airflow/dags/mon_premier_dag.py
[2025-09-26T17:14:30.873+0000] {processor.py:914} INFO - Processing file /opt/airflow/dags/mon_premier_dag.py for tasks to queue
[2025-09-26T17:14:30.877+0000] {logging_mixin.py:190} INFO - [2025-09-26T17:14:30.876+0000] {dagbag.py:588} INFO - Filling up the DagBag from /opt/airflow/dags/mon_premier_dag.py
[2025-09-26T17:14:30.909+0000] {processor.py:925} INFO - DAG(s) 'mon_premier_dag' retrieved from /opt/airflow/dags/mon_premier_dag.py
[2025-09-26T17:14:30.949+0000] {logging_mixin.py:190} INFO - [2025-09-26T17:14:30.949+0000] {dag.py:3239} INFO - Sync 1 DAGs
[2025-09-26T17:14:30.994+0000] {logging_mixin.py:190} INFO - [2025-09-26T17:14:30.993+0000] {dag.py:4180} INFO - Setting next_dagrun for mon_premier_dag to 2025-09-26 00:00:00+00:00, run_after=2025-09-27 00:00:00+00:00
[2025-09-26T17:14:31.025+0000] {processor.py:208} INFO - Processing /opt/airflow/dags/mon_premier_dag.py took 0.165 seconds
[2025-09-26T17:15:01.871+0000] {processor.py:186} INFO - Started process (PID=620) to work on /opt/airflow/dags/mon_premier_dag.py
[2025-09-26T17:15:01.873+0000] {processor.py:914} INFO - Processing file /opt/airflow/dags/mon_premier_dag.py for tasks to queue
[2025-09-26T17:15:01.876+0000] {logging_mixin.py:190} INFO - [2025-09-26T17:15:01.875+0000] {dagbag.py:588} INFO - Filling up the DagBag from /opt/airflow/dags/mon_premier_dag.py
[2025-09-26T17:15:01.911+0000] {processor.py:925} INFO - DAG(s) 'mon_premier_dag' retrieved from /opt/airflow/dags/mon_premier_dag.py
[2025-09-26T17:15:01.955+0000] {logging_mixin.py:190} INFO - [2025-09-26T17:15:01.955+0000] {dag.py:3239} INFO - Sync 1 DAGs
[2025-09-26T17:15:02.000+0000] {logging_mixin.py:190} INFO - [2025-09-26T17:15:02.000+0000] {dag.py:4180} INFO - Setting next_dagrun for mon_premier_dag to 2025-09-26 00:00:00+00:00, run_after=2025-09-27 00:00:00+00:00
[2025-09-26T17:15:02.069+0000] {processor.py:208} INFO - Processing /opt/airflow/dags/mon_premier_dag.py took 0.207 seconds
[2025-09-26T17:15:32.855+0000] {processor.py:186} INFO - Started process (PID=646) to work on /opt/airflow/dags/mon_premier_dag.py
[2025-09-26T17:15:32.857+0000] {processor.py:914} INFO - Processing file /opt/airflow/dags/mon_premier_dag.py for tasks to queue
[2025-09-26T17:15:32.864+0000] {logging_mixin.py:190} INFO - [2025-09-26T17:15:32.863+0000] {dagbag.py:588} INFO - Filling up the DagBag from /opt/airflow/dags/mon_premier_dag.py
[2025-09-26T17:15:32.909+0000] {processor.py:925} INFO - DAG(s) 'mon_premier_dag' retrieved from /opt/airflow/dags/mon_premier_dag.py
[2025-09-26T17:15:32.950+0000] {logging_mixin.py:190} INFO - [2025-09-26T17:15:32.950+0000] {dag.py:3239} INFO - Sync 1 DAGs
[2025-09-26T17:15:32.994+0000] {logging_mixin.py:190} INFO - [2025-09-26T17:15:32.993+0000] {dag.py:4180} INFO - Setting next_dagrun for mon_premier_dag to 2025-09-26 00:00:00+00:00, run_after=2025-09-27 00:00:00+00:00
[2025-09-26T17:15:33.026+0000] {processor.py:208} INFO - Processing /opt/airflow/dags/mon_premier_dag.py took 0.184 seconds
[2025-09-26T17:16:03.596+0000] {processor.py:186} INFO - Started process (PID=673) to work on /opt/airflow/dags/mon_premier_dag.py
[2025-09-26T17:16:03.598+0000] {processor.py:914} INFO - Processing file /opt/airflow/dags/mon_premier_dag.py for tasks to queue
[2025-09-26T17:16:03.601+0000] {logging_mixin.py:190} INFO - [2025-09-26T17:16:03.601+0000] {dagbag.py:588} INFO - Filling up the DagBag from /opt/airflow/dags/mon_premier_dag.py
[2025-09-26T17:16:03.637+0000] {processor.py:925} INFO - DAG(s) 'mon_premier_dag' retrieved from /opt/airflow/dags/mon_premier_dag.py
[2025-09-26T17:16:03.680+0000] {logging_mixin.py:190} INFO - [2025-09-26T17:16:03.680+0000] {dag.py:3239} INFO - Sync 1 DAGs
[2025-09-26T17:16:03.724+0000] {logging_mixin.py:190} INFO - [2025-09-26T17:16:03.723+0000] {dag.py:4180} INFO - Setting next_dagrun for mon_premier_dag to 2025-09-26 00:00:00+00:00, run_after=2025-09-27 00:00:00+00:00
[2025-09-26T17:16:03.850+0000] {processor.py:208} INFO - Processing /opt/airflow/dags/mon_premier_dag.py took 0.263 seconds
[2025-09-26T17:16:34.684+0000] {processor.py:186} INFO - Started process (PID=699) to work on /opt/airflow/dags/mon_premier_dag.py
[2025-09-26T17:16:34.685+0000] {processor.py:914} INFO - Processing file /opt/airflow/dags/mon_premier_dag.py for tasks to queue
[2025-09-26T17:16:34.689+0000] {logging_mixin.py:190} INFO - [2025-09-26T17:16:34.688+0000] {dagbag.py:588} INFO - Filling up the DagBag from /opt/airflow/dags/mon_premier_dag.py
[2025-09-26T17:16:34.731+0000] {processor.py:925} INFO - DAG(s) 'mon_premier_dag' retrieved from /opt/airflow/dags/mon_premier_dag.py
[2025-09-26T17:16:34.786+0000] {logging_mixin.py:190} INFO - [2025-09-26T17:16:34.786+0000] {dag.py:3239} INFO - Sync 1 DAGs
[2025-09-26T17:16:34.848+0000] {logging_mixin.py:190} INFO - [2025-09-26T17:16:34.847+0000] {dag.py:4180} INFO - Setting next_dagrun for mon_premier_dag to 2025-09-26 00:00:00+00:00, run_after=2025-09-27 00:00:00+00:00
[2025-09-26T17:16:34.891+0000] {processor.py:208} INFO - Processing /opt/airflow/dags/mon_premier_dag.py took 0.217 seconds
[2025-09-26T17:17:05.476+0000] {processor.py:186} INFO - Started process (PID=725) to work on /opt/airflow/dags/mon_premier_dag.py
[2025-09-26T17:17:05.477+0000] {processor.py:914} INFO - Processing file /opt/airflow/dags/mon_premier_dag.py for tasks to queue
[2025-09-26T17:17:05.482+0000] {logging_mixin.py:190} INFO - [2025-09-26T17:17:05.481+0000] {dagbag.py:588} INFO - Filling up the DagBag from /opt/airflow/dags/mon_premier_dag.py
[2025-09-26T17:17:05.513+0000] {processor.py:925} INFO - DAG(s) 'mon_premier_dag' retrieved from /opt/airflow/dags/mon_premier_dag.py
[2025-09-26T17:17:05.551+0000] {logging_mixin.py:190} INFO - [2025-09-26T17:17:05.551+0000] {dag.py:3239} INFO - Sync 1 DAGs
[2025-09-26T17:17:05.595+0000] {logging_mixin.py:190} INFO - [2025-09-26T17:17:05.594+0000] {dag.py:4180} INFO - Setting next_dagrun for mon_premier_dag to 2025-09-26 00:00:00+00:00, run_after=2025-09-27 00:00:00+00:00
[2025-09-26T17:17:05.624+0000] {processor.py:208} INFO - Processing /opt/airflow/dags/mon_premier_dag.py took 0.157 seconds
[2025-09-26T17:17:36.471+0000] {processor.py:186} INFO - Started process (PID=757) to work on /opt/airflow/dags/mon_premier_dag.py
[2025-09-26T17:17:36.473+0000] {processor.py:914} INFO - Processing file /opt/airflow/dags/mon_premier_dag.py for tasks to queue
[2025-09-26T17:17:36.476+0000] {logging_mixin.py:190} INFO - [2025-09-26T17:17:36.476+0000] {dagbag.py:588} INFO - Filling up the DagBag from /opt/airflow/dags/mon_premier_dag.py
[2025-09-26T17:17:36.513+0000] {processor.py:925} INFO - DAG(s) 'mon_premier_dag' retrieved from /opt/airflow/dags/mon_premier_dag.py
[2025-09-26T17:17:36.552+0000] {logging_mixin.py:190} INFO - [2025-09-26T17:17:36.551+0000] {dag.py:3239} INFO - Sync 1 DAGs
[2025-09-26T17:17:36.595+0000] {logging_mixin.py:190} INFO - [2025-09-26T17:17:36.595+0000] {dag.py:4180} INFO - Setting next_dagrun for mon_premier_dag to 2025-09-26 00:00:00+00:00, run_after=2025-09-27 00:00:00+00:00
[2025-09-26T17:17:36.628+0000] {processor.py:208} INFO - Processing /opt/airflow/dags/mon_premier_dag.py took 0.167 seconds
[2025-09-26T17:18:07.211+0000] {processor.py:186} INFO - Started process (PID=784) to work on /opt/airflow/dags/mon_premier_dag.py
[2025-09-26T17:18:07.213+0000] {processor.py:914} INFO - Processing file /opt/airflow/dags/mon_premier_dag.py for tasks to queue
[2025-09-26T17:18:07.216+0000] {logging_mixin.py:190} INFO - [2025-09-26T17:18:07.216+0000] {dagbag.py:588} INFO - Filling up the DagBag from /opt/airflow/dags/mon_premier_dag.py
[2025-09-26T17:18:07.249+0000] {processor.py:925} INFO - DAG(s) 'mon_premier_dag' retrieved from /opt/airflow/dags/mon_premier_dag.py
[2025-09-26T17:18:07.286+0000] {logging_mixin.py:190} INFO - [2025-09-26T17:18:07.286+0000] {dag.py:3239} INFO - Sync 1 DAGs
[2025-09-26T17:18:07.329+0000] {logging_mixin.py:190} INFO - [2025-09-26T17:18:07.328+0000] {dag.py:4180} INFO - Setting next_dagrun for mon_premier_dag to 2025-09-26 00:00:00+00:00, run_after=2025-09-27 00:00:00+00:00
[2025-09-26T17:18:07.362+0000] {processor.py:208} INFO - Processing /opt/airflow/dags/mon_premier_dag.py took 0.160 seconds
[2025-09-26T17:18:38.129+0000] {processor.py:186} INFO - Started process (PID=810) to work on /opt/airflow/dags/mon_premier_dag.py
[2025-09-26T17:18:38.131+0000] {processor.py:914} INFO - Processing file /opt/airflow/dags/mon_premier_dag.py for tasks to queue
[2025-09-26T17:18:38.134+0000] {logging_mixin.py:190} INFO - [2025-09-26T17:18:38.134+0000] {dagbag.py:588} INFO - Filling up the DagBag from /opt/airflow/dags/mon_premier_dag.py
[2025-09-26T17:18:38.167+0000] {processor.py:925} INFO - DAG(s) 'mon_premier_dag' retrieved from /opt/airflow/dags/mon_premier_dag.py
[2025-09-26T17:18:38.205+0000] {logging_mixin.py:190} INFO - [2025-09-26T17:18:38.205+0000] {dag.py:3239} INFO - Sync 1 DAGs
[2025-09-26T17:18:38.250+0000] {logging_mixin.py:190} INFO - [2025-09-26T17:18:38.250+0000] {dag.py:4180} INFO - Setting next_dagrun for mon_premier_dag to 2025-09-26 00:00:00+00:00, run_after=2025-09-27 00:00:00+00:00
[2025-09-26T17:18:38.314+0000] {processor.py:208} INFO - Processing /opt/airflow/dags/mon_premier_dag.py took 0.194 seconds
[2025-09-26T17:19:09.024+0000] {processor.py:186} INFO - Started process (PID=836) to work on /opt/airflow/dags/mon_premier_dag.py
[2025-09-26T17:19:09.026+0000] {processor.py:914} INFO - Processing file /opt/airflow/dags/mon_premier_dag.py for tasks to queue
[2025-09-26T17:19:09.029+0000] {logging_mixin.py:190} INFO - [2025-09-26T17:19:09.029+0000] {dagbag.py:588} INFO - Filling up the DagBag from /opt/airflow/dags/mon_premier_dag.py
[2025-09-26T17:19:09.064+0000] {processor.py:925} INFO - DAG(s) 'mon_premier_dag' retrieved from /opt/airflow/dags/mon_premier_dag.py
[2025-09-26T17:19:09.102+0000] {logging_mixin.py:190} INFO - [2025-09-26T17:19:09.102+0000] {dag.py:3239} INFO - Sync 1 DAGs
[2025-09-26T17:19:09.154+0000] {logging_mixin.py:190} INFO - [2025-09-26T17:19:09.154+0000] {dag.py:4180} INFO - Setting next_dagrun for mon_premier_dag to 2025-09-26 00:00:00+00:00, run_after=2025-09-27 00:00:00+00:00
[2025-09-26T17:19:09.186+0000] {processor.py:208} INFO - Processing /opt/airflow/dags/mon_premier_dag.py took 0.173 seconds
[2025-09-26T17:19:40.095+0000] {processor.py:186} INFO - Started process (PID=862) to work on /opt/airflow/dags/mon_premier_dag.py
[2025-09-26T17:19:40.097+0000] {processor.py:914} INFO - Processing file /opt/airflow/dags/mon_premier_dag.py for tasks to queue
[2025-09-26T17:19:40.102+0000] {logging_mixin.py:190} INFO - [2025-09-26T17:19:40.101+0000] {dagbag.py:588} INFO - Filling up the DagBag from /opt/airflow/dags/mon_premier_dag.py
[2025-09-26T17:19:40.134+0000] {processor.py:925} INFO - DAG(s) 'mon_premier_dag' retrieved from /opt/airflow/dags/mon_premier_dag.py
[2025-09-26T17:19:40.172+0000] {logging_mixin.py:190} INFO - [2025-09-26T17:19:40.171+0000] {dag.py:3239} INFO - Sync 1 DAGs
[2025-09-26T17:19:40.213+0000] {logging_mixin.py:190} INFO - [2025-09-26T17:19:40.213+0000] {dag.py:4180} INFO - Setting next_dagrun for mon_premier_dag to 2025-09-26 00:00:00+00:00, run_after=2025-09-27 00:00:00+00:00
[2025-09-26T17:19:40.247+0000] {processor.py:208} INFO - Processing /opt/airflow/dags/mon_premier_dag.py took 0.161 seconds
[2025-09-26T17:20:11.091+0000] {processor.py:186} INFO - Started process (PID=888) to work on /opt/airflow/dags/mon_premier_dag.py
[2025-09-26T17:20:11.092+0000] {processor.py:914} INFO - Processing file /opt/airflow/dags/mon_premier_dag.py for tasks to queue
[2025-09-26T17:20:11.096+0000] {logging_mixin.py:190} INFO - [2025-09-26T17:20:11.095+0000] {dagbag.py:588} INFO - Filling up the DagBag from /opt/airflow/dags/mon_premier_dag.py
[2025-09-26T17:20:11.128+0000] {processor.py:925} INFO - DAG(s) 'mon_premier_dag' retrieved from /opt/airflow/dags/mon_premier_dag.py
[2025-09-26T17:20:11.165+0000] {logging_mixin.py:190} INFO - [2025-09-26T17:20:11.164+0000] {dag.py:3239} INFO - Sync 1 DAGs
[2025-09-26T17:20:11.207+0000] {logging_mixin.py:190} INFO - [2025-09-26T17:20:11.207+0000] {dag.py:4180} INFO - Setting next_dagrun for mon_premier_dag to 2025-09-26 00:00:00+00:00, run_after=2025-09-27 00:00:00+00:00
[2025-09-26T17:20:11.239+0000] {processor.py:208} INFO - Processing /opt/airflow/dags/mon_premier_dag.py took 0.158 seconds
[2025-09-26T17:20:42.247+0000] {processor.py:186} INFO - Started process (PID=914) to work on /opt/airflow/dags/mon_premier_dag.py
[2025-09-26T17:20:42.249+0000] {processor.py:914} INFO - Processing file /opt/airflow/dags/mon_premier_dag.py for tasks to queue
[2025-09-26T17:20:42.252+0000] {logging_mixin.py:190} INFO - [2025-09-26T17:20:42.252+0000] {dagbag.py:588} INFO - Filling up the DagBag from /opt/airflow/dags/mon_premier_dag.py
[2025-09-26T17:20:42.287+0000] {processor.py:925} INFO - DAG(s) 'mon_premier_dag' retrieved from /opt/airflow/dags/mon_premier_dag.py
[2025-09-26T17:20:42.327+0000] {logging_mixin.py:190} INFO - [2025-09-26T17:20:42.326+0000] {dag.py:3239} INFO - Sync 1 DAGs
[2025-09-26T17:20:42.373+0000] {logging_mixin.py:190} INFO - [2025-09-26T17:20:42.373+0000] {dag.py:4180} INFO - Setting next_dagrun for mon_premier_dag to 2025-09-26 00:00:00+00:00, run_after=2025-09-27 00:00:00+00:00
[2025-09-26T17:20:42.441+0000] {processor.py:208} INFO - Processing /opt/airflow/dags/mon_premier_dag.py took 0.203 seconds
[2025-09-26T17:21:12.879+0000] {processor.py:186} INFO - Started process (PID=940) to work on /opt/airflow/dags/mon_premier_dag.py
[2025-09-26T17:21:12.880+0000] {processor.py:914} INFO - Processing file /opt/airflow/dags/mon_premier_dag.py for tasks to queue
[2025-09-26T17:21:12.884+0000] {logging_mixin.py:190} INFO - [2025-09-26T17:21:12.884+0000] {dagbag.py:588} INFO - Filling up the DagBag from /opt/airflow/dags/mon_premier_dag.py
[2025-09-26T17:21:12.923+0000] {processor.py:925} INFO - DAG(s) 'mon_premier_dag' retrieved from /opt/airflow/dags/mon_premier_dag.py
[2025-09-26T17:21:12.957+0000] {logging_mixin.py:190} INFO - [2025-09-26T17:21:12.957+0000] {dag.py:3239} INFO - Sync 1 DAGs
[2025-09-26T17:21:12.997+0000] {logging_mixin.py:190} INFO - [2025-09-26T17:21:12.997+0000] {dag.py:4180} INFO - Setting next_dagrun for mon_premier_dag to 2025-09-26 00:00:00+00:00, run_after=2025-09-27 00:00:00+00:00
[2025-09-26T17:21:13.029+0000] {processor.py:208} INFO - Processing /opt/airflow/dags/mon_premier_dag.py took 0.160 seconds
[2025-09-26T17:21:43.935+0000] {processor.py:186} INFO - Started process (PID=966) to work on /opt/airflow/dags/mon_premier_dag.py
[2025-09-26T17:21:43.937+0000] {processor.py:914} INFO - Processing file /opt/airflow/dags/mon_premier_dag.py for tasks to queue
[2025-09-26T17:21:43.940+0000] {logging_mixin.py:190} INFO - [2025-09-26T17:21:43.940+0000] {dagbag.py:588} INFO - Filling up the DagBag from /opt/airflow/dags/mon_premier_dag.py
[2025-09-26T17:21:43.971+0000] {processor.py:925} INFO - DAG(s) 'mon_premier_dag' retrieved from /opt/airflow/dags/mon_premier_dag.py
[2025-09-26T17:21:44.012+0000] {logging_mixin.py:190} INFO - [2025-09-26T17:21:44.012+0000] {dag.py:3239} INFO - Sync 1 DAGs
[2025-09-26T17:21:44.060+0000] {logging_mixin.py:190} INFO - [2025-09-26T17:21:44.060+0000] {dag.py:4180} INFO - Setting next_dagrun for mon_premier_dag to 2025-09-26 00:00:00+00:00, run_after=2025-09-27 00:00:00+00:00
[2025-09-26T17:21:44.091+0000] {processor.py:208} INFO - Processing /opt/airflow/dags/mon_premier_dag.py took 0.167 seconds
[2025-09-26T17:22:14.971+0000] {processor.py:186} INFO - Started process (PID=998) to work on /opt/airflow/dags/mon_premier_dag.py
[2025-09-26T17:22:14.974+0000] {processor.py:914} INFO - Processing file /opt/airflow/dags/mon_premier_dag.py for tasks to queue
[2025-09-26T17:22:14.978+0000] {logging_mixin.py:190} INFO - [2025-09-26T17:22:14.978+0000] {dagbag.py:588} INFO - Filling up the DagBag from /opt/airflow/dags/mon_premier_dag.py
[2025-09-26T17:22:15.022+0000] {processor.py:925} INFO - DAG(s) 'mon_premier_dag' retrieved from /opt/airflow/dags/mon_premier_dag.py
[2025-09-26T17:22:15.073+0000] {logging_mixin.py:190} INFO - [2025-09-26T17:22:15.073+0000] {dag.py:3239} INFO - Sync 1 DAGs
[2025-09-26T17:22:15.125+0000] {logging_mixin.py:190} INFO - [2025-09-26T17:22:15.124+0000] {dag.py:4180} INFO - Setting next_dagrun for mon_premier_dag to 2025-09-26 00:00:00+00:00, run_after=2025-09-27 00:00:00+00:00
[2025-09-26T17:22:15.178+0000] {processor.py:208} INFO - Processing /opt/airflow/dags/mon_premier_dag.py took 0.219 seconds
[2025-09-26T17:22:45.964+0000] {processor.py:186} INFO - Started process (PID=1024) to work on /opt/airflow/dags/mon_premier_dag.py
[2025-09-26T17:22:45.965+0000] {processor.py:914} INFO - Processing file /opt/airflow/dags/mon_premier_dag.py for tasks to queue
[2025-09-26T17:22:45.969+0000] {logging_mixin.py:190} INFO - [2025-09-26T17:22:45.969+0000] {dagbag.py:588} INFO - Filling up the DagBag from /opt/airflow/dags/mon_premier_dag.py
[2025-09-26T17:22:46.003+0000] {processor.py:925} INFO - DAG(s) 'mon_premier_dag' retrieved from /opt/airflow/dags/mon_premier_dag.py
[2025-09-26T17:22:46.043+0000] {logging_mixin.py:190} INFO - [2025-09-26T17:22:46.043+0000] {dag.py:3239} INFO - Sync 1 DAGs
[2025-09-26T17:22:46.085+0000] {logging_mixin.py:190} INFO - [2025-09-26T17:22:46.085+0000] {dag.py:4180} INFO - Setting next_dagrun for mon_premier_dag to 2025-09-26 00:00:00+00:00, run_after=2025-09-27 00:00:00+00:00
[2025-09-26T17:22:46.127+0000] {processor.py:208} INFO - Processing /opt/airflow/dags/mon_premier_dag.py took 0.172 seconds
[2025-09-26T17:23:16.299+0000] {processor.py:186} INFO - Started process (PID=1050) to work on /opt/airflow/dags/mon_premier_dag.py
[2025-09-26T17:23:16.301+0000] {processor.py:914} INFO - Processing file /opt/airflow/dags/mon_premier_dag.py for tasks to queue
[2025-09-26T17:23:16.305+0000] {logging_mixin.py:190} INFO - [2025-09-26T17:23:16.305+0000] {dagbag.py:588} INFO - Filling up the DagBag from /opt/airflow/dags/mon_premier_dag.py
[2025-09-26T17:23:16.342+0000] {processor.py:925} INFO - DAG(s) 'mon_premier_dag' retrieved from /opt/airflow/dags/mon_premier_dag.py
[2025-09-26T17:23:16.383+0000] {logging_mixin.py:190} INFO - [2025-09-26T17:23:16.383+0000] {dag.py:3239} INFO - Sync 1 DAGs
[2025-09-26T17:23:16.427+0000] {logging_mixin.py:190} INFO - [2025-09-26T17:23:16.426+0000] {dag.py:4180} INFO - Setting next_dagrun for mon_premier_dag to 2025-09-26 00:00:00+00:00, run_after=2025-09-27 00:00:00+00:00
[2025-09-26T17:23:16.493+0000] {processor.py:208} INFO - Processing /opt/airflow/dags/mon_premier_dag.py took 0.202 seconds
[2025-09-26T17:23:47.385+0000] {processor.py:186} INFO - Started process (PID=1076) to work on /opt/airflow/dags/mon_premier_dag.py
[2025-09-26T17:23:47.386+0000] {processor.py:914} INFO - Processing file /opt/airflow/dags/mon_premier_dag.py for tasks to queue
[2025-09-26T17:23:47.390+0000] {logging_mixin.py:190} INFO - [2025-09-26T17:23:47.389+0000] {dagbag.py:588} INFO - Filling up the DagBag from /opt/airflow/dags/mon_premier_dag.py
[2025-09-26T17:23:47.426+0000] {processor.py:925} INFO - DAG(s) 'mon_premier_dag' retrieved from /opt/airflow/dags/mon_premier_dag.py
[2025-09-26T17:23:47.483+0000] {logging_mixin.py:190} INFO - [2025-09-26T17:23:47.483+0000] {dag.py:3239} INFO - Sync 1 DAGs
[2025-09-26T17:23:47.527+0000] {logging_mixin.py:190} INFO - [2025-09-26T17:23:47.526+0000] {dag.py:4180} INFO - Setting next_dagrun for mon_premier_dag to 2025-09-26 00:00:00+00:00, run_after=2025-09-27 00:00:00+00:00
[2025-09-26T17:23:47.562+0000] {processor.py:208} INFO - Processing /opt/airflow/dags/mon_premier_dag.py took 0.186 seconds
[2025-09-26T17:24:18.371+0000] {processor.py:186} INFO - Started process (PID=1102) to work on /opt/airflow/dags/mon_premier_dag.py
[2025-09-26T17:24:18.372+0000] {processor.py:914} INFO - Processing file /opt/airflow/dags/mon_premier_dag.py for tasks to queue
[2025-09-26T17:24:18.376+0000] {logging_mixin.py:190} INFO - [2025-09-26T17:24:18.376+0000] {dagbag.py:588} INFO - Filling up the DagBag from /opt/airflow/dags/mon_premier_dag.py
[2025-09-26T17:24:18.413+0000] {processor.py:925} INFO - DAG(s) 'mon_premier_dag' retrieved from /opt/airflow/dags/mon_premier_dag.py
[2025-09-26T17:24:18.466+0000] {logging_mixin.py:190} INFO - [2025-09-26T17:24:18.465+0000] {dag.py:3239} INFO - Sync 1 DAGs
[2025-09-26T17:24:18.513+0000] {logging_mixin.py:190} INFO - [2025-09-26T17:24:18.513+0000] {dag.py:4180} INFO - Setting next_dagrun for mon_premier_dag to 2025-09-26 00:00:00+00:00, run_after=2025-09-27 00:00:00+00:00
[2025-09-26T17:24:18.551+0000] {processor.py:208} INFO - Processing /opt/airflow/dags/mon_premier_dag.py took 0.189 seconds
[2025-09-26T17:24:49.552+0000] {processor.py:186} INFO - Started process (PID=1128) to work on /opt/airflow/dags/mon_premier_dag.py
[2025-09-26T17:24:49.553+0000] {processor.py:914} INFO - Processing file /opt/airflow/dags/mon_premier_dag.py for tasks to queue
[2025-09-26T17:24:49.557+0000] {logging_mixin.py:190} INFO - [2025-09-26T17:24:49.556+0000] {dagbag.py:588} INFO - Filling up the DagBag from /opt/airflow/dags/mon_premier_dag.py
[2025-09-26T17:24:49.588+0000] {processor.py:925} INFO - DAG(s) 'mon_premier_dag' retrieved from /opt/airflow/dags/mon_premier_dag.py
[2025-09-26T17:24:49.628+0000] {logging_mixin.py:190} INFO - [2025-09-26T17:24:49.627+0000] {dag.py:3239} INFO - Sync 1 DAGs
[2025-09-26T17:24:49.672+0000] {logging_mixin.py:190} INFO - [2025-09-26T17:24:49.672+0000] {dag.py:4180} INFO - Setting next_dagrun for mon_premier_dag to 2025-09-26 00:00:00+00:00, run_after=2025-09-27 00:00:00+00:00
[2025-09-26T17:24:49.730+0000] {processor.py:208} INFO - Processing /opt/airflow/dags/mon_premier_dag.py took 0.189 seconds
[2025-09-26T17:25:18.096+0000] {processor.py:186} INFO - Started process (PID=1154) to work on /opt/airflow/dags/mon_premier_dag.py
[2025-09-26T17:25:18.098+0000] {processor.py:914} INFO - Processing file /opt/airflow/dags/mon_premier_dag.py for tasks to queue
[2025-09-26T17:25:18.101+0000] {logging_mixin.py:190} INFO - [2025-09-26T17:25:18.101+0000] {dagbag.py:588} INFO - Filling up the DagBag from /opt/airflow/dags/mon_premier_dag.py
[2025-09-26T17:25:18.134+0000] {processor.py:925} INFO - DAG(s) 'mon_premier_dag' retrieved from /opt/airflow/dags/mon_premier_dag.py
[2025-09-26T17:25:18.173+0000] {logging_mixin.py:190} INFO - [2025-09-26T17:25:18.173+0000] {dag.py:3239} INFO - Sync 1 DAGs
[2025-09-26T17:25:18.220+0000] {logging_mixin.py:190} INFO - [2025-09-26T17:25:18.220+0000] {dag.py:4180} INFO - Setting next_dagrun for mon_premier_dag to 2025-09-26 00:00:00+00:00, run_after=2025-09-27 00:00:00+00:00
[2025-09-26T17:25:18.287+0000] {processor.py:208} INFO - Processing /opt/airflow/dags/mon_premier_dag.py took 0.199 seconds
[2025-09-26T17:25:49.108+0000] {processor.py:186} INFO - Started process (PID=1180) to work on /opt/airflow/dags/mon_premier_dag.py
[2025-09-26T17:25:49.109+0000] {processor.py:914} INFO - Processing file /opt/airflow/dags/mon_premier_dag.py for tasks to queue
[2025-09-26T17:25:49.115+0000] {logging_mixin.py:190} INFO - [2025-09-26T17:25:49.115+0000] {dagbag.py:588} INFO - Filling up the DagBag from /opt/airflow/dags/mon_premier_dag.py
[2025-09-26T17:25:49.150+0000] {processor.py:925} INFO - DAG(s) 'mon_premier_dag' retrieved from /opt/airflow/dags/mon_premier_dag.py
[2025-09-26T17:25:49.187+0000] {logging_mixin.py:190} INFO - [2025-09-26T17:25:49.187+0000] {dag.py:3239} INFO - Sync 1 DAGs
[2025-09-26T17:25:49.231+0000] {logging_mixin.py:190} INFO - [2025-09-26T17:25:49.231+0000] {dag.py:4180} INFO - Setting next_dagrun for mon_premier_dag to 2025-09-26 00:00:00+00:00, run_after=2025-09-27 00:00:00+00:00
[2025-09-26T17:25:49.264+0000] {processor.py:208} INFO - Processing /opt/airflow/dags/mon_premier_dag.py took 0.166 seconds
[2025-09-26T17:26:19.899+0000] {processor.py:186} INFO - Started process (PID=1206) to work on /opt/airflow/dags/mon_premier_dag.py
[2025-09-26T17:26:19.901+0000] {processor.py:914} INFO - Processing file /opt/airflow/dags/mon_premier_dag.py for tasks to queue
[2025-09-26T17:26:19.904+0000] {logging_mixin.py:190} INFO - [2025-09-26T17:26:19.904+0000] {dagbag.py:588} INFO - Filling up the DagBag from /opt/airflow/dags/mon_premier_dag.py
[2025-09-26T17:26:19.941+0000] {processor.py:925} INFO - DAG(s) 'mon_premier_dag' retrieved from /opt/airflow/dags/mon_premier_dag.py
[2025-09-26T17:26:19.983+0000] {logging_mixin.py:190} INFO - [2025-09-26T17:26:19.982+0000] {dag.py:3239} INFO - Sync 1 DAGs
[2025-09-26T17:26:20.024+0000] {logging_mixin.py:190} INFO - [2025-09-26T17:26:20.024+0000] {dag.py:4180} INFO - Setting next_dagrun for mon_premier_dag to 2025-09-26 00:00:00+00:00, run_after=2025-09-27 00:00:00+00:00
[2025-09-26T17:26:20.058+0000] {processor.py:208} INFO - Processing /opt/airflow/dags/mon_premier_dag.py took 0.167 seconds
[2025-09-26T17:26:50.301+0000] {processor.py:186} INFO - Started process (PID=1232) to work on /opt/airflow/dags/mon_premier_dag.py
[2025-09-26T17:26:50.302+0000] {processor.py:914} INFO - Processing file /opt/airflow/dags/mon_premier_dag.py for tasks to queue
[2025-09-26T17:26:50.306+0000] {logging_mixin.py:190} INFO - [2025-09-26T17:26:50.305+0000] {dagbag.py:588} INFO - Filling up the DagBag from /opt/airflow/dags/mon_premier_dag.py
[2025-09-26T17:26:50.340+0000] {processor.py:925} INFO - DAG(s) 'mon_premier_dag' retrieved from /opt/airflow/dags/mon_premier_dag.py
[2025-09-26T17:26:50.382+0000] {logging_mixin.py:190} INFO - [2025-09-26T17:26:50.382+0000] {dag.py:3239} INFO - Sync 1 DAGs
[2025-09-26T17:26:50.429+0000] {logging_mixin.py:190} INFO - [2025-09-26T17:26:50.428+0000] {dag.py:4180} INFO - Setting next_dagrun for mon_premier_dag to 2025-09-26 00:00:00+00:00, run_after=2025-09-27 00:00:00+00:00
[2025-09-26T17:26:50.495+0000] {processor.py:208} INFO - Processing /opt/airflow/dags/mon_premier_dag.py took 0.204 seconds
[2025-09-26T17:27:21.794+0000] {processor.py:186} INFO - Started process (PID=1258) to work on /opt/airflow/dags/mon_premier_dag.py
[2025-09-26T17:27:21.796+0000] {processor.py:914} INFO - Processing file /opt/airflow/dags/mon_premier_dag.py for tasks to queue
[2025-09-26T17:27:21.805+0000] {logging_mixin.py:190} INFO - [2025-09-26T17:27:21.804+0000] {dagbag.py:588} INFO - Filling up the DagBag from /opt/airflow/dags/mon_premier_dag.py
[2025-09-26T17:27:21.860+0000] {processor.py:925} INFO - DAG(s) 'mon_premier_dag' retrieved from /opt/airflow/dags/mon_premier_dag.py
[2025-09-26T17:27:21.931+0000] {logging_mixin.py:190} INFO - [2025-09-26T17:27:21.930+0000] {dag.py:3239} INFO - Sync 1 DAGs
[2025-09-26T17:27:22.004+0000] {logging_mixin.py:190} INFO - [2025-09-26T17:27:22.003+0000] {dag.py:4180} INFO - Setting next_dagrun for mon_premier_dag to 2025-09-26 00:00:00+00:00, run_after=2025-09-27 00:00:00+00:00
[2025-09-26T17:27:22.060+0000] {processor.py:208} INFO - Processing /opt/airflow/dags/mon_premier_dag.py took 0.300 seconds
[2025-09-26T17:27:53.023+0000] {processor.py:186} INFO - Started process (PID=1291) to work on /opt/airflow/dags/mon_premier_dag.py
[2025-09-26T17:27:53.025+0000] {processor.py:914} INFO - Processing file /opt/airflow/dags/mon_premier_dag.py for tasks to queue
[2025-09-26T17:27:53.030+0000] {logging_mixin.py:190} INFO - [2025-09-26T17:27:53.030+0000] {dagbag.py:588} INFO - Filling up the DagBag from /opt/airflow/dags/mon_premier_dag.py
[2025-09-26T17:27:53.086+0000] {processor.py:925} INFO - DAG(s) 'mon_premier_dag' retrieved from /opt/airflow/dags/mon_premier_dag.py
[2025-09-26T17:27:53.132+0000] {logging_mixin.py:190} INFO - [2025-09-26T17:27:53.131+0000] {dag.py:3239} INFO - Sync 1 DAGs
[2025-09-26T17:27:53.181+0000] {logging_mixin.py:190} INFO - [2025-09-26T17:27:53.181+0000] {dag.py:4180} INFO - Setting next_dagrun for mon_premier_dag to 2025-09-26 00:00:00+00:00, run_after=2025-09-27 00:00:00+00:00
[2025-09-26T17:27:53.230+0000] {processor.py:208} INFO - Processing /opt/airflow/dags/mon_premier_dag.py took 0.216 seconds
[2025-09-26T17:28:24.216+0000] {processor.py:186} INFO - Started process (PID=1317) to work on /opt/airflow/dags/mon_premier_dag.py
[2025-09-26T17:28:24.218+0000] {processor.py:914} INFO - Processing file /opt/airflow/dags/mon_premier_dag.py for tasks to queue
[2025-09-26T17:28:24.227+0000] {logging_mixin.py:190} INFO - [2025-09-26T17:28:24.226+0000] {dagbag.py:588} INFO - Filling up the DagBag from /opt/airflow/dags/mon_premier_dag.py
[2025-09-26T17:28:24.276+0000] {processor.py:925} INFO - DAG(s) 'mon_premier_dag' retrieved from /opt/airflow/dags/mon_premier_dag.py
[2025-09-26T17:28:24.342+0000] {logging_mixin.py:190} INFO - [2025-09-26T17:28:24.342+0000] {dag.py:3239} INFO - Sync 1 DAGs
[2025-09-26T17:28:24.427+0000] {logging_mixin.py:190} INFO - [2025-09-26T17:28:24.426+0000] {dag.py:4180} INFO - Setting next_dagrun for mon_premier_dag to 2025-09-26 00:00:00+00:00, run_after=2025-09-27 00:00:00+00:00
[2025-09-26T17:28:24.489+0000] {processor.py:208} INFO - Processing /opt/airflow/dags/mon_premier_dag.py took 0.285 seconds
[2025-09-26T17:28:55.847+0000] {processor.py:186} INFO - Started process (PID=1343) to work on /opt/airflow/dags/mon_premier_dag.py
[2025-09-26T17:28:55.849+0000] {processor.py:914} INFO - Processing file /opt/airflow/dags/mon_premier_dag.py for tasks to queue
[2025-09-26T17:28:55.853+0000] {logging_mixin.py:190} INFO - [2025-09-26T17:28:55.853+0000] {dagbag.py:588} INFO - Filling up the DagBag from /opt/airflow/dags/mon_premier_dag.py
[2025-09-26T17:28:55.889+0000] {processor.py:925} INFO - DAG(s) 'mon_premier_dag' retrieved from /opt/airflow/dags/mon_premier_dag.py
[2025-09-26T17:28:55.937+0000] {logging_mixin.py:190} INFO - [2025-09-26T17:28:55.936+0000] {dag.py:3239} INFO - Sync 1 DAGs
[2025-09-26T17:28:56.004+0000] {logging_mixin.py:190} INFO - [2025-09-26T17:28:56.004+0000] {dag.py:4180} INFO - Setting next_dagrun for mon_premier_dag to 2025-09-26 00:00:00+00:00, run_after=2025-09-27 00:00:00+00:00
[2025-09-26T17:28:56.070+0000] {processor.py:208} INFO - Processing /opt/airflow/dags/mon_premier_dag.py took 0.234 seconds
[2025-09-26T17:29:26.513+0000] {processor.py:186} INFO - Started process (PID=1369) to work on /opt/airflow/dags/mon_premier_dag.py
[2025-09-26T17:29:26.515+0000] {processor.py:914} INFO - Processing file /opt/airflow/dags/mon_premier_dag.py for tasks to queue
[2025-09-26T17:29:26.520+0000] {logging_mixin.py:190} INFO - [2025-09-26T17:29:26.519+0000] {dagbag.py:588} INFO - Filling up the DagBag from /opt/airflow/dags/mon_premier_dag.py
[2025-09-26T17:29:26.569+0000] {processor.py:925} INFO - DAG(s) 'mon_premier_dag' retrieved from /opt/airflow/dags/mon_premier_dag.py
[2025-09-26T17:29:26.636+0000] {logging_mixin.py:190} INFO - [2025-09-26T17:29:26.636+0000] {dag.py:3239} INFO - Sync 1 DAGs
[2025-09-26T17:29:26.733+0000] {logging_mixin.py:190} INFO - [2025-09-26T17:29:26.732+0000] {dag.py:4180} INFO - Setting next_dagrun for mon_premier_dag to 2025-09-26 00:00:00+00:00, run_after=2025-09-27 00:00:00+00:00
[2025-09-26T17:29:26.801+0000] {processor.py:208} INFO - Processing /opt/airflow/dags/mon_premier_dag.py took 0.301 seconds
[2025-09-26T17:29:57.038+0000] {processor.py:186} INFO - Started process (PID=1395) to work on /opt/airflow/dags/mon_premier_dag.py
[2025-09-26T17:29:57.041+0000] {processor.py:914} INFO - Processing file /opt/airflow/dags/mon_premier_dag.py for tasks to queue
[2025-09-26T17:29:57.049+0000] {logging_mixin.py:190} INFO - [2025-09-26T17:29:57.048+0000] {dagbag.py:588} INFO - Filling up the DagBag from /opt/airflow/dags/mon_premier_dag.py
[2025-09-26T17:29:57.098+0000] {processor.py:925} INFO - DAG(s) 'mon_premier_dag' retrieved from /opt/airflow/dags/mon_premier_dag.py
[2025-09-26T17:29:57.158+0000] {logging_mixin.py:190} INFO - [2025-09-26T17:29:57.157+0000] {dag.py:3239} INFO - Sync 1 DAGs
[2025-09-26T17:29:57.227+0000] {logging_mixin.py:190} INFO - [2025-09-26T17:29:57.226+0000] {dag.py:4180} INFO - Setting next_dagrun for mon_premier_dag to 2025-09-26 00:00:00+00:00, run_after=2025-09-27 00:00:00+00:00
[2025-09-26T17:29:57.275+0000] {processor.py:208} INFO - Processing /opt/airflow/dags/mon_premier_dag.py took 0.250 seconds
[2025-09-26T17:30:28.083+0000] {processor.py:186} INFO - Started process (PID=1421) to work on /opt/airflow/dags/mon_premier_dag.py
[2025-09-26T17:30:28.087+0000] {processor.py:914} INFO - Processing file /opt/airflow/dags/mon_premier_dag.py for tasks to queue
[2025-09-26T17:30:28.097+0000] {logging_mixin.py:190} INFO - [2025-09-26T17:30:28.096+0000] {dagbag.py:588} INFO - Filling up the DagBag from /opt/airflow/dags/mon_premier_dag.py
[2025-09-26T17:30:28.153+0000] {processor.py:925} INFO - DAG(s) 'mon_premier_dag' retrieved from /opt/airflow/dags/mon_premier_dag.py
[2025-09-26T17:30:28.222+0000] {logging_mixin.py:190} INFO - [2025-09-26T17:30:28.221+0000] {dag.py:3239} INFO - Sync 1 DAGs
[2025-09-26T17:30:28.319+0000] {logging_mixin.py:190} INFO - [2025-09-26T17:30:28.318+0000] {dag.py:4180} INFO - Setting next_dagrun for mon_premier_dag to 2025-09-26 00:00:00+00:00, run_after=2025-09-27 00:00:00+00:00
[2025-09-26T17:30:28.379+0000] {processor.py:208} INFO - Processing /opt/airflow/dags/mon_premier_dag.py took 0.320 seconds
[2025-09-26T17:30:58.716+0000] {processor.py:186} INFO - Started process (PID=1447) to work on /opt/airflow/dags/mon_premier_dag.py
[2025-09-26T17:30:58.719+0000] {processor.py:914} INFO - Processing file /opt/airflow/dags/mon_premier_dag.py for tasks to queue
[2025-09-26T17:30:58.725+0000] {logging_mixin.py:190} INFO - [2025-09-26T17:30:58.724+0000] {dagbag.py:588} INFO - Filling up the DagBag from /opt/airflow/dags/mon_premier_dag.py
[2025-09-26T17:30:58.778+0000] {processor.py:925} INFO - DAG(s) 'mon_premier_dag' retrieved from /opt/airflow/dags/mon_premier_dag.py
[2025-09-26T17:30:58.827+0000] {logging_mixin.py:190} INFO - [2025-09-26T17:30:58.826+0000] {dag.py:3239} INFO - Sync 1 DAGs
[2025-09-26T17:30:58.889+0000] {logging_mixin.py:190} INFO - [2025-09-26T17:30:58.889+0000] {dag.py:4180} INFO - Setting next_dagrun for mon_premier_dag to 2025-09-26 00:00:00+00:00, run_after=2025-09-27 00:00:00+00:00
[2025-09-26T17:30:58.925+0000] {processor.py:208} INFO - Processing /opt/airflow/dags/mon_premier_dag.py took 0.222 seconds
[2025-09-26T17:31:29.724+0000] {processor.py:186} INFO - Started process (PID=1473) to work on /opt/airflow/dags/mon_premier_dag.py
[2025-09-26T17:31:29.727+0000] {processor.py:914} INFO - Processing file /opt/airflow/dags/mon_premier_dag.py for tasks to queue
[2025-09-26T17:31:29.738+0000] {logging_mixin.py:190} INFO - [2025-09-26T17:31:29.737+0000] {dagbag.py:588} INFO - Filling up the DagBag from /opt/airflow/dags/mon_premier_dag.py
[2025-09-26T17:31:29.779+0000] {processor.py:925} INFO - DAG(s) 'mon_premier_dag' retrieved from /opt/airflow/dags/mon_premier_dag.py
[2025-09-26T17:31:29.820+0000] {logging_mixin.py:190} INFO - [2025-09-26T17:31:29.819+0000] {dag.py:3239} INFO - Sync 1 DAGs
[2025-09-26T17:31:29.861+0000] {logging_mixin.py:190} INFO - [2025-09-26T17:31:29.861+0000] {dag.py:4180} INFO - Setting next_dagrun for mon_premier_dag to 2025-09-26 00:00:00+00:00, run_after=2025-09-27 00:00:00+00:00
[2025-09-26T17:31:29.896+0000] {processor.py:208} INFO - Processing /opt/airflow/dags/mon_premier_dag.py took 0.182 seconds
[2025-09-26T17:32:00.656+0000] {processor.py:186} INFO - Started process (PID=1499) to work on /opt/airflow/dags/mon_premier_dag.py
[2025-09-26T17:32:00.658+0000] {processor.py:914} INFO - Processing file /opt/airflow/dags/mon_premier_dag.py for tasks to queue
[2025-09-26T17:32:00.662+0000] {logging_mixin.py:190} INFO - [2025-09-26T17:32:00.662+0000] {dagbag.py:588} INFO - Filling up the DagBag from /opt/airflow/dags/mon_premier_dag.py
[2025-09-26T17:32:00.699+0000] {processor.py:925} INFO - DAG(s) 'mon_premier_dag' retrieved from /opt/airflow/dags/mon_premier_dag.py
[2025-09-26T17:32:00.746+0000] {logging_mixin.py:190} INFO - [2025-09-26T17:32:00.746+0000] {dag.py:3239} INFO - Sync 1 DAGs
[2025-09-26T17:32:00.807+0000] {logging_mixin.py:190} INFO - [2025-09-26T17:32:00.807+0000] {dag.py:4180} INFO - Setting next_dagrun for mon_premier_dag to 2025-09-26 00:00:00+00:00, run_after=2025-09-27 00:00:00+00:00
[2025-09-26T17:32:00.839+0000] {processor.py:208} INFO - Processing /opt/airflow/dags/mon_premier_dag.py took 0.193 seconds
[2025-09-26T17:32:31.433+0000] {processor.py:186} INFO - Started process (PID=1531) to work on /opt/airflow/dags/mon_premier_dag.py
[2025-09-26T17:32:31.435+0000] {processor.py:914} INFO - Processing file /opt/airflow/dags/mon_premier_dag.py for tasks to queue
[2025-09-26T17:32:31.439+0000] {logging_mixin.py:190} INFO - [2025-09-26T17:32:31.438+0000] {dagbag.py:588} INFO - Filling up the DagBag from /opt/airflow/dags/mon_premier_dag.py
[2025-09-26T17:32:31.470+0000] {processor.py:925} INFO - DAG(s) 'mon_premier_dag' retrieved from /opt/airflow/dags/mon_premier_dag.py
[2025-09-26T17:32:31.510+0000] {logging_mixin.py:190} INFO - [2025-09-26T17:32:31.510+0000] {dag.py:3239} INFO - Sync 1 DAGs
[2025-09-26T17:32:31.556+0000] {logging_mixin.py:190} INFO - [2025-09-26T17:32:31.555+0000] {dag.py:4180} INFO - Setting next_dagrun for mon_premier_dag to 2025-09-26 00:00:00+00:00, run_after=2025-09-27 00:00:00+00:00
[2025-09-26T17:32:31.625+0000] {processor.py:208} INFO - Processing /opt/airflow/dags/mon_premier_dag.py took 0.203 seconds
[2025-09-26T17:33:02.358+0000] {processor.py:186} INFO - Started process (PID=1557) to work on /opt/airflow/dags/mon_premier_dag.py
[2025-09-26T17:33:02.360+0000] {processor.py:914} INFO - Processing file /opt/airflow/dags/mon_premier_dag.py for tasks to queue
[2025-09-26T17:33:02.363+0000] {logging_mixin.py:190} INFO - [2025-09-26T17:33:02.363+0000] {dagbag.py:588} INFO - Filling up the DagBag from /opt/airflow/dags/mon_premier_dag.py
[2025-09-26T17:33:02.396+0000] {processor.py:925} INFO - DAG(s) 'mon_premier_dag' retrieved from /opt/airflow/dags/mon_premier_dag.py
[2025-09-26T17:33:02.437+0000] {logging_mixin.py:190} INFO - [2025-09-26T17:33:02.437+0000] {dag.py:3239} INFO - Sync 1 DAGs
[2025-09-26T17:33:02.479+0000] {logging_mixin.py:190} INFO - [2025-09-26T17:33:02.479+0000] {dag.py:4180} INFO - Setting next_dagrun for mon_premier_dag to 2025-09-26 00:00:00+00:00, run_after=2025-09-27 00:00:00+00:00
[2025-09-26T17:33:02.540+0000] {processor.py:208} INFO - Processing /opt/airflow/dags/mon_premier_dag.py took 0.192 seconds
[2025-09-26T17:33:33.279+0000] {processor.py:186} INFO - Started process (PID=1583) to work on /opt/airflow/dags/mon_premier_dag.py
[2025-09-26T17:33:33.282+0000] {processor.py:914} INFO - Processing file /opt/airflow/dags/mon_premier_dag.py for tasks to queue
[2025-09-26T17:33:33.287+0000] {logging_mixin.py:190} INFO - [2025-09-26T17:33:33.286+0000] {dagbag.py:588} INFO - Filling up the DagBag from /opt/airflow/dags/mon_premier_dag.py
[2025-09-26T17:33:33.326+0000] {processor.py:925} INFO - DAG(s) 'mon_premier_dag' retrieved from /opt/airflow/dags/mon_premier_dag.py
[2025-09-26T17:33:33.372+0000] {logging_mixin.py:190} INFO - [2025-09-26T17:33:33.372+0000] {dag.py:3239} INFO - Sync 1 DAGs
[2025-09-26T17:33:33.424+0000] {logging_mixin.py:190} INFO - [2025-09-26T17:33:33.424+0000] {dag.py:4180} INFO - Setting next_dagrun for mon_premier_dag to 2025-09-26 00:00:00+00:00, run_after=2025-09-27 00:00:00+00:00
[2025-09-26T17:33:33.473+0000] {processor.py:208} INFO - Processing /opt/airflow/dags/mon_premier_dag.py took 0.204 seconds
[2025-09-26T17:34:03.835+0000] {processor.py:186} INFO - Started process (PID=1609) to work on /opt/airflow/dags/mon_premier_dag.py
[2025-09-26T17:34:03.837+0000] {processor.py:914} INFO - Processing file /opt/airflow/dags/mon_premier_dag.py for tasks to queue
[2025-09-26T17:34:03.840+0000] {logging_mixin.py:190} INFO - [2025-09-26T17:34:03.839+0000] {dagbag.py:588} INFO - Filling up the DagBag from /opt/airflow/dags/mon_premier_dag.py
[2025-09-26T17:34:03.871+0000] {processor.py:925} INFO - DAG(s) 'mon_premier_dag' retrieved from /opt/airflow/dags/mon_premier_dag.py
[2025-09-26T17:34:03.909+0000] {logging_mixin.py:190} INFO - [2025-09-26T17:34:03.908+0000] {dag.py:3239} INFO - Sync 1 DAGs
[2025-09-26T17:34:03.951+0000] {logging_mixin.py:190} INFO - [2025-09-26T17:34:03.951+0000] {dag.py:4180} INFO - Setting next_dagrun for mon_premier_dag to 2025-09-26 00:00:00+00:00, run_after=2025-09-27 00:00:00+00:00
[2025-09-26T17:34:04.015+0000] {processor.py:208} INFO - Processing /opt/airflow/dags/mon_premier_dag.py took 0.191 seconds
[2025-09-26T17:34:34.436+0000] {processor.py:186} INFO - Started process (PID=1635) to work on /opt/airflow/dags/mon_premier_dag.py
[2025-09-26T17:34:34.438+0000] {processor.py:914} INFO - Processing file /opt/airflow/dags/mon_premier_dag.py for tasks to queue
[2025-09-26T17:34:34.441+0000] {logging_mixin.py:190} INFO - [2025-09-26T17:34:34.441+0000] {dagbag.py:588} INFO - Filling up the DagBag from /opt/airflow/dags/mon_premier_dag.py
[2025-09-26T17:34:34.474+0000] {processor.py:925} INFO - DAG(s) 'mon_premier_dag' retrieved from /opt/airflow/dags/mon_premier_dag.py
[2025-09-26T17:34:34.512+0000] {logging_mixin.py:190} INFO - [2025-09-26T17:34:34.511+0000] {dag.py:3239} INFO - Sync 1 DAGs
[2025-09-26T17:34:34.565+0000] {logging_mixin.py:190} INFO - [2025-09-26T17:34:34.565+0000] {dag.py:4180} INFO - Setting next_dagrun for mon_premier_dag to 2025-09-26 00:00:00+00:00, run_after=2025-09-27 00:00:00+00:00
[2025-09-26T17:34:34.605+0000] {processor.py:208} INFO - Processing /opt/airflow/dags/mon_premier_dag.py took 0.178 seconds
[2025-09-26T17:35:04.947+0000] {processor.py:186} INFO - Started process (PID=1662) to work on /opt/airflow/dags/mon_premier_dag.py
[2025-09-26T17:35:04.949+0000] {processor.py:914} INFO - Processing file /opt/airflow/dags/mon_premier_dag.py for tasks to queue
[2025-09-26T17:35:04.953+0000] {logging_mixin.py:190} INFO - [2025-09-26T17:35:04.953+0000] {dagbag.py:588} INFO - Filling up the DagBag from /opt/airflow/dags/mon_premier_dag.py
[2025-09-26T17:35:05.000+0000] {processor.py:925} INFO - DAG(s) 'mon_premier_dag' retrieved from /opt/airflow/dags/mon_premier_dag.py
[2025-09-26T17:35:05.054+0000] {logging_mixin.py:190} INFO - [2025-09-26T17:35:05.054+0000] {dag.py:3239} INFO - Sync 1 DAGs
[2025-09-26T17:35:05.115+0000] {logging_mixin.py:190} INFO - [2025-09-26T17:35:05.114+0000] {dag.py:4180} INFO - Setting next_dagrun for mon_premier_dag to 2025-09-26 00:00:00+00:00, run_after=2025-09-27 00:00:00+00:00
[2025-09-26T17:35:05.149+0000] {processor.py:208} INFO - Processing /opt/airflow/dags/mon_premier_dag.py took 0.215 seconds
[2025-09-26T17:35:35.788+0000] {processor.py:186} INFO - Started process (PID=1689) to work on /opt/airflow/dags/mon_premier_dag.py
[2025-09-26T17:35:35.790+0000] {processor.py:914} INFO - Processing file /opt/airflow/dags/mon_premier_dag.py for tasks to queue
[2025-09-26T17:35:35.793+0000] {logging_mixin.py:190} INFO - [2025-09-26T17:35:35.793+0000] {dagbag.py:588} INFO - Filling up the DagBag from /opt/airflow/dags/mon_premier_dag.py
[2025-09-26T17:35:35.827+0000] {processor.py:925} INFO - DAG(s) 'mon_premier_dag' retrieved from /opt/airflow/dags/mon_premier_dag.py
[2025-09-26T17:35:35.869+0000] {logging_mixin.py:190} INFO - [2025-09-26T17:35:35.868+0000] {dag.py:3239} INFO - Sync 1 DAGs
[2025-09-26T17:35:35.915+0000] {logging_mixin.py:190} INFO - [2025-09-26T17:35:35.915+0000] {dag.py:4180} INFO - Setting next_dagrun for mon_premier_dag to 2025-09-26 00:00:00+00:00, run_after=2025-09-27 00:00:00+00:00
[2025-09-26T17:35:36.131+0000] {processor.py:208} INFO - Processing /opt/airflow/dags/mon_premier_dag.py took 0.357 seconds
[2025-09-26T17:36:06.755+0000] {processor.py:186} INFO - Started process (PID=1715) to work on /opt/airflow/dags/mon_premier_dag.py
[2025-09-26T17:36:06.756+0000] {processor.py:914} INFO - Processing file /opt/airflow/dags/mon_premier_dag.py for tasks to queue
[2025-09-26T17:36:06.760+0000] {logging_mixin.py:190} INFO - [2025-09-26T17:36:06.759+0000] {dagbag.py:588} INFO - Filling up the DagBag from /opt/airflow/dags/mon_premier_dag.py
[2025-09-26T17:36:06.795+0000] {processor.py:925} INFO - DAG(s) 'mon_premier_dag' retrieved from /opt/airflow/dags/mon_premier_dag.py
[2025-09-26T17:36:06.833+0000] {logging_mixin.py:190} INFO - [2025-09-26T17:36:06.833+0000] {dag.py:3239} INFO - Sync 1 DAGs
[2025-09-26T17:36:06.877+0000] {logging_mixin.py:190} INFO - [2025-09-26T17:36:06.877+0000] {dag.py:4180} INFO - Setting next_dagrun for mon_premier_dag to 2025-09-26 00:00:00+00:00, run_after=2025-09-27 00:00:00+00:00
[2025-09-26T17:36:06.911+0000] {processor.py:208} INFO - Processing /opt/airflow/dags/mon_premier_dag.py took 0.165 seconds
[2025-09-26T17:36:37.479+0000] {processor.py:186} INFO - Started process (PID=1741) to work on /opt/airflow/dags/mon_premier_dag.py
[2025-09-26T17:36:37.481+0000] {processor.py:914} INFO - Processing file /opt/airflow/dags/mon_premier_dag.py for tasks to queue
[2025-09-26T17:36:37.488+0000] {logging_mixin.py:190} INFO - [2025-09-26T17:36:37.487+0000] {dagbag.py:588} INFO - Filling up the DagBag from /opt/airflow/dags/mon_premier_dag.py
[2025-09-26T17:36:37.532+0000] {processor.py:925} INFO - DAG(s) 'mon_premier_dag' retrieved from /opt/airflow/dags/mon_premier_dag.py
[2025-09-26T17:36:37.596+0000] {logging_mixin.py:190} INFO - [2025-09-26T17:36:37.595+0000] {dag.py:3239} INFO - Sync 1 DAGs
[2025-09-26T17:36:37.661+0000] {logging_mixin.py:190} INFO - [2025-09-26T17:36:37.661+0000] {dag.py:4180} INFO - Setting next_dagrun for mon_premier_dag to 2025-09-26 00:00:00+00:00, run_after=2025-09-27 00:00:00+00:00
[2025-09-26T17:36:37.707+0000] {processor.py:208} INFO - Processing /opt/airflow/dags/mon_premier_dag.py took 0.243 seconds
[2025-09-26T17:37:08.591+0000] {processor.py:186} INFO - Started process (PID=1767) to work on /opt/airflow/dags/mon_premier_dag.py
[2025-09-26T17:37:08.593+0000] {processor.py:914} INFO - Processing file /opt/airflow/dags/mon_premier_dag.py for tasks to queue
[2025-09-26T17:37:08.596+0000] {logging_mixin.py:190} INFO - [2025-09-26T17:37:08.596+0000] {dagbag.py:588} INFO - Filling up the DagBag from /opt/airflow/dags/mon_premier_dag.py
[2025-09-26T17:37:08.640+0000] {processor.py:925} INFO - DAG(s) 'mon_premier_dag' retrieved from /opt/airflow/dags/mon_premier_dag.py
[2025-09-26T17:37:08.723+0000] {logging_mixin.py:190} INFO - [2025-09-26T17:37:08.723+0000] {dag.py:3239} INFO - Sync 1 DAGs
[2025-09-26T17:37:08.779+0000] {logging_mixin.py:190} INFO - [2025-09-26T17:37:08.778+0000] {dag.py:4180} INFO - Setting next_dagrun for mon_premier_dag to 2025-09-26 00:00:00+00:00, run_after=2025-09-27 00:00:00+00:00
[2025-09-26T17:37:08.840+0000] {processor.py:208} INFO - Processing /opt/airflow/dags/mon_premier_dag.py took 0.267 seconds
[2025-09-26T17:37:39.668+0000] {processor.py:186} INFO - Started process (PID=1799) to work on /opt/airflow/dags/mon_premier_dag.py
[2025-09-26T17:37:39.670+0000] {processor.py:914} INFO - Processing file /opt/airflow/dags/mon_premier_dag.py for tasks to queue
[2025-09-26T17:37:39.674+0000] {logging_mixin.py:190} INFO - [2025-09-26T17:37:39.673+0000] {dagbag.py:588} INFO - Filling up the DagBag from /opt/airflow/dags/mon_premier_dag.py
[2025-09-26T17:37:39.708+0000] {processor.py:925} INFO - DAG(s) 'mon_premier_dag' retrieved from /opt/airflow/dags/mon_premier_dag.py
[2025-09-26T17:37:39.755+0000] {logging_mixin.py:190} INFO - [2025-09-26T17:37:39.755+0000] {dag.py:3239} INFO - Sync 1 DAGs
[2025-09-26T17:37:39.804+0000] {logging_mixin.py:190} INFO - [2025-09-26T17:37:39.803+0000] {dag.py:4180} INFO - Setting next_dagrun for mon_premier_dag to 2025-09-26 00:00:00+00:00, run_after=2025-09-27 00:00:00+00:00
[2025-09-26T17:37:39.836+0000] {processor.py:208} INFO - Processing /opt/airflow/dags/mon_premier_dag.py took 0.177 seconds
[2025-09-26T17:38:10.505+0000] {processor.py:186} INFO - Started process (PID=1826) to work on /opt/airflow/dags/mon_premier_dag.py
[2025-09-26T17:38:10.506+0000] {processor.py:914} INFO - Processing file /opt/airflow/dags/mon_premier_dag.py for tasks to queue
[2025-09-26T17:38:10.512+0000] {logging_mixin.py:190} INFO - [2025-09-26T17:38:10.511+0000] {dagbag.py:588} INFO - Filling up the DagBag from /opt/airflow/dags/mon_premier_dag.py
[2025-09-26T17:38:10.564+0000] {processor.py:925} INFO - DAG(s) 'mon_premier_dag' retrieved from /opt/airflow/dags/mon_premier_dag.py
[2025-09-26T17:38:10.614+0000] {logging_mixin.py:190} INFO - [2025-09-26T17:38:10.613+0000] {dag.py:3239} INFO - Sync 1 DAGs
[2025-09-26T17:38:10.670+0000] {logging_mixin.py:190} INFO - [2025-09-26T17:38:10.670+0000] {dag.py:4180} INFO - Setting next_dagrun for mon_premier_dag to 2025-09-26 00:00:00+00:00, run_after=2025-09-27 00:00:00+00:00
[2025-09-26T17:38:10.711+0000] {processor.py:208} INFO - Processing /opt/airflow/dags/mon_premier_dag.py took 0.215 seconds
[2025-09-26T17:38:40.883+0000] {processor.py:186} INFO - Started process (PID=1850) to work on /opt/airflow/dags/mon_premier_dag.py
[2025-09-26T17:38:40.886+0000] {processor.py:914} INFO - Processing file /opt/airflow/dags/mon_premier_dag.py for tasks to queue
[2025-09-26T17:38:40.894+0000] {logging_mixin.py:190} INFO - [2025-09-26T17:38:40.892+0000] {dagbag.py:588} INFO - Filling up the DagBag from /opt/airflow/dags/mon_premier_dag.py
[2025-09-26T17:38:40.983+0000] {processor.py:925} INFO - DAG(s) 'mon_premier_dag' retrieved from /opt/airflow/dags/mon_premier_dag.py
[2025-09-26T17:38:41.049+0000] {logging_mixin.py:190} INFO - [2025-09-26T17:38:41.048+0000] {dag.py:3239} INFO - Sync 1 DAGs
[2025-09-26T17:38:41.118+0000] {logging_mixin.py:190} INFO - [2025-09-26T17:38:41.118+0000] {dag.py:4180} INFO - Setting next_dagrun for mon_premier_dag to 2025-09-26 00:00:00+00:00, run_after=2025-09-27 00:00:00+00:00
[2025-09-26T17:38:41.170+0000] {processor.py:208} INFO - Processing /opt/airflow/dags/mon_premier_dag.py took 0.303 seconds
[2025-09-26T17:39:11.806+0000] {processor.py:186} INFO - Started process (PID=1876) to work on /opt/airflow/dags/mon_premier_dag.py
[2025-09-26T17:39:11.812+0000] {processor.py:914} INFO - Processing file /opt/airflow/dags/mon_premier_dag.py for tasks to queue
[2025-09-26T17:39:11.823+0000] {logging_mixin.py:190} INFO - [2025-09-26T17:39:11.822+0000] {dagbag.py:588} INFO - Filling up the DagBag from /opt/airflow/dags/mon_premier_dag.py
[2025-09-26T17:39:11.909+0000] {processor.py:925} INFO - DAG(s) 'mon_premier_dag' retrieved from /opt/airflow/dags/mon_premier_dag.py
[2025-09-26T17:39:12.149+0000] {logging_mixin.py:190} INFO - [2025-09-26T17:39:12.148+0000] {dag.py:3239} INFO - Sync 1 DAGs
[2025-09-26T17:39:12.326+0000] {logging_mixin.py:190} INFO - [2025-09-26T17:39:12.325+0000] {dag.py:4180} INFO - Setting next_dagrun for mon_premier_dag to 2025-09-26 00:00:00+00:00, run_after=2025-09-27 00:00:00+00:00
[2025-09-26T17:39:12.407+0000] {processor.py:208} INFO - Processing /opt/airflow/dags/mon_premier_dag.py took 0.635 seconds
[2025-09-26T17:39:42.893+0000] {processor.py:186} INFO - Started process (PID=1902) to work on /opt/airflow/dags/mon_premier_dag.py
[2025-09-26T17:39:42.897+0000] {processor.py:914} INFO - Processing file /opt/airflow/dags/mon_premier_dag.py for tasks to queue
[2025-09-26T17:39:42.904+0000] {logging_mixin.py:190} INFO - [2025-09-26T17:39:42.904+0000] {dagbag.py:588} INFO - Filling up the DagBag from /opt/airflow/dags/mon_premier_dag.py
[2025-09-26T17:39:42.964+0000] {processor.py:925} INFO - DAG(s) 'mon_premier_dag' retrieved from /opt/airflow/dags/mon_premier_dag.py
[2025-09-26T17:39:43.044+0000] {logging_mixin.py:190} INFO - [2025-09-26T17:39:43.044+0000] {dag.py:3239} INFO - Sync 1 DAGs
[2025-09-26T17:39:43.248+0000] {logging_mixin.py:190} INFO - [2025-09-26T17:39:43.247+0000] {dag.py:4180} INFO - Setting next_dagrun for mon_premier_dag to 2025-09-26 00:00:00+00:00, run_after=2025-09-27 00:00:00+00:00
[2025-09-26T17:39:43.307+0000] {processor.py:208} INFO - Processing /opt/airflow/dags/mon_premier_dag.py took 0.471 seconds
[2025-09-26T17:40:13.560+0000] {processor.py:186} INFO - Started process (PID=1928) to work on /opt/airflow/dags/mon_premier_dag.py
[2025-09-26T17:40:13.562+0000] {processor.py:914} INFO - Processing file /opt/airflow/dags/mon_premier_dag.py for tasks to queue
[2025-09-26T17:40:13.571+0000] {logging_mixin.py:190} INFO - [2025-09-26T17:40:13.570+0000] {dagbag.py:588} INFO - Filling up the DagBag from /opt/airflow/dags/mon_premier_dag.py
[2025-09-26T17:40:13.634+0000] {processor.py:925} INFO - DAG(s) 'mon_premier_dag' retrieved from /opt/airflow/dags/mon_premier_dag.py
[2025-09-26T17:40:13.708+0000] {logging_mixin.py:190} INFO - [2025-09-26T17:40:13.707+0000] {dag.py:3239} INFO - Sync 1 DAGs
[2025-09-26T17:40:13.790+0000] {logging_mixin.py:190} INFO - [2025-09-26T17:40:13.789+0000] {dag.py:4180} INFO - Setting next_dagrun for mon_premier_dag to 2025-09-26 00:00:00+00:00, run_after=2025-09-27 00:00:00+00:00
[2025-09-26T17:40:13.874+0000] {processor.py:208} INFO - Processing /opt/airflow/dags/mon_premier_dag.py took 0.336 seconds
[2025-09-26T17:40:44.347+0000] {processor.py:186} INFO - Started process (PID=1956) to work on /opt/airflow/dags/mon_premier_dag.py
[2025-09-26T17:40:44.348+0000] {processor.py:914} INFO - Processing file /opt/airflow/dags/mon_premier_dag.py for tasks to queue
[2025-09-26T17:40:44.354+0000] {logging_mixin.py:190} INFO - [2025-09-26T17:40:44.353+0000] {dagbag.py:588} INFO - Filling up the DagBag from /opt/airflow/dags/mon_premier_dag.py
[2025-09-26T17:40:44.389+0000] {processor.py:925} INFO - DAG(s) 'mon_premier_dag' retrieved from /opt/airflow/dags/mon_premier_dag.py
[2025-09-26T17:40:44.431+0000] {logging_mixin.py:190} INFO - [2025-09-26T17:40:44.430+0000] {dag.py:3239} INFO - Sync 1 DAGs
[2025-09-26T17:40:44.477+0000] {logging_mixin.py:190} INFO - [2025-09-26T17:40:44.476+0000] {dag.py:4180} INFO - Setting next_dagrun for mon_premier_dag to 2025-09-26 00:00:00+00:00, run_after=2025-09-27 00:00:00+00:00
[2025-09-26T17:40:44.511+0000] {processor.py:208} INFO - Processing /opt/airflow/dags/mon_premier_dag.py took 0.174 seconds
[2025-09-26T17:41:15.131+0000] {processor.py:186} INFO - Started process (PID=1982) to work on /opt/airflow/dags/mon_premier_dag.py
[2025-09-26T17:41:15.133+0000] {processor.py:914} INFO - Processing file /opt/airflow/dags/mon_premier_dag.py for tasks to queue
[2025-09-26T17:41:15.138+0000] {logging_mixin.py:190} INFO - [2025-09-26T17:41:15.137+0000] {dagbag.py:588} INFO - Filling up the DagBag from /opt/airflow/dags/mon_premier_dag.py
[2025-09-26T17:41:15.175+0000] {processor.py:925} INFO - DAG(s) 'mon_premier_dag' retrieved from /opt/airflow/dags/mon_premier_dag.py
[2025-09-26T17:41:15.217+0000] {logging_mixin.py:190} INFO - [2025-09-26T17:41:15.217+0000] {dag.py:3239} INFO - Sync 1 DAGs
[2025-09-26T17:41:15.265+0000] {logging_mixin.py:190} INFO - [2025-09-26T17:41:15.265+0000] {dag.py:4180} INFO - Setting next_dagrun for mon_premier_dag to 2025-09-26 00:00:00+00:00, run_after=2025-09-27 00:00:00+00:00
[2025-09-26T17:41:15.300+0000] {processor.py:208} INFO - Processing /opt/airflow/dags/mon_premier_dag.py took 0.178 seconds
[2025-09-26T17:41:45.803+0000] {processor.py:186} INFO - Started process (PID=2009) to work on /opt/airflow/dags/mon_premier_dag.py
[2025-09-26T17:41:45.805+0000] {processor.py:914} INFO - Processing file /opt/airflow/dags/mon_premier_dag.py for tasks to queue
[2025-09-26T17:41:45.815+0000] {logging_mixin.py:190} INFO - [2025-09-26T17:41:45.811+0000] {dagbag.py:588} INFO - Filling up the DagBag from /opt/airflow/dags/mon_premier_dag.py
[2025-09-26T17:41:45.872+0000] {processor.py:925} INFO - DAG(s) 'mon_premier_dag' retrieved from /opt/airflow/dags/mon_premier_dag.py
[2025-09-26T17:41:45.943+0000] {logging_mixin.py:190} INFO - [2025-09-26T17:41:45.942+0000] {dag.py:3239} INFO - Sync 1 DAGs
[2025-09-26T17:41:45.995+0000] {logging_mixin.py:190} INFO - [2025-09-26T17:41:45.994+0000] {dag.py:4180} INFO - Setting next_dagrun for mon_premier_dag to 2025-09-26 00:00:00+00:00, run_after=2025-09-27 00:00:00+00:00
[2025-09-26T17:41:46.046+0000] {processor.py:208} INFO - Processing /opt/airflow/dags/mon_premier_dag.py took 0.262 seconds
[2025-09-26T17:42:16.590+0000] {processor.py:186} INFO - Started process (PID=2042) to work on /opt/airflow/dags/mon_premier_dag.py
[2025-09-26T17:42:16.591+0000] {processor.py:914} INFO - Processing file /opt/airflow/dags/mon_premier_dag.py for tasks to queue
[2025-09-26T17:42:16.596+0000] {logging_mixin.py:190} INFO - [2025-09-26T17:42:16.596+0000] {dagbag.py:588} INFO - Filling up the DagBag from /opt/airflow/dags/mon_premier_dag.py
[2025-09-26T17:42:16.632+0000] {processor.py:925} INFO - DAG(s) 'mon_premier_dag' retrieved from /opt/airflow/dags/mon_premier_dag.py
[2025-09-26T17:42:16.676+0000] {logging_mixin.py:190} INFO - [2025-09-26T17:42:16.675+0000] {dag.py:3239} INFO - Sync 1 DAGs
[2025-09-26T17:42:16.719+0000] {logging_mixin.py:190} INFO - [2025-09-26T17:42:16.719+0000] {dag.py:4180} INFO - Setting next_dagrun for mon_premier_dag to 2025-09-26 00:00:00+00:00, run_after=2025-09-27 00:00:00+00:00
[2025-09-26T17:42:16.786+0000] {processor.py:208} INFO - Processing /opt/airflow/dags/mon_premier_dag.py took 0.206 seconds
[2025-09-26T17:42:47.414+0000] {processor.py:186} INFO - Started process (PID=2068) to work on /opt/airflow/dags/mon_premier_dag.py
[2025-09-26T17:42:47.417+0000] {processor.py:914} INFO - Processing file /opt/airflow/dags/mon_premier_dag.py for tasks to queue
[2025-09-26T17:42:47.423+0000] {logging_mixin.py:190} INFO - [2025-09-26T17:42:47.422+0000] {dagbag.py:588} INFO - Filling up the DagBag from /opt/airflow/dags/mon_premier_dag.py
[2025-09-26T17:42:47.471+0000] {processor.py:925} INFO - DAG(s) 'mon_premier_dag' retrieved from /opt/airflow/dags/mon_premier_dag.py
[2025-09-26T17:42:47.520+0000] {logging_mixin.py:190} INFO - [2025-09-26T17:42:47.520+0000] {dag.py:3239} INFO - Sync 1 DAGs
[2025-09-26T17:42:47.569+0000] {logging_mixin.py:190} INFO - [2025-09-26T17:42:47.568+0000] {dag.py:4180} INFO - Setting next_dagrun for mon_premier_dag to 2025-09-26 00:00:00+00:00, run_after=2025-09-27 00:00:00+00:00
[2025-09-26T17:42:47.642+0000] {processor.py:208} INFO - Processing /opt/airflow/dags/mon_premier_dag.py took 0.247 seconds
[2025-09-26T17:43:18.203+0000] {processor.py:186} INFO - Started process (PID=2094) to work on /opt/airflow/dags/mon_premier_dag.py
[2025-09-26T17:43:18.205+0000] {processor.py:914} INFO - Processing file /opt/airflow/dags/mon_premier_dag.py for tasks to queue
[2025-09-26T17:43:18.209+0000] {logging_mixin.py:190} INFO - [2025-09-26T17:43:18.208+0000] {dagbag.py:588} INFO - Filling up the DagBag from /opt/airflow/dags/mon_premier_dag.py
[2025-09-26T17:43:18.246+0000] {processor.py:925} INFO - DAG(s) 'mon_premier_dag' retrieved from /opt/airflow/dags/mon_premier_dag.py
[2025-09-26T17:43:18.289+0000] {logging_mixin.py:190} INFO - [2025-09-26T17:43:18.288+0000] {dag.py:3239} INFO - Sync 1 DAGs
[2025-09-26T17:43:18.333+0000] {logging_mixin.py:190} INFO - [2025-09-26T17:43:18.332+0000] {dag.py:4180} INFO - Setting next_dagrun for mon_premier_dag to 2025-09-26 00:00:00+00:00, run_after=2025-09-27 00:00:00+00:00
[2025-09-26T17:43:18.585+0000] {processor.py:208} INFO - Processing /opt/airflow/dags/mon_premier_dag.py took 0.392 seconds
[2025-09-26T17:43:49.369+0000] {processor.py:186} INFO - Started process (PID=2120) to work on /opt/airflow/dags/mon_premier_dag.py
[2025-09-26T17:43:49.371+0000] {processor.py:914} INFO - Processing file /opt/airflow/dags/mon_premier_dag.py for tasks to queue
[2025-09-26T17:43:49.376+0000] {logging_mixin.py:190} INFO - [2025-09-26T17:43:49.376+0000] {dagbag.py:588} INFO - Filling up the DagBag from /opt/airflow/dags/mon_premier_dag.py
[2025-09-26T17:43:49.419+0000] {processor.py:925} INFO - DAG(s) 'mon_premier_dag' retrieved from /opt/airflow/dags/mon_premier_dag.py
[2025-09-26T17:43:49.464+0000] {logging_mixin.py:190} INFO - [2025-09-26T17:43:49.463+0000] {dag.py:3239} INFO - Sync 1 DAGs
[2025-09-26T17:43:49.507+0000] {logging_mixin.py:190} INFO - [2025-09-26T17:43:49.507+0000] {dag.py:4180} INFO - Setting next_dagrun for mon_premier_dag to 2025-09-26 00:00:00+00:00, run_after=2025-09-27 00:00:00+00:00
[2025-09-26T17:43:49.552+0000] {processor.py:208} INFO - Processing /opt/airflow/dags/mon_premier_dag.py took 0.195 seconds
[2025-09-26T17:44:19.862+0000] {processor.py:186} INFO - Started process (PID=2146) to work on /opt/airflow/dags/mon_premier_dag.py
[2025-09-26T17:44:19.863+0000] {processor.py:914} INFO - Processing file /opt/airflow/dags/mon_premier_dag.py for tasks to queue
[2025-09-26T17:44:19.867+0000] {logging_mixin.py:190} INFO - [2025-09-26T17:44:19.866+0000] {dagbag.py:588} INFO - Filling up the DagBag from /opt/airflow/dags/mon_premier_dag.py
[2025-09-26T17:44:19.902+0000] {processor.py:925} INFO - DAG(s) 'mon_premier_dag' retrieved from /opt/airflow/dags/mon_premier_dag.py
[2025-09-26T17:44:19.942+0000] {logging_mixin.py:190} INFO - [2025-09-26T17:44:19.942+0000] {dag.py:3239} INFO - Sync 1 DAGs
[2025-09-26T17:44:19.985+0000] {logging_mixin.py:190} INFO - [2025-09-26T17:44:19.984+0000] {dag.py:4180} INFO - Setting next_dagrun for mon_premier_dag to 2025-09-26 00:00:00+00:00, run_after=2025-09-27 00:00:00+00:00
[2025-09-26T17:44:20.050+0000] {processor.py:208} INFO - Processing /opt/airflow/dags/mon_premier_dag.py took 0.199 seconds
[2025-09-26T17:44:50.434+0000] {processor.py:186} INFO - Started process (PID=2173) to work on /opt/airflow/dags/mon_premier_dag.py
[2025-09-26T17:44:50.436+0000] {processor.py:914} INFO - Processing file /opt/airflow/dags/mon_premier_dag.py for tasks to queue
[2025-09-26T17:44:50.441+0000] {logging_mixin.py:190} INFO - [2025-09-26T17:44:50.440+0000] {dagbag.py:588} INFO - Filling up the DagBag from /opt/airflow/dags/mon_premier_dag.py
[2025-09-26T17:44:50.483+0000] {processor.py:925} INFO - DAG(s) 'mon_premier_dag' retrieved from /opt/airflow/dags/mon_premier_dag.py
[2025-09-26T17:44:50.526+0000] {logging_mixin.py:190} INFO - [2025-09-26T17:44:50.526+0000] {dag.py:3239} INFO - Sync 1 DAGs
[2025-09-26T17:44:50.570+0000] {logging_mixin.py:190} INFO - [2025-09-26T17:44:50.570+0000] {dag.py:4180} INFO - Setting next_dagrun for mon_premier_dag to 2025-09-26 00:00:00+00:00, run_after=2025-09-27 00:00:00+00:00
[2025-09-26T17:44:50.606+0000] {processor.py:208} INFO - Processing /opt/airflow/dags/mon_premier_dag.py took 0.180 seconds
[2025-09-26T17:45:21.211+0000] {processor.py:186} INFO - Started process (PID=2200) to work on /opt/airflow/dags/mon_premier_dag.py
[2025-09-26T17:45:21.213+0000] {processor.py:914} INFO - Processing file /opt/airflow/dags/mon_premier_dag.py for tasks to queue
[2025-09-26T17:45:21.217+0000] {logging_mixin.py:190} INFO - [2025-09-26T17:45:21.216+0000] {dagbag.py:588} INFO - Filling up the DagBag from /opt/airflow/dags/mon_premier_dag.py
[2025-09-26T17:45:21.252+0000] {processor.py:925} INFO - DAG(s) 'mon_premier_dag' retrieved from /opt/airflow/dags/mon_premier_dag.py
[2025-09-26T17:45:21.292+0000] {logging_mixin.py:190} INFO - [2025-09-26T17:45:21.292+0000] {dag.py:3239} INFO - Sync 1 DAGs
[2025-09-26T17:45:21.344+0000] {logging_mixin.py:190} INFO - [2025-09-26T17:45:21.343+0000] {dag.py:4180} INFO - Setting next_dagrun for mon_premier_dag to 2025-09-26 00:00:00+00:00, run_after=2025-09-27 00:00:00+00:00
[2025-09-26T17:45:21.403+0000] {processor.py:208} INFO - Processing /opt/airflow/dags/mon_premier_dag.py took 0.202 seconds
[2025-09-26T17:45:51.866+0000] {processor.py:186} INFO - Started process (PID=2226) to work on /opt/airflow/dags/mon_premier_dag.py
[2025-09-26T17:45:51.868+0000] {processor.py:914} INFO - Processing file /opt/airflow/dags/mon_premier_dag.py for tasks to queue
[2025-09-26T17:45:51.872+0000] {logging_mixin.py:190} INFO - [2025-09-26T17:45:51.871+0000] {dagbag.py:588} INFO - Filling up the DagBag from /opt/airflow/dags/mon_premier_dag.py
[2025-09-26T17:45:51.905+0000] {processor.py:925} INFO - DAG(s) 'mon_premier_dag' retrieved from /opt/airflow/dags/mon_premier_dag.py
[2025-09-26T17:45:51.947+0000] {logging_mixin.py:190} INFO - [2025-09-26T17:45:51.946+0000] {dag.py:3239} INFO - Sync 1 DAGs
[2025-09-26T17:45:51.994+0000] {logging_mixin.py:190} INFO - [2025-09-26T17:45:51.993+0000] {dag.py:4180} INFO - Setting next_dagrun for mon_premier_dag to 2025-09-26 00:00:00+00:00, run_after=2025-09-27 00:00:00+00:00
[2025-09-26T17:45:52.060+0000] {processor.py:208} INFO - Processing /opt/airflow/dags/mon_premier_dag.py took 0.204 seconds
[2025-09-26T17:46:22.548+0000] {processor.py:186} INFO - Started process (PID=2252) to work on /opt/airflow/dags/mon_premier_dag.py
[2025-09-26T17:46:22.550+0000] {processor.py:914} INFO - Processing file /opt/airflow/dags/mon_premier_dag.py for tasks to queue
[2025-09-26T17:46:22.554+0000] {logging_mixin.py:190} INFO - [2025-09-26T17:46:22.554+0000] {dagbag.py:588} INFO - Filling up the DagBag from /opt/airflow/dags/mon_premier_dag.py
[2025-09-26T17:46:22.586+0000] {processor.py:925} INFO - DAG(s) 'mon_premier_dag' retrieved from /opt/airflow/dags/mon_premier_dag.py
[2025-09-26T17:46:22.630+0000] {logging_mixin.py:190} INFO - [2025-09-26T17:46:22.629+0000] {dag.py:3239} INFO - Sync 1 DAGs
[2025-09-26T17:46:22.676+0000] {logging_mixin.py:190} INFO - [2025-09-26T17:46:22.675+0000] {dag.py:4180} INFO - Setting next_dagrun for mon_premier_dag to 2025-09-26 00:00:00+00:00, run_after=2025-09-27 00:00:00+00:00
[2025-09-26T17:46:22.745+0000] {processor.py:208} INFO - Processing /opt/airflow/dags/mon_premier_dag.py took 0.206 seconds
[2025-09-26T17:46:53.267+0000] {processor.py:186} INFO - Started process (PID=2284) to work on /opt/airflow/dags/mon_premier_dag.py
[2025-09-26T17:46:53.270+0000] {processor.py:914} INFO - Processing file /opt/airflow/dags/mon_premier_dag.py for tasks to queue
[2025-09-26T17:46:53.275+0000] {logging_mixin.py:190} INFO - [2025-09-26T17:46:53.274+0000] {dagbag.py:588} INFO - Filling up the DagBag from /opt/airflow/dags/mon_premier_dag.py
[2025-09-26T17:46:53.310+0000] {processor.py:925} INFO - DAG(s) 'mon_premier_dag' retrieved from /opt/airflow/dags/mon_premier_dag.py
[2025-09-26T17:46:53.353+0000] {logging_mixin.py:190} INFO - [2025-09-26T17:46:53.353+0000] {dag.py:3239} INFO - Sync 1 DAGs
[2025-09-26T17:46:53.398+0000] {logging_mixin.py:190} INFO - [2025-09-26T17:46:53.398+0000] {dag.py:4180} INFO - Setting next_dagrun for mon_premier_dag to 2025-09-26 00:00:00+00:00, run_after=2025-09-27 00:00:00+00:00
[2025-09-26T17:46:53.467+0000] {processor.py:208} INFO - Processing /opt/airflow/dags/mon_premier_dag.py took 0.209 seconds
[2025-09-26T17:47:23.923+0000] {processor.py:186} INFO - Started process (PID=2310) to work on /opt/airflow/dags/mon_premier_dag.py
[2025-09-26T17:47:23.925+0000] {processor.py:914} INFO - Processing file /opt/airflow/dags/mon_premier_dag.py for tasks to queue
[2025-09-26T17:47:23.928+0000] {logging_mixin.py:190} INFO - [2025-09-26T17:47:23.927+0000] {dagbag.py:588} INFO - Filling up the DagBag from /opt/airflow/dags/mon_premier_dag.py
[2025-09-26T17:47:23.962+0000] {processor.py:925} INFO - DAG(s) 'mon_premier_dag' retrieved from /opt/airflow/dags/mon_premier_dag.py
[2025-09-26T17:47:24.003+0000] {logging_mixin.py:190} INFO - [2025-09-26T17:47:24.002+0000] {dag.py:3239} INFO - Sync 1 DAGs
[2025-09-26T17:47:24.051+0000] {logging_mixin.py:190} INFO - [2025-09-26T17:47:24.051+0000] {dag.py:4180} INFO - Setting next_dagrun for mon_premier_dag to 2025-09-26 00:00:00+00:00, run_after=2025-09-27 00:00:00+00:00
[2025-09-26T17:47:24.117+0000] {processor.py:208} INFO - Processing /opt/airflow/dags/mon_premier_dag.py took 0.205 seconds
[2025-09-26T17:47:54.647+0000] {processor.py:186} INFO - Started process (PID=2336) to work on /opt/airflow/dags/mon_premier_dag.py
[2025-09-26T17:47:54.648+0000] {processor.py:914} INFO - Processing file /opt/airflow/dags/mon_premier_dag.py for tasks to queue
[2025-09-26T17:47:54.653+0000] {logging_mixin.py:190} INFO - [2025-09-26T17:47:54.652+0000] {dagbag.py:588} INFO - Filling up the DagBag from /opt/airflow/dags/mon_premier_dag.py
[2025-09-26T17:47:54.689+0000] {processor.py:925} INFO - DAG(s) 'mon_premier_dag' retrieved from /opt/airflow/dags/mon_premier_dag.py
[2025-09-26T17:47:54.732+0000] {logging_mixin.py:190} INFO - [2025-09-26T17:47:54.732+0000] {dag.py:3239} INFO - Sync 1 DAGs
[2025-09-26T17:47:54.778+0000] {logging_mixin.py:190} INFO - [2025-09-26T17:47:54.778+0000] {dag.py:4180} INFO - Setting next_dagrun for mon_premier_dag to 2025-09-26 00:00:00+00:00, run_after=2025-09-27 00:00:00+00:00
[2025-09-26T17:47:54.837+0000] {processor.py:208} INFO - Processing /opt/airflow/dags/mon_premier_dag.py took 0.200 seconds
[2025-09-26T17:48:25.409+0000] {processor.py:186} INFO - Started process (PID=2362) to work on /opt/airflow/dags/mon_premier_dag.py
[2025-09-26T17:48:25.411+0000] {processor.py:914} INFO - Processing file /opt/airflow/dags/mon_premier_dag.py for tasks to queue
[2025-09-26T17:48:25.414+0000] {logging_mixin.py:190} INFO - [2025-09-26T17:48:25.414+0000] {dagbag.py:588} INFO - Filling up the DagBag from /opt/airflow/dags/mon_premier_dag.py
[2025-09-26T17:48:25.447+0000] {processor.py:925} INFO - DAG(s) 'mon_premier_dag' retrieved from /opt/airflow/dags/mon_premier_dag.py
[2025-09-26T17:48:25.487+0000] {logging_mixin.py:190} INFO - [2025-09-26T17:48:25.487+0000] {dag.py:3239} INFO - Sync 1 DAGs
[2025-09-26T17:48:25.533+0000] {logging_mixin.py:190} INFO - [2025-09-26T17:48:25.533+0000] {dag.py:4180} INFO - Setting next_dagrun for mon_premier_dag to 2025-09-26 00:00:00+00:00, run_after=2025-09-27 00:00:00+00:00
[2025-09-26T17:48:25.604+0000] {processor.py:208} INFO - Processing /opt/airflow/dags/mon_premier_dag.py took 0.238 seconds
[2025-09-26T17:48:55.819+0000] {processor.py:186} INFO - Started process (PID=2388) to work on /opt/airflow/dags/mon_premier_dag.py
[2025-09-26T17:48:55.821+0000] {processor.py:914} INFO - Processing file /opt/airflow/dags/mon_premier_dag.py for tasks to queue
[2025-09-26T17:48:55.827+0000] {logging_mixin.py:190} INFO - [2025-09-26T17:48:55.825+0000] {dagbag.py:588} INFO - Filling up the DagBag from /opt/airflow/dags/mon_premier_dag.py
[2025-09-26T17:48:55.862+0000] {processor.py:925} INFO - DAG(s) 'mon_premier_dag' retrieved from /opt/airflow/dags/mon_premier_dag.py
[2025-09-26T17:48:55.901+0000] {logging_mixin.py:190} INFO - [2025-09-26T17:48:55.900+0000] {dag.py:3239} INFO - Sync 1 DAGs
[2025-09-26T17:48:55.951+0000] {logging_mixin.py:190} INFO - [2025-09-26T17:48:55.951+0000] {dag.py:4180} INFO - Setting next_dagrun for mon_premier_dag to 2025-09-26 00:00:00+00:00, run_after=2025-09-27 00:00:00+00:00
[2025-09-26T17:48:55.986+0000] {processor.py:208} INFO - Processing /opt/airflow/dags/mon_premier_dag.py took 0.178 seconds
[2025-09-26T17:49:26.751+0000] {processor.py:186} INFO - Started process (PID=2414) to work on /opt/airflow/dags/mon_premier_dag.py
[2025-09-26T17:49:26.753+0000] {processor.py:914} INFO - Processing file /opt/airflow/dags/mon_premier_dag.py for tasks to queue
[2025-09-26T17:49:26.759+0000] {logging_mixin.py:190} INFO - [2025-09-26T17:49:26.758+0000] {dagbag.py:588} INFO - Filling up the DagBag from /opt/airflow/dags/mon_premier_dag.py
[2025-09-26T17:49:26.797+0000] {processor.py:925} INFO - DAG(s) 'mon_premier_dag' retrieved from /opt/airflow/dags/mon_premier_dag.py
[2025-09-26T17:49:26.842+0000] {logging_mixin.py:190} INFO - [2025-09-26T17:49:26.841+0000] {dag.py:3239} INFO - Sync 1 DAGs
[2025-09-26T17:49:26.889+0000] {logging_mixin.py:190} INFO - [2025-09-26T17:49:26.888+0000] {dag.py:4180} INFO - Setting next_dagrun for mon_premier_dag to 2025-09-26 00:00:00+00:00, run_after=2025-09-27 00:00:00+00:00
[2025-09-26T17:49:26.927+0000] {processor.py:208} INFO - Processing /opt/airflow/dags/mon_premier_dag.py took 0.187 seconds
[2025-09-26T17:49:57.479+0000] {processor.py:186} INFO - Started process (PID=2440) to work on /opt/airflow/dags/mon_premier_dag.py
[2025-09-26T17:49:57.481+0000] {processor.py:914} INFO - Processing file /opt/airflow/dags/mon_premier_dag.py for tasks to queue
[2025-09-26T17:49:57.485+0000] {logging_mixin.py:190} INFO - [2025-09-26T17:49:57.484+0000] {dagbag.py:588} INFO - Filling up the DagBag from /opt/airflow/dags/mon_premier_dag.py
[2025-09-26T17:49:57.521+0000] {processor.py:925} INFO - DAG(s) 'mon_premier_dag' retrieved from /opt/airflow/dags/mon_premier_dag.py
[2025-09-26T17:49:57.562+0000] {logging_mixin.py:190} INFO - [2025-09-26T17:49:57.561+0000] {dag.py:3239} INFO - Sync 1 DAGs
[2025-09-26T17:49:57.605+0000] {logging_mixin.py:190} INFO - [2025-09-26T17:49:57.605+0000] {dag.py:4180} INFO - Setting next_dagrun for mon_premier_dag to 2025-09-26 00:00:00+00:00, run_after=2025-09-27 00:00:00+00:00
[2025-09-26T17:49:57.641+0000] {processor.py:208} INFO - Processing /opt/airflow/dags/mon_premier_dag.py took 0.171 seconds
[2025-09-26T17:50:28.207+0000] {processor.py:186} INFO - Started process (PID=2467) to work on /opt/airflow/dags/mon_premier_dag.py
[2025-09-26T17:50:28.208+0000] {processor.py:914} INFO - Processing file /opt/airflow/dags/mon_premier_dag.py for tasks to queue
[2025-09-26T17:50:28.215+0000] {logging_mixin.py:190} INFO - [2025-09-26T17:50:28.214+0000] {dagbag.py:588} INFO - Filling up the DagBag from /opt/airflow/dags/mon_premier_dag.py
[2025-09-26T17:50:28.250+0000] {processor.py:925} INFO - DAG(s) 'mon_premier_dag' retrieved from /opt/airflow/dags/mon_premier_dag.py
[2025-09-26T17:50:28.294+0000] {logging_mixin.py:190} INFO - [2025-09-26T17:50:28.293+0000] {dag.py:3239} INFO - Sync 1 DAGs
[2025-09-26T17:50:28.339+0000] {logging_mixin.py:190} INFO - [2025-09-26T17:50:28.339+0000] {dag.py:4180} INFO - Setting next_dagrun for mon_premier_dag to 2025-09-26 00:00:00+00:00, run_after=2025-09-27 00:00:00+00:00
[2025-09-26T17:50:28.410+0000] {processor.py:208} INFO - Processing /opt/airflow/dags/mon_premier_dag.py took 0.214 seconds
[2025-09-26T17:50:58.890+0000] {processor.py:186} INFO - Started process (PID=2494) to work on /opt/airflow/dags/mon_premier_dag.py
[2025-09-26T17:50:58.893+0000] {processor.py:914} INFO - Processing file /opt/airflow/dags/mon_premier_dag.py for tasks to queue
[2025-09-26T17:50:58.897+0000] {logging_mixin.py:190} INFO - [2025-09-26T17:50:58.896+0000] {dagbag.py:588} INFO - Filling up the DagBag from /opt/airflow/dags/mon_premier_dag.py
[2025-09-26T17:50:58.933+0000] {processor.py:925} INFO - DAG(s) 'mon_premier_dag' retrieved from /opt/airflow/dags/mon_premier_dag.py
[2025-09-26T17:50:58.976+0000] {logging_mixin.py:190} INFO - [2025-09-26T17:50:58.975+0000] {dag.py:3239} INFO - Sync 1 DAGs
[2025-09-26T17:50:59.020+0000] {logging_mixin.py:190} INFO - [2025-09-26T17:50:59.019+0000] {dag.py:4180} INFO - Setting next_dagrun for mon_premier_dag to 2025-09-26 00:00:00+00:00, run_after=2025-09-27 00:00:00+00:00
[2025-09-26T17:50:59.053+0000] {processor.py:208} INFO - Processing /opt/airflow/dags/mon_premier_dag.py took 0.173 seconds
[2025-09-26T17:51:29.563+0000] {processor.py:186} INFO - Started process (PID=2526) to work on /opt/airflow/dags/mon_premier_dag.py
[2025-09-26T17:51:29.564+0000] {processor.py:914} INFO - Processing file /opt/airflow/dags/mon_premier_dag.py for tasks to queue
[2025-09-26T17:51:29.568+0000] {logging_mixin.py:190} INFO - [2025-09-26T17:51:29.567+0000] {dagbag.py:588} INFO - Filling up the DagBag from /opt/airflow/dags/mon_premier_dag.py
[2025-09-26T17:51:29.602+0000] {processor.py:925} INFO - DAG(s) 'mon_premier_dag' retrieved from /opt/airflow/dags/mon_premier_dag.py
[2025-09-26T17:51:29.645+0000] {logging_mixin.py:190} INFO - [2025-09-26T17:51:29.644+0000] {dag.py:3239} INFO - Sync 1 DAGs
[2025-09-26T17:51:29.694+0000] {logging_mixin.py:190} INFO - [2025-09-26T17:51:29.693+0000] {dag.py:4180} INFO - Setting next_dagrun for mon_premier_dag to 2025-09-26 00:00:00+00:00, run_after=2025-09-27 00:00:00+00:00
[2025-09-26T17:51:29.762+0000] {processor.py:208} INFO - Processing /opt/airflow/dags/mon_premier_dag.py took 0.209 seconds
[2025-09-26T17:52:00.204+0000] {processor.py:186} INFO - Started process (PID=2552) to work on /opt/airflow/dags/mon_premier_dag.py
[2025-09-26T17:52:00.206+0000] {processor.py:914} INFO - Processing file /opt/airflow/dags/mon_premier_dag.py for tasks to queue
[2025-09-26T17:52:00.210+0000] {logging_mixin.py:190} INFO - [2025-09-26T17:52:00.210+0000] {dagbag.py:588} INFO - Filling up the DagBag from /opt/airflow/dags/mon_premier_dag.py
[2025-09-26T17:52:00.254+0000] {processor.py:925} INFO - DAG(s) 'mon_premier_dag' retrieved from /opt/airflow/dags/mon_premier_dag.py
[2025-09-26T17:52:00.306+0000] {logging_mixin.py:190} INFO - [2025-09-26T17:52:00.305+0000] {dag.py:3239} INFO - Sync 1 DAGs
[2025-09-26T17:52:00.364+0000] {logging_mixin.py:190} INFO - [2025-09-26T17:52:00.364+0000] {dag.py:4180} INFO - Setting next_dagrun for mon_premier_dag to 2025-09-26 00:00:00+00:00, run_after=2025-09-27 00:00:00+00:00
[2025-09-26T17:52:00.534+0000] {processor.py:208} INFO - Processing /opt/airflow/dags/mon_premier_dag.py took 0.344 seconds
[2025-09-26T17:52:30.931+0000] {processor.py:186} INFO - Started process (PID=2578) to work on /opt/airflow/dags/mon_premier_dag.py
[2025-09-26T17:52:30.933+0000] {processor.py:914} INFO - Processing file /opt/airflow/dags/mon_premier_dag.py for tasks to queue
[2025-09-26T17:52:30.937+0000] {logging_mixin.py:190} INFO - [2025-09-26T17:52:30.936+0000] {dagbag.py:588} INFO - Filling up the DagBag from /opt/airflow/dags/mon_premier_dag.py
[2025-09-26T17:52:30.972+0000] {processor.py:925} INFO - DAG(s) 'mon_premier_dag' retrieved from /opt/airflow/dags/mon_premier_dag.py
[2025-09-26T17:52:31.013+0000] {logging_mixin.py:190} INFO - [2025-09-26T17:52:31.012+0000] {dag.py:3239} INFO - Sync 1 DAGs
[2025-09-26T17:52:31.059+0000] {logging_mixin.py:190} INFO - [2025-09-26T17:52:31.059+0000] {dag.py:4180} INFO - Setting next_dagrun for mon_premier_dag to 2025-09-26 00:00:00+00:00, run_after=2025-09-27 00:00:00+00:00
[2025-09-26T17:52:31.113+0000] {processor.py:208} INFO - Processing /opt/airflow/dags/mon_premier_dag.py took 0.191 seconds
[2025-09-26T17:53:01.657+0000] {processor.py:186} INFO - Started process (PID=2605) to work on /opt/airflow/dags/mon_premier_dag.py
[2025-09-26T17:53:01.658+0000] {processor.py:914} INFO - Processing file /opt/airflow/dags/mon_premier_dag.py for tasks to queue
[2025-09-26T17:53:01.662+0000] {logging_mixin.py:190} INFO - [2025-09-26T17:53:01.661+0000] {dagbag.py:588} INFO - Filling up the DagBag from /opt/airflow/dags/mon_premier_dag.py
[2025-09-26T17:53:01.696+0000] {processor.py:925} INFO - DAG(s) 'mon_premier_dag' retrieved from /opt/airflow/dags/mon_premier_dag.py
[2025-09-26T17:53:01.740+0000] {logging_mixin.py:190} INFO - [2025-09-26T17:53:01.739+0000] {dag.py:3239} INFO - Sync 1 DAGs
[2025-09-26T17:53:01.788+0000] {logging_mixin.py:190} INFO - [2025-09-26T17:53:01.788+0000] {dag.py:4180} INFO - Setting next_dagrun for mon_premier_dag to 2025-09-26 00:00:00+00:00, run_after=2025-09-27 00:00:00+00:00
[2025-09-26T17:53:01.853+0000] {processor.py:208} INFO - Processing /opt/airflow/dags/mon_premier_dag.py took 0.207 seconds
[2025-09-26T17:53:32.049+0000] {processor.py:186} INFO - Started process (PID=2631) to work on /opt/airflow/dags/mon_premier_dag.py
[2025-09-26T17:53:32.050+0000] {processor.py:914} INFO - Processing file /opt/airflow/dags/mon_premier_dag.py for tasks to queue
[2025-09-26T17:53:32.055+0000] {logging_mixin.py:190} INFO - [2025-09-26T17:53:32.055+0000] {dagbag.py:588} INFO - Filling up the DagBag from /opt/airflow/dags/mon_premier_dag.py
[2025-09-26T17:53:32.103+0000] {processor.py:925} INFO - DAG(s) 'mon_premier_dag' retrieved from /opt/airflow/dags/mon_premier_dag.py
[2025-09-26T17:53:32.158+0000] {logging_mixin.py:190} INFO - [2025-09-26T17:53:32.158+0000] {dag.py:3239} INFO - Sync 1 DAGs
[2025-09-26T17:53:32.204+0000] {logging_mixin.py:190} INFO - [2025-09-26T17:53:32.203+0000] {dag.py:4180} INFO - Setting next_dagrun for mon_premier_dag to 2025-09-26 00:00:00+00:00, run_after=2025-09-27 00:00:00+00:00
[2025-09-26T17:53:32.237+0000] {processor.py:208} INFO - Processing /opt/airflow/dags/mon_premier_dag.py took 0.199 seconds
[2025-09-26T17:54:02.765+0000] {processor.py:186} INFO - Started process (PID=2657) to work on /opt/airflow/dags/mon_premier_dag.py
[2025-09-26T17:54:02.767+0000] {processor.py:914} INFO - Processing file /opt/airflow/dags/mon_premier_dag.py for tasks to queue
[2025-09-26T17:54:02.773+0000] {logging_mixin.py:190} INFO - [2025-09-26T17:54:02.772+0000] {dagbag.py:588} INFO - Filling up the DagBag from /opt/airflow/dags/mon_premier_dag.py
[2025-09-26T17:54:02.827+0000] {processor.py:925} INFO - DAG(s) 'mon_premier_dag' retrieved from /opt/airflow/dags/mon_premier_dag.py
[2025-09-26T17:54:02.894+0000] {logging_mixin.py:190} INFO - [2025-09-26T17:54:02.893+0000] {dag.py:3239} INFO - Sync 1 DAGs
[2025-09-26T17:54:02.969+0000] {logging_mixin.py:190} INFO - [2025-09-26T17:54:02.968+0000] {dag.py:4180} INFO - Setting next_dagrun for mon_premier_dag to 2025-09-26 00:00:00+00:00, run_after=2025-09-27 00:00:00+00:00
[2025-09-26T17:54:03.056+0000] {processor.py:208} INFO - Processing /opt/airflow/dags/mon_premier_dag.py took 0.308 seconds
[2025-09-26T17:54:33.622+0000] {processor.py:186} INFO - Started process (PID=2683) to work on /opt/airflow/dags/mon_premier_dag.py
[2025-09-26T17:54:33.624+0000] {processor.py:914} INFO - Processing file /opt/airflow/dags/mon_premier_dag.py for tasks to queue
[2025-09-26T17:54:33.628+0000] {logging_mixin.py:190} INFO - [2025-09-26T17:54:33.627+0000] {dagbag.py:588} INFO - Filling up the DagBag from /opt/airflow/dags/mon_premier_dag.py
[2025-09-26T17:54:33.665+0000] {processor.py:925} INFO - DAG(s) 'mon_premier_dag' retrieved from /opt/airflow/dags/mon_premier_dag.py
[2025-09-26T17:54:33.707+0000] {logging_mixin.py:190} INFO - [2025-09-26T17:54:33.707+0000] {dag.py:3239} INFO - Sync 1 DAGs
[2025-09-26T17:54:33.754+0000] {logging_mixin.py:190} INFO - [2025-09-26T17:54:33.753+0000] {dag.py:4180} INFO - Setting next_dagrun for mon_premier_dag to 2025-09-26 00:00:00+00:00, run_after=2025-09-27 00:00:00+00:00
[2025-09-26T17:54:33.820+0000] {processor.py:208} INFO - Processing /opt/airflow/dags/mon_premier_dag.py took 0.208 seconds
[2025-09-26T17:55:04.330+0000] {processor.py:186} INFO - Started process (PID=2709) to work on /opt/airflow/dags/mon_premier_dag.py
[2025-09-26T17:55:04.332+0000] {processor.py:914} INFO - Processing file /opt/airflow/dags/mon_premier_dag.py for tasks to queue
[2025-09-26T17:55:04.337+0000] {logging_mixin.py:190} INFO - [2025-09-26T17:55:04.336+0000] {dagbag.py:588} INFO - Filling up the DagBag from /opt/airflow/dags/mon_premier_dag.py
[2025-09-26T17:55:04.375+0000] {processor.py:925} INFO - DAG(s) 'mon_premier_dag' retrieved from /opt/airflow/dags/mon_premier_dag.py
[2025-09-26T17:55:04.425+0000] {logging_mixin.py:190} INFO - [2025-09-26T17:55:04.425+0000] {dag.py:3239} INFO - Sync 1 DAGs
[2025-09-26T17:55:04.471+0000] {logging_mixin.py:190} INFO - [2025-09-26T17:55:04.470+0000] {dag.py:4180} INFO - Setting next_dagrun for mon_premier_dag to 2025-09-26 00:00:00+00:00, run_after=2025-09-27 00:00:00+00:00
[2025-09-26T17:55:04.506+0000] {processor.py:208} INFO - Processing /opt/airflow/dags/mon_premier_dag.py took 0.187 seconds
