[2025-07-16T08:26:06.454+0000] {local_task_job_runner.py:123} INFO - ::group::Pre task execution logs
[2025-07-16T08:26:06.483+0000] {taskinstance.py:2613} INFO - Dependencies all met for dep_context=non-requeueable deps ti=<TaskInstance: mon_premier_dag.task_1 scheduled__2025-07-15T00:00:00+00:00 [queued]>
[2025-07-16T08:26:06.497+0000] {taskinstance.py:2613} INFO - Dependencies all met for dep_context=requeueable deps ti=<TaskInstance: mon_premier_dag.task_1 scheduled__2025-07-15T00:00:00+00:00 [queued]>
[2025-07-16T08:26:06.498+0000] {taskinstance.py:2866} INFO - Starting attempt 1 of 2
[2025-07-16T08:26:06.519+0000] {taskinstance.py:2889} INFO - Executing <Task(BashOperator): task_1> on 2025-07-15 00:00:00+00:00
[2025-07-16T08:26:06.530+0000] {standard_task_runner.py:104} INFO - Running: ['***', 'tasks', 'run', 'mon_premier_dag', 'task_1', 'scheduled__2025-07-15T00:00:00+00:00', '--job-id', '28', '--raw', '--subdir', 'DAGS_FOLDER/mon_premier_dag.py', '--cfg-path', '/tmp/tmp6te45v3n']
[2025-07-16T08:26:06.536+0000] {standard_task_runner.py:105} INFO - Job 28: Subtask task_1
[2025-07-16T08:26:06.544+0000] {logging_mixin.py:190} WARNING - /home/***/.local/lib/python3.12/site-packages/***/task/task_runner/standard_task_runner.py:70 DeprecationWarning: This process (pid=206) is multi-threaded, use of fork() may lead to deadlocks in the child.
[2025-07-16T08:26:06.546+0000] {standard_task_runner.py:72} INFO - Started process 213 to run task
[2025-07-16T08:26:06.642+0000] {task_command.py:467} INFO - Running <TaskInstance: mon_premier_dag.task_1 scheduled__2025-07-15T00:00:00+00:00 [running]> on host 97ccc390339b
[2025-07-16T08:26:06.791+0000] {taskinstance.py:3132} INFO - Exporting env vars: AIRFLOW_CTX_DAG_OWNER='***' AIRFLOW_CTX_DAG_ID='mon_premier_dag' AIRFLOW_CTX_TASK_ID='task_1' AIRFLOW_CTX_EXECUTION_DATE='2025-07-15T00:00:00+00:00' AIRFLOW_CTX_TRY_NUMBER='1' AIRFLOW_CTX_DAG_RUN_ID='scheduled__2025-07-15T00:00:00+00:00'
[2025-07-16T08:26:06.792+0000] {taskinstance.py:731} INFO - ::endgroup::
[2025-07-16T08:26:06.815+0000] {subprocess.py:78} INFO - Tmp dir root location: /tmp
[2025-07-16T08:26:06.817+0000] {subprocess.py:88} INFO - Running command: ['/usr/bin/bash', '-c', 'echo "Hello, Airflow!"']
[2025-07-16T08:26:06.831+0000] {subprocess.py:99} INFO - Output:
[2025-07-16T08:26:06.834+0000] {subprocess.py:106} INFO - Hello, Airflow!
[2025-07-16T08:26:06.835+0000] {subprocess.py:110} INFO - Command exited with return code 0
[2025-07-16T08:26:06.873+0000] {taskinstance.py:340} INFO - ::group::Post task execution logs
[2025-07-16T08:26:06.874+0000] {taskinstance.py:352} INFO - Marking task as SUCCESS. dag_id=mon_premier_dag, task_id=task_1, run_id=scheduled__2025-07-15T00:00:00+00:00, execution_date=20250715T000000, start_date=20250716T082606, end_date=20250716T082606
[2025-07-16T08:26:06.925+0000] {local_task_job_runner.py:266} INFO - Task exited with return code 0
[2025-07-16T08:26:06.957+0000] {taskinstance.py:3895} INFO - 1 downstream tasks scheduled from follow-on schedule check
[2025-07-16T08:26:06.961+0000] {local_task_job_runner.py:245} INFO - ::endgroup::
